[2019-12-18 00:00:02] default.INFO:   -- Open Account Queue -- [] []
[2019-12-18 00:00:02] default.INFO: 0 customers found in queue..   [] []
[2019-12-18 01:00:01] default.INFO:   -- Open Account Queue -- [] []
[2019-12-18 01:00:01] default.INFO: 0 customers found in queue..   [] []
[2019-12-18 02:00:01] default.INFO:   -- Open Account Queue -- [] []
[2019-12-18 02:00:01] default.INFO: 0 customers found in queue..   [] []
[2019-12-18 03:00:02] default.INFO:   -- Open Account Queue -- [] []
[2019-12-18 03:00:02] default.INFO: 0 customers found in queue..   [] []
[2019-12-18 04:00:01] default.INFO:   -- Open Account Queue -- [] []
[2019-12-18 04:00:01] default.INFO: 0 customers found in queue..   [] []
[2019-12-18 05:00:01] default.INFO:   -- Open Account Queue -- [] []
[2019-12-18 05:00:01] default.INFO: 0 customers found in queue..   [] []
[2019-12-18 06:00:01] default.INFO:   -- Open Account Queue -- [] []
[2019-12-18 06:00:01] default.INFO: 0 customers found in queue..   [] []
[2019-12-18 07:00:02] default.INFO:   -- Open Account Queue -- [] []
[2019-12-18 07:00:02] default.INFO: 0 customers found in queue..   [] []
[2019-12-18 08:00:01] default.INFO:   -- Open Account Queue -- [] []
[2019-12-18 08:00:01] default.INFO: 0 customers found in queue..   [] []
[2019-12-18 09:00:02] default.INFO:   -- Open Account Queue -- [] []
[2019-12-18 09:00:02] default.INFO: 0 customers found in queue..   [] []
[2019-12-18 10:00:02] default.INFO:   -- Open Account Queue -- [] []
[2019-12-18 10:00:02] default.INFO: 0 customers found in queue..   [] []
[2019-12-18 11:00:02] default.INFO:   -- Open Account Queue -- [] []
[2019-12-18 11:00:02] default.INFO: 0 customers found in queue..   [] []
[2019-12-18 12:00:01] default.INFO:   -- Open Account Queue -- [] []
[2019-12-18 12:00:01] default.INFO: Skipping customer Queue #2.. Setup due for 0000-00-00 (737808 day(s) left).. [] []
[2019-12-18 12:00:01] default.INFO:    [] []
[2019-12-18 12:00:03] default.INFO: -- FATAL OpenAccount Error for Queue #2 --  [] []
[2019-12-18 12:00:03] default.INFO: Could not locate PermanentMeterData Meter Number   [] []
[2019-12-18 12:00:03] default.INFO: Line: 1522 [] []
[2019-12-18 12:00:03] default.INFO:    [] []
[2019-12-18 13:00:01] default.INFO:   -- Open Account Queue -- [] []
[2019-12-18 13:00:01] default.INFO: 0 customers found in queue..   [] []
[2019-12-18 14:00:02] default.INFO:   -- Open Account Queue -- [] []
[2019-12-18 14:00:02] default.INFO: 0 customers found in queue..   [] []
[2019-12-18 15:00:02] default.INFO:   -- Open Account Queue -- [] []
[2019-12-18 15:00:02] default.INFO: 0 customers found in queue..   [] []
[2019-12-18 16:00:02] default.INFO:   -- Open Account Queue -- [] []
[2019-12-18 16:00:02] default.INFO: 0 customers found in queue..   [] []
[2019-12-18 17:00:01] default.INFO:   -- Open Account Queue -- [] []
[2019-12-18 17:00:01] default.INFO: 0 customers found in queue..   [] []
[2019-12-18 18:00:02] default.INFO:   -- Open Account Queue -- [] []
[2019-12-18 18:00:02] default.INFO: 0 customers found in queue..   [] []
[2019-12-18 19:00:01] default.INFO:   -- Open Account Queue -- [] []
[2019-12-18 19:00:01] default.INFO: 0 customers found in queue..   [] []
[2019-12-18 20:00:02] default.INFO:   -- Open Account Queue -- [] []
[2019-12-18 20:00:02] default.INFO: 0 customers found in queue..   [] []
[2019-12-18 21:00:01] default.INFO:   -- Open Account Queue -- [] []
[2019-12-18 21:00:01] default.INFO: 0 customers found in queue..   [] []
[2019-12-18 22:00:01] default.INFO:   -- Open Account Queue -- [] []
[2019-12-18 22:00:01] default.INFO: 0 customers found in queue..   [] []
[2019-12-18 23:00:01] default.INFO:   -- Open Account Queue -- [] []
[2019-12-18 23:00:01] default.INFO: 0 customers found in queue..   [] []
