[2020-05-31 00:00:04] Processing Check Schemes.INFO: Running scheme status checker [2020-05-31 00:00:04]  [] []
[2020-05-31 00:00:05] Processing Check Schemes.INFO: Current Status: Online [] []
[2020-05-31 00:00:11] Processing Check Schemes.INFO: Current Status: Online [] []
[2020-05-31 00:00:18] Processing Check Schemes.INFO: Current Status: Online [] []
[2020-05-31 00:00:23] Processing Check Schemes.INFO: Current Status: Online [] []
[2020-05-31 00:00:30] Processing Check Schemes.INFO: Current Status: Online [] []
[2020-05-31 00:00:35] Processing Check Schemes.INFO: Current Status: Online [] []
[2020-05-31 00:00:40] Processing Check Schemes.INFO: Current Status: Online [] []
[2020-05-31 00:00:45] Processing Check Schemes.INFO: Current Status: Online [] []
[2020-05-31 00:00:49] Processing Check Schemes.INFO: Non-reading hours: 7 [] []
[2020-05-31 00:00:49] Processing Check Schemes.INFO: Rebooted recently..will try again later. (2398) [] []
[2020-05-31 00:00:50] Processing Check Schemes.INFO: Current Status: Online [] []
[2020-05-31 00:00:55] Processing Check Schemes.INFO: Current Status: Online [] []
[2020-05-31 00:00:58] Processing Check Schemes.INFO: Current Status: Online [] []
[2020-05-31 00:01:02] Processing Check Schemes.INFO: Current Status: Online [] []
[2020-05-31 00:01:07] Processing Check Schemes.INFO: Current Status: Online [] []
[2020-05-31 00:01:11] Processing Check Schemes.INFO: Current Status: Online [] []
[2020-05-31 00:01:17] Processing Check Schemes.INFO: Current Status: Online [] []
[2020-05-31 00:01:21] Processing Check Schemes.INFO: ----------------------------------------- [] []
[2020-05-31 00:01:21] Processing Check Schemes.INFO:    [] []
[2020-05-31 00:20:04] Processing Check Schemes.INFO: Running scheme status checker [2020-05-31 00:20:04]  [] []
[2020-05-31 00:20:06] Processing Check Schemes.INFO: Current Status: Online [] []
[2020-05-31 00:20:25] Processing Check Schemes.INFO: Current Status: Online [] []
[2020-05-31 00:20:42] Processing Check Schemes.INFO: Current Status: Online [] []
[2020-05-31 00:21:00] Processing Check Schemes.INFO: Current Status: Online [] []
[2020-05-31 00:21:18] Processing Check Schemes.INFO: Current Status: Online [] []
[2020-05-31 00:21:35] Processing Check Schemes.INFO: Current Status: Online [] []
[2020-05-31 00:21:52] Processing Check Schemes.INFO: Current Status: Online [] []
[2020-05-31 00:22:09] Processing Check Schemes.INFO: Current Status: Online [] []
[2020-05-31 00:22:24] Processing Check Schemes.INFO: Non-reading hours: 8 [] []
[2020-05-31 00:22:26] Processing Check Schemes.INFO: Reboot #1 successful! [] []
[2020-05-31 00:22:34] Processing Check Schemes.INFO: Current Status: Offline :( [] []
[2020-05-31 00:22:48] Processing Check Schemes.INFO: Offline times consecutively: 0 [] []
[2020-05-31 00:22:50] Processing Check Schemes.INFO: Reboot #1 successful! [] []
[2020-05-31 00:22:51] Processing Check Schemes.INFO: Current Status: Online [] []
[2020-05-31 00:23:08] Processing Check Schemes.INFO: Current Status: Online [] []
[2020-05-31 00:23:24] Processing Check Schemes.INFO: Current Status: Online [] []
[2020-05-31 00:23:40] Processing Check Schemes.INFO: Current Status: Online [] []
[2020-05-31 00:23:57] Processing Check Schemes.INFO: Current Status: Online [] []
[2020-05-31 00:24:45] Processing Check Schemes.INFO: Current Status: Online [] []
[2020-05-31 00:24:59] Processing Check Schemes.INFO: ----------------------------------------- [] []
[2020-05-31 00:24:59] Processing Check Schemes.INFO:    [] []
[2020-05-31 00:40:05] Processing Check Schemes.INFO: Running scheme status checker [2020-05-31 00:40:05]  [] []
[2020-05-31 00:40:12] Processing Check Schemes.INFO: Current Status: Offline :( [] []
[2020-05-31 00:40:18] Processing Check Schemes.INFO: Offline times consecutively: 1 [] []
[2020-05-31 00:40:18] Processing Check Schemes.INFO: Rebooted recently..will try again later. (1048) [] []
[2020-05-31 00:40:19] Processing Check Schemes.INFO: Current Status: Online [] []
[2020-05-31 00:40:23] Processing Check Schemes.INFO: Current Status: Online [] []
[2020-05-31 00:40:26] Processing Check Schemes.INFO: Current Status: Online [] []
[2020-05-31 00:40:30] Processing Check Schemes.INFO: Current Status: Online [] []
[2020-05-31 00:40:34] Processing Check Schemes.INFO: Current Status: Online [] []
[2020-05-31 00:40:38] Processing Check Schemes.INFO: Current Status: Online [] []
[2020-05-31 00:40:42] Processing Check Schemes.INFO: Current Status: Online [] []
[2020-05-31 00:40:45] Processing Check Schemes.INFO: Current Status: Online [] []
[2020-05-31 00:40:49] Processing Check Schemes.INFO: Current Status: Online [] []
[2020-05-31 00:40:53] Processing Check Schemes.INFO: Current Status: Online [] []
[2020-05-31 00:40:56] Processing Check Schemes.INFO: Current Status: Online [] []
[2020-05-31 00:40:59] Processing Check Schemes.INFO: Current Status: Online [] []
[2020-05-31 00:41:02] Processing Check Schemes.INFO: Current Status: Online [] []
[2020-05-31 00:41:15] Processing Check Schemes.INFO: Current Status: Online [] []
[2020-05-31 00:41:24] Processing Check Schemes.INFO: ----------------------------------------- [] []
[2020-05-31 00:41:24] Processing Check Schemes.INFO:    [] []
[2020-05-31 01:00:04] Processing Check Schemes.INFO: Running scheme status checker [2020-05-31 01:00:04]  [] []
[2020-05-31 01:00:12] Processing Check Schemes.INFO: Current Status: Offline :( [] []
[2020-05-31 01:00:15] Processing Check Schemes.INFO: Offline times consecutively: 2 [] []
[2020-05-31 01:00:15] Processing Check Schemes.INFO: Rebooted recently..will try again later. (2245) [] []
[2020-05-31 01:00:16] Processing Check Schemes.INFO: Current Status: Online [] []
[2020-05-31 01:00:21] Processing Check Schemes.INFO: Current Status: Online [] []
[2020-05-31 01:00:24] Processing Check Schemes.INFO: Current Status: Online [] []
[2020-05-31 01:00:27] Processing Check Schemes.INFO: Current Status: Online [] []
[2020-05-31 01:00:31] Processing Check Schemes.INFO: Current Status: Online [] []
[2020-05-31 01:00:35] Processing Check Schemes.INFO: Current Status: Online [] []
[2020-05-31 01:00:38] Processing Check Schemes.INFO: Current Status: Online [] []
[2020-05-31 01:00:41] Processing Check Schemes.INFO: Current Status: Online [] []
[2020-05-31 01:00:44] Processing Check Schemes.INFO: Current Status: Online [] []
[2020-05-31 01:00:51] Processing Check Schemes.INFO: Current Status: Online [] []
[2020-05-31 01:00:54] Processing Check Schemes.INFO: Current Status: Online [] []
[2020-05-31 01:00:56] Processing Check Schemes.INFO: Current Status: Online [] []
[2020-05-31 01:01:01] Processing Check Schemes.INFO: Current Status: Online [] []
[2020-05-31 01:01:11] Processing Check Schemes.INFO: Current Status: Online [] []
[2020-05-31 01:01:20] Processing Check Schemes.INFO: ----------------------------------------- [] []
[2020-05-31 01:01:20] Processing Check Schemes.INFO:    [] []
[2020-05-31 01:20:05] Processing Check Schemes.INFO: Running scheme status checker [2020-05-31 01:20:05]  [] []
[2020-05-31 01:20:19] Processing Check Schemes.INFO: Current Status: Offline :( [] []
[2020-05-31 01:20:21] Processing Check Schemes.INFO: Offline times consecutively: 3 [] []
[2020-05-31 01:20:22] Processing Check Schemes.INFO: Reboot #2 successful! [] []
[2020-05-31 01:20:26] Processing Check Schemes.INFO: Current Status: Online [] []
[2020-05-31 01:20:32] Processing Check Schemes.INFO: Current Status: Online [] []
[2020-05-31 01:20:36] Processing Check Schemes.INFO: Current Status: Online [] []
[2020-05-31 01:20:43] Processing Check Schemes.INFO: Current Status: Online [] []
[2020-05-31 01:20:56] Processing Check Schemes.INFO: Current Status: Online [] []
[2020-05-31 01:21:00] Processing Check Schemes.INFO: Current Status: Online [] []
[2020-05-31 01:21:05] Processing Check Schemes.INFO: Current Status: Online [] []
[2020-05-31 01:21:11] Processing Check Schemes.INFO: Current Status: Online [] []
[2020-05-31 01:21:16] Processing Check Schemes.INFO: Current Status: Online [] []
[2020-05-31 01:21:20] Processing Check Schemes.INFO: Current Status: Online [] []
[2020-05-31 01:21:22] Processing Check Schemes.INFO: Current Status: Online [] []
[2020-05-31 01:21:26] Processing Check Schemes.INFO: Current Status: Online [] []
[2020-05-31 01:21:30] Processing Check Schemes.INFO: Current Status: Online [] []
[2020-05-31 01:21:41] Processing Check Schemes.INFO: Current Status: Online [] []
[2020-05-31 01:21:49] Processing Check Schemes.INFO: ----------------------------------------- [] []
[2020-05-31 01:21:49] Processing Check Schemes.INFO:    [] []
[2020-05-31 01:40:04] Processing Check Schemes.INFO: Running scheme status checker [2020-05-31 01:40:04]  [] []
[2020-05-31 01:40:06] Processing Check Schemes.INFO: Current Status: Online [] []
[2020-05-31 01:40:12] Processing Check Schemes.INFO: Current Status: Online [] []
[2020-05-31 01:40:17] Processing Check Schemes.INFO: Current Status: Online [] []
[2020-05-31 01:40:22] Processing Check Schemes.INFO: Current Status: Online [] []
[2020-05-31 01:40:28] Processing Check Schemes.INFO: Current Status: Online [] []
[2020-05-31 01:40:32] Processing Check Schemes.INFO: Current Status: Online [] []
[2020-05-31 01:40:37] Processing Check Schemes.INFO: Current Status: Online [] []
[2020-05-31 01:40:41] Processing Check Schemes.INFO: Current Status: Online [] []
[2020-05-31 01:40:45] Processing Check Schemes.INFO: Current Status: Online [] []
[2020-05-31 01:40:49] Processing Check Schemes.INFO: Current Status: Online [] []
[2020-05-31 01:40:54] Processing Check Schemes.INFO: Current Status: Online [] []
[2020-05-31 01:40:56] Processing Check Schemes.INFO: Current Status: Online [] []
[2020-05-31 01:41:01] Processing Check Schemes.INFO: Current Status: Online [] []
[2020-05-31 01:41:06] Processing Check Schemes.INFO: Current Status: Online [] []
[2020-05-31 01:41:15] Processing Check Schemes.INFO: Current Status: Online [] []
[2020-05-31 01:41:18] Processing Check Schemes.INFO: ----------------------------------------- [] []
[2020-05-31 01:41:18] Processing Check Schemes.INFO:    [] []
[2020-05-31 02:00:05] Processing Check Schemes.INFO: Running scheme status checker [2020-05-31 02:00:05]  [] []
[2020-05-31 02:00:07] Processing Check Schemes.INFO: Current Status: Online [] []
[2020-05-31 02:00:12] Processing Check Schemes.INFO: Current Status: Online [] []
[2020-05-31 02:00:15] Processing Check Schemes.INFO: Current Status: Online [] []
[2020-05-31 02:00:19] Processing Check Schemes.INFO: Current Status: Online [] []
[2020-05-31 02:00:24] Processing Check Schemes.INFO: Current Status: Online [] []
[2020-05-31 02:00:28] Processing Check Schemes.INFO: Current Status: Online [] []
[2020-05-31 02:00:33] Processing Check Schemes.INFO: Current Status: Online [] []
[2020-05-31 02:00:37] Processing Check Schemes.INFO: Current Status: Online [] []
[2020-05-31 02:00:41] Processing Check Schemes.INFO: Current Status: Online [] []
[2020-05-31 02:00:45] Processing Check Schemes.INFO: Current Status: Online [] []
[2020-05-31 02:00:49] Processing Check Schemes.INFO: Current Status: Online [] []
[2020-05-31 02:00:52] Processing Check Schemes.INFO: Current Status: Online [] []
[2020-05-31 02:00:57] Processing Check Schemes.INFO: Current Status: Online [] []
[2020-05-31 02:01:01] Processing Check Schemes.INFO: Current Status: Online [] []
[2020-05-31 02:01:05] Processing Check Schemes.INFO: Current Status: Online [] []
[2020-05-31 02:01:07] Processing Check Schemes.INFO: ----------------------------------------- [] []
[2020-05-31 02:01:07] Processing Check Schemes.INFO:    [] []
[2020-05-31 02:20:04] Processing Check Schemes.INFO: Running scheme status checker [2020-05-31 02:20:04]  [] []
[2020-05-31 02:20:05] Processing Check Schemes.INFO: Current Status: Online [] []
[2020-05-31 02:20:10] Processing Check Schemes.INFO: Current Status: Online [] []
[2020-05-31 02:20:14] Processing Check Schemes.INFO: Current Status: Online [] []
[2020-05-31 02:20:19] Processing Check Schemes.INFO: Current Status: Online [] []
[2020-05-31 02:20:25] Processing Check Schemes.INFO: Current Status: Online [] []
[2020-05-31 02:20:30] Processing Check Schemes.INFO: Current Status: Online [] []
[2020-05-31 02:20:34] Processing Check Schemes.INFO: Current Status: Online [] []
[2020-05-31 02:20:37] Processing Check Schemes.INFO: Current Status: Online [] []
[2020-05-31 02:20:40] Processing Check Schemes.INFO: Current Status: Online [] []
[2020-05-31 02:20:44] Processing Check Schemes.INFO: Current Status: Online [] []
[2020-05-31 02:20:48] Processing Check Schemes.INFO: Current Status: Online [] []
[2020-05-31 02:20:50] Processing Check Schemes.INFO: Current Status: Online [] []
[2020-05-31 02:20:53] Processing Check Schemes.INFO: Current Status: Online [] []
[2020-05-31 02:20:58] Processing Check Schemes.INFO: Current Status: Online [] []
[2020-05-31 02:21:07] Processing Check Schemes.INFO: Current Status: Online [] []
[2020-05-31 02:21:09] Processing Check Schemes.INFO: ----------------------------------------- [] []
[2020-05-31 02:21:09] Processing Check Schemes.INFO:    [] []
[2020-05-31 02:40:04] Processing Check Schemes.INFO: Running scheme status checker [2020-05-31 02:40:04]  [] []
[2020-05-31 02:40:05] Processing Check Schemes.INFO: Current Status: Online [] []
[2020-05-31 02:40:10] Processing Check Schemes.INFO: Current Status: Online [] []
[2020-05-31 02:40:14] Processing Check Schemes.INFO: Current Status: Online [] []
[2020-05-31 02:40:18] Processing Check Schemes.INFO: Current Status: Online [] []
[2020-05-31 02:40:22] Processing Check Schemes.INFO: Current Status: Online [] []
[2020-05-31 02:40:27] Processing Check Schemes.INFO: Current Status: Online [] []
[2020-05-31 02:40:31] Processing Check Schemes.INFO: Current Status: Online [] []
[2020-05-31 02:40:34] Processing Check Schemes.INFO: Current Status: Online [] []
[2020-05-31 02:40:37] Processing Check Schemes.INFO: Current Status: Online [] []
[2020-05-31 02:40:40] Processing Check Schemes.INFO: Current Status: Online [] []
[2020-05-31 02:40:44] Processing Check Schemes.INFO: Current Status: Online [] []
[2020-05-31 02:40:46] Processing Check Schemes.INFO: Current Status: Online [] []
[2020-05-31 02:40:50] Processing Check Schemes.INFO: Current Status: Online [] []
[2020-05-31 02:40:53] Processing Check Schemes.INFO: Current Status: Online [] []
[2020-05-31 02:40:58] Processing Check Schemes.INFO: Current Status: Online [] []
[2020-05-31 02:41:01] Processing Check Schemes.INFO: ----------------------------------------- [] []
[2020-05-31 02:41:01] Processing Check Schemes.INFO:    [] []
[2020-05-31 03:00:05] Processing Check Schemes.INFO: Running scheme status checker [2020-05-31 03:00:05]  [] []
[2020-05-31 03:00:07] Processing Check Schemes.INFO: Current Status: Online [] []
[2020-05-31 03:00:11] Processing Check Schemes.INFO: Current Status: Online [] []
[2020-05-31 03:00:15] Processing Check Schemes.INFO: Current Status: Online [] []
[2020-05-31 03:00:19] Processing Check Schemes.INFO: Current Status: Online [] []
[2020-05-31 03:00:23] Processing Check Schemes.INFO: Current Status: Online [] []
[2020-05-31 03:00:27] Processing Check Schemes.INFO: Current Status: Online [] []
[2020-05-31 03:00:31] Processing Check Schemes.INFO: Current Status: Online [] []
[2020-05-31 03:00:35] Processing Check Schemes.INFO: Current Status: Online [] []
[2020-05-31 03:00:39] Processing Check Schemes.INFO: Current Status: Online [] []
[2020-05-31 03:00:42] Processing Check Schemes.INFO: Current Status: Online [] []
[2020-05-31 03:00:45] Processing Check Schemes.INFO: Current Status: Online [] []
[2020-05-31 03:00:48] Processing Check Schemes.INFO: Current Status: Online [] []
[2020-05-31 03:00:50] Processing Check Schemes.INFO: Current Status: Online [] []
[2020-05-31 03:00:53] Processing Check Schemes.INFO: Current Status: Online [] []
[2020-05-31 03:00:58] Processing Check Schemes.INFO: Current Status: Online [] []
[2020-05-31 03:01:02] Processing Check Schemes.INFO: ----------------------------------------- [] []
[2020-05-31 03:01:02] Processing Check Schemes.INFO:    [] []
[2020-05-31 03:20:05] Processing Check Schemes.INFO: Running scheme status checker [2020-05-31 03:20:05]  [] []
[2020-05-31 03:20:07] Processing Check Schemes.INFO: Current Status: Online [] []
[2020-05-31 03:20:12] Processing Check Schemes.INFO: Current Status: Online [] []
[2020-05-31 03:20:16] Processing Check Schemes.INFO: Current Status: Online [] []
[2020-05-31 03:20:20] Processing Check Schemes.INFO: Current Status: Online [] []
[2020-05-31 03:20:25] Processing Check Schemes.INFO: Current Status: Online [] []
[2020-05-31 03:20:30] Processing Check Schemes.INFO: Current Status: Online [] []
[2020-05-31 03:20:34] Processing Check Schemes.INFO: Current Status: Online [] []
[2020-05-31 03:20:37] Processing Check Schemes.INFO: Current Status: Online [] []
[2020-05-31 03:20:40] Processing Check Schemes.INFO: Current Status: Online [] []
[2020-05-31 03:20:44] Processing Check Schemes.INFO: Current Status: Online [] []
[2020-05-31 03:20:47] Processing Check Schemes.INFO: Current Status: Online [] []
[2020-05-31 03:20:49] Processing Check Schemes.INFO: Current Status: Online [] []
[2020-05-31 03:20:53] Processing Check Schemes.INFO: Current Status: Online [] []
[2020-05-31 03:20:56] Processing Check Schemes.INFO: Current Status: Online [] []
[2020-05-31 03:21:06] Processing Check Schemes.INFO: Current Status: Online [] []
[2020-05-31 03:21:08] Processing Check Schemes.INFO: ----------------------------------------- [] []
[2020-05-31 03:21:08] Processing Check Schemes.INFO:    [] []
[2020-05-31 03:40:05] Processing Check Schemes.INFO: Running scheme status checker [2020-05-31 03:40:05]  [] []
[2020-05-31 03:40:08] Processing Check Schemes.INFO: Current Status: Online [] []
[2020-05-31 03:40:12] Processing Check Schemes.INFO: Current Status: Online [] []
[2020-05-31 03:40:18] Processing Check Schemes.INFO: Current Status: Online [] []
[2020-05-31 03:40:23] Processing Check Schemes.INFO: Current Status: Online [] []
[2020-05-31 03:40:29] Processing Check Schemes.INFO: Current Status: Online [] []
[2020-05-31 03:40:34] Processing Check Schemes.INFO: Current Status: Online [] []
[2020-05-31 03:40:38] Processing Check Schemes.INFO: Current Status: Online [] []
[2020-05-31 03:40:43] Processing Check Schemes.INFO: Current Status: Online [] []
[2020-05-31 03:40:47] Processing Check Schemes.INFO: Current Status: Online [] []
[2020-05-31 03:40:51] Processing Check Schemes.INFO: Current Status: Online [] []
[2020-05-31 03:40:55] Processing Check Schemes.INFO: Current Status: Online [] []
[2020-05-31 03:40:58] Processing Check Schemes.INFO: Current Status: Online [] []
[2020-05-31 03:41:02] Processing Check Schemes.INFO: Current Status: Online [] []
[2020-05-31 03:41:05] Processing Check Schemes.INFO: Current Status: Online [] []
[2020-05-31 03:41:10] Processing Check Schemes.INFO: Current Status: Online [] []
[2020-05-31 03:41:11] Processing Check Schemes.INFO: ----------------------------------------- [] []
[2020-05-31 03:41:11] Processing Check Schemes.INFO:    [] []
[2020-05-31 04:00:04] Processing Check Schemes.INFO: Running scheme status checker [2020-05-31 04:00:04]  [] []
[2020-05-31 04:00:06] Processing Check Schemes.INFO: Current Status: Online [] []
[2020-05-31 04:00:10] Processing Check Schemes.INFO: Current Status: Online [] []
[2020-05-31 04:00:15] Processing Check Schemes.INFO: Current Status: Online [] []
[2020-05-31 04:00:19] Processing Check Schemes.INFO: Current Status: Online [] []
[2020-05-31 04:00:23] Processing Check Schemes.INFO: Current Status: Online [] []
[2020-05-31 04:00:26] Processing Check Schemes.INFO: Current Status: Online [] []
[2020-05-31 04:00:30] Processing Check Schemes.INFO: Current Status: Online [] []
[2020-05-31 04:00:33] Processing Check Schemes.INFO: Current Status: Online [] []
[2020-05-31 04:00:37] Processing Check Schemes.INFO: Current Status: Online [] []
[2020-05-31 04:00:41] Processing Check Schemes.INFO: Current Status: Online [] []
[2020-05-31 04:00:44] Processing Check Schemes.INFO: Current Status: Online [] []
[2020-05-31 04:00:47] Processing Check Schemes.INFO: Current Status: Online [] []
[2020-05-31 04:00:51] Processing Check Schemes.INFO: Current Status: Online [] []
[2020-05-31 04:00:54] Processing Check Schemes.INFO: Current Status: Online [] []
[2020-05-31 04:01:05] Processing Check Schemes.INFO: Current Status: Online [] []
[2020-05-31 04:01:12] Processing Check Schemes.INFO: ----------------------------------------- [] []
[2020-05-31 04:01:12] Processing Check Schemes.INFO:    [] []
[2020-05-31 04:20:05] Processing Check Schemes.INFO: Running scheme status checker [2020-05-31 04:20:05]  [] []
[2020-05-31 04:20:06] Processing Check Schemes.INFO: Current Status: Online [] []
[2020-05-31 04:20:11] Processing Check Schemes.INFO: Current Status: Online [] []
[2020-05-31 04:20:16] Processing Check Schemes.INFO: Current Status: Online [] []
[2020-05-31 04:20:20] Processing Check Schemes.INFO: Current Status: Online [] []
[2020-05-31 04:20:24] Processing Check Schemes.INFO: Current Status: Online [] []
[2020-05-31 04:20:28] Processing Check Schemes.INFO: Current Status: Online [] []
[2020-05-31 04:20:32] Processing Check Schemes.INFO: Current Status: Online [] []
[2020-05-31 04:20:35] Processing Check Schemes.INFO: Current Status: Online [] []
[2020-05-31 04:20:38] Processing Check Schemes.INFO: Current Status: Online [] []
[2020-05-31 04:20:42] Processing Check Schemes.INFO: Current Status: Online [] []
[2020-05-31 04:20:46] Processing Check Schemes.INFO: Current Status: Online [] []
[2020-05-31 04:20:49] Processing Check Schemes.INFO: Current Status: Online [] []
[2020-05-31 04:20:53] Processing Check Schemes.INFO: Current Status: Online [] []
[2020-05-31 04:20:57] Processing Check Schemes.INFO: Current Status: Online [] []
[2020-05-31 04:21:07] Processing Check Schemes.INFO: Current Status: Online [] []
[2020-05-31 04:21:15] Processing Check Schemes.INFO: ----------------------------------------- [] []
[2020-05-31 04:21:15] Processing Check Schemes.INFO:    [] []
[2020-05-31 04:40:04] Processing Check Schemes.INFO: Running scheme status checker [2020-05-31 04:40:04]  [] []
[2020-05-31 04:40:05] Processing Check Schemes.INFO: Current Status: Online [] []
[2020-05-31 04:40:10] Processing Check Schemes.INFO: Current Status: Online [] []
[2020-05-31 04:40:15] Processing Check Schemes.INFO: Current Status: Online [] []
[2020-05-31 04:40:17] Processing Check Schemes.INFO: Current Status: Online [] []
[2020-05-31 04:40:21] Processing Check Schemes.INFO: Current Status: Online [] []
[2020-05-31 04:40:27] Processing Check Schemes.INFO: Current Status: Online [] []
[2020-05-31 04:40:30] Processing Check Schemes.INFO: Current Status: Online [] []
[2020-05-31 04:40:35] Processing Check Schemes.INFO: Current Status: Online [] []
[2020-05-31 04:40:38] Processing Check Schemes.INFO: Current Status: Online [] []
[2020-05-31 04:40:43] Processing Check Schemes.INFO: Current Status: Online [] []
[2020-05-31 04:40:47] Processing Check Schemes.INFO: Current Status: Online [] []
[2020-05-31 04:40:51] Processing Check Schemes.INFO: Current Status: Online [] []
[2020-05-31 04:40:55] Processing Check Schemes.INFO: Current Status: Online [] []
[2020-05-31 04:40:59] Processing Check Schemes.INFO: Current Status: Online [] []
[2020-05-31 04:41:09] Processing Check Schemes.INFO: Current Status: Online [] []
[2020-05-31 04:41:18] Processing Check Schemes.INFO: ----------------------------------------- [] []
[2020-05-31 04:41:18] Processing Check Schemes.INFO:    [] []
[2020-05-31 05:00:05] Processing Check Schemes.INFO: Running scheme status checker [2020-05-31 05:00:05]  [] []
[2020-05-31 05:00:07] Processing Check Schemes.INFO: Current Status: Online [] []
[2020-05-31 05:00:12] Processing Check Schemes.INFO: Current Status: Online [] []
[2020-05-31 05:00:16] Processing Check Schemes.INFO: Current Status: Online [] []
[2020-05-31 05:00:21] Processing Check Schemes.INFO: Current Status: Online [] []
[2020-05-31 05:00:24] Processing Check Schemes.INFO: Current Status: Online [] []
[2020-05-31 05:00:29] Processing Check Schemes.INFO: Current Status: Online [] []
[2020-05-31 05:00:32] Processing Check Schemes.INFO: Current Status: Online [] []
[2020-05-31 05:00:35] Processing Check Schemes.INFO: Current Status: Online [] []
[2020-05-31 05:00:42] Processing Check Schemes.INFO: Current Status: Online [] []
[2020-05-31 05:00:47] Processing Check Schemes.INFO: Current Status: Online [] []
[2020-05-31 05:00:52] Processing Check Schemes.INFO: Current Status: Online [] []
[2020-05-31 05:00:54] Processing Check Schemes.INFO: Current Status: Online [] []
[2020-05-31 05:00:56] Processing Check Schemes.INFO: Current Status: Online [] []
[2020-05-31 05:00:59] Processing Check Schemes.INFO: Current Status: Online [] []
[2020-05-31 05:01:08] Processing Check Schemes.INFO: Current Status: Online [] []
[2020-05-31 05:01:11] Processing Check Schemes.INFO: ----------------------------------------- [] []
[2020-05-31 05:01:11] Processing Check Schemes.INFO:    [] []
[2020-05-31 05:20:04] Processing Check Schemes.INFO: Running scheme status checker [2020-05-31 05:20:04]  [] []
[2020-05-31 05:20:05] Processing Check Schemes.INFO: Current Status: Online [] []
[2020-05-31 05:20:10] Processing Check Schemes.INFO: Current Status: Online [] []
[2020-05-31 05:20:13] Processing Check Schemes.INFO: Current Status: Online [] []
[2020-05-31 05:20:17] Processing Check Schemes.INFO: Current Status: Online [] []
[2020-05-31 05:20:21] Processing Check Schemes.INFO: Current Status: Online [] []
[2020-05-31 05:20:25] Processing Check Schemes.INFO: Current Status: Online [] []
[2020-05-31 05:20:29] Processing Check Schemes.INFO: Current Status: Online [] []
[2020-05-31 05:20:33] Processing Check Schemes.INFO: Current Status: Online [] []
[2020-05-31 05:20:37] Processing Check Schemes.INFO: Current Status: Online [] []
[2020-05-31 05:20:41] Processing Check Schemes.INFO: Current Status: Online [] []
[2020-05-31 05:20:45] Processing Check Schemes.INFO: Current Status: Online [] []
[2020-05-31 05:20:48] Processing Check Schemes.INFO: Current Status: Online [] []
[2020-05-31 05:20:51] Processing Check Schemes.INFO: Current Status: Online [] []
[2020-05-31 05:20:54] Processing Check Schemes.INFO: Current Status: Online [] []
[2020-05-31 05:20:58] Processing Check Schemes.INFO: Current Status: Online [] []
[2020-05-31 05:21:01] Processing Check Schemes.INFO: ----------------------------------------- [] []
[2020-05-31 05:21:01] Processing Check Schemes.INFO:    [] []
[2020-05-31 05:40:05] Processing Check Schemes.INFO: Running scheme status checker [2020-05-31 05:40:05]  [] []
[2020-05-31 05:40:07] Processing Check Schemes.INFO: Current Status: Online [] []
[2020-05-31 05:40:12] Processing Check Schemes.INFO: Current Status: Online [] []
[2020-05-31 05:40:15] Processing Check Schemes.INFO: Current Status: Online [] []
[2020-05-31 05:40:18] Processing Check Schemes.INFO: Current Status: Online [] []
[2020-05-31 05:40:22] Processing Check Schemes.INFO: Current Status: Online [] []
[2020-05-31 05:40:26] Processing Check Schemes.INFO: Current Status: Online [] []
[2020-05-31 05:40:30] Processing Check Schemes.INFO: Current Status: Online [] []
[2020-05-31 05:40:34] Processing Check Schemes.INFO: Current Status: Online [] []
[2020-05-31 05:40:43] Processing Check Schemes.INFO: Current Status: Offline :( [] []
[2020-05-31 05:40:45] Processing Check Schemes.INFO: Offline times consecutively: 0 [] []
[2020-05-31 05:40:47] Processing Check Schemes.INFO: Reboot #1 successful! [] []
[2020-05-31 05:40:49] Processing Check Schemes.INFO: Current Status: Online [] []
[2020-05-31 05:40:53] Processing Check Schemes.INFO: Current Status: Online [] []
[2020-05-31 05:40:56] Processing Check Schemes.INFO: Current Status: Online [] []
[2020-05-31 05:41:00] Processing Check Schemes.INFO: Current Status: Online [] []
[2020-05-31 05:41:04] Processing Check Schemes.INFO: Current Status: Online [] []
[2020-05-31 05:41:09] Processing Check Schemes.INFO: Current Status: Online [] []
[2020-05-31 05:41:12] Processing Check Schemes.INFO: ----------------------------------------- [] []
[2020-05-31 05:41:12] Processing Check Schemes.INFO:    [] []
[2020-05-31 06:00:04] Processing Check Schemes.INFO: Running scheme status checker [2020-05-31 06:00:04]  [] []
[2020-05-31 06:00:12] Processing Check Schemes.INFO: Current Status: Offline :( [] []
[2020-05-31 06:00:14] Processing Check Schemes.INFO: Offline times consecutively: 1 [] []
[2020-05-31 06:00:14] Processing Check Schemes.INFO: Rebooted recently..will try again later. (1167) [] []
[2020-05-31 06:00:16] Processing Check Schemes.INFO: Current Status: Online [] []
[2020-05-31 06:00:21] Processing Check Schemes.INFO: Current Status: Online [] []
[2020-05-31 06:00:25] Processing Check Schemes.INFO: Current Status: Online [] []
[2020-05-31 06:00:29] Processing Check Schemes.INFO: Current Status: Online [] []
[2020-05-31 06:00:34] Processing Check Schemes.INFO: Current Status: Online [] []
[2020-05-31 06:00:38] Processing Check Schemes.INFO: Current Status: Online [] []
[2020-05-31 06:00:42] Processing Check Schemes.INFO: Current Status: Online [] []
[2020-05-31 06:00:47] Processing Check Schemes.INFO: Current Status: Online [] []
[2020-05-31 06:00:51] Processing Check Schemes.INFO: Current Status: Online [] []
[2020-05-31 06:00:55] Processing Check Schemes.INFO: Current Status: Online [] []
[2020-05-31 06:00:58] Processing Check Schemes.INFO: Current Status: Online [] []
[2020-05-31 06:01:02] Processing Check Schemes.INFO: Current Status: Online [] []
[2020-05-31 06:01:06] Processing Check Schemes.INFO: Current Status: Online [] []
[2020-05-31 06:01:11] Processing Check Schemes.INFO: Current Status: Online [] []
[2020-05-31 06:01:13] Processing Check Schemes.INFO: ----------------------------------------- [] []
[2020-05-31 06:01:13] Processing Check Schemes.INFO:    [] []
[2020-05-31 06:20:04] Processing Check Schemes.INFO: Running scheme status checker [2020-05-31 06:20:04]  [] []
[2020-05-31 06:20:05] Processing Check Schemes.INFO: Current Status: Online [] []
[2020-05-31 06:20:10] Processing Check Schemes.INFO: Current Status: Online [] []
[2020-05-31 06:20:15] Processing Check Schemes.INFO: Current Status: Online [] []
[2020-05-31 06:20:20] Processing Check Schemes.INFO: Current Status: Online [] []
[2020-05-31 06:20:24] Processing Check Schemes.INFO: Current Status: Online [] []
[2020-05-31 06:20:30] Processing Check Schemes.INFO: Current Status: Online [] []
[2020-05-31 06:20:34] Processing Check Schemes.INFO: Current Status: Online [] []
[2020-05-31 06:20:38] Processing Check Schemes.INFO: Current Status: Online [] []
[2020-05-31 06:20:43] Processing Check Schemes.INFO: Current Status: Online [] []
[2020-05-31 06:20:46] Processing Check Schemes.INFO: Current Status: Online [] []
[2020-05-31 06:20:50] Processing Check Schemes.INFO: Current Status: Online [] []
[2020-05-31 06:20:53] Processing Check Schemes.INFO: Current Status: Online [] []
[2020-05-31 06:20:56] Processing Check Schemes.INFO: Current Status: Online [] []
[2020-05-31 06:21:00] Processing Check Schemes.INFO: Current Status: Online [] []
[2020-05-31 06:21:04] Processing Check Schemes.INFO: Current Status: Online [] []
[2020-05-31 06:21:05] Processing Check Schemes.INFO: ----------------------------------------- [] []
[2020-05-31 06:21:05] Processing Check Schemes.INFO:    [] []
[2020-05-31 06:40:04] Processing Check Schemes.INFO: Running scheme status checker [2020-05-31 06:40:04]  [] []
[2020-05-31 06:40:05] Processing Check Schemes.INFO: Current Status: Online [] []
[2020-05-31 06:40:10] Processing Check Schemes.INFO: Current Status: Online [] []
[2020-05-31 06:40:15] Processing Check Schemes.INFO: Current Status: Online [] []
[2020-05-31 06:40:20] Processing Check Schemes.INFO: Current Status: Online [] []
[2020-05-31 06:40:25] Processing Check Schemes.INFO: Current Status: Online [] []
[2020-05-31 06:40:29] Processing Check Schemes.INFO: Current Status: Online [] []
[2020-05-31 06:40:33] Processing Check Schemes.INFO: Current Status: Online [] []
[2020-05-31 06:40:38] Processing Check Schemes.INFO: Current Status: Online [] []
[2020-05-31 06:40:44] Processing Check Schemes.INFO: Current Status: Online [] []
[2020-05-31 06:40:48] Processing Check Schemes.INFO: Current Status: Online [] []
[2020-05-31 06:40:51] Processing Check Schemes.INFO: Current Status: Online [] []
[2020-05-31 06:40:53] Processing Check Schemes.INFO: Current Status: Online [] []
[2020-05-31 06:40:56] Processing Check Schemes.INFO: Current Status: Online [] []
[2020-05-31 06:41:01] Processing Check Schemes.INFO: Current Status: Online [] []
[2020-05-31 06:41:06] Processing Check Schemes.INFO: Current Status: Online [] []
[2020-05-31 06:41:08] Processing Check Schemes.INFO: ----------------------------------------- [] []
[2020-05-31 06:41:08] Processing Check Schemes.INFO:    [] []
[2020-05-31 07:00:06] Processing Check Schemes.INFO: Running scheme status checker [2020-05-31 07:00:06]  [] []
[2020-05-31 07:00:08] Processing Check Schemes.INFO: Current Status: Online [] []
[2020-05-31 07:00:13] Processing Check Schemes.INFO: Current Status: Online [] []
[2020-05-31 07:00:17] Processing Check Schemes.INFO: Current Status: Online [] []
[2020-05-31 07:00:21] Processing Check Schemes.INFO: Current Status: Online [] []
[2020-05-31 07:00:25] Processing Check Schemes.INFO: Current Status: Online [] []
[2020-05-31 07:00:29] Processing Check Schemes.INFO: Current Status: Online [] []
[2020-05-31 07:00:33] Processing Check Schemes.INFO: Current Status: Online [] []
[2020-05-31 07:00:39] Processing Check Schemes.INFO: Current Status: Online [] []
[2020-05-31 07:00:43] Processing Check Schemes.INFO: Current Status: Online [] []
[2020-05-31 07:00:47] Processing Check Schemes.INFO: Current Status: Online [] []
[2020-05-31 07:00:51] Processing Check Schemes.INFO: Current Status: Online [] []
[2020-05-31 07:00:54] Processing Check Schemes.INFO: Current Status: Online [] []
[2020-05-31 07:00:57] Processing Check Schemes.INFO: Current Status: Online [] []
[2020-05-31 07:01:00] Processing Check Schemes.INFO: Current Status: Online [] []
[2020-05-31 07:01:05] Processing Check Schemes.INFO: Current Status: Online [] []
[2020-05-31 07:01:07] Processing Check Schemes.INFO: ----------------------------------------- [] []
[2020-05-31 07:01:07] Processing Check Schemes.INFO:    [] []
[2020-05-31 07:20:04] Processing Check Schemes.INFO: Running scheme status checker [2020-05-31 07:20:04]  [] []
[2020-05-31 07:20:05] Processing Check Schemes.INFO: Current Status: Online [] []
[2020-05-31 07:20:10] Processing Check Schemes.INFO: Current Status: Online [] []
[2020-05-31 07:20:14] Processing Check Schemes.INFO: Current Status: Online [] []
[2020-05-31 07:20:19] Processing Check Schemes.INFO: Current Status: Online [] []
[2020-05-31 07:20:23] Processing Check Schemes.INFO: Current Status: Online [] []
[2020-05-31 07:20:28] Processing Check Schemes.INFO: Current Status: Online [] []
[2020-05-31 07:20:31] Processing Check Schemes.INFO: Current Status: Online [] []
[2020-05-31 07:20:35] Processing Check Schemes.INFO: Current Status: Online [] []
[2020-05-31 07:20:40] Processing Check Schemes.INFO: Current Status: Online [] []
[2020-05-31 07:20:44] Processing Check Schemes.INFO: Current Status: Online [] []
[2020-05-31 07:20:50] Processing Check Schemes.INFO: Current Status: Online [] []
[2020-05-31 07:20:54] Processing Check Schemes.INFO: Current Status: Online [] []
[2020-05-31 07:20:58] Processing Check Schemes.INFO: Current Status: Online [] []
[2020-05-31 07:21:01] Processing Check Schemes.INFO: Current Status: Online [] []
[2020-05-31 07:21:05] Processing Check Schemes.INFO: Current Status: Online [] []
[2020-05-31 07:21:08] Processing Check Schemes.INFO: ----------------------------------------- [] []
[2020-05-31 07:21:08] Processing Check Schemes.INFO:    [] []
[2020-05-31 07:40:05] Processing Check Schemes.INFO: Running scheme status checker [2020-05-31 07:40:05]  [] []
[2020-05-31 07:40:06] Processing Check Schemes.INFO: Current Status: Online [] []
[2020-05-31 07:40:11] Processing Check Schemes.INFO: Current Status: Online [] []
[2020-05-31 07:40:15] Processing Check Schemes.INFO: Current Status: Online [] []
[2020-05-31 07:40:19] Processing Check Schemes.INFO: Current Status: Online [] []
[2020-05-31 07:40:24] Processing Check Schemes.INFO: Current Status: Online [] []
[2020-05-31 07:40:28] Processing Check Schemes.INFO: Current Status: Online [] []
[2020-05-31 07:40:32] Processing Check Schemes.INFO: Current Status: Online [] []
[2020-05-31 07:40:36] Processing Check Schemes.INFO: Current Status: Online [] []
[2020-05-31 07:40:40] Processing Check Schemes.INFO: Current Status: Online [] []
[2020-05-31 07:40:43] Processing Check Schemes.INFO: Current Status: Online [] []
[2020-05-31 07:40:45] Processing Check Schemes.INFO: Current Status: Online [] []
[2020-05-31 07:40:48] Processing Check Schemes.INFO: Current Status: Online [] []
[2020-05-31 07:40:51] Processing Check Schemes.INFO: Current Status: Online [] []
[2020-05-31 07:40:55] Processing Check Schemes.INFO: Current Status: Online [] []
[2020-05-31 07:41:01] Processing Check Schemes.INFO: Current Status: Online [] []
[2020-05-31 07:41:03] Processing Check Schemes.INFO: ----------------------------------------- [] []
[2020-05-31 07:41:03] Processing Check Schemes.INFO:    [] []
[2020-05-31 08:00:04] Processing Check Schemes.INFO: Running scheme status checker [2020-05-31 08:00:04]  [] []
[2020-05-31 08:00:07] Processing Check Schemes.INFO: Current Status: Online [] []
[2020-05-31 08:00:12] Processing Check Schemes.INFO: Current Status: Online [] []
[2020-05-31 08:00:15] Processing Check Schemes.INFO: Current Status: Online [] []
[2020-05-31 08:00:20] Processing Check Schemes.INFO: Current Status: Online [] []
[2020-05-31 08:00:26] Processing Check Schemes.INFO: Current Status: Online [] []
[2020-05-31 08:00:30] Processing Check Schemes.INFO: Current Status: Online [] []
[2020-05-31 08:00:34] Processing Check Schemes.INFO: Current Status: Online [] []
[2020-05-31 08:00:37] Processing Check Schemes.INFO: Current Status: Online [] []
[2020-05-31 08:00:41] Processing Check Schemes.INFO: Current Status: Online [] []
[2020-05-31 08:00:45] Processing Check Schemes.INFO: Current Status: Online [] []
[2020-05-31 08:00:48] Processing Check Schemes.INFO: Current Status: Online [] []
[2020-05-31 08:00:51] Processing Check Schemes.INFO: Current Status: Online [] []
[2020-05-31 08:00:55] Processing Check Schemes.INFO: Current Status: Online [] []
[2020-05-31 08:00:59] Processing Check Schemes.INFO: Current Status: Online [] []
[2020-05-31 08:01:04] Processing Check Schemes.INFO: Current Status: Online [] []
[2020-05-31 08:01:10] Processing Check Schemes.INFO: ----------------------------------------- [] []
[2020-05-31 08:01:10] Processing Check Schemes.INFO:    [] []
[2020-05-31 08:20:04] Processing Check Schemes.INFO: Running scheme status checker [2020-05-31 08:20:04]  [] []
[2020-05-31 08:20:06] Processing Check Schemes.INFO: Current Status: Online [] []
[2020-05-31 08:20:11] Processing Check Schemes.INFO: Current Status: Online [] []
[2020-05-31 08:20:16] Processing Check Schemes.INFO: Current Status: Online [] []
[2020-05-31 08:20:19] Processing Check Schemes.INFO: Current Status: Online [] []
[2020-05-31 08:20:23] Processing Check Schemes.INFO: Current Status: Online [] []
[2020-05-31 08:20:27] Processing Check Schemes.INFO: Current Status: Online [] []
[2020-05-31 08:20:31] Processing Check Schemes.INFO: Current Status: Online [] []
[2020-05-31 08:20:35] Processing Check Schemes.INFO: Current Status: Online [] []
[2020-05-31 08:20:39] Processing Check Schemes.INFO: Current Status: Online [] []
[2020-05-31 08:20:43] Processing Check Schemes.INFO: Current Status: Online [] []
[2020-05-31 08:20:48] Processing Check Schemes.INFO: Current Status: Online [] []
[2020-05-31 08:20:52] Processing Check Schemes.INFO: Current Status: Online [] []
[2020-05-31 08:20:56] Processing Check Schemes.INFO: Current Status: Online [] []
[2020-05-31 08:21:00] Processing Check Schemes.INFO: Current Status: Online [] []
[2020-05-31 08:21:11] Processing Check Schemes.INFO: Current Status: Online [] []
[2020-05-31 08:21:20] Processing Check Schemes.INFO: ----------------------------------------- [] []
[2020-05-31 08:21:20] Processing Check Schemes.INFO:    [] []
[2020-05-31 08:40:04] Processing Check Schemes.INFO: Running scheme status checker [2020-05-31 08:40:04]  [] []
[2020-05-31 08:40:06] Processing Check Schemes.INFO: Current Status: Online [] []
[2020-05-31 08:40:11] Processing Check Schemes.INFO: Current Status: Online [] []
[2020-05-31 08:40:14] Processing Check Schemes.INFO: Current Status: Online [] []
[2020-05-31 08:40:18] Processing Check Schemes.INFO: Current Status: Online [] []
[2020-05-31 08:40:22] Processing Check Schemes.INFO: Current Status: Online [] []
[2020-05-31 08:40:27] Processing Check Schemes.INFO: Current Status: Online [] []
[2020-05-31 08:40:30] Processing Check Schemes.INFO: Current Status: Online [] []
[2020-05-31 08:40:33] Processing Check Schemes.INFO: Current Status: Online [] []
[2020-05-31 08:40:36] Processing Check Schemes.INFO: Current Status: Online [] []
[2020-05-31 08:40:41] Processing Check Schemes.INFO: Current Status: Online [] []
[2020-05-31 08:40:45] Processing Check Schemes.INFO: Current Status: Online [] []
[2020-05-31 08:40:48] Processing Check Schemes.INFO: Current Status: Online [] []
[2020-05-31 08:40:54] Processing Check Schemes.INFO: Current Status: Online [] []
[2020-05-31 08:41:00] Processing Check Schemes.INFO: Current Status: Online [] []
[2020-05-31 08:41:08] Processing Check Schemes.INFO: Current Status: Online [] []
[2020-05-31 08:41:19] Processing Check Schemes.INFO: ----------------------------------------- [] []
[2020-05-31 08:41:19] Processing Check Schemes.INFO:    [] []
[2020-05-31 09:00:05] Processing Check Schemes.INFO: Running scheme status checker [2020-05-31 09:00:05]  [] []
[2020-05-31 09:00:07] Processing Check Schemes.INFO: Current Status: Online [] []
[2020-05-31 09:00:15] Processing Check Schemes.INFO: Current Status: Online [] []
[2020-05-31 09:00:19] Processing Check Schemes.INFO: Current Status: Online [] []
[2020-05-31 09:00:24] Processing Check Schemes.INFO: Current Status: Online [] []
[2020-05-31 09:00:30] Processing Check Schemes.INFO: Current Status: Online [] []
[2020-05-31 09:00:34] Processing Check Schemes.INFO: Current Status: Online [] []
[2020-05-31 09:00:38] Processing Check Schemes.INFO: Current Status: Online [] []
[2020-05-31 09:00:42] Processing Check Schemes.INFO: Current Status: Online [] []
[2020-05-31 09:00:46] Processing Check Schemes.INFO: Current Status: Online [] []
[2020-05-31 09:00:49] Processing Check Schemes.INFO: Current Status: Online [] []
[2020-05-31 09:00:52] Processing Check Schemes.INFO: Current Status: Online [] []
[2020-05-31 09:00:55] Processing Check Schemes.INFO: Current Status: Online [] []
[2020-05-31 09:00:58] Processing Check Schemes.INFO: Current Status: Online [] []
[2020-05-31 09:01:02] Processing Check Schemes.INFO: Current Status: Online [] []
[2020-05-31 09:01:13] Processing Check Schemes.INFO: Current Status: Online [] []
[2020-05-31 09:01:16] Processing Check Schemes.INFO: ----------------------------------------- [] []
[2020-05-31 09:01:16] Processing Check Schemes.INFO:    [] []
[2020-05-31 09:20:04] Processing Check Schemes.INFO: Running scheme status checker [2020-05-31 09:20:04]  [] []
[2020-05-31 09:20:05] Processing Check Schemes.INFO: Current Status: Online [] []
[2020-05-31 09:20:11] Processing Check Schemes.INFO: Current Status: Online [] []
[2020-05-31 09:20:15] Processing Check Schemes.INFO: Current Status: Online [] []
[2020-05-31 09:20:20] Processing Check Schemes.INFO: Current Status: Online [] []
[2020-05-31 09:20:25] Processing Check Schemes.INFO: Current Status: Online [] []
[2020-05-31 09:20:29] Processing Check Schemes.INFO: Current Status: Online [] []
[2020-05-31 09:20:32] Processing Check Schemes.INFO: Current Status: Online [] []
[2020-05-31 09:20:35] Processing Check Schemes.INFO: Current Status: Online [] []
[2020-05-31 09:20:41] Processing Check Schemes.INFO: Current Status: Online [] []
[2020-05-31 09:20:43] Processing Check Schemes.INFO: Current Status: Online [] []
[2020-05-31 09:20:48] Processing Check Schemes.INFO: Current Status: Online [] []
[2020-05-31 09:20:52] Processing Check Schemes.INFO: Current Status: Online [] []
[2020-05-31 09:20:55] Processing Check Schemes.INFO: Current Status: Online [] []
[2020-05-31 09:20:58] Processing Check Schemes.INFO: Current Status: Online [] []
[2020-05-31 09:21:04] Processing Check Schemes.INFO: Current Status: Online [] []
[2020-05-31 09:21:06] Processing Check Schemes.INFO: ----------------------------------------- [] []
[2020-05-31 09:21:06] Processing Check Schemes.INFO:    [] []
[2020-05-31 09:40:04] Processing Check Schemes.INFO: Running scheme status checker [2020-05-31 09:40:04]  [] []
[2020-05-31 09:40:07] Processing Check Schemes.INFO: Current Status: Online [] []
[2020-05-31 09:40:11] Processing Check Schemes.INFO: Current Status: Online [] []
[2020-05-31 09:40:16] Processing Check Schemes.INFO: Current Status: Online [] []
[2020-05-31 09:40:20] Processing Check Schemes.INFO: Current Status: Online [] []
[2020-05-31 09:40:25] Processing Check Schemes.INFO: Current Status: Online [] []
[2020-05-31 09:40:29] Processing Check Schemes.INFO: Current Status: Online [] []
[2020-05-31 09:40:32] Processing Check Schemes.INFO: Current Status: Online [] []
[2020-05-31 09:40:35] Processing Check Schemes.INFO: Current Status: Online [] []
[2020-05-31 09:40:45] Processing Check Schemes.INFO: Current Status: Offline :( [] []
[2020-05-31 09:40:47] Processing Check Schemes.INFO: Offline times consecutively: 0 [] []
[2020-05-31 09:40:49] Processing Check Schemes.INFO: Reboot #1 successful! [] []
[2020-05-31 09:40:50] Processing Check Schemes.INFO: Current Status: Online [] []
[2020-05-31 09:40:54] Processing Check Schemes.INFO: Current Status: Online [] []
[2020-05-31 09:40:56] Processing Check Schemes.INFO: Current Status: Online [] []
[2020-05-31 09:41:00] Processing Check Schemes.INFO: Current Status: Online [] []
[2020-05-31 09:41:04] Processing Check Schemes.INFO: Current Status: Online [] []
[2020-05-31 09:41:10] Processing Check Schemes.INFO: Current Status: Online [] []
[2020-05-31 09:41:12] Processing Check Schemes.INFO: ----------------------------------------- [] []
[2020-05-31 09:41:12] Processing Check Schemes.INFO:    [] []
[2020-05-31 10:00:05] Processing Check Schemes.INFO: Running scheme status checker [2020-05-31 10:00:05]  [] []
[2020-05-31 10:00:13] Processing Check Schemes.INFO: Current Status: Offline :( [] []
[2020-05-31 10:00:15] Processing Check Schemes.INFO: Offline times consecutively: 1 [] []
[2020-05-31 10:00:15] Processing Check Schemes.INFO: Rebooted recently..will try again later. (1166) [] []
[2020-05-31 10:00:16] Processing Check Schemes.INFO: Current Status: Online [] []
[2020-05-31 10:00:20] Processing Check Schemes.INFO: Current Status: Online [] []
[2020-05-31 10:00:25] Processing Check Schemes.INFO: Current Status: Online [] []
[2020-05-31 10:00:29] Processing Check Schemes.INFO: Current Status: Online [] []
[2020-05-31 10:00:35] Processing Check Schemes.INFO: Current Status: Online [] []
[2020-05-31 10:00:40] Processing Check Schemes.INFO: Current Status: Online [] []
[2020-05-31 10:00:43] Processing Check Schemes.INFO: Current Status: Online [] []
[2020-05-31 10:00:49] Processing Check Schemes.INFO: Current Status: Online [] []
[2020-05-31 10:00:53] Processing Check Schemes.INFO: Current Status: Online [] []
[2020-05-31 10:00:56] Processing Check Schemes.INFO: Current Status: Online [] []
[2020-05-31 10:00:58] Processing Check Schemes.INFO: Current Status: Online [] []
[2020-05-31 10:01:01] Processing Check Schemes.INFO: Current Status: Online [] []
[2020-05-31 10:01:04] Processing Check Schemes.INFO: Current Status: Online [] []
[2020-05-31 10:01:08] Processing Check Schemes.INFO: Current Status: Online [] []
[2020-05-31 10:01:10] Processing Check Schemes.INFO: ----------------------------------------- [] []
[2020-05-31 10:01:10] Processing Check Schemes.INFO:    [] []
[2020-05-31 10:20:06] Processing Check Schemes.INFO: Running scheme status checker [2020-05-31 10:20:06]  [] []
[2020-05-31 10:20:13] Processing Check Schemes.INFO: Current Status: Offline :( [] []
[2020-05-31 10:20:15] Processing Check Schemes.INFO: Offline times consecutively: 2 [] []
[2020-05-31 10:20:15] Processing Check Schemes.INFO: Rebooted recently..will try again later. (2366) [] []
[2020-05-31 10:20:18] Processing Check Schemes.INFO: Current Status: Online [] []
[2020-05-31 10:20:21] Processing Check Schemes.INFO: Current Status: Online [] []
[2020-05-31 10:20:26] Processing Check Schemes.INFO: Current Status: Online [] []
[2020-05-31 10:20:31] Processing Check Schemes.INFO: Current Status: Online [] []
[2020-05-31 10:20:35] Processing Check Schemes.INFO: Current Status: Online [] []
[2020-05-31 10:20:39] Processing Check Schemes.INFO: Current Status: Online [] []
[2020-05-31 10:20:43] Processing Check Schemes.INFO: Current Status: Online [] []
[2020-05-31 10:20:46] Processing Check Schemes.INFO: Current Status: Online [] []
[2020-05-31 10:20:50] Processing Check Schemes.INFO: Current Status: Online [] []
[2020-05-31 10:20:53] Processing Check Schemes.INFO: Current Status: Online [] []
[2020-05-31 10:20:55] Processing Check Schemes.INFO: Current Status: Online [] []
[2020-05-31 10:20:59] Processing Check Schemes.INFO: Current Status: Online [] []
[2020-05-31 10:21:03] Processing Check Schemes.INFO: Current Status: Online [] []
[2020-05-31 10:21:07] Processing Check Schemes.INFO: Current Status: Online [] []
[2020-05-31 10:21:11] Processing Check Schemes.INFO: ----------------------------------------- [] []
[2020-05-31 10:21:11] Processing Check Schemes.INFO:    [] []
[2020-05-31 10:40:04] Processing Check Schemes.INFO: Running scheme status checker [2020-05-31 10:40:04]  [] []
[2020-05-31 10:40:05] Processing Check Schemes.INFO: Current Status: Online [] []
[2020-05-31 10:40:11] Processing Check Schemes.INFO: Current Status: Online [] []
[2020-05-31 10:40:15] Processing Check Schemes.INFO: Current Status: Online [] []
[2020-05-31 10:40:20] Processing Check Schemes.INFO: Current Status: Online [] []
[2020-05-31 10:40:25] Processing Check Schemes.INFO: Current Status: Online [] []
[2020-05-31 10:40:31] Processing Check Schemes.INFO: Current Status: Online [] []
[2020-05-31 10:40:36] Processing Check Schemes.INFO: Current Status: Online [] []
[2020-05-31 10:40:39] Processing Check Schemes.INFO: Current Status: Online [] []
[2020-05-31 10:40:42] Processing Check Schemes.INFO: Current Status: Online [] []
[2020-05-31 10:40:45] Processing Check Schemes.INFO: Current Status: Online [] []
[2020-05-31 10:40:50] Processing Check Schemes.INFO: Current Status: Online [] []
[2020-05-31 10:40:52] Processing Check Schemes.INFO: Current Status: Online [] []
[2020-05-31 10:40:57] Processing Check Schemes.INFO: Current Status: Online [] []
[2020-05-31 10:41:00] Processing Check Schemes.INFO: Current Status: Online [] []
[2020-05-31 10:41:04] Processing Check Schemes.INFO: Current Status: Online [] []
[2020-05-31 10:41:06] Processing Check Schemes.INFO: ----------------------------------------- [] []
[2020-05-31 10:41:06] Processing Check Schemes.INFO:    [] []
[2020-05-31 11:00:04] Processing Check Schemes.INFO: Running scheme status checker [2020-05-31 11:00:04]  [] []
[2020-05-31 11:00:06] Processing Check Schemes.INFO: Current Status: Online [] []
[2020-05-31 11:00:11] Processing Check Schemes.INFO: Current Status: Online [] []
[2020-05-31 11:00:15] Processing Check Schemes.INFO: Current Status: Online [] []
[2020-05-31 11:00:20] Processing Check Schemes.INFO: Current Status: Online [] []
[2020-05-31 11:00:25] Processing Check Schemes.INFO: Current Status: Online [] []
[2020-05-31 11:00:30] Processing Check Schemes.INFO: Current Status: Online [] []
[2020-05-31 11:00:33] Processing Check Schemes.INFO: Current Status: Online [] []
[2020-05-31 11:00:38] Processing Check Schemes.INFO: Current Status: Online [] []
[2020-05-31 11:00:42] Processing Check Schemes.INFO: Current Status: Online [] []
[2020-05-31 11:00:45] Processing Check Schemes.INFO: Current Status: Online [] []
[2020-05-31 11:00:49] Processing Check Schemes.INFO: Current Status: Online [] []
[2020-05-31 11:00:52] Processing Check Schemes.INFO: Current Status: Online [] []
[2020-05-31 11:00:55] Processing Check Schemes.INFO: Current Status: Online [] []
[2020-05-31 11:00:58] Processing Check Schemes.INFO: Current Status: Online [] []
[2020-05-31 11:01:01] Processing Check Schemes.INFO: Current Status: Online [] []
[2020-05-31 11:01:03] Processing Check Schemes.INFO: ----------------------------------------- [] []
[2020-05-31 11:01:03] Processing Check Schemes.INFO:    [] []
[2020-05-31 11:20:04] Processing Check Schemes.INFO: Running scheme status checker [2020-05-31 11:20:04]  [] []
[2020-05-31 11:20:06] Processing Check Schemes.INFO: Current Status: Online [] []
[2020-05-31 11:20:11] Processing Check Schemes.INFO: Current Status: Online [] []
[2020-05-31 11:20:15] Processing Check Schemes.INFO: Current Status: Online [] []
[2020-05-31 11:20:20] Processing Check Schemes.INFO: Current Status: Online [] []
[2020-05-31 11:20:25] Processing Check Schemes.INFO: Current Status: Online [] []
[2020-05-31 11:20:31] Processing Check Schemes.INFO: Current Status: Online [] []
[2020-05-31 11:20:35] Processing Check Schemes.INFO: Current Status: Online [] []
[2020-05-31 11:20:38] Processing Check Schemes.INFO: Current Status: Online [] []
[2020-05-31 11:20:42] Processing Check Schemes.INFO: Current Status: Online [] []
[2020-05-31 11:20:45] Processing Check Schemes.INFO: Current Status: Online [] []
[2020-05-31 11:20:49] Processing Check Schemes.INFO: Current Status: Online [] []
[2020-05-31 11:20:51] Processing Check Schemes.INFO: Current Status: Online [] []
[2020-05-31 11:20:55] Processing Check Schemes.INFO: Current Status: Online [] []
[2020-05-31 11:20:58] Processing Check Schemes.INFO: Current Status: Online [] []
[2020-05-31 11:21:01] Processing Check Schemes.INFO: Current Status: Online [] []
[2020-05-31 11:21:04] Processing Check Schemes.INFO: ----------------------------------------- [] []
[2020-05-31 11:21:04] Processing Check Schemes.INFO:    [] []
[2020-05-31 11:40:04] Processing Check Schemes.INFO: Running scheme status checker [2020-05-31 11:40:04]  [] []
[2020-05-31 11:40:06] Processing Check Schemes.INFO: Current Status: Online [] []
[2020-05-31 11:40:11] Processing Check Schemes.INFO: Current Status: Online [] []
[2020-05-31 11:40:16] Processing Check Schemes.INFO: Current Status: Online [] []
[2020-05-31 11:40:20] Processing Check Schemes.INFO: Current Status: Online [] []
[2020-05-31 11:40:26] Processing Check Schemes.INFO: Current Status: Online [] []
[2020-05-31 11:40:31] Processing Check Schemes.INFO: Current Status: Online [] []
[2020-05-31 11:40:34] Processing Check Schemes.INFO: Current Status: Online [] []
[2020-05-31 11:40:39] Processing Check Schemes.INFO: Current Status: Online [] []
[2020-05-31 11:40:42] Processing Check Schemes.INFO: Current Status: Online [] []
[2020-05-31 11:40:44] Processing Check Schemes.INFO: Current Status: Online [] []
[2020-05-31 11:40:47] Processing Check Schemes.INFO: Current Status: Online [] []
[2020-05-31 11:40:50] Processing Check Schemes.INFO: Current Status: Online [] []
[2020-05-31 11:40:54] Processing Check Schemes.INFO: Current Status: Online [] []
[2020-05-31 11:40:59] Processing Check Schemes.INFO: Current Status: Online [] []
[2020-05-31 11:41:03] Processing Check Schemes.INFO: Current Status: Online [] []
[2020-05-31 11:41:05] Processing Check Schemes.INFO: ----------------------------------------- [] []
[2020-05-31 11:41:05] Processing Check Schemes.INFO:    [] []
[2020-05-31 12:00:05] Processing Check Schemes.INFO: Running scheme status checker [2020-05-31 12:00:05]  [] []
[2020-05-31 12:00:06] Processing Check Schemes.INFO: Current Status: Online [] []
[2020-05-31 12:00:11] Processing Check Schemes.INFO: Current Status: Online [] []
[2020-05-31 12:00:15] Processing Check Schemes.INFO: Current Status: Online [] []
[2020-05-31 12:00:20] Processing Check Schemes.INFO: Current Status: Online [] []
[2020-05-31 12:00:26] Processing Check Schemes.INFO: Current Status: Online [] []
[2020-05-31 12:00:30] Processing Check Schemes.INFO: Current Status: Online [] []
[2020-05-31 12:00:35] Processing Check Schemes.INFO: Current Status: Online [] []
[2020-05-31 12:00:38] Processing Check Schemes.INFO: Current Status: Online [] []
[2020-05-31 12:00:45] Processing Check Schemes.INFO: Current Status: Online [] []
[2020-05-31 12:00:48] Processing Check Schemes.INFO: Current Status: Online [] []
[2020-05-31 12:00:51] Processing Check Schemes.INFO: Current Status: Online [] []
[2020-05-31 12:00:54] Processing Check Schemes.INFO: Current Status: Online [] []
[2020-05-31 12:00:57] Processing Check Schemes.INFO: Current Status: Online [] []
[2020-05-31 12:01:01] Processing Check Schemes.INFO: Current Status: Online [] []
[2020-05-31 12:01:09] Processing Check Schemes.INFO: Current Status: Online [] []
[2020-05-31 12:01:16] Processing Check Schemes.INFO: ----------------------------------------- [] []
[2020-05-31 12:01:16] Processing Check Schemes.INFO:    [] []
[2020-05-31 12:20:04] Processing Check Schemes.INFO: Running scheme status checker [2020-05-31 12:20:04]  [] []
[2020-05-31 12:20:06] Processing Check Schemes.INFO: Current Status: Online [] []
[2020-05-31 12:20:11] Processing Check Schemes.INFO: Current Status: Online [] []
[2020-05-31 12:20:16] Processing Check Schemes.INFO: Current Status: Online [] []
[2020-05-31 12:20:19] Processing Check Schemes.INFO: Current Status: Online [] []
[2020-05-31 12:20:23] Processing Check Schemes.INFO: Current Status: Online [] []
[2020-05-31 12:20:29] Processing Check Schemes.INFO: Current Status: Online [] []
[2020-05-31 12:20:33] Processing Check Schemes.INFO: Current Status: Online [] []
[2020-05-31 12:20:37] Processing Check Schemes.INFO: Current Status: Online [] []
[2020-05-31 12:20:42] Processing Check Schemes.INFO: Current Status: Online [] []
[2020-05-31 12:20:46] Processing Check Schemes.INFO: Current Status: Online [] []
[2020-05-31 12:20:50] Processing Check Schemes.INFO: Current Status: Online [] []
[2020-05-31 12:20:53] Processing Check Schemes.INFO: Current Status: Online [] []
[2020-05-31 12:20:57] Processing Check Schemes.INFO: Current Status: Online [] []
[2020-05-31 12:21:01] Processing Check Schemes.INFO: Current Status: Online [] []
[2020-05-31 12:21:11] Processing Check Schemes.INFO: Current Status: Online [] []
[2020-05-31 12:21:20] Processing Check Schemes.INFO: ----------------------------------------- [] []
[2020-05-31 12:21:20] Processing Check Schemes.INFO:    [] []
[2020-05-31 12:40:05] Processing Check Schemes.INFO: Running scheme status checker [2020-05-31 12:40:05]  [] []
[2020-05-31 12:40:05] Processing Check Schemes.INFO: Current Status: Online [] []
[2020-05-31 12:40:11] Processing Check Schemes.INFO: Current Status: Online [] []
[2020-05-31 12:40:16] Processing Check Schemes.INFO: Current Status: Online [] []
[2020-05-31 12:40:21] Processing Check Schemes.INFO: Current Status: Online [] []
[2020-05-31 12:40:25] Processing Check Schemes.INFO: Current Status: Online [] []
[2020-05-31 12:40:30] Processing Check Schemes.INFO: Current Status: Online [] []
[2020-05-31 12:40:34] Processing Check Schemes.INFO: Current Status: Online [] []
[2020-05-31 12:40:39] Processing Check Schemes.INFO: Current Status: Online [] []
[2020-05-31 12:40:43] Processing Check Schemes.INFO: Current Status: Online [] []
[2020-05-31 12:40:47] Processing Check Schemes.INFO: Current Status: Online [] []
[2020-05-31 12:40:52] Processing Check Schemes.INFO: Current Status: Online [] []
[2020-05-31 12:40:55] Processing Check Schemes.INFO: Current Status: Online [] []
[2020-05-31 12:40:58] Processing Check Schemes.INFO: Current Status: Online [] []
[2020-05-31 12:41:01] Processing Check Schemes.INFO: Current Status: Online [] []
[2020-05-31 12:41:13] Processing Check Schemes.INFO: Current Status: Online [] []
[2020-05-31 12:41:21] Processing Check Schemes.INFO: ----------------------------------------- [] []
[2020-05-31 12:41:21] Processing Check Schemes.INFO:    [] []
[2020-05-31 13:00:05] Processing Check Schemes.INFO: Running scheme status checker [2020-05-31 13:00:05]  [] []
[2020-05-31 13:00:07] Processing Check Schemes.INFO: Current Status: Online [] []
[2020-05-31 13:00:12] Processing Check Schemes.INFO: Current Status: Online [] []
[2020-05-31 13:00:18] Processing Check Schemes.INFO: Current Status: Online [] []
[2020-05-31 13:00:23] Processing Check Schemes.INFO: Current Status: Online [] []
[2020-05-31 13:00:28] Processing Check Schemes.INFO: Current Status: Online [] []
[2020-05-31 13:00:34] Processing Check Schemes.INFO: Current Status: Online [] []
[2020-05-31 13:00:37] Processing Check Schemes.INFO: Current Status: Online [] []
[2020-05-31 13:00:42] Processing Check Schemes.INFO: Current Status: Online [] []
[2020-05-31 13:00:45] Processing Check Schemes.INFO: Current Status: Online [] []
[2020-05-31 13:00:48] Processing Check Schemes.INFO: Current Status: Online [] []
[2020-05-31 13:00:54] Processing Check Schemes.INFO: Current Status: Online [] []
[2020-05-31 13:00:57] Processing Check Schemes.INFO: Current Status: Online [] []
[2020-05-31 13:01:02] Processing Check Schemes.INFO: Current Status: Online [] []
[2020-05-31 13:01:05] Processing Check Schemes.INFO: Current Status: Online [] []
[2020-05-31 13:01:17] Processing Check Schemes.INFO: Current Status: Online [] []
[2020-05-31 13:01:20] Processing Check Schemes.INFO: ----------------------------------------- [] []
[2020-05-31 13:01:20] Processing Check Schemes.INFO:    [] []
[2020-05-31 13:20:03] Processing Check Schemes.INFO: Running scheme status checker [2020-05-31 13:20:03]  [] []
[2020-05-31 13:20:06] Processing Check Schemes.INFO: Current Status: Online [] []
[2020-05-31 13:20:11] Processing Check Schemes.INFO: Current Status: Online [] []
[2020-05-31 13:20:15] Processing Check Schemes.INFO: Current Status: Online [] []
[2020-05-31 13:20:21] Processing Check Schemes.INFO: Current Status: Online [] []
[2020-05-31 13:20:26] Processing Check Schemes.INFO: Current Status: Online [] []
[2020-05-31 13:20:30] Processing Check Schemes.INFO: Current Status: Online [] []
[2020-05-31 13:20:35] Processing Check Schemes.INFO: Current Status: Online [] []
[2020-05-31 13:20:41] Processing Check Schemes.INFO: Current Status: Online [] []
[2020-05-31 13:20:45] Processing Check Schemes.INFO: Current Status: Online [] []
[2020-05-31 13:20:49] Processing Check Schemes.INFO: Current Status: Online [] []
[2020-05-31 13:20:52] Processing Check Schemes.INFO: Current Status: Online [] []
[2020-05-31 13:20:55] Processing Check Schemes.INFO: Current Status: Online [] []
[2020-05-31 13:21:01] Processing Check Schemes.INFO: Current Status: Online [] []
[2020-05-31 13:21:04] Processing Check Schemes.INFO: Current Status: Online [] []
[2020-05-31 13:21:07] Processing Check Schemes.INFO: Current Status: Online [] []
[2020-05-31 13:21:09] Processing Check Schemes.INFO: ----------------------------------------- [] []
[2020-05-31 13:21:09] Processing Check Schemes.INFO:    [] []
[2020-05-31 13:40:05] Processing Check Schemes.INFO: Running scheme status checker [2020-05-31 13:40:05]  [] []
[2020-05-31 13:40:07] Processing Check Schemes.INFO: Current Status: Online [] []
[2020-05-31 13:40:13] Processing Check Schemes.INFO: Current Status: Online [] []
[2020-05-31 13:40:18] Processing Check Schemes.INFO: Current Status: Online [] []
[2020-05-31 13:40:22] Processing Check Schemes.INFO: Current Status: Online [] []
[2020-05-31 13:40:27] Processing Check Schemes.INFO: Current Status: Online [] []
[2020-05-31 13:40:33] Processing Check Schemes.INFO: Current Status: Online [] []
[2020-05-31 13:40:37] Processing Check Schemes.INFO: Current Status: Online [] []
[2020-05-31 13:40:40] Processing Check Schemes.INFO: Current Status: Online [] []
[2020-05-31 13:40:45] Processing Check Schemes.INFO: Current Status: Online [] []
[2020-05-31 13:40:50] Processing Check Schemes.INFO: Current Status: Online [] []
[2020-05-31 13:40:54] Processing Check Schemes.INFO: Current Status: Online [] []
[2020-05-31 13:40:57] Processing Check Schemes.INFO: Current Status: Online [] []
[2020-05-31 13:41:02] Processing Check Schemes.INFO: Current Status: Online [] []
[2020-05-31 13:41:05] Processing Check Schemes.INFO: Current Status: Online [] []
[2020-05-31 13:41:11] Processing Check Schemes.INFO: Current Status: Online [] []
[2020-05-31 13:41:14] Processing Check Schemes.INFO: ----------------------------------------- [] []
[2020-05-31 13:41:14] Processing Check Schemes.INFO:    [] []
[2020-05-31 14:00:04] Processing Check Schemes.INFO: Running scheme status checker [2020-05-31 14:00:04]  [] []
[2020-05-31 14:00:07] Processing Check Schemes.INFO: Current Status: Online [] []
[2020-05-31 14:00:12] Processing Check Schemes.INFO: Current Status: Online [] []
[2020-05-31 14:00:17] Processing Check Schemes.INFO: Current Status: Online [] []
[2020-05-31 14:00:22] Processing Check Schemes.INFO: Current Status: Online [] []
[2020-05-31 14:00:27] Processing Check Schemes.INFO: Current Status: Online [] []
[2020-05-31 14:00:32] Processing Check Schemes.INFO: Current Status: Online [] []
[2020-05-31 14:00:36] Processing Check Schemes.INFO: Current Status: Online [] []
[2020-05-31 14:00:40] Processing Check Schemes.INFO: Current Status: Online [] []
[2020-05-31 14:00:45] Processing Check Schemes.INFO: Current Status: Online [] []
[2020-05-31 14:00:49] Processing Check Schemes.INFO: Current Status: Online [] []
[2020-05-31 14:00:53] Processing Check Schemes.INFO: Current Status: Online [] []
[2020-05-31 14:00:55] Processing Check Schemes.INFO: Current Status: Online [] []
[2020-05-31 14:00:58] Processing Check Schemes.INFO: Current Status: Online [] []
[2020-05-31 14:01:02] Processing Check Schemes.INFO: Current Status: Online [] []
[2020-05-31 14:01:08] Processing Check Schemes.INFO: Current Status: Online [] []
[2020-05-31 14:01:11] Processing Check Schemes.INFO: ----------------------------------------- [] []
[2020-05-31 14:01:11] Processing Check Schemes.INFO:    [] []
[2020-05-31 14:20:05] Processing Check Schemes.INFO: Running scheme status checker [2020-05-31 14:20:05]  [] []
[2020-05-31 14:20:07] Processing Check Schemes.INFO: Current Status: Online [] []
[2020-05-31 14:20:12] Processing Check Schemes.INFO: Current Status: Online [] []
[2020-05-31 14:20:17] Processing Check Schemes.INFO: Current Status: Online [] []
[2020-05-31 14:20:20] Processing Check Schemes.INFO: Current Status: Online [] []
[2020-05-31 14:20:26] Processing Check Schemes.INFO: Current Status: Online [] []
[2020-05-31 14:20:30] Processing Check Schemes.INFO: Current Status: Online [] []
[2020-05-31 14:20:34] Processing Check Schemes.INFO: Current Status: Online [] []
[2020-05-31 14:20:39] Processing Check Schemes.INFO: Current Status: Online [] []
[2020-05-31 14:20:45] Processing Check Schemes.INFO: Current Status: Online [] []
[2020-05-31 14:20:50] Processing Check Schemes.INFO: Current Status: Online [] []
[2020-05-31 14:20:54] Processing Check Schemes.INFO: Current Status: Online [] []
[2020-05-31 14:20:57] Processing Check Schemes.INFO: Current Status: Online [] []
[2020-05-31 14:21:01] Processing Check Schemes.INFO: Current Status: Online [] []
[2020-05-31 14:21:06] Processing Check Schemes.INFO: Current Status: Online [] []
[2020-05-31 14:21:11] Processing Check Schemes.INFO: Current Status: Online [] []
[2020-05-31 14:21:13] Processing Check Schemes.INFO: ----------------------------------------- [] []
[2020-05-31 14:21:13] Processing Check Schemes.INFO:    [] []
[2020-05-31 14:40:04] Processing Check Schemes.INFO: Running scheme status checker [2020-05-31 14:40:04]  [] []
[2020-05-31 14:40:06] Processing Check Schemes.INFO: Current Status: Online [] []
[2020-05-31 14:40:11] Processing Check Schemes.INFO: Current Status: Online [] []
[2020-05-31 14:40:15] Processing Check Schemes.INFO: Current Status: Online [] []
[2020-05-31 14:40:26] Processing Check Schemes.INFO: Current Status: Offline :( [] []
[2020-05-31 14:40:29] Processing Check Schemes.INFO: Offline times consecutively: 0 [] []
[2020-05-31 14:40:30] Processing Check Schemes.INFO: Reboot #1 successful! [] []
[2020-05-31 14:40:33] Processing Check Schemes.INFO: Current Status: Online [] []
[2020-05-31 14:40:37] Processing Check Schemes.INFO: Current Status: Online [] []
[2020-05-31 14:40:41] Processing Check Schemes.INFO: Current Status: Online [] []
[2020-05-31 14:40:45] Processing Check Schemes.INFO: Current Status: Online [] []
[2020-05-31 14:40:49] Processing Check Schemes.INFO: Current Status: Online [] []
[2020-05-31 14:40:53] Processing Check Schemes.INFO: Current Status: Online [] []
[2020-05-31 14:40:58] Processing Check Schemes.INFO: Current Status: Online [] []
[2020-05-31 14:41:00] Processing Check Schemes.INFO: Current Status: Online [] []
[2020-05-31 14:41:03] Processing Check Schemes.INFO: Current Status: Online [] []
[2020-05-31 14:41:07] Processing Check Schemes.INFO: Current Status: Online [] []
[2020-05-31 14:41:12] Processing Check Schemes.INFO: Current Status: Online [] []
[2020-05-31 14:41:14] Processing Check Schemes.INFO: ----------------------------------------- [] []
[2020-05-31 14:41:14] Processing Check Schemes.INFO:    [] []
[2020-05-31 15:00:05] Processing Check Schemes.INFO: Running scheme status checker [2020-05-31 15:00:05]  [] []
[2020-05-31 15:00:06] Processing Check Schemes.INFO: Current Status: Online [] []
[2020-05-31 15:00:11] Processing Check Schemes.INFO: Current Status: Online [] []
[2020-05-31 15:00:17] Processing Check Schemes.INFO: Current Status: Online [] []
[2020-05-31 15:00:21] Processing Check Schemes.INFO: Current Status: Online [] []
[2020-05-31 15:00:27] Processing Check Schemes.INFO: Current Status: Online [] []
[2020-05-31 15:00:32] Processing Check Schemes.INFO: Current Status: Online [] []
[2020-05-31 15:00:37] Processing Check Schemes.INFO: Current Status: Online [] []
[2020-05-31 15:00:41] Processing Check Schemes.INFO: Current Status: Online [] []
[2020-05-31 15:00:46] Processing Check Schemes.INFO: Current Status: Online [] []
[2020-05-31 15:00:51] Processing Check Schemes.INFO: Current Status: Online [] []
[2020-05-31 15:00:55] Processing Check Schemes.INFO: Current Status: Online [] []
[2020-05-31 15:00:57] Processing Check Schemes.INFO: Current Status: Online [] []
[2020-05-31 15:01:00] Processing Check Schemes.INFO: Current Status: Online [] []
[2020-05-31 15:01:04] Processing Check Schemes.INFO: Current Status: Online [] []
[2020-05-31 15:01:08] Processing Check Schemes.INFO: Current Status: Online [] []
[2020-05-31 15:01:11] Processing Check Schemes.INFO: ----------------------------------------- [] []
[2020-05-31 15:01:11] Processing Check Schemes.INFO:    [] []
[2020-05-31 15:20:03] Processing Check Schemes.INFO: Running scheme status checker [2020-05-31 15:20:03]  [] []
[2020-05-31 15:20:05] Processing Check Schemes.INFO: Current Status: Online [] []
[2020-05-31 15:20:09] Processing Check Schemes.INFO: Current Status: Online [] []
[2020-05-31 15:20:14] Processing Check Schemes.INFO: Current Status: Online [] []
[2020-05-31 15:20:20] Processing Check Schemes.INFO: Current Status: Online [] []
[2020-05-31 15:20:24] Processing Check Schemes.INFO: Current Status: Online [] []
[2020-05-31 15:20:28] Processing Check Schemes.INFO: Current Status: Online [] []
[2020-05-31 15:20:31] Processing Check Schemes.INFO: Current Status: Online [] []
[2020-05-31 15:20:35] Processing Check Schemes.INFO: Current Status: Online [] []
[2020-05-31 15:20:39] Processing Check Schemes.INFO: Current Status: Online [] []
[2020-05-31 15:20:43] Processing Check Schemes.INFO: Current Status: Online [] []
[2020-05-31 15:20:46] Processing Check Schemes.INFO: Current Status: Online [] []
[2020-05-31 15:20:49] Processing Check Schemes.INFO: Current Status: Online [] []
[2020-05-31 15:20:52] Processing Check Schemes.INFO: Current Status: Online [] []
[2020-05-31 15:20:56] Processing Check Schemes.INFO: Current Status: Online [] []
[2020-05-31 15:21:03] Processing Check Schemes.INFO: Current Status: Online [] []
[2020-05-31 15:21:05] Processing Check Schemes.INFO: ----------------------------------------- [] []
[2020-05-31 15:21:05] Processing Check Schemes.INFO:    [] []
[2020-05-31 15:40:04] Processing Check Schemes.INFO: Running scheme status checker [2020-05-31 15:40:04]  [] []
[2020-05-31 15:40:06] Processing Check Schemes.INFO: Current Status: Online [] []
[2020-05-31 15:40:11] Processing Check Schemes.INFO: Current Status: Online [] []
[2020-05-31 15:40:15] Processing Check Schemes.INFO: Current Status: Online [] []
[2020-05-31 15:40:22] Processing Check Schemes.INFO: Current Status: Online [] []
[2020-05-31 15:40:28] Processing Check Schemes.INFO: Current Status: Online [] []
[2020-05-31 15:40:33] Processing Check Schemes.INFO: Current Status: Online [] []
[2020-05-31 15:40:36] Processing Check Schemes.INFO: Current Status: Online [] []
[2020-05-31 15:40:40] Processing Check Schemes.INFO: Current Status: Online [] []
[2020-05-31 15:40:44] Processing Check Schemes.INFO: Current Status: Online [] []
[2020-05-31 15:40:48] Processing Check Schemes.INFO: Current Status: Online [] []
[2020-05-31 15:40:52] Processing Check Schemes.INFO: Current Status: Online [] []
[2020-05-31 15:40:55] Processing Check Schemes.INFO: Current Status: Online [] []
[2020-05-31 15:41:00] Processing Check Schemes.INFO: Current Status: Online [] []
[2020-05-31 15:41:05] Processing Check Schemes.INFO: Current Status: Online [] []
[2020-05-31 15:41:11] Processing Check Schemes.INFO: Current Status: Online [] []
[2020-05-31 15:41:14] Processing Check Schemes.INFO: ----------------------------------------- [] []
[2020-05-31 15:41:14] Processing Check Schemes.INFO:    [] []
[2020-05-31 16:00:05] Processing Check Schemes.INFO: Running scheme status checker [2020-05-31 16:00:05]  [] []
[2020-05-31 16:00:06] Processing Check Schemes.INFO: Current Status: Online [] []
[2020-05-31 16:00:11] Processing Check Schemes.INFO: Current Status: Online [] []
[2020-05-31 16:00:15] Processing Check Schemes.INFO: Current Status: Online [] []
[2020-05-31 16:00:21] Processing Check Schemes.INFO: Current Status: Online [] []
[2020-05-31 16:00:27] Processing Check Schemes.INFO: Current Status: Online [] []
[2020-05-31 16:00:32] Processing Check Schemes.INFO: Current Status: Online [] []
[2020-05-31 16:00:36] Processing Check Schemes.INFO: Current Status: Online [] []
[2020-05-31 16:00:40] Processing Check Schemes.INFO: Current Status: Online [] []
[2020-05-31 16:00:45] Processing Check Schemes.INFO: Current Status: Online [] []
[2020-05-31 16:00:49] Processing Check Schemes.INFO: Current Status: Online [] []
[2020-05-31 16:00:54] Processing Check Schemes.INFO: Current Status: Online [] []
[2020-05-31 16:00:57] Processing Check Schemes.INFO: Current Status: Online [] []
[2020-05-31 16:01:01] Processing Check Schemes.INFO: Current Status: Online [] []
[2020-05-31 16:01:04] Processing Check Schemes.INFO: Current Status: Online [] []
[2020-05-31 16:01:11] Processing Check Schemes.INFO: Current Status: Online [] []
[2020-05-31 16:01:13] Processing Check Schemes.INFO: ----------------------------------------- [] []
[2020-05-31 16:01:13] Processing Check Schemes.INFO:    [] []
[2020-05-31 16:20:04] Processing Check Schemes.INFO: Running scheme status checker [2020-05-31 16:20:04]  [] []
[2020-05-31 16:20:06] Processing Check Schemes.INFO: Current Status: Online [] []
[2020-05-31 16:20:10] Processing Check Schemes.INFO: Current Status: Online [] []
[2020-05-31 16:20:15] Processing Check Schemes.INFO: Current Status: Online [] []
[2020-05-31 16:20:19] Processing Check Schemes.INFO: Current Status: Online [] []
[2020-05-31 16:20:24] Processing Check Schemes.INFO: Current Status: Online [] []
[2020-05-31 16:20:28] Processing Check Schemes.INFO: Current Status: Online [] []
[2020-05-31 16:20:32] Processing Check Schemes.INFO: Current Status: Online [] []
[2020-05-31 16:20:35] Processing Check Schemes.INFO: Current Status: Online [] []
[2020-05-31 16:20:40] Processing Check Schemes.INFO: Current Status: Online [] []
[2020-05-31 16:20:43] Processing Check Schemes.INFO: Current Status: Online [] []
[2020-05-31 16:20:48] Processing Check Schemes.INFO: Current Status: Online [] []
[2020-05-31 16:20:51] Processing Check Schemes.INFO: Current Status: Online [] []
[2020-05-31 16:20:55] Processing Check Schemes.INFO: Current Status: Online [] []
[2020-05-31 16:20:59] Processing Check Schemes.INFO: Current Status: Online [] []
[2020-05-31 16:21:10] Processing Check Schemes.INFO: Current Status: Online [] []
[2020-05-31 16:21:17] Processing Check Schemes.INFO: ----------------------------------------- [] []
[2020-05-31 16:21:17] Processing Check Schemes.INFO:    [] []
[2020-05-31 16:40:04] Processing Check Schemes.INFO: Running scheme status checker [2020-05-31 16:40:04]  [] []
[2020-05-31 16:40:06] Processing Check Schemes.INFO: Current Status: Online [] []
[2020-05-31 16:40:11] Processing Check Schemes.INFO: Current Status: Online [] []
[2020-05-31 16:40:15] Processing Check Schemes.INFO: Current Status: Online [] []
[2020-05-31 16:40:19] Processing Check Schemes.INFO: Current Status: Online [] []
[2020-05-31 16:40:22] Processing Check Schemes.INFO: Current Status: Online [] []
[2020-05-31 16:40:26] Processing Check Schemes.INFO: Current Status: Online [] []
[2020-05-31 16:40:31] Processing Check Schemes.INFO: Current Status: Online [] []
[2020-05-31 16:40:37] Processing Check Schemes.INFO: Current Status: Online [] []
[2020-05-31 16:40:42] Processing Check Schemes.INFO: Current Status: Online [] []
[2020-05-31 16:40:46] Processing Check Schemes.INFO: Current Status: Online [] []
[2020-05-31 16:40:50] Processing Check Schemes.INFO: Current Status: Online [] []
[2020-05-31 16:40:53] Processing Check Schemes.INFO: Current Status: Online [] []
[2020-05-31 16:40:57] Processing Check Schemes.INFO: Current Status: Online [] []
[2020-05-31 16:41:02] Processing Check Schemes.INFO: Current Status: Online [] []
[2020-05-31 16:41:10] Processing Check Schemes.INFO: Current Status: Online [] []
[2020-05-31 16:41:13] Processing Check Schemes.INFO: ----------------------------------------- [] []
[2020-05-31 16:41:13] Processing Check Schemes.INFO:    [] []
[2020-05-31 17:00:05] Processing Check Schemes.INFO: Running scheme status checker [2020-05-31 17:00:05]  [] []
[2020-05-31 17:00:07] Processing Check Schemes.INFO: Current Status: Online [] []
[2020-05-31 17:00:13] Processing Check Schemes.INFO: Current Status: Online [] []
[2020-05-31 17:00:17] Processing Check Schemes.INFO: Current Status: Online [] []
[2020-05-31 17:00:22] Processing Check Schemes.INFO: Current Status: Online [] []
[2020-05-31 17:00:27] Processing Check Schemes.INFO: Current Status: Online [] []
[2020-05-31 17:00:33] Processing Check Schemes.INFO: Current Status: Online [] []
[2020-05-31 17:00:37] Processing Check Schemes.INFO: Current Status: Online [] []
[2020-05-31 17:00:41] Processing Check Schemes.INFO: Current Status: Online [] []
[2020-05-31 17:00:46] Processing Check Schemes.INFO: Current Status: Online [] []
[2020-05-31 17:00:50] Processing Check Schemes.INFO: Current Status: Online [] []
[2020-05-31 17:00:55] Processing Check Schemes.INFO: Current Status: Online [] []
[2020-05-31 17:00:57] Processing Check Schemes.INFO: Current Status: Online [] []
[2020-05-31 17:01:01] Processing Check Schemes.INFO: Current Status: Online [] []
[2020-05-31 17:01:05] Processing Check Schemes.INFO: Current Status: Online [] []
[2020-05-31 17:01:19] Processing Check Schemes.INFO: Current Status: Online [] []
[2020-05-31 17:01:22] Processing Check Schemes.INFO: ----------------------------------------- [] []
[2020-05-31 17:01:22] Processing Check Schemes.INFO:    [] []
[2020-05-31 17:20:04] Processing Check Schemes.INFO: Running scheme status checker [2020-05-31 17:20:04]  [] []
[2020-05-31 17:20:06] Processing Check Schemes.INFO: Current Status: Online [] []
[2020-05-31 17:20:11] Processing Check Schemes.INFO: Current Status: Online [] []
[2020-05-31 17:20:16] Processing Check Schemes.INFO: Current Status: Online [] []
[2020-05-31 17:20:22] Processing Check Schemes.INFO: Current Status: Online [] []
[2020-05-31 17:20:28] Processing Check Schemes.INFO: Current Status: Online [] []
[2020-05-31 17:20:32] Processing Check Schemes.INFO: Current Status: Online [] []
[2020-05-31 17:20:35] Processing Check Schemes.INFO: Current Status: Online [] []
[2020-05-31 17:20:41] Processing Check Schemes.INFO: Current Status: Online [] []
[2020-05-31 17:20:45] Processing Check Schemes.INFO: Current Status: Online [] []
[2020-05-31 17:20:49] Processing Check Schemes.INFO: Current Status: Online [] []
[2020-05-31 17:20:52] Processing Check Schemes.INFO: Current Status: Online [] []
[2020-05-31 17:20:54] Processing Check Schemes.INFO: Current Status: Online [] []
[2020-05-31 17:20:57] Processing Check Schemes.INFO: Current Status: Online [] []
[2020-05-31 17:21:01] Processing Check Schemes.INFO: Current Status: Online [] []
[2020-05-31 17:21:06] Processing Check Schemes.INFO: Current Status: Online [] []
[2020-05-31 17:21:08] Processing Check Schemes.INFO: ----------------------------------------- [] []
[2020-05-31 17:21:08] Processing Check Schemes.INFO:    [] []
[2020-05-31 17:40:05] Processing Check Schemes.INFO: Running scheme status checker [2020-05-31 17:40:05]  [] []
[2020-05-31 17:40:06] Processing Check Schemes.INFO: Current Status: Online [] []
[2020-05-31 17:40:11] Processing Check Schemes.INFO: Current Status: Online [] []
[2020-05-31 17:40:16] Processing Check Schemes.INFO: Current Status: Online [] []
[2020-05-31 17:40:21] Processing Check Schemes.INFO: Current Status: Online [] []
[2020-05-31 17:40:27] Processing Check Schemes.INFO: Current Status: Online [] []
[2020-05-31 17:40:32] Processing Check Schemes.INFO: Current Status: Online [] []
[2020-05-31 17:40:35] Processing Check Schemes.INFO: Current Status: Online [] []
[2020-05-31 17:40:39] Processing Check Schemes.INFO: Current Status: Online [] []
[2020-05-31 17:40:44] Processing Check Schemes.INFO: Current Status: Online [] []
[2020-05-31 17:40:48] Processing Check Schemes.INFO: Current Status: Online [] []
[2020-05-31 17:40:52] Processing Check Schemes.INFO: Current Status: Online [] []
[2020-05-31 17:40:55] Processing Check Schemes.INFO: Current Status: Online [] []
[2020-05-31 17:41:00] Processing Check Schemes.INFO: Current Status: Online [] []
[2020-05-31 17:41:04] Processing Check Schemes.INFO: Current Status: Online [] []
[2020-05-31 17:41:11] Processing Check Schemes.INFO: Current Status: Online [] []
[2020-05-31 17:41:13] Processing Check Schemes.INFO: ----------------------------------------- [] []
[2020-05-31 17:41:13] Processing Check Schemes.INFO:    [] []
[2020-05-31 23:00:05] Processing Check Schemes.INFO: Running scheme status checker [2020-05-31 23:00:05]  [] []
[2020-05-31 23:00:10] Processing Check Schemes.INFO: Current Status: Online [] []
[2020-05-31 23:00:22] Processing Check Schemes.INFO: Current Status: Online [] []
[2020-05-31 23:00:28] Processing Check Schemes.INFO: Current Status: Online [] []
[2020-05-31 23:00:36] Processing Check Schemes.INFO: Current Status: Online [] []
[2020-05-31 23:00:50] Processing Check Schemes.INFO: Current Status: Online [] []
[2020-05-31 23:00:55] Processing Check Schemes.INFO: Current Status: Online [] []
[2020-05-31 23:01:01] Processing Check Schemes.INFO: Current Status: Online [] []
[2020-05-31 23:01:07] Processing Check Schemes.INFO: Current Status: Online [] []
[2020-05-31 23:01:18] Processing Check Schemes.INFO: Current Status: Online [] []
[2020-05-31 23:01:22] Processing Check Schemes.INFO: Current Status: Online [] []
[2020-05-31 23:01:27] Processing Check Schemes.INFO: Current Status: Online [] []
[2020-05-31 23:01:30] Processing Check Schemes.INFO: Current Status: Online [] []
[2020-05-31 23:01:33] Processing Check Schemes.INFO: Current Status: Online [] []
[2020-05-31 23:01:37] Processing Check Schemes.INFO: Current Status: Online [] []
[2020-05-31 23:01:47] Processing Check Schemes.INFO: Current Status: Online [] []
[2020-05-31 23:01:49] Processing Check Schemes.INFO: ----------------------------------------- [] []
[2020-05-31 23:01:49] Processing Check Schemes.INFO:    [] []
[2020-05-31 23:20:04] Processing Check Schemes.INFO: Running scheme status checker [2020-05-31 23:20:04]  [] []
[2020-05-31 23:20:06] Processing Check Schemes.INFO: Current Status: Online [] []
[2020-05-31 23:20:11] Processing Check Schemes.INFO: Current Status: Online [] []
[2020-05-31 23:20:16] Processing Check Schemes.INFO: Current Status: Online [] []
[2020-05-31 23:20:21] Processing Check Schemes.INFO: Current Status: Online [] []
[2020-05-31 23:20:26] Processing Check Schemes.INFO: Current Status: Online [] []
[2020-05-31 23:20:30] Processing Check Schemes.INFO: Current Status: Online [] []
[2020-05-31 23:20:34] Processing Check Schemes.INFO: Current Status: Online [] []
[2020-05-31 23:20:39] Processing Check Schemes.INFO: Current Status: Online [] []
[2020-05-31 23:20:45] Processing Check Schemes.INFO: Current Status: Online [] []
[2020-05-31 23:20:49] Processing Check Schemes.INFO: Current Status: Online [] []
[2020-05-31 23:20:54] Processing Check Schemes.INFO: Current Status: Online [] []
[2020-05-31 23:20:57] Processing Check Schemes.INFO: Current Status: Online [] []
[2020-05-31 23:21:01] Processing Check Schemes.INFO: Current Status: Online [] []
[2020-05-31 23:21:06] Processing Check Schemes.INFO: Current Status: Online [] []
[2020-05-31 23:21:10] Processing Check Schemes.INFO: Current Status: Online [] []
[2020-05-31 23:21:13] Processing Check Schemes.INFO: ----------------------------------------- [] []
[2020-05-31 23:21:13] Processing Check Schemes.INFO:    [] []
[2020-05-31 23:40:05] Processing Check Schemes.INFO: Running scheme status checker [2020-05-31 23:40:05]  [] []
[2020-05-31 23:40:08] Processing Check Schemes.INFO: Current Status: Online [] []
[2020-05-31 23:40:14] Processing Check Schemes.INFO: Current Status: Online [] []
[2020-05-31 23:40:19] Processing Check Schemes.INFO: Current Status: Online [] []
[2020-05-31 23:40:24] Processing Check Schemes.INFO: Current Status: Online [] []
[2020-05-31 23:40:30] Processing Check Schemes.INFO: Current Status: Online [] []
[2020-05-31 23:40:34] Processing Check Schemes.INFO: Current Status: Online [] []
[2020-05-31 23:40:38] Processing Check Schemes.INFO: Current Status: Online [] []
[2020-05-31 23:40:42] Processing Check Schemes.INFO: Current Status: Online [] []
[2020-05-31 23:40:48] Processing Check Schemes.INFO: Current Status: Online [] []
[2020-05-31 23:40:52] Processing Check Schemes.INFO: Current Status: Online [] []
[2020-05-31 23:40:56] Processing Check Schemes.INFO: Current Status: Online [] []
[2020-05-31 23:40:58] Processing Check Schemes.INFO: Current Status: Online [] []
[2020-05-31 23:41:03] Processing Check Schemes.INFO: Current Status: Online [] []
[2020-05-31 23:41:07] Processing Check Schemes.INFO: Current Status: Online [] []
[2020-05-31 23:41:11] Processing Check Schemes.INFO: Current Status: Online [] []
[2020-05-31 23:41:12] Processing Check Schemes.INFO: ----------------------------------------- [] []
[2020-05-31 23:41:12] Processing Check Schemes.INFO:    [] []
