[2019-03-02 03:05:01] Automated Meters Readings.INFO: Reading processing initiated {"reading_id":97748} []
[2019-03-02 03:05:01] Automated Meters Readings.INFO: Reading processed successfully {"reading_id":97748} []
[2019-03-02 13:05:02] Automated Meters Readings.INFO: Reading processing initiated {"reading_id":97749} []
[2019-03-02 13:05:02] Automated Meters Readings.INFO: Reading processed successfully {"reading_id":97749} []
[2019-03-02 13:05:02] Automated Meters Readings.INFO: Reading processing initiated {"reading_id":97750} []
[2019-03-02 13:05:02] Automated Meters Readings.INFO: Reading processed successfully {"reading_id":97750} []
[2019-03-02 13:05:02] Automated Meters Readings.INFO: Sending Automated Readings Emails initiated [] []
[2019-03-02 13:05:02] Automated Meters Readings.INFO: Sending Automated Readings Emails to {"email_addresses":["daniel@prepago.ie","mariana.bozduganova@gmail.com","aidan@prepago.ie"]} []
[2019-03-02 13:05:02] Automated Meters Readings.INFO: Prepare Email Information - reading id 97749 [] []
[2019-03-02 13:05:02] Automated Meters Readings.INFO: Prepare Email Information - customer first and last name - Dean  Shannon [] []
[2019-03-02 13:05:02] Automated Meters Readings.INFO: Prepare Email Information - customer email - dean-shannon@hotmail.com [] []
[2019-03-02 13:05:02] Automated Meters Readings.INFO: Prepare Email Information - pm meter number - ag_55655597 [] []
[2019-03-02 13:05:02] Automated Meters Readings.INFO: Prepare Email Information - reading  - 3630 [] []
[2019-03-02 13:05:02] Automated Meters Readings.INFO: Prepare Email Information - scheme company name  - 1 [] []
[2019-03-02 13:05:02] Automated Meters Readings.INFO: Prepare Email Information - reading_status  - successful [] []
[2019-03-02 13:05:03] Automated Meters Readings.INFO: Automated Readings Emails sent successfully [] []
[2019-03-02 17:05:01] Automated Meters Readings.INFO: Reading processing initiated {"reading_id":97751} []
[2019-03-02 17:05:01] Automated Meters Readings.INFO: Reading processed successfully {"reading_id":97751} []
[2019-03-02 17:05:01] Automated Meters Readings.INFO: Reading processing initiated {"reading_id":97752} []
[2019-03-02 17:05:01] Automated Meters Readings.INFO: Reading processed successfully {"reading_id":97752} []
[2019-03-02 17:05:01] Automated Meters Readings.INFO: Reading processing initiated {"reading_id":97753} []
[2019-03-02 17:05:01] Automated Meters Readings.INFO: Reading processed successfully {"reading_id":97753} []
[2019-03-02 17:05:01] Automated Meters Readings.INFO: Reading processing initiated {"reading_id":97754} []
[2019-03-02 17:05:01] Automated Meters Readings.INFO: Reading processed successfully {"reading_id":97754} []
[2019-03-02 17:05:01] Automated Meters Readings.INFO: Reading processing initiated {"reading_id":97755} []
[2019-03-02 17:05:01] Automated Meters Readings.INFO: Reading processed successfully {"reading_id":97755} []
[2019-03-02 17:05:01] Automated Meters Readings.INFO: Reading processing initiated {"reading_id":97756} []
[2019-03-02 17:05:01] Automated Meters Readings.INFO: Reading processed successfully {"reading_id":97756} []
[2019-03-02 17:05:01] Automated Meters Readings.INFO: Reading processing initiated {"reading_id":97757} []
[2019-03-02 17:05:01] Automated Meters Readings.INFO: Reading processed successfully {"reading_id":97757} []
[2019-03-02 18:05:01] Automated Meters Readings.INFO: Reading processing initiated {"reading_id":97758} []
[2019-03-02 18:05:01] Automated Meters Readings.INFO: Reading processed successfully {"reading_id":97758} []
