[2019-12-08 10:30:02] Credit Warning SMS Yellow Zone log.INFO: Sending credit warning SMS to customer 8garryknock [] []
[2019-12-08 10:30:02] Credit Warning SMS Yellow Zone log.INFO: Credit warning SMS sent to customer 8garryknock [] []
[2019-12-08 10:30:02] Credit Warning SMS Yellow Zone log.INFO: Sending credit warning SMS to customer 9garryknock [] []
[2019-12-08 10:30:02] Credit Warning SMS Yellow Zone log.INFO: Credit warning SMS sent to customer 9garryknock [] []
[2019-12-08 10:30:02] Credit Warning SMS Yellow Zone log.INFO: Sending credit warning SMS to customer 19garryknock [] []
[2019-12-08 10:30:02] Credit Warning SMS Yellow Zone log.INFO: Credit warning SMS sent to customer 19garryknock [] []
[2019-12-08 10:30:02] Credit Warning SMS Yellow Zone log.INFO: Sending credit warning SMS to customer 2brackenview [] []
[2019-12-08 10:30:02] Credit Warning SMS Yellow Zone log.INFO: Credit warning SMS sent to customer 2brackenview [] []
[2019-12-08 10:30:02] Credit Warning SMS Yellow Zone log.INFO: Sending credit warning SMS to customer 8Emerald [] []
[2019-12-08 10:30:02] Credit Warning SMS Yellow Zone log.INFO: Credit warning SMS sent to customer 8Emerald [] []
[2019-12-08 10:30:02] Credit Warning SMS Yellow Zone log.INFO: Sending credit warning SMS to customer 15Emerald [] []
[2019-12-08 10:30:02] Credit Warning SMS Yellow Zone log.INFO: Credit warning SMS sent to customer 15Emerald [] []
[2019-12-08 10:30:02] Credit Warning SMS Yellow Zone log.INFO: Sending credit warning SMS to customer 6Emerald [] []
[2019-12-08 10:30:02] Credit Warning SMS Yellow Zone log.INFO: Credit warning SMS sent to customer 6Emerald [] []
[2019-12-08 10:30:02] Credit Warning SMS Yellow Zone log.INFO: Sending credit warning SMS to customer 176neptune [] []
[2019-12-08 10:30:02] Credit Warning SMS Yellow Zone log.INFO: Credit warning SMS sent to customer 176neptune [] []
[2019-12-08 10:30:02] Credit Warning SMS Yellow Zone log.INFO: Sending credit warning SMS to customer 162neptune [] []
[2019-12-08 10:30:02] Credit Warning SMS Yellow Zone log.INFO: Credit warning SMS sent to customer 162neptune [] []
[2019-12-08 10:30:02] Credit Warning SMS Yellow Zone log.INFO: Sending credit warning SMS to customer 17neptune [] []
[2019-12-08 10:30:02] Credit Warning SMS Yellow Zone log.INFO: Credit warning SMS sent to customer 17neptune [] []
[2019-12-08 10:30:02] Credit Warning SMS Yellow Zone log.INFO: Sending credit warning SMS to customer 132Neptune [] []
[2019-12-08 10:30:02] Credit Warning SMS Yellow Zone log.INFO: Credit warning SMS sent to customer 132Neptune [] []
[2019-12-08 10:30:02] Credit Warning SMS Yellow Zone log.INFO: Sending credit warning SMS to customer 135Neptune [] []
[2019-12-08 10:30:02] Credit Warning SMS Yellow Zone log.INFO: Credit warning SMS sent to customer 135Neptune [] []
[2019-12-08 10:30:02] Credit Warning SMS Yellow Zone log.INFO: Sending credit warning SMS to customer 27neptune [] []
[2019-12-08 10:30:02] Credit Warning SMS Yellow Zone log.INFO: Credit warning SMS sent to customer 27neptune [] []
[2019-12-08 10:30:02] Credit Warning SMS Yellow Zone log.INFO: Sending credit warning SMS to customer 140Neptune [] []
[2019-12-08 10:30:02] Credit Warning SMS Yellow Zone log.INFO: Credit warning SMS sent to customer 140Neptune [] []
[2019-12-08 10:30:02] Credit Warning SMS Yellow Zone log.INFO: Sending credit warning SMS to customer 108Neptune [] []
[2019-12-08 10:30:02] Credit Warning SMS Yellow Zone log.INFO: Credit warning SMS sent to customer 108Neptune [] []
[2019-12-08 10:30:02] Credit Warning SMS Yellow Zone log.INFO: Sending credit warning SMS to customer 23neptune [] []
[2019-12-08 10:30:02] Credit Warning SMS Yellow Zone log.INFO: Credit warning SMS sent to customer 23neptune [] []
[2019-12-08 10:30:02] Credit Warning SMS Yellow Zone log.INFO: Sending credit warning SMS to customer 170neptune [] []
[2019-12-08 10:30:02] Credit Warning SMS Yellow Zone log.INFO: Credit warning SMS sent to customer 170neptune [] []
[2019-12-08 10:30:02] Credit Warning SMS Yellow Zone log.INFO: Sending credit warning SMS to customer 38neptune [] []
[2019-12-08 10:30:02] Credit Warning SMS Yellow Zone log.INFO: Credit warning SMS sent to customer 38neptune [] []
[2019-12-08 10:30:02] Credit Warning SMS Yellow Zone log.INFO: Sending credit warning SMS to customer 5Abbott [] []
[2019-12-08 10:30:02] Credit Warning SMS Yellow Zone log.INFO: Credit warning SMS sent to customer 5Abbott [] []
[2019-12-08 10:30:02] Credit Warning SMS Yellow Zone log.INFO: Sending credit warning SMS to customer 10Abbott [] []
[2019-12-08 10:30:02] Credit Warning SMS Yellow Zone log.INFO: Credit warning SMS sent to customer 10Abbott [] []
[2019-12-08 10:30:02] Credit Warning SMS Yellow Zone log.INFO: Sending credit warning SMS to customer 15Abbott [] []
[2019-12-08 10:30:02] Credit Warning SMS Yellow Zone log.INFO: Credit warning SMS sent to customer 15Abbott [] []
[2019-12-08 10:30:02] Credit Warning SMS Yellow Zone log.INFO: Sending credit warning SMS to customer 21Abbott [] []
[2019-12-08 10:30:02] Credit Warning SMS Yellow Zone log.INFO: Credit warning SMS sent to customer 21Abbott [] []
[2019-12-08 10:30:02] Credit Warning SMS Yellow Zone log.INFO: Sending credit warning SMS to customer 24Abbott [] []
[2019-12-08 10:30:02] Credit Warning SMS Yellow Zone log.INFO: Credit warning SMS sent to customer 24Abbott [] []
[2019-12-08 10:30:02] Credit Warning SMS Yellow Zone log.INFO: Sending credit warning SMS to customer 28Abbott [] []
[2019-12-08 10:30:02] Credit Warning SMS Yellow Zone log.INFO: Credit warning SMS sent to customer 28Abbott [] []
[2019-12-08 10:30:02] Credit Warning SMS Yellow Zone log.INFO: Sending credit warning SMS to customer 31Abbott [] []
[2019-12-08 10:30:02] Credit Warning SMS Yellow Zone log.INFO: Credit warning SMS sent to customer 31Abbott [] []
[2019-12-08 10:30:02] Credit Warning SMS Yellow Zone log.INFO: Sending credit warning SMS to customer 35Abbott [] []
[2019-12-08 10:30:03] Credit Warning SMS Yellow Zone log.INFO: Credit warning SMS sent to customer 35Abbott [] []
[2019-12-08 10:30:03] Credit Warning SMS Yellow Zone log.INFO: Sending credit warning SMS to customer 62Abbott [] []
[2019-12-08 10:30:03] Credit Warning SMS Yellow Zone log.INFO: Credit warning SMS sent to customer 62Abbott [] []
[2019-12-08 10:30:03] Credit Warning SMS Yellow Zone log.INFO: Sending credit warning SMS to customer 87Abbott [] []
[2019-12-08 10:30:03] Credit Warning SMS Yellow Zone log.INFO: Credit warning SMS sent to customer 87Abbott [] []
[2019-12-08 10:30:03] Credit Warning SMS Yellow Zone log.INFO: Sending credit warning SMS to customer 48Abbott [] []
[2019-12-08 10:30:03] Credit Warning SMS Yellow Zone log.INFO: Credit warning SMS sent to customer 48Abbott [] []
[2019-12-08 10:30:03] Credit Warning SMS Yellow Zone log.INFO: Sending credit warning SMS to customer 84Abbott [] []
[2019-12-08 10:30:03] Credit Warning SMS Yellow Zone log.INFO: Credit warning SMS sent to customer 84Abbott [] []
[2019-12-08 10:30:03] Credit Warning SMS Yellow Zone log.INFO: Sending credit warning SMS to customer 44Abbott [] []
[2019-12-08 10:30:03] Credit Warning SMS Yellow Zone log.INFO: Credit warning SMS sent to customer 44Abbott [] []
[2019-12-08 10:30:03] Credit Warning SMS Yellow Zone log.INFO: Sending credit warning SMS to customer 65Abbott [] []
[2019-12-08 10:30:03] Credit Warning SMS Yellow Zone log.INFO: Credit warning SMS sent to customer 65Abbott [] []
[2019-12-08 10:30:03] Credit Warning SMS Yellow Zone log.INFO: Sending credit warning SMS to customer 71Abbott [] []
[2019-12-08 10:30:03] Credit Warning SMS Yellow Zone log.INFO: Credit warning SMS sent to customer 71Abbott [] []
[2019-12-08 10:30:03] Credit Warning SMS Yellow Zone log.INFO: Sending credit warning SMS to customer 105Abbott [] []
[2019-12-08 10:30:03] Credit Warning SMS Yellow Zone log.INFO: Credit warning SMS sent to customer 105Abbott [] []
[2019-12-08 10:30:03] Credit Warning SMS Yellow Zone log.INFO: Sending credit warning SMS to customer 106Abbott [] []
[2019-12-08 10:30:03] Credit Warning SMS Yellow Zone log.INFO: Credit warning SMS sent to customer 106Abbott [] []
[2019-12-08 10:30:03] Credit Warning SMS Yellow Zone log.INFO: Sending credit warning SMS to customer 111Abbott [] []
[2019-12-08 10:30:03] Credit Warning SMS Yellow Zone log.INFO: Credit warning SMS sent to customer 111Abbott [] []
[2019-12-08 10:30:03] Credit Warning SMS Yellow Zone log.INFO: Sending credit warning SMS to customer 112abbott [] []
[2019-12-08 10:30:03] Credit Warning SMS Yellow Zone log.INFO: Credit warning SMS sent to customer 112abbott [] []
[2019-12-08 10:30:03] Credit Warning SMS Yellow Zone log.INFO: Sending credit warning SMS to customer 117Abbott [] []
[2019-12-08 10:30:03] Credit Warning SMS Yellow Zone log.INFO: Credit warning SMS sent to customer 117Abbott [] []
[2019-12-08 10:30:03] Credit Warning SMS Yellow Zone log.INFO: Sending credit warning SMS to customer 119Abbott [] []
[2019-12-08 10:30:03] Credit Warning SMS Yellow Zone log.INFO: Credit warning SMS sent to customer 119Abbott [] []
[2019-12-08 10:30:03] Credit Warning SMS Yellow Zone log.INFO: Sending credit warning SMS to customer 98Abbott [] []
[2019-12-08 10:30:03] Credit Warning SMS Yellow Zone log.INFO: Credit warning SMS sent to customer 98Abbott [] []
[2019-12-08 10:30:03] Credit Warning SMS Yellow Zone log.INFO: Sending credit warning SMS to customer 81Abbott [] []
[2019-12-08 10:30:03] Credit Warning SMS Yellow Zone log.INFO: Credit warning SMS sent to customer 81Abbott [] []
[2019-12-08 10:30:03] Credit Warning SMS Yellow Zone log.INFO: Sending credit warning SMS to customer 146abbott [] []
[2019-12-08 10:30:03] Credit Warning SMS Yellow Zone log.INFO: Credit warning SMS sent to customer 146abbott [] []
[2019-12-08 10:30:03] Credit Warning SMS Yellow Zone log.INFO: Sending credit warning SMS to customer 164abbott [] []
[2019-12-08 10:30:03] Credit Warning SMS Yellow Zone log.INFO: Credit warning SMS sent to customer 164abbott [] []
[2019-12-08 10:30:03] Credit Warning SMS Yellow Zone log.INFO: Sending credit warning SMS to customer 184abbott [] []
[2019-12-08 10:30:03] Credit Warning SMS Yellow Zone log.INFO: Credit warning SMS sent to customer 184abbott [] []
[2019-12-08 10:30:03] Credit Warning SMS Yellow Zone log.INFO: Sending credit warning SMS to customer 35GreenBank [] []
[2019-12-08 10:30:03] Credit Warning SMS Yellow Zone log.INFO: Credit warning SMS sent to customer 35GreenBank [] []
[2019-12-08 10:30:03] Credit Warning SMS Yellow Zone log.INFO: Sending credit warning SMS to customer 175abbott [] []
[2019-12-08 10:30:03] Credit Warning SMS Yellow Zone log.INFO: Credit warning SMS sent to customer 175abbott [] []
[2019-12-08 10:30:03] Credit Warning SMS Yellow Zone log.INFO: Sending credit warning SMS to customer 14GreenBank [] []
[2019-12-08 10:30:03] Credit Warning SMS Yellow Zone log.INFO: Credit warning SMS sent to customer 14GreenBank [] []
[2019-12-08 10:30:03] Credit Warning SMS Yellow Zone log.INFO: Sending credit warning SMS to customer 157abbott [] []
[2019-12-08 10:30:03] Credit Warning SMS Yellow Zone log.INFO: Credit warning SMS sent to customer 157abbott [] []
[2019-12-08 10:30:03] Credit Warning SMS Yellow Zone log.INFO: Sending credit warning SMS to customer 6eustace [] []
[2019-12-08 10:30:03] Credit Warning SMS Yellow Zone log.INFO: Credit warning SMS sent to customer 6eustace [] []
[2019-12-08 10:30:03] Credit Warning SMS Yellow Zone log.INFO: Sending credit warning SMS to customer 156leona [] []
[2019-12-08 10:30:03] Credit Warning SMS Yellow Zone log.INFO: Credit warning SMS sent to customer 156leona [] []
[2019-12-08 10:30:03] Credit Warning SMS Yellow Zone log.INFO: Sending credit warning SMS to customer 28leona [] []
[2019-12-08 10:30:03] Credit Warning SMS Yellow Zone log.INFO: Credit warning SMS sent to customer 28leona [] []
[2019-12-08 10:30:03] Credit Warning SMS Yellow Zone log.INFO: Sending credit warning SMS to customer 23leona [] []
[2019-12-08 10:30:03] Credit Warning SMS Yellow Zone log.INFO: Credit warning SMS sent to customer 23leona [] []
[2019-12-08 10:30:03] Credit Warning SMS Yellow Zone log.INFO: Sending credit warning SMS to customer 151leona [] []
[2019-12-08 10:30:03] Credit Warning SMS Yellow Zone log.INFO: Credit warning SMS sent to customer 151leona [] []
[2019-12-08 10:30:03] Credit Warning SMS Yellow Zone log.INFO: Sending credit warning SMS to customer 58leona [] []
[2019-12-08 10:30:03] Credit Warning SMS Yellow Zone log.INFO: Credit warning SMS sent to customer 58leona [] []
[2019-12-08 10:30:03] Credit Warning SMS Yellow Zone log.INFO: Sending credit warning SMS to customer 60leona [] []
[2019-12-08 10:30:03] Credit Warning SMS Yellow Zone log.INFO: Credit warning SMS sent to customer 60leona [] []
[2019-12-08 10:30:03] Credit Warning SMS Yellow Zone log.INFO: Sending credit warning SMS to customer 125leona [] []
[2019-12-08 10:30:04] Credit Warning SMS Yellow Zone log.INFO: Credit warning SMS sent to customer 125leona [] []
[2019-12-08 10:30:04] Credit Warning SMS Yellow Zone log.INFO: Sending credit warning SMS to customer 94leona [] []
[2019-12-08 10:30:04] Credit Warning SMS Yellow Zone log.INFO: Credit warning SMS sent to customer 94leona [] []
[2019-12-08 10:30:04] Credit Warning SMS Yellow Zone log.INFO: Sending credit warning SMS to customer 81leona [] []
[2019-12-08 10:30:04] Credit Warning SMS Yellow Zone log.INFO: Credit warning SMS sent to customer 81leona [] []
[2019-12-08 10:30:04] Credit Warning SMS Yellow Zone log.INFO: Sending credit warning SMS to customer 117leona [] []
[2019-12-08 10:30:04] Credit Warning SMS Yellow Zone log.INFO: Credit warning SMS sent to customer 117leona [] []
[2019-12-08 10:30:04] Credit Warning SMS Yellow Zone log.INFO: Sending credit warning SMS to customer 119leona [] []
[2019-12-08 10:30:04] Credit Warning SMS Yellow Zone log.INFO: Credit warning SMS sent to customer 119leona [] []
[2019-12-08 10:30:04] Credit Warning SMS Yellow Zone log.INFO: Sending credit warning SMS to customer 105charlotte [] []
[2019-12-08 10:30:04] Credit Warning SMS Yellow Zone log.INFO: Credit warning SMS sent to customer 105charlotte [] []
[2019-12-08 10:30:04] Credit Warning SMS Yellow Zone log.INFO: Sending credit warning SMS to customer 127charlotte [] []
[2019-12-08 10:30:04] Credit Warning SMS Yellow Zone log.INFO: Credit warning SMS sent to customer 127charlotte [] []
[2019-12-08 10:30:04] Credit Warning SMS Yellow Zone log.INFO: Sending credit warning SMS to customer 141charlotte [] []
[2019-12-08 10:30:04] Credit Warning SMS Yellow Zone log.INFO: Credit warning SMS sent to customer 141charlotte [] []
[2019-12-08 10:30:04] Credit Warning SMS Yellow Zone log.INFO: Sending credit warning SMS to customer 117charlotte [] []
[2019-12-08 10:30:04] Credit Warning SMS Yellow Zone log.INFO: Credit warning SMS sent to customer 117charlotte [] []
[2019-12-08 10:30:04] Credit Warning SMS Yellow Zone log.INFO: Sending credit warning SMS to customer 29charlotte [] []
[2019-12-08 10:30:04] Credit Warning SMS Yellow Zone log.INFO: Credit warning SMS sent to customer 29charlotte [] []
[2019-12-08 10:30:04] Credit Warning SMS Yellow Zone log.INFO: Sending credit warning SMS to customer 70charlotte [] []
[2019-12-08 10:30:04] Credit Warning SMS Yellow Zone log.INFO: Credit warning SMS sent to customer 70charlotte [] []
[2019-12-08 10:30:04] Credit Warning SMS Yellow Zone log.INFO: Sending credit warning SMS to customer 99charlotte [] []
[2019-12-08 10:30:04] Credit Warning SMS Yellow Zone log.INFO: Credit warning SMS sent to customer 99charlotte [] []
[2019-12-08 10:30:04] Credit Warning SMS Yellow Zone log.INFO: Sending credit warning SMS to customer 157charlotte [] []
[2019-12-08 10:30:04] Credit Warning SMS Yellow Zone log.INFO: Credit warning SMS sent to customer 157charlotte [] []
[2019-12-08 10:30:04] Credit Warning SMS Yellow Zone log.INFO: Sending credit warning SMS to customer 115charlotte [] []
[2019-12-08 10:30:04] Credit Warning SMS Yellow Zone log.INFO: Credit warning SMS sent to customer 115charlotte [] []
[2019-12-08 10:30:04] Credit Warning SMS Yellow Zone log.INFO: Sending credit warning SMS to customer 135charlotte [] []
[2019-12-08 10:30:04] Credit Warning SMS Yellow Zone log.INFO: Credit warning SMS sent to customer 135charlotte [] []
[2019-12-08 10:30:04] Credit Warning SMS Yellow Zone log.INFO: Sending credit warning SMS to customer 50charlotte [] []
[2019-12-08 10:30:04] Credit Warning SMS Yellow Zone log.INFO: Credit warning SMS sent to customer 50charlotte [] []
[2019-12-08 10:30:04] Credit Warning SMS Yellow Zone log.INFO: Sending credit warning SMS to customer 68charlotte [] []
[2019-12-08 10:30:04] Credit Warning SMS Yellow Zone log.INFO: Credit warning SMS sent to customer 68charlotte [] []
[2019-12-08 10:30:04] Credit Warning SMS Yellow Zone log.INFO: Sending credit warning SMS to customer 3charlotte [] []
[2019-12-08 10:30:04] Credit Warning SMS Yellow Zone log.INFO: Credit warning SMS sent to customer 3charlotte [] []
[2019-12-08 10:30:04] Credit Warning SMS Yellow Zone log.INFO: Sending credit warning SMS to customer 6bridgefield [] []
[2019-12-08 10:30:04] Credit Warning SMS Yellow Zone log.INFO: Credit warning SMS sent to customer 6bridgefield [] []
[2019-12-08 10:30:04] Credit Warning SMS Yellow Zone log.INFO: Sending credit warning SMS to customer 5bridgefield [] []
[2019-12-08 10:30:04] Credit Warning SMS Yellow Zone log.INFO: Credit warning SMS sent to customer 5bridgefield [] []
[2019-12-08 10:30:04] Credit Warning SMS Yellow Zone log.INFO: Sending credit warning SMS to customer 20bridgefield [] []
[2019-12-08 10:30:04] Credit Warning SMS Yellow Zone log.INFO: Credit warning SMS sent to customer 20bridgefield [] []
[2019-12-08 10:30:04] Credit Warning SMS Yellow Zone log.INFO: Sending credit warning SMS to customer 46bridgefield [] []
[2019-12-08 10:30:04] Credit Warning SMS Yellow Zone log.INFO: Credit warning SMS sent to customer 46bridgefield [] []
[2019-12-08 10:30:04] Credit Warning SMS Yellow Zone log.INFO: Sending credit warning SMS to customer 115fairways [] []
[2019-12-08 10:30:04] Credit Warning SMS Yellow Zone log.INFO: Credit warning SMS sent to customer 115fairways [] []
[2019-12-08 10:30:04] Credit Warning SMS Yellow Zone log.INFO: Sending credit warning SMS to customer 125fairways [] []
[2019-12-08 10:30:04] Credit Warning SMS Yellow Zone log.INFO: Credit warning SMS sent to customer 125fairways [] []
[2019-12-08 10:30:04] Credit Warning SMS Yellow Zone log.INFO: Sending credit warning SMS to customer 68fairways [] []
[2019-12-08 10:30:04] Credit Warning SMS Yellow Zone log.INFO: Credit warning SMS sent to customer 68fairways [] []
[2019-12-08 10:30:04] Credit Warning SMS Yellow Zone log.INFO: Sending credit warning SMS to customer 103fairways [] []
[2019-12-08 10:30:04] Credit Warning SMS Yellow Zone log.INFO: Credit warning SMS sent to customer 103fairways [] []
[2019-12-08 10:30:04] Credit Warning SMS Yellow Zone log.INFO: Sending credit warning SMS to customer 118fairways [] []
[2019-12-08 10:30:04] Credit Warning SMS Yellow Zone log.INFO: Credit warning SMS sent to customer 118fairways [] []
[2019-12-08 10:30:04] Credit Warning SMS Yellow Zone log.INFO: Sent Credit warning SMS to 82 customers! [] []
