[2019-04-16 08:00:01] Credit Warning SMS Yellow Zone log.INFO: Sending credit warning SMS to customer 27garryknock [] []
[2019-04-16 08:00:02] Credit Warning SMS Yellow Zone log.INFO: Credit warning SMS sent to customer 27garryknock [] []
[2019-04-16 08:00:02] Credit Warning SMS Yellow Zone log.INFO: Sending credit warning SMS to customer 16sundayswell [] []
[2019-04-16 08:00:02] Credit Warning SMS Yellow Zone log.INFO: Credit warning SMS sent to customer 16sundayswell [] []
[2019-04-16 08:00:02] Credit Warning SMS Yellow Zone log.INFO: Sending credit warning SMS to customer 11brackenview [] []
[2019-04-16 08:00:02] Credit Warning SMS Yellow Zone log.INFO: Credit warning SMS sent to customer 11brackenview [] []
[2019-04-16 08:00:02] Credit Warning SMS Yellow Zone log.INFO: Sending credit warning SMS to customer 2brackenview [] []
[2019-04-16 08:00:02] Credit Warning SMS Yellow Zone log.INFO: Credit warning SMS sent to customer 2brackenview [] []
[2019-04-16 08:00:02] Credit Warning SMS Yellow Zone log.INFO: Sending credit warning SMS to customer 23garryknock [] []
[2019-04-16 08:00:02] Credit Warning SMS Yellow Zone log.INFO: Credit warning SMS sent to customer 23garryknock [] []
[2019-04-16 08:00:02] Credit Warning SMS Yellow Zone log.INFO: Sending credit warning SMS to customer 42Emerald [] []
[2019-04-16 08:00:02] Credit Warning SMS Yellow Zone log.INFO: Credit warning SMS sent to customer 42Emerald [] []
[2019-04-16 08:00:02] Credit Warning SMS Yellow Zone log.INFO: Sending credit warning SMS to customer 36Emerald [] []
[2019-04-16 08:00:02] Credit Warning SMS Yellow Zone log.INFO: Credit warning SMS sent to customer 36Emerald [] []
[2019-04-16 08:00:02] Credit Warning SMS Yellow Zone log.INFO: Sending credit warning SMS to customer 12Emerald [] []
[2019-04-16 08:00:02] Credit Warning SMS Yellow Zone log.INFO: Credit warning SMS sent to customer 12Emerald [] []
[2019-04-16 08:00:02] Credit Warning SMS Yellow Zone log.INFO: Sending credit warning SMS to customer 177neptune [] []
[2019-04-16 08:00:02] Credit Warning SMS Yellow Zone log.INFO: Credit warning SMS sent to customer 177neptune [] []
[2019-04-16 08:00:02] Credit Warning SMS Yellow Zone log.INFO: Sending credit warning SMS to customer 147Neptune [] []
[2019-04-16 08:00:02] Credit Warning SMS Yellow Zone log.INFO: Credit warning SMS sent to customer 147Neptune [] []
[2019-04-16 08:00:02] Credit Warning SMS Yellow Zone log.INFO: Sending credit warning SMS to customer 26neptune [] []
[2019-04-16 08:00:02] Credit Warning SMS Yellow Zone log.INFO: Credit warning SMS sent to customer 26neptune [] []
[2019-04-16 08:00:02] Credit Warning SMS Yellow Zone log.INFO: Sending credit warning SMS to customer 31neptune [] []
[2019-04-16 08:00:02] Credit Warning SMS Yellow Zone log.INFO: Credit warning SMS sent to customer 31neptune [] []
[2019-04-16 08:00:02] Credit Warning SMS Yellow Zone log.INFO: Sending credit warning SMS to customer 184neptune [] []
[2019-04-16 08:00:02] Credit Warning SMS Yellow Zone log.INFO: Credit warning SMS sent to customer 184neptune [] []
[2019-04-16 08:00:02] Credit Warning SMS Yellow Zone log.INFO: Sending credit warning SMS to customer 102Neptune [] []
[2019-04-16 08:00:02] Credit Warning SMS Yellow Zone log.INFO: Credit warning SMS sent to customer 102Neptune [] []
[2019-04-16 08:00:02] Credit Warning SMS Yellow Zone log.INFO: Sending credit warning SMS to customer 153Neptune [] []
[2019-04-16 08:00:02] Credit Warning SMS Yellow Zone log.INFO: Credit warning SMS sent to customer 153Neptune [] []
[2019-04-16 08:00:02] Credit Warning SMS Yellow Zone log.INFO: Sending credit warning SMS to customer 68Neptune [] []
[2019-04-16 08:00:02] Credit Warning SMS Yellow Zone log.INFO: Credit warning SMS sent to customer 68Neptune [] []
[2019-04-16 08:00:02] Credit Warning SMS Yellow Zone log.INFO: Sending credit warning SMS to customer 90Neptune [] []
[2019-04-16 08:00:03] Credit Warning SMS Yellow Zone log.INFO: Credit warning SMS sent to customer 90Neptune [] []
[2019-04-16 08:00:03] Credit Warning SMS Yellow Zone log.INFO: Sending credit warning SMS to customer 126Neptune [] []
[2019-04-16 08:00:03] Credit Warning SMS Yellow Zone log.INFO: Credit warning SMS sent to customer 126Neptune [] []
[2019-04-16 08:00:03] Credit Warning SMS Yellow Zone log.INFO: Sending credit warning SMS to customer 196neptune [] []
[2019-04-16 08:00:03] Credit Warning SMS Yellow Zone log.INFO: Credit warning SMS sent to customer 196neptune [] []
[2019-04-16 08:00:03] Credit Warning SMS Yellow Zone log.INFO: Sending credit warning SMS to customer 42neptune [] []
[2019-04-16 08:00:03] Credit Warning SMS Yellow Zone log.INFO: Credit warning SMS sent to customer 42neptune [] []
[2019-04-16 08:00:03] Credit Warning SMS Yellow Zone log.INFO: Sending credit warning SMS to customer 28neptune [] []
[2019-04-16 08:00:03] Credit Warning SMS Yellow Zone log.INFO: Credit warning SMS sent to customer 28neptune [] []
[2019-04-16 08:00:03] Credit Warning SMS Yellow Zone log.INFO: Sending credit warning SMS to customer 111Neptune [] []
[2019-04-16 08:00:03] Credit Warning SMS Yellow Zone log.INFO: Credit warning SMS sent to customer 111Neptune [] []
[2019-04-16 08:00:03] Credit Warning SMS Yellow Zone log.INFO: Sending credit warning SMS to customer 18neptune [] []
[2019-04-16 08:00:03] Credit Warning SMS Yellow Zone log.INFO: Credit warning SMS sent to customer 18neptune [] []
[2019-04-16 08:00:03] Credit Warning SMS Yellow Zone log.INFO: Sending credit warning SMS to customer 78Neptune [] []
[2019-04-16 08:00:03] Credit Warning SMS Yellow Zone log.INFO: Credit warning SMS sent to customer 78Neptune [] []
[2019-04-16 08:00:03] Credit Warning SMS Yellow Zone log.INFO: Sending credit warning SMS to customer 47Neptune [] []
[2019-04-16 08:00:03] Credit Warning SMS Yellow Zone log.INFO: Credit warning SMS sent to customer 47Neptune [] []
[2019-04-16 08:00:03] Credit Warning SMS Yellow Zone log.INFO: Sending credit warning SMS to customer 64Neptune [] []
[2019-04-16 08:00:03] Credit Warning SMS Yellow Zone log.INFO: Credit warning SMS sent to customer 64Neptune [] []
[2019-04-16 08:00:03] Credit Warning SMS Yellow Zone log.INFO: Sending credit warning SMS to customer 192neptune [] []
[2019-04-16 08:00:03] Credit Warning SMS Yellow Zone log.INFO: Credit warning SMS sent to customer 192neptune [] []
[2019-04-16 08:00:03] Credit Warning SMS Yellow Zone log.INFO: Sending credit warning SMS to customer 20neptune [] []
[2019-04-16 08:00:03] Credit Warning SMS Yellow Zone log.INFO: Credit warning SMS sent to customer 20neptune [] []
[2019-04-16 08:00:03] Credit Warning SMS Yellow Zone log.INFO: Sending credit warning SMS to customer 1Abbott [] []
[2019-04-16 08:00:03] Credit Warning SMS Yellow Zone log.INFO: Credit warning SMS sent to customer 1Abbott [] []
[2019-04-16 08:00:03] Credit Warning SMS Yellow Zone log.INFO: Sending credit warning SMS to customer 3Abbott [] []
[2019-04-16 08:00:03] Credit Warning SMS Yellow Zone log.INFO: Credit warning SMS sent to customer 3Abbott [] []
[2019-04-16 08:00:03] Credit Warning SMS Yellow Zone log.INFO: Sending credit warning SMS to customer 14Abbott [] []
[2019-04-16 08:00:03] Credit Warning SMS Yellow Zone log.INFO: Credit warning SMS sent to customer 14Abbott [] []
[2019-04-16 08:00:03] Credit Warning SMS Yellow Zone log.INFO: Sending credit warning SMS to customer 15Abbott [] []
[2019-04-16 08:00:03] Credit Warning SMS Yellow Zone log.INFO: Credit warning SMS sent to customer 15Abbott [] []
[2019-04-16 08:00:03] Credit Warning SMS Yellow Zone log.INFO: Sending credit warning SMS to customer 28Abbott [] []
[2019-04-16 08:00:03] Credit Warning SMS Yellow Zone log.INFO: Credit warning SMS sent to customer 28Abbott [] []
[2019-04-16 08:00:03] Credit Warning SMS Yellow Zone log.INFO: Sending credit warning SMS to customer 31Abbott [] []
[2019-04-16 08:00:03] Credit Warning SMS Yellow Zone log.INFO: Credit warning SMS sent to customer 31Abbott [] []
[2019-04-16 08:00:03] Credit Warning SMS Yellow Zone log.INFO: Sending credit warning SMS to customer 37Abbott [] []
[2019-04-16 08:00:03] Credit Warning SMS Yellow Zone log.INFO: Credit warning SMS sent to customer 37Abbott [] []
[2019-04-16 08:00:03] Credit Warning SMS Yellow Zone log.INFO: Sending credit warning SMS to customer 47Abbott [] []
[2019-04-16 08:00:03] Credit Warning SMS Yellow Zone log.INFO: Credit warning SMS sent to customer 47Abbott [] []
[2019-04-16 08:00:03] Credit Warning SMS Yellow Zone log.INFO: Sending credit warning SMS to customer 6Abbott [] []
[2019-04-16 08:00:03] Credit Warning SMS Yellow Zone log.INFO: Credit warning SMS sent to customer 6Abbott [] []
[2019-04-16 08:00:03] Credit Warning SMS Yellow Zone log.INFO: Sending credit warning SMS to customer 73Abbott [] []
[2019-04-16 08:00:03] Credit Warning SMS Yellow Zone log.INFO: Credit warning SMS sent to customer 73Abbott [] []
[2019-04-16 08:00:03] Credit Warning SMS Yellow Zone log.INFO: Sending credit warning SMS to customer 74Abbott [] []
[2019-04-16 08:00:03] Credit Warning SMS Yellow Zone log.INFO: Credit warning SMS sent to customer 74Abbott [] []
[2019-04-16 08:00:03] Credit Warning SMS Yellow Zone log.INFO: Sending credit warning SMS to customer 80Abbott [] []
[2019-04-16 08:00:03] Credit Warning SMS Yellow Zone log.INFO: Credit warning SMS sent to customer 80Abbott [] []
[2019-04-16 08:00:03] Credit Warning SMS Yellow Zone log.INFO: Sending credit warning SMS to customer 76Abbott [] []
[2019-04-16 08:00:03] Credit Warning SMS Yellow Zone log.INFO: Credit warning SMS sent to customer 76Abbott [] []
[2019-04-16 08:00:03] Credit Warning SMS Yellow Zone log.INFO: Sending credit warning SMS to customer 82Abbott [] []
[2019-04-16 08:00:03] Credit Warning SMS Yellow Zone log.INFO: Credit warning SMS sent to customer 82Abbott [] []
[2019-04-16 08:00:03] Credit Warning SMS Yellow Zone log.INFO: Sending credit warning SMS to customer 92Abbott [] []
[2019-04-16 08:00:03] Credit Warning SMS Yellow Zone log.INFO: Credit warning SMS sent to customer 92Abbott [] []
[2019-04-16 08:00:03] Credit Warning SMS Yellow Zone log.INFO: Sending credit warning SMS to customer 105Abbott [] []
[2019-04-16 08:00:03] Credit Warning SMS Yellow Zone log.INFO: Credit warning SMS sent to customer 105Abbott [] []
[2019-04-16 08:00:03] Credit Warning SMS Yellow Zone log.INFO: Sending credit warning SMS to customer 109Abbott [] []
[2019-04-16 08:00:03] Credit Warning SMS Yellow Zone log.INFO: Credit warning SMS sent to customer 109Abbott [] []
[2019-04-16 08:00:03] Credit Warning SMS Yellow Zone log.INFO: Sending credit warning SMS to customer 98Abbott [] []
[2019-04-16 08:00:03] Credit Warning SMS Yellow Zone log.INFO: Credit warning SMS sent to customer 98Abbott [] []
[2019-04-16 08:00:03] Credit Warning SMS Yellow Zone log.INFO: Sending credit warning SMS to customer 128abbott [] []
[2019-04-16 08:00:03] Credit Warning SMS Yellow Zone log.INFO: Credit warning SMS sent to customer 128abbott [] []
[2019-04-16 08:00:03] Credit Warning SMS Yellow Zone log.INFO: Sending credit warning SMS to customer 134abbott [] []
[2019-04-16 08:00:03] Credit Warning SMS Yellow Zone log.INFO: Credit warning SMS sent to customer 134abbott [] []
[2019-04-16 08:00:03] Credit Warning SMS Yellow Zone log.INFO: Sending credit warning SMS to customer 166abbott [] []
[2019-04-16 08:00:04] Credit Warning SMS Yellow Zone log.INFO: Credit warning SMS sent to customer 166abbott [] []
[2019-04-16 08:00:04] Credit Warning SMS Yellow Zone log.INFO: Sending credit warning SMS to customer 19GreenBank [] []
[2019-04-16 08:00:04] Credit Warning SMS Yellow Zone log.INFO: Credit warning SMS sent to customer 19GreenBank [] []
[2019-04-16 08:00:04] Credit Warning SMS Yellow Zone log.INFO: Sending credit warning SMS to customer 189abbott [] []
[2019-04-16 08:00:04] Credit Warning SMS Yellow Zone log.INFO: Credit warning SMS sent to customer 189abbott [] []
[2019-04-16 08:00:04] Credit Warning SMS Yellow Zone log.INFO: Sending credit warning SMS to customer 17eustace [] []
[2019-04-16 08:00:04] Credit Warning SMS Yellow Zone log.INFO: Credit warning SMS sent to customer 17eustace [] []
[2019-04-16 08:00:04] Credit Warning SMS Yellow Zone log.INFO: Sending credit warning SMS to customer 144leona [] []
[2019-04-16 08:00:04] Credit Warning SMS Yellow Zone log.INFO: Credit warning SMS sent to customer 144leona [] []
[2019-04-16 08:00:04] Credit Warning SMS Yellow Zone log.INFO: Sending credit warning SMS to customer 133leona [] []
[2019-04-16 08:00:04] Credit Warning SMS Yellow Zone log.INFO: Credit warning SMS sent to customer 133leona [] []
[2019-04-16 08:00:04] Credit Warning SMS Yellow Zone log.INFO: Sending credit warning SMS to customer 155leona [] []
[2019-04-16 08:00:04] Credit Warning SMS Yellow Zone log.INFO: Credit warning SMS sent to customer 155leona [] []
[2019-04-16 08:00:04] Credit Warning SMS Yellow Zone log.INFO: Sending credit warning SMS to customer 5leona [] []
[2019-04-16 08:00:04] Credit Warning SMS Yellow Zone log.INFO: Credit warning SMS sent to customer 5leona [] []
[2019-04-16 08:00:04] Credit Warning SMS Yellow Zone log.INFO: Sending credit warning SMS to customer 23leona [] []
[2019-04-16 08:00:04] Credit Warning SMS Yellow Zone log.INFO: Credit warning SMS sent to customer 23leona [] []
[2019-04-16 08:00:04] Credit Warning SMS Yellow Zone log.INFO: Sending credit warning SMS to customer 141leona [] []
[2019-04-16 08:00:04] Credit Warning SMS Yellow Zone log.INFO: Credit warning SMS sent to customer 141leona [] []
[2019-04-16 08:00:04] Credit Warning SMS Yellow Zone log.INFO: Sending credit warning SMS to customer 151leona [] []
[2019-04-16 08:00:04] Credit Warning SMS Yellow Zone log.INFO: Credit warning SMS sent to customer 151leona [] []
[2019-04-16 08:00:04] Credit Warning SMS Yellow Zone log.INFO: Sending credit warning SMS to customer 58leona [] []
[2019-04-16 08:00:04] Credit Warning SMS Yellow Zone log.INFO: Credit warning SMS sent to customer 58leona [] []
[2019-04-16 08:00:04] Credit Warning SMS Yellow Zone log.INFO: Sending credit warning SMS to customer 121leona [] []
[2019-04-16 08:00:04] Credit Warning SMS Yellow Zone log.INFO: Credit warning SMS sent to customer 121leona [] []
[2019-04-16 08:00:04] Credit Warning SMS Yellow Zone log.INFO: Sending credit warning SMS to customer 38leona [] []
[2019-04-16 08:00:04] Credit Warning SMS Yellow Zone log.INFO: Credit warning SMS sent to customer 38leona [] []
[2019-04-16 08:00:04] Credit Warning SMS Yellow Zone log.INFO: Sending credit warning SMS to customer 115leona [] []
[2019-04-16 08:00:04] Credit Warning SMS Yellow Zone log.INFO: Credit warning SMS sent to customer 115leona [] []
[2019-04-16 08:00:04] Credit Warning SMS Yellow Zone log.INFO: Sending credit warning SMS to customer 15leona [] []
[2019-04-16 08:00:04] Credit Warning SMS Yellow Zone log.INFO: Credit warning SMS sent to customer 15leona [] []
[2019-04-16 08:00:04] Credit Warning SMS Yellow Zone log.INFO: Sending credit warning SMS to customer 117leona [] []
[2019-04-16 08:00:04] Credit Warning SMS Yellow Zone log.INFO: Credit warning SMS sent to customer 117leona [] []
[2019-04-16 08:00:04] Credit Warning SMS Yellow Zone log.INFO: Sending credit warning SMS to customer 115charlotte [] []
[2019-04-16 08:00:04] Credit Warning SMS Yellow Zone log.INFO: Credit warning SMS sent to customer 115charlotte [] []
[2019-04-16 08:00:04] Credit Warning SMS Yellow Zone log.INFO: Sending credit warning SMS to customer 146charlotte [] []
[2019-04-16 08:00:04] Credit Warning SMS Yellow Zone log.INFO: Credit warning SMS sent to customer 146charlotte [] []
[2019-04-16 08:00:04] Credit Warning SMS Yellow Zone log.INFO: Sending credit warning SMS to customer 4charlotte [] []
[2019-04-16 08:00:04] Credit Warning SMS Yellow Zone log.INFO: Credit warning SMS sent to customer 4charlotte [] []
[2019-04-16 08:00:04] Credit Warning SMS Yellow Zone log.INFO: Sending credit warning SMS to customer 12charlotte [] []
[2019-04-16 08:00:04] Credit Warning SMS Yellow Zone log.INFO: Credit warning SMS sent to customer 12charlotte [] []
[2019-04-16 08:00:04] Credit Warning SMS Yellow Zone log.INFO: Sending credit warning SMS to customer 14charlotte [] []
[2019-04-16 08:00:04] Credit Warning SMS Yellow Zone log.INFO: Credit warning SMS sent to customer 14charlotte [] []
[2019-04-16 08:00:04] Credit Warning SMS Yellow Zone log.INFO: Sending credit warning SMS to customer 15charlotte [] []
[2019-04-16 08:00:04] Credit Warning SMS Yellow Zone log.INFO: Credit warning SMS sent to customer 15charlotte [] []
[2019-04-16 08:00:04] Credit Warning SMS Yellow Zone log.INFO: Sending credit warning SMS to customer 31charlotte [] []
[2019-04-16 08:00:04] Credit Warning SMS Yellow Zone log.INFO: Credit warning SMS sent to customer 31charlotte [] []
[2019-04-16 08:00:04] Credit Warning SMS Yellow Zone log.INFO: Sending credit warning SMS to customer 45charlotte [] []
[2019-04-16 08:00:04] Credit Warning SMS Yellow Zone log.INFO: Credit warning SMS sent to customer 45charlotte [] []
[2019-04-16 08:00:04] Credit Warning SMS Yellow Zone log.INFO: Sending credit warning SMS to customer 37charlotte [] []
[2019-04-16 08:00:04] Credit Warning SMS Yellow Zone log.INFO: Credit warning SMS sent to customer 37charlotte [] []
[2019-04-16 08:00:04] Credit Warning SMS Yellow Zone log.INFO: Sending credit warning SMS to customer 39charlotte [] []
[2019-04-16 08:00:04] Credit Warning SMS Yellow Zone log.INFO: Credit warning SMS sent to customer 39charlotte [] []
[2019-04-16 08:00:04] Credit Warning SMS Yellow Zone log.INFO: Sending credit warning SMS to customer 54charlotte [] []
[2019-04-16 08:00:04] Credit Warning SMS Yellow Zone log.INFO: Credit warning SMS sent to customer 54charlotte [] []
[2019-04-16 08:00:04] Credit Warning SMS Yellow Zone log.INFO: Sending credit warning SMS to customer 82charlotte [] []
[2019-04-16 08:00:04] Credit Warning SMS Yellow Zone log.INFO: Credit warning SMS sent to customer 82charlotte [] []
[2019-04-16 08:00:04] Credit Warning SMS Yellow Zone log.INFO: Sending credit warning SMS to customer 81charlotte [] []
[2019-04-16 08:00:04] Credit Warning SMS Yellow Zone log.INFO: Credit warning SMS sent to customer 81charlotte [] []
[2019-04-16 08:00:04] Credit Warning SMS Yellow Zone log.INFO: Sending credit warning SMS to customer 73charlotte [] []
[2019-04-16 08:00:04] Credit Warning SMS Yellow Zone log.INFO: Credit warning SMS sent to customer 73charlotte [] []
