[2019-06-20 08:00:01] Credit Warning SMS Yellow Zone log.INFO: Sending credit warning SMS to customer 2garryknock [] []
[2019-06-20 08:00:01] Credit Warning SMS Yellow Zone log.INFO: An error occurred during credit warning SMS sending for customer 2garryknock [] []
[2019-06-20 08:00:01] Credit Warning SMS Yellow Zone log.INFO: Sending credit warning SMS to customer 21garryknock [] []
[2019-06-20 08:00:01] Credit Warning SMS Yellow Zone log.INFO: Credit warning SMS sent to customer 21garryknock [] []
[2019-06-20 08:00:01] Credit Warning SMS Yellow Zone log.INFO: Sending credit warning SMS to customer 5garryknock [] []
[2019-06-20 08:00:01] Credit Warning SMS Yellow Zone log.INFO: Credit warning SMS sent to customer 5garryknock [] []
[2019-06-20 08:00:01] Credit Warning SMS Yellow Zone log.INFO: Sending credit warning SMS to customer 50Emerald [] []
[2019-06-20 08:00:01] Credit Warning SMS Yellow Zone log.INFO: Credit warning SMS sent to customer 50Emerald [] []
[2019-06-20 08:00:01] Credit Warning SMS Yellow Zone log.INFO: Sending credit warning SMS to customer 33Emerald [] []
[2019-06-20 08:00:01] Credit Warning SMS Yellow Zone log.INFO: Credit warning SMS sent to customer 33Emerald [] []
[2019-06-20 08:00:01] Credit Warning SMS Yellow Zone log.INFO: Sending credit warning SMS to customer 34Emerald [] []
[2019-06-20 08:00:01] Credit Warning SMS Yellow Zone log.INFO: Credit warning SMS sent to customer 34Emerald [] []
[2019-06-20 08:00:01] Credit Warning SMS Yellow Zone log.INFO: Sending credit warning SMS to customer 45Emerald [] []
[2019-06-20 08:00:01] Credit Warning SMS Yellow Zone log.INFO: Credit warning SMS sent to customer 45Emerald [] []
[2019-06-20 08:00:01] Credit Warning SMS Yellow Zone log.INFO: Sending credit warning SMS to customer 29Emerald [] []
[2019-06-20 08:00:01] Credit Warning SMS Yellow Zone log.INFO: Credit warning SMS sent to customer 29Emerald [] []
[2019-06-20 08:00:01] Credit Warning SMS Yellow Zone log.INFO: Sending credit warning SMS to customer 194neptune [] []
[2019-06-20 08:00:01] Credit Warning SMS Yellow Zone log.INFO: Credit warning SMS sent to customer 194neptune [] []
[2019-06-20 08:00:01] Credit Warning SMS Yellow Zone log.INFO: Sending credit warning SMS to customer 177neptune [] []
[2019-06-20 08:00:01] Credit Warning SMS Yellow Zone log.INFO: Credit warning SMS sent to customer 177neptune [] []
[2019-06-20 08:00:01] Credit Warning SMS Yellow Zone log.INFO: Sending credit warning SMS to customer 112Neptune [] []
[2019-06-20 08:00:02] Credit Warning SMS Yellow Zone log.INFO: Credit warning SMS sent to customer 112Neptune [] []
[2019-06-20 08:00:02] Credit Warning SMS Yellow Zone log.INFO: Sending credit warning SMS to customer 157Neptune [] []
[2019-06-20 08:00:02] Credit Warning SMS Yellow Zone log.INFO: Credit warning SMS sent to customer 157Neptune [] []
[2019-06-20 08:00:02] Credit Warning SMS Yellow Zone log.INFO: Sending credit warning SMS to customer 86Neptune [] []
[2019-06-20 08:00:02] Credit Warning SMS Yellow Zone log.INFO: Credit warning SMS sent to customer 86Neptune [] []
[2019-06-20 08:00:02] Credit Warning SMS Yellow Zone log.INFO: Sending credit warning SMS to customer 100Neptune [] []
[2019-06-20 08:00:02] Credit Warning SMS Yellow Zone log.INFO: Credit warning SMS sent to customer 100Neptune [] []
[2019-06-20 08:00:02] Credit Warning SMS Yellow Zone log.INFO: Sending credit warning SMS to customer 93Neptune [] []
[2019-06-20 08:00:02] Credit Warning SMS Yellow Zone log.INFO: Credit warning SMS sent to customer 93Neptune [] []
[2019-06-20 08:00:02] Credit Warning SMS Yellow Zone log.INFO: Sending credit warning SMS to customer 82Neptune [] []
[2019-06-20 08:00:02] Credit Warning SMS Yellow Zone log.INFO: Credit warning SMS sent to customer 82Neptune [] []
[2019-06-20 08:00:02] Credit Warning SMS Yellow Zone log.INFO: Sending credit warning SMS to customer 153Neptune [] []
[2019-06-20 08:00:02] Credit Warning SMS Yellow Zone log.INFO: Credit warning SMS sent to customer 153Neptune [] []
[2019-06-20 08:00:02] Credit Warning SMS Yellow Zone log.INFO: Sending credit warning SMS to customer 68Neptune [] []
[2019-06-20 08:00:02] Credit Warning SMS Yellow Zone log.INFO: Credit warning SMS sent to customer 68Neptune [] []
[2019-06-20 08:00:02] Credit Warning SMS Yellow Zone log.INFO: Sending credit warning SMS to customer 72neptune [] []
[2019-06-20 08:00:02] Credit Warning SMS Yellow Zone log.INFO: Credit warning SMS sent to customer 72neptune [] []
[2019-06-20 08:00:02] Credit Warning SMS Yellow Zone log.INFO: Sending credit warning SMS to customer 140Neptune [] []
[2019-06-20 08:00:02] Credit Warning SMS Yellow Zone log.INFO: Credit warning SMS sent to customer 140Neptune [] []
[2019-06-20 08:00:02] Credit Warning SMS Yellow Zone log.INFO: Sending credit warning SMS to customer 47Neptune [] []
[2019-06-20 08:00:02] Credit Warning SMS Yellow Zone log.INFO: Credit warning SMS sent to customer 47Neptune [] []
[2019-06-20 08:00:02] Credit Warning SMS Yellow Zone log.INFO: Sending credit warning SMS to customer 121Neptune [] []
[2019-06-20 08:00:02] Credit Warning SMS Yellow Zone log.INFO: Credit warning SMS sent to customer 121Neptune [] []
[2019-06-20 08:00:02] Credit Warning SMS Yellow Zone log.INFO: Sending credit warning SMS to customer 41Abbott [] []
[2019-06-20 08:00:02] Credit Warning SMS Yellow Zone log.INFO: Credit warning SMS sent to customer 41Abbott [] []
[2019-06-20 08:00:02] Credit Warning SMS Yellow Zone log.INFO: Sending credit warning SMS to customer 1Abbott [] []
[2019-06-20 08:00:02] Credit Warning SMS Yellow Zone log.INFO: Credit warning SMS sent to customer 1Abbott [] []
[2019-06-20 08:00:02] Credit Warning SMS Yellow Zone log.INFO: Sending credit warning SMS to customer 4Abbott [] []
[2019-06-20 08:00:02] Credit Warning SMS Yellow Zone log.INFO: Credit warning SMS sent to customer 4Abbott [] []
[2019-06-20 08:00:02] Credit Warning SMS Yellow Zone log.INFO: Sending credit warning SMS to customer 10Abbott [] []
[2019-06-20 08:00:02] Credit Warning SMS Yellow Zone log.INFO: Credit warning SMS sent to customer 10Abbott [] []
[2019-06-20 08:00:02] Credit Warning SMS Yellow Zone log.INFO: Sending credit warning SMS to customer 15Abbott [] []
[2019-06-20 08:00:02] Credit Warning SMS Yellow Zone log.INFO: Credit warning SMS sent to customer 15Abbott [] []
[2019-06-20 08:00:02] Credit Warning SMS Yellow Zone log.INFO: Sending credit warning SMS to customer 24Abbott [] []
[2019-06-20 08:00:02] Credit Warning SMS Yellow Zone log.INFO: Credit warning SMS sent to customer 24Abbott [] []
[2019-06-20 08:00:02] Credit Warning SMS Yellow Zone log.INFO: Sending credit warning SMS to customer 37Abbott [] []
[2019-06-20 08:00:02] Credit Warning SMS Yellow Zone log.INFO: Credit warning SMS sent to customer 37Abbott [] []
[2019-06-20 08:00:02] Credit Warning SMS Yellow Zone log.INFO: Sending credit warning SMS to customer 47Abbott [] []
[2019-06-20 08:00:02] Credit Warning SMS Yellow Zone log.INFO: Credit warning SMS sent to customer 47Abbott [] []
[2019-06-20 08:00:02] Credit Warning SMS Yellow Zone log.INFO: Sending credit warning SMS to customer 6Abbott [] []
[2019-06-20 08:00:02] Credit Warning SMS Yellow Zone log.INFO: Credit warning SMS sent to customer 6Abbott [] []
[2019-06-20 08:00:02] Credit Warning SMS Yellow Zone log.INFO: Sending credit warning SMS to customer 74Abbott [] []
[2019-06-20 08:00:02] Credit Warning SMS Yellow Zone log.INFO: Credit warning SMS sent to customer 74Abbott [] []
[2019-06-20 08:00:02] Credit Warning SMS Yellow Zone log.INFO: Sending credit warning SMS to customer 59Abbott [] []
[2019-06-20 08:00:02] Credit Warning SMS Yellow Zone log.INFO: Credit warning SMS sent to customer 59Abbott [] []
[2019-06-20 08:00:02] Credit Warning SMS Yellow Zone log.INFO: Sending credit warning SMS to customer 85Abbott [] []
[2019-06-20 08:00:02] Credit Warning SMS Yellow Zone log.INFO: Credit warning SMS sent to customer 85Abbott [] []
[2019-06-20 08:00:02] Credit Warning SMS Yellow Zone log.INFO: Sending credit warning SMS to customer 44Abbott [] []
[2019-06-20 08:00:02] Credit Warning SMS Yellow Zone log.INFO: Credit warning SMS sent to customer 44Abbott [] []
[2019-06-20 08:00:02] Credit Warning SMS Yellow Zone log.INFO: Sending credit warning SMS to customer 61Abbott [] []
[2019-06-20 08:00:02] Credit Warning SMS Yellow Zone log.INFO: Credit warning SMS sent to customer 61Abbott [] []
[2019-06-20 08:00:02] Credit Warning SMS Yellow Zone log.INFO: Sending credit warning SMS to customer 71Abbott [] []
[2019-06-20 08:00:02] Credit Warning SMS Yellow Zone log.INFO: Credit warning SMS sent to customer 71Abbott [] []
[2019-06-20 08:00:02] Credit Warning SMS Yellow Zone log.INFO: Sending credit warning SMS to customer 105Abbott [] []
[2019-06-20 08:00:02] Credit Warning SMS Yellow Zone log.INFO: Credit warning SMS sent to customer 105Abbott [] []
[2019-06-20 08:00:02] Credit Warning SMS Yellow Zone log.INFO: Sending credit warning SMS to customer 111Abbott [] []
[2019-06-20 08:00:02] Credit Warning SMS Yellow Zone log.INFO: Credit warning SMS sent to customer 111Abbott [] []
[2019-06-20 08:00:02] Credit Warning SMS Yellow Zone log.INFO: Sending credit warning SMS to customer 120Abbott [] []
[2019-06-20 08:00:02] Credit Warning SMS Yellow Zone log.INFO: Credit warning SMS sent to customer 120Abbott [] []
[2019-06-20 08:00:02] Credit Warning SMS Yellow Zone log.INFO: Sending credit warning SMS to customer 121Abbott [] []
[2019-06-20 08:00:02] Credit Warning SMS Yellow Zone log.INFO: Credit warning SMS sent to customer 121Abbott [] []
[2019-06-20 08:00:02] Credit Warning SMS Yellow Zone log.INFO: Sending credit warning SMS to customer 115Abbott [] []
[2019-06-20 08:00:02] Credit Warning SMS Yellow Zone log.INFO: Credit warning SMS sent to customer 115Abbott [] []
[2019-06-20 08:00:02] Credit Warning SMS Yellow Zone log.INFO: Sending credit warning SMS to customer 81Abbott [] []
[2019-06-20 08:00:03] Credit Warning SMS Yellow Zone log.INFO: Credit warning SMS sent to customer 81Abbott [] []
[2019-06-20 08:00:03] Credit Warning SMS Yellow Zone log.INFO: Sending credit warning SMS to customer 93Abbott [] []
[2019-06-20 08:00:03] Credit Warning SMS Yellow Zone log.INFO: Credit warning SMS sent to customer 93Abbott [] []
[2019-06-20 08:00:03] Credit Warning SMS Yellow Zone log.INFO: Sending credit warning SMS to customer 118Abbott [] []
[2019-06-20 08:00:03] Credit Warning SMS Yellow Zone log.INFO: Credit warning SMS sent to customer 118Abbott [] []
[2019-06-20 08:00:03] Credit Warning SMS Yellow Zone log.INFO: Sending credit warning SMS to customer 155abbott [] []
[2019-06-20 08:00:03] Credit Warning SMS Yellow Zone log.INFO: Credit warning SMS sent to customer 155abbott [] []
[2019-06-20 08:00:03] Credit Warning SMS Yellow Zone log.INFO: Sending credit warning SMS to customer 128abbott [] []
[2019-06-20 08:00:03] Credit Warning SMS Yellow Zone log.INFO: Credit warning SMS sent to customer 128abbott [] []
[2019-06-20 08:00:03] Credit Warning SMS Yellow Zone log.INFO: Sending credit warning SMS to customer 191abbott [] []
[2019-06-20 08:00:03] Credit Warning SMS Yellow Zone log.INFO: Credit warning SMS sent to customer 191abbott [] []
[2019-06-20 08:00:03] Credit Warning SMS Yellow Zone log.INFO: Sending credit warning SMS to customer 188abbott [] []
[2019-06-20 08:00:03] Credit Warning SMS Yellow Zone log.INFO: Credit warning SMS sent to customer 188abbott [] []
[2019-06-20 08:00:03] Credit Warning SMS Yellow Zone log.INFO: Sending credit warning SMS to customer 167abbott [] []
[2019-06-20 08:00:03] Credit Warning SMS Yellow Zone log.INFO: Credit warning SMS sent to customer 167abbott [] []
[2019-06-20 08:00:03] Credit Warning SMS Yellow Zone log.INFO: Sending credit warning SMS to customer 137abbott [] []
[2019-06-20 08:00:03] Credit Warning SMS Yellow Zone log.INFO: Credit warning SMS sent to customer 137abbott [] []
[2019-06-20 08:00:03] Credit Warning SMS Yellow Zone log.INFO: Sending credit warning SMS to customer 1GreenBank [] []
[2019-06-20 08:00:03] Credit Warning SMS Yellow Zone log.INFO: Credit warning SMS sent to customer 1GreenBank [] []
[2019-06-20 08:00:03] Credit Warning SMS Yellow Zone log.INFO: Sending credit warning SMS to customer 11GreenBank [] []
[2019-06-20 08:00:03] Credit Warning SMS Yellow Zone log.INFO: Credit warning SMS sent to customer 11GreenBank [] []
[2019-06-20 08:00:03] Credit Warning SMS Yellow Zone log.INFO: Sending credit warning SMS to customer 14GreenBank [] []
[2019-06-20 08:00:03] Credit Warning SMS Yellow Zone log.INFO: Credit warning SMS sent to customer 14GreenBank [] []
[2019-06-20 08:00:03] Credit Warning SMS Yellow Zone log.INFO: Sending credit warning SMS to customer 104Abbott [] []
[2019-06-20 08:00:03] Credit Warning SMS Yellow Zone log.INFO: Credit warning SMS sent to customer 104Abbott [] []
[2019-06-20 08:00:03] Credit Warning SMS Yellow Zone log.INFO: Sending credit warning SMS to customer 76eustace [] []
[2019-06-20 08:00:03] Credit Warning SMS Yellow Zone log.INFO: Credit warning SMS sent to customer 76eustace [] []
[2019-06-20 08:00:03] Credit Warning SMS Yellow Zone log.INFO: Sending credit warning SMS to customer 38eustace [] []
[2019-06-20 08:00:03] Credit Warning SMS Yellow Zone log.INFO: Credit warning SMS sent to customer 38eustace [] []
[2019-06-20 08:00:03] Credit Warning SMS Yellow Zone log.INFO: Sending credit warning SMS to customer 84eustace [] []
[2019-06-20 08:00:03] Credit Warning SMS Yellow Zone log.INFO: Credit warning SMS sent to customer 84eustace [] []
[2019-06-20 08:00:03] Credit Warning SMS Yellow Zone log.INFO: Sending credit warning SMS to customer 74eustace [] []
[2019-06-20 08:00:03] Credit Warning SMS Yellow Zone log.INFO: Credit warning SMS sent to customer 74eustace [] []
[2019-06-20 08:00:03] Credit Warning SMS Yellow Zone log.INFO: Sending credit warning SMS to customer 67eustace [] []
[2019-06-20 08:00:03] Credit Warning SMS Yellow Zone log.INFO: Credit warning SMS sent to customer 67eustace [] []
[2019-06-20 08:00:03] Credit Warning SMS Yellow Zone log.INFO: Sending credit warning SMS to customer 30leona [] []
[2019-06-20 08:00:03] Credit Warning SMS Yellow Zone log.INFO: Credit warning SMS sent to customer 30leona [] []
[2019-06-20 08:00:03] Credit Warning SMS Yellow Zone log.INFO: Sending credit warning SMS to customer 28leona [] []
[2019-06-20 08:00:03] Credit Warning SMS Yellow Zone log.INFO: Credit warning SMS sent to customer 28leona [] []
[2019-06-20 08:00:03] Credit Warning SMS Yellow Zone log.INFO: Sending credit warning SMS to customer 34leona [] []
[2019-06-20 08:00:03] Credit Warning SMS Yellow Zone log.INFO: Credit warning SMS sent to customer 34leona [] []
[2019-06-20 08:00:03] Credit Warning SMS Yellow Zone log.INFO: Sending credit warning SMS to customer 23leona [] []
[2019-06-20 08:00:03] Credit Warning SMS Yellow Zone log.INFO: Credit warning SMS sent to customer 23leona [] []
[2019-06-20 08:00:03] Credit Warning SMS Yellow Zone log.INFO: Sending credit warning SMS to customer 42leona [] []
[2019-06-20 08:00:03] Credit Warning SMS Yellow Zone log.INFO: Credit warning SMS sent to customer 42leona [] []
[2019-06-20 08:00:03] Credit Warning SMS Yellow Zone log.INFO: Sending credit warning SMS to customer 60leona [] []
[2019-06-20 08:00:03] Credit Warning SMS Yellow Zone log.INFO: Credit warning SMS sent to customer 60leona [] []
[2019-06-20 08:00:03] Credit Warning SMS Yellow Zone log.INFO: Sending credit warning SMS to customer 62leona [] []
[2019-06-20 08:00:03] Credit Warning SMS Yellow Zone log.INFO: Credit warning SMS sent to customer 62leona [] []
[2019-06-20 08:00:03] Credit Warning SMS Yellow Zone log.INFO: Sending credit warning SMS to customer 45leona [] []
[2019-06-20 08:00:03] Credit Warning SMS Yellow Zone log.INFO: Credit warning SMS sent to customer 45leona [] []
[2019-06-20 08:00:03] Credit Warning SMS Yellow Zone log.INFO: Sending credit warning SMS to customer 79leona [] []
[2019-06-20 08:00:03] Credit Warning SMS Yellow Zone log.INFO: Credit warning SMS sent to customer 79leona [] []
[2019-06-20 08:00:03] Credit Warning SMS Yellow Zone log.INFO: Sending credit warning SMS to customer 98leona [] []
[2019-06-20 08:00:03] Credit Warning SMS Yellow Zone log.INFO: Credit warning SMS sent to customer 98leona [] []
[2019-06-20 08:00:03] Credit Warning SMS Yellow Zone log.INFO: Sending credit warning SMS to customer 94leona [] []
[2019-06-20 08:00:03] Credit Warning SMS Yellow Zone log.INFO: Credit warning SMS sent to customer 94leona [] []
[2019-06-20 08:00:03] Credit Warning SMS Yellow Zone log.INFO: Sending credit warning SMS to customer 149charlotte [] []
[2019-06-20 08:00:03] Credit Warning SMS Yellow Zone log.INFO: Credit warning SMS sent to customer 149charlotte [] []
[2019-06-20 08:00:03] Credit Warning SMS Yellow Zone log.INFO: Sending credit warning SMS to customer 134charlotte [] []
[2019-06-20 08:00:03] Credit Warning SMS Yellow Zone log.INFO: Credit warning SMS sent to customer 134charlotte [] []
[2019-06-20 08:00:03] Credit Warning SMS Yellow Zone log.INFO: Sending credit warning SMS to customer 144charlotte [] []
[2019-06-20 08:00:03] Credit Warning SMS Yellow Zone log.INFO: Credit warning SMS sent to customer 144charlotte [] []
[2019-06-20 08:00:03] Credit Warning SMS Yellow Zone log.INFO: Sending credit warning SMS to customer 46charlotte [] []
[2019-06-20 08:00:04] Credit Warning SMS Yellow Zone log.INFO: Credit warning SMS sent to customer 46charlotte [] []
[2019-06-20 08:00:04] Credit Warning SMS Yellow Zone log.INFO: Sending credit warning SMS to customer 50charlotte [] []
[2019-06-20 08:00:04] Credit Warning SMS Yellow Zone log.INFO: Credit warning SMS sent to customer 50charlotte [] []
[2019-06-20 08:00:04] Credit Warning SMS Yellow Zone log.INFO: Sending credit warning SMS to customer 18charlotte [] []
[2019-06-20 08:00:04] Credit Warning SMS Yellow Zone log.INFO: Credit warning SMS sent to customer 18charlotte [] []
[2019-06-20 08:00:04] Credit Warning SMS Yellow Zone log.INFO: Sending credit warning SMS to customer 38charlotte [] []
[2019-06-20 08:00:04] Credit Warning SMS Yellow Zone log.INFO: Credit warning SMS sent to customer 38charlotte [] []
[2019-06-20 08:00:04] Credit Warning SMS Yellow Zone log.INFO: Sending credit warning SMS to customer 44charlotte [] []
[2019-06-20 08:00:04] Credit Warning SMS Yellow Zone log.INFO: Credit warning SMS sent to customer 44charlotte [] []
[2019-06-20 08:00:04] Credit Warning SMS Yellow Zone log.INFO: Sending credit warning SMS to customer 52charlotte [] []
[2019-06-20 08:00:04] Credit Warning SMS Yellow Zone log.INFO: Credit warning SMS sent to customer 52charlotte [] []
[2019-06-20 08:00:04] Credit Warning SMS Yellow Zone log.INFO: Sending credit warning SMS to customer 55charlotte [] []
[2019-06-20 08:00:04] Credit Warning SMS Yellow Zone log.INFO: Credit warning SMS sent to customer 55charlotte [] []
[2019-06-20 08:00:04] Credit Warning SMS Yellow Zone log.INFO: Sending credit warning SMS to customer 53charlotte [] []
[2019-06-20 08:00:04] Credit Warning SMS Yellow Zone log.INFO: Credit warning SMS sent to customer 53charlotte [] []
[2019-06-20 08:00:04] Credit Warning SMS Yellow Zone log.INFO: Sending credit warning SMS to customer 39charlotte [] []
[2019-06-20 08:00:04] Credit Warning SMS Yellow Zone log.INFO: Credit warning SMS sent to customer 39charlotte [] []
[2019-06-20 08:00:04] Credit Warning SMS Yellow Zone log.INFO: Sending credit warning SMS to customer 57charlotte [] []
[2019-06-20 08:00:04] Credit Warning SMS Yellow Zone log.INFO: Credit warning SMS sent to customer 57charlotte [] []
[2019-06-20 08:00:04] Credit Warning SMS Yellow Zone log.INFO: Sending credit warning SMS to customer 82charlotte [] []
[2019-06-20 08:00:04] Credit Warning SMS Yellow Zone log.INFO: Credit warning SMS sent to customer 82charlotte [] []
[2019-06-20 08:00:04] Credit Warning SMS Yellow Zone log.INFO: Sending credit warning SMS to customer 65charlotte [] []
[2019-06-20 08:00:04] Credit Warning SMS Yellow Zone log.INFO: Credit warning SMS sent to customer 65charlotte [] []
