[2019-02-25 08:00:01] Credit Warning SMS Yellow Zone log.INFO: Sending credit warning SMS to customer 12brackenview [] []
[2019-02-25 08:00:01] Credit Warning SMS Yellow Zone log.INFO: Credit warning SMS sent to customer 12brackenview [] []
[2019-02-25 08:00:01] Credit Warning SMS Yellow Zone log.INFO: Sending credit warning SMS to customer 12sundayswell [] []
[2019-02-25 08:00:01] Credit Warning SMS Yellow Zone log.INFO: Credit warning SMS sent to customer 12sundayswell [] []
[2019-02-25 08:00:01] Credit Warning SMS Yellow Zone log.INFO: Sending credit warning SMS to customer 18Emerald [] []
[2019-02-25 08:00:01] Credit Warning SMS Yellow Zone log.INFO: Credit warning SMS sent to customer 18Emerald [] []
[2019-02-25 08:00:01] Credit Warning SMS Yellow Zone log.INFO: Sending credit warning SMS to customer 168neptune [] []
[2019-02-25 08:00:01] Credit Warning SMS Yellow Zone log.INFO: Credit warning SMS sent to customer 168neptune [] []
[2019-02-25 08:00:01] Credit Warning SMS Yellow Zone log.INFO: Sending credit warning SMS to customer 174neptune [] []
[2019-02-25 08:00:01] Credit Warning SMS Yellow Zone log.INFO: Credit warning SMS sent to customer 174neptune [] []
[2019-02-25 08:00:01] Credit Warning SMS Yellow Zone log.INFO: Sending credit warning SMS to customer 146Neptune [] []
[2019-02-25 08:00:01] Credit Warning SMS Yellow Zone log.INFO: Credit warning SMS sent to customer 146Neptune [] []
[2019-02-25 08:00:01] Credit Warning SMS Yellow Zone log.INFO: Sending credit warning SMS to customer 151Neptune [] []
[2019-02-25 08:00:01] Credit Warning SMS Yellow Zone log.INFO: Credit warning SMS sent to customer 151Neptune [] []
[2019-02-25 08:00:01] Credit Warning SMS Yellow Zone log.INFO: Sending credit warning SMS to customer 52Neptune [] []
[2019-02-25 08:00:01] Credit Warning SMS Yellow Zone log.INFO: Credit warning SMS sent to customer 52Neptune [] []
[2019-02-25 08:00:01] Credit Warning SMS Yellow Zone log.INFO: Sending credit warning SMS to customer 40neptune [] []
[2019-02-25 08:00:01] Credit Warning SMS Yellow Zone log.INFO: Credit warning SMS sent to customer 40neptune [] []
[2019-02-25 08:00:01] Credit Warning SMS Yellow Zone log.INFO: Sending credit warning SMS to customer 75Neptune [] []
[2019-02-25 08:00:01] Credit Warning SMS Yellow Zone log.INFO: Credit warning SMS sent to customer 75Neptune [] []
[2019-02-25 08:00:01] Credit Warning SMS Yellow Zone log.INFO: Sending credit warning SMS to customer 145Neptune [] []
[2019-02-25 08:00:01] Credit Warning SMS Yellow Zone log.INFO: Credit warning SMS sent to customer 145Neptune [] []
[2019-02-25 08:00:01] Credit Warning SMS Yellow Zone log.INFO: Sending credit warning SMS to customer 195neptune [] []
[2019-02-25 08:00:01] Credit Warning SMS Yellow Zone log.INFO: Credit warning SMS sent to customer 195neptune [] []
[2019-02-25 08:00:01] Credit Warning SMS Yellow Zone log.INFO: Sending credit warning SMS to customer 7neptune [] []
[2019-02-25 08:00:01] Credit Warning SMS Yellow Zone log.INFO: Credit warning SMS sent to customer 7neptune [] []
[2019-02-25 08:00:01] Credit Warning SMS Yellow Zone log.INFO: Sending credit warning SMS to customer 56Neptune [] []
[2019-02-25 08:00:02] Credit Warning SMS Yellow Zone log.INFO: Credit warning SMS sent to customer 56Neptune [] []
[2019-02-25 08:00:02] Credit Warning SMS Yellow Zone log.INFO: Sending credit warning SMS to customer 111Neptune [] []
[2019-02-25 08:00:02] Credit Warning SMS Yellow Zone log.INFO: Credit warning SMS sent to customer 111Neptune [] []
[2019-02-25 08:00:02] Credit Warning SMS Yellow Zone log.INFO: Sending credit warning SMS to customer 85Neptune [] []
[2019-02-25 08:00:02] Credit Warning SMS Yellow Zone log.INFO: Credit warning SMS sent to customer 85Neptune [] []
[2019-02-25 08:00:02] Credit Warning SMS Yellow Zone log.INFO: Sending credit warning SMS to customer 3neptune [] []
[2019-02-25 08:00:02] Credit Warning SMS Yellow Zone log.INFO: Credit warning SMS sent to customer 3neptune [] []
[2019-02-25 08:00:02] Credit Warning SMS Yellow Zone log.INFO: Sending credit warning SMS to customer 12Abbott [] []
[2019-02-25 08:00:02] Credit Warning SMS Yellow Zone log.INFO: Credit warning SMS sent to customer 12Abbott [] []
[2019-02-25 08:00:02] Credit Warning SMS Yellow Zone log.INFO: Sending credit warning SMS to customer 21Abbott [] []
[2019-02-25 08:00:02] Credit Warning SMS Yellow Zone log.INFO: Credit warning SMS sent to customer 21Abbott [] []
[2019-02-25 08:00:02] Credit Warning SMS Yellow Zone log.INFO: Sending credit warning SMS to customer 24Abbott [] []
[2019-02-25 08:00:02] Credit Warning SMS Yellow Zone log.INFO: Credit warning SMS sent to customer 24Abbott [] []
[2019-02-25 08:00:02] Credit Warning SMS Yellow Zone log.INFO: Sending credit warning SMS to customer 31Abbott [] []
[2019-02-25 08:00:02] Credit Warning SMS Yellow Zone log.INFO: Credit warning SMS sent to customer 31Abbott [] []
[2019-02-25 08:00:02] Credit Warning SMS Yellow Zone log.INFO: Sending credit warning SMS to customer 46Abbott [] []
[2019-02-25 08:00:02] Credit Warning SMS Yellow Zone log.INFO: Credit warning SMS sent to customer 46Abbott [] []
[2019-02-25 08:00:02] Credit Warning SMS Yellow Zone log.INFO: Sending credit warning SMS to customer 59Abbott [] []
[2019-02-25 08:00:02] Credit Warning SMS Yellow Zone log.INFO: Credit warning SMS sent to customer 59Abbott [] []
[2019-02-25 08:00:02] Credit Warning SMS Yellow Zone log.INFO: Sending credit warning SMS to customer 87Abbott [] []
[2019-02-25 08:00:02] Credit Warning SMS Yellow Zone log.INFO: Credit warning SMS sent to customer 87Abbott [] []
[2019-02-25 08:00:02] Credit Warning SMS Yellow Zone log.INFO: Sending credit warning SMS to customer 89Abbott [] []
[2019-02-25 08:00:02] Credit Warning SMS Yellow Zone log.INFO: Credit warning SMS sent to customer 89Abbott [] []
[2019-02-25 08:00:02] Credit Warning SMS Yellow Zone log.INFO: Sending credit warning SMS to customer 69Abbott [] []
[2019-02-25 08:00:02] Credit Warning SMS Yellow Zone log.INFO: Credit warning SMS sent to customer 69Abbott [] []
[2019-02-25 08:00:02] Credit Warning SMS Yellow Zone log.INFO: Sending credit warning SMS to customer 94Abbott [] []
[2019-02-25 08:00:02] Credit Warning SMS Yellow Zone log.INFO: Credit warning SMS sent to customer 94Abbott [] []
[2019-02-25 08:00:02] Credit Warning SMS Yellow Zone log.INFO: Sending credit warning SMS to customer 118Abbott [] []
[2019-02-25 08:00:02] Credit Warning SMS Yellow Zone log.INFO: Credit warning SMS sent to customer 118Abbott [] []
[2019-02-25 08:00:02] Credit Warning SMS Yellow Zone log.INFO: Sending credit warning SMS to customer 124Abbott [] []
[2019-02-25 08:00:02] Credit Warning SMS Yellow Zone log.INFO: Credit warning SMS sent to customer 124Abbott [] []
[2019-02-25 08:00:02] Credit Warning SMS Yellow Zone log.INFO: Sending credit warning SMS to customer 141abbott [] []
[2019-02-25 08:00:02] Credit Warning SMS Yellow Zone log.INFO: Credit warning SMS sent to customer 141abbott [] []
[2019-02-25 08:00:02] Credit Warning SMS Yellow Zone log.INFO: Sending credit warning SMS to customer 180abbott [] []
[2019-02-25 08:00:02] Credit Warning SMS Yellow Zone log.INFO: Credit warning SMS sent to customer 180abbott [] []
[2019-02-25 08:00:02] Credit Warning SMS Yellow Zone log.INFO: Sending credit warning SMS to customer 179abbott [] []
[2019-02-25 08:00:02] Credit Warning SMS Yellow Zone log.INFO: Credit warning SMS sent to customer 179abbott [] []
[2019-02-25 08:00:02] Credit Warning SMS Yellow Zone log.INFO: Sending credit warning SMS to customer 125abbott [] []
[2019-02-25 08:00:02] Credit Warning SMS Yellow Zone log.INFO: Credit warning SMS sent to customer 125abbott [] []
[2019-02-25 08:00:02] Credit Warning SMS Yellow Zone log.INFO: Sending credit warning SMS to customer 184abbott [] []
[2019-02-25 08:00:02] Credit Warning SMS Yellow Zone log.INFO: Credit warning SMS sent to customer 184abbott [] []
[2019-02-25 08:00:02] Credit Warning SMS Yellow Zone log.INFO: Sending credit warning SMS to customer 175abbott [] []
[2019-02-25 08:00:02] Credit Warning SMS Yellow Zone log.INFO: Credit warning SMS sent to customer 175abbott [] []
[2019-02-25 08:00:02] Credit Warning SMS Yellow Zone log.INFO: Sending credit warning SMS to customer 16eustace [] []
[2019-02-25 08:00:02] Credit Warning SMS Yellow Zone log.INFO: Credit warning SMS sent to customer 16eustace [] []
[2019-02-25 08:00:02] Credit Warning SMS Yellow Zone log.INFO: Sending credit warning SMS to customer 76eustace [] []
[2019-02-25 08:00:02] Credit Warning SMS Yellow Zone log.INFO: Credit warning SMS sent to customer 76eustace [] []
[2019-02-25 08:00:02] Credit Warning SMS Yellow Zone log.INFO: Sending credit warning SMS to customer 140leona [] []
[2019-02-25 08:00:02] Credit Warning SMS Yellow Zone log.INFO: Credit warning SMS sent to customer 140leona [] []
[2019-02-25 08:00:02] Credit Warning SMS Yellow Zone log.INFO: Sending credit warning SMS to customer 148leona [] []
[2019-02-25 08:00:02] Credit Warning SMS Yellow Zone log.INFO: Credit warning SMS sent to customer 148leona [] []
[2019-02-25 08:00:02] Credit Warning SMS Yellow Zone log.INFO: Sending credit warning SMS to customer 9leona [] []
[2019-02-25 08:00:02] Credit Warning SMS Yellow Zone log.INFO: Credit warning SMS sent to customer 9leona [] []
[2019-02-25 08:00:02] Credit Warning SMS Yellow Zone log.INFO: Sending credit warning SMS to customer 151leona [] []
[2019-02-25 08:00:02] Credit Warning SMS Yellow Zone log.INFO: Credit warning SMS sent to customer 151leona [] []
[2019-02-25 08:00:02] Credit Warning SMS Yellow Zone log.INFO: Sending credit warning SMS to customer 14leona [] []
[2019-02-25 08:00:02] Credit Warning SMS Yellow Zone log.INFO: Credit warning SMS sent to customer 14leona [] []
[2019-02-25 08:00:02] Credit Warning SMS Yellow Zone log.INFO: Sending credit warning SMS to customer 153leona [] []
[2019-02-25 08:00:02] Credit Warning SMS Yellow Zone log.INFO: Credit warning SMS sent to customer 153leona [] []
[2019-02-25 08:00:02] Credit Warning SMS Yellow Zone log.INFO: Sending credit warning SMS to customer 60leona [] []
[2019-02-25 08:00:03] Credit Warning SMS Yellow Zone log.INFO: Credit warning SMS sent to customer 60leona [] []
[2019-02-25 08:00:03] Credit Warning SMS Yellow Zone log.INFO: Sending credit warning SMS to customer 125leona [] []
[2019-02-25 08:00:03] Credit Warning SMS Yellow Zone log.INFO: Credit warning SMS sent to customer 125leona [] []
[2019-02-25 08:00:03] Credit Warning SMS Yellow Zone log.INFO: Sending credit warning SMS to customer 118leona [] []
[2019-02-25 08:00:03] Credit Warning SMS Yellow Zone log.INFO: Credit warning SMS sent to customer 118leona [] []
[2019-02-25 08:00:03] Credit Warning SMS Yellow Zone log.INFO: Sending credit warning SMS to customer 65leona [] []
[2019-02-25 08:00:03] Credit Warning SMS Yellow Zone log.INFO: Credit warning SMS sent to customer 65leona [] []
[2019-02-25 08:00:03] Credit Warning SMS Yellow Zone log.INFO: Sending credit warning SMS to customer 107leona [] []
[2019-02-25 08:00:03] Credit Warning SMS Yellow Zone log.INFO: Credit warning SMS sent to customer 107leona [] []
[2019-02-25 08:00:03] Credit Warning SMS Yellow Zone log.INFO: Sending credit warning SMS to customer 112leona [] []
[2019-02-25 08:00:03] Credit Warning SMS Yellow Zone log.INFO: Credit warning SMS sent to customer 112leona [] []
[2019-02-25 08:00:03] Credit Warning SMS Yellow Zone log.INFO: Sending credit warning SMS to customer 103leona [] []
[2019-02-25 08:00:03] Credit Warning SMS Yellow Zone log.INFO: Credit warning SMS sent to customer 103leona [] []
[2019-02-25 08:00:03] Credit Warning SMS Yellow Zone log.INFO: Sending credit warning SMS to customer 115leona [] []
[2019-02-25 08:00:03] Credit Warning SMS Yellow Zone log.INFO: Credit warning SMS sent to customer 115leona [] []
[2019-02-25 08:00:03] Credit Warning SMS Yellow Zone log.INFO: Sending credit warning SMS to customer 104charlotte [] []
[2019-02-25 08:00:03] Credit Warning SMS Yellow Zone log.INFO: Credit warning SMS sent to customer 104charlotte [] []
[2019-02-25 08:00:03] Credit Warning SMS Yellow Zone log.INFO: Sending credit warning SMS to customer 103charlotte [] []
[2019-02-25 08:00:03] Credit Warning SMS Yellow Zone log.INFO: Credit warning SMS sent to customer 103charlotte [] []
[2019-02-25 08:00:03] Credit Warning SMS Yellow Zone log.INFO: Sending credit warning SMS to customer 107charlotte [] []
[2019-02-25 08:00:03] Credit Warning SMS Yellow Zone log.INFO: Credit warning SMS sent to customer 107charlotte [] []
[2019-02-25 08:00:03] Credit Warning SMS Yellow Zone log.INFO: Sending credit warning SMS to customer 18charlotte [] []
[2019-02-25 08:00:03] Credit Warning SMS Yellow Zone log.INFO: Credit warning SMS sent to customer 18charlotte [] []
[2019-02-25 08:00:03] Credit Warning SMS Yellow Zone log.INFO: Sending credit warning SMS to customer 13charlotte [] []
[2019-02-25 08:00:03] Credit Warning SMS Yellow Zone log.INFO: Credit warning SMS sent to customer 13charlotte [] []
[2019-02-25 08:00:03] Credit Warning SMS Yellow Zone log.INFO: Sending credit warning SMS to customer 56charlotte [] []
[2019-02-25 08:00:03] Credit Warning SMS Yellow Zone log.INFO: Credit warning SMS sent to customer 56charlotte [] []
[2019-02-25 08:00:03] Credit Warning SMS Yellow Zone log.INFO: Sending credit warning SMS to customer 60charlotte [] []
[2019-02-25 08:00:03] Credit Warning SMS Yellow Zone log.INFO: Credit warning SMS sent to customer 60charlotte [] []
[2019-02-25 08:00:03] Credit Warning SMS Yellow Zone log.INFO: Sending credit warning SMS to customer 85charlotte [] []
[2019-02-25 08:00:03] Credit Warning SMS Yellow Zone log.INFO: Credit warning SMS sent to customer 85charlotte [] []
