[2019-05-01 08:00:01] Credit Warning SMS Yellow Zone log.INFO: Sending credit warning SMS to customer 12sundayswell [] []
[2019-05-01 08:00:01] Credit Warning SMS Yellow Zone log.INFO: Credit warning SMS sent to customer 12sundayswell [] []
[2019-05-01 08:00:01] Credit Warning SMS Yellow Zone log.INFO: Sending credit warning SMS to customer 9sundayswell [] []
[2019-05-01 08:00:01] Credit Warning SMS Yellow Zone log.INFO: Credit warning SMS sent to customer 9sundayswell [] []
[2019-05-01 08:00:01] Credit Warning SMS Yellow Zone log.INFO: Sending credit warning SMS to customer 37Emerald [] []
[2019-05-01 08:00:01] Credit Warning SMS Yellow Zone log.INFO: Credit warning SMS sent to customer 37Emerald [] []
[2019-05-01 08:00:01] Credit Warning SMS Yellow Zone log.INFO: Sending credit warning SMS to customer 6Emerald [] []
[2019-05-01 08:00:01] Credit Warning SMS Yellow Zone log.INFO: Credit warning SMS sent to customer 6Emerald [] []
[2019-05-01 08:00:01] Credit Warning SMS Yellow Zone log.INFO: Sending credit warning SMS to customer 43Emerald [] []
[2019-05-01 08:00:01] Credit Warning SMS Yellow Zone log.INFO: Credit warning SMS sent to customer 43Emerald [] []
[2019-05-01 08:00:01] Credit Warning SMS Yellow Zone log.INFO: Sending credit warning SMS to customer 10Emerald [] []
[2019-05-01 08:00:01] Credit Warning SMS Yellow Zone log.INFO: Credit warning SMS sent to customer 10Emerald [] []
[2019-05-01 08:00:01] Credit Warning SMS Yellow Zone log.INFO: Sending credit warning SMS to customer 49Emerald [] []
[2019-05-01 08:00:01] Credit Warning SMS Yellow Zone log.INFO: Credit warning SMS sent to customer 49Emerald [] []
[2019-05-01 08:00:01] Credit Warning SMS Yellow Zone log.INFO: Sending credit warning SMS to customer 177neptune [] []
[2019-05-01 08:00:01] Credit Warning SMS Yellow Zone log.INFO: Credit warning SMS sent to customer 177neptune [] []
[2019-05-01 08:00:01] Credit Warning SMS Yellow Zone log.INFO: Sending credit warning SMS to customer 115Neptune [] []
[2019-05-01 08:00:01] Credit Warning SMS Yellow Zone log.INFO: Credit warning SMS sent to customer 115Neptune [] []
[2019-05-01 08:00:01] Credit Warning SMS Yellow Zone log.INFO: Sending credit warning SMS to customer 153Neptune [] []
[2019-05-01 08:00:01] Credit Warning SMS Yellow Zone log.INFO: Credit warning SMS sent to customer 153Neptune [] []
[2019-05-01 08:00:01] Credit Warning SMS Yellow Zone log.INFO: Sending credit warning SMS to customer 46Neptune [] []
[2019-05-01 08:00:01] Credit Warning SMS Yellow Zone log.INFO: Credit warning SMS sent to customer 46Neptune [] []
[2019-05-01 08:00:01] Credit Warning SMS Yellow Zone log.INFO: Sending credit warning SMS to customer 80Neptune [] []
[2019-05-01 08:00:01] Credit Warning SMS Yellow Zone log.INFO: Credit warning SMS sent to customer 80Neptune [] []
[2019-05-01 08:00:01] Credit Warning SMS Yellow Zone log.INFO: Sending credit warning SMS to customer 83Neptune [] []
[2019-05-01 08:00:01] Credit Warning SMS Yellow Zone log.INFO: Credit warning SMS sent to customer 83Neptune [] []
[2019-05-01 08:00:01] Credit Warning SMS Yellow Zone log.INFO: Sending credit warning SMS to customer 108Neptune [] []
[2019-05-01 08:00:01] Credit Warning SMS Yellow Zone log.INFO: Credit warning SMS sent to customer 108Neptune [] []
[2019-05-01 08:00:01] Credit Warning SMS Yellow Zone log.INFO: Sending credit warning SMS to customer 55Neptune [] []
[2019-05-01 08:00:02] Credit Warning SMS Yellow Zone log.INFO: Credit warning SMS sent to customer 55Neptune [] []
[2019-05-01 08:00:02] Credit Warning SMS Yellow Zone log.INFO: Sending credit warning SMS to customer 20Abbott [] []
[2019-05-01 08:00:02] Credit Warning SMS Yellow Zone log.INFO: Credit warning SMS sent to customer 20Abbott [] []
[2019-05-01 08:00:02] Credit Warning SMS Yellow Zone log.INFO: Sending credit warning SMS to customer 1Abbott [] []
[2019-05-01 08:00:02] Credit Warning SMS Yellow Zone log.INFO: Credit warning SMS sent to customer 1Abbott [] []
[2019-05-01 08:00:02] Credit Warning SMS Yellow Zone log.INFO: Sending credit warning SMS to customer 12Abbott [] []
[2019-05-01 08:00:02] Credit Warning SMS Yellow Zone log.INFO: Credit warning SMS sent to customer 12Abbott [] []
[2019-05-01 08:00:02] Credit Warning SMS Yellow Zone log.INFO: Sending credit warning SMS to customer 21Abbott [] []
[2019-05-01 08:00:02] Credit Warning SMS Yellow Zone log.INFO: Credit warning SMS sent to customer 21Abbott [] []
[2019-05-01 08:00:02] Credit Warning SMS Yellow Zone log.INFO: Sending credit warning SMS to customer 24Abbott [] []
[2019-05-01 08:00:02] Credit Warning SMS Yellow Zone log.INFO: Credit warning SMS sent to customer 24Abbott [] []
[2019-05-01 08:00:02] Credit Warning SMS Yellow Zone log.INFO: Sending credit warning SMS to customer 28Abbott [] []
[2019-05-01 08:00:02] Credit Warning SMS Yellow Zone log.INFO: Credit warning SMS sent to customer 28Abbott [] []
[2019-05-01 08:00:02] Credit Warning SMS Yellow Zone log.INFO: Sending credit warning SMS to customer 13Abbott [] []
[2019-05-01 08:00:02] Credit Warning SMS Yellow Zone log.INFO: Credit warning SMS sent to customer 13Abbott [] []
[2019-05-01 08:00:02] Credit Warning SMS Yellow Zone log.INFO: Sending credit warning SMS to customer 29abbott [] []
[2019-05-01 08:00:02] Credit Warning SMS Yellow Zone log.INFO: Credit warning SMS sent to customer 29abbott [] []
[2019-05-01 08:00:02] Credit Warning SMS Yellow Zone log.INFO: Sending credit warning SMS to customer 6Abbott [] []
[2019-05-01 08:00:02] Credit Warning SMS Yellow Zone log.INFO: Credit warning SMS sent to customer 6Abbott [] []
[2019-05-01 08:00:02] Credit Warning SMS Yellow Zone log.INFO: Sending credit warning SMS to customer 62Abbott [] []
[2019-05-01 08:00:02] Credit Warning SMS Yellow Zone log.INFO: Credit warning SMS sent to customer 62Abbott [] []
[2019-05-01 08:00:02] Credit Warning SMS Yellow Zone log.INFO: Sending credit warning SMS to customer 82Abbott [] []
[2019-05-01 08:00:02] Credit Warning SMS Yellow Zone log.INFO: Credit warning SMS sent to customer 82Abbott [] []
[2019-05-01 08:00:02] Credit Warning SMS Yellow Zone log.INFO: Sending credit warning SMS to customer 44Abbott [] []
[2019-05-01 08:00:02] Credit Warning SMS Yellow Zone log.INFO: Credit warning SMS sent to customer 44Abbott [] []
[2019-05-01 08:00:02] Credit Warning SMS Yellow Zone log.INFO: Sending credit warning SMS to customer 105Abbott [] []
[2019-05-01 08:00:02] Credit Warning SMS Yellow Zone log.INFO: Credit warning SMS sent to customer 105Abbott [] []
[2019-05-01 08:00:02] Credit Warning SMS Yellow Zone log.INFO: Sending credit warning SMS to customer 120Abbott [] []
[2019-05-01 08:00:02] Credit Warning SMS Yellow Zone log.INFO: Credit warning SMS sent to customer 120Abbott [] []
[2019-05-01 08:00:02] Credit Warning SMS Yellow Zone log.INFO: Sending credit warning SMS to customer 103Abbott [] []
[2019-05-01 08:00:02] Credit Warning SMS Yellow Zone log.INFO: Credit warning SMS sent to customer 103Abbott [] []
[2019-05-01 08:00:02] Credit Warning SMS Yellow Zone log.INFO: Sending credit warning SMS to customer 190abbott [] []
[2019-05-01 08:00:02] Credit Warning SMS Yellow Zone log.INFO: Credit warning SMS sent to customer 190abbott [] []
[2019-05-01 08:00:02] Credit Warning SMS Yellow Zone log.INFO: Sending credit warning SMS to customer 175abbott [] []
[2019-05-01 08:00:02] Credit Warning SMS Yellow Zone log.INFO: Credit warning SMS sent to customer 175abbott [] []
[2019-05-01 08:00:02] Credit Warning SMS Yellow Zone log.INFO: Sending credit warning SMS to customer 17GreenBank [] []
[2019-05-01 08:00:02] Credit Warning SMS Yellow Zone log.INFO: Credit warning SMS sent to customer 17GreenBank [] []
[2019-05-01 08:00:02] Credit Warning SMS Yellow Zone log.INFO: Sending credit warning SMS to customer 21GreenBank [] []
[2019-05-01 08:00:02] Credit Warning SMS Yellow Zone log.INFO: Credit warning SMS sent to customer 21GreenBank [] []
[2019-05-01 08:00:02] Credit Warning SMS Yellow Zone log.INFO: Sending credit warning SMS to customer 29eustace [] []
[2019-05-01 08:00:02] Credit Warning SMS Yellow Zone log.INFO: Credit warning SMS sent to customer 29eustace [] []
[2019-05-01 08:00:02] Credit Warning SMS Yellow Zone log.INFO: Sending credit warning SMS to customer 143leona [] []
[2019-05-01 08:00:02] Credit Warning SMS Yellow Zone log.INFO: Credit warning SMS sent to customer 143leona [] []
[2019-05-01 08:00:02] Credit Warning SMS Yellow Zone log.INFO: Sending credit warning SMS to customer 26leona [] []
[2019-05-01 08:00:02] Credit Warning SMS Yellow Zone log.INFO: Credit warning SMS sent to customer 26leona [] []
[2019-05-01 08:00:02] Credit Warning SMS Yellow Zone log.INFO: Sending credit warning SMS to customer 22leona [] []
[2019-05-01 08:00:02] Credit Warning SMS Yellow Zone log.INFO: Credit warning SMS sent to customer 22leona [] []
[2019-05-01 08:00:02] Credit Warning SMS Yellow Zone log.INFO: Sending credit warning SMS to customer 23leona [] []
[2019-05-01 08:00:02] Credit Warning SMS Yellow Zone log.INFO: Credit warning SMS sent to customer 23leona [] []
[2019-05-01 08:00:02] Credit Warning SMS Yellow Zone log.INFO: Sending credit warning SMS to customer 60leona [] []
[2019-05-01 08:00:02] Credit Warning SMS Yellow Zone log.INFO: Credit warning SMS sent to customer 60leona [] []
[2019-05-01 08:00:02] Credit Warning SMS Yellow Zone log.INFO: Sending credit warning SMS to customer 36leona [] []
[2019-05-01 08:00:02] Credit Warning SMS Yellow Zone log.INFO: Credit warning SMS sent to customer 36leona [] []
[2019-05-01 08:00:02] Credit Warning SMS Yellow Zone log.INFO: Sending credit warning SMS to customer 107charlotte [] []
[2019-05-01 08:00:02] Credit Warning SMS Yellow Zone log.INFO: Credit warning SMS sent to customer 107charlotte [] []
[2019-05-01 08:00:02] Credit Warning SMS Yellow Zone log.INFO: Sending credit warning SMS to customer 9charlotte [] []
[2019-05-01 08:00:02] Credit Warning SMS Yellow Zone log.INFO: Credit warning SMS sent to customer 9charlotte [] []
[2019-05-01 08:00:02] Credit Warning SMS Yellow Zone log.INFO: Sending credit warning SMS to customer 47charlotte [] []
[2019-05-01 08:00:03] Credit Warning SMS Yellow Zone log.INFO: Credit warning SMS sent to customer 47charlotte [] []
[2019-05-01 08:00:03] Credit Warning SMS Yellow Zone log.INFO: Sending credit warning SMS to customer 63charlotte [] []
[2019-05-01 08:00:03] Credit Warning SMS Yellow Zone log.INFO: Credit warning SMS sent to customer 63charlotte [] []
[2019-05-01 08:00:03] Credit Warning SMS Yellow Zone log.INFO: Sending credit warning SMS to customer 109charlotte [] []
[2019-05-01 08:00:03] Credit Warning SMS Yellow Zone log.INFO: Credit warning SMS sent to customer 109charlotte [] []
