[2019-08-02 08:00:02] Credit Warning SMS Yellow Zone log.INFO: Sending credit warning SMS to customer 8brackenview [] []
[2019-08-02 08:00:02] Credit Warning SMS Yellow Zone log.INFO: Credit warning SMS sent to customer 8brackenview [] []
[2019-08-02 08:00:02] Credit Warning SMS Yellow Zone log.INFO: Sending credit warning SMS to customer 5sundayswell [] []
[2019-08-02 08:00:02] Credit Warning SMS Yellow Zone log.INFO: Credit warning SMS sent to customer 5sundayswell [] []
[2019-08-02 08:00:02] Credit Warning SMS Yellow Zone log.INFO: Sending credit warning SMS to customer 9garryknock [] []
[2019-08-02 08:00:02] Credit Warning SMS Yellow Zone log.INFO: Credit warning SMS sent to customer 9garryknock [] []
[2019-08-02 08:00:02] Credit Warning SMS Yellow Zone log.INFO: Sending credit warning SMS to customer 24garryknock [] []
[2019-08-02 08:00:02] Credit Warning SMS Yellow Zone log.INFO: Credit warning SMS sent to customer 24garryknock [] []
[2019-08-02 08:00:02] Credit Warning SMS Yellow Zone log.INFO: Sending credit warning SMS to customer 18garryknock [] []
[2019-08-02 08:00:02] Credit Warning SMS Yellow Zone log.INFO: Credit warning SMS sent to customer 18garryknock [] []
[2019-08-02 08:00:02] Credit Warning SMS Yellow Zone log.INFO: Sending credit warning SMS to customer 5garryknock [] []
[2019-08-02 08:00:02] Credit Warning SMS Yellow Zone log.INFO: Credit warning SMS sent to customer 5garryknock [] []
[2019-08-02 08:00:02] Credit Warning SMS Yellow Zone log.INFO: Sending credit warning SMS to customer 16sundayswell [] []
[2019-08-02 08:00:02] Credit Warning SMS Yellow Zone log.INFO: Credit warning SMS sent to customer 16sundayswell [] []
[2019-08-02 08:00:02] Credit Warning SMS Yellow Zone log.INFO: Sending credit warning SMS to customer 9brackenview [] []
[2019-08-02 08:00:02] Credit Warning SMS Yellow Zone log.INFO: Credit warning SMS sent to customer 9brackenview [] []
[2019-08-02 08:00:02] Credit Warning SMS Yellow Zone log.INFO: Sending credit warning SMS to customer 42Emerald [] []
[2019-08-02 08:00:02] Credit Warning SMS Yellow Zone log.INFO: Credit warning SMS sent to customer 42Emerald [] []
[2019-08-02 08:00:02] Credit Warning SMS Yellow Zone log.INFO: Sending credit warning SMS to customer 10Emerald [] []
[2019-08-02 08:00:02] Credit Warning SMS Yellow Zone log.INFO: Credit warning SMS sent to customer 10Emerald [] []
[2019-08-02 08:00:02] Credit Warning SMS Yellow Zone log.INFO: Sending credit warning SMS to customer 1neptune [] []
[2019-08-02 08:00:02] Credit Warning SMS Yellow Zone log.INFO: Credit warning SMS sent to customer 1neptune [] []
[2019-08-02 08:00:02] Credit Warning SMS Yellow Zone log.INFO: Sending credit warning SMS to customer 16neptune [] []
[2019-08-02 08:00:02] Credit Warning SMS Yellow Zone log.INFO: Credit warning SMS sent to customer 16neptune [] []
[2019-08-02 08:00:02] Credit Warning SMS Yellow Zone log.INFO: Sending credit warning SMS to customer 194neptune [] []
[2019-08-02 08:00:02] Credit Warning SMS Yellow Zone log.INFO: Credit warning SMS sent to customer 194neptune [] []
[2019-08-02 08:00:02] Credit Warning SMS Yellow Zone log.INFO: Sending credit warning SMS to customer 168neptune [] []
[2019-08-02 08:00:03] Credit Warning SMS Yellow Zone log.INFO: Credit warning SMS sent to customer 168neptune [] []
[2019-08-02 08:00:03] Credit Warning SMS Yellow Zone log.INFO: Sending credit warning SMS to customer 117Neptune [] []
[2019-08-02 08:00:03] Credit Warning SMS Yellow Zone log.INFO: Credit warning SMS sent to customer 117Neptune [] []
[2019-08-02 08:00:03] Credit Warning SMS Yellow Zone log.INFO: Sending credit warning SMS to customer 26neptune [] []
[2019-08-02 08:00:03] Credit Warning SMS Yellow Zone log.INFO: Credit warning SMS sent to customer 26neptune [] []
[2019-08-02 08:00:03] Credit Warning SMS Yellow Zone log.INFO: Sending credit warning SMS to customer 82Neptune [] []
[2019-08-02 08:00:03] Credit Warning SMS Yellow Zone log.INFO: Credit warning SMS sent to customer 82Neptune [] []
[2019-08-02 08:00:03] Credit Warning SMS Yellow Zone log.INFO: Sending credit warning SMS to customer 99Neptune [] []
[2019-08-02 08:00:03] Credit Warning SMS Yellow Zone log.INFO: Credit warning SMS sent to customer 99Neptune [] []
[2019-08-02 08:00:03] Credit Warning SMS Yellow Zone log.INFO: Sending credit warning SMS to customer 46Neptune [] []
[2019-08-02 08:00:03] Credit Warning SMS Yellow Zone log.INFO: Credit warning SMS sent to customer 46Neptune [] []
[2019-08-02 08:00:03] Credit Warning SMS Yellow Zone log.INFO: Sending credit warning SMS to customer 94Neptune [] []
[2019-08-02 08:00:03] Credit Warning SMS Yellow Zone log.INFO: Credit warning SMS sent to customer 94Neptune [] []
[2019-08-02 08:00:03] Credit Warning SMS Yellow Zone log.INFO: Sending credit warning SMS to customer 140Neptune [] []
[2019-08-02 08:00:03] Credit Warning SMS Yellow Zone log.INFO: Credit warning SMS sent to customer 140Neptune [] []
[2019-08-02 08:00:03] Credit Warning SMS Yellow Zone log.INFO: Sending credit warning SMS to customer 113Neptune [] []
[2019-08-02 08:00:03] Credit Warning SMS Yellow Zone log.INFO: Credit warning SMS sent to customer 113Neptune [] []
[2019-08-02 08:00:03] Credit Warning SMS Yellow Zone log.INFO: Sending credit warning SMS to customer 186neptune [] []
[2019-08-02 08:00:03] Credit Warning SMS Yellow Zone log.INFO: Credit warning SMS sent to customer 186neptune [] []
[2019-08-02 08:00:03] Credit Warning SMS Yellow Zone log.INFO: Sending credit warning SMS to customer 49Neptune [] []
[2019-08-02 08:00:03] Credit Warning SMS Yellow Zone log.INFO: Credit warning SMS sent to customer 49Neptune [] []
[2019-08-02 08:00:03] Credit Warning SMS Yellow Zone log.INFO: Sending credit warning SMS to customer 125Neptune [] []
[2019-08-02 08:00:03] Credit Warning SMS Yellow Zone log.INFO: Credit warning SMS sent to customer 125Neptune [] []
[2019-08-02 08:00:03] Credit Warning SMS Yellow Zone log.INFO: Sending credit warning SMS to customer 32neptune [] []
[2019-08-02 08:00:03] Credit Warning SMS Yellow Zone log.INFO: Credit warning SMS sent to customer 32neptune [] []
[2019-08-02 08:00:03] Credit Warning SMS Yellow Zone log.INFO: Sending credit warning SMS to customer 48Neptune [] []
[2019-08-02 08:00:03] Credit Warning SMS Yellow Zone log.INFO: Credit warning SMS sent to customer 48Neptune [] []
[2019-08-02 08:00:03] Credit Warning SMS Yellow Zone log.INFO: Sending credit warning SMS to customer 8Abbott [] []
[2019-08-02 08:00:03] Credit Warning SMS Yellow Zone log.INFO: Credit warning SMS sent to customer 8Abbott [] []
[2019-08-02 08:00:03] Credit Warning SMS Yellow Zone log.INFO: Sending credit warning SMS to customer 41Abbott [] []
[2019-08-02 08:00:03] Credit Warning SMS Yellow Zone log.INFO: Credit warning SMS sent to customer 41Abbott [] []
[2019-08-02 08:00:03] Credit Warning SMS Yellow Zone log.INFO: Sending credit warning SMS to customer 3Abbott [] []
[2019-08-02 08:00:03] Credit Warning SMS Yellow Zone log.INFO: Credit warning SMS sent to customer 3Abbott [] []
[2019-08-02 08:00:03] Credit Warning SMS Yellow Zone log.INFO: Sending credit warning SMS to customer 4Abbott [] []
[2019-08-02 08:00:03] Credit Warning SMS Yellow Zone log.INFO: Credit warning SMS sent to customer 4Abbott [] []
[2019-08-02 08:00:03] Credit Warning SMS Yellow Zone log.INFO: Sending credit warning SMS to customer 24Abbott [] []
[2019-08-02 08:00:03] Credit Warning SMS Yellow Zone log.INFO: Credit warning SMS sent to customer 24Abbott [] []
[2019-08-02 08:00:03] Credit Warning SMS Yellow Zone log.INFO: Sending credit warning SMS to customer 28Abbott [] []
[2019-08-02 08:00:03] Credit Warning SMS Yellow Zone log.INFO: Credit warning SMS sent to customer 28Abbott [] []
[2019-08-02 08:00:03] Credit Warning SMS Yellow Zone log.INFO: Sending credit warning SMS to customer 74Abbott [] []
[2019-08-02 08:00:03] Credit Warning SMS Yellow Zone log.INFO: Credit warning SMS sent to customer 74Abbott [] []
[2019-08-02 08:00:03] Credit Warning SMS Yellow Zone log.INFO: Sending credit warning SMS to customer 68Abbott [] []
[2019-08-02 08:00:03] Credit Warning SMS Yellow Zone log.INFO: Credit warning SMS sent to customer 68Abbott [] []
[2019-08-02 08:00:03] Credit Warning SMS Yellow Zone log.INFO: Sending credit warning SMS to customer 85Abbott [] []
[2019-08-02 08:00:03] Credit Warning SMS Yellow Zone log.INFO: Credit warning SMS sent to customer 85Abbott [] []
[2019-08-02 08:00:03] Credit Warning SMS Yellow Zone log.INFO: Sending credit warning SMS to customer 44Abbott [] []
[2019-08-02 08:00:03] Credit Warning SMS Yellow Zone log.INFO: Credit warning SMS sent to customer 44Abbott [] []
[2019-08-02 08:00:03] Credit Warning SMS Yellow Zone log.INFO: Sending credit warning SMS to customer 61Abbott [] []
[2019-08-02 08:00:03] Credit Warning SMS Yellow Zone log.INFO: Credit warning SMS sent to customer 61Abbott [] []
[2019-08-02 08:00:03] Credit Warning SMS Yellow Zone log.INFO: Sending credit warning SMS to customer 71Abbott [] []
[2019-08-02 08:00:03] Credit Warning SMS Yellow Zone log.INFO: Credit warning SMS sent to customer 71Abbott [] []
[2019-08-02 08:00:03] Credit Warning SMS Yellow Zone log.INFO: Sending credit warning SMS to customer 105Abbott [] []
[2019-08-02 08:00:03] Credit Warning SMS Yellow Zone log.INFO: Credit warning SMS sent to customer 105Abbott [] []
[2019-08-02 08:00:03] Credit Warning SMS Yellow Zone log.INFO: Sending credit warning SMS to customer 111Abbott [] []
[2019-08-02 08:00:03] Credit Warning SMS Yellow Zone log.INFO: Credit warning SMS sent to customer 111Abbott [] []
[2019-08-02 08:00:03] Credit Warning SMS Yellow Zone log.INFO: Sending credit warning SMS to customer 117Abbott [] []
[2019-08-02 08:00:03] Credit Warning SMS Yellow Zone log.INFO: Credit warning SMS sent to customer 117Abbott [] []
[2019-08-02 08:00:03] Credit Warning SMS Yellow Zone log.INFO: Sending credit warning SMS to customer 98Abbott [] []
[2019-08-02 08:00:03] Credit Warning SMS Yellow Zone log.INFO: Credit warning SMS sent to customer 98Abbott [] []
[2019-08-02 08:00:03] Credit Warning SMS Yellow Zone log.INFO: Sending credit warning SMS to customer 26GreenBank [] []
[2019-08-02 08:00:04] Credit Warning SMS Yellow Zone log.INFO: Credit warning SMS sent to customer 26GreenBank [] []
[2019-08-02 08:00:04] Credit Warning SMS Yellow Zone log.INFO: Sending credit warning SMS to customer 135abbott [] []
[2019-08-02 08:00:04] Credit Warning SMS Yellow Zone log.INFO: Credit warning SMS sent to customer 135abbott [] []
[2019-08-02 08:00:04] Credit Warning SMS Yellow Zone log.INFO: Sending credit warning SMS to customer 146abbott [] []
[2019-08-02 08:00:04] Credit Warning SMS Yellow Zone log.INFO: Credit warning SMS sent to customer 146abbott [] []
[2019-08-02 08:00:04] Credit Warning SMS Yellow Zone log.INFO: Sending credit warning SMS to customer 167abbott [] []
[2019-08-02 08:00:04] Credit Warning SMS Yellow Zone log.INFO: Credit warning SMS sent to customer 167abbott [] []
[2019-08-02 08:00:04] Credit Warning SMS Yellow Zone log.INFO: Sending credit warning SMS to customer 175abbott [] []
[2019-08-02 08:00:04] Credit Warning SMS Yellow Zone log.INFO: Credit warning SMS sent to customer 175abbott [] []
[2019-08-02 08:00:04] Credit Warning SMS Yellow Zone log.INFO: Sending credit warning SMS to customer 6GreenBank [] []
[2019-08-02 08:00:04] Credit Warning SMS Yellow Zone log.INFO: Credit warning SMS sent to customer 6GreenBank [] []
[2019-08-02 08:00:04] Credit Warning SMS Yellow Zone log.INFO: Sending credit warning SMS to customer 91eustace [] []
[2019-08-02 08:00:04] Credit Warning SMS Yellow Zone log.INFO: Credit warning SMS sent to customer 91eustace [] []
[2019-08-02 08:00:04] Credit Warning SMS Yellow Zone log.INFO: Sending credit warning SMS to customer 62eustace [] []
[2019-08-02 08:00:04] Credit Warning SMS Yellow Zone log.INFO: Credit warning SMS sent to customer 62eustace [] []
[2019-08-02 08:00:04] Credit Warning SMS Yellow Zone log.INFO: Sending credit warning SMS to customer 74eustace [] []
[2019-08-02 08:00:04] Credit Warning SMS Yellow Zone log.INFO: Credit warning SMS sent to customer 74eustace [] []
[2019-08-02 08:00:04] Credit Warning SMS Yellow Zone log.INFO: Sending credit warning SMS to customer 19leona [] []
[2019-08-02 08:00:04] Credit Warning SMS Yellow Zone log.INFO: Credit warning SMS sent to customer 19leona [] []
[2019-08-02 08:00:04] Credit Warning SMS Yellow Zone log.INFO: Sending credit warning SMS to customer 149leona [] []
[2019-08-02 08:00:04] Credit Warning SMS Yellow Zone log.INFO: Credit warning SMS sent to customer 149leona [] []
[2019-08-02 08:00:04] Credit Warning SMS Yellow Zone log.INFO: Sending credit warning SMS to customer 23leona [] []
[2019-08-02 08:00:04] Credit Warning SMS Yellow Zone log.INFO: Credit warning SMS sent to customer 23leona [] []
[2019-08-02 08:00:04] Credit Warning SMS Yellow Zone log.INFO: Sending credit warning SMS to customer 69leona [] []
[2019-08-02 08:00:04] Credit Warning SMS Yellow Zone log.INFO: Credit warning SMS sent to customer 69leona [] []
[2019-08-02 08:00:04] Credit Warning SMS Yellow Zone log.INFO: Sending credit warning SMS to customer 71leona [] []
[2019-08-02 08:00:04] Credit Warning SMS Yellow Zone log.INFO: Credit warning SMS sent to customer 71leona [] []
[2019-08-02 08:00:04] Credit Warning SMS Yellow Zone log.INFO: Sending credit warning SMS to customer 88leona [] []
[2019-08-02 08:00:04] Credit Warning SMS Yellow Zone log.INFO: Credit warning SMS sent to customer 88leona [] []
[2019-08-02 08:00:04] Credit Warning SMS Yellow Zone log.INFO: Sending credit warning SMS to customer 50leona [] []
[2019-08-02 08:00:04] Credit Warning SMS Yellow Zone log.INFO: Credit warning SMS sent to customer 50leona [] []
[2019-08-02 08:00:04] Credit Warning SMS Yellow Zone log.INFO: Sending credit warning SMS to customer 154charlotte [] []
[2019-08-02 08:00:04] Credit Warning SMS Yellow Zone log.INFO: Credit warning SMS sent to customer 154charlotte [] []
[2019-08-02 08:00:04] Credit Warning SMS Yellow Zone log.INFO: Sending credit warning SMS to customer 117charlotte [] []
[2019-08-02 08:00:04] Credit Warning SMS Yellow Zone log.INFO: Credit warning SMS sent to customer 117charlotte [] []
[2019-08-02 08:00:04] Credit Warning SMS Yellow Zone log.INFO: Sending credit warning SMS to customer 144charlotte [] []
[2019-08-02 08:00:04] Credit Warning SMS Yellow Zone log.INFO: Credit warning SMS sent to customer 144charlotte [] []
[2019-08-02 08:00:04] Credit Warning SMS Yellow Zone log.INFO: Sending credit warning SMS to customer 106charlotte [] []
[2019-08-02 08:00:04] Credit Warning SMS Yellow Zone log.INFO: Credit warning SMS sent to customer 106charlotte [] []
[2019-08-02 08:00:04] Credit Warning SMS Yellow Zone log.INFO: Sending credit warning SMS to customer 126charlotte [] []
[2019-08-02 08:00:04] Credit Warning SMS Yellow Zone log.INFO: Credit warning SMS sent to customer 126charlotte [] []
[2019-08-02 08:00:04] Credit Warning SMS Yellow Zone log.INFO: Sending credit warning SMS to customer 12charlotte [] []
[2019-08-02 08:00:04] Credit Warning SMS Yellow Zone log.INFO: Credit warning SMS sent to customer 12charlotte [] []
[2019-08-02 08:00:04] Credit Warning SMS Yellow Zone log.INFO: Sending credit warning SMS to customer 25charlotte [] []
[2019-08-02 08:00:04] Credit Warning SMS Yellow Zone log.INFO: Credit warning SMS sent to customer 25charlotte [] []
[2019-08-02 08:00:04] Credit Warning SMS Yellow Zone log.INFO: Sending credit warning SMS to customer 47charlotte [] []
[2019-08-02 08:00:04] Credit Warning SMS Yellow Zone log.INFO: Credit warning SMS sent to customer 47charlotte [] []
[2019-08-02 08:00:04] Credit Warning SMS Yellow Zone log.INFO: Sending credit warning SMS to customer 82charlotte [] []
[2019-08-02 08:00:04] Credit Warning SMS Yellow Zone log.INFO: Credit warning SMS sent to customer 82charlotte [] []
[2019-08-02 08:00:04] Credit Warning SMS Yellow Zone log.INFO: Sending credit warning SMS to customer 95charlotte [] []
[2019-08-02 08:00:04] Credit Warning SMS Yellow Zone log.INFO: Credit warning SMS sent to customer 95charlotte [] []
[2019-08-02 08:00:04] Credit Warning SMS Yellow Zone log.INFO: Sending credit warning SMS to customer 76charlotte [] []
[2019-08-02 08:00:04] Credit Warning SMS Yellow Zone log.INFO: Credit warning SMS sent to customer 76charlotte [] []
[2019-08-02 08:00:04] Credit Warning SMS Yellow Zone log.INFO: Sent Credit warning SMS to 70 customers! [] []
