[2019-02-21 08:00:01] Credit Warning SMS Yellow Zone log.INFO: Sending credit warning SMS to customer 9garryknock [] []
[2019-02-21 08:00:01] Credit Warning SMS Yellow Zone log.INFO: Credit warning SMS sent to customer 9garryknock [] []
[2019-02-21 08:00:01] Credit Warning SMS Yellow Zone log.INFO: Sending credit warning SMS to customer 3garryknock [] []
[2019-02-21 08:00:01] Credit Warning SMS Yellow Zone log.INFO: Credit warning SMS sent to customer 3garryknock [] []
[2019-02-21 08:00:01] Credit Warning SMS Yellow Zone log.INFO: Sending credit warning SMS to customer 24garryknock [] []
[2019-02-21 08:00:01] Credit Warning SMS Yellow Zone log.INFO: Credit warning SMS sent to customer 24garryknock [] []
[2019-02-21 08:00:01] Credit Warning SMS Yellow Zone log.INFO: Sending credit warning SMS to customer 18garryknock [] []
[2019-02-21 08:00:01] Credit Warning SMS Yellow Zone log.INFO: Credit warning SMS sent to customer 18garryknock [] []
[2019-02-21 08:00:01] Credit Warning SMS Yellow Zone log.INFO: Sending credit warning SMS to customer 16sundayswell [] []
[2019-02-21 08:00:01] Credit Warning SMS Yellow Zone log.INFO: Credit warning SMS sent to customer 16sundayswell [] []
[2019-02-21 08:00:01] Credit Warning SMS Yellow Zone log.INFO: Sending credit warning SMS to customer 13sundayswell [] []
[2019-02-21 08:00:01] Credit Warning SMS Yellow Zone log.INFO: Credit warning SMS sent to customer 13sundayswell [] []
[2019-02-21 08:00:01] Credit Warning SMS Yellow Zone log.INFO: Sending credit warning SMS to customer 2brackenview [] []
[2019-02-21 08:00:01] Credit Warning SMS Yellow Zone log.INFO: Credit warning SMS sent to customer 2brackenview [] []
[2019-02-21 08:00:01] Credit Warning SMS Yellow Zone log.INFO: Sending credit warning SMS to customer 6Emerald [] []
[2019-02-21 08:00:01] Credit Warning SMS Yellow Zone log.INFO: Credit warning SMS sent to customer 6Emerald [] []
[2019-02-21 08:00:01] Credit Warning SMS Yellow Zone log.INFO: Sending credit warning SMS to customer 8Emerald [] []
[2019-02-21 08:00:01] Credit Warning SMS Yellow Zone log.INFO: Credit warning SMS sent to customer 8Emerald [] []
[2019-02-21 08:00:01] Credit Warning SMS Yellow Zone log.INFO: Sending credit warning SMS to customer 19Emerald [] []
[2019-02-21 08:00:01] Credit Warning SMS Yellow Zone log.INFO: Credit warning SMS sent to customer 19Emerald [] []
[2019-02-21 08:00:01] Credit Warning SMS Yellow Zone log.INFO: Sending credit warning SMS to customer 45Emerald [] []
[2019-02-21 08:00:01] Credit Warning SMS Yellow Zone log.INFO: Credit warning SMS sent to customer 45Emerald [] []
[2019-02-21 08:00:01] Credit Warning SMS Yellow Zone log.INFO: Sending credit warning SMS to customer 177neptune [] []
[2019-02-21 08:00:01] Credit Warning SMS Yellow Zone log.INFO: Credit warning SMS sent to customer 177neptune [] []
[2019-02-21 08:00:01] Credit Warning SMS Yellow Zone log.INFO: Sending credit warning SMS to customer 117Neptune [] []
[2019-02-21 08:00:02] Credit Warning SMS Yellow Zone log.INFO: Credit warning SMS sent to customer 117Neptune [] []
[2019-02-21 08:00:02] Credit Warning SMS Yellow Zone log.INFO: Sending credit warning SMS to customer 136Neptune [] []
[2019-02-21 08:00:02] Credit Warning SMS Yellow Zone log.INFO: Credit warning SMS sent to customer 136Neptune [] []
[2019-02-21 08:00:02] Credit Warning SMS Yellow Zone log.INFO: Sending credit warning SMS to customer 159Neptune [] []
[2019-02-21 08:00:02] Credit Warning SMS Yellow Zone log.INFO: Credit warning SMS sent to customer 159Neptune [] []
[2019-02-21 08:00:02] Credit Warning SMS Yellow Zone log.INFO: Sending credit warning SMS to customer 46Neptune [] []
[2019-02-21 08:00:02] Credit Warning SMS Yellow Zone log.INFO: Credit warning SMS sent to customer 46Neptune [] []
[2019-02-21 08:00:02] Credit Warning SMS Yellow Zone log.INFO: Sending credit warning SMS to customer 83Neptune [] []
[2019-02-21 08:00:02] Credit Warning SMS Yellow Zone log.INFO: Credit warning SMS sent to customer 83Neptune [] []
[2019-02-21 08:00:02] Credit Warning SMS Yellow Zone log.INFO: Sending credit warning SMS to customer 78Neptune [] []
[2019-02-21 08:00:02] Credit Warning SMS Yellow Zone log.INFO: Credit warning SMS sent to customer 78Neptune [] []
[2019-02-21 08:00:02] Credit Warning SMS Yellow Zone log.INFO: Sending credit warning SMS to customer 1Abbott [] []
[2019-02-21 08:00:02] Credit Warning SMS Yellow Zone log.INFO: Credit warning SMS sent to customer 1Abbott [] []
[2019-02-21 08:00:02] Credit Warning SMS Yellow Zone log.INFO: Sending credit warning SMS to customer 3Abbott [] []
[2019-02-21 08:00:02] Credit Warning SMS Yellow Zone log.INFO: Credit warning SMS sent to customer 3Abbott [] []
[2019-02-21 08:00:02] Credit Warning SMS Yellow Zone log.INFO: Sending credit warning SMS to customer 15Abbott [] []
[2019-02-21 08:00:02] Credit Warning SMS Yellow Zone log.INFO: Credit warning SMS sent to customer 15Abbott [] []
[2019-02-21 08:00:02] Credit Warning SMS Yellow Zone log.INFO: Sending credit warning SMS to customer 32Abbott [] []
[2019-02-21 08:00:02] Credit Warning SMS Yellow Zone log.INFO: Credit warning SMS sent to customer 32Abbott [] []
[2019-02-21 08:00:02] Credit Warning SMS Yellow Zone log.INFO: Sending credit warning SMS to customer 73Abbott [] []
[2019-02-21 08:00:02] Credit Warning SMS Yellow Zone log.INFO: Credit warning SMS sent to customer 73Abbott [] []
[2019-02-21 08:00:02] Credit Warning SMS Yellow Zone log.INFO: Sending credit warning SMS to customer 74Abbott [] []
[2019-02-21 08:00:02] Credit Warning SMS Yellow Zone log.INFO: Credit warning SMS sent to customer 74Abbott [] []
[2019-02-21 08:00:02] Credit Warning SMS Yellow Zone log.INFO: Sending credit warning SMS to customer 68Abbott [] []
[2019-02-21 08:00:02] Credit Warning SMS Yellow Zone log.INFO: Credit warning SMS sent to customer 68Abbott [] []
[2019-02-21 08:00:02] Credit Warning SMS Yellow Zone log.INFO: Sending credit warning SMS to customer 62Abbott [] []
[2019-02-21 08:00:02] Credit Warning SMS Yellow Zone log.INFO: Credit warning SMS sent to customer 62Abbott [] []
[2019-02-21 08:00:02] Credit Warning SMS Yellow Zone log.INFO: Sending credit warning SMS to customer 44Abbott [] []
[2019-02-21 08:00:02] Credit Warning SMS Yellow Zone log.INFO: Credit warning SMS sent to customer 44Abbott [] []
[2019-02-21 08:00:02] Credit Warning SMS Yellow Zone log.INFO: Sending credit warning SMS to customer 105Abbott [] []
[2019-02-21 08:00:02] Credit Warning SMS Yellow Zone log.INFO: Credit warning SMS sent to customer 105Abbott [] []
[2019-02-21 08:00:02] Credit Warning SMS Yellow Zone log.INFO: Sending credit warning SMS to customer 109Abbott [] []
[2019-02-21 08:00:02] Credit Warning SMS Yellow Zone log.INFO: Credit warning SMS sent to customer 109Abbott [] []
[2019-02-21 08:00:02] Credit Warning SMS Yellow Zone log.INFO: Sending credit warning SMS to customer 98Abbott [] []
[2019-02-21 08:00:02] Credit Warning SMS Yellow Zone log.INFO: Credit warning SMS sent to customer 98Abbott [] []
[2019-02-21 08:00:02] Credit Warning SMS Yellow Zone log.INFO: Sending credit warning SMS to customer 55Abbott [] []
[2019-02-21 08:00:02] Credit Warning SMS Yellow Zone log.INFO: Credit warning SMS sent to customer 55Abbott [] []
[2019-02-21 08:00:02] Credit Warning SMS Yellow Zone log.INFO: Sending credit warning SMS to customer 97Abbott [] []
[2019-02-21 08:00:02] Credit Warning SMS Yellow Zone log.INFO: Credit warning SMS sent to customer 97Abbott [] []
[2019-02-21 08:00:02] Credit Warning SMS Yellow Zone log.INFO: Sending credit warning SMS to customer 131abbott [] []
[2019-02-21 08:00:02] Credit Warning SMS Yellow Zone log.INFO: Credit warning SMS sent to customer 131abbott [] []
[2019-02-21 08:00:02] Credit Warning SMS Yellow Zone log.INFO: Sending credit warning SMS to customer 128abbott [] []
[2019-02-21 08:00:02] Credit Warning SMS Yellow Zone log.INFO: Credit warning SMS sent to customer 128abbott [] []
[2019-02-21 08:00:02] Credit Warning SMS Yellow Zone log.INFO: Sending credit warning SMS to customer 134abbott [] []
[2019-02-21 08:00:02] Credit Warning SMS Yellow Zone log.INFO: Credit warning SMS sent to customer 134abbott [] []
[2019-02-21 08:00:02] Credit Warning SMS Yellow Zone log.INFO: Sending credit warning SMS to customer 129abbott [] []
[2019-02-21 08:00:02] Credit Warning SMS Yellow Zone log.INFO: Credit warning SMS sent to customer 129abbott [] []
[2019-02-21 08:00:02] Credit Warning SMS Yellow Zone log.INFO: Sending credit warning SMS to customer 178abbott [] []
[2019-02-21 08:00:02] Credit Warning SMS Yellow Zone log.INFO: Credit warning SMS sent to customer 178abbott [] []
[2019-02-21 08:00:02] Credit Warning SMS Yellow Zone log.INFO: Sending credit warning SMS to customer 148abbott [] []
[2019-02-21 08:00:02] Credit Warning SMS Yellow Zone log.INFO: Credit warning SMS sent to customer 148abbott [] []
[2019-02-21 08:00:02] Credit Warning SMS Yellow Zone log.INFO: Sending credit warning SMS to customer 175abbott [] []
[2019-02-21 08:00:02] Credit Warning SMS Yellow Zone log.INFO: Credit warning SMS sent to customer 175abbott [] []
[2019-02-21 08:00:02] Credit Warning SMS Yellow Zone log.INFO: Sending credit warning SMS to customer 28GreenBank [] []
[2019-02-21 08:00:02] Credit Warning SMS Yellow Zone log.INFO: Credit warning SMS sent to customer 28GreenBank [] []
[2019-02-21 08:00:02] Credit Warning SMS Yellow Zone log.INFO: Sending credit warning SMS to customer 15eustace [] []
[2019-02-21 08:00:02] Credit Warning SMS Yellow Zone log.INFO: Credit warning SMS sent to customer 15eustace [] []
[2019-02-21 08:00:02] Credit Warning SMS Yellow Zone log.INFO: Sending credit warning SMS to customer 136leona [] []
[2019-02-21 08:00:02] Credit Warning SMS Yellow Zone log.INFO: Credit warning SMS sent to customer 136leona [] []
[2019-02-21 08:00:02] Credit Warning SMS Yellow Zone log.INFO: Sending credit warning SMS to customer 20leona [] []
[2019-02-21 08:00:03] Credit Warning SMS Yellow Zone log.INFO: Credit warning SMS sent to customer 20leona [] []
[2019-02-21 08:00:03] Credit Warning SMS Yellow Zone log.INFO: Sending credit warning SMS to customer 26leona [] []
[2019-02-21 08:00:03] Credit Warning SMS Yellow Zone log.INFO: Credit warning SMS sent to customer 26leona [] []
[2019-02-21 08:00:03] Credit Warning SMS Yellow Zone log.INFO: Sending credit warning SMS to customer 58leona [] []
[2019-02-21 08:00:03] Credit Warning SMS Yellow Zone log.INFO: Credit warning SMS sent to customer 58leona [] []
[2019-02-21 08:00:03] Credit Warning SMS Yellow Zone log.INFO: Sending credit warning SMS to customer 130leona [] []
[2019-02-21 08:00:03] Credit Warning SMS Yellow Zone log.INFO: Credit warning SMS sent to customer 130leona [] []
[2019-02-21 08:00:03] Credit Warning SMS Yellow Zone log.INFO: Sending credit warning SMS to customer 63leona [] []
[2019-02-21 08:00:03] Credit Warning SMS Yellow Zone log.INFO: Credit warning SMS sent to customer 63leona [] []
[2019-02-21 08:00:03] Credit Warning SMS Yellow Zone log.INFO: Sending credit warning SMS to customer 36leona [] []
[2019-02-21 08:00:03] Credit Warning SMS Yellow Zone log.INFO: Credit warning SMS sent to customer 36leona [] []
[2019-02-21 08:00:03] Credit Warning SMS Yellow Zone log.INFO: Sending credit warning SMS to customer 53leona [] []
[2019-02-21 08:00:03] Credit Warning SMS Yellow Zone log.INFO: Credit warning SMS sent to customer 53leona [] []
[2019-02-21 08:00:03] Credit Warning SMS Yellow Zone log.INFO: Sending credit warning SMS to customer 47leona [] []
[2019-02-21 08:00:03] Credit Warning SMS Yellow Zone log.INFO: Credit warning SMS sent to customer 47leona [] []
[2019-02-21 08:00:03] Credit Warning SMS Yellow Zone log.INFO: Sending credit warning SMS to customer 102leona [] []
[2019-02-21 08:00:03] Credit Warning SMS Yellow Zone log.INFO: Credit warning SMS sent to customer 102leona [] []
[2019-02-21 08:00:03] Credit Warning SMS Yellow Zone log.INFO: Sending credit warning SMS to customer 127charlotte [] []
[2019-02-21 08:00:03] Credit Warning SMS Yellow Zone log.INFO: Credit warning SMS sent to customer 127charlotte [] []
[2019-02-21 08:00:03] Credit Warning SMS Yellow Zone log.INFO: Sending credit warning SMS to customer 146charlotte [] []
[2019-02-21 08:00:03] Credit Warning SMS Yellow Zone log.INFO: Credit warning SMS sent to customer 146charlotte [] []
[2019-02-21 08:00:03] Credit Warning SMS Yellow Zone log.INFO: Sending credit warning SMS to customer 22charlotte [] []
[2019-02-21 08:00:03] Credit Warning SMS Yellow Zone log.INFO: Credit warning SMS sent to customer 22charlotte [] []
[2019-02-21 08:00:03] Credit Warning SMS Yellow Zone log.INFO: Sending credit warning SMS to customer 28charlotte [] []
[2019-02-21 08:00:03] Credit Warning SMS Yellow Zone log.INFO: Credit warning SMS sent to customer 28charlotte [] []
