[2019-07-21 10:30:01] Credit Warning SMS Yellow Zone log.INFO: Sending credit warning SMS to customer 12sundayswell [] []
[2019-07-21 10:30:01] Credit Warning SMS Yellow Zone log.INFO: Credit warning SMS sent to customer 12sundayswell [] []
[2019-07-21 10:30:01] Credit Warning SMS Yellow Zone log.INFO: Sending credit warning SMS to customer 15sundayswell [] []
[2019-07-21 10:30:01] Credit Warning SMS Yellow Zone log.INFO: Credit warning SMS sent to customer 15sundayswell [] []
[2019-07-21 10:30:01] Credit Warning SMS Yellow Zone log.INFO: Sending credit warning SMS to customer 3garryknock [] []
[2019-07-21 10:30:01] Credit Warning SMS Yellow Zone log.INFO: Credit warning SMS sent to customer 3garryknock [] []
[2019-07-21 10:30:01] Credit Warning SMS Yellow Zone log.INFO: Sending credit warning SMS to customer 9sundayswell [] []
[2019-07-21 10:30:01] Credit Warning SMS Yellow Zone log.INFO: Credit warning SMS sent to customer 9sundayswell [] []
[2019-07-21 10:30:01] Credit Warning SMS Yellow Zone log.INFO: Sending credit warning SMS to customer 23garryknock [] []
[2019-07-21 10:30:01] Credit Warning SMS Yellow Zone log.INFO: Credit warning SMS sent to customer 23garryknock [] []
[2019-07-21 10:30:01] Credit Warning SMS Yellow Zone log.INFO: Sending credit warning SMS to customer 6Emerald [] []
[2019-07-21 10:30:01] Credit Warning SMS Yellow Zone log.INFO: Credit warning SMS sent to customer 6Emerald [] []
[2019-07-21 10:30:01] Credit Warning SMS Yellow Zone log.INFO: Sending credit warning SMS to customer 8Emerald [] []
[2019-07-21 10:30:01] Credit Warning SMS Yellow Zone log.INFO: Credit warning SMS sent to customer 8Emerald [] []
[2019-07-21 10:30:01] Credit Warning SMS Yellow Zone log.INFO: Sending credit warning SMS to customer 19Emerald [] []
[2019-07-21 10:30:01] Credit Warning SMS Yellow Zone log.INFO: Credit warning SMS sent to customer 19Emerald [] []
[2019-07-21 10:30:01] Credit Warning SMS Yellow Zone log.INFO: Sending credit warning SMS to customer 40Emerald [] []
[2019-07-21 10:30:01] Credit Warning SMS Yellow Zone log.INFO: Credit warning SMS sent to customer 40Emerald [] []
[2019-07-21 10:30:01] Credit Warning SMS Yellow Zone log.INFO: Sending credit warning SMS to customer 49Emerald [] []
[2019-07-21 10:30:01] Credit Warning SMS Yellow Zone log.INFO: Credit warning SMS sent to customer 49Emerald [] []
[2019-07-21 10:30:01] Credit Warning SMS Yellow Zone log.INFO: Sending credit warning SMS to customer 184neptune [] []
[2019-07-21 10:30:01] Credit Warning SMS Yellow Zone log.INFO: Credit warning SMS sent to customer 184neptune [] []
[2019-07-21 10:30:01] Credit Warning SMS Yellow Zone log.INFO: Sending credit warning SMS to customer 82Neptune [] []
[2019-07-21 10:30:01] Credit Warning SMS Yellow Zone log.INFO: Credit warning SMS sent to customer 82Neptune [] []
[2019-07-21 10:30:01] Credit Warning SMS Yellow Zone log.INFO: Sending credit warning SMS to customer 153Neptune [] []
[2019-07-21 10:30:01] Credit Warning SMS Yellow Zone log.INFO: Credit warning SMS sent to customer 153Neptune [] []
[2019-07-21 10:30:01] Credit Warning SMS Yellow Zone log.INFO: Sending credit warning SMS to customer 126Neptune [] []
[2019-07-21 10:30:01] Credit Warning SMS Yellow Zone log.INFO: Credit warning SMS sent to customer 126Neptune [] []
[2019-07-21 10:30:01] Credit Warning SMS Yellow Zone log.INFO: Sending credit warning SMS to customer 40neptune [] []
[2019-07-21 10:30:01] Credit Warning SMS Yellow Zone log.INFO: Credit warning SMS sent to customer 40neptune [] []
[2019-07-21 10:30:01] Credit Warning SMS Yellow Zone log.INFO: Sending credit warning SMS to customer 37neptune [] []
[2019-07-21 10:30:01] Credit Warning SMS Yellow Zone log.INFO: Credit warning SMS sent to customer 37neptune [] []
[2019-07-21 10:30:01] Credit Warning SMS Yellow Zone log.INFO: Sending credit warning SMS to customer 18neptune [] []
[2019-07-21 10:30:01] Credit Warning SMS Yellow Zone log.INFO: Credit warning SMS sent to customer 18neptune [] []
[2019-07-21 10:30:01] Credit Warning SMS Yellow Zone log.INFO: Sending credit warning SMS to customer 78Neptune [] []
[2019-07-21 10:30:01] Credit Warning SMS Yellow Zone log.INFO: Credit warning SMS sent to customer 78Neptune [] []
[2019-07-21 10:30:01] Credit Warning SMS Yellow Zone log.INFO: Sending credit warning SMS to customer 9neptune [] []
[2019-07-21 10:30:02] Credit Warning SMS Yellow Zone log.INFO: Credit warning SMS sent to customer 9neptune [] []
[2019-07-21 10:30:02] Credit Warning SMS Yellow Zone log.INFO: Sending credit warning SMS to customer 90Neptune [] []
[2019-07-21 10:30:02] Credit Warning SMS Yellow Zone log.INFO: Credit warning SMS sent to customer 90Neptune [] []
[2019-07-21 10:30:02] Credit Warning SMS Yellow Zone log.INFO: Sending credit warning SMS to customer 10Abbott [] []
[2019-07-21 10:30:02] Credit Warning SMS Yellow Zone log.INFO: Credit warning SMS sent to customer 10Abbott [] []
[2019-07-21 10:30:02] Credit Warning SMS Yellow Zone log.INFO: Sending credit warning SMS to customer 15Abbott [] []
[2019-07-21 10:30:02] Credit Warning SMS Yellow Zone log.INFO: Credit warning SMS sent to customer 15Abbott [] []
[2019-07-21 10:30:02] Credit Warning SMS Yellow Zone log.INFO: Sending credit warning SMS to customer 40Abbott [] []
[2019-07-21 10:30:02] Credit Warning SMS Yellow Zone log.INFO: Credit warning SMS sent to customer 40Abbott [] []
[2019-07-21 10:30:02] Credit Warning SMS Yellow Zone log.INFO: Sending credit warning SMS to customer 45Abbott [] []
[2019-07-21 10:30:02] Credit Warning SMS Yellow Zone log.INFO: Credit warning SMS sent to customer 45Abbott [] []
[2019-07-21 10:30:02] Credit Warning SMS Yellow Zone log.INFO: Sending credit warning SMS to customer 73Abbott [] []
[2019-07-21 10:30:02] Credit Warning SMS Yellow Zone log.INFO: Credit warning SMS sent to customer 73Abbott [] []
[2019-07-21 10:30:02] Credit Warning SMS Yellow Zone log.INFO: Sending credit warning SMS to customer 75Abbott [] []
[2019-07-21 10:30:02] Credit Warning SMS Yellow Zone log.INFO: Credit warning SMS sent to customer 75Abbott [] []
[2019-07-21 10:30:02] Credit Warning SMS Yellow Zone log.INFO: Sending credit warning SMS to customer 70Abbott [] []
[2019-07-21 10:30:02] Credit Warning SMS Yellow Zone log.INFO: Credit warning SMS sent to customer 70Abbott [] []
[2019-07-21 10:30:02] Credit Warning SMS Yellow Zone log.INFO: Sending credit warning SMS to customer 44Abbott [] []
[2019-07-21 10:30:02] Credit Warning SMS Yellow Zone log.INFO: Credit warning SMS sent to customer 44Abbott [] []
[2019-07-21 10:30:02] Credit Warning SMS Yellow Zone log.INFO: Sending credit warning SMS to customer 92Abbott [] []
[2019-07-21 10:30:02] Credit Warning SMS Yellow Zone log.INFO: Credit warning SMS sent to customer 92Abbott [] []
[2019-07-21 10:30:02] Credit Warning SMS Yellow Zone log.INFO: Sending credit warning SMS to customer 71Abbott [] []
[2019-07-21 10:30:02] Credit Warning SMS Yellow Zone log.INFO: Credit warning SMS sent to customer 71Abbott [] []
[2019-07-21 10:30:02] Credit Warning SMS Yellow Zone log.INFO: Sending credit warning SMS to customer 105Abbott [] []
[2019-07-21 10:30:02] Credit Warning SMS Yellow Zone log.INFO: Credit warning SMS sent to customer 105Abbott [] []
[2019-07-21 10:30:02] Credit Warning SMS Yellow Zone log.INFO: Sending credit warning SMS to customer 111Abbott [] []
[2019-07-21 10:30:02] Credit Warning SMS Yellow Zone log.INFO: Credit warning SMS sent to customer 111Abbott [] []
[2019-07-21 10:30:02] Credit Warning SMS Yellow Zone log.INFO: Sending credit warning SMS to customer 98Abbott [] []
[2019-07-21 10:30:02] Credit Warning SMS Yellow Zone log.INFO: Credit warning SMS sent to customer 98Abbott [] []
[2019-07-21 10:30:02] Credit Warning SMS Yellow Zone log.INFO: Sending credit warning SMS to customer 97Abbott [] []
[2019-07-21 10:30:02] Credit Warning SMS Yellow Zone log.INFO: Credit warning SMS sent to customer 97Abbott [] []
[2019-07-21 10:30:02] Credit Warning SMS Yellow Zone log.INFO: Sending credit warning SMS to customer 124Abbott [] []
[2019-07-21 10:30:02] Credit Warning SMS Yellow Zone log.INFO: Credit warning SMS sent to customer 124Abbott [] []
[2019-07-21 10:30:02] Credit Warning SMS Yellow Zone log.INFO: Sending credit warning SMS to customer 162abbott [] []
[2019-07-21 10:30:02] Credit Warning SMS Yellow Zone log.INFO: Credit warning SMS sent to customer 162abbott [] []
[2019-07-21 10:30:02] Credit Warning SMS Yellow Zone log.INFO: Sending credit warning SMS to customer 11GreenBank [] []
[2019-07-21 10:30:02] Credit Warning SMS Yellow Zone log.INFO: Credit warning SMS sent to customer 11GreenBank [] []
[2019-07-21 10:30:02] Credit Warning SMS Yellow Zone log.INFO: Sending credit warning SMS to customer 187abbott [] []
[2019-07-21 10:30:02] Credit Warning SMS Yellow Zone log.INFO: Credit warning SMS sent to customer 187abbott [] []
[2019-07-21 10:30:02] Credit Warning SMS Yellow Zone log.INFO: Sending credit warning SMS to customer 14eustace [] []
[2019-07-21 10:30:02] Credit Warning SMS Yellow Zone log.INFO: Credit warning SMS sent to customer 14eustace [] []
[2019-07-21 10:30:02] Credit Warning SMS Yellow Zone log.INFO: Sending credit warning SMS to customer 61eustace [] []
[2019-07-21 10:30:02] Credit Warning SMS Yellow Zone log.INFO: Credit warning SMS sent to customer 61eustace [] []
[2019-07-21 10:30:02] Credit Warning SMS Yellow Zone log.INFO: Sending credit warning SMS to customer 20leona [] []
[2019-07-21 10:30:02] Credit Warning SMS Yellow Zone log.INFO: Credit warning SMS sent to customer 20leona [] []
[2019-07-21 10:30:02] Credit Warning SMS Yellow Zone log.INFO: Sending credit warning SMS to customer 58leona [] []
[2019-07-21 10:30:02] Credit Warning SMS Yellow Zone log.INFO: Credit warning SMS sent to customer 58leona [] []
[2019-07-21 10:30:02] Credit Warning SMS Yellow Zone log.INFO: Sending credit warning SMS to customer 94leona [] []
[2019-07-21 10:30:02] Credit Warning SMS Yellow Zone log.INFO: Credit warning SMS sent to customer 94leona [] []
[2019-07-21 10:30:02] Credit Warning SMS Yellow Zone log.INFO: Sending credit warning SMS to customer 100leona [] []
[2019-07-21 10:30:02] Credit Warning SMS Yellow Zone log.INFO: Credit warning SMS sent to customer 100leona [] []
[2019-07-21 10:30:02] Credit Warning SMS Yellow Zone log.INFO: Sending credit warning SMS to customer 115leona [] []
[2019-07-21 10:30:02] Credit Warning SMS Yellow Zone log.INFO: Credit warning SMS sent to customer 115leona [] []
[2019-07-21 10:30:02] Credit Warning SMS Yellow Zone log.INFO: Sending credit warning SMS to customer 155leona [] []
[2019-07-21 10:30:02] Credit Warning SMS Yellow Zone log.INFO: Credit warning SMS sent to customer 155leona [] []
[2019-07-21 10:30:02] Credit Warning SMS Yellow Zone log.INFO: Sending credit warning SMS to customer 112charlotte [] []
[2019-07-21 10:30:02] Credit Warning SMS Yellow Zone log.INFO: Credit warning SMS sent to customer 112charlotte [] []
[2019-07-21 10:30:02] Credit Warning SMS Yellow Zone log.INFO: Sending credit warning SMS to customer 127charlotte [] []
[2019-07-21 10:30:02] Credit Warning SMS Yellow Zone log.INFO: Credit warning SMS sent to customer 127charlotte [] []
[2019-07-21 10:30:02] Credit Warning SMS Yellow Zone log.INFO: Sending credit warning SMS to customer 154charlotte [] []
[2019-07-21 10:30:02] Credit Warning SMS Yellow Zone log.INFO: Credit warning SMS sent to customer 154charlotte [] []
[2019-07-21 10:30:02] Credit Warning SMS Yellow Zone log.INFO: Sending credit warning SMS to customer 114charlotte [] []
[2019-07-21 10:30:02] Credit Warning SMS Yellow Zone log.INFO: Credit warning SMS sent to customer 114charlotte [] []
[2019-07-21 10:30:02] Credit Warning SMS Yellow Zone log.INFO: Sending credit warning SMS to customer 102charlotte [] []
[2019-07-21 10:30:03] Credit Warning SMS Yellow Zone log.INFO: Credit warning SMS sent to customer 102charlotte [] []
[2019-07-21 10:30:03] Credit Warning SMS Yellow Zone log.INFO: Sending credit warning SMS to customer 16charlotte [] []
[2019-07-21 10:30:03] Credit Warning SMS Yellow Zone log.INFO: Credit warning SMS sent to customer 16charlotte [] []
[2019-07-21 10:30:03] Credit Warning SMS Yellow Zone log.INFO: Sending credit warning SMS to customer 40charlotte [] []
[2019-07-21 10:30:03] Credit Warning SMS Yellow Zone log.INFO: Credit warning SMS sent to customer 40charlotte [] []
[2019-07-21 10:30:03] Credit Warning SMS Yellow Zone log.INFO: Sending credit warning SMS to customer 18charlotte [] []
[2019-07-21 10:30:03] Credit Warning SMS Yellow Zone log.INFO: Credit warning SMS sent to customer 18charlotte [] []
[2019-07-21 10:30:03] Credit Warning SMS Yellow Zone log.INFO: Sending credit warning SMS to customer 25charlotte [] []
[2019-07-21 10:30:03] Credit Warning SMS Yellow Zone log.INFO: Credit warning SMS sent to customer 25charlotte [] []
[2019-07-21 10:30:03] Credit Warning SMS Yellow Zone log.INFO: Sending credit warning SMS to customer 28charlotte [] []
[2019-07-21 10:30:03] Credit Warning SMS Yellow Zone log.INFO: Credit warning SMS sent to customer 28charlotte [] []
[2019-07-21 10:30:03] Credit Warning SMS Yellow Zone log.INFO: Sending credit warning SMS to customer 110charlotte [] []
[2019-07-21 10:30:03] Credit Warning SMS Yellow Zone log.INFO: Credit warning SMS sent to customer 110charlotte [] []
[2019-07-21 10:30:03] Credit Warning SMS Yellow Zone log.INFO: Sending credit warning SMS to customer 54charlotte [] []
[2019-07-21 10:30:03] Credit Warning SMS Yellow Zone log.INFO: Credit warning SMS sent to customer 54charlotte [] []
[2019-07-21 10:30:03] Credit Warning SMS Yellow Zone log.INFO: Sending credit warning SMS to customer 1charlotte [] []
[2019-07-21 10:30:03] Credit Warning SMS Yellow Zone log.INFO: Credit warning SMS sent to customer 1charlotte [] []
[2019-07-21 10:30:03] Credit Warning SMS Yellow Zone log.INFO: Sending credit warning SMS to customer 74charlotte [] []
[2019-07-21 10:30:03] Credit Warning SMS Yellow Zone log.INFO: Credit warning SMS sent to customer 74charlotte [] []
[2019-07-21 10:30:03] Credit Warning SMS Yellow Zone log.INFO: Sending credit warning SMS to customer 82charlotte [] []
[2019-07-21 10:30:03] Credit Warning SMS Yellow Zone log.INFO: Credit warning SMS sent to customer 82charlotte [] []
[2019-07-21 10:30:03] Credit Warning SMS Yellow Zone log.INFO: Sending credit warning SMS to customer 76charlotte [] []
[2019-07-21 10:30:03] Credit Warning SMS Yellow Zone log.INFO: Credit warning SMS sent to customer 76charlotte [] []
[2019-07-21 10:30:03] Credit Warning SMS Yellow Zone log.INFO: Sending credit warning SMS to customer 77charlotte [] []
[2019-07-21 10:30:03] Credit Warning SMS Yellow Zone log.INFO: Credit warning SMS sent to customer 77charlotte [] []
[2019-07-21 10:30:03] Credit Warning SMS Yellow Zone log.INFO: Sending credit warning SMS to customer 73charlotte [] []
[2019-07-21 10:30:03] Credit Warning SMS Yellow Zone log.INFO: Credit warning SMS sent to customer 73charlotte [] []
[2019-07-21 10:30:03] Credit Warning SMS Yellow Zone log.INFO: Sending credit warning SMS to customer 96charlotte [] []
[2019-07-21 10:30:03] Credit Warning SMS Yellow Zone log.INFO: Credit warning SMS sent to customer 96charlotte [] []
[2019-07-21 10:30:03] Credit Warning SMS Yellow Zone log.INFO: Sending credit warning SMS to customer 140charlotte [] []
[2019-07-21 10:30:03] Credit Warning SMS Yellow Zone log.INFO: Credit warning SMS sent to customer 140charlotte [] []
[2019-07-21 10:30:03] Credit Warning SMS Yellow Zone log.INFO: Sent Credit warning SMS to 66 customers! [] []
