[2019-05-25 10:30:02] Credit Warning SMS Yellow Zone log.INFO: Sending credit warning SMS to customer 22brackenview [] []
[2019-05-25 10:30:02] Credit Warning SMS Yellow Zone log.INFO: Credit warning SMS sent to customer 22brackenview [] []
[2019-05-25 10:30:02] Credit Warning SMS Yellow Zone log.INFO: Sending credit warning SMS to customer 8garryknock [] []
[2019-05-25 10:30:02] Credit Warning SMS Yellow Zone log.INFO: Credit warning SMS sent to customer 8garryknock [] []
[2019-05-25 10:30:02] Credit Warning SMS Yellow Zone log.INFO: Sending credit warning SMS to customer 9garryknock [] []
[2019-05-25 10:30:02] Credit Warning SMS Yellow Zone log.INFO: Credit warning SMS sent to customer 9garryknock [] []
[2019-05-25 10:30:02] Credit Warning SMS Yellow Zone log.INFO: Sending credit warning SMS to customer 3garryknock [] []
[2019-05-25 10:30:02] Credit Warning SMS Yellow Zone log.INFO: Credit warning SMS sent to customer 3garryknock [] []
[2019-05-25 10:30:02] Credit Warning SMS Yellow Zone log.INFO: Sending credit warning SMS to customer 19garryknock [] []
[2019-05-25 10:30:02] Credit Warning SMS Yellow Zone log.INFO: Credit warning SMS sent to customer 19garryknock [] []
[2019-05-25 10:30:02] Credit Warning SMS Yellow Zone log.INFO: Sending credit warning SMS to customer 23garryknock [] []
[2019-05-25 10:30:02] Credit Warning SMS Yellow Zone log.INFO: Credit warning SMS sent to customer 23garryknock [] []
[2019-05-25 10:30:02] Credit Warning SMS Yellow Zone log.INFO: Sending credit warning SMS to customer 12Emerald [] []
[2019-05-25 10:30:02] Credit Warning SMS Yellow Zone log.INFO: Credit warning SMS sent to customer 12Emerald [] []
[2019-05-25 10:30:02] Credit Warning SMS Yellow Zone log.INFO: Sending credit warning SMS to customer 22Emerald [] []
[2019-05-25 10:30:02] Credit Warning SMS Yellow Zone log.INFO: Credit warning SMS sent to customer 22Emerald [] []
[2019-05-25 10:30:02] Credit Warning SMS Yellow Zone log.INFO: Sending credit warning SMS to customer 10Emerald [] []
[2019-05-25 10:30:02] Credit Warning SMS Yellow Zone log.INFO: Credit warning SMS sent to customer 10Emerald [] []
[2019-05-25 10:30:02] Credit Warning SMS Yellow Zone log.INFO: Sending credit warning SMS to customer 40Emerald [] []
[2019-05-25 10:30:02] Credit Warning SMS Yellow Zone log.INFO: Credit warning SMS sent to customer 40Emerald [] []
[2019-05-25 10:30:02] Credit Warning SMS Yellow Zone log.INFO: Sending credit warning SMS to customer 29Emerald [] []
[2019-05-25 10:30:02] Credit Warning SMS Yellow Zone log.INFO: Credit warning SMS sent to customer 29Emerald [] []
[2019-05-25 10:30:02] Credit Warning SMS Yellow Zone log.INFO: Sending credit warning SMS to customer 170neptune [] []
[2019-05-25 10:30:02] Credit Warning SMS Yellow Zone log.INFO: Credit warning SMS sent to customer 170neptune [] []
[2019-05-25 10:30:02] Credit Warning SMS Yellow Zone log.INFO: Sending credit warning SMS to customer 11neptune [] []
[2019-05-25 10:30:02] Credit Warning SMS Yellow Zone log.INFO: Credit warning SMS sent to customer 11neptune [] []
[2019-05-25 10:30:02] Credit Warning SMS Yellow Zone log.INFO: Sending credit warning SMS to customer 115Neptune [] []
[2019-05-25 10:30:02] Credit Warning SMS Yellow Zone log.INFO: Credit warning SMS sent to customer 115Neptune [] []
[2019-05-25 10:30:02] Credit Warning SMS Yellow Zone log.INFO: Sending credit warning SMS to customer 151Neptune [] []
[2019-05-25 10:30:02] Credit Warning SMS Yellow Zone log.INFO: Credit warning SMS sent to customer 151Neptune [] []
[2019-05-25 10:30:02] Credit Warning SMS Yellow Zone log.INFO: Sending credit warning SMS to customer 148Neptune [] []
[2019-05-25 10:30:02] Credit Warning SMS Yellow Zone log.INFO: Credit warning SMS sent to customer 148Neptune [] []
[2019-05-25 10:30:02] Credit Warning SMS Yellow Zone log.INFO: Sending credit warning SMS to customer 26neptune [] []
[2019-05-25 10:30:02] Credit Warning SMS Yellow Zone log.INFO: Credit warning SMS sent to customer 26neptune [] []
[2019-05-25 10:30:02] Credit Warning SMS Yellow Zone log.INFO: Sending credit warning SMS to customer 120Neptune [] []
[2019-05-25 10:30:02] Credit Warning SMS Yellow Zone log.INFO: Credit warning SMS sent to customer 120Neptune [] []
[2019-05-25 10:30:02] Credit Warning SMS Yellow Zone log.INFO: Sending credit warning SMS to customer 110Neptune [] []
[2019-05-25 10:30:02] Credit Warning SMS Yellow Zone log.INFO: Credit warning SMS sent to customer 110Neptune [] []
[2019-05-25 10:30:02] Credit Warning SMS Yellow Zone log.INFO: Sending credit warning SMS to customer 184neptune [] []
[2019-05-25 10:30:02] Credit Warning SMS Yellow Zone log.INFO: Credit warning SMS sent to customer 184neptune [] []
[2019-05-25 10:30:02] Credit Warning SMS Yellow Zone log.INFO: Sending credit warning SMS to customer 84Neptune [] []
[2019-05-25 10:30:03] Credit Warning SMS Yellow Zone log.INFO: Credit warning SMS sent to customer 84Neptune [] []
[2019-05-25 10:30:03] Credit Warning SMS Yellow Zone log.INFO: Sending credit warning SMS to customer 40neptune [] []
[2019-05-25 10:30:03] Credit Warning SMS Yellow Zone log.INFO: Credit warning SMS sent to customer 40neptune [] []
[2019-05-25 10:30:03] Credit Warning SMS Yellow Zone log.INFO: Sending credit warning SMS to customer 196neptune [] []
[2019-05-25 10:30:03] Credit Warning SMS Yellow Zone log.INFO: Credit warning SMS sent to customer 196neptune [] []
[2019-05-25 10:30:03] Credit Warning SMS Yellow Zone log.INFO: Sending credit warning SMS to customer 66Neptune [] []
[2019-05-25 10:30:03] Credit Warning SMS Yellow Zone log.INFO: Credit warning SMS sent to customer 66Neptune [] []
[2019-05-25 10:30:03] Credit Warning SMS Yellow Zone log.INFO: Sending credit warning SMS to customer 165neptune [] []
[2019-05-25 10:30:03] Credit Warning SMS Yellow Zone log.INFO: Credit warning SMS sent to customer 165neptune [] []
[2019-05-25 10:30:03] Credit Warning SMS Yellow Zone log.INFO: Sending credit warning SMS to customer 192neptune [] []
[2019-05-25 10:30:03] Credit Warning SMS Yellow Zone log.INFO: Credit warning SMS sent to customer 192neptune [] []
[2019-05-25 10:30:03] Credit Warning SMS Yellow Zone log.INFO: Sending credit warning SMS to customer 32neptune [] []
[2019-05-25 10:30:03] Credit Warning SMS Yellow Zone log.INFO: Credit warning SMS sent to customer 32neptune [] []
[2019-05-25 10:30:03] Credit Warning SMS Yellow Zone log.INFO: Sending credit warning SMS to customer 10Abbott [] []
[2019-05-25 10:30:03] Credit Warning SMS Yellow Zone log.INFO: Credit warning SMS sent to customer 10Abbott [] []
[2019-05-25 10:30:03] Credit Warning SMS Yellow Zone log.INFO: Sending credit warning SMS to customer 28Abbott [] []
[2019-05-25 10:30:03] Credit Warning SMS Yellow Zone log.INFO: Credit warning SMS sent to customer 28Abbott [] []
[2019-05-25 10:30:03] Credit Warning SMS Yellow Zone log.INFO: Sending credit warning SMS to customer 43Abbott [] []
[2019-05-25 10:30:03] Credit Warning SMS Yellow Zone log.INFO: Credit warning SMS sent to customer 43Abbott [] []
[2019-05-25 10:30:03] Credit Warning SMS Yellow Zone log.INFO: Sending credit warning SMS to customer 13Abbott [] []
[2019-05-25 10:30:03] Credit Warning SMS Yellow Zone log.INFO: Credit warning SMS sent to customer 13Abbott [] []
[2019-05-25 10:30:03] Credit Warning SMS Yellow Zone log.INFO: Sending credit warning SMS to customer 74Abbott [] []
[2019-05-25 10:30:03] Credit Warning SMS Yellow Zone log.INFO: Credit warning SMS sent to customer 74Abbott [] []
[2019-05-25 10:30:03] Credit Warning SMS Yellow Zone log.INFO: Sending credit warning SMS to customer 75Abbott [] []
[2019-05-25 10:30:03] Credit Warning SMS Yellow Zone log.INFO: Credit warning SMS sent to customer 75Abbott [] []
[2019-05-25 10:30:03] Credit Warning SMS Yellow Zone log.INFO: Sending credit warning SMS to customer 59Abbott [] []
[2019-05-25 10:30:03] Credit Warning SMS Yellow Zone log.INFO: Credit warning SMS sent to customer 59Abbott [] []
[2019-05-25 10:30:03] Credit Warning SMS Yellow Zone log.INFO: Sending credit warning SMS to customer 66Abbott [] []
[2019-05-25 10:30:03] Credit Warning SMS Yellow Zone log.INFO: Credit warning SMS sent to customer 66Abbott [] []
[2019-05-25 10:30:03] Credit Warning SMS Yellow Zone log.INFO: Sending credit warning SMS to customer 44Abbott [] []
[2019-05-25 10:30:03] Credit Warning SMS Yellow Zone log.INFO: Credit warning SMS sent to customer 44Abbott [] []
[2019-05-25 10:30:03] Credit Warning SMS Yellow Zone log.INFO: Sending credit warning SMS to customer 92Abbott [] []
[2019-05-25 10:30:03] Credit Warning SMS Yellow Zone log.INFO: Credit warning SMS sent to customer 92Abbott [] []
[2019-05-25 10:30:03] Credit Warning SMS Yellow Zone log.INFO: Sending credit warning SMS to customer 105Abbott [] []
[2019-05-25 10:30:03] Credit Warning SMS Yellow Zone log.INFO: Credit warning SMS sent to customer 105Abbott [] []
[2019-05-25 10:30:03] Credit Warning SMS Yellow Zone log.INFO: Sending credit warning SMS to customer 111Abbott [] []
[2019-05-25 10:30:03] Credit Warning SMS Yellow Zone log.INFO: Credit warning SMS sent to customer 111Abbott [] []
[2019-05-25 10:30:03] Credit Warning SMS Yellow Zone log.INFO: Sending credit warning SMS to customer 117Abbott [] []
[2019-05-25 10:30:03] Credit Warning SMS Yellow Zone log.INFO: Credit warning SMS sent to customer 117Abbott [] []
[2019-05-25 10:30:03] Credit Warning SMS Yellow Zone log.INFO: Sending credit warning SMS to customer 119Abbott [] []
[2019-05-25 10:30:03] Credit Warning SMS Yellow Zone log.INFO: Credit warning SMS sent to customer 119Abbott [] []
[2019-05-25 10:30:03] Credit Warning SMS Yellow Zone log.INFO: Sending credit warning SMS to customer 98Abbott [] []
[2019-05-25 10:30:03] Credit Warning SMS Yellow Zone log.INFO: Credit warning SMS sent to customer 98Abbott [] []
[2019-05-25 10:30:03] Credit Warning SMS Yellow Zone log.INFO: Sending credit warning SMS to customer 95Abbott [] []
[2019-05-25 10:30:03] Credit Warning SMS Yellow Zone log.INFO: Credit warning SMS sent to customer 95Abbott [] []
[2019-05-25 10:30:03] Credit Warning SMS Yellow Zone log.INFO: Sending credit warning SMS to customer 155abbott [] []
[2019-05-25 10:30:03] Credit Warning SMS Yellow Zone log.INFO: Credit warning SMS sent to customer 155abbott [] []
[2019-05-25 10:30:03] Credit Warning SMS Yellow Zone log.INFO: Sending credit warning SMS to customer 141abbott [] []
[2019-05-25 10:30:03] Credit Warning SMS Yellow Zone log.INFO: Credit warning SMS sent to customer 141abbott [] []
[2019-05-25 10:30:03] Credit Warning SMS Yellow Zone log.INFO: Sending credit warning SMS to customer 128abbott [] []
[2019-05-25 10:30:03] Credit Warning SMS Yellow Zone log.INFO: Credit warning SMS sent to customer 128abbott [] []
[2019-05-25 10:30:03] Credit Warning SMS Yellow Zone log.INFO: Sending credit warning SMS to customer 135abbott [] []
[2019-05-25 10:30:03] Credit Warning SMS Yellow Zone log.INFO: Credit warning SMS sent to customer 135abbott [] []
[2019-05-25 10:30:03] Credit Warning SMS Yellow Zone log.INFO: Sending credit warning SMS to customer 190abbott [] []
[2019-05-25 10:30:03] Credit Warning SMS Yellow Zone log.INFO: Credit warning SMS sent to customer 190abbott [] []
[2019-05-25 10:30:03] Credit Warning SMS Yellow Zone log.INFO: Sending credit warning SMS to customer 127abbott [] []
[2019-05-25 10:30:03] Credit Warning SMS Yellow Zone log.INFO: Credit warning SMS sent to customer 127abbott [] []
[2019-05-25 10:30:03] Credit Warning SMS Yellow Zone log.INFO: Sending credit warning SMS to customer 143abbott [] []
[2019-05-25 10:30:03] Credit Warning SMS Yellow Zone log.INFO: Credit warning SMS sent to customer 143abbott [] []
[2019-05-25 10:30:03] Credit Warning SMS Yellow Zone log.INFO: Sending credit warning SMS to customer 175abbott [] []
[2019-05-25 10:30:03] Credit Warning SMS Yellow Zone log.INFO: Credit warning SMS sent to customer 175abbott [] []
[2019-05-25 10:30:03] Credit Warning SMS Yellow Zone log.INFO: Sending credit warning SMS to customer 14GreenBank [] []
[2019-05-25 10:30:04] Credit Warning SMS Yellow Zone log.INFO: Credit warning SMS sent to customer 14GreenBank [] []
[2019-05-25 10:30:04] Credit Warning SMS Yellow Zone log.INFO: Sending credit warning SMS to customer 32GreenBank [] []
[2019-05-25 10:30:05] Credit Warning SMS Yellow Zone log.INFO: Credit warning SMS sent to customer 32GreenBank [] []
[2019-05-25 10:30:05] Credit Warning SMS Yellow Zone log.INFO: Sending credit warning SMS to customer 87eustace [] []
[2019-05-25 10:30:05] Credit Warning SMS Yellow Zone log.INFO: Credit warning SMS sent to customer 87eustace [] []
[2019-05-25 10:30:05] Credit Warning SMS Yellow Zone log.INFO: Sending credit warning SMS to customer 17eustace [] []
[2019-05-25 10:30:05] Credit Warning SMS Yellow Zone log.INFO: Credit warning SMS sent to customer 17eustace [] []
[2019-05-25 10:30:05] Credit Warning SMS Yellow Zone log.INFO: Sending credit warning SMS to customer 29eustace [] []
[2019-05-25 10:30:05] Credit Warning SMS Yellow Zone log.INFO: Credit warning SMS sent to customer 29eustace [] []
[2019-05-25 10:30:05] Credit Warning SMS Yellow Zone log.INFO: Sending credit warning SMS to customer 144leona [] []
[2019-05-25 10:30:05] Credit Warning SMS Yellow Zone log.INFO: Credit warning SMS sent to customer 144leona [] []
[2019-05-25 10:30:05] Credit Warning SMS Yellow Zone log.INFO: Sending credit warning SMS to customer 156leona [] []
[2019-05-25 10:30:05] Credit Warning SMS Yellow Zone log.INFO: Credit warning SMS sent to customer 156leona [] []
[2019-05-25 10:30:05] Credit Warning SMS Yellow Zone log.INFO: Sending credit warning SMS to customer 20leona [] []
[2019-05-25 10:30:05] Credit Warning SMS Yellow Zone log.INFO: Credit warning SMS sent to customer 20leona [] []
[2019-05-25 10:30:05] Credit Warning SMS Yellow Zone log.INFO: Sending credit warning SMS to customer 3leona [] []
[2019-05-25 10:30:05] Credit Warning SMS Yellow Zone log.INFO: Credit warning SMS sent to customer 3leona [] []
[2019-05-25 10:30:05] Credit Warning SMS Yellow Zone log.INFO: Sending credit warning SMS to customer 13leona [] []
[2019-05-25 10:30:05] Credit Warning SMS Yellow Zone log.INFO: Credit warning SMS sent to customer 13leona [] []
[2019-05-25 10:30:05] Credit Warning SMS Yellow Zone log.INFO: Sending credit warning SMS to customer 26leona [] []
[2019-05-25 10:30:05] Credit Warning SMS Yellow Zone log.INFO: Credit warning SMS sent to customer 26leona [] []
[2019-05-25 10:30:05] Credit Warning SMS Yellow Zone log.INFO: Sending credit warning SMS to customer 58leona [] []
[2019-05-25 10:30:05] Credit Warning SMS Yellow Zone log.INFO: Credit warning SMS sent to customer 58leona [] []
[2019-05-25 10:30:05] Credit Warning SMS Yellow Zone log.INFO: Sending credit warning SMS to customer 60leona [] []
[2019-05-25 10:30:05] Credit Warning SMS Yellow Zone log.INFO: Credit warning SMS sent to customer 60leona [] []
[2019-05-25 10:30:05] Credit Warning SMS Yellow Zone log.INFO: Sending credit warning SMS to customer 119leona [] []
[2019-05-25 10:30:05] Credit Warning SMS Yellow Zone log.INFO: Credit warning SMS sent to customer 119leona [] []
[2019-05-25 10:30:05] Credit Warning SMS Yellow Zone log.INFO: Sending credit warning SMS to customer 38leona [] []
[2019-05-25 10:30:05] Credit Warning SMS Yellow Zone log.INFO: Credit warning SMS sent to customer 38leona [] []
[2019-05-25 10:30:05] Credit Warning SMS Yellow Zone log.INFO: Sending credit warning SMS to customer 94leona [] []
[2019-05-25 10:30:05] Credit Warning SMS Yellow Zone log.INFO: Credit warning SMS sent to customer 94leona [] []
[2019-05-25 10:30:05] Credit Warning SMS Yellow Zone log.INFO: Sending credit warning SMS to customer 109leona [] []
[2019-05-25 10:30:05] Credit Warning SMS Yellow Zone log.INFO: Credit warning SMS sent to customer 109leona [] []
[2019-05-25 10:30:05] Credit Warning SMS Yellow Zone log.INFO: Sending credit warning SMS to customer 82leona [] []
[2019-05-25 10:30:05] Credit Warning SMS Yellow Zone log.INFO: Credit warning SMS sent to customer 82leona [] []
[2019-05-25 10:30:05] Credit Warning SMS Yellow Zone log.INFO: Sending credit warning SMS to customer 115leona [] []
[2019-05-25 10:30:05] Credit Warning SMS Yellow Zone log.INFO: Credit warning SMS sent to customer 115leona [] []
[2019-05-25 10:30:05] Credit Warning SMS Yellow Zone log.INFO: Sending credit warning SMS to customer 112charlotte [] []
[2019-05-25 10:30:05] Credit Warning SMS Yellow Zone log.INFO: Credit warning SMS sent to customer 112charlotte [] []
[2019-05-25 10:30:05] Credit Warning SMS Yellow Zone log.INFO: Sending credit warning SMS to customer 118charlotte [] []
[2019-05-25 10:30:05] Credit Warning SMS Yellow Zone log.INFO: Credit warning SMS sent to customer 118charlotte [] []
[2019-05-25 10:30:05] Credit Warning SMS Yellow Zone log.INFO: Sending credit warning SMS to customer 147charlotte [] []
[2019-05-25 10:30:05] Credit Warning SMS Yellow Zone log.INFO: Credit warning SMS sent to customer 147charlotte [] []
[2019-05-25 10:30:05] Credit Warning SMS Yellow Zone log.INFO: Sending credit warning SMS to customer 151charlotte [] []
[2019-05-25 10:30:05] Credit Warning SMS Yellow Zone log.INFO: Credit warning SMS sent to customer 151charlotte [] []
[2019-05-25 10:30:05] Credit Warning SMS Yellow Zone log.INFO: Sending credit warning SMS to customer 114charlotte [] []
[2019-05-25 10:30:05] Credit Warning SMS Yellow Zone log.INFO: Credit warning SMS sent to customer 114charlotte [] []
[2019-05-25 10:30:05] Credit Warning SMS Yellow Zone log.INFO: Sending credit warning SMS to customer 144charlotte [] []
[2019-05-25 10:30:05] Credit Warning SMS Yellow Zone log.INFO: Credit warning SMS sent to customer 144charlotte [] []
[2019-05-25 10:30:05] Credit Warning SMS Yellow Zone log.INFO: Sending credit warning SMS to customer 125charlotte [] []
[2019-05-25 10:30:05] Credit Warning SMS Yellow Zone log.INFO: Credit warning SMS sent to customer 125charlotte [] []
[2019-05-25 10:30:05] Credit Warning SMS Yellow Zone log.INFO: Sending credit warning SMS to customer 42charlotte [] []
[2019-05-25 10:30:05] Credit Warning SMS Yellow Zone log.INFO: Credit warning SMS sent to customer 42charlotte [] []
[2019-05-25 10:30:05] Credit Warning SMS Yellow Zone log.INFO: Sending credit warning SMS to customer 18charlotte [] []
[2019-05-25 10:30:05] Credit Warning SMS Yellow Zone log.INFO: Credit warning SMS sent to customer 18charlotte [] []
[2019-05-25 10:30:05] Credit Warning SMS Yellow Zone log.INFO: Sending credit warning SMS to customer 28charlotte [] []
[2019-05-25 10:30:05] Credit Warning SMS Yellow Zone log.INFO: Credit warning SMS sent to customer 28charlotte [] []
[2019-05-25 10:30:05] Credit Warning SMS Yellow Zone log.INFO: Sending credit warning SMS to customer 13charlotte [] []
[2019-05-25 10:30:05] Credit Warning SMS Yellow Zone log.INFO: Credit warning SMS sent to customer 13charlotte [] []
[2019-05-25 10:30:05] Credit Warning SMS Yellow Zone log.INFO: Sending credit warning SMS to customer 82charlotte [] []
[2019-05-25 10:30:05] Credit Warning SMS Yellow Zone log.INFO: Credit warning SMS sent to customer 82charlotte [] []
[2019-05-25 10:30:05] Credit Warning SMS Yellow Zone log.INFO: Sending credit warning SMS to customer 93charlotte [] []
[2019-05-25 10:30:05] Credit Warning SMS Yellow Zone log.INFO: Credit warning SMS sent to customer 93charlotte [] []
[2019-05-25 10:30:05] Credit Warning SMS Yellow Zone log.INFO: Sending credit warning SMS to customer 100charlotte [] []
[2019-05-25 10:30:06] Credit Warning SMS Yellow Zone log.INFO: Credit warning SMS sent to customer 100charlotte [] []
[2019-05-25 10:30:06] Credit Warning SMS Yellow Zone log.INFO: Sending credit warning SMS to customer 73charlotte [] []
[2019-05-25 10:30:06] Credit Warning SMS Yellow Zone log.INFO: Credit warning SMS sent to customer 73charlotte [] []
