[2019-09-24 08:00:01] Credit Warning SMS Yellow Zone log.INFO: Sending credit warning SMS to customer 9garryknock [] []
[2019-09-24 08:00:01] Credit Warning SMS Yellow Zone log.INFO: Credit warning SMS sent to customer 9garryknock [] []
[2019-09-24 08:00:01] Credit Warning SMS Yellow Zone log.INFO: Sending credit warning SMS to customer 16sundayswell [] []
[2019-09-24 08:00:01] Credit Warning SMS Yellow Zone log.INFO: Credit warning SMS sent to customer 16sundayswell [] []
[2019-09-24 08:00:01] Credit Warning SMS Yellow Zone log.INFO: Sending credit warning SMS to customer 37Emerald [] []
[2019-09-24 08:00:01] Credit Warning SMS Yellow Zone log.INFO: Credit warning SMS sent to customer 37Emerald [] []
[2019-09-24 08:00:01] Credit Warning SMS Yellow Zone log.INFO: Sending credit warning SMS to customer 27Emerald [] []
[2019-09-24 08:00:01] Credit Warning SMS Yellow Zone log.INFO: Credit warning SMS sent to customer 27Emerald [] []
[2019-09-24 08:00:01] Credit Warning SMS Yellow Zone log.INFO: Sending credit warning SMS to customer 6Emerald [] []
[2019-09-24 08:00:01] Credit Warning SMS Yellow Zone log.INFO: Credit warning SMS sent to customer 6Emerald [] []
[2019-09-24 08:00:01] Credit Warning SMS Yellow Zone log.INFO: Sending credit warning SMS to customer 49Emerald [] []
[2019-09-24 08:00:01] Credit Warning SMS Yellow Zone log.INFO: Credit warning SMS sent to customer 49Emerald [] []
[2019-09-24 08:00:01] Credit Warning SMS Yellow Zone log.INFO: Sending credit warning SMS to customer 13Emerald [] []
[2019-09-24 08:00:01] Credit Warning SMS Yellow Zone log.INFO: Credit warning SMS sent to customer 13Emerald [] []
[2019-09-24 08:00:01] Credit Warning SMS Yellow Zone log.INFO: Sending credit warning SMS to customer 168neptune [] []
[2019-09-24 08:00:01] Credit Warning SMS Yellow Zone log.INFO: Credit warning SMS sent to customer 168neptune [] []
[2019-09-24 08:00:01] Credit Warning SMS Yellow Zone log.INFO: Sending credit warning SMS to customer 184neptune [] []
[2019-09-24 08:00:01] Credit Warning SMS Yellow Zone log.INFO: Credit warning SMS sent to customer 184neptune [] []
[2019-09-24 08:00:01] Credit Warning SMS Yellow Zone log.INFO: Sending credit warning SMS to customer 84Neptune [] []
[2019-09-24 08:00:01] Credit Warning SMS Yellow Zone log.INFO: Credit warning SMS sent to customer 84Neptune [] []
[2019-09-24 08:00:01] Credit Warning SMS Yellow Zone log.INFO: Sending credit warning SMS to customer 93Neptune [] []
[2019-09-24 08:00:02] Credit Warning SMS Yellow Zone log.INFO: Credit warning SMS sent to customer 93Neptune [] []
[2019-09-24 08:00:02] Credit Warning SMS Yellow Zone log.INFO: Sending credit warning SMS to customer 123Neptune [] []
[2019-09-24 08:00:02] Credit Warning SMS Yellow Zone log.INFO: Credit warning SMS sent to customer 123Neptune [] []
[2019-09-24 08:00:02] Credit Warning SMS Yellow Zone log.INFO: Sending credit warning SMS to customer 195neptune [] []
[2019-09-24 08:00:02] Credit Warning SMS Yellow Zone log.INFO: Credit warning SMS sent to customer 195neptune [] []
[2019-09-24 08:00:02] Credit Warning SMS Yellow Zone log.INFO: Sending credit warning SMS to customer 189neptune [] []
[2019-09-24 08:00:02] Credit Warning SMS Yellow Zone log.INFO: Credit warning SMS sent to customer 189neptune [] []
[2019-09-24 08:00:02] Credit Warning SMS Yellow Zone log.INFO: Sending credit warning SMS to customer 21neptune [] []
[2019-09-24 08:00:02] Credit Warning SMS Yellow Zone log.INFO: Credit warning SMS sent to customer 21neptune [] []
[2019-09-24 08:00:02] Credit Warning SMS Yellow Zone log.INFO: Sending credit warning SMS to customer 131Neptune [] []
[2019-09-24 08:00:02] Credit Warning SMS Yellow Zone log.INFO: Credit warning SMS sent to customer 131Neptune [] []
[2019-09-24 08:00:02] Credit Warning SMS Yellow Zone log.INFO: Sending credit warning SMS to customer 75Neptune [] []
[2019-09-24 08:00:02] Credit Warning SMS Yellow Zone log.INFO: Credit warning SMS sent to customer 75Neptune [] []
[2019-09-24 08:00:02] Credit Warning SMS Yellow Zone log.INFO: Sending credit warning SMS to customer 47Neptune [] []
[2019-09-24 08:00:02] Credit Warning SMS Yellow Zone log.INFO: Credit warning SMS sent to customer 47Neptune [] []
[2019-09-24 08:00:02] Credit Warning SMS Yellow Zone log.INFO: Sending credit warning SMS to customer 53Neptune [] []
[2019-09-24 08:00:02] Credit Warning SMS Yellow Zone log.INFO: Credit warning SMS sent to customer 53Neptune [] []
[2019-09-24 08:00:02] Credit Warning SMS Yellow Zone log.INFO: Sending credit warning SMS to customer 1Abbott [] []
[2019-09-24 08:00:02] Credit Warning SMS Yellow Zone log.INFO: Credit warning SMS sent to customer 1Abbott [] []
[2019-09-24 08:00:02] Credit Warning SMS Yellow Zone log.INFO: Sending credit warning SMS to customer 3Abbott [] []
[2019-09-24 08:00:02] Credit Warning SMS Yellow Zone log.INFO: Credit warning SMS sent to customer 3Abbott [] []
[2019-09-24 08:00:02] Credit Warning SMS Yellow Zone log.INFO: Sending credit warning SMS to customer 10Abbott [] []
[2019-09-24 08:00:02] Credit Warning SMS Yellow Zone log.INFO: Credit warning SMS sent to customer 10Abbott [] []
[2019-09-24 08:00:02] Credit Warning SMS Yellow Zone log.INFO: Sending credit warning SMS to customer 15Abbott [] []
[2019-09-24 08:00:02] Credit Warning SMS Yellow Zone log.INFO: Credit warning SMS sent to customer 15Abbott [] []
[2019-09-24 08:00:02] Credit Warning SMS Yellow Zone log.INFO: Sending credit warning SMS to customer 21Abbott [] []
[2019-09-24 08:00:02] Credit Warning SMS Yellow Zone log.INFO: Credit warning SMS sent to customer 21Abbott [] []
[2019-09-24 08:00:02] Credit Warning SMS Yellow Zone log.INFO: Sending credit warning SMS to customer 24Abbott [] []
[2019-09-24 08:00:02] Credit Warning SMS Yellow Zone log.INFO: Credit warning SMS sent to customer 24Abbott [] []
[2019-09-24 08:00:02] Credit Warning SMS Yellow Zone log.INFO: Sending credit warning SMS to customer 28Abbott [] []
[2019-09-24 08:00:02] Credit Warning SMS Yellow Zone log.INFO: Credit warning SMS sent to customer 28Abbott [] []
[2019-09-24 08:00:02] Credit Warning SMS Yellow Zone log.INFO: Sending credit warning SMS to customer 6Abbott [] []
[2019-09-24 08:00:02] Credit Warning SMS Yellow Zone log.INFO: Credit warning SMS sent to customer 6Abbott [] []
[2019-09-24 08:00:02] Credit Warning SMS Yellow Zone log.INFO: Sending credit warning SMS to customer 73Abbott [] []
[2019-09-24 08:00:02] Credit Warning SMS Yellow Zone log.INFO: Credit warning SMS sent to customer 73Abbott [] []
[2019-09-24 08:00:02] Credit Warning SMS Yellow Zone log.INFO: Sending credit warning SMS to customer 74Abbott [] []
[2019-09-24 08:00:02] Credit Warning SMS Yellow Zone log.INFO: Credit warning SMS sent to customer 74Abbott [] []
[2019-09-24 08:00:02] Credit Warning SMS Yellow Zone log.INFO: Sending credit warning SMS to customer 76Abbott [] []
[2019-09-24 08:00:02] Credit Warning SMS Yellow Zone log.INFO: Credit warning SMS sent to customer 76Abbott [] []
[2019-09-24 08:00:02] Credit Warning SMS Yellow Zone log.INFO: Sending credit warning SMS to customer 89Abbott [] []
[2019-09-24 08:00:02] Credit Warning SMS Yellow Zone log.INFO: Credit warning SMS sent to customer 89Abbott [] []
[2019-09-24 08:00:02] Credit Warning SMS Yellow Zone log.INFO: Sending credit warning SMS to customer 84Abbott [] []
[2019-09-24 08:00:02] Credit Warning SMS Yellow Zone log.INFO: Credit warning SMS sent to customer 84Abbott [] []
[2019-09-24 08:00:02] Credit Warning SMS Yellow Zone log.INFO: Sending credit warning SMS to customer 69Abbott [] []
[2019-09-24 08:00:02] Credit Warning SMS Yellow Zone log.INFO: Credit warning SMS sent to customer 69Abbott [] []
[2019-09-24 08:00:02] Credit Warning SMS Yellow Zone log.INFO: Sending credit warning SMS to customer 44Abbott [] []
[2019-09-24 08:00:02] Credit Warning SMS Yellow Zone log.INFO: Credit warning SMS sent to customer 44Abbott [] []
[2019-09-24 08:00:02] Credit Warning SMS Yellow Zone log.INFO: Sending credit warning SMS to customer 71Abbott [] []
[2019-09-24 08:00:02] Credit Warning SMS Yellow Zone log.INFO: Credit warning SMS sent to customer 71Abbott [] []
[2019-09-24 08:00:02] Credit Warning SMS Yellow Zone log.INFO: Sending credit warning SMS to customer 105Abbott [] []
[2019-09-24 08:00:02] Credit Warning SMS Yellow Zone log.INFO: Credit warning SMS sent to customer 105Abbott [] []
[2019-09-24 08:00:02] Credit Warning SMS Yellow Zone log.INFO: Sending credit warning SMS to customer 119Abbott [] []
[2019-09-24 08:00:02] Credit Warning SMS Yellow Zone log.INFO: Credit warning SMS sent to customer 119Abbott [] []
[2019-09-24 08:00:02] Credit Warning SMS Yellow Zone log.INFO: Sending credit warning SMS to customer 94Abbott [] []
[2019-09-24 08:00:02] Credit Warning SMS Yellow Zone log.INFO: Credit warning SMS sent to customer 94Abbott [] []
[2019-09-24 08:00:02] Credit Warning SMS Yellow Zone log.INFO: Sending credit warning SMS to customer 95Abbott [] []
[2019-09-24 08:00:02] Credit Warning SMS Yellow Zone log.INFO: Credit warning SMS sent to customer 95Abbott [] []
[2019-09-24 08:00:02] Credit Warning SMS Yellow Zone log.INFO: Sending credit warning SMS to customer 4GreenBank [] []
[2019-09-24 08:00:02] Credit Warning SMS Yellow Zone log.INFO: Credit warning SMS sent to customer 4GreenBank [] []
[2019-09-24 08:00:02] Credit Warning SMS Yellow Zone log.INFO: Sending credit warning SMS to customer 146abbott [] []
[2019-09-24 08:00:02] Credit Warning SMS Yellow Zone log.INFO: Credit warning SMS sent to customer 146abbott [] []
[2019-09-24 08:00:02] Credit Warning SMS Yellow Zone log.INFO: Sending credit warning SMS to customer 143abbott [] []
[2019-09-24 08:00:03] Credit Warning SMS Yellow Zone log.INFO: Credit warning SMS sent to customer 143abbott [] []
[2019-09-24 08:00:03] Credit Warning SMS Yellow Zone log.INFO: Sending credit warning SMS to customer 17GreenBank [] []
[2019-09-24 08:00:03] Credit Warning SMS Yellow Zone log.INFO: Credit warning SMS sent to customer 17GreenBank [] []
[2019-09-24 08:00:03] Credit Warning SMS Yellow Zone log.INFO: Sending credit warning SMS to customer 187abbott [] []
[2019-09-24 08:00:03] Credit Warning SMS Yellow Zone log.INFO: Credit warning SMS sent to customer 187abbott [] []
[2019-09-24 08:00:03] Credit Warning SMS Yellow Zone log.INFO: Sending credit warning SMS to customer 10GreenBank [] []
[2019-09-24 08:00:03] Credit Warning SMS Yellow Zone log.INFO: Credit warning SMS sent to customer 10GreenBank [] []
[2019-09-24 08:00:03] Credit Warning SMS Yellow Zone log.INFO: Sending credit warning SMS to customer 20eustace [] []
[2019-09-24 08:00:03] Credit Warning SMS Yellow Zone log.INFO: Credit warning SMS sent to customer 20eustace [] []
[2019-09-24 08:00:03] Credit Warning SMS Yellow Zone log.INFO: Sending credit warning SMS to customer 5leona [] []
[2019-09-24 08:00:03] Credit Warning SMS Yellow Zone log.INFO: Credit warning SMS sent to customer 5leona [] []
[2019-09-24 08:00:03] Credit Warning SMS Yellow Zone log.INFO: Sending credit warning SMS to customer 21leona [] []
[2019-09-24 08:00:03] Credit Warning SMS Yellow Zone log.INFO: Credit warning SMS sent to customer 21leona [] []
[2019-09-24 08:00:03] Credit Warning SMS Yellow Zone log.INFO: Sending credit warning SMS to customer 127leona [] []
[2019-09-24 08:00:03] Credit Warning SMS Yellow Zone log.INFO: Credit warning SMS sent to customer 127leona [] []
[2019-09-24 08:00:03] Credit Warning SMS Yellow Zone log.INFO: Sending credit warning SMS to customer 37leona [] []
[2019-09-24 08:00:03] Credit Warning SMS Yellow Zone log.INFO: Credit warning SMS sent to customer 37leona [] []
[2019-09-24 08:00:03] Credit Warning SMS Yellow Zone log.INFO: Sending credit warning SMS to customer 62leona [] []
[2019-09-24 08:00:03] Credit Warning SMS Yellow Zone log.INFO: Credit warning SMS sent to customer 62leona [] []
[2019-09-24 08:00:03] Credit Warning SMS Yellow Zone log.INFO: Sending credit warning SMS to customer 38leona [] []
[2019-09-24 08:00:03] Credit Warning SMS Yellow Zone log.INFO: Credit warning SMS sent to customer 38leona [] []
[2019-09-24 08:00:03] Credit Warning SMS Yellow Zone log.INFO: Sending credit warning SMS to customer 81leona [] []
[2019-09-24 08:00:03] Credit Warning SMS Yellow Zone log.INFO: Credit warning SMS sent to customer 81leona [] []
[2019-09-24 08:00:03] Credit Warning SMS Yellow Zone log.INFO: Sending credit warning SMS to customer 73leona [] []
[2019-09-24 08:00:03] Credit Warning SMS Yellow Zone log.INFO: Credit warning SMS sent to customer 73leona [] []
[2019-09-24 08:00:03] Credit Warning SMS Yellow Zone log.INFO: Sending credit warning SMS to customer 77leona [] []
[2019-09-24 08:00:03] Credit Warning SMS Yellow Zone log.INFO: Credit warning SMS sent to customer 77leona [] []
[2019-09-24 08:00:03] Credit Warning SMS Yellow Zone log.INFO: Sending credit warning SMS to customer 88leona [] []
[2019-09-24 08:00:03] Credit Warning SMS Yellow Zone log.INFO: Credit warning SMS sent to customer 88leona [] []
[2019-09-24 08:00:03] Credit Warning SMS Yellow Zone log.INFO: Sending credit warning SMS to customer 118charlotte [] []
[2019-09-24 08:00:03] Credit Warning SMS Yellow Zone log.INFO: Credit warning SMS sent to customer 118charlotte [] []
[2019-09-24 08:00:03] Credit Warning SMS Yellow Zone log.INFO: Sending credit warning SMS to customer 45charlotte [] []
[2019-09-24 08:00:03] Credit Warning SMS Yellow Zone log.INFO: Credit warning SMS sent to customer 45charlotte [] []
[2019-09-24 08:00:03] Credit Warning SMS Yellow Zone log.INFO: Sending credit warning SMS to customer 18charlotte [] []
[2019-09-24 08:00:03] Credit Warning SMS Yellow Zone log.INFO: Credit warning SMS sent to customer 18charlotte [] []
[2019-09-24 08:00:03] Credit Warning SMS Yellow Zone log.INFO: Sending credit warning SMS to customer 28charlotte [] []
[2019-09-24 08:00:03] Credit Warning SMS Yellow Zone log.INFO: Credit warning SMS sent to customer 28charlotte [] []
[2019-09-24 08:00:03] Credit Warning SMS Yellow Zone log.INFO: Sending credit warning SMS to customer 82charlotte [] []
[2019-09-24 08:00:03] Credit Warning SMS Yellow Zone log.INFO: Credit warning SMS sent to customer 82charlotte [] []
[2019-09-24 08:00:03] Credit Warning SMS Yellow Zone log.INFO: Sending credit warning SMS to customer 76charlotte [] []
[2019-09-24 08:00:03] Credit Warning SMS Yellow Zone log.INFO: Credit warning SMS sent to customer 76charlotte [] []
[2019-09-24 08:00:03] Credit Warning SMS Yellow Zone log.INFO: Sending credit warning SMS to customer 77charlotte [] []
[2019-09-24 08:00:03] Credit Warning SMS Yellow Zone log.INFO: Credit warning SMS sent to customer 77charlotte [] []
[2019-09-24 08:00:03] Credit Warning SMS Yellow Zone log.INFO: Sending credit warning SMS to customer 115charlotte [] []
[2019-09-24 08:00:03] Credit Warning SMS Yellow Zone log.INFO: Credit warning SMS sent to customer 115charlotte [] []
[2019-09-24 08:00:03] Credit Warning SMS Yellow Zone log.INFO: Sent Credit warning SMS to 64 customers! [] []
