[2019-12-09 08:00:02] Credit Warning SMS Yellow Zone log.INFO: Sending credit warning SMS to customer 9garryknock [] []
[2019-12-09 08:00:02] Credit Warning SMS Yellow Zone log.INFO: Credit warning SMS sent to customer 9garryknock [] []
[2019-12-09 08:00:02] Credit Warning SMS Yellow Zone log.INFO: Sending credit warning SMS to customer 19garryknock [] []
[2019-12-09 08:00:02] Credit Warning SMS Yellow Zone log.INFO: Credit warning SMS sent to customer 19garryknock [] []
[2019-12-09 08:00:02] Credit Warning SMS Yellow Zone log.INFO: Sending credit warning SMS to customer 16brackenview [] []
[2019-12-09 08:00:02] Credit Warning SMS Yellow Zone log.INFO: Credit warning SMS sent to customer 16brackenview [] []
[2019-12-09 08:00:02] Credit Warning SMS Yellow Zone log.INFO: Sending credit warning SMS to customer 2brackenview [] []
[2019-12-09 08:00:02] Credit Warning SMS Yellow Zone log.INFO: Credit warning SMS sent to customer 2brackenview [] []
[2019-12-09 08:00:02] Credit Warning SMS Yellow Zone log.INFO: Sending credit warning SMS to customer 8Emerald [] []
[2019-12-09 08:00:02] Credit Warning SMS Yellow Zone log.INFO: Credit warning SMS sent to customer 8Emerald [] []
[2019-12-09 08:00:02] Credit Warning SMS Yellow Zone log.INFO: Sending credit warning SMS to customer 15Emerald [] []
[2019-12-09 08:00:02] Credit Warning SMS Yellow Zone log.INFO: Credit warning SMS sent to customer 15Emerald [] []
[2019-12-09 08:00:02] Credit Warning SMS Yellow Zone log.INFO: Sending credit warning SMS to customer 16Emerald [] []
[2019-12-09 08:00:02] Credit Warning SMS Yellow Zone log.INFO: Credit warning SMS sent to customer 16Emerald [] []
[2019-12-09 08:00:02] Credit Warning SMS Yellow Zone log.INFO: Sending credit warning SMS to customer 6Emerald [] []
[2019-12-09 08:00:02] Credit Warning SMS Yellow Zone log.INFO: Credit warning SMS sent to customer 6Emerald [] []
[2019-12-09 08:00:02] Credit Warning SMS Yellow Zone log.INFO: Sending credit warning SMS to customer 176neptune [] []
[2019-12-09 08:00:02] Credit Warning SMS Yellow Zone log.INFO: Credit warning SMS sent to customer 176neptune [] []
[2019-12-09 08:00:02] Credit Warning SMS Yellow Zone log.INFO: Sending credit warning SMS to customer 162neptune [] []
[2019-12-09 08:00:02] Credit Warning SMS Yellow Zone log.INFO: Credit warning SMS sent to customer 162neptune [] []
[2019-12-09 08:00:02] Credit Warning SMS Yellow Zone log.INFO: Sending credit warning SMS to customer 17neptune [] []
[2019-12-09 08:00:02] Credit Warning SMS Yellow Zone log.INFO: Credit warning SMS sent to customer 17neptune [] []
[2019-12-09 08:00:02] Credit Warning SMS Yellow Zone log.INFO: Sending credit warning SMS to customer 117Neptune [] []
[2019-12-09 08:00:02] Credit Warning SMS Yellow Zone log.INFO: Credit warning SMS sent to customer 117Neptune [] []
[2019-12-09 08:00:02] Credit Warning SMS Yellow Zone log.INFO: Sending credit warning SMS to customer 128Neptune [] []
[2019-12-09 08:00:02] Credit Warning SMS Yellow Zone log.INFO: Credit warning SMS sent to customer 128Neptune [] []
[2019-12-09 08:00:02] Credit Warning SMS Yellow Zone log.INFO: Sending credit warning SMS to customer 132Neptune [] []
[2019-12-09 08:00:02] Credit Warning SMS Yellow Zone log.INFO: Credit warning SMS sent to customer 132Neptune [] []
[2019-12-09 08:00:02] Credit Warning SMS Yellow Zone log.INFO: Sending credit warning SMS to customer 108Neptune [] []
[2019-12-09 08:00:02] Credit Warning SMS Yellow Zone log.INFO: Credit warning SMS sent to customer 108Neptune [] []
[2019-12-09 08:00:02] Credit Warning SMS Yellow Zone log.INFO: Sending credit warning SMS to customer 98Neptune [] []
[2019-12-09 08:00:02] Credit Warning SMS Yellow Zone log.INFO: Credit warning SMS sent to customer 98Neptune [] []
[2019-12-09 08:00:02] Credit Warning SMS Yellow Zone log.INFO: Sending credit warning SMS to customer 23neptune [] []
[2019-12-09 08:00:02] Credit Warning SMS Yellow Zone log.INFO: Credit warning SMS sent to customer 23neptune [] []
[2019-12-09 08:00:02] Credit Warning SMS Yellow Zone log.INFO: Sending credit warning SMS to customer 170neptune [] []
[2019-12-09 08:00:02] Credit Warning SMS Yellow Zone log.INFO: Credit warning SMS sent to customer 170neptune [] []
[2019-12-09 08:00:02] Credit Warning SMS Yellow Zone log.INFO: Sending credit warning SMS to customer 152Neptune [] []
[2019-12-09 08:00:02] Credit Warning SMS Yellow Zone log.INFO: Credit warning SMS sent to customer 152Neptune [] []
[2019-12-09 08:00:02] Credit Warning SMS Yellow Zone log.INFO: Sending credit warning SMS to customer 38neptune [] []
[2019-12-09 08:00:02] Credit Warning SMS Yellow Zone log.INFO: Credit warning SMS sent to customer 38neptune [] []
[2019-12-09 08:00:02] Credit Warning SMS Yellow Zone log.INFO: Sending credit warning SMS to customer 5Abbott [] []
[2019-12-09 08:00:02] Credit Warning SMS Yellow Zone log.INFO: Credit warning SMS sent to customer 5Abbott [] []
[2019-12-09 08:00:02] Credit Warning SMS Yellow Zone log.INFO: Sending credit warning SMS to customer 10Abbott [] []
[2019-12-09 08:00:02] Credit Warning SMS Yellow Zone log.INFO: Credit warning SMS sent to customer 10Abbott [] []
[2019-12-09 08:00:02] Credit Warning SMS Yellow Zone log.INFO: Sending credit warning SMS to customer 15Abbott [] []
[2019-12-09 08:00:02] Credit Warning SMS Yellow Zone log.INFO: Credit warning SMS sent to customer 15Abbott [] []
[2019-12-09 08:00:02] Credit Warning SMS Yellow Zone log.INFO: Sending credit warning SMS to customer 21Abbott [] []
[2019-12-09 08:00:02] Credit Warning SMS Yellow Zone log.INFO: Credit warning SMS sent to customer 21Abbott [] []
[2019-12-09 08:00:02] Credit Warning SMS Yellow Zone log.INFO: Sending credit warning SMS to customer 24Abbott [] []
[2019-12-09 08:00:03] Credit Warning SMS Yellow Zone log.INFO: Credit warning SMS sent to customer 24Abbott [] []
[2019-12-09 08:00:03] Credit Warning SMS Yellow Zone log.INFO: Sending credit warning SMS to customer 26Abbott [] []
[2019-12-09 08:00:03] Credit Warning SMS Yellow Zone log.INFO: Credit warning SMS sent to customer 26Abbott [] []
[2019-12-09 08:00:03] Credit Warning SMS Yellow Zone log.INFO: Sending credit warning SMS to customer 28Abbott [] []
[2019-12-09 08:00:03] Credit Warning SMS Yellow Zone log.INFO: Credit warning SMS sent to customer 28Abbott [] []
[2019-12-09 08:00:03] Credit Warning SMS Yellow Zone log.INFO: Sending credit warning SMS to customer 31Abbott [] []
[2019-12-09 08:00:03] Credit Warning SMS Yellow Zone log.INFO: Credit warning SMS sent to customer 31Abbott [] []
[2019-12-09 08:00:03] Credit Warning SMS Yellow Zone log.INFO: Sending credit warning SMS to customer 34abbott [] []
[2019-12-09 08:00:03] Credit Warning SMS Yellow Zone log.INFO: Credit warning SMS sent to customer 34abbott [] []
[2019-12-09 08:00:03] Credit Warning SMS Yellow Zone log.INFO: Sending credit warning SMS to customer 35Abbott [] []
[2019-12-09 08:00:03] Credit Warning SMS Yellow Zone log.INFO: Credit warning SMS sent to customer 35Abbott [] []
[2019-12-09 08:00:03] Credit Warning SMS Yellow Zone log.INFO: Sending credit warning SMS to customer 62Abbott [] []
[2019-12-09 08:00:03] Credit Warning SMS Yellow Zone log.INFO: Credit warning SMS sent to customer 62Abbott [] []
[2019-12-09 08:00:03] Credit Warning SMS Yellow Zone log.INFO: Sending credit warning SMS to customer 87Abbott [] []
[2019-12-09 08:00:03] Credit Warning SMS Yellow Zone log.INFO: Credit warning SMS sent to customer 87Abbott [] []
[2019-12-09 08:00:03] Credit Warning SMS Yellow Zone log.INFO: Sending credit warning SMS to customer 48Abbott [] []
[2019-12-09 08:00:03] Credit Warning SMS Yellow Zone log.INFO: Credit warning SMS sent to customer 48Abbott [] []
[2019-12-09 08:00:03] Credit Warning SMS Yellow Zone log.INFO: Sending credit warning SMS to customer 84Abbott [] []
[2019-12-09 08:00:03] Credit Warning SMS Yellow Zone log.INFO: Credit warning SMS sent to customer 84Abbott [] []
[2019-12-09 08:00:03] Credit Warning SMS Yellow Zone log.INFO: Sending credit warning SMS to customer 44Abbott [] []
[2019-12-09 08:00:03] Credit Warning SMS Yellow Zone log.INFO: Credit warning SMS sent to customer 44Abbott [] []
[2019-12-09 08:00:03] Credit Warning SMS Yellow Zone log.INFO: Sending credit warning SMS to customer 65Abbott [] []
[2019-12-09 08:00:03] Credit Warning SMS Yellow Zone log.INFO: Credit warning SMS sent to customer 65Abbott [] []
[2019-12-09 08:00:03] Credit Warning SMS Yellow Zone log.INFO: Sending credit warning SMS to customer 71Abbott [] []
[2019-12-09 08:00:03] Credit Warning SMS Yellow Zone log.INFO: Credit warning SMS sent to customer 71Abbott [] []
[2019-12-09 08:00:03] Credit Warning SMS Yellow Zone log.INFO: Sending credit warning SMS to customer 105Abbott [] []
[2019-12-09 08:00:03] Credit Warning SMS Yellow Zone log.INFO: Credit warning SMS sent to customer 105Abbott [] []
[2019-12-09 08:00:03] Credit Warning SMS Yellow Zone log.INFO: Sending credit warning SMS to customer 111Abbott [] []
[2019-12-09 08:00:03] Credit Warning SMS Yellow Zone log.INFO: Credit warning SMS sent to customer 111Abbott [] []
[2019-12-09 08:00:03] Credit Warning SMS Yellow Zone log.INFO: Sending credit warning SMS to customer 112abbott [] []
[2019-12-09 08:00:03] Credit Warning SMS Yellow Zone log.INFO: Credit warning SMS sent to customer 112abbott [] []
[2019-12-09 08:00:03] Credit Warning SMS Yellow Zone log.INFO: Sending credit warning SMS to customer 119Abbott [] []
[2019-12-09 08:00:03] Credit Warning SMS Yellow Zone log.INFO: Credit warning SMS sent to customer 119Abbott [] []
[2019-12-09 08:00:03] Credit Warning SMS Yellow Zone log.INFO: Sending credit warning SMS to customer 98Abbott [] []
[2019-12-09 08:00:03] Credit Warning SMS Yellow Zone log.INFO: Credit warning SMS sent to customer 98Abbott [] []
[2019-12-09 08:00:03] Credit Warning SMS Yellow Zone log.INFO: Sending credit warning SMS to customer 81Abbott [] []
[2019-12-09 08:00:03] Credit Warning SMS Yellow Zone log.INFO: Credit warning SMS sent to customer 81Abbott [] []
[2019-12-09 08:00:03] Credit Warning SMS Yellow Zone log.INFO: Sending credit warning SMS to customer 124Abbott [] []
[2019-12-09 08:00:03] Credit Warning SMS Yellow Zone log.INFO: Credit warning SMS sent to customer 124Abbott [] []
[2019-12-09 08:00:03] Credit Warning SMS Yellow Zone log.INFO: Sending credit warning SMS to customer 146abbott [] []
[2019-12-09 08:00:03] Credit Warning SMS Yellow Zone log.INFO: Credit warning SMS sent to customer 146abbott [] []
[2019-12-09 08:00:03] Credit Warning SMS Yellow Zone log.INFO: Sending credit warning SMS to customer 173abbott [] []
[2019-12-09 08:00:03] Credit Warning SMS Yellow Zone log.INFO: Credit warning SMS sent to customer 173abbott [] []
[2019-12-09 08:00:03] Credit Warning SMS Yellow Zone log.INFO: Sending credit warning SMS to customer 184abbott [] []
[2019-12-09 08:00:03] Credit Warning SMS Yellow Zone log.INFO: Credit warning SMS sent to customer 184abbott [] []
[2019-12-09 08:00:03] Credit Warning SMS Yellow Zone log.INFO: Sending credit warning SMS to customer 14GreenBank [] []
[2019-12-09 08:00:03] Credit Warning SMS Yellow Zone log.INFO: Credit warning SMS sent to customer 14GreenBank [] []
[2019-12-09 08:00:03] Credit Warning SMS Yellow Zone log.INFO: Sending credit warning SMS to customer 3GreenBank [] []
[2019-12-09 08:00:03] Credit Warning SMS Yellow Zone log.INFO: Credit warning SMS sent to customer 3GreenBank [] []
[2019-12-09 08:00:03] Credit Warning SMS Yellow Zone log.INFO: Sending credit warning SMS to customer 30eustace [] []
[2019-12-09 08:00:03] Credit Warning SMS Yellow Zone log.INFO: Credit warning SMS sent to customer 30eustace [] []
[2019-12-09 08:00:03] Credit Warning SMS Yellow Zone log.INFO: Sending credit warning SMS to customer 137leona [] []
[2019-12-09 08:00:03] Credit Warning SMS Yellow Zone log.INFO: Credit warning SMS sent to customer 137leona [] []
[2019-12-09 08:00:03] Credit Warning SMS Yellow Zone log.INFO: Sending credit warning SMS to customer 13leona [] []
[2019-12-09 08:00:03] Credit Warning SMS Yellow Zone log.INFO: Credit warning SMS sent to customer 13leona [] []
[2019-12-09 08:00:03] Credit Warning SMS Yellow Zone log.INFO: Sending credit warning SMS to customer 58leona [] []
[2019-12-09 08:00:03] Credit Warning SMS Yellow Zone log.INFO: Credit warning SMS sent to customer 58leona [] []
[2019-12-09 08:00:03] Credit Warning SMS Yellow Zone log.INFO: Sending credit warning SMS to customer 63leona [] []
[2019-12-09 08:00:03] Credit Warning SMS Yellow Zone log.INFO: Credit warning SMS sent to customer 63leona [] []
[2019-12-09 08:00:03] Credit Warning SMS Yellow Zone log.INFO: Sending credit warning SMS to customer 94leona [] []
[2019-12-09 08:00:04] Credit Warning SMS Yellow Zone log.INFO: Credit warning SMS sent to customer 94leona [] []
[2019-12-09 08:00:04] Credit Warning SMS Yellow Zone log.INFO: Sending credit warning SMS to customer 73leona [] []
[2019-12-09 08:00:04] Credit Warning SMS Yellow Zone log.INFO: Credit warning SMS sent to customer 73leona [] []
[2019-12-09 08:00:04] Credit Warning SMS Yellow Zone log.INFO: Sending credit warning SMS to customer 128leona [] []
[2019-12-09 08:00:04] Credit Warning SMS Yellow Zone log.INFO: Credit warning SMS sent to customer 128leona [] []
[2019-12-09 08:00:04] Credit Warning SMS Yellow Zone log.INFO: Sending credit warning SMS to customer 105charlotte [] []
[2019-12-09 08:00:04] Credit Warning SMS Yellow Zone log.INFO: Credit warning SMS sent to customer 105charlotte [] []
[2019-12-09 08:00:04] Credit Warning SMS Yellow Zone log.INFO: Sending credit warning SMS to customer 127charlotte [] []
[2019-12-09 08:00:04] Credit Warning SMS Yellow Zone log.INFO: Credit warning SMS sent to customer 127charlotte [] []
[2019-12-09 08:00:04] Credit Warning SMS Yellow Zone log.INFO: Sending credit warning SMS to customer 141charlotte [] []
[2019-12-09 08:00:04] Credit Warning SMS Yellow Zone log.INFO: Credit warning SMS sent to customer 141charlotte [] []
[2019-12-09 08:00:04] Credit Warning SMS Yellow Zone log.INFO: Sending credit warning SMS to customer 151charlotte [] []
[2019-12-09 08:00:04] Credit Warning SMS Yellow Zone log.INFO: Credit warning SMS sent to customer 151charlotte [] []
[2019-12-09 08:00:04] Credit Warning SMS Yellow Zone log.INFO: Sending credit warning SMS to customer 111charlotte [] []
[2019-12-09 08:00:04] Credit Warning SMS Yellow Zone log.INFO: Credit warning SMS sent to customer 111charlotte [] []
[2019-12-09 08:00:04] Credit Warning SMS Yellow Zone log.INFO: Sending credit warning SMS to customer 30charlotte [] []
[2019-12-09 08:00:04] Credit Warning SMS Yellow Zone log.INFO: Credit warning SMS sent to customer 30charlotte [] []
[2019-12-09 08:00:04] Credit Warning SMS Yellow Zone log.INFO: Sending credit warning SMS to customer 29charlotte [] []
[2019-12-09 08:00:04] Credit Warning SMS Yellow Zone log.INFO: Credit warning SMS sent to customer 29charlotte [] []
[2019-12-09 08:00:04] Credit Warning SMS Yellow Zone log.INFO: Sending credit warning SMS to customer 7charlotte [] []
[2019-12-09 08:00:04] Credit Warning SMS Yellow Zone log.INFO: Credit warning SMS sent to customer 7charlotte [] []
[2019-12-09 08:00:04] Credit Warning SMS Yellow Zone log.INFO: Sending credit warning SMS to customer 13charlotte [] []
[2019-12-09 08:00:04] Credit Warning SMS Yellow Zone log.INFO: Credit warning SMS sent to customer 13charlotte [] []
[2019-12-09 08:00:04] Credit Warning SMS Yellow Zone log.INFO: Sending credit warning SMS to customer 57charlotte [] []
[2019-12-09 08:00:04] Credit Warning SMS Yellow Zone log.INFO: Credit warning SMS sent to customer 57charlotte [] []
[2019-12-09 08:00:04] Credit Warning SMS Yellow Zone log.INFO: Sending credit warning SMS to customer 70charlotte [] []
[2019-12-09 08:00:04] Credit Warning SMS Yellow Zone log.INFO: Credit warning SMS sent to customer 70charlotte [] []
[2019-12-09 08:00:04] Credit Warning SMS Yellow Zone log.INFO: Sending credit warning SMS to customer 140charlotte [] []
[2019-12-09 08:00:04] Credit Warning SMS Yellow Zone log.INFO: Credit warning SMS sent to customer 140charlotte [] []
[2019-12-09 08:00:04] Credit Warning SMS Yellow Zone log.INFO: Sending credit warning SMS to customer 157charlotte [] []
[2019-12-09 08:00:04] Credit Warning SMS Yellow Zone log.INFO: Credit warning SMS sent to customer 157charlotte [] []
[2019-12-09 08:00:04] Credit Warning SMS Yellow Zone log.INFO: Sending credit warning SMS to customer 115charlotte [] []
[2019-12-09 08:00:04] Credit Warning SMS Yellow Zone log.INFO: Credit warning SMS sent to customer 115charlotte [] []
[2019-12-09 08:00:04] Credit Warning SMS Yellow Zone log.INFO: Sending credit warning SMS to customer 50charlotte [] []
[2019-12-09 08:00:04] Credit Warning SMS Yellow Zone log.INFO: Credit warning SMS sent to customer 50charlotte [] []
[2019-12-09 08:00:04] Credit Warning SMS Yellow Zone log.INFO: Sending credit warning SMS to customer 45charlotte [] []
[2019-12-09 08:00:04] Credit Warning SMS Yellow Zone log.INFO: Credit warning SMS sent to customer 45charlotte [] []
[2019-12-09 08:00:04] Credit Warning SMS Yellow Zone log.INFO: Sending credit warning SMS to customer 3charlotte [] []
[2019-12-09 08:00:04] Credit Warning SMS Yellow Zone log.INFO: Credit warning SMS sent to customer 3charlotte [] []
[2019-12-09 08:00:04] Credit Warning SMS Yellow Zone log.INFO: Sending credit warning SMS to customer 5bridgefield [] []
[2019-12-09 08:00:04] Credit Warning SMS Yellow Zone log.INFO: Credit warning SMS sent to customer 5bridgefield [] []
[2019-12-09 08:00:04] Credit Warning SMS Yellow Zone log.INFO: Sending credit warning SMS to customer 3bridgefield [] []
[2019-12-09 08:00:04] Credit Warning SMS Yellow Zone log.INFO: Credit warning SMS sent to customer 3bridgefield [] []
[2019-12-09 08:00:04] Credit Warning SMS Yellow Zone log.INFO: Sending credit warning SMS to customer 46bridgefield [] []
[2019-12-09 08:00:04] Credit Warning SMS Yellow Zone log.INFO: Credit warning SMS sent to customer 46bridgefield [] []
[2019-12-09 08:00:04] Credit Warning SMS Yellow Zone log.INFO: Sending credit warning SMS to customer 9pappan [] []
[2019-12-09 08:00:04] Credit Warning SMS Yellow Zone log.INFO: Credit warning SMS sent to customer 9pappan [] []
[2019-12-09 08:00:04] Credit Warning SMS Yellow Zone log.INFO: Sending credit warning SMS to customer 73fairways [] []
[2019-12-09 08:00:04] Credit Warning SMS Yellow Zone log.INFO: Credit warning SMS sent to customer 73fairways [] []
[2019-12-09 08:00:04] Credit Warning SMS Yellow Zone log.INFO: Sending credit warning SMS to customer 90fairways [] []
[2019-12-09 08:00:04] Credit Warning SMS Yellow Zone log.INFO: Credit warning SMS sent to customer 90fairways [] []
[2019-12-09 08:00:04] Credit Warning SMS Yellow Zone log.INFO: Sending credit warning SMS to customer 115fairways [] []
[2019-12-09 08:00:04] Credit Warning SMS Yellow Zone log.INFO: Credit warning SMS sent to customer 115fairways [] []
[2019-12-09 08:00:04] Credit Warning SMS Yellow Zone log.INFO: Sending credit warning SMS to customer 125fairways [] []
[2019-12-09 08:00:04] Credit Warning SMS Yellow Zone log.INFO: Credit warning SMS sent to customer 125fairways [] []
[2019-12-09 08:00:04] Credit Warning SMS Yellow Zone log.INFO: Sending credit warning SMS to customer 68fairways [] []
[2019-12-09 08:00:04] Credit Warning SMS Yellow Zone log.INFO: Credit warning SMS sent to customer 68fairways [] []
[2019-12-09 08:00:04] Credit Warning SMS Yellow Zone log.INFO: Sending credit warning SMS to customer 103fairways [] []
[2019-12-09 08:00:05] Credit Warning SMS Yellow Zone log.INFO: Credit warning SMS sent to customer 103fairways [] []
[2019-12-09 08:00:05] Credit Warning SMS Yellow Zone log.INFO: Sending credit warning SMS to customer 117fairways [] []
[2019-12-09 08:00:05] Credit Warning SMS Yellow Zone log.INFO: Credit warning SMS sent to customer 117fairways [] []
[2019-12-09 08:00:05] Credit Warning SMS Yellow Zone log.INFO: Sending credit warning SMS to customer 118fairways [] []
[2019-12-09 08:00:05] Credit Warning SMS Yellow Zone log.INFO: Credit warning SMS sent to customer 118fairways [] []
[2019-12-09 08:00:05] Credit Warning SMS Yellow Zone log.INFO: Sent Credit warning SMS to 86 customers! [] []
