[2019-07-08 08:00:01] Credit Warning SMS Yellow Zone log.INFO: Sending credit warning SMS to customer 14brackenview [] []
[2019-07-08 08:00:02] Credit Warning SMS Yellow Zone log.INFO: Credit warning SMS sent to customer 14brackenview [] []
[2019-07-08 08:00:02] Credit Warning SMS Yellow Zone log.INFO: Sending credit warning SMS to customer 14sundayswell [] []
[2019-07-08 08:00:02] Credit Warning SMS Yellow Zone log.INFO: Credit warning SMS sent to customer 14sundayswell [] []
[2019-07-08 08:00:02] Credit Warning SMS Yellow Zone log.INFO: Sending credit warning SMS to customer 5sundayswell [] []
[2019-07-08 08:00:02] Credit Warning SMS Yellow Zone log.INFO: Credit warning SMS sent to customer 5sundayswell [] []
[2019-07-08 08:00:02] Credit Warning SMS Yellow Zone log.INFO: Sending credit warning SMS to customer 1garryknock [] []
[2019-07-08 08:00:02] Credit Warning SMS Yellow Zone log.INFO: Credit warning SMS sent to customer 1garryknock [] []
[2019-07-08 08:00:02] Credit Warning SMS Yellow Zone log.INFO: Sending credit warning SMS to customer 13sundayswell [] []
[2019-07-08 08:00:02] Credit Warning SMS Yellow Zone log.INFO: Credit warning SMS sent to customer 13sundayswell [] []
[2019-07-08 08:00:02] Credit Warning SMS Yellow Zone log.INFO: Sending credit warning SMS to customer 11brackenview [] []
[2019-07-08 08:00:02] Credit Warning SMS Yellow Zone log.INFO: Credit warning SMS sent to customer 11brackenview [] []
[2019-07-08 08:00:02] Credit Warning SMS Yellow Zone log.INFO: Sending credit warning SMS to customer 2brackenview [] []
[2019-07-08 08:00:02] Credit Warning SMS Yellow Zone log.INFO: Credit warning SMS sent to customer 2brackenview [] []
[2019-07-08 08:00:02] Credit Warning SMS Yellow Zone log.INFO: Sending credit warning SMS to customer 19sundayswell [] []
[2019-07-08 08:00:02] Credit Warning SMS Yellow Zone log.INFO: Credit warning SMS sent to customer 19sundayswell [] []
[2019-07-08 08:00:02] Credit Warning SMS Yellow Zone log.INFO: Sending credit warning SMS to customer 17garryknock [] []
[2019-07-08 08:00:02] Credit Warning SMS Yellow Zone log.INFO: Credit warning SMS sent to customer 17garryknock [] []
[2019-07-08 08:00:02] Credit Warning SMS Yellow Zone log.INFO: Sending credit warning SMS to customer 39Emerald [] []
[2019-07-08 08:00:02] Credit Warning SMS Yellow Zone log.INFO: Credit warning SMS sent to customer 39Emerald [] []
[2019-07-08 08:00:02] Credit Warning SMS Yellow Zone log.INFO: Sending credit warning SMS to customer 13Emerald [] []
[2019-07-08 08:00:02] Credit Warning SMS Yellow Zone log.INFO: Credit warning SMS sent to customer 13Emerald [] []
[2019-07-08 08:00:02] Credit Warning SMS Yellow Zone log.INFO: Sending credit warning SMS to customer 194neptune [] []
[2019-07-08 08:00:02] Credit Warning SMS Yellow Zone log.INFO: Credit warning SMS sent to customer 194neptune [] []
[2019-07-08 08:00:02] Credit Warning SMS Yellow Zone log.INFO: Sending credit warning SMS to customer 8neptune [] []
[2019-07-08 08:00:02] Credit Warning SMS Yellow Zone log.INFO: Credit warning SMS sent to customer 8neptune [] []
[2019-07-08 08:00:02] Credit Warning SMS Yellow Zone log.INFO: Sending credit warning SMS to customer 11neptune [] []
[2019-07-08 08:00:02] Credit Warning SMS Yellow Zone log.INFO: Credit warning SMS sent to customer 11neptune [] []
[2019-07-08 08:00:02] Credit Warning SMS Yellow Zone log.INFO: Sending credit warning SMS to customer 128Neptune [] []
[2019-07-08 08:00:02] Credit Warning SMS Yellow Zone log.INFO: Credit warning SMS sent to customer 128Neptune [] []
[2019-07-08 08:00:02] Credit Warning SMS Yellow Zone log.INFO: Sending credit warning SMS to customer 148Neptune [] []
[2019-07-08 08:00:02] Credit Warning SMS Yellow Zone log.INFO: Credit warning SMS sent to customer 148Neptune [] []
[2019-07-08 08:00:02] Credit Warning SMS Yellow Zone log.INFO: Sending credit warning SMS to customer 135Neptune [] []
[2019-07-08 08:00:02] Credit Warning SMS Yellow Zone log.INFO: Credit warning SMS sent to customer 135Neptune [] []
[2019-07-08 08:00:02] Credit Warning SMS Yellow Zone log.INFO: Sending credit warning SMS to customer 118Neptune [] []
[2019-07-08 08:00:02] Credit Warning SMS Yellow Zone log.INFO: Credit warning SMS sent to customer 118Neptune [] []
[2019-07-08 08:00:02] Credit Warning SMS Yellow Zone log.INFO: Sending credit warning SMS to customer 100Neptune [] []
[2019-07-08 08:00:02] Credit Warning SMS Yellow Zone log.INFO: Credit warning SMS sent to customer 100Neptune [] []
[2019-07-08 08:00:02] Credit Warning SMS Yellow Zone log.INFO: Sending credit warning SMS to customer 101Neptune [] []
[2019-07-08 08:00:02] Credit Warning SMS Yellow Zone log.INFO: Credit warning SMS sent to customer 101Neptune [] []
[2019-07-08 08:00:02] Credit Warning SMS Yellow Zone log.INFO: Sending credit warning SMS to customer 93Neptune [] []
[2019-07-08 08:00:02] Credit Warning SMS Yellow Zone log.INFO: Credit warning SMS sent to customer 93Neptune [] []
[2019-07-08 08:00:02] Credit Warning SMS Yellow Zone log.INFO: Sending credit warning SMS to customer 82Neptune [] []
[2019-07-08 08:00:02] Credit Warning SMS Yellow Zone log.INFO: Credit warning SMS sent to customer 82Neptune [] []
[2019-07-08 08:00:02] Credit Warning SMS Yellow Zone log.INFO: Sending credit warning SMS to customer 81Neptune [] []
[2019-07-08 08:00:02] Credit Warning SMS Yellow Zone log.INFO: Credit warning SMS sent to customer 81Neptune [] []
[2019-07-08 08:00:02] Credit Warning SMS Yellow Zone log.INFO: Sending credit warning SMS to customer 60Neptune [] []
[2019-07-08 08:00:02] Credit Warning SMS Yellow Zone log.INFO: Credit warning SMS sent to customer 60Neptune [] []
[2019-07-08 08:00:02] Credit Warning SMS Yellow Zone log.INFO: Sending credit warning SMS to customer 5neptune [] []
[2019-07-08 08:00:03] Credit Warning SMS Yellow Zone log.INFO: Credit warning SMS sent to customer 5neptune [] []
[2019-07-08 08:00:03] Credit Warning SMS Yellow Zone log.INFO: Sending credit warning SMS to customer 191neptune [] []
[2019-07-08 08:00:03] Credit Warning SMS Yellow Zone log.INFO: Credit warning SMS sent to customer 191neptune [] []
[2019-07-08 08:00:03] Credit Warning SMS Yellow Zone log.INFO: Sending credit warning SMS to customer 160Neptune [] []
[2019-07-08 08:00:03] Credit Warning SMS Yellow Zone log.INFO: Credit warning SMS sent to customer 160Neptune [] []
[2019-07-08 08:00:03] Credit Warning SMS Yellow Zone log.INFO: Sending credit warning SMS to customer 140Neptune [] []
[2019-07-08 08:00:03] Credit Warning SMS Yellow Zone log.INFO: Credit warning SMS sent to customer 140Neptune [] []
[2019-07-08 08:00:03] Credit Warning SMS Yellow Zone log.INFO: Sending credit warning SMS to customer 56Neptune [] []
[2019-07-08 08:00:03] Credit Warning SMS Yellow Zone log.INFO: Credit warning SMS sent to customer 56Neptune [] []
[2019-07-08 08:00:03] Credit Warning SMS Yellow Zone log.INFO: Sending credit warning SMS to customer 78Neptune [] []
[2019-07-08 08:00:03] Credit Warning SMS Yellow Zone log.INFO: Credit warning SMS sent to customer 78Neptune [] []
[2019-07-08 08:00:03] Credit Warning SMS Yellow Zone log.INFO: Sending credit warning SMS to customer 8Abbott [] []
[2019-07-08 08:00:03] Credit Warning SMS Yellow Zone log.INFO: Credit warning SMS sent to customer 8Abbott [] []
[2019-07-08 08:00:03] Credit Warning SMS Yellow Zone log.INFO: Sending credit warning SMS to customer 3Abbott [] []
[2019-07-08 08:00:03] Credit Warning SMS Yellow Zone log.INFO: Credit warning SMS sent to customer 3Abbott [] []
[2019-07-08 08:00:03] Credit Warning SMS Yellow Zone log.INFO: Sending credit warning SMS to customer 10Abbott [] []
[2019-07-08 08:00:03] Credit Warning SMS Yellow Zone log.INFO: Credit warning SMS sent to customer 10Abbott [] []
[2019-07-08 08:00:03] Credit Warning SMS Yellow Zone log.INFO: Sending credit warning SMS to customer 15Abbott [] []
[2019-07-08 08:00:03] Credit Warning SMS Yellow Zone log.INFO: Credit warning SMS sent to customer 15Abbott [] []
[2019-07-08 08:00:03] Credit Warning SMS Yellow Zone log.INFO: Sending credit warning SMS to customer 21Abbott [] []
[2019-07-08 08:00:03] Credit Warning SMS Yellow Zone log.INFO: Credit warning SMS sent to customer 21Abbott [] []
[2019-07-08 08:00:03] Credit Warning SMS Yellow Zone log.INFO: Sending credit warning SMS to customer 25Abbott [] []
[2019-07-08 08:00:03] Credit Warning SMS Yellow Zone log.INFO: Credit warning SMS sent to customer 25Abbott [] []
[2019-07-08 08:00:03] Credit Warning SMS Yellow Zone log.INFO: Sending credit warning SMS to customer 40Abbott [] []
[2019-07-08 08:00:03] Credit Warning SMS Yellow Zone log.INFO: Credit warning SMS sent to customer 40Abbott [] []
[2019-07-08 08:00:03] Credit Warning SMS Yellow Zone log.INFO: Sending credit warning SMS to customer 45Abbott [] []
[2019-07-08 08:00:03] Credit Warning SMS Yellow Zone log.INFO: Credit warning SMS sent to customer 45Abbott [] []
[2019-07-08 08:00:03] Credit Warning SMS Yellow Zone log.INFO: Sending credit warning SMS to customer 74Abbott [] []
[2019-07-08 08:00:03] Credit Warning SMS Yellow Zone log.INFO: Credit warning SMS sent to customer 74Abbott [] []
[2019-07-08 08:00:03] Credit Warning SMS Yellow Zone log.INFO: Sending credit warning SMS to customer 88Abbott [] []
[2019-07-08 08:00:03] Credit Warning SMS Yellow Zone log.INFO: Credit warning SMS sent to customer 88Abbott [] []
[2019-07-08 08:00:03] Credit Warning SMS Yellow Zone log.INFO: Sending credit warning SMS to customer 69Abbott [] []
[2019-07-08 08:00:03] Credit Warning SMS Yellow Zone log.INFO: Credit warning SMS sent to customer 69Abbott [] []
[2019-07-08 08:00:03] Credit Warning SMS Yellow Zone log.INFO: Sending credit warning SMS to customer 44Abbott [] []
[2019-07-08 08:00:03] Credit Warning SMS Yellow Zone log.INFO: Credit warning SMS sent to customer 44Abbott [] []
[2019-07-08 08:00:03] Credit Warning SMS Yellow Zone log.INFO: Sending credit warning SMS to customer 92Abbott [] []
[2019-07-08 08:00:03] Credit Warning SMS Yellow Zone log.INFO: Credit warning SMS sent to customer 92Abbott [] []
[2019-07-08 08:00:03] Credit Warning SMS Yellow Zone log.INFO: Sending credit warning SMS to customer 71Abbott [] []
[2019-07-08 08:00:03] Credit Warning SMS Yellow Zone log.INFO: Credit warning SMS sent to customer 71Abbott [] []
[2019-07-08 08:00:03] Credit Warning SMS Yellow Zone log.INFO: Sending credit warning SMS to customer 105Abbott [] []
[2019-07-08 08:00:03] Credit Warning SMS Yellow Zone log.INFO: Credit warning SMS sent to customer 105Abbott [] []
[2019-07-08 08:00:03] Credit Warning SMS Yellow Zone log.INFO: Sending credit warning SMS to customer 111Abbott [] []
[2019-07-08 08:00:03] Credit Warning SMS Yellow Zone log.INFO: Credit warning SMS sent to customer 111Abbott [] []
[2019-07-08 08:00:03] Credit Warning SMS Yellow Zone log.INFO: Sending credit warning SMS to customer 98Abbott [] []
[2019-07-08 08:00:03] Credit Warning SMS Yellow Zone log.INFO: Credit warning SMS sent to customer 98Abbott [] []
[2019-07-08 08:00:03] Credit Warning SMS Yellow Zone log.INFO: Sending credit warning SMS to customer 115Abbott [] []
[2019-07-08 08:00:03] Credit Warning SMS Yellow Zone log.INFO: Credit warning SMS sent to customer 115Abbott [] []
[2019-07-08 08:00:03] Credit Warning SMS Yellow Zone log.INFO: Sending credit warning SMS to customer 118Abbott [] []
[2019-07-08 08:00:03] Credit Warning SMS Yellow Zone log.INFO: Credit warning SMS sent to customer 118Abbott [] []
[2019-07-08 08:00:03] Credit Warning SMS Yellow Zone log.INFO: Sending credit warning SMS to customer 141abbott [] []
[2019-07-08 08:00:03] Credit Warning SMS Yellow Zone log.INFO: Credit warning SMS sent to customer 141abbott [] []
[2019-07-08 08:00:03] Credit Warning SMS Yellow Zone log.INFO: Sending credit warning SMS to customer 128abbott [] []
[2019-07-08 08:00:03] Credit Warning SMS Yellow Zone log.INFO: Credit warning SMS sent to customer 128abbott [] []
[2019-07-08 08:00:03] Credit Warning SMS Yellow Zone log.INFO: Sending credit warning SMS to customer 191abbott [] []
[2019-07-08 08:00:03] Credit Warning SMS Yellow Zone log.INFO: Credit warning SMS sent to customer 191abbott [] []
[2019-07-08 08:00:03] Credit Warning SMS Yellow Zone log.INFO: Sending credit warning SMS to customer 134abbott [] []
[2019-07-08 08:00:03] Credit Warning SMS Yellow Zone log.INFO: Credit warning SMS sent to customer 134abbott [] []
[2019-07-08 08:00:03] Credit Warning SMS Yellow Zone log.INFO: Sending credit warning SMS to customer 168abbott [] []
[2019-07-08 08:00:03] Credit Warning SMS Yellow Zone log.INFO: Credit warning SMS sent to customer 168abbott [] []
[2019-07-08 08:00:03] Credit Warning SMS Yellow Zone log.INFO: Sending credit warning SMS to customer 125abbott [] []
[2019-07-08 08:00:03] Credit Warning SMS Yellow Zone log.INFO: Credit warning SMS sent to customer 125abbott [] []
[2019-07-08 08:00:03] Credit Warning SMS Yellow Zone log.INFO: Sending credit warning SMS to customer 104Abbott [] []
[2019-07-08 08:00:03] Credit Warning SMS Yellow Zone log.INFO: Credit warning SMS sent to customer 104Abbott [] []
[2019-07-08 08:00:03] Credit Warning SMS Yellow Zone log.INFO: Sending credit warning SMS to customer 79eustace [] []
[2019-07-08 08:00:03] Credit Warning SMS Yellow Zone log.INFO: Credit warning SMS sent to customer 79eustace [] []
[2019-07-08 08:00:03] Credit Warning SMS Yellow Zone log.INFO: Sending credit warning SMS to customer 89eustace [] []
[2019-07-08 08:00:04] Credit Warning SMS Yellow Zone log.INFO: Credit warning SMS sent to customer 89eustace [] []
[2019-07-08 08:00:04] Credit Warning SMS Yellow Zone log.INFO: Sending credit warning SMS to customer 87eustace [] []
[2019-07-08 08:00:04] Credit Warning SMS Yellow Zone log.INFO: Credit warning SMS sent to customer 87eustace [] []
[2019-07-08 08:00:04] Credit Warning SMS Yellow Zone log.INFO: Sending credit warning SMS to customer 4eustace [] []
[2019-07-08 08:00:04] Credit Warning SMS Yellow Zone log.INFO: Credit warning SMS sent to customer 4eustace [] []
[2019-07-08 08:00:04] Credit Warning SMS Yellow Zone log.INFO: Sending credit warning SMS to customer 11eustace [] []
[2019-07-08 08:00:04] Credit Warning SMS Yellow Zone log.INFO: Credit warning SMS sent to customer 11eustace [] []
[2019-07-08 08:00:04] Credit Warning SMS Yellow Zone log.INFO: Sending credit warning SMS to customer 92eustace [] []
[2019-07-08 08:00:04] Credit Warning SMS Yellow Zone log.INFO: Credit warning SMS sent to customer 92eustace [] []
[2019-07-08 08:00:04] Credit Warning SMS Yellow Zone log.INFO: Sending credit warning SMS to customer 74eustace [] []
[2019-07-08 08:00:04] Credit Warning SMS Yellow Zone log.INFO: Credit warning SMS sent to customer 74eustace [] []
[2019-07-08 08:00:04] Credit Warning SMS Yellow Zone log.INFO: Sending credit warning SMS to customer 82eustace [] []
[2019-07-08 08:00:04] Credit Warning SMS Yellow Zone log.INFO: Credit warning SMS sent to customer 82eustace [] []
[2019-07-08 08:00:04] Credit Warning SMS Yellow Zone log.INFO: Sending credit warning SMS to customer 152leona [] []
[2019-07-08 08:00:04] Credit Warning SMS Yellow Zone log.INFO: Credit warning SMS sent to customer 152leona [] []
[2019-07-08 08:00:04] Credit Warning SMS Yellow Zone log.INFO: Sending credit warning SMS to customer 158leona [] []
[2019-07-08 08:00:04] Credit Warning SMS Yellow Zone log.INFO: Credit warning SMS sent to customer 158leona [] []
[2019-07-08 08:00:04] Credit Warning SMS Yellow Zone log.INFO: Sending credit warning SMS to customer 28leona [] []
[2019-07-08 08:00:04] Credit Warning SMS Yellow Zone log.INFO: Credit warning SMS sent to customer 28leona [] []
[2019-07-08 08:00:04] Credit Warning SMS Yellow Zone log.INFO: Sending credit warning SMS to customer 149leona [] []
[2019-07-08 08:00:04] Credit Warning SMS Yellow Zone log.INFO: Credit warning SMS sent to customer 149leona [] []
[2019-07-08 08:00:04] Credit Warning SMS Yellow Zone log.INFO: Sending credit warning SMS to customer 33leona [] []
[2019-07-08 08:00:04] Credit Warning SMS Yellow Zone log.INFO: Credit warning SMS sent to customer 33leona [] []
[2019-07-08 08:00:04] Credit Warning SMS Yellow Zone log.INFO: Sending credit warning SMS to customer 118leona [] []
[2019-07-08 08:00:04] Credit Warning SMS Yellow Zone log.INFO: Credit warning SMS sent to customer 118leona [] []
[2019-07-08 08:00:04] Credit Warning SMS Yellow Zone log.INFO: Sending credit warning SMS to customer 65leona [] []
[2019-07-08 08:00:04] Credit Warning SMS Yellow Zone log.INFO: Credit warning SMS sent to customer 65leona [] []
[2019-07-08 08:00:04] Credit Warning SMS Yellow Zone log.INFO: Sending credit warning SMS to customer 59leona [] []
[2019-07-08 08:00:04] Credit Warning SMS Yellow Zone log.INFO: Credit warning SMS sent to customer 59leona [] []
[2019-07-08 08:00:04] Credit Warning SMS Yellow Zone log.INFO: Sending credit warning SMS to customer 69leona [] []
[2019-07-08 08:00:04] Credit Warning SMS Yellow Zone log.INFO: Credit warning SMS sent to customer 69leona [] []
[2019-07-08 08:00:04] Credit Warning SMS Yellow Zone log.INFO: Sending credit warning SMS to customer 97leona [] []
[2019-07-08 08:00:04] Credit Warning SMS Yellow Zone log.INFO: Credit warning SMS sent to customer 97leona [] []
[2019-07-08 08:00:04] Credit Warning SMS Yellow Zone log.INFO: Sending credit warning SMS to customer 15leona [] []
[2019-07-08 08:00:04] Credit Warning SMS Yellow Zone log.INFO: Credit warning SMS sent to customer 15leona [] []
[2019-07-08 08:00:04] Credit Warning SMS Yellow Zone log.INFO: Sending credit warning SMS to customer 73leona [] []
[2019-07-08 08:00:04] Credit Warning SMS Yellow Zone log.INFO: Credit warning SMS sent to customer 73leona [] []
[2019-07-08 08:00:04] Credit Warning SMS Yellow Zone log.INFO: Sending credit warning SMS to customer 117leona [] []
[2019-07-08 08:00:04] Credit Warning SMS Yellow Zone log.INFO: Credit warning SMS sent to customer 117leona [] []
[2019-07-08 08:00:04] Credit Warning SMS Yellow Zone log.INFO: Sending credit warning SMS to customer 108leona [] []
[2019-07-08 08:00:04] Credit Warning SMS Yellow Zone log.INFO: Credit warning SMS sent to customer 108leona [] []
[2019-07-08 08:00:04] Credit Warning SMS Yellow Zone log.INFO: Sending credit warning SMS to customer 119leona [] []
[2019-07-08 08:00:04] Credit Warning SMS Yellow Zone log.INFO: Credit warning SMS sent to customer 119leona [] []
[2019-07-08 08:00:04] Credit Warning SMS Yellow Zone log.INFO: Sending credit warning SMS to customer 50leona [] []
[2019-07-08 08:00:04] Credit Warning SMS Yellow Zone log.INFO: Credit warning SMS sent to customer 50leona [] []
[2019-07-08 08:00:04] Credit Warning SMS Yellow Zone log.INFO: Sending credit warning SMS to customer 143charlotte [] []
[2019-07-08 08:00:04] Credit Warning SMS Yellow Zone log.INFO: Credit warning SMS sent to customer 143charlotte [] []
[2019-07-08 08:00:04] Credit Warning SMS Yellow Zone log.INFO: Sending credit warning SMS to customer 144charlotte [] []
[2019-07-08 08:00:04] Credit Warning SMS Yellow Zone log.INFO: Credit warning SMS sent to customer 144charlotte [] []
[2019-07-08 08:00:04] Credit Warning SMS Yellow Zone log.INFO: Sending credit warning SMS to customer 106charlotte [] []
[2019-07-08 08:00:04] Credit Warning SMS Yellow Zone log.INFO: Credit warning SMS sent to customer 106charlotte [] []
[2019-07-08 08:00:04] Credit Warning SMS Yellow Zone log.INFO: Sending credit warning SMS to customer 12charlotte [] []
[2019-07-08 08:00:04] Credit Warning SMS Yellow Zone log.INFO: Credit warning SMS sent to customer 12charlotte [] []
[2019-07-08 08:00:04] Credit Warning SMS Yellow Zone log.INFO: Sending credit warning SMS to customer 38charlotte [] []
[2019-07-08 08:00:04] Credit Warning SMS Yellow Zone log.INFO: Credit warning SMS sent to customer 38charlotte [] []
[2019-07-08 08:00:04] Credit Warning SMS Yellow Zone log.INFO: Sending credit warning SMS to customer 52charlotte [] []
[2019-07-08 08:00:04] Credit Warning SMS Yellow Zone log.INFO: Credit warning SMS sent to customer 52charlotte [] []
[2019-07-08 08:00:04] Credit Warning SMS Yellow Zone log.INFO: Sending credit warning SMS to customer 73charlotte [] []
[2019-07-08 08:00:04] Credit Warning SMS Yellow Zone log.INFO: Credit warning SMS sent to customer 73charlotte [] []
[2019-07-08 08:00:04] Credit Warning SMS Yellow Zone log.INFO: Sending credit warning SMS to customer 140charlotte [] []
[2019-07-08 08:00:04] Credit Warning SMS Yellow Zone log.INFO: Credit warning SMS sent to customer 140charlotte [] []
[2019-07-08 08:00:04] Credit Warning SMS Yellow Zone log.INFO: Sent Credit warning SMS to 88 customers! [] []
