[2020-04-19 10:30:02] Credit Warning SMS Yellow Zone log.INFO: Sending credit warning SMS to customer 6garryknock [] []
[2020-04-19 10:30:02] Credit Warning SMS Yellow Zone log.INFO: Credit warning SMS sent to customer 6garryknock [] []
[2020-04-19 10:30:02] Credit Warning SMS Yellow Zone log.INFO: Sending credit warning SMS to customer 7garryknock [] []
[2020-04-19 10:30:02] Credit Warning SMS Yellow Zone log.INFO: Credit warning SMS sent to customer 7garryknock [] []
[2020-04-19 10:30:02] Credit Warning SMS Yellow Zone log.INFO: Sending credit warning SMS to customer 16garryknock [] []
[2020-04-19 10:30:02] Credit Warning SMS Yellow Zone log.INFO: Credit warning SMS sent to customer 16garryknock [] []
[2020-04-19 10:30:02] Credit Warning SMS Yellow Zone log.INFO: Sending credit warning SMS to customer 11brackenview [] []
[2020-04-19 10:30:02] Credit Warning SMS Yellow Zone log.INFO: Credit warning SMS sent to customer 11brackenview [] []
[2020-04-19 10:30:02] Credit Warning SMS Yellow Zone log.INFO: Sending credit warning SMS to customer 2brackenview [] []
[2020-04-19 10:30:02] Credit Warning SMS Yellow Zone log.INFO: Credit warning SMS sent to customer 2brackenview [] []
[2020-04-19 10:30:02] Credit Warning SMS Yellow Zone log.INFO: Sending credit warning SMS to customer 1garryknock [] []
[2020-04-19 10:30:02] Credit Warning SMS Yellow Zone log.INFO: Credit warning SMS sent to customer 1garryknock [] []
[2020-04-19 10:30:02] Credit Warning SMS Yellow Zone log.INFO: Sending credit warning SMS to customer 1Emerald [] []
[2020-04-19 10:30:02] Credit Warning SMS Yellow Zone log.INFO: Credit warning SMS sent to customer 1Emerald [] []
[2020-04-19 10:30:02] Credit Warning SMS Yellow Zone log.INFO: Sending credit warning SMS to customer 7Emerald [] []
[2020-04-19 10:30:02] Credit Warning SMS Yellow Zone log.INFO: Credit warning SMS sent to customer 7Emerald [] []
[2020-04-19 10:30:02] Credit Warning SMS Yellow Zone log.INFO: Sending credit warning SMS to customer 177neptune [] []
[2020-04-19 10:30:02] Credit Warning SMS Yellow Zone log.INFO: Credit warning SMS sent to customer 177neptune [] []
[2020-04-19 10:30:02] Credit Warning SMS Yellow Zone log.INFO: Sending credit warning SMS to customer 117Neptune [] []
[2020-04-19 10:30:03] Credit Warning SMS Yellow Zone log.INFO: Credit warning SMS sent to customer 117Neptune [] []
[2020-04-19 10:30:03] Credit Warning SMS Yellow Zone log.INFO: Sending credit warning SMS to customer 99Neptune [] []
[2020-04-19 10:30:03] Credit Warning SMS Yellow Zone log.INFO: Credit warning SMS sent to customer 99Neptune [] []
[2020-04-19 10:30:03] Credit Warning SMS Yellow Zone log.INFO: Sending credit warning SMS to customer 27neptune [] []
[2020-04-19 10:30:03] Credit Warning SMS Yellow Zone log.INFO: Credit warning SMS sent to customer 27neptune [] []
[2020-04-19 10:30:03] Credit Warning SMS Yellow Zone log.INFO: Sending credit warning SMS to customer 139Neptune [] []
[2020-04-19 10:30:03] Credit Warning SMS Yellow Zone log.INFO: Credit warning SMS sent to customer 139Neptune [] []
[2020-04-19 10:30:03] Credit Warning SMS Yellow Zone log.INFO: Sending credit warning SMS to customer 140Neptune [] []
[2020-04-19 10:30:03] Credit Warning SMS Yellow Zone log.INFO: Credit warning SMS sent to customer 140Neptune [] []
[2020-04-19 10:30:03] Credit Warning SMS Yellow Zone log.INFO: Sending credit warning SMS to customer 104Neptune [] []
[2020-04-19 10:30:03] Credit Warning SMS Yellow Zone log.INFO: Credit warning SMS sent to customer 104Neptune [] []
[2020-04-19 10:30:03] Credit Warning SMS Yellow Zone log.INFO: Sending credit warning SMS to customer 92Neptune [] []
[2020-04-19 10:30:03] Credit Warning SMS Yellow Zone log.INFO: Credit warning SMS sent to customer 92Neptune [] []
[2020-04-19 10:30:03] Credit Warning SMS Yellow Zone log.INFO: Sending credit warning SMS to customer 23neptune [] []
[2020-04-19 10:30:03] Credit Warning SMS Yellow Zone log.INFO: Credit warning SMS sent to customer 23neptune [] []
[2020-04-19 10:30:03] Credit Warning SMS Yellow Zone log.INFO: Sending credit warning SMS to customer 71Neptune [] []
[2020-04-19 10:30:03] Credit Warning SMS Yellow Zone log.INFO: Credit warning SMS sent to customer 71Neptune [] []
[2020-04-19 10:30:03] Credit Warning SMS Yellow Zone log.INFO: Sending credit warning SMS to customer 62Neptune [] []
[2020-04-19 10:30:03] Credit Warning SMS Yellow Zone log.INFO: Credit warning SMS sent to customer 62Neptune [] []
[2020-04-19 10:30:03] Credit Warning SMS Yellow Zone log.INFO: Sending credit warning SMS to customer 136Neptune [] []
[2020-04-19 10:30:03] Credit Warning SMS Yellow Zone log.INFO: Credit warning SMS sent to customer 136Neptune [] []
[2020-04-19 10:30:03] Credit Warning SMS Yellow Zone log.INFO: Sending credit warning SMS to customer 41Abbott [] []
[2020-04-19 10:30:03] Credit Warning SMS Yellow Zone log.INFO: Credit warning SMS sent to customer 41Abbott [] []
[2020-04-19 10:30:03] Credit Warning SMS Yellow Zone log.INFO: Sending credit warning SMS to customer 10Abbott [] []
[2020-04-19 10:30:03] Credit Warning SMS Yellow Zone log.INFO: Credit warning SMS sent to customer 10Abbott [] []
[2020-04-19 10:30:03] Credit Warning SMS Yellow Zone log.INFO: Sending credit warning SMS to customer 21Abbott [] []
[2020-04-19 10:30:03] Credit Warning SMS Yellow Zone log.INFO: Credit warning SMS sent to customer 21Abbott [] []
[2020-04-19 10:30:03] Credit Warning SMS Yellow Zone log.INFO: Sending credit warning SMS to customer 28Abbott [] []
[2020-04-19 10:30:03] Credit Warning SMS Yellow Zone log.INFO: Credit warning SMS sent to customer 28Abbott [] []
[2020-04-19 10:30:03] Credit Warning SMS Yellow Zone log.INFO: Sending credit warning SMS to customer 84Abbott [] []
[2020-04-19 10:30:03] Credit Warning SMS Yellow Zone log.INFO: Credit warning SMS sent to customer 84Abbott [] []
[2020-04-19 10:30:03] Credit Warning SMS Yellow Zone log.INFO: Sending credit warning SMS to customer 105Abbott [] []
[2020-04-19 10:30:03] Credit Warning SMS Yellow Zone log.INFO: Credit warning SMS sent to customer 105Abbott [] []
[2020-04-19 10:30:03] Credit Warning SMS Yellow Zone log.INFO: Sending credit warning SMS to customer 117Abbott [] []
[2020-04-19 10:30:03] Credit Warning SMS Yellow Zone log.INFO: Credit warning SMS sent to customer 117Abbott [] []
[2020-04-19 10:30:03] Credit Warning SMS Yellow Zone log.INFO: Sending credit warning SMS to customer 98Abbott [] []
[2020-04-19 10:30:03] Credit Warning SMS Yellow Zone log.INFO: Credit warning SMS sent to customer 98Abbott [] []
[2020-04-19 10:30:03] Credit Warning SMS Yellow Zone log.INFO: Sending credit warning SMS to customer 135abbott [] []
[2020-04-19 10:30:03] Credit Warning SMS Yellow Zone log.INFO: Credit warning SMS sent to customer 135abbott [] []
[2020-04-19 10:30:03] Credit Warning SMS Yellow Zone log.INFO: Sending credit warning SMS to customer 126abbott [] []
[2020-04-19 10:30:03] Credit Warning SMS Yellow Zone log.INFO: Credit warning SMS sent to customer 126abbott [] []
[2020-04-19 10:30:03] Credit Warning SMS Yellow Zone log.INFO: Sending credit warning SMS to customer 184abbott [] []
[2020-04-19 10:30:03] Credit Warning SMS Yellow Zone log.INFO: Credit warning SMS sent to customer 184abbott [] []
[2020-04-19 10:30:03] Credit Warning SMS Yellow Zone log.INFO: Sending credit warning SMS to customer 35GreenBank [] []
[2020-04-19 10:30:03] Credit Warning SMS Yellow Zone log.INFO: Credit warning SMS sent to customer 35GreenBank [] []
[2020-04-19 10:30:03] Credit Warning SMS Yellow Zone log.INFO: Sending credit warning SMS to customer 183abbott [] []
[2020-04-19 10:30:03] Credit Warning SMS Yellow Zone log.INFO: Credit warning SMS sent to customer 183abbott [] []
[2020-04-19 10:30:03] Credit Warning SMS Yellow Zone log.INFO: Sending credit warning SMS to customer 180abbott [] []
[2020-04-19 10:30:03] Credit Warning SMS Yellow Zone log.INFO: Credit warning SMS sent to customer 180abbott [] []
[2020-04-19 10:30:03] Credit Warning SMS Yellow Zone log.INFO: Sending credit warning SMS to customer 5leona [] []
[2020-04-19 10:30:03] Credit Warning SMS Yellow Zone log.INFO: Credit warning SMS sent to customer 5leona [] []
[2020-04-19 10:30:03] Credit Warning SMS Yellow Zone log.INFO: Sending credit warning SMS to customer 135leona [] []
[2020-04-19 10:30:03] Credit Warning SMS Yellow Zone log.INFO: Credit warning SMS sent to customer 135leona [] []
[2020-04-19 10:30:03] Credit Warning SMS Yellow Zone log.INFO: Sending credit warning SMS to customer 60leona [] []
[2020-04-19 10:30:03] Credit Warning SMS Yellow Zone log.INFO: Credit warning SMS sent to customer 60leona [] []
[2020-04-19 10:30:03] Credit Warning SMS Yellow Zone log.INFO: Sending credit warning SMS to customer 63leona [] []
[2020-04-19 10:30:03] Credit Warning SMS Yellow Zone log.INFO: Credit warning SMS sent to customer 63leona [] []
[2020-04-19 10:30:03] Credit Warning SMS Yellow Zone log.INFO: Sending credit warning SMS to customer 123leona [] []
[2020-04-19 10:30:03] Credit Warning SMS Yellow Zone log.INFO: Credit warning SMS sent to customer 123leona [] []
[2020-04-19 10:30:03] Credit Warning SMS Yellow Zone log.INFO: Sending credit warning SMS to customer 157leona [] []
[2020-04-19 10:30:03] Credit Warning SMS Yellow Zone log.INFO: Credit warning SMS sent to customer 157leona [] []
[2020-04-19 10:30:03] Credit Warning SMS Yellow Zone log.INFO: Sending credit warning SMS to customer 82leona [] []
[2020-04-19 10:30:04] Credit Warning SMS Yellow Zone log.INFO: Credit warning SMS sent to customer 82leona [] []
[2020-04-19 10:30:04] Credit Warning SMS Yellow Zone log.INFO: Sending credit warning SMS to customer 127charlotte [] []
[2020-04-19 10:30:04] Credit Warning SMS Yellow Zone log.INFO: Credit warning SMS sent to customer 127charlotte [] []
[2020-04-19 10:30:04] Credit Warning SMS Yellow Zone log.INFO: Sending credit warning SMS to customer 114charlotte [] []
[2020-04-19 10:30:04] Credit Warning SMS Yellow Zone log.INFO: Credit warning SMS sent to customer 114charlotte [] []
[2020-04-19 10:30:04] Credit Warning SMS Yellow Zone log.INFO: Sending credit warning SMS to customer 15charlotte [] []
[2020-04-19 10:30:04] Credit Warning SMS Yellow Zone log.INFO: Credit warning SMS sent to customer 15charlotte [] []
[2020-04-19 10:30:04] Credit Warning SMS Yellow Zone log.INFO: Sending credit warning SMS to customer 82charlotte [] []
[2020-04-19 10:30:04] Credit Warning SMS Yellow Zone log.INFO: Credit warning SMS sent to customer 82charlotte [] []
[2020-04-19 10:30:04] Credit Warning SMS Yellow Zone log.INFO: Sending credit warning SMS to customer 97charlotte [] []
[2020-04-19 10:30:04] Credit Warning SMS Yellow Zone log.INFO: Credit warning SMS sent to customer 97charlotte [] []
[2020-04-19 10:30:04] Credit Warning SMS Yellow Zone log.INFO: Sending credit warning SMS to customer 8bridgefield [] []
[2020-04-19 10:30:04] Credit Warning SMS Yellow Zone log.INFO: Credit warning SMS sent to customer 8bridgefield [] []
[2020-04-19 10:30:04] Credit Warning SMS Yellow Zone log.INFO: Sending credit warning SMS to customer 5bridgefield [] []
[2020-04-19 10:30:04] Credit Warning SMS Yellow Zone log.INFO: Credit warning SMS sent to customer 5bridgefield [] []
[2020-04-19 10:30:04] Credit Warning SMS Yellow Zone log.INFO: Sending credit warning SMS to customer 70bridgefield [] []
[2020-04-19 10:30:04] Credit Warning SMS Yellow Zone log.INFO: Credit warning SMS sent to customer 70bridgefield [] []
[2020-04-19 10:30:04] Credit Warning SMS Yellow Zone log.INFO: Sending credit warning SMS to customer 52bridgefield [] []
[2020-04-19 10:30:04] Credit Warning SMS Yellow Zone log.INFO: Credit warning SMS sent to customer 52bridgefield [] []
[2020-04-19 10:30:04] Credit Warning SMS Yellow Zone log.INFO: Sending credit warning SMS to customer 106bridgefield [] []
[2020-04-19 10:30:04] Credit Warning SMS Yellow Zone log.INFO: Credit warning SMS sent to customer 106bridgefield [] []
[2020-04-19 10:30:04] Credit Warning SMS Yellow Zone log.INFO: Sending credit warning SMS to customer 89bridgefield [] []
[2020-04-19 10:30:04] Credit Warning SMS Yellow Zone log.INFO: Credit warning SMS sent to customer 89bridgefield [] []
[2020-04-19 10:30:04] Credit Warning SMS Yellow Zone log.INFO: Sending credit warning SMS to customer 72bridgefield [] []
[2020-04-19 10:30:04] Credit Warning SMS Yellow Zone log.INFO: Credit warning SMS sent to customer 72bridgefield [] []
[2020-04-19 10:30:04] Credit Warning SMS Yellow Zone log.INFO: Sending credit warning SMS to customer 34bridgefield [] []
[2020-04-19 10:30:04] Credit Warning SMS Yellow Zone log.INFO: Credit warning SMS sent to customer 34bridgefield [] []
[2020-04-19 10:30:04] Credit Warning SMS Yellow Zone log.INFO: Sending credit warning SMS to customer 197bridgefield [] []
[2020-04-19 10:30:04] Credit Warning SMS Yellow Zone log.INFO: Credit warning SMS sent to customer 197bridgefield [] []
[2020-04-19 10:30:04] Credit Warning SMS Yellow Zone log.INFO: Sending credit warning SMS to customer 133fairways [] []
[2020-04-19 10:30:04] Credit Warning SMS Yellow Zone log.INFO: Credit warning SMS sent to customer 133fairways [] []
[2020-04-19 10:30:04] Credit Warning SMS Yellow Zone log.INFO: Sending credit warning SMS to customer 149fairways [] []
[2020-04-19 10:30:04] Credit Warning SMS Yellow Zone log.INFO: Credit warning SMS sent to customer 149fairways [] []
[2020-04-19 10:30:04] Credit Warning SMS Yellow Zone log.INFO: Sending credit warning SMS to customer 26fairways [] []
[2020-04-19 10:30:04] Credit Warning SMS Yellow Zone log.INFO: Credit warning SMS sent to customer 26fairways [] []
[2020-04-19 10:30:04] Credit Warning SMS Yellow Zone log.INFO: Sending credit warning SMS to customer 54herberthill [] []
[2020-04-19 10:30:04] Credit Warning SMS Yellow Zone log.INFO: Credit warning SMS sent to customer 54herberthill [] []
[2020-04-19 10:30:04] Credit Warning SMS Yellow Zone log.INFO: Sending credit warning SMS to customer 79herberthill [] []
[2020-04-19 10:30:04] Credit Warning SMS Yellow Zone log.INFO: Credit warning SMS sent to customer 79herberthill [] []
[2020-04-19 10:30:04] Credit Warning SMS Yellow Zone log.INFO: Sending credit warning SMS to customer 84herberthill [] []
[2020-04-19 10:30:04] Credit Warning SMS Yellow Zone log.INFO: Credit warning SMS sent to customer 84herberthill [] []
[2020-04-19 10:30:04] Credit Warning SMS Yellow Zone log.INFO: Sent Credit warning SMS to 61 customers! [] []
