[2020-06-21 10:30:02] Credit Warning SMS Yellow Zone log.INFO: Sending credit warning SMS to customer 12sundayswell [] []
[2020-06-21 10:30:02] Credit Warning SMS Yellow Zone log.INFO: Credit warning SMS sent to customer 12sundayswell [] []
[2020-06-21 10:30:02] Credit Warning SMS Yellow Zone log.INFO: Sending credit warning SMS to customer 24garryknock [] []
[2020-06-21 10:30:02] Credit Warning SMS Yellow Zone log.INFO: Credit warning SMS sent to customer 24garryknock [] []
[2020-06-21 10:30:02] Credit Warning SMS Yellow Zone log.INFO: Sending credit warning SMS to customer 5brackenview [] []
[2020-06-21 10:30:02] Credit Warning SMS Yellow Zone log.INFO: Credit warning SMS sent to customer 5brackenview [] []
[2020-06-21 10:30:02] Credit Warning SMS Yellow Zone log.INFO: Sending credit warning SMS to customer 2brackenview [] []
[2020-06-21 10:30:02] Credit Warning SMS Yellow Zone log.INFO: Credit warning SMS sent to customer 2brackenview [] []
[2020-06-21 10:30:02] Credit Warning SMS Yellow Zone log.INFO: Sending credit warning SMS to customer 12Emerald [] []
[2020-06-21 10:30:02] Credit Warning SMS Yellow Zone log.INFO: Credit warning SMS sent to customer 12Emerald [] []
[2020-06-21 10:30:02] Credit Warning SMS Yellow Zone log.INFO: Sending credit warning SMS to customer 22Emerald [] []
[2020-06-21 10:30:02] Credit Warning SMS Yellow Zone log.INFO: Credit warning SMS sent to customer 22Emerald [] []
[2020-06-21 10:30:02] Credit Warning SMS Yellow Zone log.INFO: Sending credit warning SMS to customer 40Emerald [] []
[2020-06-21 10:30:02] Credit Warning SMS Yellow Zone log.INFO: Credit warning SMS sent to customer 40Emerald [] []
[2020-06-21 10:30:02] Credit Warning SMS Yellow Zone log.INFO: Sending credit warning SMS to customer 16Emerald [] []
[2020-06-21 10:30:02] Credit Warning SMS Yellow Zone log.INFO: Credit warning SMS sent to customer 16Emerald [] []
[2020-06-21 10:30:02] Credit Warning SMS Yellow Zone log.INFO: Sending credit warning SMS to customer 117Neptune [] []
[2020-06-21 10:30:02] Credit Warning SMS Yellow Zone log.INFO: Credit warning SMS sent to customer 117Neptune [] []
[2020-06-21 10:30:02] Credit Warning SMS Yellow Zone log.INFO: Sending credit warning SMS to customer 148Neptune [] []
[2020-06-21 10:30:02] Credit Warning SMS Yellow Zone log.INFO: Credit warning SMS sent to customer 148Neptune [] []
[2020-06-21 10:30:02] Credit Warning SMS Yellow Zone log.INFO: Sending credit warning SMS to customer 109Neptune [] []
[2020-06-21 10:30:02] Credit Warning SMS Yellow Zone log.INFO: Credit warning SMS sent to customer 109Neptune [] []
[2020-06-21 10:30:02] Credit Warning SMS Yellow Zone log.INFO: Sending credit warning SMS to customer 195neptune [] []
[2020-06-21 10:30:02] Credit Warning SMS Yellow Zone log.INFO: Credit warning SMS sent to customer 195neptune [] []
[2020-06-21 10:30:02] Credit Warning SMS Yellow Zone log.INFO: Sending credit warning SMS to customer 140Neptune [] []
[2020-06-21 10:30:02] Credit Warning SMS Yellow Zone log.INFO: Credit warning SMS sent to customer 140Neptune [] []
[2020-06-21 10:30:02] Credit Warning SMS Yellow Zone log.INFO: Sending credit warning SMS to customer 104Neptune [] []
[2020-06-21 10:30:02] Credit Warning SMS Yellow Zone log.INFO: Credit warning SMS sent to customer 104Neptune [] []
[2020-06-21 10:30:02] Credit Warning SMS Yellow Zone log.INFO: Sending credit warning SMS to customer 37neptune [] []
[2020-06-21 10:30:03] Credit Warning SMS Yellow Zone log.INFO: Credit warning SMS sent to customer 37neptune [] []
[2020-06-21 10:30:03] Credit Warning SMS Yellow Zone log.INFO: Sending credit warning SMS to customer 1Abbott [] []
[2020-06-21 10:30:03] Credit Warning SMS Yellow Zone log.INFO: Credit warning SMS sent to customer 1Abbott [] []
[2020-06-21 10:30:03] Credit Warning SMS Yellow Zone log.INFO: Sending credit warning SMS to customer 10Abbott [] []
[2020-06-21 10:30:03] Credit Warning SMS Yellow Zone log.INFO: Credit warning SMS sent to customer 10Abbott [] []
[2020-06-21 10:30:03] Credit Warning SMS Yellow Zone log.INFO: Sending credit warning SMS to customer 21Abbott [] []
[2020-06-21 10:30:03] Credit Warning SMS Yellow Zone log.INFO: Credit warning SMS sent to customer 21Abbott [] []
[2020-06-21 10:30:03] Credit Warning SMS Yellow Zone log.INFO: Sending credit warning SMS to customer 27Abbott [] []
[2020-06-21 10:30:03] Credit Warning SMS Yellow Zone log.INFO: Credit warning SMS sent to customer 27Abbott [] []
[2020-06-21 10:30:03] Credit Warning SMS Yellow Zone log.INFO: Sending credit warning SMS to customer 13Abbott [] []
[2020-06-21 10:30:03] Credit Warning SMS Yellow Zone log.INFO: Credit warning SMS sent to customer 13Abbott [] []
[2020-06-21 10:30:03] Credit Warning SMS Yellow Zone log.INFO: Sending credit warning SMS to customer 68Abbott [] []
[2020-06-21 10:30:03] Credit Warning SMS Yellow Zone log.INFO: Credit warning SMS sent to customer 68Abbott [] []
[2020-06-21 10:30:03] Credit Warning SMS Yellow Zone log.INFO: Sending credit warning SMS to customer 76Abbott [] []
[2020-06-21 10:30:03] Credit Warning SMS Yellow Zone log.INFO: Credit warning SMS sent to customer 76Abbott [] []
[2020-06-21 10:30:03] Credit Warning SMS Yellow Zone log.INFO: Sending credit warning SMS to customer 65Abbott [] []
[2020-06-21 10:30:03] Credit Warning SMS Yellow Zone log.INFO: Credit warning SMS sent to customer 65Abbott [] []
[2020-06-21 10:30:03] Credit Warning SMS Yellow Zone log.INFO: Sending credit warning SMS to customer 105Abbott [] []
[2020-06-21 10:30:03] Credit Warning SMS Yellow Zone log.INFO: Credit warning SMS sent to customer 105Abbott [] []
[2020-06-21 10:30:03] Credit Warning SMS Yellow Zone log.INFO: Sending credit warning SMS to customer 110Abbott [] []
[2020-06-21 10:30:03] Credit Warning SMS Yellow Zone log.INFO: Credit warning SMS sent to customer 110Abbott [] []
[2020-06-21 10:30:03] Credit Warning SMS Yellow Zone log.INFO: Sending credit warning SMS to customer 98Abbott [] []
[2020-06-21 10:30:03] Credit Warning SMS Yellow Zone log.INFO: Credit warning SMS sent to customer 98Abbott [] []
[2020-06-21 10:30:03] Credit Warning SMS Yellow Zone log.INFO: Sending credit warning SMS to customer 124Abbott [] []
[2020-06-21 10:30:03] Credit Warning SMS Yellow Zone log.INFO: Credit warning SMS sent to customer 124Abbott [] []
[2020-06-21 10:30:03] Credit Warning SMS Yellow Zone log.INFO: Sending credit warning SMS to customer 126abbott [] []
[2020-06-21 10:30:03] Credit Warning SMS Yellow Zone log.INFO: Credit warning SMS sent to customer 126abbott [] []
[2020-06-21 10:30:03] Credit Warning SMS Yellow Zone log.INFO: Sending credit warning SMS to customer 18GreenBank [] []
[2020-06-21 10:30:03] Credit Warning SMS Yellow Zone log.INFO: Credit warning SMS sent to customer 18GreenBank [] []
[2020-06-21 10:30:03] Credit Warning SMS Yellow Zone log.INFO: Sending credit warning SMS to customer 1GreenBank [] []
[2020-06-21 10:30:03] Credit Warning SMS Yellow Zone log.INFO: Credit warning SMS sent to customer 1GreenBank [] []
[2020-06-21 10:30:03] Credit Warning SMS Yellow Zone log.INFO: Sending credit warning SMS to customer 138abbott [] []
[2020-06-21 10:30:03] Credit Warning SMS Yellow Zone log.INFO: Credit warning SMS sent to customer 138abbott [] []
[2020-06-21 10:30:03] Credit Warning SMS Yellow Zone log.INFO: Sending credit warning SMS to customer 68eustace [] []
[2020-06-21 10:30:03] Credit Warning SMS Yellow Zone log.INFO: Credit warning SMS sent to customer 68eustace [] []
[2020-06-21 10:30:03] Credit Warning SMS Yellow Zone log.INFO: Sending credit warning SMS to customer 7eustace [] []
[2020-06-21 10:30:03] Credit Warning SMS Yellow Zone log.INFO: Credit warning SMS sent to customer 7eustace [] []
[2020-06-21 10:30:03] Credit Warning SMS Yellow Zone log.INFO: Sending credit warning SMS to customer 3eustace [] []
[2020-06-21 10:30:03] Credit Warning SMS Yellow Zone log.INFO: Credit warning SMS sent to customer 3eustace [] []
[2020-06-21 10:30:03] Credit Warning SMS Yellow Zone log.INFO: Sending credit warning SMS to customer 5leona [] []
[2020-06-21 10:30:03] Credit Warning SMS Yellow Zone log.INFO: Credit warning SMS sent to customer 5leona [] []
[2020-06-21 10:30:03] Credit Warning SMS Yellow Zone log.INFO: Sending credit warning SMS to customer 9leona [] []
[2020-06-21 10:30:03] Credit Warning SMS Yellow Zone log.INFO: Credit warning SMS sent to customer 9leona [] []
[2020-06-21 10:30:03] Credit Warning SMS Yellow Zone log.INFO: Sending credit warning SMS to customer 153leona [] []
[2020-06-21 10:30:03] Credit Warning SMS Yellow Zone log.INFO: Credit warning SMS sent to customer 153leona [] []
[2020-06-21 10:30:03] Credit Warning SMS Yellow Zone log.INFO: Sending credit warning SMS to customer 58leona [] []
[2020-06-21 10:30:03] Credit Warning SMS Yellow Zone log.INFO: Credit warning SMS sent to customer 58leona [] []
[2020-06-21 10:30:03] Credit Warning SMS Yellow Zone log.INFO: Sending credit warning SMS to customer 55leona [] []
[2020-06-21 10:30:03] Credit Warning SMS Yellow Zone log.INFO: Credit warning SMS sent to customer 55leona [] []
[2020-06-21 10:30:03] Credit Warning SMS Yellow Zone log.INFO: Sending credit warning SMS to customer 82leona [] []
[2020-06-21 10:30:03] Credit Warning SMS Yellow Zone log.INFO: Credit warning SMS sent to customer 82leona [] []
[2020-06-21 10:30:03] Credit Warning SMS Yellow Zone log.INFO: Sending credit warning SMS to customer 149charlotte [] []
[2020-06-21 10:30:03] Credit Warning SMS Yellow Zone log.INFO: Credit warning SMS sent to customer 149charlotte [] []
[2020-06-21 10:30:03] Credit Warning SMS Yellow Zone log.INFO: Sending credit warning SMS to customer 153charlotte [] []
[2020-06-21 10:30:03] Credit Warning SMS Yellow Zone log.INFO: Credit warning SMS sent to customer 153charlotte [] []
[2020-06-21 10:30:03] Credit Warning SMS Yellow Zone log.INFO: Sending credit warning SMS to customer 116charlotte [] []
[2020-06-21 10:30:04] Credit Warning SMS Yellow Zone log.INFO: Credit warning SMS sent to customer 116charlotte [] []
[2020-06-21 10:30:04] Credit Warning SMS Yellow Zone log.INFO: Sending credit warning SMS to customer 117charlotte [] []
[2020-06-21 10:30:04] Credit Warning SMS Yellow Zone log.INFO: Credit warning SMS sent to customer 117charlotte [] []
[2020-06-21 10:30:04] Credit Warning SMS Yellow Zone log.INFO: Sending credit warning SMS to customer 42charlotte [] []
[2020-06-21 10:30:04] Credit Warning SMS Yellow Zone log.INFO: Credit warning SMS sent to customer 42charlotte [] []
[2020-06-21 10:30:04] Credit Warning SMS Yellow Zone log.INFO: Sending credit warning SMS to customer 5charlotte [] []
[2020-06-21 10:30:04] Credit Warning SMS Yellow Zone log.INFO: Credit warning SMS sent to customer 5charlotte [] []
[2020-06-21 10:30:04] Credit Warning SMS Yellow Zone log.INFO: Sending credit warning SMS to customer 142charlotte [] []
[2020-06-21 10:30:04] Credit Warning SMS Yellow Zone log.INFO: Credit warning SMS sent to customer 142charlotte [] []
[2020-06-21 10:30:04] Credit Warning SMS Yellow Zone log.INFO: Sending credit warning SMS to customer 95charlotte [] []
[2020-06-21 10:30:04] Credit Warning SMS Yellow Zone log.INFO: Credit warning SMS sent to customer 95charlotte [] []
[2020-06-21 10:30:04] Credit Warning SMS Yellow Zone log.INFO: Sending credit warning SMS to customer 151charlotte [] []
[2020-06-21 10:30:04] Credit Warning SMS Yellow Zone log.INFO: Credit warning SMS sent to customer 151charlotte [] []
[2020-06-21 10:30:04] Credit Warning SMS Yellow Zone log.INFO: Sending credit warning SMS to customer 6bridgefield [] []
[2020-06-21 10:30:04] Credit Warning SMS Yellow Zone log.INFO: Credit warning SMS sent to customer 6bridgefield [] []
[2020-06-21 10:30:04] Credit Warning SMS Yellow Zone log.INFO: Sending credit warning SMS to customer 24bridgefield [] []
[2020-06-21 10:30:04] Credit Warning SMS Yellow Zone log.INFO: Credit warning SMS sent to customer 24bridgefield [] []
[2020-06-21 10:30:04] Credit Warning SMS Yellow Zone log.INFO: Sending credit warning SMS to customer 40bridgefield [] []
[2020-06-21 10:30:04] Credit Warning SMS Yellow Zone log.INFO: Credit warning SMS sent to customer 40bridgefield [] []
[2020-06-21 10:30:04] Credit Warning SMS Yellow Zone log.INFO: Sending credit warning SMS to customer 69bridgefield [] []
[2020-06-21 10:30:04] Credit Warning SMS Yellow Zone log.INFO: Credit warning SMS sent to customer 69bridgefield [] []
[2020-06-21 10:30:04] Credit Warning SMS Yellow Zone log.INFO: Sending credit warning SMS to customer 101bridgefield [] []
[2020-06-21 10:30:04] Credit Warning SMS Yellow Zone log.INFO: Credit warning SMS sent to customer 101bridgefield [] []
[2020-06-21 10:30:04] Credit Warning SMS Yellow Zone log.INFO: Sending credit warning SMS to customer 35bridgefield [] []
[2020-06-21 10:30:04] Credit Warning SMS Yellow Zone log.INFO: Credit warning SMS sent to customer 35bridgefield [] []
[2020-06-21 10:30:04] Credit Warning SMS Yellow Zone log.INFO: Sending credit warning SMS to customer 67bridgefield [] []
[2020-06-21 10:30:04] Credit Warning SMS Yellow Zone log.INFO: Credit warning SMS sent to customer 67bridgefield [] []
[2020-06-21 10:30:04] Credit Warning SMS Yellow Zone log.INFO: Sending credit warning SMS to customer 192bridgefield [] []
[2020-06-21 10:30:04] Credit Warning SMS Yellow Zone log.INFO: Credit warning SMS sent to customer 192bridgefield [] []
[2020-06-21 10:30:04] Credit Warning SMS Yellow Zone log.INFO: Sending credit warning SMS to customer 21pappan [] []
[2020-06-21 10:30:04] Credit Warning SMS Yellow Zone log.INFO: Credit warning SMS sent to customer 21pappan [] []
[2020-06-21 10:30:04] Credit Warning SMS Yellow Zone log.INFO: Sending credit warning SMS to customer 23pappan [] []
[2020-06-21 10:30:04] Credit Warning SMS Yellow Zone log.INFO: Credit warning SMS sent to customer 23pappan [] []
[2020-06-21 10:30:04] Credit Warning SMS Yellow Zone log.INFO: Sending credit warning SMS to customer 16pappan [] []
[2020-06-21 10:30:04] Credit Warning SMS Yellow Zone log.INFO: Credit warning SMS sent to customer 16pappan [] []
[2020-06-21 10:30:04] Credit Warning SMS Yellow Zone log.INFO: Sending credit warning SMS to customer 115fairways [] []
[2020-06-21 10:30:04] Credit Warning SMS Yellow Zone log.INFO: Credit warning SMS sent to customer 115fairways [] []
[2020-06-21 10:30:04] Credit Warning SMS Yellow Zone log.INFO: Sending credit warning SMS to customer 65fairways [] []
[2020-06-21 10:30:04] Credit Warning SMS Yellow Zone log.INFO: Credit warning SMS sent to customer 65fairways [] []
[2020-06-21 10:30:04] Credit Warning SMS Yellow Zone log.INFO: Sending credit warning SMS to customer h10fairways [] []
[2020-06-21 10:30:04] Credit Warning SMS Yellow Zone log.INFO: Credit warning SMS sent to customer h10fairways [] []
[2020-06-21 10:30:04] Credit Warning SMS Yellow Zone log.INFO: Sending credit warning SMS to customer h18fairways [] []
[2020-06-21 10:30:04] Credit Warning SMS Yellow Zone log.INFO: Credit warning SMS sent to customer h18fairways [] []
[2020-06-21 10:30:04] Credit Warning SMS Yellow Zone log.INFO: Sending credit warning SMS to customer 54herberthill [] []
[2020-06-21 10:30:04] Credit Warning SMS Yellow Zone log.INFO: Credit warning SMS sent to customer 54herberthill [] []
[2020-06-21 10:30:04] Credit Warning SMS Yellow Zone log.INFO: Sending credit warning SMS to customer 6herberthill [] []
[2020-06-21 10:30:04] Credit Warning SMS Yellow Zone log.INFO: Credit warning SMS sent to customer 6herberthill [] []
[2020-06-21 10:30:04] Credit Warning SMS Yellow Zone log.INFO: Sending credit warning SMS to customer 57herberthill [] []
[2020-06-21 10:30:04] Credit Warning SMS Yellow Zone log.INFO: Credit warning SMS sent to customer 57herberthill [] []
[2020-06-21 10:30:04] Credit Warning SMS Yellow Zone log.INFO: Sent Credit warning SMS to 67 customers! [] []
