[2020-02-05 08:00:02] Credit Warning SMS Yellow Zone log.INFO: Sending credit warning SMS to customer 8brackenview [] []
[2020-02-05 08:00:02] Credit Warning SMS Yellow Zone log.INFO: Credit warning SMS sent to customer 8brackenview [] []
[2020-02-05 08:00:02] Credit Warning SMS Yellow Zone log.INFO: Sending credit warning SMS to customer 5sundayswell [] []
[2020-02-05 08:00:02] Credit Warning SMS Yellow Zone log.INFO: Credit warning SMS sent to customer 5sundayswell [] []
[2020-02-05 08:00:02] Credit Warning SMS Yellow Zone log.INFO: Sending credit warning SMS to customer 1garryknock [] []
[2020-02-05 08:00:02] Credit Warning SMS Yellow Zone log.INFO: Credit warning SMS sent to customer 1garryknock [] []
[2020-02-05 08:00:02] Credit Warning SMS Yellow Zone log.INFO: Sending credit warning SMS to customer 7garryknock [] []
[2020-02-05 08:00:02] Credit Warning SMS Yellow Zone log.INFO: Credit warning SMS sent to customer 7garryknock [] []
[2020-02-05 08:00:02] Credit Warning SMS Yellow Zone log.INFO: Sending credit warning SMS to customer 16sundayswell [] []
[2020-02-05 08:00:02] Credit Warning SMS Yellow Zone log.INFO: Credit warning SMS sent to customer 16sundayswell [] []
[2020-02-05 08:00:02] Credit Warning SMS Yellow Zone log.INFO: Sending credit warning SMS to customer 28Emerald [] []
[2020-02-05 08:00:02] Credit Warning SMS Yellow Zone log.INFO: Credit warning SMS sent to customer 28Emerald [] []
[2020-02-05 08:00:02] Credit Warning SMS Yellow Zone log.INFO: Sending credit warning SMS to customer 21Emerald [] []
[2020-02-05 08:00:02] Credit Warning SMS Yellow Zone log.INFO: Credit warning SMS sent to customer 21Emerald [] []
[2020-02-05 08:00:02] Credit Warning SMS Yellow Zone log.INFO: Sending credit warning SMS to customer 44Emerald [] []
[2020-02-05 08:00:02] Credit Warning SMS Yellow Zone log.INFO: Credit warning SMS sent to customer 44Emerald [] []
[2020-02-05 08:00:02] Credit Warning SMS Yellow Zone log.INFO: Sending credit warning SMS to customer 19Emerald [] []
[2020-02-05 08:00:02] Credit Warning SMS Yellow Zone log.INFO: Credit warning SMS sent to customer 19Emerald [] []
[2020-02-05 08:00:02] Credit Warning SMS Yellow Zone log.INFO: Sending credit warning SMS to customer 10Emerald [] []
[2020-02-05 08:00:02] Credit Warning SMS Yellow Zone log.INFO: Credit warning SMS sent to customer 10Emerald [] []
[2020-02-05 08:00:02] Credit Warning SMS Yellow Zone log.INFO: Sending credit warning SMS to customer 7Emerald [] []
[2020-02-05 08:00:02] Credit Warning SMS Yellow Zone log.INFO: Credit warning SMS sent to customer 7Emerald [] []
[2020-02-05 08:00:02] Credit Warning SMS Yellow Zone log.INFO: Sending credit warning SMS to customer 54Neptune [] []
[2020-02-05 08:00:02] Credit Warning SMS Yellow Zone log.INFO: Credit warning SMS sent to customer 54Neptune [] []
[2020-02-05 08:00:02] Credit Warning SMS Yellow Zone log.INFO: Sending credit warning SMS to customer 134Neptune [] []
[2020-02-05 08:00:02] Credit Warning SMS Yellow Zone log.INFO: Credit warning SMS sent to customer 134Neptune [] []
[2020-02-05 08:00:02] Credit Warning SMS Yellow Zone log.INFO: Sending credit warning SMS to customer 41Abbott [] []
[2020-02-05 08:00:02] Credit Warning SMS Yellow Zone log.INFO: Credit warning SMS sent to customer 41Abbott [] []
[2020-02-05 08:00:02] Credit Warning SMS Yellow Zone log.INFO: Sending credit warning SMS to customer 3Abbott [] []
[2020-02-05 08:00:02] Credit Warning SMS Yellow Zone log.INFO: Credit warning SMS sent to customer 3Abbott [] []
[2020-02-05 08:00:02] Credit Warning SMS Yellow Zone log.INFO: Sending credit warning SMS to customer 4Abbott [] []
[2020-02-05 08:00:02] Credit Warning SMS Yellow Zone log.INFO: Credit warning SMS sent to customer 4Abbott [] []
[2020-02-05 08:00:02] Credit Warning SMS Yellow Zone log.INFO: Sending credit warning SMS to customer 10Abbott [] []
[2020-02-05 08:00:03] Credit Warning SMS Yellow Zone log.INFO: Credit warning SMS sent to customer 10Abbott [] []
[2020-02-05 08:00:03] Credit Warning SMS Yellow Zone log.INFO: Sending credit warning SMS to customer 21Abbott [] []
[2020-02-05 08:00:03] Credit Warning SMS Yellow Zone log.INFO: Credit warning SMS sent to customer 21Abbott [] []
[2020-02-05 08:00:03] Credit Warning SMS Yellow Zone log.INFO: Sending credit warning SMS to customer 31Abbott [] []
[2020-02-05 08:00:03] Credit Warning SMS Yellow Zone log.INFO: Credit warning SMS sent to customer 31Abbott [] []
[2020-02-05 08:00:03] Credit Warning SMS Yellow Zone log.INFO: Sending credit warning SMS to customer 45Abbott [] []
[2020-02-05 08:00:03] Credit Warning SMS Yellow Zone log.INFO: Credit warning SMS sent to customer 45Abbott [] []
[2020-02-05 08:00:03] Credit Warning SMS Yellow Zone log.INFO: Sending credit warning SMS to customer 6Abbott [] []
[2020-02-05 08:00:03] Credit Warning SMS Yellow Zone log.INFO: Credit warning SMS sent to customer 6Abbott [] []
[2020-02-05 08:00:03] Credit Warning SMS Yellow Zone log.INFO: Sending credit warning SMS to customer 62Abbott [] []
[2020-02-05 08:00:03] Credit Warning SMS Yellow Zone log.INFO: Credit warning SMS sent to customer 62Abbott [] []
[2020-02-05 08:00:03] Credit Warning SMS Yellow Zone log.INFO: Sending credit warning SMS to customer 82Abbott [] []
[2020-02-05 08:00:03] Credit Warning SMS Yellow Zone log.INFO: Credit warning SMS sent to customer 82Abbott [] []
[2020-02-05 08:00:03] Credit Warning SMS Yellow Zone log.INFO: Sending credit warning SMS to customer 84Abbott [] []
[2020-02-05 08:00:03] Credit Warning SMS Yellow Zone log.INFO: Credit warning SMS sent to customer 84Abbott [] []
[2020-02-05 08:00:03] Credit Warning SMS Yellow Zone log.INFO: Sending credit warning SMS to customer 69Abbott [] []
[2020-02-05 08:00:03] Credit Warning SMS Yellow Zone log.INFO: Credit warning SMS sent to customer 69Abbott [] []
[2020-02-05 08:00:03] Credit Warning SMS Yellow Zone log.INFO: Sending credit warning SMS to customer 44Abbott [] []
[2020-02-05 08:00:03] Credit Warning SMS Yellow Zone log.INFO: Credit warning SMS sent to customer 44Abbott [] []
[2020-02-05 08:00:03] Credit Warning SMS Yellow Zone log.INFO: Sending credit warning SMS to customer 92Abbott [] []
[2020-02-05 08:00:03] Credit Warning SMS Yellow Zone log.INFO: Credit warning SMS sent to customer 92Abbott [] []
[2020-02-05 08:00:03] Credit Warning SMS Yellow Zone log.INFO: Sending credit warning SMS to customer 71Abbott [] []
[2020-02-05 08:00:03] Credit Warning SMS Yellow Zone log.INFO: Credit warning SMS sent to customer 71Abbott [] []
[2020-02-05 08:00:03] Credit Warning SMS Yellow Zone log.INFO: Sending credit warning SMS to customer 119Abbott [] []
[2020-02-05 08:00:03] Credit Warning SMS Yellow Zone log.INFO: Credit warning SMS sent to customer 119Abbott [] []
[2020-02-05 08:00:03] Credit Warning SMS Yellow Zone log.INFO: Sending credit warning SMS to customer 98Abbott [] []
[2020-02-05 08:00:03] Credit Warning SMS Yellow Zone log.INFO: Credit warning SMS sent to customer 98Abbott [] []
[2020-02-05 08:00:03] Credit Warning SMS Yellow Zone log.INFO: Sending credit warning SMS to customer 115Abbott [] []
[2020-02-05 08:00:03] Credit Warning SMS Yellow Zone log.INFO: Credit warning SMS sent to customer 115Abbott [] []
[2020-02-05 08:00:03] Credit Warning SMS Yellow Zone log.INFO: Sending credit warning SMS to customer 116Abbott [] []
[2020-02-05 08:00:03] Credit Warning SMS Yellow Zone log.INFO: Credit warning SMS sent to customer 116Abbott [] []
[2020-02-05 08:00:03] Credit Warning SMS Yellow Zone log.INFO: Sending credit warning SMS to customer 97Abbott [] []
[2020-02-05 08:00:03] Credit Warning SMS Yellow Zone log.INFO: Credit warning SMS sent to customer 97Abbott [] []
[2020-02-05 08:00:03] Credit Warning SMS Yellow Zone log.INFO: Sending credit warning SMS to customer 118Abbott [] []
[2020-02-05 08:00:03] Credit Warning SMS Yellow Zone log.INFO: Credit warning SMS sent to customer 118Abbott [] []
[2020-02-05 08:00:03] Credit Warning SMS Yellow Zone log.INFO: Sending credit warning SMS to customer 131abbott [] []
[2020-02-05 08:00:03] Credit Warning SMS Yellow Zone log.INFO: Credit warning SMS sent to customer 131abbott [] []
[2020-02-05 08:00:03] Credit Warning SMS Yellow Zone log.INFO: Sending credit warning SMS to customer 139abbott [] []
[2020-02-05 08:00:03] Credit Warning SMS Yellow Zone log.INFO: Credit warning SMS sent to customer 139abbott [] []
[2020-02-05 08:00:03] Credit Warning SMS Yellow Zone log.INFO: Sending credit warning SMS to customer 141abbott [] []
[2020-02-05 08:00:03] Credit Warning SMS Yellow Zone log.INFO: Credit warning SMS sent to customer 141abbott [] []
[2020-02-05 08:00:03] Credit Warning SMS Yellow Zone log.INFO: Sending credit warning SMS to customer 136abbott [] []
[2020-02-05 08:00:03] Credit Warning SMS Yellow Zone log.INFO: Credit warning SMS sent to customer 136abbott [] []
[2020-02-05 08:00:03] Credit Warning SMS Yellow Zone log.INFO: Sending credit warning SMS to customer 145abbott [] []
[2020-02-05 08:00:03] Credit Warning SMS Yellow Zone log.INFO: Credit warning SMS sent to customer 145abbott [] []
[2020-02-05 08:00:03] Credit Warning SMS Yellow Zone log.INFO: Sending credit warning SMS to customer 143abbott [] []
[2020-02-05 08:00:03] Credit Warning SMS Yellow Zone log.INFO: Credit warning SMS sent to customer 143abbott [] []
[2020-02-05 08:00:03] Credit Warning SMS Yellow Zone log.INFO: Sending credit warning SMS to customer 164abbott [] []
[2020-02-05 08:00:03] Credit Warning SMS Yellow Zone log.INFO: Credit warning SMS sent to customer 164abbott [] []
[2020-02-05 08:00:03] Credit Warning SMS Yellow Zone log.INFO: Sending credit warning SMS to customer 147abbott [] []
[2020-02-05 08:00:03] Credit Warning SMS Yellow Zone log.INFO: Credit warning SMS sent to customer 147abbott [] []
[2020-02-05 08:00:03] Credit Warning SMS Yellow Zone log.INFO: Sending credit warning SMS to customer 21GreenBank [] []
[2020-02-05 08:00:03] Credit Warning SMS Yellow Zone log.INFO: Credit warning SMS sent to customer 21GreenBank [] []
[2020-02-05 08:00:03] Credit Warning SMS Yellow Zone log.INFO: Sending credit warning SMS to customer 138abbott [] []
[2020-02-05 08:00:03] Credit Warning SMS Yellow Zone log.INFO: Credit warning SMS sent to customer 138abbott [] []
[2020-02-05 08:00:03] Credit Warning SMS Yellow Zone log.INFO: Sending credit warning SMS to customer 165abbott [] []
[2020-02-05 08:00:03] Credit Warning SMS Yellow Zone log.INFO: Credit warning SMS sent to customer 165abbott [] []
[2020-02-05 08:00:03] Credit Warning SMS Yellow Zone log.INFO: Sending credit warning SMS to customer 3GreenBank [] []
[2020-02-05 08:00:04] Credit Warning SMS Yellow Zone log.INFO: Credit warning SMS sent to customer 3GreenBank [] []
[2020-02-05 08:00:04] Credit Warning SMS Yellow Zone log.INFO: Sending credit warning SMS to customer 3eustace [] []
[2020-02-05 08:00:04] Credit Warning SMS Yellow Zone log.INFO: Credit warning SMS sent to customer 3eustace [] []
[2020-02-05 08:00:04] Credit Warning SMS Yellow Zone log.INFO: Sending credit warning SMS to customer 156leona [] []
[2020-02-05 08:00:04] Credit Warning SMS Yellow Zone log.INFO: Credit warning SMS sent to customer 156leona [] []
[2020-02-05 08:00:04] Credit Warning SMS Yellow Zone log.INFO: Sending credit warning SMS to customer 23leona [] []
[2020-02-05 08:00:04] Credit Warning SMS Yellow Zone log.INFO: Credit warning SMS sent to customer 23leona [] []
[2020-02-05 08:00:04] Credit Warning SMS Yellow Zone log.INFO: Sending credit warning SMS to customer 113leona [] []
[2020-02-05 08:00:04] Credit Warning SMS Yellow Zone log.INFO: Credit warning SMS sent to customer 113leona [] []
[2020-02-05 08:00:04] Credit Warning SMS Yellow Zone log.INFO: Sending credit warning SMS to customer 4leona [] []
[2020-02-05 08:00:04] Credit Warning SMS Yellow Zone log.INFO: Credit warning SMS sent to customer 4leona [] []
[2020-02-05 08:00:04] Credit Warning SMS Yellow Zone log.INFO: Sending credit warning SMS to customer 77leona [] []
[2020-02-05 08:00:04] Credit Warning SMS Yellow Zone log.INFO: Credit warning SMS sent to customer 77leona [] []
[2020-02-05 08:00:04] Credit Warning SMS Yellow Zone log.INFO: Sending credit warning SMS to customer 122charlotte [] []
[2020-02-05 08:00:04] Credit Warning SMS Yellow Zone log.INFO: Credit warning SMS sent to customer 122charlotte [] []
[2020-02-05 08:00:04] Credit Warning SMS Yellow Zone log.INFO: Sending credit warning SMS to customer 117charlotte [] []
[2020-02-05 08:00:04] Credit Warning SMS Yellow Zone log.INFO: Credit warning SMS sent to customer 117charlotte [] []
[2020-02-05 08:00:04] Credit Warning SMS Yellow Zone log.INFO: Sending credit warning SMS to customer 15charlotte [] []
[2020-02-05 08:00:04] Credit Warning SMS Yellow Zone log.INFO: Credit warning SMS sent to customer 15charlotte [] []
[2020-02-05 08:00:04] Credit Warning SMS Yellow Zone log.INFO: Sending credit warning SMS to customer 16charlotte [] []
[2020-02-05 08:00:04] Credit Warning SMS Yellow Zone log.INFO: Credit warning SMS sent to customer 16charlotte [] []
[2020-02-05 08:00:04] Credit Warning SMS Yellow Zone log.INFO: Sending credit warning SMS to customer 30charlotte [] []
[2020-02-05 08:00:04] Credit Warning SMS Yellow Zone log.INFO: Credit warning SMS sent to customer 30charlotte [] []
[2020-02-05 08:00:04] Credit Warning SMS Yellow Zone log.INFO: Sending credit warning SMS to customer 29charlotte [] []
[2020-02-05 08:00:04] Credit Warning SMS Yellow Zone log.INFO: Credit warning SMS sent to customer 29charlotte [] []
[2020-02-05 08:00:04] Credit Warning SMS Yellow Zone log.INFO: Sending credit warning SMS to customer 52charlotte [] []
[2020-02-05 08:00:04] Credit Warning SMS Yellow Zone log.INFO: Credit warning SMS sent to customer 52charlotte [] []
[2020-02-05 08:00:04] Credit Warning SMS Yellow Zone log.INFO: Sending credit warning SMS to customer 48charlotte [] []
[2020-02-05 08:00:04] Credit Warning SMS Yellow Zone log.INFO: Credit warning SMS sent to customer 48charlotte [] []
[2020-02-05 08:00:04] Credit Warning SMS Yellow Zone log.INFO: Sending credit warning SMS to customer 36charlotte [] []
[2020-02-05 08:00:04] Credit Warning SMS Yellow Zone log.INFO: Credit warning SMS sent to customer 36charlotte [] []
[2020-02-05 08:00:04] Credit Warning SMS Yellow Zone log.INFO: Sending credit warning SMS to customer 81charlotte [] []
[2020-02-05 08:00:04] Credit Warning SMS Yellow Zone log.INFO: Credit warning SMS sent to customer 81charlotte [] []
[2020-02-05 08:00:04] Credit Warning SMS Yellow Zone log.INFO: Sending credit warning SMS to customer 140charlotte [] []
[2020-02-05 08:00:04] Credit Warning SMS Yellow Zone log.INFO: Credit warning SMS sent to customer 140charlotte [] []
[2020-02-05 08:00:04] Credit Warning SMS Yellow Zone log.INFO: Sending credit warning SMS to customer 155charlotte [] []
[2020-02-05 08:00:04] Credit Warning SMS Yellow Zone log.INFO: Credit warning SMS sent to customer 155charlotte [] []
[2020-02-05 08:00:04] Credit Warning SMS Yellow Zone log.INFO: Sending credit warning SMS to customer 115charlotte [] []
[2020-02-05 08:00:04] Credit Warning SMS Yellow Zone log.INFO: Credit warning SMS sent to customer 115charlotte [] []
[2020-02-05 08:00:04] Credit Warning SMS Yellow Zone log.INFO: Sending credit warning SMS to customer 6bridgefield [] []
[2020-02-05 08:00:04] Credit Warning SMS Yellow Zone log.INFO: Credit warning SMS sent to customer 6bridgefield [] []
[2020-02-05 08:00:04] Credit Warning SMS Yellow Zone log.INFO: Sending credit warning SMS to customer 13bridgefield [] []
[2020-02-05 08:00:04] Credit Warning SMS Yellow Zone log.INFO: Credit warning SMS sent to customer 13bridgefield [] []
[2020-02-05 08:00:04] Credit Warning SMS Yellow Zone log.INFO: Sending credit warning SMS to customer 5bridgefield [] []
[2020-02-05 08:00:04] Credit Warning SMS Yellow Zone log.INFO: Credit warning SMS sent to customer 5bridgefield [] []
[2020-02-05 08:00:04] Credit Warning SMS Yellow Zone log.INFO: Sending credit warning SMS to customer 70bridgefield [] []
[2020-02-05 08:00:04] Credit Warning SMS Yellow Zone log.INFO: Credit warning SMS sent to customer 70bridgefield [] []
[2020-02-05 08:00:04] Credit Warning SMS Yellow Zone log.INFO: Sending credit warning SMS to customer 65bridgefield [] []
[2020-02-05 08:00:04] Credit Warning SMS Yellow Zone log.INFO: Credit warning SMS sent to customer 65bridgefield [] []
[2020-02-05 08:00:04] Credit Warning SMS Yellow Zone log.INFO: Sending credit warning SMS to customer 106bridgefield [] []
[2020-02-05 08:00:05] Credit Warning SMS Yellow Zone log.INFO: Credit warning SMS sent to customer 106bridgefield [] []
[2020-02-05 08:00:05] Credit Warning SMS Yellow Zone log.INFO: Sending credit warning SMS to customer 58bridgefield [] []
[2020-02-05 08:00:05] Credit Warning SMS Yellow Zone log.INFO: Credit warning SMS sent to customer 58bridgefield [] []
[2020-02-05 08:00:05] Credit Warning SMS Yellow Zone log.INFO: Sending credit warning SMS to customer 72bridgefield [] []
[2020-02-05 08:00:05] Credit Warning SMS Yellow Zone log.INFO: Credit warning SMS sent to customer 72bridgefield [] []
[2020-02-05 08:00:05] Credit Warning SMS Yellow Zone log.INFO: Sending credit warning SMS to customer 62bridgefield [] []
[2020-02-05 08:00:05] Credit Warning SMS Yellow Zone log.INFO: Credit warning SMS sent to customer 62bridgefield [] []
[2020-02-05 08:00:05] Credit Warning SMS Yellow Zone log.INFO: Sending credit warning SMS to customer 143fairways [] []
[2020-02-05 08:00:05] Credit Warning SMS Yellow Zone log.INFO: Credit warning SMS sent to customer 143fairways [] []
[2020-02-05 08:00:05] Credit Warning SMS Yellow Zone log.INFO: Sending credit warning SMS to customer 147fairways [] []
[2020-02-05 08:00:05] Credit Warning SMS Yellow Zone log.INFO: Credit warning SMS sent to customer 147fairways [] []
[2020-02-05 08:00:05] Credit Warning SMS Yellow Zone log.INFO: Sending credit warning SMS to customer 12fairways [] []
[2020-02-05 08:00:05] Credit Warning SMS Yellow Zone log.INFO: Credit warning SMS sent to customer 12fairways [] []
[2020-02-05 08:00:05] Credit Warning SMS Yellow Zone log.INFO: Sending credit warning SMS to customer 62fairways [] []
[2020-02-05 08:00:05] Credit Warning SMS Yellow Zone log.INFO: Credit warning SMS sent to customer 62fairways [] []
[2020-02-05 08:00:05] Credit Warning SMS Yellow Zone log.INFO: Sending credit warning SMS to customer 11fairways [] []
[2020-02-05 08:00:05] Credit Warning SMS Yellow Zone log.INFO: Credit warning SMS sent to customer 11fairways [] []
[2020-02-05 08:00:05] Credit Warning SMS Yellow Zone log.INFO: Sending credit warning SMS to customer 2herberthill [] []
[2020-02-05 08:00:05] Credit Warning SMS Yellow Zone log.INFO: Credit warning SMS sent to customer 2herberthill [] []
[2020-02-05 08:00:05] Credit Warning SMS Yellow Zone log.INFO: Sending credit warning SMS to customer 20herberthill [] []
[2020-02-05 08:00:05] Credit Warning SMS Yellow Zone log.INFO: Credit warning SMS sent to customer 20herberthill [] []
[2020-02-05 08:00:05] Credit Warning SMS Yellow Zone log.INFO: Sent Credit warning SMS to 81 customers! [] []
