[2020-07-03 08:00:01] Credit Warning SMS Yellow Zone log.INFO: Sending credit warning SMS to customer 12sundayswell [] []
[2020-07-03 08:00:01] Credit Warning SMS Yellow Zone log.INFO: Credit warning SMS sent to customer 12sundayswell [] []
[2020-07-03 08:00:01] Credit Warning SMS Yellow Zone log.INFO: Sending credit warning SMS to customer 3sundayswell [] []
[2020-07-03 08:00:01] Credit Warning SMS Yellow Zone log.INFO: Credit warning SMS sent to customer 3sundayswell [] []
[2020-07-03 08:00:01] Credit Warning SMS Yellow Zone log.INFO: Sending credit warning SMS to customer 6garryknock [] []
[2020-07-03 08:00:01] Credit Warning SMS Yellow Zone log.INFO: Credit warning SMS sent to customer 6garryknock [] []
[2020-07-03 08:00:01] Credit Warning SMS Yellow Zone log.INFO: Sending credit warning SMS to customer 7garryknock [] []
[2020-07-03 08:00:01] Credit Warning SMS Yellow Zone log.INFO: Credit warning SMS sent to customer 7garryknock [] []
[2020-07-03 08:00:01] Credit Warning SMS Yellow Zone log.INFO: Sending credit warning SMS to customer 19garryknock [] []
[2020-07-03 08:00:01] Credit Warning SMS Yellow Zone log.INFO: Credit warning SMS sent to customer 19garryknock [] []
[2020-07-03 08:00:01] Credit Warning SMS Yellow Zone log.INFO: Sending credit warning SMS to customer 11brackenview [] []
[2020-07-03 08:00:02] Credit Warning SMS Yellow Zone log.INFO: Credit warning SMS sent to customer 11brackenview [] []
[2020-07-03 08:00:02] Credit Warning SMS Yellow Zone log.INFO: Sending credit warning SMS to customer 2brackenview [] []
[2020-07-03 08:00:02] Credit Warning SMS Yellow Zone log.INFO: Credit warning SMS sent to customer 2brackenview [] []
[2020-07-03 08:00:02] Credit Warning SMS Yellow Zone log.INFO: Sending credit warning SMS to customer 7Emerald [] []
[2020-07-03 08:00:02] Credit Warning SMS Yellow Zone log.INFO: Credit warning SMS sent to customer 7Emerald [] []
[2020-07-03 08:00:02] Credit Warning SMS Yellow Zone log.INFO: Sending credit warning SMS to customer 10neptune [] []
[2020-07-03 08:00:02] Credit Warning SMS Yellow Zone log.INFO: Credit warning SMS sent to customer 10neptune [] []
[2020-07-03 08:00:02] Credit Warning SMS Yellow Zone log.INFO: Sending credit warning SMS to customer 174neptune [] []
[2020-07-03 08:00:02] Credit Warning SMS Yellow Zone log.INFO: Credit warning SMS sent to customer 174neptune [] []
[2020-07-03 08:00:02] Credit Warning SMS Yellow Zone log.INFO: Sending credit warning SMS to customer 177neptune [] []
[2020-07-03 08:00:02] Credit Warning SMS Yellow Zone log.INFO: Credit warning SMS sent to customer 177neptune [] []
[2020-07-03 08:00:02] Credit Warning SMS Yellow Zone log.INFO: Sending credit warning SMS to customer 159Neptune [] []
[2020-07-03 08:00:02] Credit Warning SMS Yellow Zone log.INFO: Credit warning SMS sent to customer 159Neptune [] []
[2020-07-03 08:00:02] Credit Warning SMS Yellow Zone log.INFO: Sending credit warning SMS to customer 69Neptune [] []
[2020-07-03 08:00:02] Credit Warning SMS Yellow Zone log.INFO: Credit warning SMS sent to customer 69Neptune [] []
[2020-07-03 08:00:02] Credit Warning SMS Yellow Zone log.INFO: Sending credit warning SMS to customer 153Neptune [] []
[2020-07-03 08:00:02] Credit Warning SMS Yellow Zone log.INFO: Credit warning SMS sent to customer 153Neptune [] []
[2020-07-03 08:00:02] Credit Warning SMS Yellow Zone log.INFO: Sending credit warning SMS to customer 68Neptune [] []
[2020-07-03 08:00:02] Credit Warning SMS Yellow Zone log.INFO: Credit warning SMS sent to customer 68Neptune [] []
[2020-07-03 08:00:02] Credit Warning SMS Yellow Zone log.INFO: Sending credit warning SMS to customer 186neptune [] []
[2020-07-03 08:00:02] Credit Warning SMS Yellow Zone log.INFO: Credit warning SMS sent to customer 186neptune [] []
[2020-07-03 08:00:02] Credit Warning SMS Yellow Zone log.INFO: Sending credit warning SMS to customer 111Neptune [] []
[2020-07-03 08:00:02] Credit Warning SMS Yellow Zone log.INFO: Credit warning SMS sent to customer 111Neptune [] []
[2020-07-03 08:00:02] Credit Warning SMS Yellow Zone log.INFO: Sending credit warning SMS to customer 21neptune [] []
[2020-07-03 08:00:02] Credit Warning SMS Yellow Zone log.INFO: Credit warning SMS sent to customer 21neptune [] []
[2020-07-03 08:00:02] Credit Warning SMS Yellow Zone log.INFO: Sending credit warning SMS to customer 39neptune [] []
[2020-07-03 08:00:02] Credit Warning SMS Yellow Zone log.INFO: Credit warning SMS sent to customer 39neptune [] []
[2020-07-03 08:00:02] Credit Warning SMS Yellow Zone log.INFO: Sending credit warning SMS to customer 32neptune [] []
[2020-07-03 08:00:02] Credit Warning SMS Yellow Zone log.INFO: Credit warning SMS sent to customer 32neptune [] []
[2020-07-03 08:00:02] Credit Warning SMS Yellow Zone log.INFO: Sending credit warning SMS to customer 20neptune [] []
[2020-07-03 08:00:02] Credit Warning SMS Yellow Zone log.INFO: Credit warning SMS sent to customer 20neptune [] []
[2020-07-03 08:00:02] Credit Warning SMS Yellow Zone log.INFO: Sending credit warning SMS to customer 55Neptune [] []
[2020-07-03 08:00:02] Credit Warning SMS Yellow Zone log.INFO: Credit warning SMS sent to customer 55Neptune [] []
[2020-07-03 08:00:02] Credit Warning SMS Yellow Zone log.INFO: Sending credit warning SMS to customer 92Neptune [] []
[2020-07-03 08:00:02] Credit Warning SMS Yellow Zone log.INFO: Credit warning SMS sent to customer 92Neptune [] []
[2020-07-03 08:00:02] Credit Warning SMS Yellow Zone log.INFO: Sending credit warning SMS to customer 41Abbott [] []
[2020-07-03 08:00:02] Credit Warning SMS Yellow Zone log.INFO: Credit warning SMS sent to customer 41Abbott [] []
[2020-07-03 08:00:02] Credit Warning SMS Yellow Zone log.INFO: Sending credit warning SMS to customer 10Abbott [] []
[2020-07-03 08:00:02] Credit Warning SMS Yellow Zone log.INFO: Credit warning SMS sent to customer 10Abbott [] []
[2020-07-03 08:00:02] Credit Warning SMS Yellow Zone log.INFO: Sending credit warning SMS to customer 15Abbott [] []
[2020-07-03 08:00:02] Credit Warning SMS Yellow Zone log.INFO: Credit warning SMS sent to customer 15Abbott [] []
[2020-07-03 08:00:02] Credit Warning SMS Yellow Zone log.INFO: Sending credit warning SMS to customer 31Abbott [] []
[2020-07-03 08:00:02] Credit Warning SMS Yellow Zone log.INFO: Credit warning SMS sent to customer 31Abbott [] []
[2020-07-03 08:00:02] Credit Warning SMS Yellow Zone log.INFO: Sending credit warning SMS to customer 36Abbott [] []
[2020-07-03 08:00:02] Credit Warning SMS Yellow Zone log.INFO: Credit warning SMS sent to customer 36Abbott [] []
[2020-07-03 08:00:02] Credit Warning SMS Yellow Zone log.INFO: Sending credit warning SMS to customer 45Abbott [] []
[2020-07-03 08:00:02] Credit Warning SMS Yellow Zone log.INFO: Credit warning SMS sent to customer 45Abbott [] []
[2020-07-03 08:00:02] Credit Warning SMS Yellow Zone log.INFO: Sending credit warning SMS to customer 30Abbott [] []
[2020-07-03 08:00:02] Credit Warning SMS Yellow Zone log.INFO: Credit warning SMS sent to customer 30Abbott [] []
[2020-07-03 08:00:02] Credit Warning SMS Yellow Zone log.INFO: Sending credit warning SMS to customer 6Abbott [] []
[2020-07-03 08:00:02] Credit Warning SMS Yellow Zone log.INFO: Credit warning SMS sent to customer 6Abbott [] []
[2020-07-03 08:00:02] Credit Warning SMS Yellow Zone log.INFO: Sending credit warning SMS to customer 59Abbott [] []
[2020-07-03 08:00:02] Credit Warning SMS Yellow Zone log.INFO: Credit warning SMS sent to customer 59Abbott [] []
[2020-07-03 08:00:02] Credit Warning SMS Yellow Zone log.INFO: Sending credit warning SMS to customer 68Abbott [] []
[2020-07-03 08:00:02] Credit Warning SMS Yellow Zone log.INFO: Credit warning SMS sent to customer 68Abbott [] []
[2020-07-03 08:00:02] Credit Warning SMS Yellow Zone log.INFO: Sending credit warning SMS to customer 84Abbott [] []
[2020-07-03 08:00:03] Credit Warning SMS Yellow Zone log.INFO: Credit warning SMS sent to customer 84Abbott [] []
[2020-07-03 08:00:03] Credit Warning SMS Yellow Zone log.INFO: Sending credit warning SMS to customer 71Abbott [] []
[2020-07-03 08:00:03] Credit Warning SMS Yellow Zone log.INFO: Credit warning SMS sent to customer 71Abbott [] []
[2020-07-03 08:00:03] Credit Warning SMS Yellow Zone log.INFO: Sending credit warning SMS to customer 108Abbott [] []
[2020-07-03 08:00:03] Credit Warning SMS Yellow Zone log.INFO: Credit warning SMS sent to customer 108Abbott [] []
[2020-07-03 08:00:03] Credit Warning SMS Yellow Zone log.INFO: Sending credit warning SMS to customer 111Abbott [] []
[2020-07-03 08:00:03] Credit Warning SMS Yellow Zone log.INFO: Credit warning SMS sent to customer 111Abbott [] []
[2020-07-03 08:00:03] Credit Warning SMS Yellow Zone log.INFO: Sending credit warning SMS to customer 119Abbott [] []
[2020-07-03 08:00:03] Credit Warning SMS Yellow Zone log.INFO: Credit warning SMS sent to customer 119Abbott [] []
[2020-07-03 08:00:03] Credit Warning SMS Yellow Zone log.INFO: Sending credit warning SMS to customer 97Abbott [] []
[2020-07-03 08:00:03] Credit Warning SMS Yellow Zone log.INFO: Credit warning SMS sent to customer 97Abbott [] []
[2020-07-03 08:00:03] Credit Warning SMS Yellow Zone log.INFO: Sending credit warning SMS to customer 141abbott [] []
[2020-07-03 08:00:03] Credit Warning SMS Yellow Zone log.INFO: Credit warning SMS sent to customer 141abbott [] []
[2020-07-03 08:00:03] Credit Warning SMS Yellow Zone log.INFO: Sending credit warning SMS to customer 168abbott [] []
[2020-07-03 08:00:03] Credit Warning SMS Yellow Zone log.INFO: Credit warning SMS sent to customer 168abbott [] []
[2020-07-03 08:00:03] Credit Warning SMS Yellow Zone log.INFO: Sending credit warning SMS to customer 187abbott [] []
[2020-07-03 08:00:03] Credit Warning SMS Yellow Zone log.INFO: Credit warning SMS sent to customer 187abbott [] []
[2020-07-03 08:00:03] Credit Warning SMS Yellow Zone log.INFO: Sending credit warning SMS to customer 183abbott [] []
[2020-07-03 08:00:03] Credit Warning SMS Yellow Zone log.INFO: Credit warning SMS sent to customer 183abbott [] []
[2020-07-03 08:00:03] Credit Warning SMS Yellow Zone log.INFO: Sending credit warning SMS to customer 188abbott [] []
[2020-07-03 08:00:03] Credit Warning SMS Yellow Zone log.INFO: Credit warning SMS sent to customer 188abbott [] []
[2020-07-03 08:00:03] Credit Warning SMS Yellow Zone log.INFO: Sending credit warning SMS to customer 131abbott [] []
[2020-07-03 08:00:03] Credit Warning SMS Yellow Zone log.INFO: Credit warning SMS sent to customer 131abbott [] []
[2020-07-03 08:00:03] Credit Warning SMS Yellow Zone log.INFO: Sending credit warning SMS to customer 63eustace [] []
[2020-07-03 08:00:03] Credit Warning SMS Yellow Zone log.INFO: Credit warning SMS sent to customer 63eustace [] []
[2020-07-03 08:00:03] Credit Warning SMS Yellow Zone log.INFO: Sending credit warning SMS to customer 77eustace [] []
[2020-07-03 08:00:03] Credit Warning SMS Yellow Zone log.INFO: Credit warning SMS sent to customer 77eustace [] []
[2020-07-03 08:00:03] Credit Warning SMS Yellow Zone log.INFO: Sending credit warning SMS to customer 87eustace [] []
[2020-07-03 08:00:03] Credit Warning SMS Yellow Zone log.INFO: Credit warning SMS sent to customer 87eustace [] []
[2020-07-03 08:00:03] Credit Warning SMS Yellow Zone log.INFO: Sending credit warning SMS to customer 36eustace [] []
[2020-07-03 08:00:03] Credit Warning SMS Yellow Zone log.INFO: Credit warning SMS sent to customer 36eustace [] []
[2020-07-03 08:00:03] Credit Warning SMS Yellow Zone log.INFO: Sending credit warning SMS to customer 16eustace [] []
[2020-07-03 08:00:03] Credit Warning SMS Yellow Zone log.INFO: Credit warning SMS sent to customer 16eustace [] []
[2020-07-03 08:00:03] Credit Warning SMS Yellow Zone log.INFO: Sending credit warning SMS to customer 31leona [] []
[2020-07-03 08:00:03] Credit Warning SMS Yellow Zone log.INFO: Credit warning SMS sent to customer 31leona [] []
[2020-07-03 08:00:03] Credit Warning SMS Yellow Zone log.INFO: Sending credit warning SMS to customer 39leona [] []
[2020-07-03 08:00:03] Credit Warning SMS Yellow Zone log.INFO: Credit warning SMS sent to customer 39leona [] []
[2020-07-03 08:00:03] Credit Warning SMS Yellow Zone log.INFO: Sending credit warning SMS to customer 133leona [] []
[2020-07-03 08:00:03] Credit Warning SMS Yellow Zone log.INFO: Credit warning SMS sent to customer 133leona [] []
[2020-07-03 08:00:03] Credit Warning SMS Yellow Zone log.INFO: Sending credit warning SMS to customer 88leona [] []
[2020-07-03 08:00:03] Credit Warning SMS Yellow Zone log.INFO: Credit warning SMS sent to customer 88leona [] []
[2020-07-03 08:00:03] Credit Warning SMS Yellow Zone log.INFO: Sending credit warning SMS to customer 128leona [] []
[2020-07-03 08:00:03] Credit Warning SMS Yellow Zone log.INFO: Credit warning SMS sent to customer 128leona [] []
[2020-07-03 08:00:03] Credit Warning SMS Yellow Zone log.INFO: Sending credit warning SMS to customer 127charlotte [] []
[2020-07-03 08:00:03] Credit Warning SMS Yellow Zone log.INFO: Credit warning SMS sent to customer 127charlotte [] []
[2020-07-03 08:00:03] Credit Warning SMS Yellow Zone log.INFO: Sending credit warning SMS to customer 131charlotte [] []
[2020-07-03 08:00:03] Credit Warning SMS Yellow Zone log.INFO: Credit warning SMS sent to customer 131charlotte [] []
[2020-07-03 08:00:03] Credit Warning SMS Yellow Zone log.INFO: Sending credit warning SMS to customer 114charlotte [] []
[2020-07-03 08:00:03] Credit Warning SMS Yellow Zone log.INFO: Credit warning SMS sent to customer 114charlotte [] []
[2020-07-03 08:00:03] Credit Warning SMS Yellow Zone log.INFO: Sending credit warning SMS to customer 2charlotte [] []
[2020-07-03 08:00:03] Credit Warning SMS Yellow Zone log.INFO: Credit warning SMS sent to customer 2charlotte [] []
[2020-07-03 08:00:03] Credit Warning SMS Yellow Zone log.INFO: Sending credit warning SMS to customer 18charlotte [] []
[2020-07-03 08:00:03] Credit Warning SMS Yellow Zone log.INFO: Credit warning SMS sent to customer 18charlotte [] []
[2020-07-03 08:00:03] Credit Warning SMS Yellow Zone log.INFO: Sending credit warning SMS to customer 13charlotte [] []
[2020-07-03 08:00:03] Credit Warning SMS Yellow Zone log.INFO: Credit warning SMS sent to customer 13charlotte [] []
[2020-07-03 08:00:03] Credit Warning SMS Yellow Zone log.INFO: Sending credit warning SMS to customer 157charlotte [] []
[2020-07-03 08:00:03] Credit Warning SMS Yellow Zone log.INFO: Credit warning SMS sent to customer 157charlotte [] []
[2020-07-03 08:00:03] Credit Warning SMS Yellow Zone log.INFO: Sending credit warning SMS to customer 115charlotte [] []
[2020-07-03 08:00:03] Credit Warning SMS Yellow Zone log.INFO: Credit warning SMS sent to customer 115charlotte [] []
[2020-07-03 08:00:03] Credit Warning SMS Yellow Zone log.INFO: Sending credit warning SMS to customer 149charlotte [] []
[2020-07-03 08:00:04] Credit Warning SMS Yellow Zone log.INFO: Credit warning SMS sent to customer 149charlotte [] []
[2020-07-03 08:00:04] Credit Warning SMS Yellow Zone log.INFO: Sending credit warning SMS to customer 25bridgefield [] []
[2020-07-03 08:00:04] Credit Warning SMS Yellow Zone log.INFO: Credit warning SMS sent to customer 25bridgefield [] []
[2020-07-03 08:00:04] Credit Warning SMS Yellow Zone log.INFO: Sending credit warning SMS to customer 16bridgefield [] []
[2020-07-03 08:00:04] Credit Warning SMS Yellow Zone log.INFO: Credit warning SMS sent to customer 16bridgefield [] []
[2020-07-03 08:00:04] Credit Warning SMS Yellow Zone log.INFO: Sending credit warning SMS to customer 15bridgefield [] []
[2020-07-03 08:00:04] Credit Warning SMS Yellow Zone log.INFO: Credit warning SMS sent to customer 15bridgefield [] []
[2020-07-03 08:00:04] Credit Warning SMS Yellow Zone log.INFO: Sending credit warning SMS to customer 75bridgefield [] []
[2020-07-03 08:00:04] Credit Warning SMS Yellow Zone log.INFO: Credit warning SMS sent to customer 75bridgefield [] []
[2020-07-03 08:00:04] Credit Warning SMS Yellow Zone log.INFO: Sending credit warning SMS to customer 183bridgefield [] []
[2020-07-03 08:00:04] Credit Warning SMS Yellow Zone log.INFO: Credit warning SMS sent to customer 183bridgefield [] []
[2020-07-03 08:00:04] Credit Warning SMS Yellow Zone log.INFO: Sending credit warning SMS to customer 155bridgefield [] []
[2020-07-03 08:00:04] Credit Warning SMS Yellow Zone log.INFO: Credit warning SMS sent to customer 155bridgefield [] []
[2020-07-03 08:00:04] Credit Warning SMS Yellow Zone log.INFO: Sending credit warning SMS to customer 28bridgefield [] []
[2020-07-03 08:00:04] Credit Warning SMS Yellow Zone log.INFO: Credit warning SMS sent to customer 28bridgefield [] []
[2020-07-03 08:00:04] Credit Warning SMS Yellow Zone log.INFO: Sending credit warning SMS to customer 21pappan [] []
[2020-07-03 08:00:04] Credit Warning SMS Yellow Zone log.INFO: Credit warning SMS sent to customer 21pappan [] []
[2020-07-03 08:00:04] Credit Warning SMS Yellow Zone log.INFO: Sending credit warning SMS to customer 133fairways [] []
[2020-07-03 08:00:04] Credit Warning SMS Yellow Zone log.INFO: Credit warning SMS sent to customer 133fairways [] []
[2020-07-03 08:00:04] Credit Warning SMS Yellow Zone log.INFO: Sending credit warning SMS to customer 75fairways [] []
[2020-07-03 08:00:04] Credit Warning SMS Yellow Zone log.INFO: Credit warning SMS sent to customer 75fairways [] []
[2020-07-03 08:00:04] Credit Warning SMS Yellow Zone log.INFO: Sending credit warning SMS to customer 9fairways [] []
[2020-07-03 08:00:04] Credit Warning SMS Yellow Zone log.INFO: Credit warning SMS sent to customer 9fairways [] []
[2020-07-03 08:00:04] Credit Warning SMS Yellow Zone log.INFO: Sending credit warning SMS to customer h42fairways [] []
[2020-07-03 08:00:04] Credit Warning SMS Yellow Zone log.INFO: Credit warning SMS sent to customer h42fairways [] []
[2020-07-03 08:00:04] Credit Warning SMS Yellow Zone log.INFO: Sending credit warning SMS to customer h48fairways [] []
[2020-07-03 08:00:04] Credit Warning SMS Yellow Zone log.INFO: Credit warning SMS sent to customer h48fairways [] []
[2020-07-03 08:00:04] Credit Warning SMS Yellow Zone log.INFO: Sending credit warning SMS to customer h29fairways [] []
[2020-07-03 08:00:04] Credit Warning SMS Yellow Zone log.INFO: Credit warning SMS sent to customer h29fairways [] []
[2020-07-03 08:00:04] Credit Warning SMS Yellow Zone log.INFO: Sending credit warning SMS to customer 36herberthill [] []
[2020-07-03 08:00:04] Credit Warning SMS Yellow Zone log.INFO: Credit warning SMS sent to customer 36herberthill [] []
[2020-07-03 08:00:04] Credit Warning SMS Yellow Zone log.INFO: Sending credit warning SMS to customer 24herberthill [] []
[2020-07-03 08:00:04] Credit Warning SMS Yellow Zone log.INFO: Credit warning SMS sent to customer 24herberthill [] []
[2020-07-03 08:00:04] Credit Warning SMS Yellow Zone log.INFO: Sending credit warning SMS to customer 61herberthill [] []
[2020-07-03 08:00:04] Credit Warning SMS Yellow Zone log.INFO: Credit warning SMS sent to customer 61herberthill [] []
[2020-07-03 08:00:04] Credit Warning SMS Yellow Zone log.INFO: Sending credit warning SMS to customer 42herberthill [] []
[2020-07-03 08:00:04] Credit Warning SMS Yellow Zone log.INFO: Credit warning SMS sent to customer 42herberthill [] []
[2020-07-03 08:00:04] Credit Warning SMS Yellow Zone log.INFO: Sending credit warning SMS to customer 2marina [] []
[2020-07-03 08:00:04] Credit Warning SMS Yellow Zone log.INFO: Credit warning SMS sent to customer 2marina [] []
[2020-07-03 08:00:04] Credit Warning SMS Yellow Zone log.INFO: Sent Credit warning SMS to 83 customers! [] []
