[2020-11-26 08:00:01] Credit Warning SMS Yellow Zone log.INFO: Sending credit warning SMS to customer 6sundayswell [] []
[2020-11-26 08:00:01] Credit Warning SMS Yellow Zone log.INFO: Credit warning SMS sent to customer 6sundayswell [] []
[2020-11-26 08:00:01] Credit Warning SMS Yellow Zone log.INFO: Sending credit warning SMS to customer 9garryknock [] []
[2020-11-26 08:00:01] Credit Warning SMS Yellow Zone log.INFO: Credit warning SMS sent to customer 9garryknock [] []
[2020-11-26 08:00:01] Credit Warning SMS Yellow Zone log.INFO: Sending credit warning SMS to customer 6garryknock [] []
[2020-11-26 08:00:01] Credit Warning SMS Yellow Zone log.INFO: Credit warning SMS sent to customer 6garryknock [] []
[2020-11-26 08:00:01] Credit Warning SMS Yellow Zone log.INFO: Sending credit warning SMS to customer 13garryknock [] []
[2020-11-26 08:00:01] Credit Warning SMS Yellow Zone log.INFO: Credit warning SMS sent to customer 13garryknock [] []
[2020-11-26 08:00:01] Credit Warning SMS Yellow Zone log.INFO: Sending credit warning SMS to customer 16sundayswell [] []
[2020-11-26 08:00:01] Credit Warning SMS Yellow Zone log.INFO: Credit warning SMS sent to customer 16sundayswell [] []
[2020-11-26 08:00:01] Credit Warning SMS Yellow Zone log.INFO: Sending credit warning SMS to customer 20garryknock [] []
[2020-11-26 08:00:01] Credit Warning SMS Yellow Zone log.INFO: Credit warning SMS sent to customer 20garryknock [] []
[2020-11-26 08:00:01] Credit Warning SMS Yellow Zone log.INFO: Sending credit warning SMS to customer 13sundayswell [] []
[2020-11-26 08:00:02] Credit Warning SMS Yellow Zone log.INFO: Credit warning SMS sent to customer 13sundayswell [] []
[2020-11-26 08:00:02] Credit Warning SMS Yellow Zone log.INFO: Sending credit warning SMS to customer 1garryknock [] []
[2020-11-26 08:00:02] Credit Warning SMS Yellow Zone log.INFO: Credit warning SMS sent to customer 1garryknock [] []
[2020-11-26 08:00:02] Credit Warning SMS Yellow Zone log.INFO: Sending credit warning SMS to customer 25Emerald [] []
[2020-11-26 08:00:02] Credit Warning SMS Yellow Zone log.INFO: Credit warning SMS sent to customer 25Emerald [] []
[2020-11-26 08:00:02] Credit Warning SMS Yellow Zone log.INFO: Sending credit warning SMS to customer 7Emerald [] []
[2020-11-26 08:00:02] Credit Warning SMS Yellow Zone log.INFO: Credit warning SMS sent to customer 7Emerald [] []
[2020-11-26 08:00:02] Credit Warning SMS Yellow Zone log.INFO: Sending credit warning SMS to customer 174neptune [] []
[2020-11-26 08:00:02] Credit Warning SMS Yellow Zone log.INFO: Credit warning SMS sent to customer 174neptune [] []
[2020-11-26 08:00:02] Credit Warning SMS Yellow Zone log.INFO: Sending credit warning SMS to customer 157Neptune [] []
[2020-11-26 08:00:02] Credit Warning SMS Yellow Zone log.INFO: Credit warning SMS sent to customer 157Neptune [] []
[2020-11-26 08:00:02] Credit Warning SMS Yellow Zone log.INFO: Sending credit warning SMS to customer 109Neptune [] []
[2020-11-26 08:00:02] Credit Warning SMS Yellow Zone log.INFO: Credit warning SMS sent to customer 109Neptune [] []
[2020-11-26 08:00:02] Credit Warning SMS Yellow Zone log.INFO: Sending credit warning SMS to customer 186neptune [] []
[2020-11-26 08:00:02] Credit Warning SMS Yellow Zone log.INFO: Credit warning SMS sent to customer 186neptune [] []
[2020-11-26 08:00:02] Credit Warning SMS Yellow Zone log.INFO: Sending credit warning SMS to customer 108Neptune [] []
[2020-11-26 08:00:02] Credit Warning SMS Yellow Zone log.INFO: Credit warning SMS sent to customer 108Neptune [] []
[2020-11-26 08:00:02] Credit Warning SMS Yellow Zone log.INFO: Sending credit warning SMS to customer 39neptune [] []
[2020-11-26 08:00:02] Credit Warning SMS Yellow Zone log.INFO: Credit warning SMS sent to customer 39neptune [] []
[2020-11-26 08:00:02] Credit Warning SMS Yellow Zone log.INFO: Sending credit warning SMS to customer 187neptune [] []
[2020-11-26 08:00:02] Credit Warning SMS Yellow Zone log.INFO: Credit warning SMS sent to customer 187neptune [] []
[2020-11-26 08:00:02] Credit Warning SMS Yellow Zone log.INFO: Sending credit warning SMS to customer 48Neptune [] []
[2020-11-26 08:00:02] Credit Warning SMS Yellow Zone log.INFO: Credit warning SMS sent to customer 48Neptune [] []
[2020-11-26 08:00:02] Credit Warning SMS Yellow Zone log.INFO: Sending credit warning SMS to customer 51Neptune [] []
[2020-11-26 08:00:02] Credit Warning SMS Yellow Zone log.INFO: Credit warning SMS sent to customer 51Neptune [] []
[2020-11-26 08:00:02] Credit Warning SMS Yellow Zone log.INFO: Sending credit warning SMS to customer 89Neptune [] []
[2020-11-26 08:00:02] Credit Warning SMS Yellow Zone log.INFO: Credit warning SMS sent to customer 89Neptune [] []
[2020-11-26 08:00:02] Credit Warning SMS Yellow Zone log.INFO: Sending credit warning SMS to customer 62Neptune [] []
[2020-11-26 08:00:02] Credit Warning SMS Yellow Zone log.INFO: Credit warning SMS sent to customer 62Neptune [] []
[2020-11-26 08:00:02] Credit Warning SMS Yellow Zone log.INFO: Sending credit warning SMS to customer 94Neptune [] []
[2020-11-26 08:00:02] Credit Warning SMS Yellow Zone log.INFO: Credit warning SMS sent to customer 94Neptune [] []
[2020-11-26 08:00:02] Credit Warning SMS Yellow Zone log.INFO: Sending credit warning SMS to customer 34neptune [] []
[2020-11-26 08:00:02] Credit Warning SMS Yellow Zone log.INFO: Credit warning SMS sent to customer 34neptune [] []
[2020-11-26 08:00:02] Credit Warning SMS Yellow Zone log.INFO: Sending credit warning SMS to customer 8Abbott [] []
[2020-11-26 08:00:02] Credit Warning SMS Yellow Zone log.INFO: Credit warning SMS sent to customer 8Abbott [] []
[2020-11-26 08:00:02] Credit Warning SMS Yellow Zone log.INFO: Sending credit warning SMS to customer 10Abbott [] []
[2020-11-26 08:00:02] Credit Warning SMS Yellow Zone log.INFO: Credit warning SMS sent to customer 10Abbott [] []
[2020-11-26 08:00:02] Credit Warning SMS Yellow Zone log.INFO: Sending credit warning SMS to customer 15Abbott [] []
[2020-11-26 08:00:02] Credit Warning SMS Yellow Zone log.INFO: Credit warning SMS sent to customer 15Abbott [] []
[2020-11-26 08:00:02] Credit Warning SMS Yellow Zone log.INFO: Sending credit warning SMS to customer 45Abbott [] []
[2020-11-26 08:00:02] Credit Warning SMS Yellow Zone log.INFO: Credit warning SMS sent to customer 45Abbott [] []
[2020-11-26 08:00:02] Credit Warning SMS Yellow Zone log.INFO: Sending credit warning SMS to customer 13Abbott [] []
[2020-11-26 08:00:02] Credit Warning SMS Yellow Zone log.INFO: Credit warning SMS sent to customer 13Abbott [] []
[2020-11-26 08:00:02] Credit Warning SMS Yellow Zone log.INFO: Sending credit warning SMS to customer 29abbott [] []
[2020-11-26 08:00:03] Credit Warning SMS Yellow Zone log.INFO: Credit warning SMS sent to customer 29abbott [] []
[2020-11-26 08:00:03] Credit Warning SMS Yellow Zone log.INFO: Sending credit warning SMS to customer 74Abbott [] []
[2020-11-26 08:00:03] Credit Warning SMS Yellow Zone log.INFO: Credit warning SMS sent to customer 74Abbott [] []
[2020-11-26 08:00:03] Credit Warning SMS Yellow Zone log.INFO: Sending credit warning SMS to customer 85Abbott [] []
[2020-11-26 08:00:03] Credit Warning SMS Yellow Zone log.INFO: Credit warning SMS sent to customer 85Abbott [] []
[2020-11-26 08:00:03] Credit Warning SMS Yellow Zone log.INFO: Sending credit warning SMS to customer 88Abbott [] []
[2020-11-26 08:00:03] Credit Warning SMS Yellow Zone log.INFO: Credit warning SMS sent to customer 88Abbott [] []
[2020-11-26 08:00:03] Credit Warning SMS Yellow Zone log.INFO: Sending credit warning SMS to customer 90Abbott [] []
[2020-11-26 08:00:03] Credit Warning SMS Yellow Zone log.INFO: Credit warning SMS sent to customer 90Abbott [] []
[2020-11-26 08:00:03] Credit Warning SMS Yellow Zone log.INFO: Sending credit warning SMS to customer 82Abbott [] []
[2020-11-26 08:00:03] Credit Warning SMS Yellow Zone log.INFO: Credit warning SMS sent to customer 82Abbott [] []
[2020-11-26 08:00:03] Credit Warning SMS Yellow Zone log.INFO: Sending credit warning SMS to customer 84Abbott [] []
[2020-11-26 08:00:03] Credit Warning SMS Yellow Zone log.INFO: Credit warning SMS sent to customer 84Abbott [] []
[2020-11-26 08:00:03] Credit Warning SMS Yellow Zone log.INFO: Sending credit warning SMS to customer 117Abbott [] []
[2020-11-26 08:00:03] Credit Warning SMS Yellow Zone log.INFO: Credit warning SMS sent to customer 117Abbott [] []
[2020-11-26 08:00:03] Credit Warning SMS Yellow Zone log.INFO: Sending credit warning SMS to customer 119Abbott [] []
[2020-11-26 08:00:03] Credit Warning SMS Yellow Zone log.INFO: Credit warning SMS sent to customer 119Abbott [] []
[2020-11-26 08:00:03] Credit Warning SMS Yellow Zone log.INFO: Sending credit warning SMS to customer 98Abbott [] []
[2020-11-26 08:00:03] Credit Warning SMS Yellow Zone log.INFO: Credit warning SMS sent to customer 98Abbott [] []
[2020-11-26 08:00:03] Credit Warning SMS Yellow Zone log.INFO: Sending credit warning SMS to customer 144abbott [] []
[2020-11-26 08:00:03] Credit Warning SMS Yellow Zone log.INFO: Credit warning SMS sent to customer 144abbott [] []
[2020-11-26 08:00:03] Credit Warning SMS Yellow Zone log.INFO: Sending credit warning SMS to customer 187abbott [] []
[2020-11-26 08:00:03] Credit Warning SMS Yellow Zone log.INFO: Credit warning SMS sent to customer 187abbott [] []
[2020-11-26 08:00:03] Credit Warning SMS Yellow Zone log.INFO: Sending credit warning SMS to customer 128abbott [] []
[2020-11-26 08:00:03] Credit Warning SMS Yellow Zone log.INFO: Credit warning SMS sent to customer 128abbott [] []
[2020-11-26 08:00:03] Credit Warning SMS Yellow Zone log.INFO: Sending credit warning SMS to customer 189abbott [] []
[2020-11-26 08:00:03] Credit Warning SMS Yellow Zone log.INFO: Credit warning SMS sent to customer 189abbott [] []
[2020-11-26 08:00:03] Credit Warning SMS Yellow Zone log.INFO: Sending credit warning SMS to customer 6eustace [] []
[2020-11-26 08:00:03] Credit Warning SMS Yellow Zone log.INFO: Credit warning SMS sent to customer 6eustace [] []
[2020-11-26 08:00:03] Credit Warning SMS Yellow Zone log.INFO: Sending credit warning SMS to customer 5leona [] []
[2020-11-26 08:00:03] Credit Warning SMS Yellow Zone log.INFO: Credit warning SMS sent to customer 5leona [] []
[2020-11-26 08:00:03] Credit Warning SMS Yellow Zone log.INFO: Sending credit warning SMS to customer 14leona [] []
[2020-11-26 08:00:03] Credit Warning SMS Yellow Zone log.INFO: Credit warning SMS sent to customer 14leona [] []
[2020-11-26 08:00:03] Credit Warning SMS Yellow Zone log.INFO: Sending credit warning SMS to customer 124leona [] []
[2020-11-26 08:00:03] Credit Warning SMS Yellow Zone log.INFO: Credit warning SMS sent to customer 124leona [] []
[2020-11-26 08:00:03] Credit Warning SMS Yellow Zone log.INFO: Sending credit warning SMS to customer 16leona [] []
[2020-11-26 08:00:03] Credit Warning SMS Yellow Zone log.INFO: Credit warning SMS sent to customer 16leona [] []
[2020-11-26 08:00:03] Credit Warning SMS Yellow Zone log.INFO: Sending credit warning SMS to customer 129leona [] []
[2020-11-26 08:00:03] Credit Warning SMS Yellow Zone log.INFO: Credit warning SMS sent to customer 129leona [] []
[2020-11-26 08:00:03] Credit Warning SMS Yellow Zone log.INFO: Sending credit warning SMS to customer 118leona [] []
[2020-11-26 08:00:03] Credit Warning SMS Yellow Zone log.INFO: Credit warning SMS sent to customer 118leona [] []
[2020-11-26 08:00:03] Credit Warning SMS Yellow Zone log.INFO: Sending credit warning SMS to customer 145leona [] []
[2020-11-26 08:00:03] Credit Warning SMS Yellow Zone log.INFO: Credit warning SMS sent to customer 145leona [] []
[2020-11-26 08:00:03] Credit Warning SMS Yellow Zone log.INFO: Sending credit warning SMS to customer 119leona [] []
[2020-11-26 08:00:03] Credit Warning SMS Yellow Zone log.INFO: Credit warning SMS sent to customer 119leona [] []
[2020-11-26 08:00:03] Credit Warning SMS Yellow Zone log.INFO: Sending credit warning SMS to customer 122charlotte [] []
[2020-11-26 08:00:04] Credit Warning SMS Yellow Zone log.INFO: Credit warning SMS sent to customer 122charlotte [] []
[2020-11-26 08:00:04] Credit Warning SMS Yellow Zone log.INFO: Sending credit warning SMS to customer 114charlotte [] []
[2020-11-26 08:00:04] Credit Warning SMS Yellow Zone log.INFO: Credit warning SMS sent to customer 114charlotte [] []
[2020-11-26 08:00:04] Credit Warning SMS Yellow Zone log.INFO: Sending credit warning SMS to customer 101charlotte [] []
[2020-11-26 08:00:04] Credit Warning SMS Yellow Zone log.INFO: Credit warning SMS sent to customer 101charlotte [] []
[2020-11-26 08:00:04] Credit Warning SMS Yellow Zone log.INFO: Sending credit warning SMS to customer 12bridgefield [] []
[2020-11-26 08:00:04] Credit Warning SMS Yellow Zone log.INFO: Credit warning SMS sent to customer 12bridgefield [] []
[2020-11-26 08:00:04] Credit Warning SMS Yellow Zone log.INFO: Sending credit warning SMS to customer 70bridgefield [] []
[2020-11-26 08:00:04] Credit Warning SMS Yellow Zone log.INFO: Credit warning SMS sent to customer 70bridgefield [] []
[2020-11-26 08:00:04] Credit Warning SMS Yellow Zone log.INFO: Sending credit warning SMS to customer 73bridgefield [] []
[2020-11-26 08:00:04] Credit Warning SMS Yellow Zone log.INFO: Credit warning SMS sent to customer 73bridgefield [] []
[2020-11-26 08:00:04] Credit Warning SMS Yellow Zone log.INFO: Sending credit warning SMS to customer 82bridgefield [] []
[2020-11-26 08:00:04] Credit Warning SMS Yellow Zone log.INFO: Credit warning SMS sent to customer 82bridgefield [] []
[2020-11-26 08:00:04] Credit Warning SMS Yellow Zone log.INFO: Sending credit warning SMS to customer 56bridgefield [] []
[2020-11-26 08:00:04] Credit Warning SMS Yellow Zone log.INFO: Credit warning SMS sent to customer 56bridgefield [] []
[2020-11-26 08:00:04] Credit Warning SMS Yellow Zone log.INFO: Sending credit warning SMS to customer 104bridgefield [] []
[2020-11-26 08:00:04] Credit Warning SMS Yellow Zone log.INFO: Credit warning SMS sent to customer 104bridgefield [] []
[2020-11-26 08:00:04] Credit Warning SMS Yellow Zone log.INFO: Sending credit warning SMS to customer 51bridgefield [] []
[2020-11-26 08:00:04] Credit Warning SMS Yellow Zone log.INFO: Credit warning SMS sent to customer 51bridgefield [] []
[2020-11-26 08:00:04] Credit Warning SMS Yellow Zone log.INFO: Sending credit warning SMS to customer 158bridgefield [] []
[2020-11-26 08:00:04] Credit Warning SMS Yellow Zone log.INFO: Credit warning SMS sent to customer 158bridgefield [] []
[2020-11-26 08:00:04] Credit Warning SMS Yellow Zone log.INFO: Sending credit warning SMS to customer 144bridgefield [] []
[2020-11-26 08:00:04] Credit Warning SMS Yellow Zone log.INFO: Credit warning SMS sent to customer 144bridgefield [] []
[2020-11-26 08:00:04] Credit Warning SMS Yellow Zone log.INFO: Sending credit warning SMS to customer 111bridgefield [] []
[2020-11-26 08:00:04] Credit Warning SMS Yellow Zone log.INFO: Credit warning SMS sent to customer 111bridgefield [] []
[2020-11-26 08:00:04] Credit Warning SMS Yellow Zone log.INFO: Sending credit warning SMS to customer 17pappan [] []
[2020-11-26 08:00:04] Credit Warning SMS Yellow Zone log.INFO: Credit warning SMS sent to customer 17pappan [] []
[2020-11-26 08:00:04] Credit Warning SMS Yellow Zone log.INFO: Sending credit warning SMS to customer 18pappan [] []
[2020-11-26 08:00:04] Credit Warning SMS Yellow Zone log.INFO: Credit warning SMS sent to customer 18pappan [] []
[2020-11-26 08:00:04] Credit Warning SMS Yellow Zone log.INFO: Sending credit warning SMS to customer 16pappan [] []
[2020-11-26 08:00:04] Credit Warning SMS Yellow Zone log.INFO: Credit warning SMS sent to customer 16pappan [] []
[2020-11-26 08:00:04] Credit Warning SMS Yellow Zone log.INFO: Sending credit warning SMS to customer 8pappan [] []
[2020-11-26 08:00:04] Credit Warning SMS Yellow Zone log.INFO: Credit warning SMS sent to customer 8pappan [] []
[2020-11-26 08:00:04] Credit Warning SMS Yellow Zone log.INFO: Sending credit warning SMS to customer 3pappan [] []
[2020-11-26 08:00:04] Credit Warning SMS Yellow Zone log.INFO: Credit warning SMS sent to customer 3pappan [] []
[2020-11-26 08:00:04] Credit Warning SMS Yellow Zone log.INFO: Sending credit warning SMS to customer 79fairways [] []
[2020-11-26 08:00:04] Credit Warning SMS Yellow Zone log.INFO: Credit warning SMS sent to customer 79fairways [] []
[2020-11-26 08:00:04] Credit Warning SMS Yellow Zone log.INFO: Sending credit warning SMS to customer 110fairways [] []
[2020-11-26 08:00:04] Credit Warning SMS Yellow Zone log.INFO: Credit warning SMS sent to customer 110fairways [] []
[2020-11-26 08:00:04] Credit Warning SMS Yellow Zone log.INFO: Sending credit warning SMS to customer 142fairways [] []
[2020-11-26 08:00:04] Credit Warning SMS Yellow Zone log.INFO: Credit warning SMS sent to customer 142fairways [] []
[2020-11-26 08:00:04] Credit Warning SMS Yellow Zone log.INFO: Sending credit warning SMS to customer 143fairways [] []
[2020-11-26 08:00:04] Credit Warning SMS Yellow Zone log.INFO: Credit warning SMS sent to customer 143fairways [] []
[2020-11-26 08:00:04] Credit Warning SMS Yellow Zone log.INFO: Sending credit warning SMS to customer 15fairways [] []
[2020-11-26 08:00:04] Credit Warning SMS Yellow Zone log.INFO: Credit warning SMS sent to customer 15fairways [] []
[2020-11-26 08:00:04] Credit Warning SMS Yellow Zone log.INFO: Sending credit warning SMS to customer 55fairways [] []
[2020-11-26 08:00:04] Credit Warning SMS Yellow Zone log.INFO: Credit warning SMS sent to customer 55fairways [] []
[2020-11-26 08:00:04] Credit Warning SMS Yellow Zone log.INFO: Sending credit warning SMS to customer 47fairways [] []
[2020-11-26 08:00:04] Credit Warning SMS Yellow Zone log.INFO: Credit warning SMS sent to customer 47fairways [] []
[2020-11-26 08:00:04] Credit Warning SMS Yellow Zone log.INFO: Sending credit warning SMS to customer 7fairways [] []
[2020-11-26 08:00:04] Credit Warning SMS Yellow Zone log.INFO: Credit warning SMS sent to customer 7fairways [] []
[2020-11-26 08:00:04] Credit Warning SMS Yellow Zone log.INFO: Sending credit warning SMS to customer h16fairways [] []
[2020-11-26 08:00:04] Credit Warning SMS Yellow Zone log.INFO: Credit warning SMS sent to customer h16fairways [] []
[2020-11-26 08:00:04] Credit Warning SMS Yellow Zone log.INFO: Sending credit warning SMS to customer 87herberthill [] []
[2020-11-26 08:00:05] Credit Warning SMS Yellow Zone log.INFO: Credit warning SMS sent to customer 87herberthill [] []
[2020-11-26 08:00:05] Credit Warning SMS Yellow Zone log.INFO: Sending credit warning SMS to customer 73herberthill [] []
[2020-11-26 08:00:05] Credit Warning SMS Yellow Zone log.INFO: Credit warning SMS sent to customer 73herberthill [] []
[2020-11-26 08:00:05] Credit Warning SMS Yellow Zone log.INFO: Sending credit warning SMS to customer 6herberthill [] []
[2020-11-26 08:00:05] Credit Warning SMS Yellow Zone log.INFO: Credit warning SMS sent to customer 6herberthill [] []
[2020-11-26 08:00:05] Credit Warning SMS Yellow Zone log.INFO: Sending credit warning SMS to customer 7herberthill [] []
[2020-11-26 08:00:05] Credit Warning SMS Yellow Zone log.INFO: Credit warning SMS sent to customer 7herberthill [] []
[2020-11-26 08:00:05] Credit Warning SMS Yellow Zone log.INFO: Sending credit warning SMS to customer 36herberthill [] []
[2020-11-26 08:00:05] Credit Warning SMS Yellow Zone log.INFO: Credit warning SMS sent to customer 36herberthill [] []
[2020-11-26 08:00:05] Credit Warning SMS Yellow Zone log.INFO: Sending credit warning SMS to customer 75herberthill [] []
[2020-11-26 08:00:05] Credit Warning SMS Yellow Zone log.INFO: Credit warning SMS sent to customer 75herberthill [] []
[2020-11-26 08:00:05] Credit Warning SMS Yellow Zone log.INFO: Sending credit warning SMS to customer 27herberthill [] []
[2020-11-26 08:00:05] Credit Warning SMS Yellow Zone log.INFO: Credit warning SMS sent to customer 27herberthill [] []
[2020-11-26 08:00:05] Credit Warning SMS Yellow Zone log.INFO: Sending credit warning SMS to customer 70herberthill [] []
[2020-11-26 08:00:05] Credit Warning SMS Yellow Zone log.INFO: Credit warning SMS sent to customer 70herberthill [] []
[2020-11-26 08:00:05] Credit Warning SMS Yellow Zone log.INFO: Sending credit warning SMS to customer 80herberthill [] []
[2020-11-26 08:00:05] Credit Warning SMS Yellow Zone log.INFO: Credit warning SMS sent to customer 80herberthill [] []
[2020-11-26 08:00:05] Credit Warning SMS Yellow Zone log.INFO: Sending credit warning SMS to customer 13marina [] []
[2020-11-26 08:00:05] Credit Warning SMS Yellow Zone log.INFO: Credit warning SMS sent to customer 13marina [] []
[2020-11-26 08:00:05] Credit Warning SMS Yellow Zone log.INFO: Sending credit warning SMS to customer 22marina [] []
[2020-11-26 08:00:05] Credit Warning SMS Yellow Zone log.INFO: Credit warning SMS sent to customer 22marina [] []
[2020-11-26 08:00:05] Credit Warning SMS Yellow Zone log.INFO: Sending credit warning SMS to customer 92bracken [] []
[2020-11-26 08:00:05] Credit Warning SMS Yellow Zone log.INFO: Credit warning SMS sent to customer 92bracken [] []
[2020-11-26 08:00:05] Credit Warning SMS Yellow Zone log.INFO: Sent Credit warning SMS to 90 customers! [] []
