[2020-02-13 08:00:02] Credit Warning SMS Yellow Zone log.INFO: Sending credit warning SMS to customer 22brackenview [] []
[2020-02-13 08:00:02] Credit Warning SMS Yellow Zone log.INFO: Credit warning SMS sent to customer 22brackenview [] []
[2020-02-13 08:00:02] Credit Warning SMS Yellow Zone log.INFO: Sending credit warning SMS to customer 12sundayswell [] []
[2020-02-13 08:00:02] Credit Warning SMS Yellow Zone log.INFO: Credit warning SMS sent to customer 12sundayswell [] []
[2020-02-13 08:00:02] Credit Warning SMS Yellow Zone log.INFO: Sending credit warning SMS to customer 19garryknock [] []
[2020-02-13 08:00:02] Credit Warning SMS Yellow Zone log.INFO: Credit warning SMS sent to customer 19garryknock [] []
[2020-02-13 08:00:02] Credit Warning SMS Yellow Zone log.INFO: Sending credit warning SMS to customer 22Emerald [] []
[2020-02-13 08:00:02] Credit Warning SMS Yellow Zone log.INFO: Credit warning SMS sent to customer 22Emerald [] []
[2020-02-13 08:00:02] Credit Warning SMS Yellow Zone log.INFO: Sending credit warning SMS to customer 16neptune [] []
[2020-02-13 08:00:02] Credit Warning SMS Yellow Zone log.INFO: Credit warning SMS sent to customer 16neptune [] []
[2020-02-13 08:00:02] Credit Warning SMS Yellow Zone log.INFO: Sending credit warning SMS to customer 177neptune [] []
[2020-02-13 08:00:02] Credit Warning SMS Yellow Zone log.INFO: Credit warning SMS sent to customer 177neptune [] []
[2020-02-13 08:00:02] Credit Warning SMS Yellow Zone log.INFO: Sending credit warning SMS to customer 159Neptune [] []
[2020-02-13 08:00:03] Credit Warning SMS Yellow Zone log.INFO: Credit warning SMS sent to customer 159Neptune [] []
[2020-02-13 08:00:03] Credit Warning SMS Yellow Zone log.INFO: Sending credit warning SMS to customer 153Neptune [] []
[2020-02-13 08:00:03] Credit Warning SMS Yellow Zone log.INFO: Credit warning SMS sent to customer 153Neptune [] []
[2020-02-13 08:00:03] Credit Warning SMS Yellow Zone log.INFO: Sending credit warning SMS to customer 72neptune [] []
[2020-02-13 08:00:03] Credit Warning SMS Yellow Zone log.INFO: Credit warning SMS sent to customer 72neptune [] []
[2020-02-13 08:00:03] Credit Warning SMS Yellow Zone log.INFO: Sending credit warning SMS to customer 145Neptune [] []
[2020-02-13 08:00:03] Credit Warning SMS Yellow Zone log.INFO: Credit warning SMS sent to customer 145Neptune [] []
[2020-02-13 08:00:03] Credit Warning SMS Yellow Zone log.INFO: Sending credit warning SMS to customer 140Neptune [] []
[2020-02-13 08:00:03] Credit Warning SMS Yellow Zone log.INFO: Credit warning SMS sent to customer 140Neptune [] []
[2020-02-13 08:00:03] Credit Warning SMS Yellow Zone log.INFO: Sending credit warning SMS to customer 104Neptune [] []
[2020-02-13 08:00:03] Credit Warning SMS Yellow Zone log.INFO: Credit warning SMS sent to customer 104Neptune [] []
[2020-02-13 08:00:03] Credit Warning SMS Yellow Zone log.INFO: Sending credit warning SMS to customer 105Neptune [] []
[2020-02-13 08:00:03] Credit Warning SMS Yellow Zone log.INFO: Credit warning SMS sent to customer 105Neptune [] []
[2020-02-13 08:00:03] Credit Warning SMS Yellow Zone log.INFO: Sending credit warning SMS to customer 25neptune [] []
[2020-02-13 08:00:03] Credit Warning SMS Yellow Zone log.INFO: Credit warning SMS sent to customer 25neptune [] []
[2020-02-13 08:00:03] Credit Warning SMS Yellow Zone log.INFO: Sending credit warning SMS to customer 1Abbott [] []
[2020-02-13 08:00:03] Credit Warning SMS Yellow Zone log.INFO: Credit warning SMS sent to customer 1Abbott [] []
[2020-02-13 08:00:03] Credit Warning SMS Yellow Zone log.INFO: Sending credit warning SMS to customer 3Abbott [] []
[2020-02-13 08:00:03] Credit Warning SMS Yellow Zone log.INFO: Credit warning SMS sent to customer 3Abbott [] []
[2020-02-13 08:00:03] Credit Warning SMS Yellow Zone log.INFO: Sending credit warning SMS to customer 21Abbott [] []
[2020-02-13 08:00:03] Credit Warning SMS Yellow Zone log.INFO: Credit warning SMS sent to customer 21Abbott [] []
[2020-02-13 08:00:03] Credit Warning SMS Yellow Zone log.INFO: Sending credit warning SMS to customer 37Abbott [] []
[2020-02-13 08:00:03] Credit Warning SMS Yellow Zone log.INFO: Credit warning SMS sent to customer 37Abbott [] []
[2020-02-13 08:00:03] Credit Warning SMS Yellow Zone log.INFO: Sending credit warning SMS to customer 40Abbott [] []
[2020-02-13 08:00:03] Credit Warning SMS Yellow Zone log.INFO: Credit warning SMS sent to customer 40Abbott [] []
[2020-02-13 08:00:03] Credit Warning SMS Yellow Zone log.INFO: Sending credit warning SMS to customer 46Abbott [] []
[2020-02-13 08:00:03] Credit Warning SMS Yellow Zone log.INFO: Credit warning SMS sent to customer 46Abbott [] []
[2020-02-13 08:00:03] Credit Warning SMS Yellow Zone log.INFO: Sending credit warning SMS to customer 13Abbott [] []
[2020-02-13 08:00:03] Credit Warning SMS Yellow Zone log.INFO: Credit warning SMS sent to customer 13Abbott [] []
[2020-02-13 08:00:03] Credit Warning SMS Yellow Zone log.INFO: Sending credit warning SMS to customer 6Abbott [] []
[2020-02-13 08:00:03] Credit Warning SMS Yellow Zone log.INFO: Credit warning SMS sent to customer 6Abbott [] []
[2020-02-13 08:00:03] Credit Warning SMS Yellow Zone log.INFO: Sending credit warning SMS to customer 74Abbott [] []
[2020-02-13 08:00:03] Credit Warning SMS Yellow Zone log.INFO: Credit warning SMS sent to customer 74Abbott [] []
[2020-02-13 08:00:03] Credit Warning SMS Yellow Zone log.INFO: Sending credit warning SMS to customer 59Abbott [] []
[2020-02-13 08:00:03] Credit Warning SMS Yellow Zone log.INFO: Credit warning SMS sent to customer 59Abbott [] []
[2020-02-13 08:00:03] Credit Warning SMS Yellow Zone log.INFO: Sending credit warning SMS to customer 64Abbott [] []
[2020-02-13 08:00:03] Credit Warning SMS Yellow Zone log.INFO: Credit warning SMS sent to customer 64Abbott [] []
[2020-02-13 08:00:03] Credit Warning SMS Yellow Zone log.INFO: Sending credit warning SMS to customer 44Abbott [] []
[2020-02-13 08:00:03] Credit Warning SMS Yellow Zone log.INFO: Credit warning SMS sent to customer 44Abbott [] []
[2020-02-13 08:00:03] Credit Warning SMS Yellow Zone log.INFO: Sending credit warning SMS to customer 61Abbott [] []
[2020-02-13 08:00:03] Credit Warning SMS Yellow Zone log.INFO: Credit warning SMS sent to customer 61Abbott [] []
[2020-02-13 08:00:03] Credit Warning SMS Yellow Zone log.INFO: Sending credit warning SMS to customer 91Abbott [] []
[2020-02-13 08:00:03] Credit Warning SMS Yellow Zone log.INFO: Credit warning SMS sent to customer 91Abbott [] []
[2020-02-13 08:00:03] Credit Warning SMS Yellow Zone log.INFO: Sending credit warning SMS to customer 92Abbott [] []
[2020-02-13 08:00:03] Credit Warning SMS Yellow Zone log.INFO: Credit warning SMS sent to customer 92Abbott [] []
[2020-02-13 08:00:03] Credit Warning SMS Yellow Zone log.INFO: Sending credit warning SMS to customer 71Abbott [] []
[2020-02-13 08:00:03] Credit Warning SMS Yellow Zone log.INFO: Credit warning SMS sent to customer 71Abbott [] []
[2020-02-13 08:00:03] Credit Warning SMS Yellow Zone log.INFO: Sending credit warning SMS to customer 100Abbott [] []
[2020-02-13 08:00:03] Credit Warning SMS Yellow Zone log.INFO: Credit warning SMS sent to customer 100Abbott [] []
[2020-02-13 08:00:03] Credit Warning SMS Yellow Zone log.INFO: Sending credit warning SMS to customer 105Abbott [] []
[2020-02-13 08:00:03] Credit Warning SMS Yellow Zone log.INFO: Credit warning SMS sent to customer 105Abbott [] []
[2020-02-13 08:00:03] Credit Warning SMS Yellow Zone log.INFO: Sending credit warning SMS to customer 108Abbott [] []
[2020-02-13 08:00:03] Credit Warning SMS Yellow Zone log.INFO: Credit warning SMS sent to customer 108Abbott [] []
[2020-02-13 08:00:03] Credit Warning SMS Yellow Zone log.INFO: Sending credit warning SMS to customer 109Abbott [] []
[2020-02-13 08:00:03] Credit Warning SMS Yellow Zone log.INFO: Credit warning SMS sent to customer 109Abbott [] []
[2020-02-13 08:00:03] Credit Warning SMS Yellow Zone log.INFO: Sending credit warning SMS to customer 119Abbott [] []
[2020-02-13 08:00:03] Credit Warning SMS Yellow Zone log.INFO: Credit warning SMS sent to customer 119Abbott [] []
[2020-02-13 08:00:03] Credit Warning SMS Yellow Zone log.INFO: Sending credit warning SMS to customer 98Abbott [] []
[2020-02-13 08:00:03] Credit Warning SMS Yellow Zone log.INFO: Credit warning SMS sent to customer 98Abbott [] []
[2020-02-13 08:00:03] Credit Warning SMS Yellow Zone log.INFO: Sending credit warning SMS to customer 81Abbott [] []
[2020-02-13 08:00:04] Credit Warning SMS Yellow Zone log.INFO: Credit warning SMS sent to customer 81Abbott [] []
[2020-02-13 08:00:04] Credit Warning SMS Yellow Zone log.INFO: Sending credit warning SMS to customer 124Abbott [] []
[2020-02-13 08:00:04] Credit Warning SMS Yellow Zone log.INFO: Credit warning SMS sent to customer 124Abbott [] []
[2020-02-13 08:00:04] Credit Warning SMS Yellow Zone log.INFO: Sending credit warning SMS to customer 136abbott [] []
[2020-02-13 08:00:04] Credit Warning SMS Yellow Zone log.INFO: Credit warning SMS sent to customer 136abbott [] []
[2020-02-13 08:00:04] Credit Warning SMS Yellow Zone log.INFO: Sending credit warning SMS to customer 191abbott [] []
[2020-02-13 08:00:04] Credit Warning SMS Yellow Zone log.INFO: Credit warning SMS sent to customer 191abbott [] []
[2020-02-13 08:00:04] Credit Warning SMS Yellow Zone log.INFO: Sending credit warning SMS to customer 127abbott [] []
[2020-02-13 08:00:04] Credit Warning SMS Yellow Zone log.INFO: Credit warning SMS sent to customer 127abbott [] []
[2020-02-13 08:00:04] Credit Warning SMS Yellow Zone log.INFO: Sending credit warning SMS to customer 173abbott [] []
[2020-02-13 08:00:04] Credit Warning SMS Yellow Zone log.INFO: Credit warning SMS sent to customer 173abbott [] []
[2020-02-13 08:00:04] Credit Warning SMS Yellow Zone log.INFO: Sending credit warning SMS to customer 14GreenBank [] []
[2020-02-13 08:00:04] Credit Warning SMS Yellow Zone log.INFO: Credit warning SMS sent to customer 14GreenBank [] []
[2020-02-13 08:00:04] Credit Warning SMS Yellow Zone log.INFO: Sending credit warning SMS to customer 29eustace [] []
[2020-02-13 08:00:04] Credit Warning SMS Yellow Zone log.INFO: Credit warning SMS sent to customer 29eustace [] []
[2020-02-13 08:00:04] Credit Warning SMS Yellow Zone log.INFO: Sending credit warning SMS to customer 28leona [] []
[2020-02-13 08:00:04] Credit Warning SMS Yellow Zone log.INFO: Credit warning SMS sent to customer 28leona [] []
[2020-02-13 08:00:04] Credit Warning SMS Yellow Zone log.INFO: Sending credit warning SMS to customer 131leona [] []
[2020-02-13 08:00:04] Credit Warning SMS Yellow Zone log.INFO: Credit warning SMS sent to customer 131leona [] []
[2020-02-13 08:00:04] Credit Warning SMS Yellow Zone log.INFO: Sending credit warning SMS to customer 3leona [] []
[2020-02-13 08:00:04] Credit Warning SMS Yellow Zone log.INFO: Credit warning SMS sent to customer 3leona [] []
[2020-02-13 08:00:04] Credit Warning SMS Yellow Zone log.INFO: Sending credit warning SMS to customer 5leona [] []
[2020-02-13 08:00:04] Credit Warning SMS Yellow Zone log.INFO: Credit warning SMS sent to customer 5leona [] []
[2020-02-13 08:00:04] Credit Warning SMS Yellow Zone log.INFO: Sending credit warning SMS to customer 151leona [] []
[2020-02-13 08:00:04] Credit Warning SMS Yellow Zone log.INFO: Credit warning SMS sent to customer 151leona [] []
[2020-02-13 08:00:04] Credit Warning SMS Yellow Zone log.INFO: Sending credit warning SMS to customer 62leona [] []
[2020-02-13 08:00:04] Credit Warning SMS Yellow Zone log.INFO: Credit warning SMS sent to customer 62leona [] []
[2020-02-13 08:00:04] Credit Warning SMS Yellow Zone log.INFO: Sending credit warning SMS to customer 10leona [] []
[2020-02-13 08:00:04] Credit Warning SMS Yellow Zone log.INFO: Credit warning SMS sent to customer 10leona [] []
[2020-02-13 08:00:04] Credit Warning SMS Yellow Zone log.INFO: Sending credit warning SMS to customer 31leona [] []
[2020-02-13 08:00:04] Credit Warning SMS Yellow Zone log.INFO: Credit warning SMS sent to customer 31leona [] []
[2020-02-13 08:00:04] Credit Warning SMS Yellow Zone log.INFO: Sending credit warning SMS to customer 25charlotte [] []
[2020-02-13 08:00:04] Credit Warning SMS Yellow Zone log.INFO: Credit warning SMS sent to customer 25charlotte [] []
[2020-02-13 08:00:04] Credit Warning SMS Yellow Zone log.INFO: Sending credit warning SMS to customer 82charlotte [] []
[2020-02-13 08:00:04] Credit Warning SMS Yellow Zone log.INFO: Credit warning SMS sent to customer 82charlotte [] []
[2020-02-13 08:00:04] Credit Warning SMS Yellow Zone log.INFO: Sending credit warning SMS to customer 73charlotte [] []
[2020-02-13 08:00:04] Credit Warning SMS Yellow Zone log.INFO: Credit warning SMS sent to customer 73charlotte [] []
[2020-02-13 08:00:04] Credit Warning SMS Yellow Zone log.INFO: Sending credit warning SMS to customer 61charlotte [] []
[2020-02-13 08:00:04] Credit Warning SMS Yellow Zone log.INFO: Credit warning SMS sent to customer 61charlotte [] []
[2020-02-13 08:00:04] Credit Warning SMS Yellow Zone log.INFO: Sending credit warning SMS to customer 39bridgefield [] []
[2020-02-13 08:00:04] Credit Warning SMS Yellow Zone log.INFO: Credit warning SMS sent to customer 39bridgefield [] []
[2020-02-13 08:00:04] Credit Warning SMS Yellow Zone log.INFO: Sending credit warning SMS to customer 95bridgefield [] []
[2020-02-13 08:00:04] Credit Warning SMS Yellow Zone log.INFO: Credit warning SMS sent to customer 95bridgefield [] []
[2020-02-13 08:00:04] Credit Warning SMS Yellow Zone log.INFO: Sending credit warning SMS to customer 84bridgefield [] []
[2020-02-13 08:00:04] Credit Warning SMS Yellow Zone log.INFO: Credit warning SMS sent to customer 84bridgefield [] []
[2020-02-13 08:00:04] Credit Warning SMS Yellow Zone log.INFO: Sending credit warning SMS to customer 90fairways [] []
[2020-02-13 08:00:04] Credit Warning SMS Yellow Zone log.INFO: Credit warning SMS sent to customer 90fairways [] []
[2020-02-13 08:00:04] Credit Warning SMS Yellow Zone log.INFO: Sending credit warning SMS to customer 115fairways [] []
[2020-02-13 08:00:04] Credit Warning SMS Yellow Zone log.INFO: Credit warning SMS sent to customer 115fairways [] []
[2020-02-13 08:00:04] Credit Warning SMS Yellow Zone log.INFO: Sending credit warning SMS to customer 122fairways [] []
[2020-02-13 08:00:04] Credit Warning SMS Yellow Zone log.INFO: Credit warning SMS sent to customer 122fairways [] []
[2020-02-13 08:00:04] Credit Warning SMS Yellow Zone log.INFO: Sending credit warning SMS to customer 133fairways [] []
[2020-02-13 08:00:04] Credit Warning SMS Yellow Zone log.INFO: Credit warning SMS sent to customer 133fairways [] []
[2020-02-13 08:00:04] Credit Warning SMS Yellow Zone log.INFO: Sending credit warning SMS to customer 118fairways [] []
[2020-02-13 08:00:04] Credit Warning SMS Yellow Zone log.INFO: Credit warning SMS sent to customer 118fairways [] []
[2020-02-13 08:00:04] Credit Warning SMS Yellow Zone log.INFO: Sending credit warning SMS to customer 74fairways [] []
[2020-02-13 08:00:05] Credit Warning SMS Yellow Zone log.INFO: Credit warning SMS sent to customer 74fairways [] []
[2020-02-13 08:00:05] Credit Warning SMS Yellow Zone log.INFO: Sending credit warning SMS to customer 22fairways [] []
[2020-02-13 08:00:05] Credit Warning SMS Yellow Zone log.INFO: Credit warning SMS sent to customer 22fairways [] []
[2020-02-13 08:00:05] Credit Warning SMS Yellow Zone log.INFO: Sending credit warning SMS to customer 33fairways [] []
[2020-02-13 08:00:05] Credit Warning SMS Yellow Zone log.INFO: Credit warning SMS sent to customer 33fairways [] []
[2020-02-13 08:00:05] Credit Warning SMS Yellow Zone log.INFO: Sent Credit warning SMS to 67 customers! [] []
