[2020-12-23 08:00:01] Credit Warning SMS Yellow Zone log.INFO: Sending credit warning SMS to customer 15sundayswell [] []
[2020-12-23 08:00:01] Credit Warning SMS Yellow Zone log.INFO: Credit warning SMS sent to customer 15sundayswell [] []
[2020-12-23 08:00:01] Credit Warning SMS Yellow Zone log.INFO: Sending credit warning SMS to customer 3sundayswell [] []
[2020-12-23 08:00:02] Credit Warning SMS Yellow Zone log.INFO: Credit warning SMS sent to customer 3sundayswell [] []
[2020-12-23 08:00:02] Credit Warning SMS Yellow Zone log.INFO: Sending credit warning SMS to customer 6garryknock [] []
[2020-12-23 08:00:02] Credit Warning SMS Yellow Zone log.INFO: Credit warning SMS sent to customer 6garryknock [] []
[2020-12-23 08:00:02] Credit Warning SMS Yellow Zone log.INFO: Sending credit warning SMS to customer 3garryknock [] []
[2020-12-23 08:00:02] Credit Warning SMS Yellow Zone log.INFO: Credit warning SMS sent to customer 3garryknock [] []
[2020-12-23 08:00:02] Credit Warning SMS Yellow Zone log.INFO: Sending credit warning SMS to customer 16sundayswell [] []
[2020-12-23 08:00:02] Credit Warning SMS Yellow Zone log.INFO: Credit warning SMS sent to customer 16sundayswell [] []
[2020-12-23 08:00:02] Credit Warning SMS Yellow Zone log.INFO: Sending credit warning SMS to customer 8Emerald [] []
[2020-12-23 08:00:02] Credit Warning SMS Yellow Zone log.INFO: Credit warning SMS sent to customer 8Emerald [] []
[2020-12-23 08:00:02] Credit Warning SMS Yellow Zone log.INFO: Sending credit warning SMS to customer 41Emerald [] []
[2020-12-23 08:00:02] Credit Warning SMS Yellow Zone log.INFO: Credit warning SMS sent to customer 41Emerald [] []
[2020-12-23 08:00:02] Credit Warning SMS Yellow Zone log.INFO: Sending credit warning SMS to customer 16Emerald [] []
[2020-12-23 08:00:02] Credit Warning SMS Yellow Zone log.INFO: Credit warning SMS sent to customer 16Emerald [] []
[2020-12-23 08:00:02] Credit Warning SMS Yellow Zone log.INFO: Sending credit warning SMS to customer 30Emerald [] []
[2020-12-23 08:00:02] Credit Warning SMS Yellow Zone log.INFO: Credit warning SMS sent to customer 30Emerald [] []
[2020-12-23 08:00:02] Credit Warning SMS Yellow Zone log.INFO: Sending credit warning SMS to customer 115Neptune [] []
[2020-12-23 08:00:02] Credit Warning SMS Yellow Zone log.INFO: Credit warning SMS sent to customer 115Neptune [] []
[2020-12-23 08:00:02] Credit Warning SMS Yellow Zone log.INFO: Sending credit warning SMS to customer 117Neptune [] []
[2020-12-23 08:00:02] Credit Warning SMS Yellow Zone log.INFO: Credit warning SMS sent to customer 117Neptune [] []
[2020-12-23 08:00:02] Credit Warning SMS Yellow Zone log.INFO: Sending credit warning SMS to customer 167neptune [] []
[2020-12-23 08:00:02] Credit Warning SMS Yellow Zone log.INFO: Credit warning SMS sent to customer 167neptune [] []
[2020-12-23 08:00:02] Credit Warning SMS Yellow Zone log.INFO: Sending credit warning SMS to customer 106Neptune [] []
[2020-12-23 08:00:02] Credit Warning SMS Yellow Zone log.INFO: Credit warning SMS sent to customer 106Neptune [] []
[2020-12-23 08:00:02] Credit Warning SMS Yellow Zone log.INFO: Sending credit warning SMS to customer 159Neptune [] []
[2020-12-23 08:00:02] Credit Warning SMS Yellow Zone log.INFO: Credit warning SMS sent to customer 159Neptune [] []
[2020-12-23 08:00:02] Credit Warning SMS Yellow Zone log.INFO: Sending credit warning SMS to customer 153Neptune [] []
[2020-12-23 08:00:02] Credit Warning SMS Yellow Zone log.INFO: Credit warning SMS sent to customer 153Neptune [] []
[2020-12-23 08:00:02] Credit Warning SMS Yellow Zone log.INFO: Sending credit warning SMS to customer 27neptune [] []
[2020-12-23 08:00:02] Credit Warning SMS Yellow Zone log.INFO: Credit warning SMS sent to customer 27neptune [] []
[2020-12-23 08:00:02] Credit Warning SMS Yellow Zone log.INFO: Sending credit warning SMS to customer 119Neptune [] []
[2020-12-23 08:00:02] Credit Warning SMS Yellow Zone log.INFO: Credit warning SMS sent to customer 119Neptune [] []
[2020-12-23 08:00:02] Credit Warning SMS Yellow Zone log.INFO: Sending credit warning SMS to customer 187neptune [] []
[2020-12-23 08:00:02] Credit Warning SMS Yellow Zone log.INFO: Credit warning SMS sent to customer 187neptune [] []
[2020-12-23 08:00:02] Credit Warning SMS Yellow Zone log.INFO: Sending credit warning SMS to customer 91Neptune [] []
[2020-12-23 08:00:03] Credit Warning SMS Yellow Zone log.INFO: Credit warning SMS sent to customer 91Neptune [] []
[2020-12-23 08:00:03] Credit Warning SMS Yellow Zone log.INFO: Sending credit warning SMS to customer 53Neptune [] []
[2020-12-23 08:00:03] Credit Warning SMS Yellow Zone log.INFO: Credit warning SMS sent to customer 53Neptune [] []
[2020-12-23 08:00:03] Credit Warning SMS Yellow Zone log.INFO: Sending credit warning SMS to customer 73Neptune [] []
[2020-12-23 08:00:03] Credit Warning SMS Yellow Zone log.INFO: Credit warning SMS sent to customer 73Neptune [] []
[2020-12-23 08:00:03] Credit Warning SMS Yellow Zone log.INFO: Sending credit warning SMS to customer 79Neptune [] []
[2020-12-23 08:00:03] Credit Warning SMS Yellow Zone log.INFO: Credit warning SMS sent to customer 79Neptune [] []
[2020-12-23 08:00:03] Credit Warning SMS Yellow Zone log.INFO: Sending credit warning SMS to customer 69Neptune [] []
[2020-12-23 08:00:03] Credit Warning SMS Yellow Zone log.INFO: Credit warning SMS sent to customer 69Neptune [] []
[2020-12-23 08:00:03] Credit Warning SMS Yellow Zone log.INFO: Sending credit warning SMS to customer 179neptune [] []
[2020-12-23 08:00:03] Credit Warning SMS Yellow Zone log.INFO: Credit warning SMS sent to customer 179neptune [] []
[2020-12-23 08:00:03] Credit Warning SMS Yellow Zone log.INFO: Sending credit warning SMS to customer 10Abbott [] []
[2020-12-23 08:00:03] Credit Warning SMS Yellow Zone log.INFO: Credit warning SMS sent to customer 10Abbott [] []
[2020-12-23 08:00:03] Credit Warning SMS Yellow Zone log.INFO: Sending credit warning SMS to customer 28Abbott [] []
[2020-12-23 08:00:03] Credit Warning SMS Yellow Zone log.INFO: Credit warning SMS sent to customer 28Abbott [] []
[2020-12-23 08:00:03] Credit Warning SMS Yellow Zone log.INFO: Sending credit warning SMS to customer 34abbott [] []
[2020-12-23 08:00:03] Credit Warning SMS Yellow Zone log.INFO: Credit warning SMS sent to customer 34abbott [] []
[2020-12-23 08:00:03] Credit Warning SMS Yellow Zone log.INFO: Sending credit warning SMS to customer 36Abbott [] []
[2020-12-23 08:00:03] Credit Warning SMS Yellow Zone log.INFO: Credit warning SMS sent to customer 36Abbott [] []
[2020-12-23 08:00:03] Credit Warning SMS Yellow Zone log.INFO: Sending credit warning SMS to customer 6Abbott [] []
[2020-12-23 08:00:03] Credit Warning SMS Yellow Zone log.INFO: Credit warning SMS sent to customer 6Abbott [] []
[2020-12-23 08:00:03] Credit Warning SMS Yellow Zone log.INFO: Sending credit warning SMS to customer 84Abbott [] []
[2020-12-23 08:00:03] Credit Warning SMS Yellow Zone log.INFO: Credit warning SMS sent to customer 84Abbott [] []
[2020-12-23 08:00:03] Credit Warning SMS Yellow Zone log.INFO: Sending credit warning SMS to customer 65Abbott [] []
[2020-12-23 08:00:03] Credit Warning SMS Yellow Zone log.INFO: Credit warning SMS sent to customer 65Abbott [] []
[2020-12-23 08:00:03] Credit Warning SMS Yellow Zone log.INFO: Sending credit warning SMS to customer 71Abbott [] []
[2020-12-23 08:00:03] Credit Warning SMS Yellow Zone log.INFO: Credit warning SMS sent to customer 71Abbott [] []
[2020-12-23 08:00:03] Credit Warning SMS Yellow Zone log.INFO: Sending credit warning SMS to customer 111Abbott [] []
[2020-12-23 08:00:03] Credit Warning SMS Yellow Zone log.INFO: Credit warning SMS sent to customer 111Abbott [] []
[2020-12-23 08:00:03] Credit Warning SMS Yellow Zone log.INFO: Sending credit warning SMS to customer 112abbott [] []
[2020-12-23 08:00:03] Credit Warning SMS Yellow Zone log.INFO: Credit warning SMS sent to customer 112abbott [] []
[2020-12-23 08:00:03] Credit Warning SMS Yellow Zone log.INFO: Sending credit warning SMS to customer 119Abbott [] []
[2020-12-23 08:00:03] Credit Warning SMS Yellow Zone log.INFO: Credit warning SMS sent to customer 119Abbott [] []
[2020-12-23 08:00:03] Credit Warning SMS Yellow Zone log.INFO: Sending credit warning SMS to customer 98Abbott [] []
[2020-12-23 08:00:03] Credit Warning SMS Yellow Zone log.INFO: Credit warning SMS sent to customer 98Abbott [] []
[2020-12-23 08:00:03] Credit Warning SMS Yellow Zone log.INFO: Sending credit warning SMS to customer 115Abbott [] []
[2020-12-23 08:00:03] Credit Warning SMS Yellow Zone log.INFO: Credit warning SMS sent to customer 115Abbott [] []
[2020-12-23 08:00:03] Credit Warning SMS Yellow Zone log.INFO: Sending credit warning SMS to customer 126abbott [] []
[2020-12-23 08:00:03] Credit Warning SMS Yellow Zone log.INFO: Credit warning SMS sent to customer 126abbott [] []
[2020-12-23 08:00:03] Credit Warning SMS Yellow Zone log.INFO: Sending credit warning SMS to customer 168abbott [] []
[2020-12-23 08:00:03] Credit Warning SMS Yellow Zone log.INFO: Credit warning SMS sent to customer 168abbott [] []
[2020-12-23 08:00:03] Credit Warning SMS Yellow Zone log.INFO: Sending credit warning SMS to customer 149abbott [] []
[2020-12-23 08:00:04] Credit Warning SMS Yellow Zone log.INFO: Credit warning SMS sent to customer 149abbott [] []
[2020-12-23 08:00:04] Credit Warning SMS Yellow Zone log.INFO: Sending credit warning SMS to customer 184abbott [] []
[2020-12-23 08:00:04] Credit Warning SMS Yellow Zone log.INFO: Credit warning SMS sent to customer 184abbott [] []
[2020-12-23 08:00:04] Credit Warning SMS Yellow Zone log.INFO: Sending credit warning SMS to customer 175abbott [] []
[2020-12-23 08:00:04] Credit Warning SMS Yellow Zone log.INFO: Credit warning SMS sent to customer 175abbott [] []
[2020-12-23 08:00:04] Credit Warning SMS Yellow Zone log.INFO: Sending credit warning SMS to customer 135abbott [] []
[2020-12-23 08:00:04] Credit Warning SMS Yellow Zone log.INFO: Credit warning SMS sent to customer 135abbott [] []
[2020-12-23 08:00:04] Credit Warning SMS Yellow Zone log.INFO: Sending credit warning SMS to customer 189abbott [] []
[2020-12-23 08:00:04] Credit Warning SMS Yellow Zone log.INFO: Credit warning SMS sent to customer 189abbott [] []
[2020-12-23 08:00:04] Credit Warning SMS Yellow Zone log.INFO: Sending credit warning SMS to customer 17eustace [] []
[2020-12-23 08:00:04] Credit Warning SMS Yellow Zone log.INFO: Credit warning SMS sent to customer 17eustace [] []
[2020-12-23 08:00:04] Credit Warning SMS Yellow Zone log.INFO: Sending credit warning SMS to customer 33eustace [] []
[2020-12-23 08:00:04] Credit Warning SMS Yellow Zone log.INFO: Credit warning SMS sent to customer 33eustace [] []
[2020-12-23 08:00:04] Credit Warning SMS Yellow Zone log.INFO: Sending credit warning SMS to customer 29eustace [] []
[2020-12-23 08:00:04] Credit Warning SMS Yellow Zone log.INFO: Credit warning SMS sent to customer 29eustace [] []
[2020-12-23 08:00:04] Credit Warning SMS Yellow Zone log.INFO: Sending credit warning SMS to customer 51eustace [] []
[2020-12-23 08:00:04] Credit Warning SMS Yellow Zone log.INFO: Credit warning SMS sent to customer 51eustace [] []
[2020-12-23 08:00:04] Credit Warning SMS Yellow Zone log.INFO: Sending credit warning SMS to customer 67eustace [] []
[2020-12-23 08:00:04] Credit Warning SMS Yellow Zone log.INFO: Credit warning SMS sent to customer 67eustace [] []
[2020-12-23 08:00:04] Credit Warning SMS Yellow Zone log.INFO: Sending credit warning SMS to customer 18eustace [] []
[2020-12-23 08:00:04] Credit Warning SMS Yellow Zone log.INFO: Credit warning SMS sent to customer 18eustace [] []
[2020-12-23 08:00:04] Credit Warning SMS Yellow Zone log.INFO: Sending credit warning SMS to customer 3leona [] []
[2020-12-23 08:00:04] Credit Warning SMS Yellow Zone log.INFO: Credit warning SMS sent to customer 3leona [] []
[2020-12-23 08:00:04] Credit Warning SMS Yellow Zone log.INFO: Sending credit warning SMS to customer 23leona [] []
[2020-12-23 08:00:04] Credit Warning SMS Yellow Zone log.INFO: Credit warning SMS sent to customer 23leona [] []
[2020-12-23 08:00:04] Credit Warning SMS Yellow Zone log.INFO: Sending credit warning SMS to customer 135leona [] []
[2020-12-23 08:00:04] Credit Warning SMS Yellow Zone log.INFO: Credit warning SMS sent to customer 135leona [] []
[2020-12-23 08:00:04] Credit Warning SMS Yellow Zone log.INFO: Sending credit warning SMS to customer 60leona [] []
[2020-12-23 08:00:04] Credit Warning SMS Yellow Zone log.INFO: Credit warning SMS sent to customer 60leona [] []
[2020-12-23 08:00:04] Credit Warning SMS Yellow Zone log.INFO: Sending credit warning SMS to customer 1leona [] []
[2020-12-23 08:00:04] Credit Warning SMS Yellow Zone log.INFO: Credit warning SMS sent to customer 1leona [] []
[2020-12-23 08:00:04] Credit Warning SMS Yellow Zone log.INFO: Sending credit warning SMS to customer 37leona [] []
[2020-12-23 08:00:04] Credit Warning SMS Yellow Zone log.INFO: Credit warning SMS sent to customer 37leona [] []
[2020-12-23 08:00:04] Credit Warning SMS Yellow Zone log.INFO: Sending credit warning SMS to customer 45leona [] []
[2020-12-23 08:00:04] Credit Warning SMS Yellow Zone log.INFO: Credit warning SMS sent to customer 45leona [] []
[2020-12-23 08:00:04] Credit Warning SMS Yellow Zone log.INFO: Sending credit warning SMS to customer 153charlotte [] []
[2020-12-23 08:00:04] Credit Warning SMS Yellow Zone log.INFO: Credit warning SMS sent to customer 153charlotte [] []
[2020-12-23 08:00:04] Credit Warning SMS Yellow Zone log.INFO: Sending credit warning SMS to customer 137charlotte [] []
[2020-12-23 08:00:04] Credit Warning SMS Yellow Zone log.INFO: Credit warning SMS sent to customer 137charlotte [] []
[2020-12-23 08:00:04] Credit Warning SMS Yellow Zone log.INFO: Sending credit warning SMS to customer 124charlotte [] []
[2020-12-23 08:00:04] Credit Warning SMS Yellow Zone log.INFO: Credit warning SMS sent to customer 124charlotte [] []
[2020-12-23 08:00:04] Credit Warning SMS Yellow Zone log.INFO: Sending credit warning SMS to customer 3charlotte [] []
[2020-12-23 08:00:04] Credit Warning SMS Yellow Zone log.INFO: Credit warning SMS sent to customer 3charlotte [] []
[2020-12-23 08:00:04] Credit Warning SMS Yellow Zone log.INFO: Sending credit warning SMS to customer 61charlotte [] []
[2020-12-23 08:00:04] Credit Warning SMS Yellow Zone log.INFO: Credit warning SMS sent to customer 61charlotte [] []
[2020-12-23 08:00:04] Credit Warning SMS Yellow Zone log.INFO: Sending credit warning SMS to customer 28charlotte [] []
[2020-12-23 08:00:04] Credit Warning SMS Yellow Zone log.INFO: Credit warning SMS sent to customer 28charlotte [] []
[2020-12-23 08:00:04] Credit Warning SMS Yellow Zone log.INFO: Sending credit warning SMS to customer 90charlotte [] []
[2020-12-23 08:00:05] Credit Warning SMS Yellow Zone log.INFO: Credit warning SMS sent to customer 90charlotte [] []
[2020-12-23 08:00:05] Credit Warning SMS Yellow Zone log.INFO: Sending credit warning SMS to customer 8bridgefield [] []
[2020-12-23 08:00:05] Credit Warning SMS Yellow Zone log.INFO: Credit warning SMS sent to customer 8bridgefield [] []
[2020-12-23 08:00:05] Credit Warning SMS Yellow Zone log.INFO: Sending credit warning SMS to customer 95bridgefield [] []
[2020-12-23 08:00:05] Credit Warning SMS Yellow Zone log.INFO: Credit warning SMS sent to customer 95bridgefield [] []
[2020-12-23 08:00:05] Credit Warning SMS Yellow Zone log.INFO: Sending credit warning SMS to customer 82bridgefield [] []
[2020-12-23 08:00:05] Credit Warning SMS Yellow Zone log.INFO: Credit warning SMS sent to customer 82bridgefield [] []
[2020-12-23 08:00:05] Credit Warning SMS Yellow Zone log.INFO: Sending credit warning SMS to customer 183bridgefield [] []
[2020-12-23 08:00:05] Credit Warning SMS Yellow Zone log.INFO: Credit warning SMS sent to customer 183bridgefield [] []
[2020-12-23 08:00:05] Credit Warning SMS Yellow Zone log.INFO: Sending credit warning SMS to customer 186bridgefield [] []
[2020-12-23 08:00:05] Credit Warning SMS Yellow Zone log.INFO: Credit warning SMS sent to customer 186bridgefield [] []
[2020-12-23 08:00:05] Credit Warning SMS Yellow Zone log.INFO: Sending credit warning SMS to customer 105bridgefield [] []
[2020-12-23 08:00:05] Credit Warning SMS Yellow Zone log.INFO: Credit warning SMS sent to customer 105bridgefield [] []
[2020-12-23 08:00:05] Credit Warning SMS Yellow Zone log.INFO: Sending credit warning SMS to customer 211bridgefield [] []
[2020-12-23 08:00:05] Credit Warning SMS Yellow Zone log.INFO: Credit warning SMS sent to customer 211bridgefield [] []
[2020-12-23 08:00:05] Credit Warning SMS Yellow Zone log.INFO: Sending credit warning SMS to customer 140bridgefield [] []
[2020-12-23 08:00:05] Credit Warning SMS Yellow Zone log.INFO: Credit warning SMS sent to customer 140bridgefield [] []
[2020-12-23 08:00:05] Credit Warning SMS Yellow Zone log.INFO: Sending credit warning SMS to customer 129bridgefield [] []
[2020-12-23 08:00:05] Credit Warning SMS Yellow Zone log.INFO: Credit warning SMS sent to customer 129bridgefield [] []
[2020-12-23 08:00:05] Credit Warning SMS Yellow Zone log.INFO: Sending credit warning SMS to customer 100bridgefield [] []
[2020-12-23 08:00:05] Credit Warning SMS Yellow Zone log.INFO: Credit warning SMS sent to customer 100bridgefield [] []
[2020-12-23 08:00:05] Credit Warning SMS Yellow Zone log.INFO: Sending credit warning SMS to customer 175bridgefield [] []
[2020-12-23 08:00:05] Credit Warning SMS Yellow Zone log.INFO: Credit warning SMS sent to customer 175bridgefield [] []
[2020-12-23 08:00:05] Credit Warning SMS Yellow Zone log.INFO: Sending credit warning SMS to customer 69bridgefield [] []
[2020-12-23 08:00:05] Credit Warning SMS Yellow Zone log.INFO: Credit warning SMS sent to customer 69bridgefield [] []
[2020-12-23 08:00:05] Credit Warning SMS Yellow Zone log.INFO: Sending credit warning SMS to customer 30bridgefield [] []
[2020-12-23 08:00:05] Credit Warning SMS Yellow Zone log.INFO: Credit warning SMS sent to customer 30bridgefield [] []
[2020-12-23 08:00:05] Credit Warning SMS Yellow Zone log.INFO: Sending credit warning SMS to customer 21pappan [] []
[2020-12-23 08:00:05] Credit Warning SMS Yellow Zone log.INFO: Credit warning SMS sent to customer 21pappan [] []
[2020-12-23 08:00:05] Credit Warning SMS Yellow Zone log.INFO: Sending credit warning SMS to customer 5pappan [] []
[2020-12-23 08:00:05] Credit Warning SMS Yellow Zone log.INFO: Credit warning SMS sent to customer 5pappan [] []
[2020-12-23 08:00:05] Credit Warning SMS Yellow Zone log.INFO: Sending credit warning SMS to customer 18pappan [] []
[2020-12-23 08:00:05] Credit Warning SMS Yellow Zone log.INFO: Credit warning SMS sent to customer 18pappan [] []
[2020-12-23 08:00:05] Credit Warning SMS Yellow Zone log.INFO: Sending credit warning SMS to customer 16pappan [] []
[2020-12-23 08:00:05] Credit Warning SMS Yellow Zone log.INFO: Credit warning SMS sent to customer 16pappan [] []
[2020-12-23 08:00:05] Credit Warning SMS Yellow Zone log.INFO: Sending credit warning SMS to customer 3pappan [] []
[2020-12-23 08:00:05] Credit Warning SMS Yellow Zone log.INFO: Credit warning SMS sent to customer 3pappan [] []
[2020-12-23 08:00:05] Credit Warning SMS Yellow Zone log.INFO: Sending credit warning SMS to customer 81fairways [] []
[2020-12-23 08:00:05] Credit Warning SMS Yellow Zone log.INFO: Credit warning SMS sent to customer 81fairways [] []
[2020-12-23 08:00:05] Credit Warning SMS Yellow Zone log.INFO: Sending credit warning SMS to customer 111fairways [] []
[2020-12-23 08:00:05] Credit Warning SMS Yellow Zone log.INFO: Credit warning SMS sent to customer 111fairways [] []
[2020-12-23 08:00:05] Credit Warning SMS Yellow Zone log.INFO: Sending credit warning SMS to customer 143fairways [] []
[2020-12-23 08:00:05] Credit Warning SMS Yellow Zone log.INFO: Credit warning SMS sent to customer 143fairways [] []
[2020-12-23 08:00:05] Credit Warning SMS Yellow Zone log.INFO: Sending credit warning SMS to customer 55fairways [] []
[2020-12-23 08:00:05] Credit Warning SMS Yellow Zone log.INFO: Credit warning SMS sent to customer 55fairways [] []
[2020-12-23 08:00:05] Credit Warning SMS Yellow Zone log.INFO: Sending credit warning SMS to customer 14fairways [] []
[2020-12-23 08:00:05] Credit Warning SMS Yellow Zone log.INFO: Credit warning SMS sent to customer 14fairways [] []
[2020-12-23 08:00:05] Credit Warning SMS Yellow Zone log.INFO: Sending credit warning SMS to customer h5fairways [] []
[2020-12-23 08:00:06] Credit Warning SMS Yellow Zone log.INFO: Credit warning SMS sent to customer h5fairways [] []
[2020-12-23 08:00:06] Credit Warning SMS Yellow Zone log.INFO: Sending credit warning SMS to customer h10fairways [] []
[2020-12-23 08:00:06] Credit Warning SMS Yellow Zone log.INFO: Credit warning SMS sent to customer h10fairways [] []
[2020-12-23 08:00:06] Credit Warning SMS Yellow Zone log.INFO: Sending credit warning SMS to customer 38fairways [] []
[2020-12-23 08:00:06] Credit Warning SMS Yellow Zone log.INFO: Credit warning SMS sent to customer 38fairways [] []
[2020-12-23 08:00:06] Credit Warning SMS Yellow Zone log.INFO: Sending credit warning SMS to customer h42fairways [] []
[2020-12-23 08:00:06] Credit Warning SMS Yellow Zone log.INFO: Credit warning SMS sent to customer h42fairways [] []
[2020-12-23 08:00:06] Credit Warning SMS Yellow Zone log.INFO: Sending credit warning SMS to customer h33fairways [] []
[2020-12-23 08:00:06] Credit Warning SMS Yellow Zone log.INFO: Credit warning SMS sent to customer h33fairways [] []
[2020-12-23 08:00:06] Credit Warning SMS Yellow Zone log.INFO: Sending credit warning SMS to customer h29fairways [] []
[2020-12-23 08:00:06] Credit Warning SMS Yellow Zone log.INFO: Credit warning SMS sent to customer h29fairways [] []
[2020-12-23 08:00:06] Credit Warning SMS Yellow Zone log.INFO: Sending credit warning SMS to customer 3herberthill [] []
[2020-12-23 08:00:06] Credit Warning SMS Yellow Zone log.INFO: Credit warning SMS sent to customer 3herberthill [] []
[2020-12-23 08:00:06] Credit Warning SMS Yellow Zone log.INFO: Sending credit warning SMS to customer 24herberthill [] []
[2020-12-23 08:00:06] Credit Warning SMS Yellow Zone log.INFO: Credit warning SMS sent to customer 24herberthill [] []
[2020-12-23 08:00:06] Credit Warning SMS Yellow Zone log.INFO: Sending credit warning SMS to customer 58herberthill [] []
[2020-12-23 08:00:06] Credit Warning SMS Yellow Zone log.INFO: Credit warning SMS sent to customer 58herberthill [] []
[2020-12-23 08:00:06] Credit Warning SMS Yellow Zone log.INFO: Sending credit warning SMS to customer 45herberthill [] []
[2020-12-23 08:00:06] Credit Warning SMS Yellow Zone log.INFO: Credit warning SMS sent to customer 45herberthill [] []
[2020-12-23 08:00:06] Credit Warning SMS Yellow Zone log.INFO: Sending credit warning SMS to customer 71bracken [] []
[2020-12-23 08:00:06] Credit Warning SMS Yellow Zone log.INFO: Credit warning SMS sent to customer 71bracken [] []
[2020-12-23 08:00:06] Credit Warning SMS Yellow Zone log.INFO: Sending credit warning SMS to customer 48marina [] []
[2020-12-23 08:00:06] Credit Warning SMS Yellow Zone log.INFO: Credit warning SMS sent to customer 48marina [] []
[2020-12-23 08:00:06] Credit Warning SMS Yellow Zone log.INFO: Sending credit warning SMS to customer 4dorset [] []
[2020-12-23 08:00:06] Credit Warning SMS Yellow Zone log.INFO: Credit warning SMS sent to customer 4dorset [] []
[2020-12-23 08:00:06] Credit Warning SMS Yellow Zone log.INFO: Sending credit warning SMS to customer 5dorset [] []
[2020-12-23 08:00:06] Credit Warning SMS Yellow Zone log.INFO: Credit warning SMS sent to customer 5dorset [] []
[2020-12-23 08:00:06] Credit Warning SMS Yellow Zone log.INFO: Sending credit warning SMS to customer 6dorset [] []
[2020-12-23 08:00:06] Credit Warning SMS Yellow Zone log.INFO: Credit warning SMS sent to customer 6dorset [] []
[2020-12-23 08:00:06] Credit Warning SMS Yellow Zone log.INFO: Sending credit warning SMS to customer 8dorset [] []
[2020-12-23 08:00:06] Credit Warning SMS Yellow Zone log.INFO: Credit warning SMS sent to customer 8dorset [] []
[2020-12-23 08:00:06] Credit Warning SMS Yellow Zone log.INFO: Sending credit warning SMS to customer 9dorset [] []
[2020-12-23 08:00:06] Credit Warning SMS Yellow Zone log.INFO: Credit warning SMS sent to customer 9dorset [] []
[2020-12-23 08:00:06] Credit Warning SMS Yellow Zone log.INFO: Sent Credit warning SMS to 104 customers! [] []
