[2020-09-30 08:00:02] Credit Warning SMS Yellow Zone log.INFO: Sending credit warning SMS to customer 2garryknock [] []
[2020-09-30 08:00:02] Credit Warning SMS Yellow Zone log.INFO: Credit warning SMS sent to customer 2garryknock [] []
[2020-09-30 08:00:02] Credit Warning SMS Yellow Zone log.INFO: Sending credit warning SMS to customer 1garryknock [] []
[2020-09-30 08:00:02] Credit Warning SMS Yellow Zone log.INFO: Credit warning SMS sent to customer 1garryknock [] []
[2020-09-30 08:00:02] Credit Warning SMS Yellow Zone log.INFO: Sending credit warning SMS to customer 19Emerald [] []
[2020-09-30 08:00:02] Credit Warning SMS Yellow Zone log.INFO: Credit warning SMS sent to customer 19Emerald [] []
[2020-09-30 08:00:02] Credit Warning SMS Yellow Zone log.INFO: Sending credit warning SMS to customer 177neptune [] []
[2020-09-30 08:00:02] Credit Warning SMS Yellow Zone log.INFO: Credit warning SMS sent to customer 177neptune [] []
[2020-09-30 08:00:02] Credit Warning SMS Yellow Zone log.INFO: Sending credit warning SMS to customer 129neptune [] []
[2020-09-30 08:00:02] Credit Warning SMS Yellow Zone log.INFO: Credit warning SMS sent to customer 129neptune [] []
[2020-09-30 08:00:02] Credit Warning SMS Yellow Zone log.INFO: Sending credit warning SMS to customer 153Neptune [] []
[2020-09-30 08:00:02] Credit Warning SMS Yellow Zone log.INFO: Credit warning SMS sent to customer 153Neptune [] []
[2020-09-30 08:00:02] Credit Warning SMS Yellow Zone log.INFO: Sending credit warning SMS to customer 123Neptune [] []
[2020-09-30 08:00:02] Credit Warning SMS Yellow Zone log.INFO: Credit warning SMS sent to customer 123Neptune [] []
[2020-09-30 08:00:02] Credit Warning SMS Yellow Zone log.INFO: Sending credit warning SMS to customer 150Neptune [] []
[2020-09-30 08:00:03] Credit Warning SMS Yellow Zone log.INFO: Credit warning SMS sent to customer 150Neptune [] []
[2020-09-30 08:00:03] Credit Warning SMS Yellow Zone log.INFO: Sending credit warning SMS to customer 108Neptune [] []
[2020-09-30 08:00:03] Credit Warning SMS Yellow Zone log.INFO: Credit warning SMS sent to customer 108Neptune [] []
[2020-09-30 08:00:03] Credit Warning SMS Yellow Zone log.INFO: Sending credit warning SMS to customer 185neptune [] []
[2020-09-30 08:00:03] Credit Warning SMS Yellow Zone log.INFO: Credit warning SMS sent to customer 185neptune [] []
[2020-09-30 08:00:03] Credit Warning SMS Yellow Zone log.INFO: Sending credit warning SMS to customer 105Neptune [] []
[2020-09-30 08:00:03] Credit Warning SMS Yellow Zone log.INFO: Credit warning SMS sent to customer 105Neptune [] []
[2020-09-30 08:00:03] Credit Warning SMS Yellow Zone log.INFO: Sending credit warning SMS to customer 40neptune [] []
[2020-09-30 08:00:03] Credit Warning SMS Yellow Zone log.INFO: Credit warning SMS sent to customer 40neptune [] []
[2020-09-30 08:00:03] Credit Warning SMS Yellow Zone log.INFO: Sending credit warning SMS to customer 195neptune [] []
[2020-09-30 08:00:03] Credit Warning SMS Yellow Zone log.INFO: Credit warning SMS sent to customer 195neptune [] []
[2020-09-30 08:00:03] Credit Warning SMS Yellow Zone log.INFO: Sending credit warning SMS to customer 41Abbott [] []
[2020-09-30 08:00:03] Credit Warning SMS Yellow Zone log.INFO: Credit warning SMS sent to customer 41Abbott [] []
[2020-09-30 08:00:03] Credit Warning SMS Yellow Zone log.INFO: Sending credit warning SMS to customer 24Abbott [] []
[2020-09-30 08:00:03] Credit Warning SMS Yellow Zone log.INFO: Credit warning SMS sent to customer 24Abbott [] []
[2020-09-30 08:00:03] Credit Warning SMS Yellow Zone log.INFO: Sending credit warning SMS to customer 59Abbott [] []
[2020-09-30 08:00:03] Credit Warning SMS Yellow Zone log.INFO: Credit warning SMS sent to customer 59Abbott [] []
[2020-09-30 08:00:03] Credit Warning SMS Yellow Zone log.INFO: Sending credit warning SMS to customer 62Abbott [] []
[2020-09-30 08:00:03] Credit Warning SMS Yellow Zone log.INFO: Credit warning SMS sent to customer 62Abbott [] []
[2020-09-30 08:00:03] Credit Warning SMS Yellow Zone log.INFO: Sending credit warning SMS to customer 90Abbott [] []
[2020-09-30 08:00:03] Credit Warning SMS Yellow Zone log.INFO: Credit warning SMS sent to customer 90Abbott [] []
[2020-09-30 08:00:03] Credit Warning SMS Yellow Zone log.INFO: Sending credit warning SMS to customer 82Abbott [] []
[2020-09-30 08:00:03] Credit Warning SMS Yellow Zone log.INFO: Credit warning SMS sent to customer 82Abbott [] []
[2020-09-30 08:00:03] Credit Warning SMS Yellow Zone log.INFO: Sending credit warning SMS to customer 84Abbott [] []
[2020-09-30 08:00:03] Credit Warning SMS Yellow Zone log.INFO: Credit warning SMS sent to customer 84Abbott [] []
[2020-09-30 08:00:03] Credit Warning SMS Yellow Zone log.INFO: Sending credit warning SMS to customer 105Abbott [] []
[2020-09-30 08:00:03] Credit Warning SMS Yellow Zone log.INFO: Credit warning SMS sent to customer 105Abbott [] []
[2020-09-30 08:00:03] Credit Warning SMS Yellow Zone log.INFO: Sending credit warning SMS to customer 109Abbott [] []
[2020-09-30 08:00:03] Credit Warning SMS Yellow Zone log.INFO: Credit warning SMS sent to customer 109Abbott [] []
[2020-09-30 08:00:03] Credit Warning SMS Yellow Zone log.INFO: Sending credit warning SMS to customer 119Abbott [] []
[2020-09-30 08:00:03] Credit Warning SMS Yellow Zone log.INFO: Credit warning SMS sent to customer 119Abbott [] []
[2020-09-30 08:00:03] Credit Warning SMS Yellow Zone log.INFO: Sending credit warning SMS to customer 98Abbott [] []
[2020-09-30 08:00:03] Credit Warning SMS Yellow Zone log.INFO: Credit warning SMS sent to customer 98Abbott [] []
[2020-09-30 08:00:03] Credit Warning SMS Yellow Zone log.INFO: Sending credit warning SMS to customer 95Abbott [] []
[2020-09-30 08:00:03] Credit Warning SMS Yellow Zone log.INFO: Credit warning SMS sent to customer 95Abbott [] []
[2020-09-30 08:00:03] Credit Warning SMS Yellow Zone log.INFO: Sending credit warning SMS to customer 177abbott [] []
[2020-09-30 08:00:03] Credit Warning SMS Yellow Zone log.INFO: Credit warning SMS sent to customer 177abbott [] []
[2020-09-30 08:00:03] Credit Warning SMS Yellow Zone log.INFO: Sending credit warning SMS to customer 164abbott [] []
[2020-09-30 08:00:03] Credit Warning SMS Yellow Zone log.INFO: Credit warning SMS sent to customer 164abbott [] []
[2020-09-30 08:00:03] Credit Warning SMS Yellow Zone log.INFO: Sending credit warning SMS to customer 184abbott [] []
[2020-09-30 08:00:03] Credit Warning SMS Yellow Zone log.INFO: Credit warning SMS sent to customer 184abbott [] []
[2020-09-30 08:00:03] Credit Warning SMS Yellow Zone log.INFO: Sending credit warning SMS to customer 151abbott [] []
[2020-09-30 08:00:03] Credit Warning SMS Yellow Zone log.INFO: Credit warning SMS sent to customer 151abbott [] []
[2020-09-30 08:00:03] Credit Warning SMS Yellow Zone log.INFO: Sending credit warning SMS to customer 44Abbott [] []
[2020-09-30 08:00:03] Credit Warning SMS Yellow Zone log.INFO: Credit warning SMS sent to customer 44Abbott [] []
[2020-09-30 08:00:03] Credit Warning SMS Yellow Zone log.INFO: Sending credit warning SMS to customer 129abbott [] []
[2020-09-30 08:00:03] Credit Warning SMS Yellow Zone log.INFO: Credit warning SMS sent to customer 129abbott [] []
[2020-09-30 08:00:03] Credit Warning SMS Yellow Zone log.INFO: Sending credit warning SMS to customer 4eustace [] []
[2020-09-30 08:00:03] Credit Warning SMS Yellow Zone log.INFO: Credit warning SMS sent to customer 4eustace [] []
[2020-09-30 08:00:03] Credit Warning SMS Yellow Zone log.INFO: Sending credit warning SMS to customer 74eustace [] []
[2020-09-30 08:00:03] Credit Warning SMS Yellow Zone log.INFO: Credit warning SMS sent to customer 74eustace [] []
[2020-09-30 08:00:03] Credit Warning SMS Yellow Zone log.INFO: Sending credit warning SMS to customer 5leona [] []
[2020-09-30 08:00:04] Credit Warning SMS Yellow Zone log.INFO: Credit warning SMS sent to customer 5leona [] []
[2020-09-30 08:00:04] Credit Warning SMS Yellow Zone log.INFO: Sending credit warning SMS to customer 38leona [] []
[2020-09-30 08:00:04] Credit Warning SMS Yellow Zone log.INFO: Credit warning SMS sent to customer 38leona [] []
[2020-09-30 08:00:04] Credit Warning SMS Yellow Zone log.INFO: Sending credit warning SMS to customer 81leona [] []
[2020-09-30 08:00:04] Credit Warning SMS Yellow Zone log.INFO: Credit warning SMS sent to customer 81leona [] []
[2020-09-30 08:00:04] Credit Warning SMS Yellow Zone log.INFO: Sending credit warning SMS to customer 117leona [] []
[2020-09-30 08:00:04] Credit Warning SMS Yellow Zone log.INFO: Credit warning SMS sent to customer 117leona [] []
[2020-09-30 08:00:04] Credit Warning SMS Yellow Zone log.INFO: Sending credit warning SMS to customer 61leona [] []
[2020-09-30 08:00:04] Credit Warning SMS Yellow Zone log.INFO: Credit warning SMS sent to customer 61leona [] []
[2020-09-30 08:00:04] Credit Warning SMS Yellow Zone log.INFO: Sending credit warning SMS to customer 39leona [] []
[2020-09-30 08:00:04] Credit Warning SMS Yellow Zone log.INFO: Credit warning SMS sent to customer 39leona [] []
[2020-09-30 08:00:04] Credit Warning SMS Yellow Zone log.INFO: Sending credit warning SMS to customer 128leona [] []
[2020-09-30 08:00:04] Credit Warning SMS Yellow Zone log.INFO: Credit warning SMS sent to customer 128leona [] []
[2020-09-30 08:00:04] Credit Warning SMS Yellow Zone log.INFO: Sending credit warning SMS to customer 58leona [] []
[2020-09-30 08:00:04] Credit Warning SMS Yellow Zone log.INFO: Credit warning SMS sent to customer 58leona [] []
[2020-09-30 08:00:04] Credit Warning SMS Yellow Zone log.INFO: Sending credit warning SMS to customer 153charlotte [] []
[2020-09-30 08:00:04] Credit Warning SMS Yellow Zone log.INFO: Credit warning SMS sent to customer 153charlotte [] []
[2020-09-30 08:00:04] Credit Warning SMS Yellow Zone log.INFO: Sending credit warning SMS to customer 103charlotte [] []
[2020-09-30 08:00:04] Credit Warning SMS Yellow Zone log.INFO: Credit warning SMS sent to customer 103charlotte [] []
[2020-09-30 08:00:04] Credit Warning SMS Yellow Zone log.INFO: Sending credit warning SMS to customer 121charlotte [] []
[2020-09-30 08:00:04] Credit Warning SMS Yellow Zone log.INFO: Credit warning SMS sent to customer 121charlotte [] []
[2020-09-30 08:00:04] Credit Warning SMS Yellow Zone log.INFO: Sending credit warning SMS to customer 144charlotte [] []
[2020-09-30 08:00:04] Credit Warning SMS Yellow Zone log.INFO: Credit warning SMS sent to customer 144charlotte [] []
[2020-09-30 08:00:04] Credit Warning SMS Yellow Zone log.INFO: Sending credit warning SMS to customer 32charlotte [] []
[2020-09-30 08:00:04] Credit Warning SMS Yellow Zone log.INFO: Credit warning SMS sent to customer 32charlotte [] []
[2020-09-30 08:00:04] Credit Warning SMS Yellow Zone log.INFO: Sending credit warning SMS to customer 46charlotte [] []
[2020-09-30 08:00:04] Credit Warning SMS Yellow Zone log.INFO: Credit warning SMS sent to customer 46charlotte [] []
[2020-09-30 08:00:04] Credit Warning SMS Yellow Zone log.INFO: Sending credit warning SMS to customer 76charlotte [] []
[2020-09-30 08:00:04] Credit Warning SMS Yellow Zone log.INFO: Credit warning SMS sent to customer 76charlotte [] []
[2020-09-30 08:00:04] Credit Warning SMS Yellow Zone log.INFO: Sending credit warning SMS to customer 81charlotte [] []
[2020-09-30 08:00:04] Credit Warning SMS Yellow Zone log.INFO: Credit warning SMS sent to customer 81charlotte [] []
[2020-09-30 08:00:04] Credit Warning SMS Yellow Zone log.INFO: Sending credit warning SMS to customer 124charlotte [] []
[2020-09-30 08:00:04] Credit Warning SMS Yellow Zone log.INFO: Credit warning SMS sent to customer 124charlotte [] []
[2020-09-30 08:00:04] Credit Warning SMS Yellow Zone log.INFO: Sending credit warning SMS to customer 27charlotte [] []
[2020-09-30 08:00:04] Credit Warning SMS Yellow Zone log.INFO: Credit warning SMS sent to customer 27charlotte [] []
[2020-09-30 08:00:04] Credit Warning SMS Yellow Zone log.INFO: Sending credit warning SMS to customer 8bridgefield [] []
[2020-09-30 08:00:04] Credit Warning SMS Yellow Zone log.INFO: Credit warning SMS sent to customer 8bridgefield [] []
[2020-09-30 08:00:04] Credit Warning SMS Yellow Zone log.INFO: Sending credit warning SMS to customer 21bridgefield [] []
[2020-09-30 08:00:04] Credit Warning SMS Yellow Zone log.INFO: Credit warning SMS sent to customer 21bridgefield [] []
[2020-09-30 08:00:04] Credit Warning SMS Yellow Zone log.INFO: Sending credit warning SMS to customer 32bridgefield [] []
[2020-09-30 08:00:04] Credit Warning SMS Yellow Zone log.INFO: Credit warning SMS sent to customer 32bridgefield [] []
[2020-09-30 08:00:04] Credit Warning SMS Yellow Zone log.INFO: Sending credit warning SMS to customer 71bridgefield [] []
[2020-09-30 08:00:04] Credit Warning SMS Yellow Zone log.INFO: Credit warning SMS sent to customer 71bridgefield [] []
[2020-09-30 08:00:04] Credit Warning SMS Yellow Zone log.INFO: Sending credit warning SMS to customer 72bridgefield [] []
[2020-09-30 08:00:04] Credit Warning SMS Yellow Zone log.INFO: Credit warning SMS sent to customer 72bridgefield [] []
[2020-09-30 08:00:04] Credit Warning SMS Yellow Zone log.INFO: Sending credit warning SMS to customer 194bridgefield [] []
[2020-09-30 08:00:04] Credit Warning SMS Yellow Zone log.INFO: Credit warning SMS sent to customer 194bridgefield [] []
[2020-09-30 08:00:04] Credit Warning SMS Yellow Zone log.INFO: Sending credit warning SMS to customer 112bridgefield [] []
[2020-09-30 08:00:05] Credit Warning SMS Yellow Zone log.INFO: Credit warning SMS sent to customer 112bridgefield [] []
[2020-09-30 08:00:05] Credit Warning SMS Yellow Zone log.INFO: Sending credit warning SMS to customer 167bridgefield [] []
[2020-09-30 08:00:05] Credit Warning SMS Yellow Zone log.INFO: Credit warning SMS sent to customer 167bridgefield [] []
[2020-09-30 08:00:05] Credit Warning SMS Yellow Zone log.INFO: Sending credit warning SMS to customer 215bridgefield [] []
[2020-09-30 08:00:05] Credit Warning SMS Yellow Zone log.INFO: Credit warning SMS sent to customer 215bridgefield [] []
[2020-09-30 08:00:05] Credit Warning SMS Yellow Zone log.INFO: Sending credit warning SMS to customer 1pappan [] []
[2020-09-30 08:00:05] Credit Warning SMS Yellow Zone log.INFO: Credit warning SMS sent to customer 1pappan [] []
[2020-09-30 08:00:05] Credit Warning SMS Yellow Zone log.INFO: Sending credit warning SMS to customer 2pappan [] []
[2020-09-30 08:00:05] Credit Warning SMS Yellow Zone log.INFO: Credit warning SMS sent to customer 2pappan [] []
[2020-09-30 08:00:05] Credit Warning SMS Yellow Zone log.INFO: Sending credit warning SMS to customer 22pappan [] []
[2020-09-30 08:00:05] Credit Warning SMS Yellow Zone log.INFO: Credit warning SMS sent to customer 22pappan [] []
[2020-09-30 08:00:05] Credit Warning SMS Yellow Zone log.INFO: Sending credit warning SMS to customer 16pappan [] []
[2020-09-30 08:00:05] Credit Warning SMS Yellow Zone log.INFO: Credit warning SMS sent to customer 16pappan [] []
[2020-09-30 08:00:05] Credit Warning SMS Yellow Zone log.INFO: Sending credit warning SMS to customer 106fairways [] []
[2020-09-30 08:00:05] Credit Warning SMS Yellow Zone log.INFO: Credit warning SMS sent to customer 106fairways [] []
[2020-09-30 08:00:05] Credit Warning SMS Yellow Zone log.INFO: Sending credit warning SMS to customer 110fairways [] []
[2020-09-30 08:00:05] Credit Warning SMS Yellow Zone log.INFO: Credit warning SMS sent to customer 110fairways [] []
[2020-09-30 08:00:05] Credit Warning SMS Yellow Zone log.INFO: Sending credit warning SMS to customer 94fairways [] []
[2020-09-30 08:00:05] Credit Warning SMS Yellow Zone log.INFO: Credit warning SMS sent to customer 94fairways [] []
[2020-09-30 08:00:05] Credit Warning SMS Yellow Zone log.INFO: Sending credit warning SMS to customer 12fairways [] []
[2020-09-30 08:00:05] Credit Warning SMS Yellow Zone log.INFO: Credit warning SMS sent to customer 12fairways [] []
[2020-09-30 08:00:05] Credit Warning SMS Yellow Zone log.INFO: Sending credit warning SMS to customer h45fairways [] []
[2020-09-30 08:00:05] Credit Warning SMS Yellow Zone log.INFO: Credit warning SMS sent to customer h45fairways [] []
[2020-09-30 08:00:05] Credit Warning SMS Yellow Zone log.INFO: Sending credit warning SMS to customer h19fairways [] []
[2020-09-30 08:00:05] Credit Warning SMS Yellow Zone log.INFO: Credit warning SMS sent to customer h19fairways [] []
[2020-09-30 08:00:05] Credit Warning SMS Yellow Zone log.INFO: Sending credit warning SMS to customer h30fairways [] []
[2020-09-30 08:00:05] Credit Warning SMS Yellow Zone log.INFO: Credit warning SMS sent to customer h30fairways [] []
[2020-09-30 08:00:05] Credit Warning SMS Yellow Zone log.INFO: Sending credit warning SMS to customer h11fairways [] []
[2020-09-30 08:00:05] Credit Warning SMS Yellow Zone log.INFO: Credit warning SMS sent to customer h11fairways [] []
[2020-09-30 08:00:05] Credit Warning SMS Yellow Zone log.INFO: Sending credit warning SMS to customer 54herberthill [] []
[2020-09-30 08:00:05] Credit Warning SMS Yellow Zone log.INFO: Credit warning SMS sent to customer 54herberthill [] []
[2020-09-30 08:00:05] Credit Warning SMS Yellow Zone log.INFO: Sending credit warning SMS to customer 63herberthill [] []
[2020-09-30 08:00:05] Credit Warning SMS Yellow Zone log.INFO: Credit warning SMS sent to customer 63herberthill [] []
[2020-09-30 08:00:05] Credit Warning SMS Yellow Zone log.INFO: Sending credit warning SMS to customer 87herberthill [] []
[2020-09-30 08:00:05] Credit Warning SMS Yellow Zone log.INFO: Credit warning SMS sent to customer 87herberthill [] []
[2020-09-30 08:00:05] Credit Warning SMS Yellow Zone log.INFO: Sending credit warning SMS to customer 27herberthill [] []
[2020-09-30 08:00:05] Credit Warning SMS Yellow Zone log.INFO: Credit warning SMS sent to customer 27herberthill [] []
[2020-09-30 08:00:05] Credit Warning SMS Yellow Zone log.INFO: Sending credit warning SMS to customer 55herberthill [] []
[2020-09-30 08:00:05] Credit Warning SMS Yellow Zone log.INFO: Credit warning SMS sent to customer 55herberthill [] []
[2020-09-30 08:00:05] Credit Warning SMS Yellow Zone log.INFO: Sending credit warning SMS to customer 82herberthill [] []
[2020-09-30 08:00:05] Credit Warning SMS Yellow Zone log.INFO: Credit warning SMS sent to customer 82herberthill [] []
[2020-09-30 08:00:05] Credit Warning SMS Yellow Zone log.INFO: Sending credit warning SMS to customer 5herberthill [] []
[2020-09-30 08:00:05] Credit Warning SMS Yellow Zone log.INFO: Credit warning SMS sent to customer 5herberthill [] []
[2020-09-30 08:00:05] Credit Warning SMS Yellow Zone log.INFO: Sending credit warning SMS to customer 81herberthill [] []
[2020-09-30 08:00:05] Credit Warning SMS Yellow Zone log.INFO: Credit warning SMS sent to customer 81herberthill [] []
[2020-09-30 08:00:05] Credit Warning SMS Yellow Zone log.INFO: Sending credit warning SMS to customer 42herberthill [] []
[2020-09-30 08:00:05] Credit Warning SMS Yellow Zone log.INFO: Credit warning SMS sent to customer 42herberthill [] []
[2020-09-30 08:00:05] Credit Warning SMS Yellow Zone log.INFO: Sending credit warning SMS to customer 75marina [] []
[2020-09-30 08:00:05] Credit Warning SMS Yellow Zone log.INFO: Credit warning SMS sent to customer 75marina [] []
[2020-09-30 08:00:05] Credit Warning SMS Yellow Zone log.INFO: Sent Credit warning SMS to 82 customers! [] []
