[2020-04-06 08:00:01] Credit Warning SMS Yellow Zone log.INFO: Sending credit warning SMS to customer 12sundayswell [] []
[2020-04-06 08:00:01] Credit Warning SMS Yellow Zone log.INFO: Credit warning SMS sent to customer 12sundayswell [] []
[2020-04-06 08:00:01] Credit Warning SMS Yellow Zone log.INFO: Sending credit warning SMS to customer 47Emerald [] []
[2020-04-06 08:00:01] Credit Warning SMS Yellow Zone log.INFO: Credit warning SMS sent to customer 47Emerald [] []
[2020-04-06 08:00:01] Credit Warning SMS Yellow Zone log.INFO: Sending credit warning SMS to customer 19Emerald [] []
[2020-04-06 08:00:01] Credit Warning SMS Yellow Zone log.INFO: Credit warning SMS sent to customer 19Emerald [] []
[2020-04-06 08:00:01] Credit Warning SMS Yellow Zone log.INFO: Sending credit warning SMS to customer 177neptune [] []
[2020-04-06 08:00:01] Credit Warning SMS Yellow Zone log.INFO: Credit warning SMS sent to customer 177neptune [] []
[2020-04-06 08:00:01] Credit Warning SMS Yellow Zone log.INFO: Sending credit warning SMS to customer 117Neptune [] []
[2020-04-06 08:00:01] Credit Warning SMS Yellow Zone log.INFO: Credit warning SMS sent to customer 117Neptune [] []
[2020-04-06 08:00:01] Credit Warning SMS Yellow Zone log.INFO: Sending credit warning SMS to customer 154Neptune [] []
[2020-04-06 08:00:01] Credit Warning SMS Yellow Zone log.INFO: Credit warning SMS sent to customer 154Neptune [] []
[2020-04-06 08:00:01] Credit Warning SMS Yellow Zone log.INFO: Sending credit warning SMS to customer 97Neptune [] []
[2020-04-06 08:00:01] Credit Warning SMS Yellow Zone log.INFO: Credit warning SMS sent to customer 97Neptune [] []
[2020-04-06 08:00:01] Credit Warning SMS Yellow Zone log.INFO: Sending credit warning SMS to customer 27neptune [] []
[2020-04-06 08:00:01] Credit Warning SMS Yellow Zone log.INFO: Credit warning SMS sent to customer 27neptune [] []
[2020-04-06 08:00:01] Credit Warning SMS Yellow Zone log.INFO: Sending credit warning SMS to customer 7neptune [] []
[2020-04-06 08:00:01] Credit Warning SMS Yellow Zone log.INFO: Credit warning SMS sent to customer 7neptune [] []
[2020-04-06 08:00:01] Credit Warning SMS Yellow Zone log.INFO: Sending credit warning SMS to customer 134Neptune [] []
[2020-04-06 08:00:01] Credit Warning SMS Yellow Zone log.INFO: Credit warning SMS sent to customer 134Neptune [] []
[2020-04-06 08:00:01] Credit Warning SMS Yellow Zone log.INFO: Sending credit warning SMS to customer 104Neptune [] []
[2020-04-06 08:00:01] Credit Warning SMS Yellow Zone log.INFO: Credit warning SMS sent to customer 104Neptune [] []
[2020-04-06 08:00:01] Credit Warning SMS Yellow Zone log.INFO: Sending credit warning SMS to customer 66Neptune [] []
[2020-04-06 08:00:02] Credit Warning SMS Yellow Zone log.INFO: Credit warning SMS sent to customer 66Neptune [] []
[2020-04-06 08:00:02] Credit Warning SMS Yellow Zone log.INFO: Sending credit warning SMS to customer 21neptune [] []
[2020-04-06 08:00:02] Credit Warning SMS Yellow Zone log.INFO: Credit warning SMS sent to customer 21neptune [] []
[2020-04-06 08:00:02] Credit Warning SMS Yellow Zone log.INFO: Sending credit warning SMS to customer 32neptune [] []
[2020-04-06 08:00:02] Credit Warning SMS Yellow Zone log.INFO: Credit warning SMS sent to customer 32neptune [] []
[2020-04-06 08:00:02] Credit Warning SMS Yellow Zone log.INFO: Sending credit warning SMS to customer 20neptune [] []
[2020-04-06 08:00:02] Credit Warning SMS Yellow Zone log.INFO: Credit warning SMS sent to customer 20neptune [] []
[2020-04-06 08:00:02] Credit Warning SMS Yellow Zone log.INFO: Sending credit warning SMS to customer 23neptune [] []
[2020-04-06 08:00:02] Credit Warning SMS Yellow Zone log.INFO: Credit warning SMS sent to customer 23neptune [] []
[2020-04-06 08:00:02] Credit Warning SMS Yellow Zone log.INFO: Sending credit warning SMS to customer 87Neptune [] []
[2020-04-06 08:00:02] Credit Warning SMS Yellow Zone log.INFO: Credit warning SMS sent to customer 87Neptune [] []
[2020-04-06 08:00:02] Credit Warning SMS Yellow Zone log.INFO: Sending credit warning SMS to customer 53Neptune [] []
[2020-04-06 08:00:02] Credit Warning SMS Yellow Zone log.INFO: Credit warning SMS sent to customer 53Neptune [] []
[2020-04-06 08:00:02] Credit Warning SMS Yellow Zone log.INFO: Sending credit warning SMS to customer 38neptune [] []
[2020-04-06 08:00:02] Credit Warning SMS Yellow Zone log.INFO: Credit warning SMS sent to customer 38neptune [] []
[2020-04-06 08:00:02] Credit Warning SMS Yellow Zone log.INFO: Sending credit warning SMS to customer 15Abbott [] []
[2020-04-06 08:00:02] Credit Warning SMS Yellow Zone log.INFO: Credit warning SMS sent to customer 15Abbott [] []
[2020-04-06 08:00:02] Credit Warning SMS Yellow Zone log.INFO: Sending credit warning SMS to customer 13Abbott [] []
[2020-04-06 08:00:02] Credit Warning SMS Yellow Zone log.INFO: Credit warning SMS sent to customer 13Abbott [] []
[2020-04-06 08:00:02] Credit Warning SMS Yellow Zone log.INFO: Sending credit warning SMS to customer 59Abbott [] []
[2020-04-06 08:00:02] Credit Warning SMS Yellow Zone log.INFO: Credit warning SMS sent to customer 59Abbott [] []
[2020-04-06 08:00:02] Credit Warning SMS Yellow Zone log.INFO: Sending credit warning SMS to customer 87Abbott [] []
[2020-04-06 08:00:02] Credit Warning SMS Yellow Zone log.INFO: Credit warning SMS sent to customer 87Abbott [] []
[2020-04-06 08:00:02] Credit Warning SMS Yellow Zone log.INFO: Sending credit warning SMS to customer 90Abbott [] []
[2020-04-06 08:00:02] Credit Warning SMS Yellow Zone log.INFO: Credit warning SMS sent to customer 90Abbott [] []
[2020-04-06 08:00:02] Credit Warning SMS Yellow Zone log.INFO: Sending credit warning SMS to customer 84Abbott [] []
[2020-04-06 08:00:02] Credit Warning SMS Yellow Zone log.INFO: Credit warning SMS sent to customer 84Abbott [] []
[2020-04-06 08:00:02] Credit Warning SMS Yellow Zone log.INFO: Sending credit warning SMS to customer 91Abbott [] []
[2020-04-06 08:00:02] Credit Warning SMS Yellow Zone log.INFO: Credit warning SMS sent to customer 91Abbott [] []
[2020-04-06 08:00:02] Credit Warning SMS Yellow Zone log.INFO: Sending credit warning SMS to customer 117Abbott [] []
[2020-04-06 08:00:02] Credit Warning SMS Yellow Zone log.INFO: Credit warning SMS sent to customer 117Abbott [] []
[2020-04-06 08:00:02] Credit Warning SMS Yellow Zone log.INFO: Sending credit warning SMS to customer 103Abbott [] []
[2020-04-06 08:00:02] Credit Warning SMS Yellow Zone log.INFO: Credit warning SMS sent to customer 103Abbott [] []
[2020-04-06 08:00:02] Credit Warning SMS Yellow Zone log.INFO: Sending credit warning SMS to customer 81Abbott [] []
[2020-04-06 08:00:02] Credit Warning SMS Yellow Zone log.INFO: Credit warning SMS sent to customer 81Abbott [] []
[2020-04-06 08:00:02] Credit Warning SMS Yellow Zone log.INFO: Sending credit warning SMS to customer 99Abbott [] []
[2020-04-06 08:00:02] Credit Warning SMS Yellow Zone log.INFO: Credit warning SMS sent to customer 99Abbott [] []
[2020-04-06 08:00:02] Credit Warning SMS Yellow Zone log.INFO: Sending credit warning SMS to customer 151abbott [] []
[2020-04-06 08:00:02] Credit Warning SMS Yellow Zone log.INFO: Credit warning SMS sent to customer 151abbott [] []
[2020-04-06 08:00:02] Credit Warning SMS Yellow Zone log.INFO: Sending credit warning SMS to customer 70eustace [] []
[2020-04-06 08:00:02] Credit Warning SMS Yellow Zone log.INFO: Credit warning SMS sent to customer 70eustace [] []
[2020-04-06 08:00:02] Credit Warning SMS Yellow Zone log.INFO: Sending credit warning SMS to customer 92eustace [] []
[2020-04-06 08:00:02] Credit Warning SMS Yellow Zone log.INFO: Credit warning SMS sent to customer 92eustace [] []
[2020-04-06 08:00:02] Credit Warning SMS Yellow Zone log.INFO: Sending credit warning SMS to customer 74eustace [] []
[2020-04-06 08:00:02] Credit Warning SMS Yellow Zone log.INFO: Credit warning SMS sent to customer 74eustace [] []
[2020-04-06 08:00:02] Credit Warning SMS Yellow Zone log.INFO: Sending credit warning SMS to customer 136leona [] []
[2020-04-06 08:00:02] Credit Warning SMS Yellow Zone log.INFO: Credit warning SMS sent to customer 136leona [] []
[2020-04-06 08:00:02] Credit Warning SMS Yellow Zone log.INFO: Sending credit warning SMS to customer 5leona [] []
[2020-04-06 08:00:02] Credit Warning SMS Yellow Zone log.INFO: Credit warning SMS sent to customer 5leona [] []
[2020-04-06 08:00:02] Credit Warning SMS Yellow Zone log.INFO: Sending credit warning SMS to customer 9leona [] []
[2020-04-06 08:00:02] Credit Warning SMS Yellow Zone log.INFO: Credit warning SMS sent to customer 9leona [] []
[2020-04-06 08:00:02] Credit Warning SMS Yellow Zone log.INFO: Sending credit warning SMS to customer 58leona [] []
[2020-04-06 08:00:02] Credit Warning SMS Yellow Zone log.INFO: Credit warning SMS sent to customer 58leona [] []
[2020-04-06 08:00:02] Credit Warning SMS Yellow Zone log.INFO: Sending credit warning SMS to customer 104leona [] []
[2020-04-06 08:00:02] Credit Warning SMS Yellow Zone log.INFO: Credit warning SMS sent to customer 104leona [] []
[2020-04-06 08:00:02] Credit Warning SMS Yellow Zone log.INFO: Sending credit warning SMS to customer 31leona [] []
[2020-04-06 08:00:03] Credit Warning SMS Yellow Zone log.INFO: Credit warning SMS sent to customer 31leona [] []
[2020-04-06 08:00:03] Credit Warning SMS Yellow Zone log.INFO: Sending credit warning SMS to customer 76leona [] []
[2020-04-06 08:00:03] Credit Warning SMS Yellow Zone log.INFO: Credit warning SMS sent to customer 76leona [] []
[2020-04-06 08:00:03] Credit Warning SMS Yellow Zone log.INFO: Sending credit warning SMS to customer 20leona [] []
[2020-04-06 08:00:03] Credit Warning SMS Yellow Zone log.INFO: Credit warning SMS sent to customer 20leona [] []
[2020-04-06 08:00:03] Credit Warning SMS Yellow Zone log.INFO: Sending credit warning SMS to customer 2charlotte [] []
[2020-04-06 08:00:03] Credit Warning SMS Yellow Zone log.INFO: Credit warning SMS sent to customer 2charlotte [] []
[2020-04-06 08:00:03] Credit Warning SMS Yellow Zone log.INFO: Sending credit warning SMS to customer 48charlotte [] []
[2020-04-06 08:00:03] Credit Warning SMS Yellow Zone log.INFO: Credit warning SMS sent to customer 48charlotte [] []
[2020-04-06 08:00:03] Credit Warning SMS Yellow Zone log.INFO: Sending credit warning SMS to customer 71charlotte [] []
[2020-04-06 08:00:03] Credit Warning SMS Yellow Zone log.INFO: Credit warning SMS sent to customer 71charlotte [] []
[2020-04-06 08:00:03] Credit Warning SMS Yellow Zone log.INFO: Sending credit warning SMS to customer 140charlotte [] []
[2020-04-06 08:00:03] Credit Warning SMS Yellow Zone log.INFO: Credit warning SMS sent to customer 140charlotte [] []
[2020-04-06 08:00:03] Credit Warning SMS Yellow Zone log.INFO: Sending credit warning SMS to customer 124charlotte [] []
[2020-04-06 08:00:03] Credit Warning SMS Yellow Zone log.INFO: Credit warning SMS sent to customer 124charlotte [] []
[2020-04-06 08:00:03] Credit Warning SMS Yellow Zone log.INFO: Sending credit warning SMS to customer 61charlotte [] []
[2020-04-06 08:00:03] Credit Warning SMS Yellow Zone log.INFO: Credit warning SMS sent to customer 61charlotte [] []
[2020-04-06 08:00:03] Credit Warning SMS Yellow Zone log.INFO: Sending credit warning SMS to customer 6bridgefield [] []
[2020-04-06 08:00:03] Credit Warning SMS Yellow Zone log.INFO: Credit warning SMS sent to customer 6bridgefield [] []
[2020-04-06 08:00:03] Credit Warning SMS Yellow Zone log.INFO: Sending credit warning SMS to customer 21bridgefield [] []
[2020-04-06 08:00:03] Credit Warning SMS Yellow Zone log.INFO: Credit warning SMS sent to customer 21bridgefield [] []
[2020-04-06 08:00:03] Credit Warning SMS Yellow Zone log.INFO: Sending credit warning SMS to customer 13bridgefield [] []
[2020-04-06 08:00:03] Credit Warning SMS Yellow Zone log.INFO: Credit warning SMS sent to customer 13bridgefield [] []
[2020-04-06 08:00:03] Credit Warning SMS Yellow Zone log.INFO: Sending credit warning SMS to customer 95bridgefield [] []
[2020-04-06 08:00:03] Credit Warning SMS Yellow Zone log.INFO: Credit warning SMS sent to customer 95bridgefield [] []
[2020-04-06 08:00:03] Credit Warning SMS Yellow Zone log.INFO: Sending credit warning SMS to customer 150bridgefield [] []
[2020-04-06 08:00:03] Credit Warning SMS Yellow Zone log.INFO: Credit warning SMS sent to customer 150bridgefield [] []
[2020-04-06 08:00:03] Credit Warning SMS Yellow Zone log.INFO: Sending credit warning SMS to customer 33pappan [] []
[2020-04-06 08:00:03] Credit Warning SMS Yellow Zone log.INFO: Credit warning SMS sent to customer 33pappan [] []
[2020-04-06 08:00:03] Credit Warning SMS Yellow Zone log.INFO: Sending credit warning SMS to customer 23pappan [] []
[2020-04-06 08:00:03] Credit Warning SMS Yellow Zone log.INFO: Credit warning SMS sent to customer 23pappan [] []
[2020-04-06 08:00:03] Credit Warning SMS Yellow Zone log.INFO: Sending credit warning SMS to customer 18pappan [] []
[2020-04-06 08:00:03] Credit Warning SMS Yellow Zone log.INFO: Credit warning SMS sent to customer 18pappan [] []
[2020-04-06 08:00:03] Credit Warning SMS Yellow Zone log.INFO: Sending credit warning SMS to customer 26pappan [] []
[2020-04-06 08:00:03] Credit Warning SMS Yellow Zone log.INFO: Credit warning SMS sent to customer 26pappan [] []
[2020-04-06 08:00:03] Credit Warning SMS Yellow Zone log.INFO: Sending credit warning SMS to customer 108fairways [] []
[2020-04-06 08:00:03] Credit Warning SMS Yellow Zone log.INFO: Credit warning SMS sent to customer 108fairways [] []
[2020-04-06 08:00:03] Credit Warning SMS Yellow Zone log.INFO: Sending credit warning SMS to customer 118fairways [] []
[2020-04-06 08:00:03] Credit Warning SMS Yellow Zone log.INFO: Credit warning SMS sent to customer 118fairways [] []
[2020-04-06 08:00:03] Credit Warning SMS Yellow Zone log.INFO: Sending credit warning SMS to customer 143fairways [] []
[2020-04-06 08:00:03] Credit Warning SMS Yellow Zone log.INFO: Credit warning SMS sent to customer 143fairways [] []
[2020-04-06 08:00:03] Credit Warning SMS Yellow Zone log.INFO: Sending credit warning SMS to customer 12fairways [] []
[2020-04-06 08:00:03] Credit Warning SMS Yellow Zone log.INFO: Credit warning SMS sent to customer 12fairways [] []
[2020-04-06 08:00:03] Credit Warning SMS Yellow Zone log.INFO: Sending credit warning SMS to customer 26fairways [] []
[2020-04-06 08:00:03] Credit Warning SMS Yellow Zone log.INFO: Credit warning SMS sent to customer 26fairways [] []
[2020-04-06 08:00:03] Credit Warning SMS Yellow Zone log.INFO: Sending credit warning SMS to customer 56fairways [] []
[2020-04-06 08:00:03] Credit Warning SMS Yellow Zone log.INFO: Credit warning SMS sent to customer 56fairways [] []
[2020-04-06 08:00:03] Credit Warning SMS Yellow Zone log.INFO: Sending credit warning SMS to customer 3fairways [] []
[2020-04-06 08:00:03] Credit Warning SMS Yellow Zone log.INFO: Credit warning SMS sent to customer 3fairways [] []
[2020-04-06 08:00:03] Credit Warning SMS Yellow Zone log.INFO: Sending credit warning SMS to customer 52herberthill [] []
[2020-04-06 08:00:03] Credit Warning SMS Yellow Zone log.INFO: Credit warning SMS sent to customer 52herberthill [] []
[2020-04-06 08:00:03] Credit Warning SMS Yellow Zone log.INFO: Sending credit warning SMS to customer 73herberthill [] []
[2020-04-06 08:00:03] Credit Warning SMS Yellow Zone log.INFO: Credit warning SMS sent to customer 73herberthill [] []
[2020-04-06 08:00:03] Credit Warning SMS Yellow Zone log.INFO: Sending credit warning SMS to customer 24herberthill [] []
[2020-04-06 08:00:03] Credit Warning SMS Yellow Zone log.INFO: Credit warning SMS sent to customer 24herberthill [] []
[2020-04-06 08:00:03] Credit Warning SMS Yellow Zone log.INFO: Sending credit warning SMS to customer 18marina [] []
[2020-04-06 08:00:03] Credit Warning SMS Yellow Zone log.INFO: Credit warning SMS sent to customer 18marina [] []
[2020-04-06 08:00:03] Credit Warning SMS Yellow Zone log.INFO: Sent Credit warning SMS to 68 customers! [] []
