[2020-01-20 08:00:02] Credit Warning SMS Yellow Zone log.INFO: Sending credit warning SMS to customer 12sundayswell [] []
[2020-01-20 08:00:02] Credit Warning SMS Yellow Zone log.INFO: Credit warning SMS sent to customer 12sundayswell [] []
[2020-01-20 08:00:02] Credit Warning SMS Yellow Zone log.INFO: Sending credit warning SMS to customer 15sundayswell [] []
[2020-01-20 08:00:02] Credit Warning SMS Yellow Zone log.INFO: Credit warning SMS sent to customer 15sundayswell [] []
[2020-01-20 08:00:02] Credit Warning SMS Yellow Zone log.INFO: Sending credit warning SMS to customer 8garryknock [] []
[2020-01-20 08:00:02] Credit Warning SMS Yellow Zone log.INFO: Credit warning SMS sent to customer 8garryknock [] []
[2020-01-20 08:00:02] Credit Warning SMS Yellow Zone log.INFO: Sending credit warning SMS to customer 12garryknock [] []
[2020-01-20 08:00:02] Credit Warning SMS Yellow Zone log.INFO: Credit warning SMS sent to customer 12garryknock [] []
[2020-01-20 08:00:02] Credit Warning SMS Yellow Zone log.INFO: Sending credit warning SMS to customer 16brackenview [] []
[2020-01-20 08:00:02] Credit Warning SMS Yellow Zone log.INFO: Credit warning SMS sent to customer 16brackenview [] []
[2020-01-20 08:00:02] Credit Warning SMS Yellow Zone log.INFO: Sending credit warning SMS to customer 13sundayswell [] []
[2020-01-20 08:00:02] Credit Warning SMS Yellow Zone log.INFO: Credit warning SMS sent to customer 13sundayswell [] []
[2020-01-20 08:00:02] Credit Warning SMS Yellow Zone log.INFO: Sending credit warning SMS to customer 8Emerald [] []
[2020-01-20 08:00:02] Credit Warning SMS Yellow Zone log.INFO: Credit warning SMS sent to customer 8Emerald [] []
[2020-01-20 08:00:02] Credit Warning SMS Yellow Zone log.INFO: Sending credit warning SMS to customer 1Emerald [] []
[2020-01-20 08:00:02] Credit Warning SMS Yellow Zone log.INFO: Credit warning SMS sent to customer 1Emerald [] []
[2020-01-20 08:00:02] Credit Warning SMS Yellow Zone log.INFO: Sending credit warning SMS to customer 49Emerald [] []
[2020-01-20 08:00:03] Credit Warning SMS Yellow Zone log.INFO: Credit warning SMS sent to customer 49Emerald [] []
[2020-01-20 08:00:03] Credit Warning SMS Yellow Zone log.INFO: Sending credit warning SMS to customer 7Emerald [] []
[2020-01-20 08:00:03] Credit Warning SMS Yellow Zone log.INFO: Credit warning SMS sent to customer 7Emerald [] []
[2020-01-20 08:00:03] Credit Warning SMS Yellow Zone log.INFO: Sending credit warning SMS to customer 6Emerald [] []
[2020-01-20 08:00:03] Credit Warning SMS Yellow Zone log.INFO: Credit warning SMS sent to customer 6Emerald [] []
[2020-01-20 08:00:03] Credit Warning SMS Yellow Zone log.INFO: Sending credit warning SMS to customer 177neptune [] []
[2020-01-20 08:00:03] Credit Warning SMS Yellow Zone log.INFO: Credit warning SMS sent to customer 177neptune [] []
[2020-01-20 08:00:03] Credit Warning SMS Yellow Zone log.INFO: Sending credit warning SMS to customer 117Neptune [] []
[2020-01-20 08:00:03] Credit Warning SMS Yellow Zone log.INFO: Credit warning SMS sent to customer 117Neptune [] []
[2020-01-20 08:00:03] Credit Warning SMS Yellow Zone log.INFO: Sending credit warning SMS to customer 157Neptune [] []
[2020-01-20 08:00:03] Credit Warning SMS Yellow Zone log.INFO: Credit warning SMS sent to customer 157Neptune [] []
[2020-01-20 08:00:03] Credit Warning SMS Yellow Zone log.INFO: Sending credit warning SMS to customer 175neptune [] []
[2020-01-20 08:00:03] Credit Warning SMS Yellow Zone log.INFO: Credit warning SMS sent to customer 175neptune [] []
[2020-01-20 08:00:03] Credit Warning SMS Yellow Zone log.INFO: Sending credit warning SMS to customer 142Neptune [] []
[2020-01-20 08:00:03] Credit Warning SMS Yellow Zone log.INFO: Credit warning SMS sent to customer 142Neptune [] []
[2020-01-20 08:00:03] Credit Warning SMS Yellow Zone log.INFO: Sending credit warning SMS to customer 159Neptune [] []
[2020-01-20 08:00:03] Credit Warning SMS Yellow Zone log.INFO: Credit warning SMS sent to customer 159Neptune [] []
[2020-01-20 08:00:03] Credit Warning SMS Yellow Zone log.INFO: Sending credit warning SMS to customer 99Neptune [] []
[2020-01-20 08:00:03] Credit Warning SMS Yellow Zone log.INFO: Credit warning SMS sent to customer 99Neptune [] []
[2020-01-20 08:00:03] Credit Warning SMS Yellow Zone log.INFO: Sending credit warning SMS to customer 153Neptune [] []
[2020-01-20 08:00:03] Credit Warning SMS Yellow Zone log.INFO: Credit warning SMS sent to customer 153Neptune [] []
[2020-01-20 08:00:03] Credit Warning SMS Yellow Zone log.INFO: Sending credit warning SMS to customer 145Neptune [] []
[2020-01-20 08:00:03] Credit Warning SMS Yellow Zone log.INFO: Credit warning SMS sent to customer 145Neptune [] []
[2020-01-20 08:00:03] Credit Warning SMS Yellow Zone log.INFO: Sending credit warning SMS to customer 139Neptune [] []
[2020-01-20 08:00:03] Credit Warning SMS Yellow Zone log.INFO: Credit warning SMS sent to customer 139Neptune [] []
[2020-01-20 08:00:03] Credit Warning SMS Yellow Zone log.INFO: Sending credit warning SMS to customer 108Neptune [] []
[2020-01-20 08:00:03] Credit Warning SMS Yellow Zone log.INFO: Credit warning SMS sent to customer 108Neptune [] []
[2020-01-20 08:00:03] Credit Warning SMS Yellow Zone log.INFO: Sending credit warning SMS to customer 131Neptune [] []
[2020-01-20 08:00:03] Credit Warning SMS Yellow Zone log.INFO: Credit warning SMS sent to customer 131Neptune [] []
[2020-01-20 08:00:03] Credit Warning SMS Yellow Zone log.INFO: Sending credit warning SMS to customer 165neptune [] []
[2020-01-20 08:00:03] Credit Warning SMS Yellow Zone log.INFO: Credit warning SMS sent to customer 165neptune [] []
[2020-01-20 08:00:03] Credit Warning SMS Yellow Zone log.INFO: Sending credit warning SMS to customer 20neptune [] []
[2020-01-20 08:00:03] Credit Warning SMS Yellow Zone log.INFO: Credit warning SMS sent to customer 20neptune [] []
[2020-01-20 08:00:03] Credit Warning SMS Yellow Zone log.INFO: Sending credit warning SMS to customer 8neptune [] []
[2020-01-20 08:00:03] Credit Warning SMS Yellow Zone log.INFO: Credit warning SMS sent to customer 8neptune [] []
[2020-01-20 08:00:03] Credit Warning SMS Yellow Zone log.INFO: Sending credit warning SMS to customer 13neptune [] []
[2020-01-20 08:00:03] Credit Warning SMS Yellow Zone log.INFO: Credit warning SMS sent to customer 13neptune [] []
[2020-01-20 08:00:03] Credit Warning SMS Yellow Zone log.INFO: Sending credit warning SMS to customer 40neptune [] []
[2020-01-20 08:00:03] Credit Warning SMS Yellow Zone log.INFO: Credit warning SMS sent to customer 40neptune [] []
[2020-01-20 08:00:03] Credit Warning SMS Yellow Zone log.INFO: Sending credit warning SMS to customer 1Abbott [] []
[2020-01-20 08:00:03] Credit Warning SMS Yellow Zone log.INFO: Credit warning SMS sent to customer 1Abbott [] []
[2020-01-20 08:00:03] Credit Warning SMS Yellow Zone log.INFO: Sending credit warning SMS to customer 10Abbott [] []
[2020-01-20 08:00:03] Credit Warning SMS Yellow Zone log.INFO: Credit warning SMS sent to customer 10Abbott [] []
[2020-01-20 08:00:03] Credit Warning SMS Yellow Zone log.INFO: Sending credit warning SMS to customer 21Abbott [] []
[2020-01-20 08:00:03] Credit Warning SMS Yellow Zone log.INFO: Credit warning SMS sent to customer 21Abbott [] []
[2020-01-20 08:00:03] Credit Warning SMS Yellow Zone log.INFO: Sending credit warning SMS to customer 25Abbott [] []
[2020-01-20 08:00:03] Credit Warning SMS Yellow Zone log.INFO: Credit warning SMS sent to customer 25Abbott [] []
[2020-01-20 08:00:03] Credit Warning SMS Yellow Zone log.INFO: Sending credit warning SMS to customer 28Abbott [] []
[2020-01-20 08:00:03] Credit Warning SMS Yellow Zone log.INFO: Credit warning SMS sent to customer 28Abbott [] []
[2020-01-20 08:00:03] Credit Warning SMS Yellow Zone log.INFO: Sending credit warning SMS to customer 73Abbott [] []
[2020-01-20 08:00:03] Credit Warning SMS Yellow Zone log.INFO: Credit warning SMS sent to customer 73Abbott [] []
[2020-01-20 08:00:03] Credit Warning SMS Yellow Zone log.INFO: Sending credit warning SMS to customer 59Abbott [] []
[2020-01-20 08:00:03] Credit Warning SMS Yellow Zone log.INFO: Credit warning SMS sent to customer 59Abbott [] []
[2020-01-20 08:00:03] Credit Warning SMS Yellow Zone log.INFO: Sending credit warning SMS to customer 62Abbott [] []
[2020-01-20 08:00:03] Credit Warning SMS Yellow Zone log.INFO: Credit warning SMS sent to customer 62Abbott [] []
[2020-01-20 08:00:03] Credit Warning SMS Yellow Zone log.INFO: Sending credit warning SMS to customer 82Abbott [] []
[2020-01-20 08:00:03] Credit Warning SMS Yellow Zone log.INFO: Credit warning SMS sent to customer 82Abbott [] []
[2020-01-20 08:00:03] Credit Warning SMS Yellow Zone log.INFO: Sending credit warning SMS to customer 84Abbott [] []
[2020-01-20 08:00:03] Credit Warning SMS Yellow Zone log.INFO: Credit warning SMS sent to customer 84Abbott [] []
[2020-01-20 08:00:03] Credit Warning SMS Yellow Zone log.INFO: Sending credit warning SMS to customer 44Abbott [] []
[2020-01-20 08:00:04] Credit Warning SMS Yellow Zone log.INFO: Credit warning SMS sent to customer 44Abbott [] []
[2020-01-20 08:00:04] Credit Warning SMS Yellow Zone log.INFO: Sending credit warning SMS to customer 61Abbott [] []
[2020-01-20 08:00:04] Credit Warning SMS Yellow Zone log.INFO: Credit warning SMS sent to customer 61Abbott [] []
[2020-01-20 08:00:04] Credit Warning SMS Yellow Zone log.INFO: Sending credit warning SMS to customer 91Abbott [] []
[2020-01-20 08:00:04] Credit Warning SMS Yellow Zone log.INFO: Credit warning SMS sent to customer 91Abbott [] []
[2020-01-20 08:00:04] Credit Warning SMS Yellow Zone log.INFO: Sending credit warning SMS to customer 71Abbott [] []
[2020-01-20 08:00:04] Credit Warning SMS Yellow Zone log.INFO: Credit warning SMS sent to customer 71Abbott [] []
[2020-01-20 08:00:04] Credit Warning SMS Yellow Zone log.INFO: Sending credit warning SMS to customer 100Abbott [] []
[2020-01-20 08:00:04] Credit Warning SMS Yellow Zone log.INFO: Credit warning SMS sent to customer 100Abbott [] []
[2020-01-20 08:00:04] Credit Warning SMS Yellow Zone log.INFO: Sending credit warning SMS to customer 105Abbott [] []
[2020-01-20 08:00:04] Credit Warning SMS Yellow Zone log.INFO: Credit warning SMS sent to customer 105Abbott [] []
[2020-01-20 08:00:04] Credit Warning SMS Yellow Zone log.INFO: Sending credit warning SMS to customer 109Abbott [] []
[2020-01-20 08:00:04] Credit Warning SMS Yellow Zone log.INFO: Credit warning SMS sent to customer 109Abbott [] []
[2020-01-20 08:00:04] Credit Warning SMS Yellow Zone log.INFO: Sending credit warning SMS to customer 119Abbott [] []
[2020-01-20 08:00:04] Credit Warning SMS Yellow Zone log.INFO: Credit warning SMS sent to customer 119Abbott [] []
[2020-01-20 08:00:04] Credit Warning SMS Yellow Zone log.INFO: Sending credit warning SMS to customer 98Abbott [] []
[2020-01-20 08:00:04] Credit Warning SMS Yellow Zone log.INFO: Credit warning SMS sent to customer 98Abbott [] []
[2020-01-20 08:00:04] Credit Warning SMS Yellow Zone log.INFO: Sending credit warning SMS to customer 81Abbott [] []
[2020-01-20 08:00:04] Credit Warning SMS Yellow Zone log.INFO: Credit warning SMS sent to customer 81Abbott [] []
[2020-01-20 08:00:04] Credit Warning SMS Yellow Zone log.INFO: Sending credit warning SMS to customer 102Abbott [] []
[2020-01-20 08:00:04] Credit Warning SMS Yellow Zone log.INFO: Credit warning SMS sent to customer 102Abbott [] []
[2020-01-20 08:00:04] Credit Warning SMS Yellow Zone log.INFO: Sending credit warning SMS to customer 124Abbott [] []
[2020-01-20 08:00:04] Credit Warning SMS Yellow Zone log.INFO: Credit warning SMS sent to customer 124Abbott [] []
[2020-01-20 08:00:04] Credit Warning SMS Yellow Zone log.INFO: Sending credit warning SMS to customer 136abbott [] []
[2020-01-20 08:00:04] Credit Warning SMS Yellow Zone log.INFO: Credit warning SMS sent to customer 136abbott [] []
[2020-01-20 08:00:04] Credit Warning SMS Yellow Zone log.INFO: Sending credit warning SMS to customer 180abbott [] []
[2020-01-20 08:00:04] Credit Warning SMS Yellow Zone log.INFO: Credit warning SMS sent to customer 180abbott [] []
[2020-01-20 08:00:04] Credit Warning SMS Yellow Zone log.INFO: Sending credit warning SMS to customer 127abbott [] []
[2020-01-20 08:00:04] Credit Warning SMS Yellow Zone log.INFO: Credit warning SMS sent to customer 127abbott [] []
[2020-01-20 08:00:04] Credit Warning SMS Yellow Zone log.INFO: Sending credit warning SMS to customer 188abbott [] []
[2020-01-20 08:00:04] Credit Warning SMS Yellow Zone log.INFO: Credit warning SMS sent to customer 188abbott [] []
[2020-01-20 08:00:04] Credit Warning SMS Yellow Zone log.INFO: Sending credit warning SMS to customer 176abbott [] []
[2020-01-20 08:00:04] Credit Warning SMS Yellow Zone log.INFO: Credit warning SMS sent to customer 176abbott [] []
[2020-01-20 08:00:04] Credit Warning SMS Yellow Zone log.INFO: Sending credit warning SMS to customer 173abbott [] []
[2020-01-20 08:00:04] Credit Warning SMS Yellow Zone log.INFO: Credit warning SMS sent to customer 173abbott [] []
[2020-01-20 08:00:04] Credit Warning SMS Yellow Zone log.INFO: Sending credit warning SMS to customer 175abbott [] []
[2020-01-20 08:00:04] Credit Warning SMS Yellow Zone log.INFO: Credit warning SMS sent to customer 175abbott [] []
[2020-01-20 08:00:04] Credit Warning SMS Yellow Zone log.INFO: Sending credit warning SMS to customer 15GreenBank [] []
[2020-01-20 08:00:04] Credit Warning SMS Yellow Zone log.INFO: Credit warning SMS sent to customer 15GreenBank [] []
[2020-01-20 08:00:04] Credit Warning SMS Yellow Zone log.INFO: Sending credit warning SMS to customer 10GreenBank [] []
[2020-01-20 08:00:04] Credit Warning SMS Yellow Zone log.INFO: Credit warning SMS sent to customer 10GreenBank [] []
[2020-01-20 08:00:04] Credit Warning SMS Yellow Zone log.INFO: Sending credit warning SMS to customer 128abbott [] []
[2020-01-20 08:00:04] Credit Warning SMS Yellow Zone log.INFO: Credit warning SMS sent to customer 128abbott [] []
[2020-01-20 08:00:04] Credit Warning SMS Yellow Zone log.INFO: Sending credit warning SMS to customer 87eustace [] []
[2020-01-20 08:00:04] Credit Warning SMS Yellow Zone log.INFO: Credit warning SMS sent to customer 87eustace [] []
[2020-01-20 08:00:04] Credit Warning SMS Yellow Zone log.INFO: Sending credit warning SMS to customer 36eustace [] []
[2020-01-20 08:00:04] Credit Warning SMS Yellow Zone log.INFO: Credit warning SMS sent to customer 36eustace [] []
[2020-01-20 08:00:04] Credit Warning SMS Yellow Zone log.INFO: Sending credit warning SMS to customer 15eustace [] []
[2020-01-20 08:00:04] Credit Warning SMS Yellow Zone log.INFO: Credit warning SMS sent to customer 15eustace [] []
[2020-01-20 08:00:04] Credit Warning SMS Yellow Zone log.INFO: Sending credit warning SMS to customer 67eustace [] []
[2020-01-20 08:00:04] Credit Warning SMS Yellow Zone log.INFO: Credit warning SMS sent to customer 67eustace [] []
[2020-01-20 08:00:04] Credit Warning SMS Yellow Zone log.INFO: Sending credit warning SMS to customer 3leona [] []
[2020-01-20 08:00:04] Credit Warning SMS Yellow Zone log.INFO: Credit warning SMS sent to customer 3leona [] []
[2020-01-20 08:00:04] Credit Warning SMS Yellow Zone log.INFO: Sending credit warning SMS to customer 27leona [] []
[2020-01-20 08:00:04] Credit Warning SMS Yellow Zone log.INFO: Credit warning SMS sent to customer 27leona [] []
[2020-01-20 08:00:04] Credit Warning SMS Yellow Zone log.INFO: Sending credit warning SMS to customer 5leona [] []
[2020-01-20 08:00:04] Credit Warning SMS Yellow Zone log.INFO: Credit warning SMS sent to customer 5leona [] []
[2020-01-20 08:00:04] Credit Warning SMS Yellow Zone log.INFO: Sending credit warning SMS to customer 153leona [] []
[2020-01-20 08:00:04] Credit Warning SMS Yellow Zone log.INFO: Credit warning SMS sent to customer 153leona [] []
[2020-01-20 08:00:04] Credit Warning SMS Yellow Zone log.INFO: Sending credit warning SMS to customer 135leona [] []
[2020-01-20 08:00:04] Credit Warning SMS Yellow Zone log.INFO: Credit warning SMS sent to customer 135leona [] []
[2020-01-20 08:00:04] Credit Warning SMS Yellow Zone log.INFO: Sending credit warning SMS to customer 130leona [] []
[2020-01-20 08:00:05] Credit Warning SMS Yellow Zone log.INFO: Credit warning SMS sent to customer 130leona [] []
[2020-01-20 08:00:05] Credit Warning SMS Yellow Zone log.INFO: Sending credit warning SMS to customer 36leona [] []
[2020-01-20 08:00:05] Credit Warning SMS Yellow Zone log.INFO: Credit warning SMS sent to customer 36leona [] []
[2020-01-20 08:00:05] Credit Warning SMS Yellow Zone log.INFO: Sending credit warning SMS to customer 53leona [] []
[2020-01-20 08:00:05] Credit Warning SMS Yellow Zone log.INFO: Credit warning SMS sent to customer 53leona [] []
[2020-01-20 08:00:05] Credit Warning SMS Yellow Zone log.INFO: Sending credit warning SMS to customer 35leona [] []
[2020-01-20 08:00:05] Credit Warning SMS Yellow Zone log.INFO: Credit warning SMS sent to customer 35leona [] []
[2020-01-20 08:00:05] Credit Warning SMS Yellow Zone log.INFO: Sending credit warning SMS to customer 69leona [] []
[2020-01-20 08:00:05] Credit Warning SMS Yellow Zone log.INFO: Credit warning SMS sent to customer 69leona [] []
[2020-01-20 08:00:05] Credit Warning SMS Yellow Zone log.INFO: Sending credit warning SMS to customer 89leona [] []
[2020-01-20 08:00:05] Credit Warning SMS Yellow Zone log.INFO: Credit warning SMS sent to customer 89leona [] []
[2020-01-20 08:00:05] Credit Warning SMS Yellow Zone log.INFO: Sending credit warning SMS to customer 95leona [] []
[2020-01-20 08:00:05] Credit Warning SMS Yellow Zone log.INFO: Credit warning SMS sent to customer 95leona [] []
[2020-01-20 08:00:05] Credit Warning SMS Yellow Zone log.INFO: Sending credit warning SMS to customer 155leona [] []
[2020-01-20 08:00:05] Credit Warning SMS Yellow Zone log.INFO: Credit warning SMS sent to customer 155leona [] []
[2020-01-20 08:00:05] Credit Warning SMS Yellow Zone log.INFO: Sending credit warning SMS to customer 4leona [] []
[2020-01-20 08:00:05] Credit Warning SMS Yellow Zone log.INFO: Credit warning SMS sent to customer 4leona [] []
[2020-01-20 08:00:05] Credit Warning SMS Yellow Zone log.INFO: Sending credit warning SMS to customer 68leona [] []
[2020-01-20 08:00:05] Credit Warning SMS Yellow Zone log.INFO: Credit warning SMS sent to customer 68leona [] []
[2020-01-20 08:00:05] Credit Warning SMS Yellow Zone log.INFO: Sending credit warning SMS to customer 98leona [] []
[2020-01-20 08:00:05] Credit Warning SMS Yellow Zone log.INFO: Credit warning SMS sent to customer 98leona [] []
[2020-01-20 08:00:05] Credit Warning SMS Yellow Zone log.INFO: Sending credit warning SMS to customer 85leona [] []
[2020-01-20 08:00:05] Credit Warning SMS Yellow Zone log.INFO: Credit warning SMS sent to customer 85leona [] []
[2020-01-20 08:00:05] Credit Warning SMS Yellow Zone log.INFO: Sending credit warning SMS to customer 127charlotte [] []
[2020-01-20 08:00:05] Credit Warning SMS Yellow Zone log.INFO: Credit warning SMS sent to customer 127charlotte [] []
[2020-01-20 08:00:05] Credit Warning SMS Yellow Zone log.INFO: Sending credit warning SMS to customer 131charlotte [] []
[2020-01-20 08:00:05] Credit Warning SMS Yellow Zone log.INFO: Credit warning SMS sent to customer 131charlotte [] []
[2020-01-20 08:00:05] Credit Warning SMS Yellow Zone log.INFO: Sending credit warning SMS to customer 147charlotte [] []
[2020-01-20 08:00:05] Credit Warning SMS Yellow Zone log.INFO: Credit warning SMS sent to customer 147charlotte [] []
[2020-01-20 08:00:05] Credit Warning SMS Yellow Zone log.INFO: Sending credit warning SMS to customer 34charlotte [] []
[2020-01-20 08:00:05] Credit Warning SMS Yellow Zone log.INFO: Credit warning SMS sent to customer 34charlotte [] []
[2020-01-20 08:00:05] Credit Warning SMS Yellow Zone log.INFO: Sending credit warning SMS to customer 30charlotte [] []
[2020-01-20 08:00:05] Credit Warning SMS Yellow Zone log.INFO: Credit warning SMS sent to customer 30charlotte [] []
[2020-01-20 08:00:05] Credit Warning SMS Yellow Zone log.INFO: Sending credit warning SMS to customer 39charlotte [] []
[2020-01-20 08:00:05] Credit Warning SMS Yellow Zone log.INFO: Credit warning SMS sent to customer 39charlotte [] []
[2020-01-20 08:00:05] Credit Warning SMS Yellow Zone log.INFO: Sending credit warning SMS to customer 82charlotte [] []
[2020-01-20 08:00:05] Credit Warning SMS Yellow Zone log.INFO: Credit warning SMS sent to customer 82charlotte [] []
[2020-01-20 08:00:05] Credit Warning SMS Yellow Zone log.INFO: Sending credit warning SMS to customer 73charlotte [] []
[2020-01-20 08:00:05] Credit Warning SMS Yellow Zone log.INFO: Credit warning SMS sent to customer 73charlotte [] []
[2020-01-20 08:00:05] Credit Warning SMS Yellow Zone log.INFO: Sending credit warning SMS to customer 96charlotte [] []
[2020-01-20 08:00:05] Credit Warning SMS Yellow Zone log.INFO: Credit warning SMS sent to customer 96charlotte [] []
[2020-01-20 08:00:05] Credit Warning SMS Yellow Zone log.INFO: Sending credit warning SMS to customer 140charlotte [] []
[2020-01-20 08:00:05] Credit Warning SMS Yellow Zone log.INFO: Credit warning SMS sent to customer 140charlotte [] []
[2020-01-20 08:00:05] Credit Warning SMS Yellow Zone log.INFO: Sending credit warning SMS to customer 155charlotte [] []
[2020-01-20 08:00:05] Credit Warning SMS Yellow Zone log.INFO: Credit warning SMS sent to customer 155charlotte [] []
[2020-01-20 08:00:05] Credit Warning SMS Yellow Zone log.INFO: Sending credit warning SMS to customer 124charlotte [] []
[2020-01-20 08:00:05] Credit Warning SMS Yellow Zone log.INFO: Credit warning SMS sent to customer 124charlotte [] []
[2020-01-20 08:00:05] Credit Warning SMS Yellow Zone log.INFO: Sending credit warning SMS to customer 68charlotte [] []
[2020-01-20 08:00:05] Credit Warning SMS Yellow Zone log.INFO: Credit warning SMS sent to customer 68charlotte [] []
[2020-01-20 08:00:05] Credit Warning SMS Yellow Zone log.INFO: Sending credit warning SMS to customer 6bridgefield [] []
[2020-01-20 08:00:05] Credit Warning SMS Yellow Zone log.INFO: Credit warning SMS sent to customer 6bridgefield [] []
[2020-01-20 08:00:05] Credit Warning SMS Yellow Zone log.INFO: Sending credit warning SMS to customer 66bridgefield [] []
[2020-01-20 08:00:05] Credit Warning SMS Yellow Zone log.INFO: Credit warning SMS sent to customer 66bridgefield [] []
[2020-01-20 08:00:05] Credit Warning SMS Yellow Zone log.INFO: Sending credit warning SMS to customer 39bridgefield [] []
[2020-01-20 08:00:05] Credit Warning SMS Yellow Zone log.INFO: Credit warning SMS sent to customer 39bridgefield [] []
[2020-01-20 08:00:05] Credit Warning SMS Yellow Zone log.INFO: Sending credit warning SMS to customer 52bridgefield [] []
[2020-01-20 08:00:05] Credit Warning SMS Yellow Zone log.INFO: Credit warning SMS sent to customer 52bridgefield [] []
[2020-01-20 08:00:05] Credit Warning SMS Yellow Zone log.INFO: Sending credit warning SMS to customer 58bridgefield [] []
[2020-01-20 08:00:05] Credit Warning SMS Yellow Zone log.INFO: Credit warning SMS sent to customer 58bridgefield [] []
[2020-01-20 08:00:05] Credit Warning SMS Yellow Zone log.INFO: Sending credit warning SMS to customer 35pappan [] []
[2020-01-20 08:00:06] Credit Warning SMS Yellow Zone log.INFO: Credit warning SMS sent to customer 35pappan [] []
[2020-01-20 08:00:06] Credit Warning SMS Yellow Zone log.INFO: Sending credit warning SMS to customer 72fairways [] []
[2020-01-20 08:00:06] Credit Warning SMS Yellow Zone log.INFO: Credit warning SMS sent to customer 72fairways [] []
[2020-01-20 08:00:06] Credit Warning SMS Yellow Zone log.INFO: Sending credit warning SMS to customer 133fairways [] []
[2020-01-20 08:00:06] Credit Warning SMS Yellow Zone log.INFO: Credit warning SMS sent to customer 133fairways [] []
[2020-01-20 08:00:06] Credit Warning SMS Yellow Zone log.INFO: Sending credit warning SMS to customer 152fairways [] []
[2020-01-20 08:00:06] Credit Warning SMS Yellow Zone log.INFO: Credit warning SMS sent to customer 152fairways [] []
[2020-01-20 08:00:06] Credit Warning SMS Yellow Zone log.INFO: Sending credit warning SMS to customer 86fairways [] []
[2020-01-20 08:00:06] Credit Warning SMS Yellow Zone log.INFO: Credit warning SMS sent to customer 86fairways [] []
[2020-01-20 08:00:06] Credit Warning SMS Yellow Zone log.INFO: Sending credit warning SMS to customer 7fairways [] []
[2020-01-20 08:00:06] Credit Warning SMS Yellow Zone log.INFO: Credit warning SMS sent to customer 7fairways [] []
[2020-01-20 08:00:06] Credit Warning SMS Yellow Zone log.INFO: Sending credit warning SMS to customer 54herberthill [] []
[2020-01-20 08:00:06] Credit Warning SMS Yellow Zone log.INFO: Credit warning SMS sent to customer 54herberthill [] []
[2020-01-20 08:00:06] Credit Warning SMS Yellow Zone log.INFO: Sending credit warning SMS to customer 37marina [] []
[2020-01-20 08:00:06] Credit Warning SMS Yellow Zone log.INFO: Credit warning SMS sent to customer 37marina [] []
[2020-01-20 08:00:06] Credit Warning SMS Yellow Zone log.INFO: Sent Credit warning SMS to 107 customers! [] []
