[2020-08-27 08:00:01] Credit Warning SMS Yellow Zone log.INFO: Sending credit warning SMS to customer 11sundayswell [] []
[2020-08-27 08:00:01] Credit Warning SMS Yellow Zone log.INFO: Credit warning SMS sent to customer 11sundayswell [] []
[2020-08-27 08:00:01] Credit Warning SMS Yellow Zone log.INFO: Sending credit warning SMS to customer 13sundayswell [] []
[2020-08-27 08:00:01] Credit Warning SMS Yellow Zone log.INFO: Credit warning SMS sent to customer 13sundayswell [] []
[2020-08-27 08:00:01] Credit Warning SMS Yellow Zone log.INFO: Sending credit warning SMS to customer 48Emerald [] []
[2020-08-27 08:00:01] Credit Warning SMS Yellow Zone log.INFO: Credit warning SMS sent to customer 48Emerald [] []
[2020-08-27 08:00:01] Credit Warning SMS Yellow Zone log.INFO: Sending credit warning SMS to customer 117Neptune [] []
[2020-08-27 08:00:01] Credit Warning SMS Yellow Zone log.INFO: Credit warning SMS sent to customer 117Neptune [] []
[2020-08-27 08:00:01] Credit Warning SMS Yellow Zone log.INFO: Sending credit warning SMS to customer 116Neptune [] []
[2020-08-27 08:00:01] Credit Warning SMS Yellow Zone log.INFO: Credit warning SMS sent to customer 116Neptune [] []
[2020-08-27 08:00:01] Credit Warning SMS Yellow Zone log.INFO: Sending credit warning SMS to customer 159Neptune [] []
[2020-08-27 08:00:01] Credit Warning SMS Yellow Zone log.INFO: Credit warning SMS sent to customer 159Neptune [] []
[2020-08-27 08:00:01] Credit Warning SMS Yellow Zone log.INFO: Sending credit warning SMS to customer 153Neptune [] []
[2020-08-27 08:00:02] Credit Warning SMS Yellow Zone log.INFO: Credit warning SMS sent to customer 153Neptune [] []
[2020-08-27 08:00:02] Credit Warning SMS Yellow Zone log.INFO: Sending credit warning SMS to customer 81Neptune [] []
[2020-08-27 08:00:02] Credit Warning SMS Yellow Zone log.INFO: Credit warning SMS sent to customer 81Neptune [] []
[2020-08-27 08:00:02] Credit Warning SMS Yellow Zone log.INFO: Sending credit warning SMS to customer 50Neptune [] []
[2020-08-27 08:00:02] Credit Warning SMS Yellow Zone log.INFO: Credit warning SMS sent to customer 50Neptune [] []
[2020-08-27 08:00:02] Credit Warning SMS Yellow Zone log.INFO: Sending credit warning SMS to customer 32neptune [] []
[2020-08-27 08:00:02] Credit Warning SMS Yellow Zone log.INFO: Credit warning SMS sent to customer 32neptune [] []
[2020-08-27 08:00:02] Credit Warning SMS Yellow Zone log.INFO: Sending credit warning SMS to customer 179neptune [] []
[2020-08-27 08:00:02] Credit Warning SMS Yellow Zone log.INFO: Credit warning SMS sent to customer 179neptune [] []
[2020-08-27 08:00:02] Credit Warning SMS Yellow Zone log.INFO: Sending credit warning SMS to customer 71Neptune [] []
[2020-08-27 08:00:02] Credit Warning SMS Yellow Zone log.INFO: Credit warning SMS sent to customer 71Neptune [] []
[2020-08-27 08:00:02] Credit Warning SMS Yellow Zone log.INFO: Sending credit warning SMS to customer 1Abbott [] []
[2020-08-27 08:00:02] Credit Warning SMS Yellow Zone log.INFO: Credit warning SMS sent to customer 1Abbott [] []
[2020-08-27 08:00:02] Credit Warning SMS Yellow Zone log.INFO: Sending credit warning SMS to customer 3Abbott [] []
[2020-08-27 08:00:02] Credit Warning SMS Yellow Zone log.INFO: Credit warning SMS sent to customer 3Abbott [] []
[2020-08-27 08:00:02] Credit Warning SMS Yellow Zone log.INFO: Sending credit warning SMS to customer 15Abbott [] []
[2020-08-27 08:00:02] Credit Warning SMS Yellow Zone log.INFO: Credit warning SMS sent to customer 15Abbott [] []
[2020-08-27 08:00:02] Credit Warning SMS Yellow Zone log.INFO: Sending credit warning SMS to customer 28Abbott [] []
[2020-08-27 08:00:02] Credit Warning SMS Yellow Zone log.INFO: Credit warning SMS sent to customer 28Abbott [] []
[2020-08-27 08:00:02] Credit Warning SMS Yellow Zone log.INFO: Sending credit warning SMS to customer 59Abbott [] []
[2020-08-27 08:00:02] Credit Warning SMS Yellow Zone log.INFO: Credit warning SMS sent to customer 59Abbott [] []
[2020-08-27 08:00:02] Credit Warning SMS Yellow Zone log.INFO: Sending credit warning SMS to customer 64Abbott [] []
[2020-08-27 08:00:02] Credit Warning SMS Yellow Zone log.INFO: Credit warning SMS sent to customer 64Abbott [] []
[2020-08-27 08:00:02] Credit Warning SMS Yellow Zone log.INFO: Sending credit warning SMS to customer 76Abbott [] []
[2020-08-27 08:00:02] Credit Warning SMS Yellow Zone log.INFO: Credit warning SMS sent to customer 76Abbott [] []
[2020-08-27 08:00:02] Credit Warning SMS Yellow Zone log.INFO: Sending credit warning SMS to customer 88Abbott [] []
[2020-08-27 08:00:02] Credit Warning SMS Yellow Zone log.INFO: Credit warning SMS sent to customer 88Abbott [] []
[2020-08-27 08:00:02] Credit Warning SMS Yellow Zone log.INFO: Sending credit warning SMS to customer 90Abbott [] []
[2020-08-27 08:00:02] Credit Warning SMS Yellow Zone log.INFO: Credit warning SMS sent to customer 90Abbott [] []
[2020-08-27 08:00:02] Credit Warning SMS Yellow Zone log.INFO: Sending credit warning SMS to customer 71Abbott [] []
[2020-08-27 08:00:02] Credit Warning SMS Yellow Zone log.INFO: Credit warning SMS sent to customer 71Abbott [] []
[2020-08-27 08:00:02] Credit Warning SMS Yellow Zone log.INFO: Sending credit warning SMS to customer 100Abbott [] []
[2020-08-27 08:00:02] Credit Warning SMS Yellow Zone log.INFO: Credit warning SMS sent to customer 100Abbott [] []
[2020-08-27 08:00:02] Credit Warning SMS Yellow Zone log.INFO: Sending credit warning SMS to customer 109Abbott [] []
[2020-08-27 08:00:02] Credit Warning SMS Yellow Zone log.INFO: Credit warning SMS sent to customer 109Abbott [] []
[2020-08-27 08:00:02] Credit Warning SMS Yellow Zone log.INFO: Sending credit warning SMS to customer 97Abbott [] []
[2020-08-27 08:00:02] Credit Warning SMS Yellow Zone log.INFO: Credit warning SMS sent to customer 97Abbott [] []
[2020-08-27 08:00:02] Credit Warning SMS Yellow Zone log.INFO: Sending credit warning SMS to customer 154abbott [] []
[2020-08-27 08:00:02] Credit Warning SMS Yellow Zone log.INFO: Credit warning SMS sent to customer 154abbott [] []
[2020-08-27 08:00:02] Credit Warning SMS Yellow Zone log.INFO: Sending credit warning SMS to customer 184abbott [] []
[2020-08-27 08:00:02] Credit Warning SMS Yellow Zone log.INFO: Credit warning SMS sent to customer 184abbott [] []
[2020-08-27 08:00:02] Credit Warning SMS Yellow Zone log.INFO: Sending credit warning SMS to customer 10GreenBank [] []
[2020-08-27 08:00:02] Credit Warning SMS Yellow Zone log.INFO: Credit warning SMS sent to customer 10GreenBank [] []
[2020-08-27 08:00:02] Credit Warning SMS Yellow Zone log.INFO: Sending credit warning SMS to customer 183abbott [] []
[2020-08-27 08:00:02] Credit Warning SMS Yellow Zone log.INFO: Credit warning SMS sent to customer 183abbott [] []
[2020-08-27 08:00:02] Credit Warning SMS Yellow Zone log.INFO: Sending credit warning SMS to customer 170abbott [] []
[2020-08-27 08:00:02] Credit Warning SMS Yellow Zone log.INFO: Credit warning SMS sent to customer 170abbott [] []
[2020-08-27 08:00:02] Credit Warning SMS Yellow Zone log.INFO: Sending credit warning SMS to customer 28leona [] []
[2020-08-27 08:00:02] Credit Warning SMS Yellow Zone log.INFO: Credit warning SMS sent to customer 28leona [] []
[2020-08-27 08:00:02] Credit Warning SMS Yellow Zone log.INFO: Sending credit warning SMS to customer 5leona [] []
[2020-08-27 08:00:02] Credit Warning SMS Yellow Zone log.INFO: Credit warning SMS sent to customer 5leona [] []
[2020-08-27 08:00:02] Credit Warning SMS Yellow Zone log.INFO: Sending credit warning SMS to customer 69leona [] []
[2020-08-27 08:00:02] Credit Warning SMS Yellow Zone log.INFO: Credit warning SMS sent to customer 69leona [] []
[2020-08-27 08:00:02] Credit Warning SMS Yellow Zone log.INFO: Sending credit warning SMS to customer 31leona [] []
[2020-08-27 08:00:02] Credit Warning SMS Yellow Zone log.INFO: Credit warning SMS sent to customer 31leona [] []
[2020-08-27 08:00:02] Credit Warning SMS Yellow Zone log.INFO: Sending credit warning SMS to customer 119leona [] []
[2020-08-27 08:00:03] Credit Warning SMS Yellow Zone log.INFO: Credit warning SMS sent to customer 119leona [] []
[2020-08-27 08:00:03] Credit Warning SMS Yellow Zone log.INFO: Sending credit warning SMS to customer 39leona [] []
[2020-08-27 08:00:03] Credit Warning SMS Yellow Zone log.INFO: Credit warning SMS sent to customer 39leona [] []
[2020-08-27 08:00:03] Credit Warning SMS Yellow Zone log.INFO: Sending credit warning SMS to customer 11leona [] []
[2020-08-27 08:00:03] Credit Warning SMS Yellow Zone log.INFO: Credit warning SMS sent to customer 11leona [] []
[2020-08-27 08:00:03] Credit Warning SMS Yellow Zone log.INFO: Sending credit warning SMS to customer 99leona [] []
[2020-08-27 08:00:03] Credit Warning SMS Yellow Zone log.INFO: Credit warning SMS sent to customer 99leona [] []
[2020-08-27 08:00:03] Credit Warning SMS Yellow Zone log.INFO: Sending credit warning SMS to customer 48charlotte [] []
[2020-08-27 08:00:03] Credit Warning SMS Yellow Zone log.INFO: Credit warning SMS sent to customer 48charlotte [] []
[2020-08-27 08:00:03] Credit Warning SMS Yellow Zone log.INFO: Sending credit warning SMS to customer 65bridgefield [] []
[2020-08-27 08:00:03] Credit Warning SMS Yellow Zone log.INFO: Credit warning SMS sent to customer 65bridgefield [] []
[2020-08-27 08:00:03] Credit Warning SMS Yellow Zone log.INFO: Sending credit warning SMS to customer 31bridgefield [] []
[2020-08-27 08:00:03] Credit Warning SMS Yellow Zone log.INFO: Credit warning SMS sent to customer 31bridgefield [] []
[2020-08-27 08:00:03] Credit Warning SMS Yellow Zone log.INFO: Sending credit warning SMS to customer 80bridgefield [] []
[2020-08-27 08:00:03] Credit Warning SMS Yellow Zone log.INFO: Credit warning SMS sent to customer 80bridgefield [] []
[2020-08-27 08:00:03] Credit Warning SMS Yellow Zone log.INFO: Sending credit warning SMS to customer 200bridgefield [] []
[2020-08-27 08:00:03] Credit Warning SMS Yellow Zone log.INFO: Credit warning SMS sent to customer 200bridgefield [] []
[2020-08-27 08:00:03] Credit Warning SMS Yellow Zone log.INFO: Sending credit warning SMS to customer 183bridgefield [] []
[2020-08-27 08:00:03] Credit Warning SMS Yellow Zone log.INFO: Credit warning SMS sent to customer 183bridgefield [] []
[2020-08-27 08:00:03] Credit Warning SMS Yellow Zone log.INFO: Sending credit warning SMS to customer 181bridgefield [] []
[2020-08-27 08:00:03] Credit Warning SMS Yellow Zone log.INFO: Credit warning SMS sent to customer 181bridgefield [] []
[2020-08-27 08:00:03] Credit Warning SMS Yellow Zone log.INFO: Sending credit warning SMS to customer 23pappan [] []
[2020-08-27 08:00:03] Credit Warning SMS Yellow Zone log.INFO: Credit warning SMS sent to customer 23pappan [] []
[2020-08-27 08:00:03] Credit Warning SMS Yellow Zone log.INFO: Sending credit warning SMS to customer 5pappan [] []
[2020-08-27 08:00:03] Credit Warning SMS Yellow Zone log.INFO: Credit warning SMS sent to customer 5pappan [] []
[2020-08-27 08:00:03] Credit Warning SMS Yellow Zone log.INFO: Sending credit warning SMS to customer 73fairways [] []
[2020-08-27 08:00:03] Credit Warning SMS Yellow Zone log.INFO: Credit warning SMS sent to customer 73fairways [] []
[2020-08-27 08:00:03] Credit Warning SMS Yellow Zone log.INFO: Sending credit warning SMS to customer 83fairways [] []
[2020-08-27 08:00:03] Credit Warning SMS Yellow Zone log.INFO: Credit warning SMS sent to customer 83fairways [] []
[2020-08-27 08:00:03] Credit Warning SMS Yellow Zone log.INFO: Sending credit warning SMS to customer 106fairways [] []
[2020-08-27 08:00:03] Credit Warning SMS Yellow Zone log.INFO: Credit warning SMS sent to customer 106fairways [] []
[2020-08-27 08:00:03] Credit Warning SMS Yellow Zone log.INFO: Sending credit warning SMS to customer 103fairways [] []
[2020-08-27 08:00:03] Credit Warning SMS Yellow Zone log.INFO: Credit warning SMS sent to customer 103fairways [] []
[2020-08-27 08:00:03] Credit Warning SMS Yellow Zone log.INFO: Sending credit warning SMS to customer 129fairways [] []
[2020-08-27 08:00:03] Credit Warning SMS Yellow Zone log.INFO: Credit warning SMS sent to customer 129fairways [] []
[2020-08-27 08:00:03] Credit Warning SMS Yellow Zone log.INFO: Sending credit warning SMS to customer 104fairways [] []
[2020-08-27 08:00:03] Credit Warning SMS Yellow Zone log.INFO: Credit warning SMS sent to customer 104fairways [] []
[2020-08-27 08:00:03] Credit Warning SMS Yellow Zone log.INFO: Sending credit warning SMS to customer 55fairways [] []
[2020-08-27 08:00:03] Credit Warning SMS Yellow Zone log.INFO: Credit warning SMS sent to customer 55fairways [] []
[2020-08-27 08:00:03] Credit Warning SMS Yellow Zone log.INFO: Sending credit warning SMS to customer 38fairways [] []
[2020-08-27 08:00:03] Credit Warning SMS Yellow Zone log.INFO: Credit warning SMS sent to customer 38fairways [] []
[2020-08-27 08:00:03] Credit Warning SMS Yellow Zone log.INFO: Sending credit warning SMS to customer 66fairways [] []
[2020-08-27 08:00:03] Credit Warning SMS Yellow Zone log.INFO: Credit warning SMS sent to customer 66fairways [] []
[2020-08-27 08:00:03] Credit Warning SMS Yellow Zone log.INFO: Sending credit warning SMS to customer 63herberthill [] []
[2020-08-27 08:00:03] Credit Warning SMS Yellow Zone log.INFO: Credit warning SMS sent to customer 63herberthill [] []
[2020-08-27 08:00:03] Credit Warning SMS Yellow Zone log.INFO: Sending credit warning SMS to customer 7herberthill [] []
[2020-08-27 08:00:03] Credit Warning SMS Yellow Zone log.INFO: Credit warning SMS sent to customer 7herberthill [] []
[2020-08-27 08:00:03] Credit Warning SMS Yellow Zone log.INFO: Sending credit warning SMS to customer 29herberthill [] []
[2020-08-27 08:00:03] Credit Warning SMS Yellow Zone log.INFO: Credit warning SMS sent to customer 29herberthill [] []
[2020-08-27 08:00:03] Credit Warning SMS Yellow Zone log.INFO: Sending credit warning SMS to customer 60herberthill [] []
[2020-08-27 08:00:03] Credit Warning SMS Yellow Zone log.INFO: Credit warning SMS sent to customer 60herberthill [] []
[2020-08-27 08:00:03] Credit Warning SMS Yellow Zone log.INFO: Sending credit warning SMS to customer 75herberthill [] []
[2020-08-27 08:00:03] Credit Warning SMS Yellow Zone log.INFO: Credit warning SMS sent to customer 75herberthill [] []
[2020-08-27 08:00:03] Credit Warning SMS Yellow Zone log.INFO: Sending credit warning SMS to customer 27herberthill [] []
[2020-08-27 08:00:04] Credit Warning SMS Yellow Zone log.INFO: Credit warning SMS sent to customer 27herberthill [] []
[2020-08-27 08:00:04] Credit Warning SMS Yellow Zone log.INFO: Sending credit warning SMS to customer 79herberthill [] []
[2020-08-27 08:00:04] Credit Warning SMS Yellow Zone log.INFO: Credit warning SMS sent to customer 79herberthill [] []
[2020-08-27 08:00:04] Credit Warning SMS Yellow Zone log.INFO: Sending credit warning SMS to customer 5herberthill [] []
[2020-08-27 08:00:04] Credit Warning SMS Yellow Zone log.INFO: Credit warning SMS sent to customer 5herberthill [] []
[2020-08-27 08:00:04] Credit Warning SMS Yellow Zone log.INFO: Sending credit warning SMS to customer 61herberthill [] []
[2020-08-27 08:00:04] Credit Warning SMS Yellow Zone log.INFO: Credit warning SMS sent to customer 61herberthill [] []
[2020-08-27 08:00:04] Credit Warning SMS Yellow Zone log.INFO: Sent Credit warning SMS to 65 customers! [] []
