[2020-04-15 08:00:01] Credit Warning SMS Yellow Zone log.INFO: Sending credit warning SMS to customer 1brackenview [] []
[2020-04-15 08:00:02] Credit Warning SMS Yellow Zone log.INFO: Credit warning SMS sent to customer 1brackenview [] []
[2020-04-15 08:00:02] Credit Warning SMS Yellow Zone log.INFO: Sending credit warning SMS to customer 2garryknock [] []
[2020-04-15 08:00:02] Credit Warning SMS Yellow Zone log.INFO: Credit warning SMS sent to customer 2garryknock [] []
[2020-04-15 08:00:02] Credit Warning SMS Yellow Zone log.INFO: Sending credit warning SMS to customer 19garryknock [] []
[2020-04-15 08:00:02] Credit Warning SMS Yellow Zone log.INFO: Credit warning SMS sent to customer 19garryknock [] []
[2020-04-15 08:00:02] Credit Warning SMS Yellow Zone log.INFO: Sending credit warning SMS to customer 48Emerald [] []
[2020-04-15 08:00:02] Credit Warning SMS Yellow Zone log.INFO: Credit warning SMS sent to customer 48Emerald [] []
[2020-04-15 08:00:02] Credit Warning SMS Yellow Zone log.INFO: Sending credit warning SMS to customer 22Emerald [] []
[2020-04-15 08:00:02] Credit Warning SMS Yellow Zone log.INFO: Credit warning SMS sent to customer 22Emerald [] []
[2020-04-15 08:00:02] Credit Warning SMS Yellow Zone log.INFO: Sending credit warning SMS to customer 14Emerald [] []
[2020-04-15 08:00:02] Credit Warning SMS Yellow Zone log.INFO: Credit warning SMS sent to customer 14Emerald [] []
[2020-04-15 08:00:02] Credit Warning SMS Yellow Zone log.INFO: Sending credit warning SMS to customer 16Emerald [] []
[2020-04-15 08:00:02] Credit Warning SMS Yellow Zone log.INFO: Credit warning SMS sent to customer 16Emerald [] []
[2020-04-15 08:00:02] Credit Warning SMS Yellow Zone log.INFO: Sending credit warning SMS to customer 7Emerald [] []
[2020-04-15 08:00:02] Credit Warning SMS Yellow Zone log.INFO: Credit warning SMS sent to customer 7Emerald [] []
[2020-04-15 08:00:02] Credit Warning SMS Yellow Zone log.INFO: Sending credit warning SMS to customer 6Emerald [] []
[2020-04-15 08:00:02] Credit Warning SMS Yellow Zone log.INFO: Credit warning SMS sent to customer 6Emerald [] []
[2020-04-15 08:00:02] Credit Warning SMS Yellow Zone log.INFO: Sending credit warning SMS to customer 17neptune [] []
[2020-04-15 08:00:02] Credit Warning SMS Yellow Zone log.INFO: Credit warning SMS sent to customer 17neptune [] []
[2020-04-15 08:00:02] Credit Warning SMS Yellow Zone log.INFO: Sending credit warning SMS to customer 115Neptune [] []
[2020-04-15 08:00:02] Credit Warning SMS Yellow Zone log.INFO: Credit warning SMS sent to customer 115Neptune [] []
[2020-04-15 08:00:02] Credit Warning SMS Yellow Zone log.INFO: Sending credit warning SMS to customer 151Neptune [] []
[2020-04-15 08:00:02] Credit Warning SMS Yellow Zone log.INFO: Credit warning SMS sent to customer 151Neptune [] []
[2020-04-15 08:00:02] Credit Warning SMS Yellow Zone log.INFO: Sending credit warning SMS to customer 175neptune [] []
[2020-04-15 08:00:02] Credit Warning SMS Yellow Zone log.INFO: Credit warning SMS sent to customer 175neptune [] []
[2020-04-15 08:00:02] Credit Warning SMS Yellow Zone log.INFO: Sending credit warning SMS to customer 26neptune [] []
[2020-04-15 08:00:02] Credit Warning SMS Yellow Zone log.INFO: Credit warning SMS sent to customer 26neptune [] []
[2020-04-15 08:00:02] Credit Warning SMS Yellow Zone log.INFO: Sending credit warning SMS to customer 58Neptune [] []
[2020-04-15 08:00:02] Credit Warning SMS Yellow Zone log.INFO: Credit warning SMS sent to customer 58Neptune [] []
[2020-04-15 08:00:02] Credit Warning SMS Yellow Zone log.INFO: Sending credit warning SMS to customer 77Neptune [] []
[2020-04-15 08:00:02] Credit Warning SMS Yellow Zone log.INFO: Credit warning SMS sent to customer 77Neptune [] []
[2020-04-15 08:00:02] Credit Warning SMS Yellow Zone log.INFO: Sending credit warning SMS to customer 195neptune [] []
[2020-04-15 08:00:02] Credit Warning SMS Yellow Zone log.INFO: Credit warning SMS sent to customer 195neptune [] []
[2020-04-15 08:00:02] Credit Warning SMS Yellow Zone log.INFO: Sending credit warning SMS to customer 134Neptune [] []
[2020-04-15 08:00:02] Credit Warning SMS Yellow Zone log.INFO: Credit warning SMS sent to customer 134Neptune [] []
[2020-04-15 08:00:02] Credit Warning SMS Yellow Zone log.INFO: Sending credit warning SMS to customer 37neptune [] []
[2020-04-15 08:00:02] Credit Warning SMS Yellow Zone log.INFO: Credit warning SMS sent to customer 37neptune [] []
[2020-04-15 08:00:02] Credit Warning SMS Yellow Zone log.INFO: Sending credit warning SMS to customer 64Neptune [] []
[2020-04-15 08:00:02] Credit Warning SMS Yellow Zone log.INFO: Credit warning SMS sent to customer 64Neptune [] []
[2020-04-15 08:00:02] Credit Warning SMS Yellow Zone log.INFO: Sending credit warning SMS to customer 23neptune [] []
[2020-04-15 08:00:02] Credit Warning SMS Yellow Zone log.INFO: Credit warning SMS sent to customer 23neptune [] []
[2020-04-15 08:00:02] Credit Warning SMS Yellow Zone log.INFO: Sending credit warning SMS to customer 91Neptune [] []
[2020-04-15 08:00:02] Credit Warning SMS Yellow Zone log.INFO: Credit warning SMS sent to customer 91Neptune [] []
[2020-04-15 08:00:02] Credit Warning SMS Yellow Zone log.INFO: Sending credit warning SMS to customer 41Abbott [] []
[2020-04-15 08:00:02] Credit Warning SMS Yellow Zone log.INFO: Credit warning SMS sent to customer 41Abbott [] []
[2020-04-15 08:00:02] Credit Warning SMS Yellow Zone log.INFO: Sending credit warning SMS to customer 10Abbott [] []
[2020-04-15 08:00:02] Credit Warning SMS Yellow Zone log.INFO: Credit warning SMS sent to customer 10Abbott [] []
[2020-04-15 08:00:02] Credit Warning SMS Yellow Zone log.INFO: Sending credit warning SMS to customer 6Abbott [] []
[2020-04-15 08:00:03] Credit Warning SMS Yellow Zone log.INFO: Credit warning SMS sent to customer 6Abbott [] []
[2020-04-15 08:00:03] Credit Warning SMS Yellow Zone log.INFO: Sending credit warning SMS to customer 76Abbott [] []
[2020-04-15 08:00:03] Credit Warning SMS Yellow Zone log.INFO: Credit warning SMS sent to customer 76Abbott [] []
[2020-04-15 08:00:03] Credit Warning SMS Yellow Zone log.INFO: Sending credit warning SMS to customer 57Abbott [] []
[2020-04-15 08:00:03] Credit Warning SMS Yellow Zone log.INFO: Credit warning SMS sent to customer 57Abbott [] []
[2020-04-15 08:00:03] Credit Warning SMS Yellow Zone log.INFO: Sending credit warning SMS to customer 118Abbott [] []
[2020-04-15 08:00:03] Credit Warning SMS Yellow Zone log.INFO: Credit warning SMS sent to customer 118Abbott [] []
[2020-04-15 08:00:03] Credit Warning SMS Yellow Zone log.INFO: Sending credit warning SMS to customer 141abbott [] []
[2020-04-15 08:00:03] Credit Warning SMS Yellow Zone log.INFO: Credit warning SMS sent to customer 141abbott [] []
[2020-04-15 08:00:03] Credit Warning SMS Yellow Zone log.INFO: Sending credit warning SMS to customer 179abbott [] []
[2020-04-15 08:00:03] Credit Warning SMS Yellow Zone log.INFO: Credit warning SMS sent to customer 179abbott [] []
[2020-04-15 08:00:03] Credit Warning SMS Yellow Zone log.INFO: Sending credit warning SMS to customer 184abbott [] []
[2020-04-15 08:00:03] Credit Warning SMS Yellow Zone log.INFO: Credit warning SMS sent to customer 184abbott [] []
[2020-04-15 08:00:03] Credit Warning SMS Yellow Zone log.INFO: Sending credit warning SMS to customer 132abbott [] []
[2020-04-15 08:00:03] Credit Warning SMS Yellow Zone log.INFO: Credit warning SMS sent to customer 132abbott [] []
[2020-04-15 08:00:03] Credit Warning SMS Yellow Zone log.INFO: Sending credit warning SMS to customer 15GreenBank [] []
[2020-04-15 08:00:03] Credit Warning SMS Yellow Zone log.INFO: Credit warning SMS sent to customer 15GreenBank [] []
[2020-04-15 08:00:03] Credit Warning SMS Yellow Zone log.INFO: Sending credit warning SMS to customer 187abbott [] []
[2020-04-15 08:00:03] Credit Warning SMS Yellow Zone log.INFO: Credit warning SMS sent to customer 187abbott [] []
[2020-04-15 08:00:03] Credit Warning SMS Yellow Zone log.INFO: Sending credit warning SMS to customer 138abbott [] []
[2020-04-15 08:00:03] Credit Warning SMS Yellow Zone log.INFO: Credit warning SMS sent to customer 138abbott [] []
[2020-04-15 08:00:03] Credit Warning SMS Yellow Zone log.INFO: Sending credit warning SMS to customer 155abbott [] []
[2020-04-15 08:00:03] Credit Warning SMS Yellow Zone log.INFO: Credit warning SMS sent to customer 155abbott [] []
[2020-04-15 08:00:03] Credit Warning SMS Yellow Zone log.INFO: Sending credit warning SMS to customer 67eustace [] []
[2020-04-15 08:00:03] Credit Warning SMS Yellow Zone log.INFO: Credit warning SMS sent to customer 67eustace [] []
[2020-04-15 08:00:03] Credit Warning SMS Yellow Zone log.INFO: Sending credit warning SMS to customer 17leona [] []
[2020-04-15 08:00:03] Credit Warning SMS Yellow Zone log.INFO: Credit warning SMS sent to customer 17leona [] []
[2020-04-15 08:00:03] Credit Warning SMS Yellow Zone log.INFO: Sending credit warning SMS to customer 19leona [] []
[2020-04-15 08:00:03] Credit Warning SMS Yellow Zone log.INFO: Credit warning SMS sent to customer 19leona [] []
[2020-04-15 08:00:03] Credit Warning SMS Yellow Zone log.INFO: Sending credit warning SMS to customer 137leona [] []
[2020-04-15 08:00:03] Credit Warning SMS Yellow Zone log.INFO: Credit warning SMS sent to customer 137leona [] []
[2020-04-15 08:00:03] Credit Warning SMS Yellow Zone log.INFO: Sending credit warning SMS to customer 65leona [] []
[2020-04-15 08:00:03] Credit Warning SMS Yellow Zone log.INFO: Credit warning SMS sent to customer 65leona [] []
[2020-04-15 08:00:03] Credit Warning SMS Yellow Zone log.INFO: Sending credit warning SMS to customer 45leona [] []
[2020-04-15 08:00:03] Credit Warning SMS Yellow Zone log.INFO: Credit warning SMS sent to customer 45leona [] []
[2020-04-15 08:00:03] Credit Warning SMS Yellow Zone log.INFO: Sending credit warning SMS to customer 77leona [] []
[2020-04-15 08:00:03] Credit Warning SMS Yellow Zone log.INFO: Credit warning SMS sent to customer 77leona [] []
[2020-04-15 08:00:03] Credit Warning SMS Yellow Zone log.INFO: Sending credit warning SMS to customer 82leona [] []
[2020-04-15 08:00:03] Credit Warning SMS Yellow Zone log.INFO: Credit warning SMS sent to customer 82leona [] []
[2020-04-15 08:00:03] Credit Warning SMS Yellow Zone log.INFO: Sending credit warning SMS to customer 127charlotte [] []
[2020-04-15 08:00:03] Credit Warning SMS Yellow Zone log.INFO: Credit warning SMS sent to customer 127charlotte [] []
[2020-04-15 08:00:03] Credit Warning SMS Yellow Zone log.INFO: Sending credit warning SMS to customer 110charlotte [] []
[2020-04-15 08:00:03] Credit Warning SMS Yellow Zone log.INFO: Credit warning SMS sent to customer 110charlotte [] []
[2020-04-15 08:00:03] Credit Warning SMS Yellow Zone log.INFO: Sending credit warning SMS to customer 13charlotte [] []
[2020-04-15 08:00:03] Credit Warning SMS Yellow Zone log.INFO: Credit warning SMS sent to customer 13charlotte [] []
[2020-04-15 08:00:03] Credit Warning SMS Yellow Zone log.INFO: Sending credit warning SMS to customer 115charlotte [] []
[2020-04-15 08:00:03] Credit Warning SMS Yellow Zone log.INFO: Credit warning SMS sent to customer 115charlotte [] []
[2020-04-15 08:00:03] Credit Warning SMS Yellow Zone log.INFO: Sending credit warning SMS to customer 8bridgefield [] []
[2020-04-15 08:00:03] Credit Warning SMS Yellow Zone log.INFO: Credit warning SMS sent to customer 8bridgefield [] []
[2020-04-15 08:00:03] Credit Warning SMS Yellow Zone log.INFO: Sending credit warning SMS to customer 46bridgefield [] []
[2020-04-15 08:00:03] Credit Warning SMS Yellow Zone log.INFO: Credit warning SMS sent to customer 46bridgefield [] []
[2020-04-15 08:00:03] Credit Warning SMS Yellow Zone log.INFO: Sending credit warning SMS to customer 89bridgefield [] []
[2020-04-15 08:00:03] Credit Warning SMS Yellow Zone log.INFO: Credit warning SMS sent to customer 89bridgefield [] []
[2020-04-15 08:00:03] Credit Warning SMS Yellow Zone log.INFO: Sending credit warning SMS to customer 185bridgefield [] []
[2020-04-15 08:00:03] Credit Warning SMS Yellow Zone log.INFO: Credit warning SMS sent to customer 185bridgefield [] []
[2020-04-15 08:00:03] Credit Warning SMS Yellow Zone log.INFO: Sending credit warning SMS to customer 21pappan [] []
[2020-04-15 08:00:03] Credit Warning SMS Yellow Zone log.INFO: Credit warning SMS sent to customer 21pappan [] []
[2020-04-15 08:00:03] Credit Warning SMS Yellow Zone log.INFO: Sending credit warning SMS to customer 23pappan [] []
[2020-04-15 08:00:03] Credit Warning SMS Yellow Zone log.INFO: Credit warning SMS sent to customer 23pappan [] []
[2020-04-15 08:00:04] Credit Warning SMS Yellow Zone log.INFO: Sending credit warning SMS to customer 68fairways [] []
[2020-04-15 08:00:04] Credit Warning SMS Yellow Zone log.INFO: Credit warning SMS sent to customer 68fairways [] []
[2020-04-15 08:00:04] Credit Warning SMS Yellow Zone log.INFO: Sending credit warning SMS to customer 103fairways [] []
[2020-04-15 08:00:04] Credit Warning SMS Yellow Zone log.INFO: Credit warning SMS sent to customer 103fairways [] []
[2020-04-15 08:00:04] Credit Warning SMS Yellow Zone log.INFO: Sending credit warning SMS to customer 139fairways [] []
[2020-04-15 08:00:04] Credit Warning SMS Yellow Zone log.INFO: Credit warning SMS sent to customer 139fairways [] []
[2020-04-15 08:00:04] Credit Warning SMS Yellow Zone log.INFO: Sending credit warning SMS to customer 74fairways [] []
[2020-04-15 08:00:04] Credit Warning SMS Yellow Zone log.INFO: Credit warning SMS sent to customer 74fairways [] []
[2020-04-15 08:00:04] Credit Warning SMS Yellow Zone log.INFO: Sending credit warning SMS to customer 65fairways [] []
[2020-04-15 08:00:04] Credit Warning SMS Yellow Zone log.INFO: Credit warning SMS sent to customer 65fairways [] []
[2020-04-15 08:00:04] Credit Warning SMS Yellow Zone log.INFO: Sending credit warning SMS to customer h18fairways [] []
[2020-04-15 08:00:04] Credit Warning SMS Yellow Zone log.INFO: Credit warning SMS sent to customer h18fairways [] []
[2020-04-15 08:00:04] Credit Warning SMS Yellow Zone log.INFO: Sending credit warning SMS to customer 73herberthill [] []
[2020-04-15 08:00:04] Credit Warning SMS Yellow Zone log.INFO: Credit warning SMS sent to customer 73herberthill [] []
[2020-04-15 08:00:04] Credit Warning SMS Yellow Zone log.INFO: Sending credit warning SMS to customer 29herberthill [] []
[2020-04-15 08:00:04] Credit Warning SMS Yellow Zone log.INFO: Credit warning SMS sent to customer 29herberthill [] []
[2020-04-15 08:00:04] Credit Warning SMS Yellow Zone log.INFO: Sending credit warning SMS to customer 27herberthill [] []
[2020-04-15 08:00:04] Credit Warning SMS Yellow Zone log.INFO: Credit warning SMS sent to customer 27herberthill [] []
[2020-04-15 08:00:04] Credit Warning SMS Yellow Zone log.INFO: Sending credit warning SMS to customer 59herberthill [] []
[2020-04-15 08:00:04] Credit Warning SMS Yellow Zone log.INFO: Credit warning SMS sent to customer 59herberthill [] []
[2020-04-15 08:00:04] Credit Warning SMS Yellow Zone log.INFO: Sending credit warning SMS to customer 81herberthill [] []
[2020-04-15 08:00:04] Credit Warning SMS Yellow Zone log.INFO: Credit warning SMS sent to customer 81herberthill [] []
[2020-04-15 08:00:04] Credit Warning SMS Yellow Zone log.INFO: Sending credit warning SMS to customer 31marina [] []
[2020-04-15 08:00:04] Credit Warning SMS Yellow Zone log.INFO: Credit warning SMS sent to customer 31marina [] []
[2020-04-15 08:00:04] Credit Warning SMS Yellow Zone log.INFO: Sent Credit warning SMS to 66 customers! [] []
