[2020-06-08 08:00:02] Credit Warning SMS Yellow Zone log.INFO: Sending credit warning SMS to customer 8brackenview [] []
[2020-06-08 08:00:02] Credit Warning SMS Yellow Zone log.INFO: Credit warning SMS sent to customer 8brackenview [] []
[2020-06-08 08:00:02] Credit Warning SMS Yellow Zone log.INFO: Sending credit warning SMS to customer 15sundayswell [] []
[2020-06-08 08:00:02] Credit Warning SMS Yellow Zone log.INFO: Credit warning SMS sent to customer 15sundayswell [] []
[2020-06-08 08:00:02] Credit Warning SMS Yellow Zone log.INFO: Sending credit warning SMS to customer 27garryknock [] []
[2020-06-08 08:00:02] Credit Warning SMS Yellow Zone log.INFO: Credit warning SMS sent to customer 27garryknock [] []
[2020-06-08 08:00:02] Credit Warning SMS Yellow Zone log.INFO: Sending credit warning SMS to customer 13sundayswell [] []
[2020-06-08 08:00:02] Credit Warning SMS Yellow Zone log.INFO: Credit warning SMS sent to customer 13sundayswell [] []
[2020-06-08 08:00:02] Credit Warning SMS Yellow Zone log.INFO: Sending credit warning SMS to customer 19Emerald [] []
[2020-06-08 08:00:02] Credit Warning SMS Yellow Zone log.INFO: Credit warning SMS sent to customer 19Emerald [] []
[2020-06-08 08:00:02] Credit Warning SMS Yellow Zone log.INFO: Sending credit warning SMS to customer 7Emerald [] []
[2020-06-08 08:00:02] Credit Warning SMS Yellow Zone log.INFO: Credit warning SMS sent to customer 7Emerald [] []
[2020-06-08 08:00:02] Credit Warning SMS Yellow Zone log.INFO: Sending credit warning SMS to customer 168neptune [] []
[2020-06-08 08:00:02] Credit Warning SMS Yellow Zone log.INFO: Credit warning SMS sent to customer 168neptune [] []
[2020-06-08 08:00:02] Credit Warning SMS Yellow Zone log.INFO: Sending credit warning SMS to customer 26neptune [] []
[2020-06-08 08:00:02] Credit Warning SMS Yellow Zone log.INFO: Credit warning SMS sent to customer 26neptune [] []
[2020-06-08 08:00:02] Credit Warning SMS Yellow Zone log.INFO: Sending credit warning SMS to customer 186neptune [] []
[2020-06-08 08:00:02] Credit Warning SMS Yellow Zone log.INFO: Credit warning SMS sent to customer 186neptune [] []
[2020-06-08 08:00:02] Credit Warning SMS Yellow Zone log.INFO: Sending credit warning SMS to customer 125Neptune [] []
[2020-06-08 08:00:03] Credit Warning SMS Yellow Zone log.INFO: Credit warning SMS sent to customer 125Neptune [] []
[2020-06-08 08:00:03] Credit Warning SMS Yellow Zone log.INFO: Sending credit warning SMS to customer 108Neptune [] []
[2020-06-08 08:00:03] Credit Warning SMS Yellow Zone log.INFO: Credit warning SMS sent to customer 108Neptune [] []
[2020-06-08 08:00:03] Credit Warning SMS Yellow Zone log.INFO: Sending credit warning SMS to customer 32neptune [] []
[2020-06-08 08:00:03] Credit Warning SMS Yellow Zone log.INFO: Credit warning SMS sent to customer 32neptune [] []
[2020-06-08 08:00:03] Credit Warning SMS Yellow Zone log.INFO: Sending credit warning SMS to customer 38neptune [] []
[2020-06-08 08:00:03] Credit Warning SMS Yellow Zone log.INFO: Credit warning SMS sent to customer 38neptune [] []
[2020-06-08 08:00:03] Credit Warning SMS Yellow Zone log.INFO: Sending credit warning SMS to customer 1Abbott [] []
[2020-06-08 08:00:03] Credit Warning SMS Yellow Zone log.INFO: Credit warning SMS sent to customer 1Abbott [] []
[2020-06-08 08:00:03] Credit Warning SMS Yellow Zone log.INFO: Sending credit warning SMS to customer 10Abbott [] []
[2020-06-08 08:00:03] Credit Warning SMS Yellow Zone log.INFO: Credit warning SMS sent to customer 10Abbott [] []
[2020-06-08 08:00:03] Credit Warning SMS Yellow Zone log.INFO: Sending credit warning SMS to customer 11Abbott [] []
[2020-06-08 08:00:03] Credit Warning SMS Yellow Zone log.INFO: Credit warning SMS sent to customer 11Abbott [] []
[2020-06-08 08:00:03] Credit Warning SMS Yellow Zone log.INFO: Sending credit warning SMS to customer 15Abbott [] []
[2020-06-08 08:00:03] Credit Warning SMS Yellow Zone log.INFO: Credit warning SMS sent to customer 15Abbott [] []
[2020-06-08 08:00:03] Credit Warning SMS Yellow Zone log.INFO: Sending credit warning SMS to customer 21Abbott [] []
[2020-06-08 08:00:03] Credit Warning SMS Yellow Zone log.INFO: Credit warning SMS sent to customer 21Abbott [] []
[2020-06-08 08:00:03] Credit Warning SMS Yellow Zone log.INFO: Sending credit warning SMS to customer 35Abbott [] []
[2020-06-08 08:00:03] Credit Warning SMS Yellow Zone log.INFO: Credit warning SMS sent to customer 35Abbott [] []
[2020-06-08 08:00:03] Credit Warning SMS Yellow Zone log.INFO: Sending credit warning SMS to customer 13Abbott [] []
[2020-06-08 08:00:03] Credit Warning SMS Yellow Zone log.INFO: Credit warning SMS sent to customer 13Abbott [] []
[2020-06-08 08:00:03] Credit Warning SMS Yellow Zone log.INFO: Sending credit warning SMS to customer 59Abbott [] []
[2020-06-08 08:00:03] Credit Warning SMS Yellow Zone log.INFO: Credit warning SMS sent to customer 59Abbott [] []
[2020-06-08 08:00:03] Credit Warning SMS Yellow Zone log.INFO: Sending credit warning SMS to customer 68Abbott [] []
[2020-06-08 08:00:03] Credit Warning SMS Yellow Zone log.INFO: Credit warning SMS sent to customer 68Abbott [] []
[2020-06-08 08:00:03] Credit Warning SMS Yellow Zone log.INFO: Sending credit warning SMS to customer 91Abbott [] []
[2020-06-08 08:00:03] Credit Warning SMS Yellow Zone log.INFO: Credit warning SMS sent to customer 91Abbott [] []
[2020-06-08 08:00:03] Credit Warning SMS Yellow Zone log.INFO: Sending credit warning SMS to customer 65Abbott [] []
[2020-06-08 08:00:03] Credit Warning SMS Yellow Zone log.INFO: Credit warning SMS sent to customer 65Abbott [] []
[2020-06-08 08:00:03] Credit Warning SMS Yellow Zone log.INFO: Sending credit warning SMS to customer 71Abbott [] []
[2020-06-08 08:00:03] Credit Warning SMS Yellow Zone log.INFO: Credit warning SMS sent to customer 71Abbott [] []
[2020-06-08 08:00:03] Credit Warning SMS Yellow Zone log.INFO: Sending credit warning SMS to customer 100Abbott [] []
[2020-06-08 08:00:03] Credit Warning SMS Yellow Zone log.INFO: Credit warning SMS sent to customer 100Abbott [] []
[2020-06-08 08:00:03] Credit Warning SMS Yellow Zone log.INFO: Sending credit warning SMS to customer 105Abbott [] []
[2020-06-08 08:00:03] Credit Warning SMS Yellow Zone log.INFO: Credit warning SMS sent to customer 105Abbott [] []
[2020-06-08 08:00:03] Credit Warning SMS Yellow Zone log.INFO: Sending credit warning SMS to customer 109Abbott [] []
[2020-06-08 08:00:03] Credit Warning SMS Yellow Zone log.INFO: Credit warning SMS sent to customer 109Abbott [] []
[2020-06-08 08:00:03] Credit Warning SMS Yellow Zone log.INFO: Sending credit warning SMS to customer 110Abbott [] []
[2020-06-08 08:00:03] Credit Warning SMS Yellow Zone log.INFO: Credit warning SMS sent to customer 110Abbott [] []
[2020-06-08 08:00:03] Credit Warning SMS Yellow Zone log.INFO: Sending credit warning SMS to customer 117Abbott [] []
[2020-06-08 08:00:03] Credit Warning SMS Yellow Zone log.INFO: Credit warning SMS sent to customer 117Abbott [] []
[2020-06-08 08:00:03] Credit Warning SMS Yellow Zone log.INFO: Sending credit warning SMS to customer 115Abbott [] []
[2020-06-08 08:00:03] Credit Warning SMS Yellow Zone log.INFO: Credit warning SMS sent to customer 115Abbott [] []
[2020-06-08 08:00:03] Credit Warning SMS Yellow Zone log.INFO: Sending credit warning SMS to customer 97Abbott [] []
[2020-06-08 08:00:03] Credit Warning SMS Yellow Zone log.INFO: Credit warning SMS sent to customer 97Abbott [] []
[2020-06-08 08:00:03] Credit Warning SMS Yellow Zone log.INFO: Sending credit warning SMS to customer 141abbott [] []
[2020-06-08 08:00:03] Credit Warning SMS Yellow Zone log.INFO: Credit warning SMS sent to customer 141abbott [] []
[2020-06-08 08:00:03] Credit Warning SMS Yellow Zone log.INFO: Sending credit warning SMS to customer 191abbott [] []
[2020-06-08 08:00:03] Credit Warning SMS Yellow Zone log.INFO: Credit warning SMS sent to customer 191abbott [] []
[2020-06-08 08:00:03] Credit Warning SMS Yellow Zone log.INFO: Sending credit warning SMS to customer 163abbott [] []
[2020-06-08 08:00:03] Credit Warning SMS Yellow Zone log.INFO: Credit warning SMS sent to customer 163abbott [] []
[2020-06-08 08:00:03] Credit Warning SMS Yellow Zone log.INFO: Sending credit warning SMS to customer 151abbott [] []
[2020-06-08 08:00:03] Credit Warning SMS Yellow Zone log.INFO: Credit warning SMS sent to customer 151abbott [] []
[2020-06-08 08:00:03] Credit Warning SMS Yellow Zone log.INFO: Sending credit warning SMS to customer 17eustace [] []
[2020-06-08 08:00:04] Credit Warning SMS Yellow Zone log.INFO: Credit warning SMS sent to customer 17eustace [] []
[2020-06-08 08:00:04] Credit Warning SMS Yellow Zone log.INFO: Sending credit warning SMS to customer 60leona [] []
[2020-06-08 08:00:04] Credit Warning SMS Yellow Zone log.INFO: Credit warning SMS sent to customer 60leona [] []
[2020-06-08 08:00:04] Credit Warning SMS Yellow Zone log.INFO: Sending credit warning SMS to customer 36leona [] []
[2020-06-08 08:00:04] Credit Warning SMS Yellow Zone log.INFO: Credit warning SMS sent to customer 36leona [] []
[2020-06-08 08:00:04] Credit Warning SMS Yellow Zone log.INFO: Sending credit warning SMS to customer 127charlotte [] []
[2020-06-08 08:00:04] Credit Warning SMS Yellow Zone log.INFO: Credit warning SMS sent to customer 127charlotte [] []
[2020-06-08 08:00:04] Credit Warning SMS Yellow Zone log.INFO: Sending credit warning SMS to customer 103charlotte [] []
[2020-06-08 08:00:04] Credit Warning SMS Yellow Zone log.INFO: Credit warning SMS sent to customer 103charlotte [] []
[2020-06-08 08:00:04] Credit Warning SMS Yellow Zone log.INFO: Sending credit warning SMS to customer 144charlotte [] []
[2020-06-08 08:00:04] Credit Warning SMS Yellow Zone log.INFO: Credit warning SMS sent to customer 144charlotte [] []
[2020-06-08 08:00:04] Credit Warning SMS Yellow Zone log.INFO: Sending credit warning SMS to customer 48charlotte [] []
[2020-06-08 08:00:04] Credit Warning SMS Yellow Zone log.INFO: Credit warning SMS sent to customer 48charlotte [] []
[2020-06-08 08:00:04] Credit Warning SMS Yellow Zone log.INFO: Sending credit warning SMS to customer 99charlotte [] []
[2020-06-08 08:00:04] Credit Warning SMS Yellow Zone log.INFO: Credit warning SMS sent to customer 99charlotte [] []
[2020-06-08 08:00:04] Credit Warning SMS Yellow Zone log.INFO: Sending credit warning SMS to customer 124charlotte [] []
[2020-06-08 08:00:04] Credit Warning SMS Yellow Zone log.INFO: Credit warning SMS sent to customer 124charlotte [] []
[2020-06-08 08:00:04] Credit Warning SMS Yellow Zone log.INFO: Sending credit warning SMS to customer 38charlotte [] []
[2020-06-08 08:00:04] Credit Warning SMS Yellow Zone log.INFO: Credit warning SMS sent to customer 38charlotte [] []
[2020-06-08 08:00:04] Credit Warning SMS Yellow Zone log.INFO: Sending credit warning SMS to customer 31bridgefield [] []
[2020-06-08 08:00:04] Credit Warning SMS Yellow Zone log.INFO: Credit warning SMS sent to customer 31bridgefield [] []
[2020-06-08 08:00:04] Credit Warning SMS Yellow Zone log.INFO: Sending credit warning SMS to customer 191bridgefield [] []
[2020-06-08 08:00:04] Credit Warning SMS Yellow Zone log.INFO: Credit warning SMS sent to customer 191bridgefield [] []
[2020-06-08 08:00:04] Credit Warning SMS Yellow Zone log.INFO: Sending credit warning SMS to customer 204bridgefield [] []
[2020-06-08 08:00:04] Credit Warning SMS Yellow Zone log.INFO: Credit warning SMS sent to customer 204bridgefield [] []
[2020-06-08 08:00:04] Credit Warning SMS Yellow Zone log.INFO: Sending credit warning SMS to customer 168bridgefield [] []
[2020-06-08 08:00:04] Credit Warning SMS Yellow Zone log.INFO: Credit warning SMS sent to customer 168bridgefield [] []
[2020-06-08 08:00:04] Credit Warning SMS Yellow Zone log.INFO: Sending credit warning SMS to customer 173bridgefield [] []
[2020-06-08 08:00:04] Credit Warning SMS Yellow Zone log.INFO: Credit warning SMS sent to customer 173bridgefield [] []
[2020-06-08 08:00:04] Credit Warning SMS Yellow Zone log.INFO: Sending credit warning SMS to customer 35pappan [] []
[2020-06-08 08:00:04] Credit Warning SMS Yellow Zone log.INFO: Credit warning SMS sent to customer 35pappan [] []
[2020-06-08 08:00:04] Credit Warning SMS Yellow Zone log.INFO: Sending credit warning SMS to customer 69fairways [] []
[2020-06-08 08:00:04] Credit Warning SMS Yellow Zone log.INFO: Credit warning SMS sent to customer 69fairways [] []
[2020-06-08 08:00:04] Credit Warning SMS Yellow Zone log.INFO: Sending credit warning SMS to customer 90fairways [] []
[2020-06-08 08:00:04] Credit Warning SMS Yellow Zone log.INFO: Credit warning SMS sent to customer 90fairways [] []
[2020-06-08 08:00:04] Credit Warning SMS Yellow Zone log.INFO: Sending credit warning SMS to customer 93fairways [] []
[2020-06-08 08:00:04] Credit Warning SMS Yellow Zone log.INFO: Credit warning SMS sent to customer 93fairways [] []
[2020-06-08 08:00:04] Credit Warning SMS Yellow Zone log.INFO: Sending credit warning SMS to customer 103fairways [] []
[2020-06-08 08:00:04] Credit Warning SMS Yellow Zone log.INFO: Credit warning SMS sent to customer 103fairways [] []
[2020-06-08 08:00:04] Credit Warning SMS Yellow Zone log.INFO: Sending credit warning SMS to customer 133fairways [] []
[2020-06-08 08:00:04] Credit Warning SMS Yellow Zone log.INFO: Credit warning SMS sent to customer 133fairways [] []
[2020-06-08 08:00:04] Credit Warning SMS Yellow Zone log.INFO: Sending credit warning SMS to customer 123fairways [] []
[2020-06-08 08:00:04] Credit Warning SMS Yellow Zone log.INFO: Credit warning SMS sent to customer 123fairways [] []
[2020-06-08 08:00:04] Credit Warning SMS Yellow Zone log.INFO: Sending credit warning SMS to customer 118fairways [] []
[2020-06-08 08:00:04] Credit Warning SMS Yellow Zone log.INFO: Credit warning SMS sent to customer 118fairways [] []
[2020-06-08 08:00:04] Credit Warning SMS Yellow Zone log.INFO: Sending credit warning SMS to customer 149fairways [] []
[2020-06-08 08:00:04] Credit Warning SMS Yellow Zone log.INFO: Credit warning SMS sent to customer 149fairways [] []
[2020-06-08 08:00:04] Credit Warning SMS Yellow Zone log.INFO: Sending credit warning SMS to customer 153fairways [] []
[2020-06-08 08:00:04] Credit Warning SMS Yellow Zone log.INFO: Credit warning SMS sent to customer 153fairways [] []
[2020-06-08 08:00:04] Credit Warning SMS Yellow Zone log.INFO: Sending credit warning SMS to customer 147fairways [] []
[2020-06-08 08:00:04] Credit Warning SMS Yellow Zone log.INFO: Credit warning SMS sent to customer 147fairways [] []
[2020-06-08 08:00:04] Credit Warning SMS Yellow Zone log.INFO: Sending credit warning SMS to customer 151fairways [] []
[2020-06-08 08:00:04] Credit Warning SMS Yellow Zone log.INFO: Credit warning SMS sent to customer 151fairways [] []
[2020-06-08 08:00:04] Credit Warning SMS Yellow Zone log.INFO: Sending credit warning SMS to customer 152fairways [] []
[2020-06-08 08:00:04] Credit Warning SMS Yellow Zone log.INFO: Credit warning SMS sent to customer 152fairways [] []
[2020-06-08 08:00:04] Credit Warning SMS Yellow Zone log.INFO: Sending credit warning SMS to customer 163fairways [] []
[2020-06-08 08:00:04] Credit Warning SMS Yellow Zone log.INFO: Credit warning SMS sent to customer 163fairways [] []
[2020-06-08 08:00:04] Credit Warning SMS Yellow Zone log.INFO: Sending credit warning SMS to customer h19fairways [] []
[2020-06-08 08:00:05] Credit Warning SMS Yellow Zone log.INFO: Credit warning SMS sent to customer h19fairways [] []
[2020-06-08 08:00:05] Credit Warning SMS Yellow Zone log.INFO: Sending credit warning SMS to customer h32fairways [] []
[2020-06-08 08:00:05] Credit Warning SMS Yellow Zone log.INFO: Credit warning SMS sent to customer h32fairways [] []
[2020-06-08 08:00:05] Credit Warning SMS Yellow Zone log.INFO: Sending credit warning SMS to customer 54herberthill [] []
[2020-06-08 08:00:05] Credit Warning SMS Yellow Zone log.INFO: Credit warning SMS sent to customer 54herberthill [] []
[2020-06-08 08:00:05] Credit Warning SMS Yellow Zone log.INFO: Sending credit warning SMS to customer 23herberthill [] []
[2020-06-08 08:00:05] Credit Warning SMS Yellow Zone log.INFO: Credit warning SMS sent to customer 23herberthill [] []
[2020-06-08 08:00:05] Credit Warning SMS Yellow Zone log.INFO: Sending credit warning SMS to customer 27herberthill [] []
[2020-06-08 08:00:05] Credit Warning SMS Yellow Zone log.INFO: Credit warning SMS sent to customer 27herberthill [] []
[2020-06-08 08:00:05] Credit Warning SMS Yellow Zone log.INFO: Sending credit warning SMS to customer 42herberthill [] []
[2020-06-08 08:00:05] Credit Warning SMS Yellow Zone log.INFO: Credit warning SMS sent to customer 42herberthill [] []
[2020-06-08 08:00:05] Credit Warning SMS Yellow Zone log.INFO: Sent Credit warning SMS to 71 customers! [] []
