[2020-09-06 10:30:01] Credit Warning SMS Yellow Zone log.INFO: Sending credit warning SMS to customer 8brackenview [] []
[2020-09-06 10:30:01] Credit Warning SMS Yellow Zone log.INFO: Credit warning SMS sent to customer 8brackenview [] []
[2020-09-06 10:30:01] Credit Warning SMS Yellow Zone log.INFO: Sending credit warning SMS to customer 3sundayswell [] []
[2020-09-06 10:30:01] Credit Warning SMS Yellow Zone log.INFO: Credit warning SMS sent to customer 3sundayswell [] []
[2020-09-06 10:30:01] Credit Warning SMS Yellow Zone log.INFO: Sending credit warning SMS to customer 7garryknock [] []
[2020-09-06 10:30:02] Credit Warning SMS Yellow Zone log.INFO: Credit warning SMS sent to customer 7garryknock [] []
[2020-09-06 10:30:02] Credit Warning SMS Yellow Zone log.INFO: Sending credit warning SMS to customer 18garryknock [] []
[2020-09-06 10:30:02] Credit Warning SMS Yellow Zone log.INFO: Credit warning SMS sent to customer 18garryknock [] []
[2020-09-06 10:30:02] Credit Warning SMS Yellow Zone log.INFO: Sending credit warning SMS to customer 5garryknock [] []
[2020-09-06 10:30:02] Credit Warning SMS Yellow Zone log.INFO: Credit warning SMS sent to customer 5garryknock [] []
[2020-09-06 10:30:02] Credit Warning SMS Yellow Zone log.INFO: Sending credit warning SMS to customer 22Emerald [] []
[2020-09-06 10:30:02] Credit Warning SMS Yellow Zone log.INFO: Credit warning SMS sent to customer 22Emerald [] []
[2020-09-06 10:30:02] Credit Warning SMS Yellow Zone log.INFO: Sending credit warning SMS to customer 43Emerald [] []
[2020-09-06 10:30:02] Credit Warning SMS Yellow Zone log.INFO: Credit warning SMS sent to customer 43Emerald [] []
[2020-09-06 10:30:02] Credit Warning SMS Yellow Zone log.INFO: Sending credit warning SMS to customer 24Emerald [] []
[2020-09-06 10:30:02] Credit Warning SMS Yellow Zone log.INFO: Credit warning SMS sent to customer 24Emerald [] []
[2020-09-06 10:30:02] Credit Warning SMS Yellow Zone log.INFO: Sending credit warning SMS to customer 7Emerald [] []
[2020-09-06 10:30:02] Credit Warning SMS Yellow Zone log.INFO: Credit warning SMS sent to customer 7Emerald [] []
[2020-09-06 10:30:02] Credit Warning SMS Yellow Zone log.INFO: Sending credit warning SMS to customer 188neptune [] []
[2020-09-06 10:30:02] Credit Warning SMS Yellow Zone log.INFO: Credit warning SMS sent to customer 188neptune [] []
[2020-09-06 10:30:02] Credit Warning SMS Yellow Zone log.INFO: Sending credit warning SMS to customer 115Neptune [] []
[2020-09-06 10:30:02] Credit Warning SMS Yellow Zone log.INFO: Credit warning SMS sent to customer 115Neptune [] []
[2020-09-06 10:30:02] Credit Warning SMS Yellow Zone log.INFO: Sending credit warning SMS to customer 158Neptune [] []
[2020-09-06 10:30:02] Credit Warning SMS Yellow Zone log.INFO: Credit warning SMS sent to customer 158Neptune [] []
[2020-09-06 10:30:02] Credit Warning SMS Yellow Zone log.INFO: Sending credit warning SMS to customer 93Neptune [] []
[2020-09-06 10:30:02] Credit Warning SMS Yellow Zone log.INFO: Credit warning SMS sent to customer 93Neptune [] []
[2020-09-06 10:30:02] Credit Warning SMS Yellow Zone log.INFO: Sending credit warning SMS to customer 46Neptune [] []
[2020-09-06 10:30:02] Credit Warning SMS Yellow Zone log.INFO: Credit warning SMS sent to customer 46Neptune [] []
[2020-09-06 10:30:02] Credit Warning SMS Yellow Zone log.INFO: Sending credit warning SMS to customer 193neptune [] []
[2020-09-06 10:30:02] Credit Warning SMS Yellow Zone log.INFO: Credit warning SMS sent to customer 193neptune [] []
[2020-09-06 10:30:02] Credit Warning SMS Yellow Zone log.INFO: Sending credit warning SMS to customer 150Neptune [] []
[2020-09-06 10:30:02] Credit Warning SMS Yellow Zone log.INFO: Credit warning SMS sent to customer 150Neptune [] []
[2020-09-06 10:30:02] Credit Warning SMS Yellow Zone log.INFO: Sending credit warning SMS to customer 33neptune [] []
[2020-09-06 10:30:02] Credit Warning SMS Yellow Zone log.INFO: Credit warning SMS sent to customer 33neptune [] []
[2020-09-06 10:30:02] Credit Warning SMS Yellow Zone log.INFO: Sending credit warning SMS to customer 114Neptune [] []
[2020-09-06 10:30:02] Credit Warning SMS Yellow Zone log.INFO: Credit warning SMS sent to customer 114Neptune [] []
[2020-09-06 10:30:02] Credit Warning SMS Yellow Zone log.INFO: Sending credit warning SMS to customer 104Neptune [] []
[2020-09-06 10:30:02] Credit Warning SMS Yellow Zone log.INFO: Credit warning SMS sent to customer 104Neptune [] []
[2020-09-06 10:30:02] Credit Warning SMS Yellow Zone log.INFO: Sending credit warning SMS to customer 186neptune [] []
[2020-09-06 10:30:02] Credit Warning SMS Yellow Zone log.INFO: Credit warning SMS sent to customer 186neptune [] []
[2020-09-06 10:30:02] Credit Warning SMS Yellow Zone log.INFO: Sending credit warning SMS to customer 108Neptune [] []
[2020-09-06 10:30:02] Credit Warning SMS Yellow Zone log.INFO: Credit warning SMS sent to customer 108Neptune [] []
[2020-09-06 10:30:02] Credit Warning SMS Yellow Zone log.INFO: Sending credit warning SMS to customer 131Neptune [] []
[2020-09-06 10:30:02] Credit Warning SMS Yellow Zone log.INFO: Credit warning SMS sent to customer 131Neptune [] []
[2020-09-06 10:30:02] Credit Warning SMS Yellow Zone log.INFO: Sending credit warning SMS to customer 94Neptune [] []
[2020-09-06 10:30:02] Credit Warning SMS Yellow Zone log.INFO: Credit warning SMS sent to customer 94Neptune [] []
[2020-09-06 10:30:02] Credit Warning SMS Yellow Zone log.INFO: Sending credit warning SMS to customer 73Neptune [] []
[2020-09-06 10:30:02] Credit Warning SMS Yellow Zone log.INFO: Credit warning SMS sent to customer 73Neptune [] []
[2020-09-06 10:30:02] Credit Warning SMS Yellow Zone log.INFO: Sending credit warning SMS to customer 173neptune [] []
[2020-09-06 10:30:02] Credit Warning SMS Yellow Zone log.INFO: Credit warning SMS sent to customer 173neptune [] []
[2020-09-06 10:30:02] Credit Warning SMS Yellow Zone log.INFO: Sending credit warning SMS to customer 116Neptune [] []
[2020-09-06 10:30:02] Credit Warning SMS Yellow Zone log.INFO: Credit warning SMS sent to customer 116Neptune [] []
[2020-09-06 10:30:02] Credit Warning SMS Yellow Zone log.INFO: Sending credit warning SMS to customer 41Abbott [] []
[2020-09-06 10:30:02] Credit Warning SMS Yellow Zone log.INFO: Credit warning SMS sent to customer 41Abbott [] []
[2020-09-06 10:30:02] Credit Warning SMS Yellow Zone log.INFO: Sending credit warning SMS to customer 3Abbott [] []
[2020-09-06 10:30:03] Credit Warning SMS Yellow Zone log.INFO: Credit warning SMS sent to customer 3Abbott [] []
[2020-09-06 10:30:03] Credit Warning SMS Yellow Zone log.INFO: Sending credit warning SMS to customer 10Abbott [] []
[2020-09-06 10:30:03] Credit Warning SMS Yellow Zone log.INFO: Credit warning SMS sent to customer 10Abbott [] []
[2020-09-06 10:30:03] Credit Warning SMS Yellow Zone log.INFO: Sending credit warning SMS to customer 15Abbott [] []
[2020-09-06 10:30:03] Credit Warning SMS Yellow Zone log.INFO: Credit warning SMS sent to customer 15Abbott [] []
[2020-09-06 10:30:03] Credit Warning SMS Yellow Zone log.INFO: Sending credit warning SMS to customer 24Abbott [] []
[2020-09-06 10:30:03] Credit Warning SMS Yellow Zone log.INFO: Credit warning SMS sent to customer 24Abbott [] []
[2020-09-06 10:30:03] Credit Warning SMS Yellow Zone log.INFO: Sending credit warning SMS to customer 28Abbott [] []
[2020-09-06 10:30:03] Credit Warning SMS Yellow Zone log.INFO: Credit warning SMS sent to customer 28Abbott [] []
[2020-09-06 10:30:03] Credit Warning SMS Yellow Zone log.INFO: Sending credit warning SMS to customer 31Abbott [] []
[2020-09-06 10:30:03] Credit Warning SMS Yellow Zone log.INFO: Credit warning SMS sent to customer 31Abbott [] []
[2020-09-06 10:30:03] Credit Warning SMS Yellow Zone log.INFO: Sending credit warning SMS to customer 6Abbott [] []
[2020-09-06 10:30:03] Credit Warning SMS Yellow Zone log.INFO: Credit warning SMS sent to customer 6Abbott [] []
[2020-09-06 10:30:03] Credit Warning SMS Yellow Zone log.INFO: Sending credit warning SMS to customer 59Abbott [] []
[2020-09-06 10:30:03] Credit Warning SMS Yellow Zone log.INFO: Credit warning SMS sent to customer 59Abbott [] []
[2020-09-06 10:30:03] Credit Warning SMS Yellow Zone log.INFO: Sending credit warning SMS to customer 85Abbott [] []
[2020-09-06 10:30:03] Credit Warning SMS Yellow Zone log.INFO: Credit warning SMS sent to customer 85Abbott [] []
[2020-09-06 10:30:03] Credit Warning SMS Yellow Zone log.INFO: Sending credit warning SMS to customer 82Abbott [] []
[2020-09-06 10:30:03] Credit Warning SMS Yellow Zone log.INFO: Credit warning SMS sent to customer 82Abbott [] []
[2020-09-06 10:30:03] Credit Warning SMS Yellow Zone log.INFO: Sending credit warning SMS to customer 91Abbott [] []
[2020-09-06 10:30:03] Credit Warning SMS Yellow Zone log.INFO: Credit warning SMS sent to customer 91Abbott [] []
[2020-09-06 10:30:03] Credit Warning SMS Yellow Zone log.INFO: Sending credit warning SMS to customer 105Abbott [] []
[2020-09-06 10:30:03] Credit Warning SMS Yellow Zone log.INFO: Credit warning SMS sent to customer 105Abbott [] []
[2020-09-06 10:30:03] Credit Warning SMS Yellow Zone log.INFO: Sending credit warning SMS to customer 115Abbott [] []
[2020-09-06 10:30:03] Credit Warning SMS Yellow Zone log.INFO: Credit warning SMS sent to customer 115Abbott [] []
[2020-09-06 10:30:03] Credit Warning SMS Yellow Zone log.INFO: Sending credit warning SMS to customer 95Abbott [] []
[2020-09-06 10:30:03] Credit Warning SMS Yellow Zone log.INFO: Credit warning SMS sent to customer 95Abbott [] []
[2020-09-06 10:30:03] Credit Warning SMS Yellow Zone log.INFO: Sending credit warning SMS to customer 149abbott [] []
[2020-09-06 10:30:03] Credit Warning SMS Yellow Zone log.INFO: Credit warning SMS sent to customer 149abbott [] []
[2020-09-06 10:30:03] Credit Warning SMS Yellow Zone log.INFO: Sending credit warning SMS to customer 174abbott [] []
[2020-09-06 10:30:03] Credit Warning SMS Yellow Zone log.INFO: Credit warning SMS sent to customer 174abbott [] []
[2020-09-06 10:30:03] Credit Warning SMS Yellow Zone log.INFO: Sending credit warning SMS to customer 187abbott [] []
[2020-09-06 10:30:03] Credit Warning SMS Yellow Zone log.INFO: Credit warning SMS sent to customer 187abbott [] []
[2020-09-06 10:30:03] Credit Warning SMS Yellow Zone log.INFO: Sending credit warning SMS to customer 157abbott [] []
[2020-09-06 10:30:03] Credit Warning SMS Yellow Zone log.INFO: Credit warning SMS sent to customer 157abbott [] []
[2020-09-06 10:30:03] Credit Warning SMS Yellow Zone log.INFO: Sending credit warning SMS to customer 155abbott [] []
[2020-09-06 10:30:03] Credit Warning SMS Yellow Zone log.INFO: Credit warning SMS sent to customer 155abbott [] []
[2020-09-06 10:30:03] Credit Warning SMS Yellow Zone log.INFO: Sending credit warning SMS to customer 151abbott [] []
[2020-09-06 10:30:03] Credit Warning SMS Yellow Zone log.INFO: Credit warning SMS sent to customer 151abbott [] []
[2020-09-06 10:30:03] Credit Warning SMS Yellow Zone log.INFO: Sending credit warning SMS to customer 67eustace [] []
[2020-09-06 10:30:03] Credit Warning SMS Yellow Zone log.INFO: Credit warning SMS sent to customer 67eustace [] []
[2020-09-06 10:30:03] Credit Warning SMS Yellow Zone log.INFO: Sending credit warning SMS to customer 135leona [] []
[2020-09-06 10:30:03] Credit Warning SMS Yellow Zone log.INFO: Credit warning SMS sent to customer 135leona [] []
[2020-09-06 10:30:03] Credit Warning SMS Yellow Zone log.INFO: Sending credit warning SMS to customer 60leona [] []
[2020-09-06 10:30:03] Credit Warning SMS Yellow Zone log.INFO: Credit warning SMS sent to customer 60leona [] []
[2020-09-06 10:30:03] Credit Warning SMS Yellow Zone log.INFO: Sending credit warning SMS to customer 81leona [] []
[2020-09-06 10:30:03] Credit Warning SMS Yellow Zone log.INFO: Credit warning SMS sent to customer 81leona [] []
[2020-09-06 10:30:03] Credit Warning SMS Yellow Zone log.INFO: Sending credit warning SMS to customer 118leona [] []
[2020-09-06 10:30:03] Credit Warning SMS Yellow Zone log.INFO: Credit warning SMS sent to customer 118leona [] []
[2020-09-06 10:30:03] Credit Warning SMS Yellow Zone log.INFO: Sending credit warning SMS to customer 37leona [] []
[2020-09-06 10:30:03] Credit Warning SMS Yellow Zone log.INFO: Credit warning SMS sent to customer 37leona [] []
[2020-09-06 10:30:03] Credit Warning SMS Yellow Zone log.INFO: Sending credit warning SMS to customer 125leona [] []
[2020-09-06 10:30:03] Credit Warning SMS Yellow Zone log.INFO: Credit warning SMS sent to customer 125leona [] []
[2020-09-06 10:30:03] Credit Warning SMS Yellow Zone log.INFO: Sending credit warning SMS to customer 82leona [] []
[2020-09-06 10:30:03] Credit Warning SMS Yellow Zone log.INFO: Credit warning SMS sent to customer 82leona [] []
[2020-09-06 10:30:03] Credit Warning SMS Yellow Zone log.INFO: Sending credit warning SMS to customer 108charlotte [] []
[2020-09-06 10:30:04] Credit Warning SMS Yellow Zone log.INFO: Credit warning SMS sent to customer 108charlotte [] []
[2020-09-06 10:30:04] Credit Warning SMS Yellow Zone log.INFO: Sending credit warning SMS to customer 103charlotte [] []
[2020-09-06 10:30:04] Credit Warning SMS Yellow Zone log.INFO: Credit warning SMS sent to customer 103charlotte [] []
[2020-09-06 10:30:04] Credit Warning SMS Yellow Zone log.INFO: Sending credit warning SMS to customer 121charlotte [] []
[2020-09-06 10:30:04] Credit Warning SMS Yellow Zone log.INFO: Credit warning SMS sent to customer 121charlotte [] []
[2020-09-06 10:30:04] Credit Warning SMS Yellow Zone log.INFO: Sending credit warning SMS to customer 90charlotte [] []
[2020-09-06 10:30:04] Credit Warning SMS Yellow Zone log.INFO: Credit warning SMS sent to customer 90charlotte [] []
[2020-09-06 10:30:04] Credit Warning SMS Yellow Zone log.INFO: Sending credit warning SMS to customer 124charlotte [] []
[2020-09-06 10:30:04] Credit Warning SMS Yellow Zone log.INFO: Credit warning SMS sent to customer 124charlotte [] []
[2020-09-06 10:30:04] Credit Warning SMS Yellow Zone log.INFO: Sending credit warning SMS to customer 3charlotte [] []
[2020-09-06 10:30:04] Credit Warning SMS Yellow Zone log.INFO: Credit warning SMS sent to customer 3charlotte [] []
[2020-09-06 10:30:04] Credit Warning SMS Yellow Zone log.INFO: Sending credit warning SMS to customer 151charlotte [] []
[2020-09-06 10:30:04] Credit Warning SMS Yellow Zone log.INFO: Credit warning SMS sent to customer 151charlotte [] []
[2020-09-06 10:30:04] Credit Warning SMS Yellow Zone log.INFO: Sending credit warning SMS to customer 41bridgefield [] []
[2020-09-06 10:30:04] Credit Warning SMS Yellow Zone log.INFO: Credit warning SMS sent to customer 41bridgefield [] []
[2020-09-06 10:30:04] Credit Warning SMS Yellow Zone log.INFO: Sending credit warning SMS to customer 46bridgefield [] []
[2020-09-06 10:30:04] Credit Warning SMS Yellow Zone log.INFO: Credit warning SMS sent to customer 46bridgefield [] []
[2020-09-06 10:30:04] Credit Warning SMS Yellow Zone log.INFO: Sending credit warning SMS to customer 72bridgefield [] []
[2020-09-06 10:30:04] Credit Warning SMS Yellow Zone log.INFO: Credit warning SMS sent to customer 72bridgefield [] []
[2020-09-06 10:30:04] Credit Warning SMS Yellow Zone log.INFO: Sending credit warning SMS to customer 73bridgefield [] []
[2020-09-06 10:30:04] Credit Warning SMS Yellow Zone log.INFO: Credit warning SMS sent to customer 73bridgefield [] []
[2020-09-06 10:30:04] Credit Warning SMS Yellow Zone log.INFO: Sending credit warning SMS to customer 96bridgefield [] []
[2020-09-06 10:30:04] Credit Warning SMS Yellow Zone log.INFO: Credit warning SMS sent to customer 96bridgefield [] []
[2020-09-06 10:30:04] Credit Warning SMS Yellow Zone log.INFO: Sending credit warning SMS to customer 147bridgefield [] []
[2020-09-06 10:30:04] Credit Warning SMS Yellow Zone log.INFO: Credit warning SMS sent to customer 147bridgefield [] []
[2020-09-06 10:30:04] Credit Warning SMS Yellow Zone log.INFO: Sending credit warning SMS to customer 107bridgefield [] []
[2020-09-06 10:30:04] Credit Warning SMS Yellow Zone log.INFO: Credit warning SMS sent to customer 107bridgefield [] []
[2020-09-06 10:30:04] Credit Warning SMS Yellow Zone log.INFO: Sending credit warning SMS to customer 144bridgefield [] []
[2020-09-06 10:30:04] Credit Warning SMS Yellow Zone log.INFO: Credit warning SMS sent to customer 144bridgefield [] []
[2020-09-06 10:30:04] Credit Warning SMS Yellow Zone log.INFO: Sending credit warning SMS to customer 136bridgefield [] []
[2020-09-06 10:30:04] Credit Warning SMS Yellow Zone log.INFO: Credit warning SMS sent to customer 136bridgefield [] []
[2020-09-06 10:30:04] Credit Warning SMS Yellow Zone log.INFO: Sending credit warning SMS to customer 68bridgefield [] []
[2020-09-06 10:30:04] Credit Warning SMS Yellow Zone log.INFO: Credit warning SMS sent to customer 68bridgefield [] []
[2020-09-06 10:30:04] Credit Warning SMS Yellow Zone log.INFO: Sending credit warning SMS to customer 33pappan [] []
[2020-09-06 10:30:04] Credit Warning SMS Yellow Zone log.INFO: Credit warning SMS sent to customer 33pappan [] []
[2020-09-06 10:30:04] Credit Warning SMS Yellow Zone log.INFO: Sending credit warning SMS to customer 5pappan [] []
[2020-09-06 10:30:04] Credit Warning SMS Yellow Zone log.INFO: Credit warning SMS sent to customer 5pappan [] []
[2020-09-06 10:30:04] Credit Warning SMS Yellow Zone log.INFO: Sending credit warning SMS to customer 16pappan [] []
[2020-09-06 10:30:04] Credit Warning SMS Yellow Zone log.INFO: Credit warning SMS sent to customer 16pappan [] []
[2020-09-06 10:30:04] Credit Warning SMS Yellow Zone log.INFO: Sending credit warning SMS to customer 133fairways [] []
[2020-09-06 10:30:04] Credit Warning SMS Yellow Zone log.INFO: Credit warning SMS sent to customer 133fairways [] []
[2020-09-06 10:30:04] Credit Warning SMS Yellow Zone log.INFO: Sending credit warning SMS to customer 119fairways [] []
[2020-09-06 10:30:04] Credit Warning SMS Yellow Zone log.INFO: Credit warning SMS sent to customer 119fairways [] []
[2020-09-06 10:30:04] Credit Warning SMS Yellow Zone log.INFO: Sending credit warning SMS to customer 118fairways [] []
[2020-09-06 10:30:04] Credit Warning SMS Yellow Zone log.INFO: Credit warning SMS sent to customer 118fairways [] []
[2020-09-06 10:30:04] Credit Warning SMS Yellow Zone log.INFO: Sending credit warning SMS to customer 163fairways [] []
[2020-09-06 10:30:04] Credit Warning SMS Yellow Zone log.INFO: Credit warning SMS sent to customer 163fairways [] []
[2020-09-06 10:30:04] Credit Warning SMS Yellow Zone log.INFO: Sending credit warning SMS to customer 19fairways [] []
[2020-09-06 10:30:04] Credit Warning SMS Yellow Zone log.INFO: Credit warning SMS sent to customer 19fairways [] []
[2020-09-06 10:30:04] Credit Warning SMS Yellow Zone log.INFO: Sending credit warning SMS to customer h44fairways [] []
[2020-09-06 10:30:04] Credit Warning SMS Yellow Zone log.INFO: Credit warning SMS sent to customer h44fairways [] []
[2020-09-06 10:30:04] Credit Warning SMS Yellow Zone log.INFO: Sending credit warning SMS to customer h19fairways [] []
[2020-09-06 10:30:04] Credit Warning SMS Yellow Zone log.INFO: Credit warning SMS sent to customer h19fairways [] []
[2020-09-06 10:30:05] Credit Warning SMS Yellow Zone log.INFO: Sending credit warning SMS to customer 100fairways [] []
[2020-09-06 10:30:05] Credit Warning SMS Yellow Zone log.INFO: Credit warning SMS sent to customer 100fairways [] []
[2020-09-06 10:30:05] Credit Warning SMS Yellow Zone log.INFO: Sending credit warning SMS to customer h18fairways [] []
[2020-09-06 10:30:05] Credit Warning SMS Yellow Zone log.INFO: Credit warning SMS sent to customer h18fairways [] []
[2020-09-06 10:30:05] Credit Warning SMS Yellow Zone log.INFO: Sending credit warning SMS to customer 52herberthill [] []
[2020-09-06 10:30:05] Credit Warning SMS Yellow Zone log.INFO: Credit warning SMS sent to customer 52herberthill [] []
[2020-09-06 10:30:05] Credit Warning SMS Yellow Zone log.INFO: Sending credit warning SMS to customer 54herberthill [] []
[2020-09-06 10:30:05] Credit Warning SMS Yellow Zone log.INFO: Credit warning SMS sent to customer 54herberthill [] []
[2020-09-06 10:30:05] Credit Warning SMS Yellow Zone log.INFO: Sending credit warning SMS to customer 63herberthill [] []
[2020-09-06 10:30:05] Credit Warning SMS Yellow Zone log.INFO: Credit warning SMS sent to customer 63herberthill [] []
[2020-09-06 10:30:05] Credit Warning SMS Yellow Zone log.INFO: Sending credit warning SMS to customer 55herberthill [] []
[2020-09-06 10:30:05] Credit Warning SMS Yellow Zone log.INFO: Credit warning SMS sent to customer 55herberthill [] []
[2020-09-06 10:30:05] Credit Warning SMS Yellow Zone log.INFO: Sending credit warning SMS to customer 82herberthill [] []
[2020-09-06 10:30:05] Credit Warning SMS Yellow Zone log.INFO: Credit warning SMS sent to customer 82herberthill [] []
[2020-09-06 10:30:05] Credit Warning SMS Yellow Zone log.INFO: Sent Credit warning SMS to 89 customers! [] []
