[2020-10-02 08:00:02] Credit Warning SMS Yellow Zone log.INFO: Sending credit warning SMS to customer 18garryknock [] []
[2020-10-02 08:00:02] Credit Warning SMS Yellow Zone log.INFO: Credit warning SMS sent to customer 18garryknock [] []
[2020-10-02 08:00:02] Credit Warning SMS Yellow Zone log.INFO: Sending credit warning SMS to customer 15garryknock [] []
[2020-10-02 08:00:02] Credit Warning SMS Yellow Zone log.INFO: Credit warning SMS sent to customer 15garryknock [] []
[2020-10-02 08:00:02] Credit Warning SMS Yellow Zone log.INFO: Sending credit warning SMS to customer 1garryknock [] []
[2020-10-02 08:00:02] Credit Warning SMS Yellow Zone log.INFO: Credit warning SMS sent to customer 1garryknock [] []
[2020-10-02 08:00:02] Credit Warning SMS Yellow Zone log.INFO: Sending credit warning SMS to customer 42Emerald [] []
[2020-10-02 08:00:02] Credit Warning SMS Yellow Zone log.INFO: Credit warning SMS sent to customer 42Emerald [] []
[2020-10-02 08:00:02] Credit Warning SMS Yellow Zone log.INFO: Sending credit warning SMS to customer 1Emerald [] []
[2020-10-02 08:00:02] Credit Warning SMS Yellow Zone log.INFO: Credit warning SMS sent to customer 1Emerald [] []
[2020-10-02 08:00:02] Credit Warning SMS Yellow Zone log.INFO: Sending credit warning SMS to customer 24Emerald [] []
[2020-10-02 08:00:02] Credit Warning SMS Yellow Zone log.INFO: Credit warning SMS sent to customer 24Emerald [] []
[2020-10-02 08:00:02] Credit Warning SMS Yellow Zone log.INFO: Sending credit warning SMS to customer 23Emerald [] []
[2020-10-02 08:00:02] Credit Warning SMS Yellow Zone log.INFO: Credit warning SMS sent to customer 23Emerald [] []
[2020-10-02 08:00:02] Credit Warning SMS Yellow Zone log.INFO: Sending credit warning SMS to customer 7Emerald [] []
[2020-10-02 08:00:02] Credit Warning SMS Yellow Zone log.INFO: Credit warning SMS sent to customer 7Emerald [] []
[2020-10-02 08:00:02] Credit Warning SMS Yellow Zone log.INFO: Sending credit warning SMS to customer 174neptune [] []
[2020-10-02 08:00:02] Credit Warning SMS Yellow Zone log.INFO: Credit warning SMS sent to customer 174neptune [] []
[2020-10-02 08:00:02] Credit Warning SMS Yellow Zone log.INFO: Sending credit warning SMS to customer 151Neptune [] []
[2020-10-02 08:00:02] Credit Warning SMS Yellow Zone log.INFO: Credit warning SMS sent to customer 151Neptune [] []
[2020-10-02 08:00:02] Credit Warning SMS Yellow Zone log.INFO: Sending credit warning SMS to customer 26neptune [] []
[2020-10-02 08:00:02] Credit Warning SMS Yellow Zone log.INFO: Credit warning SMS sent to customer 26neptune [] []
[2020-10-02 08:00:02] Credit Warning SMS Yellow Zone log.INFO: Sending credit warning SMS to customer 123Neptune [] []
[2020-10-02 08:00:02] Credit Warning SMS Yellow Zone log.INFO: Credit warning SMS sent to customer 123Neptune [] []
[2020-10-02 08:00:02] Credit Warning SMS Yellow Zone log.INFO: Sending credit warning SMS to customer 140Neptune [] []
[2020-10-02 08:00:02] Credit Warning SMS Yellow Zone log.INFO: Credit warning SMS sent to customer 140Neptune [] []
[2020-10-02 08:00:02] Credit Warning SMS Yellow Zone log.INFO: Sending credit warning SMS to customer 114Neptune [] []
[2020-10-02 08:00:02] Credit Warning SMS Yellow Zone log.INFO: Credit warning SMS sent to customer 114Neptune [] []
[2020-10-02 08:00:02] Credit Warning SMS Yellow Zone log.INFO: Sending credit warning SMS to customer 105Neptune [] []
[2020-10-02 08:00:02] Credit Warning SMS Yellow Zone log.INFO: Credit warning SMS sent to customer 105Neptune [] []
[2020-10-02 08:00:02] Credit Warning SMS Yellow Zone log.INFO: Sending credit warning SMS to customer 75Neptune [] []
[2020-10-02 08:00:02] Credit Warning SMS Yellow Zone log.INFO: Credit warning SMS sent to customer 75Neptune [] []
[2020-10-02 08:00:02] Credit Warning SMS Yellow Zone log.INFO: Sending credit warning SMS to customer 118Neptune [] []
[2020-10-02 08:00:02] Credit Warning SMS Yellow Zone log.INFO: Credit warning SMS sent to customer 118Neptune [] []
[2020-10-02 08:00:02] Credit Warning SMS Yellow Zone log.INFO: Sending credit warning SMS to customer 41Abbott [] []
[2020-10-02 08:00:02] Credit Warning SMS Yellow Zone log.INFO: Credit warning SMS sent to customer 41Abbott [] []
[2020-10-02 08:00:02] Credit Warning SMS Yellow Zone log.INFO: Sending credit warning SMS to customer 4Abbott [] []
[2020-10-02 08:00:03] Credit Warning SMS Yellow Zone log.INFO: Credit warning SMS sent to customer 4Abbott [] []
[2020-10-02 08:00:03] Credit Warning SMS Yellow Zone log.INFO: Sending credit warning SMS to customer 10Abbott [] []
[2020-10-02 08:00:03] Credit Warning SMS Yellow Zone log.INFO: Credit warning SMS sent to customer 10Abbott [] []
[2020-10-02 08:00:03] Credit Warning SMS Yellow Zone log.INFO: Sending credit warning SMS to customer 24Abbott [] []
[2020-10-02 08:00:03] Credit Warning SMS Yellow Zone log.INFO: Credit warning SMS sent to customer 24Abbott [] []
[2020-10-02 08:00:03] Credit Warning SMS Yellow Zone log.INFO: Sending credit warning SMS to customer 36Abbott [] []
[2020-10-02 08:00:03] Credit Warning SMS Yellow Zone log.INFO: Credit warning SMS sent to customer 36Abbott [] []
[2020-10-02 08:00:03] Credit Warning SMS Yellow Zone log.INFO: Sending credit warning SMS to customer 59Abbott [] []
[2020-10-02 08:00:03] Credit Warning SMS Yellow Zone log.INFO: Credit warning SMS sent to customer 59Abbott [] []
[2020-10-02 08:00:03] Credit Warning SMS Yellow Zone log.INFO: Sending credit warning SMS to customer 84Abbott [] []
[2020-10-02 08:00:03] Credit Warning SMS Yellow Zone log.INFO: Credit warning SMS sent to customer 84Abbott [] []
[2020-10-02 08:00:03] Credit Warning SMS Yellow Zone log.INFO: Sending credit warning SMS to customer 91Abbott [] []
[2020-10-02 08:00:03] Credit Warning SMS Yellow Zone log.INFO: Credit warning SMS sent to customer 91Abbott [] []
[2020-10-02 08:00:03] Credit Warning SMS Yellow Zone log.INFO: Sending credit warning SMS to customer 92Abbott [] []
[2020-10-02 08:00:03] Credit Warning SMS Yellow Zone log.INFO: Credit warning SMS sent to customer 92Abbott [] []
[2020-10-02 08:00:03] Credit Warning SMS Yellow Zone log.INFO: Sending credit warning SMS to customer 105Abbott [] []
[2020-10-02 08:00:03] Credit Warning SMS Yellow Zone log.INFO: Credit warning SMS sent to customer 105Abbott [] []
[2020-10-02 08:00:03] Credit Warning SMS Yellow Zone log.INFO: Sending credit warning SMS to customer 111Abbott [] []
[2020-10-02 08:00:03] Credit Warning SMS Yellow Zone log.INFO: Credit warning SMS sent to customer 111Abbott [] []
[2020-10-02 08:00:03] Credit Warning SMS Yellow Zone log.INFO: Sending credit warning SMS to customer 98Abbott [] []
[2020-10-02 08:00:03] Credit Warning SMS Yellow Zone log.INFO: Credit warning SMS sent to customer 98Abbott [] []
[2020-10-02 08:00:03] Credit Warning SMS Yellow Zone log.INFO: Sending credit warning SMS to customer 95Abbott [] []
[2020-10-02 08:00:03] Credit Warning SMS Yellow Zone log.INFO: Credit warning SMS sent to customer 95Abbott [] []
[2020-10-02 08:00:03] Credit Warning SMS Yellow Zone log.INFO: Sending credit warning SMS to customer 164abbott [] []
[2020-10-02 08:00:03] Credit Warning SMS Yellow Zone log.INFO: Credit warning SMS sent to customer 164abbott [] []
[2020-10-02 08:00:03] Credit Warning SMS Yellow Zone log.INFO: Sending credit warning SMS to customer 131abbott [] []
[2020-10-02 08:00:03] Credit Warning SMS Yellow Zone log.INFO: Credit warning SMS sent to customer 131abbott [] []
[2020-10-02 08:00:03] Credit Warning SMS Yellow Zone log.INFO: Sending credit warning SMS to customer 181abbott [] []
[2020-10-02 08:00:03] Credit Warning SMS Yellow Zone log.INFO: Credit warning SMS sent to customer 181abbott [] []
[2020-10-02 08:00:03] Credit Warning SMS Yellow Zone log.INFO: Sending credit warning SMS to customer 4eustace [] []
[2020-10-02 08:00:03] Credit Warning SMS Yellow Zone log.INFO: Credit warning SMS sent to customer 4eustace [] []
[2020-10-02 08:00:03] Credit Warning SMS Yellow Zone log.INFO: Sending credit warning SMS to customer 74eustace [] []
[2020-10-02 08:00:03] Credit Warning SMS Yellow Zone log.INFO: Credit warning SMS sent to customer 74eustace [] []
[2020-10-02 08:00:03] Credit Warning SMS Yellow Zone log.INFO: Sending credit warning SMS to customer 18leona [] []
[2020-10-02 08:00:03] Credit Warning SMS Yellow Zone log.INFO: Credit warning SMS sent to customer 18leona [] []
[2020-10-02 08:00:03] Credit Warning SMS Yellow Zone log.INFO: Sending credit warning SMS to customer 134leona [] []
[2020-10-02 08:00:03] Credit Warning SMS Yellow Zone log.INFO: Credit warning SMS sent to customer 134leona [] []
[2020-10-02 08:00:03] Credit Warning SMS Yellow Zone log.INFO: Sending credit warning SMS to customer 38leona [] []
[2020-10-02 08:00:03] Credit Warning SMS Yellow Zone log.INFO: Credit warning SMS sent to customer 38leona [] []
[2020-10-02 08:00:03] Credit Warning SMS Yellow Zone log.INFO: Sending credit warning SMS to customer 103leona [] []
[2020-10-02 08:00:03] Credit Warning SMS Yellow Zone log.INFO: Credit warning SMS sent to customer 103leona [] []
[2020-10-02 08:00:03] Credit Warning SMS Yellow Zone log.INFO: Sending credit warning SMS to customer 39leona [] []
[2020-10-02 08:00:03] Credit Warning SMS Yellow Zone log.INFO: Credit warning SMS sent to customer 39leona [] []
[2020-10-02 08:00:03] Credit Warning SMS Yellow Zone log.INFO: Sending credit warning SMS to customer 157leona [] []
[2020-10-02 08:00:03] Credit Warning SMS Yellow Zone log.INFO: Credit warning SMS sent to customer 157leona [] []
[2020-10-02 08:00:03] Credit Warning SMS Yellow Zone log.INFO: Sending credit warning SMS to customer 1leona [] []
[2020-10-02 08:00:03] Credit Warning SMS Yellow Zone log.INFO: Credit warning SMS sent to customer 1leona [] []
[2020-10-02 08:00:03] Credit Warning SMS Yellow Zone log.INFO: Sending credit warning SMS to customer 147leona [] []
[2020-10-02 08:00:03] Credit Warning SMS Yellow Zone log.INFO: Credit warning SMS sent to customer 147leona [] []
[2020-10-02 08:00:03] Credit Warning SMS Yellow Zone log.INFO: Sending credit warning SMS to customer 144leona [] []
[2020-10-02 08:00:04] Credit Warning SMS Yellow Zone log.INFO: Credit warning SMS sent to customer 144leona [] []
[2020-10-02 08:00:04] Credit Warning SMS Yellow Zone log.INFO: Sending credit warning SMS to customer 58leona [] []
[2020-10-02 08:00:04] Credit Warning SMS Yellow Zone log.INFO: Credit warning SMS sent to customer 58leona [] []
[2020-10-02 08:00:04] Credit Warning SMS Yellow Zone log.INFO: Sending credit warning SMS to customer 153charlotte [] []
[2020-10-02 08:00:04] Credit Warning SMS Yellow Zone log.INFO: Credit warning SMS sent to customer 153charlotte [] []
[2020-10-02 08:00:04] Credit Warning SMS Yellow Zone log.INFO: Sending credit warning SMS to customer 121charlotte [] []
[2020-10-02 08:00:04] Credit Warning SMS Yellow Zone log.INFO: Credit warning SMS sent to customer 121charlotte [] []
[2020-10-02 08:00:04] Credit Warning SMS Yellow Zone log.INFO: Sending credit warning SMS to customer 46charlotte [] []
[2020-10-02 08:00:04] Credit Warning SMS Yellow Zone log.INFO: Credit warning SMS sent to customer 46charlotte [] []
[2020-10-02 08:00:04] Credit Warning SMS Yellow Zone log.INFO: Sending credit warning SMS to customer 81charlotte [] []
[2020-10-02 08:00:04] Credit Warning SMS Yellow Zone log.INFO: Credit warning SMS sent to customer 81charlotte [] []
[2020-10-02 08:00:04] Credit Warning SMS Yellow Zone log.INFO: Sending credit warning SMS to customer 124charlotte [] []
[2020-10-02 08:00:04] Credit Warning SMS Yellow Zone log.INFO: Credit warning SMS sent to customer 124charlotte [] []
[2020-10-02 08:00:04] Credit Warning SMS Yellow Zone log.INFO: Sending credit warning SMS to customer 20bridgefield [] []
[2020-10-02 08:00:04] Credit Warning SMS Yellow Zone log.INFO: Credit warning SMS sent to customer 20bridgefield [] []
[2020-10-02 08:00:04] Credit Warning SMS Yellow Zone log.INFO: Sending credit warning SMS to customer 40bridgefield [] []
[2020-10-02 08:00:04] Credit Warning SMS Yellow Zone log.INFO: Credit warning SMS sent to customer 40bridgefield [] []
[2020-10-02 08:00:04] Credit Warning SMS Yellow Zone log.INFO: Sending credit warning SMS to customer 83bridgefield [] []
[2020-10-02 08:00:04] Credit Warning SMS Yellow Zone log.INFO: Credit warning SMS sent to customer 83bridgefield [] []
[2020-10-02 08:00:04] Credit Warning SMS Yellow Zone log.INFO: Sending credit warning SMS to customer 72bridgefield [] []
[2020-10-02 08:00:04] Credit Warning SMS Yellow Zone log.INFO: Credit warning SMS sent to customer 72bridgefield [] []
[2020-10-02 08:00:04] Credit Warning SMS Yellow Zone log.INFO: Sending credit warning SMS to customer 31bridgefield [] []
[2020-10-02 08:00:04] Credit Warning SMS Yellow Zone log.INFO: Credit warning SMS sent to customer 31bridgefield [] []
[2020-10-02 08:00:04] Credit Warning SMS Yellow Zone log.INFO: Sending credit warning SMS to customer 101bridgefield [] []
[2020-10-02 08:00:05] Credit Warning SMS Yellow Zone log.INFO: Credit warning SMS sent to customer 101bridgefield [] []
[2020-10-02 08:00:05] Credit Warning SMS Yellow Zone log.INFO: Sending credit warning SMS to customer 194bridgefield [] []
[2020-10-02 08:00:05] Credit Warning SMS Yellow Zone log.INFO: Credit warning SMS sent to customer 194bridgefield [] []
[2020-10-02 08:00:05] Credit Warning SMS Yellow Zone log.INFO: Sending credit warning SMS to customer 145bridgefield [] []
[2020-10-02 08:00:05] Credit Warning SMS Yellow Zone log.INFO: Credit warning SMS sent to customer 145bridgefield [] []
[2020-10-02 08:00:05] Credit Warning SMS Yellow Zone log.INFO: Sending credit warning SMS to customer 167bridgefield [] []
[2020-10-02 08:00:05] Credit Warning SMS Yellow Zone log.INFO: Credit warning SMS sent to customer 167bridgefield [] []
[2020-10-02 08:00:05] Credit Warning SMS Yellow Zone log.INFO: Sending credit warning SMS to customer 215bridgefield [] []
[2020-10-02 08:00:05] Credit Warning SMS Yellow Zone log.INFO: Credit warning SMS sent to customer 215bridgefield [] []
[2020-10-02 08:00:05] Credit Warning SMS Yellow Zone log.INFO: Sending credit warning SMS to customer 207bridgefield [] []
[2020-10-02 08:00:05] Credit Warning SMS Yellow Zone log.INFO: Credit warning SMS sent to customer 207bridgefield [] []
[2020-10-02 08:00:05] Credit Warning SMS Yellow Zone log.INFO: Sending credit warning SMS to customer 29pappan [] []
[2020-10-02 08:00:05] Credit Warning SMS Yellow Zone log.INFO: Credit warning SMS sent to customer 29pappan [] []
[2020-10-02 08:00:05] Credit Warning SMS Yellow Zone log.INFO: Sending credit warning SMS to customer 5pappan [] []
[2020-10-02 08:00:05] Credit Warning SMS Yellow Zone log.INFO: Credit warning SMS sent to customer 5pappan [] []
[2020-10-02 08:00:05] Credit Warning SMS Yellow Zone log.INFO: Sending credit warning SMS to customer 16pappan [] []
[2020-10-02 08:00:06] Credit Warning SMS Yellow Zone log.INFO: Credit warning SMS sent to customer 16pappan [] []
[2020-10-02 08:00:06] Credit Warning SMS Yellow Zone log.INFO: Sending credit warning SMS to customer 80fairways [] []
[2020-10-02 08:00:06] Credit Warning SMS Yellow Zone log.INFO: Credit warning SMS sent to customer 80fairways [] []
[2020-10-02 08:00:06] Credit Warning SMS Yellow Zone log.INFO: Sending credit warning SMS to customer 106fairways [] []
[2020-10-02 08:00:06] Credit Warning SMS Yellow Zone log.INFO: Credit warning SMS sent to customer 106fairways [] []
[2020-10-02 08:00:06] Credit Warning SMS Yellow Zone log.INFO: Sending credit warning SMS to customer 113fairways [] []
[2020-10-02 08:00:06] Credit Warning SMS Yellow Zone log.INFO: Credit warning SMS sent to customer 113fairways [] []
[2020-10-02 08:00:06] Credit Warning SMS Yellow Zone log.INFO: Sending credit warning SMS to customer 133fairways [] []
[2020-10-02 08:00:06] Credit Warning SMS Yellow Zone log.INFO: Credit warning SMS sent to customer 133fairways [] []
[2020-10-02 08:00:06] Credit Warning SMS Yellow Zone log.INFO: Sending credit warning SMS to customer 123fairways [] []
[2020-10-02 08:00:06] Credit Warning SMS Yellow Zone log.INFO: Credit warning SMS sent to customer 123fairways [] []
[2020-10-02 08:00:06] Credit Warning SMS Yellow Zone log.INFO: Sending credit warning SMS to customer 94fairways [] []
[2020-10-02 08:00:07] Credit Warning SMS Yellow Zone log.INFO: Credit warning SMS sent to customer 94fairways [] []
[2020-10-02 08:00:07] Credit Warning SMS Yellow Zone log.INFO: Sending credit warning SMS to customer 160fairways [] []
[2020-10-02 08:00:07] Credit Warning SMS Yellow Zone log.INFO: Credit warning SMS sent to customer 160fairways [] []
[2020-10-02 08:00:07] Credit Warning SMS Yellow Zone log.INFO: Sending credit warning SMS to customer 52herberthill [] []
[2020-10-02 08:00:07] Credit Warning SMS Yellow Zone log.INFO: Credit warning SMS sent to customer 52herberthill [] []
[2020-10-02 08:00:07] Credit Warning SMS Yellow Zone log.INFO: Sending credit warning SMS to customer 54herberthill [] []
[2020-10-02 08:00:07] Credit Warning SMS Yellow Zone log.INFO: Credit warning SMS sent to customer 54herberthill [] []
[2020-10-02 08:00:07] Credit Warning SMS Yellow Zone log.INFO: Sending credit warning SMS to customer 63herberthill [] []
[2020-10-02 08:00:07] Credit Warning SMS Yellow Zone log.INFO: Credit warning SMS sent to customer 63herberthill [] []
[2020-10-02 08:00:07] Credit Warning SMS Yellow Zone log.INFO: Sending credit warning SMS to customer 87herberthill [] []
[2020-10-02 08:00:07] Credit Warning SMS Yellow Zone log.INFO: Credit warning SMS sent to customer 87herberthill [] []
[2020-10-02 08:00:07] Credit Warning SMS Yellow Zone log.INFO: Sending credit warning SMS to customer 73herberthill [] []
[2020-10-02 08:00:07] Credit Warning SMS Yellow Zone log.INFO: Credit warning SMS sent to customer 73herberthill [] []
[2020-10-02 08:00:07] Credit Warning SMS Yellow Zone log.INFO: Sending credit warning SMS to customer 29herberthill [] []
[2020-10-02 08:00:07] Credit Warning SMS Yellow Zone log.INFO: Credit warning SMS sent to customer 29herberthill [] []
[2020-10-02 08:00:07] Credit Warning SMS Yellow Zone log.INFO: Sending credit warning SMS to customer 55herberthill [] []
[2020-10-02 08:00:07] Credit Warning SMS Yellow Zone log.INFO: Credit warning SMS sent to customer 55herberthill [] []
[2020-10-02 08:00:07] Credit Warning SMS Yellow Zone log.INFO: Sending credit warning SMS to customer 79herberthill [] []
[2020-10-02 08:00:07] Credit Warning SMS Yellow Zone log.INFO: Credit warning SMS sent to customer 79herberthill [] []
[2020-10-02 08:00:07] Credit Warning SMS Yellow Zone log.INFO: Sending credit warning SMS to customer 83herberthill [] []
[2020-10-02 08:00:07] Credit Warning SMS Yellow Zone log.INFO: Credit warning SMS sent to customer 83herberthill [] []
[2020-10-02 08:00:07] Credit Warning SMS Yellow Zone log.INFO: Sending credit warning SMS to customer 5herberthill [] []
[2020-10-02 08:00:07] Credit Warning SMS Yellow Zone log.INFO: Credit warning SMS sent to customer 5herberthill [] []
[2020-10-02 08:00:07] Credit Warning SMS Yellow Zone log.INFO: Sending credit warning SMS to customer 81herberthill [] []
[2020-10-02 08:00:07] Credit Warning SMS Yellow Zone log.INFO: Credit warning SMS sent to customer 81herberthill [] []
[2020-10-02 08:00:07] Credit Warning SMS Yellow Zone log.INFO: Sending credit warning SMS to customer 42herberthill [] []
[2020-10-02 08:00:07] Credit Warning SMS Yellow Zone log.INFO: Credit warning SMS sent to customer 42herberthill [] []
[2020-10-02 08:00:07] Credit Warning SMS Yellow Zone log.INFO: Sending credit warning SMS to customer 71marina [] []
[2020-10-02 08:00:07] Credit Warning SMS Yellow Zone log.INFO: Credit warning SMS sent to customer 71marina [] []
[2020-10-02 08:00:07] Credit Warning SMS Yellow Zone log.INFO: Sending credit warning SMS to customer 19marina [] []
[2020-10-02 08:00:07] Credit Warning SMS Yellow Zone log.INFO: Credit warning SMS sent to customer 19marina [] []
[2020-10-02 08:00:07] Credit Warning SMS Yellow Zone log.INFO: Sent Credit warning SMS to 85 customers! [] []
