[2020-12-29 08:00:02] Credit Warning SMS Yellow Zone log.INFO: Sending credit warning SMS to customer 12brackenview [] []
[2020-12-29 08:00:02] Credit Warning SMS Yellow Zone log.INFO: Credit warning SMS sent to customer 12brackenview [] []
[2020-12-29 08:00:02] Credit Warning SMS Yellow Zone log.INFO: Sending credit warning SMS to customer 12sundayswell [] []
[2020-12-29 08:00:02] Credit Warning SMS Yellow Zone log.INFO: Credit warning SMS sent to customer 12sundayswell [] []
[2020-12-29 08:00:02] Credit Warning SMS Yellow Zone log.INFO: Sending credit warning SMS to customer 15sundayswell [] []
[2020-12-29 08:00:02] Credit Warning SMS Yellow Zone log.INFO: Credit warning SMS sent to customer 15sundayswell [] []
[2020-12-29 08:00:02] Credit Warning SMS Yellow Zone log.INFO: Sending credit warning SMS to customer 27garryknock [] []
[2020-12-29 08:00:02] Credit Warning SMS Yellow Zone log.INFO: Credit warning SMS sent to customer 27garryknock [] []
[2020-12-29 08:00:02] Credit Warning SMS Yellow Zone log.INFO: Sending credit warning SMS to customer 12Emerald [] []
[2020-12-29 08:00:02] Credit Warning SMS Yellow Zone log.INFO: Credit warning SMS sent to customer 12Emerald [] []
[2020-12-29 08:00:02] Credit Warning SMS Yellow Zone log.INFO: Sending credit warning SMS to customer 39Emerald [] []
[2020-12-29 08:00:03] Credit Warning SMS Yellow Zone log.INFO: Credit warning SMS sent to customer 39Emerald [] []
[2020-12-29 08:00:03] Credit Warning SMS Yellow Zone log.INFO: Sending credit warning SMS to customer 15Emerald [] []
[2020-12-29 08:00:03] Credit Warning SMS Yellow Zone log.INFO: Credit warning SMS sent to customer 15Emerald [] []
[2020-12-29 08:00:03] Credit Warning SMS Yellow Zone log.INFO: Sending credit warning SMS to customer 1Emerald [] []
[2020-12-29 08:00:03] Credit Warning SMS Yellow Zone log.INFO: Credit warning SMS sent to customer 1Emerald [] []
[2020-12-29 08:00:03] Credit Warning SMS Yellow Zone log.INFO: Sending credit warning SMS to customer 10Emerald [] []
[2020-12-29 08:00:03] Credit Warning SMS Yellow Zone log.INFO: Credit warning SMS sent to customer 10Emerald [] []
[2020-12-29 08:00:03] Credit Warning SMS Yellow Zone log.INFO: Sending credit warning SMS to customer 176neptune [] []
[2020-12-29 08:00:03] Credit Warning SMS Yellow Zone log.INFO: Credit warning SMS sent to customer 176neptune [] []
[2020-12-29 08:00:03] Credit Warning SMS Yellow Zone log.INFO: Sending credit warning SMS to customer 153Neptune [] []
[2020-12-29 08:00:03] Credit Warning SMS Yellow Zone log.INFO: Credit warning SMS sent to customer 153Neptune [] []
[2020-12-29 08:00:03] Credit Warning SMS Yellow Zone log.INFO: Sending credit warning SMS to customer 124Neptune [] []
[2020-12-29 08:00:03] Credit Warning SMS Yellow Zone log.INFO: Credit warning SMS sent to customer 124Neptune [] []
[2020-12-29 08:00:03] Credit Warning SMS Yellow Zone log.INFO: Sending credit warning SMS to customer 104Neptune [] []
[2020-12-29 08:00:03] Credit Warning SMS Yellow Zone log.INFO: Credit warning SMS sent to customer 104Neptune [] []
[2020-12-29 08:00:03] Credit Warning SMS Yellow Zone log.INFO: Sending credit warning SMS to customer 13neptune [] []
[2020-12-29 08:00:03] Credit Warning SMS Yellow Zone log.INFO: Credit warning SMS sent to customer 13neptune [] []
[2020-12-29 08:00:03] Credit Warning SMS Yellow Zone log.INFO: Sending credit warning SMS to customer 152Neptune [] []
[2020-12-29 08:00:03] Credit Warning SMS Yellow Zone log.INFO: Credit warning SMS sent to customer 152Neptune [] []
[2020-12-29 08:00:03] Credit Warning SMS Yellow Zone log.INFO: Sending credit warning SMS to customer 173neptune [] []
[2020-12-29 08:00:03] Credit Warning SMS Yellow Zone log.INFO: Credit warning SMS sent to customer 173neptune [] []
[2020-12-29 08:00:03] Credit Warning SMS Yellow Zone log.INFO: Sending credit warning SMS to customer 61Neptune [] []
[2020-12-29 08:00:03] Credit Warning SMS Yellow Zone log.INFO: Credit warning SMS sent to customer 61Neptune [] []
[2020-12-29 08:00:03] Credit Warning SMS Yellow Zone log.INFO: Sending credit warning SMS to customer 87Neptune [] []
[2020-12-29 08:00:03] Credit Warning SMS Yellow Zone log.INFO: Credit warning SMS sent to customer 87Neptune [] []
[2020-12-29 08:00:03] Credit Warning SMS Yellow Zone log.INFO: Sending credit warning SMS to customer 10Abbott [] []
[2020-12-29 08:00:03] Credit Warning SMS Yellow Zone log.INFO: Credit warning SMS sent to customer 10Abbott [] []
[2020-12-29 08:00:03] Credit Warning SMS Yellow Zone log.INFO: Sending credit warning SMS to customer 13Abbott [] []
[2020-12-29 08:00:03] Credit Warning SMS Yellow Zone log.INFO: Credit warning SMS sent to customer 13Abbott [] []
[2020-12-29 08:00:03] Credit Warning SMS Yellow Zone log.INFO: Sending credit warning SMS to customer 84Abbott [] []
[2020-12-29 08:00:03] Credit Warning SMS Yellow Zone log.INFO: Credit warning SMS sent to customer 84Abbott [] []
[2020-12-29 08:00:03] Credit Warning SMS Yellow Zone log.INFO: Sending credit warning SMS to customer 69Abbott [] []
[2020-12-29 08:00:03] Credit Warning SMS Yellow Zone log.INFO: Credit warning SMS sent to customer 69Abbott [] []
[2020-12-29 08:00:03] Credit Warning SMS Yellow Zone log.INFO: Sending credit warning SMS to customer 91Abbott [] []
[2020-12-29 08:00:03] Credit Warning SMS Yellow Zone log.INFO: Credit warning SMS sent to customer 91Abbott [] []
[2020-12-29 08:00:03] Credit Warning SMS Yellow Zone log.INFO: Sending credit warning SMS to customer 117Abbott [] []
[2020-12-29 08:00:03] Credit Warning SMS Yellow Zone log.INFO: Credit warning SMS sent to customer 117Abbott [] []
[2020-12-29 08:00:03] Credit Warning SMS Yellow Zone log.INFO: Sending credit warning SMS to customer 98Abbott [] []
[2020-12-29 08:00:03] Credit Warning SMS Yellow Zone log.INFO: Credit warning SMS sent to customer 98Abbott [] []
[2020-12-29 08:00:03] Credit Warning SMS Yellow Zone log.INFO: Sending credit warning SMS to customer 55Abbott [] []
[2020-12-29 08:00:03] Credit Warning SMS Yellow Zone log.INFO: Credit warning SMS sent to customer 55Abbott [] []
[2020-12-29 08:00:03] Credit Warning SMS Yellow Zone log.INFO: Sending credit warning SMS to customer 115Abbott [] []
[2020-12-29 08:00:03] Credit Warning SMS Yellow Zone log.INFO: Credit warning SMS sent to customer 115Abbott [] []
[2020-12-29 08:00:03] Credit Warning SMS Yellow Zone log.INFO: Sending credit warning SMS to customer 97Abbott [] []
[2020-12-29 08:00:03] Credit Warning SMS Yellow Zone log.INFO: Credit warning SMS sent to customer 97Abbott [] []
[2020-12-29 08:00:03] Credit Warning SMS Yellow Zone log.INFO: Sending credit warning SMS to customer 171abbott [] []
[2020-12-29 08:00:03] Credit Warning SMS Yellow Zone log.INFO: Credit warning SMS sent to customer 171abbott [] []
[2020-12-29 08:00:03] Credit Warning SMS Yellow Zone log.INFO: Sending credit warning SMS to customer 191abbott [] []
[2020-12-29 08:00:04] Credit Warning SMS Yellow Zone log.INFO: Credit warning SMS sent to customer 191abbott [] []
[2020-12-29 08:00:04] Credit Warning SMS Yellow Zone log.INFO: Sending credit warning SMS to customer 162abbott [] []
[2020-12-29 08:00:04] Credit Warning SMS Yellow Zone log.INFO: Credit warning SMS sent to customer 162abbott [] []
[2020-12-29 08:00:04] Credit Warning SMS Yellow Zone log.INFO: Sending credit warning SMS to customer 21GreenBank [] []
[2020-12-29 08:00:04] Credit Warning SMS Yellow Zone log.INFO: Credit warning SMS sent to customer 21GreenBank [] []
[2020-12-29 08:00:04] Credit Warning SMS Yellow Zone log.INFO: Sending credit warning SMS to customer 15eustace [] []
[2020-12-29 08:00:04] Credit Warning SMS Yellow Zone log.INFO: Credit warning SMS sent to customer 15eustace [] []
[2020-12-29 08:00:04] Credit Warning SMS Yellow Zone log.INFO: Sending credit warning SMS to customer 84eustace [] []
[2020-12-29 08:00:04] Credit Warning SMS Yellow Zone log.INFO: Credit warning SMS sent to customer 84eustace [] []
[2020-12-29 08:00:04] Credit Warning SMS Yellow Zone log.INFO: Sending credit warning SMS to customer 15leona [] []
[2020-12-29 08:00:04] Credit Warning SMS Yellow Zone log.INFO: Credit warning SMS sent to customer 15leona [] []
[2020-12-29 08:00:04] Credit Warning SMS Yellow Zone log.INFO: Sending credit warning SMS to customer 43leona [] []
[2020-12-29 08:00:04] Credit Warning SMS Yellow Zone log.INFO: Credit warning SMS sent to customer 43leona [] []
[2020-12-29 08:00:04] Credit Warning SMS Yellow Zone log.INFO: Sending credit warning SMS to customer 104leona [] []
[2020-12-29 08:00:04] Credit Warning SMS Yellow Zone log.INFO: Credit warning SMS sent to customer 104leona [] []
[2020-12-29 08:00:04] Credit Warning SMS Yellow Zone log.INFO: Sending credit warning SMS to customer 39leona [] []
[2020-12-29 08:00:04] Credit Warning SMS Yellow Zone log.INFO: Credit warning SMS sent to customer 39leona [] []
[2020-12-29 08:00:04] Credit Warning SMS Yellow Zone log.INFO: Sending credit warning SMS to customer 128leona [] []
[2020-12-29 08:00:04] Credit Warning SMS Yellow Zone log.INFO: Credit warning SMS sent to customer 128leona [] []
[2020-12-29 08:00:04] Credit Warning SMS Yellow Zone log.INFO: Sending credit warning SMS to customer 151leona [] []
[2020-12-29 08:00:04] Credit Warning SMS Yellow Zone log.INFO: Credit warning SMS sent to customer 151leona [] []
[2020-12-29 08:00:04] Credit Warning SMS Yellow Zone log.INFO: Sending credit warning SMS to customer 24leona [] []
[2020-12-29 08:00:04] Credit Warning SMS Yellow Zone log.INFO: Credit warning SMS sent to customer 24leona [] []
[2020-12-29 08:00:04] Credit Warning SMS Yellow Zone log.INFO: Sending credit warning SMS to customer 118leona [] []
[2020-12-29 08:00:04] Credit Warning SMS Yellow Zone log.INFO: Credit warning SMS sent to customer 118leona [] []
[2020-12-29 08:00:04] Credit Warning SMS Yellow Zone log.INFO: Sending credit warning SMS to customer 71leona [] []
[2020-12-29 08:00:04] Credit Warning SMS Yellow Zone log.INFO: Credit warning SMS sent to customer 71leona [] []
[2020-12-29 08:00:04] Credit Warning SMS Yellow Zone log.INFO: Sending credit warning SMS to customer 46leona [] []
[2020-12-29 08:00:04] Credit Warning SMS Yellow Zone log.INFO: Credit warning SMS sent to customer 46leona [] []
[2020-12-29 08:00:04] Credit Warning SMS Yellow Zone log.INFO: Sending credit warning SMS to customer 39charlotte [] []
[2020-12-29 08:00:04] Credit Warning SMS Yellow Zone log.INFO: Credit warning SMS sent to customer 39charlotte [] []
[2020-12-29 08:00:04] Credit Warning SMS Yellow Zone log.INFO: Sending credit warning SMS to customer 83charlotte [] []
[2020-12-29 08:00:04] Credit Warning SMS Yellow Zone log.INFO: Credit warning SMS sent to customer 83charlotte [] []
[2020-12-29 08:00:04] Credit Warning SMS Yellow Zone log.INFO: Sending credit warning SMS to customer 59charlotte [] []
[2020-12-29 08:00:04] Credit Warning SMS Yellow Zone log.INFO: Credit warning SMS sent to customer 59charlotte [] []
[2020-12-29 08:00:04] Credit Warning SMS Yellow Zone log.INFO: Sending credit warning SMS to customer 14bridgefield [] []
[2020-12-29 08:00:04] Credit Warning SMS Yellow Zone log.INFO: Credit warning SMS sent to customer 14bridgefield [] []
[2020-12-29 08:00:04] Credit Warning SMS Yellow Zone log.INFO: Sending credit warning SMS to customer 51bridgefield [] []
[2020-12-29 08:00:04] Credit Warning SMS Yellow Zone log.INFO: Credit warning SMS sent to customer 51bridgefield [] []
[2020-12-29 08:00:04] Credit Warning SMS Yellow Zone log.INFO: Sending credit warning SMS to customer 150bridgefield [] []
[2020-12-29 08:00:04] Credit Warning SMS Yellow Zone log.INFO: Credit warning SMS sent to customer 150bridgefield [] []
[2020-12-29 08:00:04] Credit Warning SMS Yellow Zone log.INFO: Sending credit warning SMS to customer 170bridgefield [] []
[2020-12-29 08:00:04] Credit Warning SMS Yellow Zone log.INFO: Credit warning SMS sent to customer 170bridgefield [] []
[2020-12-29 08:00:04] Credit Warning SMS Yellow Zone log.INFO: Sending credit warning SMS to customer 126bridgefield [] []
[2020-12-29 08:00:04] Credit Warning SMS Yellow Zone log.INFO: Credit warning SMS sent to customer 126bridgefield [] []
[2020-12-29 08:00:04] Credit Warning SMS Yellow Zone log.INFO: Sending credit warning SMS to customer 94bridgefield [] []
[2020-12-29 08:00:04] Credit Warning SMS Yellow Zone log.INFO: Credit warning SMS sent to customer 94bridgefield [] []
[2020-12-29 08:00:04] Credit Warning SMS Yellow Zone log.INFO: Sending credit warning SMS to customer 111bridgefield [] []
[2020-12-29 08:00:04] Credit Warning SMS Yellow Zone log.INFO: Credit warning SMS sent to customer 111bridgefield [] []
[2020-12-29 08:00:04] Credit Warning SMS Yellow Zone log.INFO: Sending credit warning SMS to customer 16pappan [] []
[2020-12-29 08:00:05] Credit Warning SMS Yellow Zone log.INFO: Credit warning SMS sent to customer 16pappan [] []
[2020-12-29 08:00:05] Credit Warning SMS Yellow Zone log.INFO: Sending credit warning SMS to customer 14pappan [] []
[2020-12-29 08:00:05] Credit Warning SMS Yellow Zone log.INFO: Credit warning SMS sent to customer 14pappan [] []
[2020-12-29 08:00:05] Credit Warning SMS Yellow Zone log.INFO: Sending credit warning SMS to customer 3pappan [] []
[2020-12-29 08:00:05] Credit Warning SMS Yellow Zone log.INFO: Credit warning SMS sent to customer 3pappan [] []
[2020-12-29 08:00:05] Credit Warning SMS Yellow Zone log.INFO: Sending credit warning SMS to customer 83fairways [] []
[2020-12-29 08:00:05] Credit Warning SMS Yellow Zone log.INFO: Credit warning SMS sent to customer 83fairways [] []
[2020-12-29 08:00:05] Credit Warning SMS Yellow Zone log.INFO: Sending credit warning SMS to customer 82fairways [] []
[2020-12-29 08:00:05] Credit Warning SMS Yellow Zone log.INFO: Credit warning SMS sent to customer 82fairways [] []
[2020-12-29 08:00:05] Credit Warning SMS Yellow Zone log.INFO: Sending credit warning SMS to customer 141fairways [] []
[2020-12-29 08:00:05] Credit Warning SMS Yellow Zone log.INFO: Credit warning SMS sent to customer 141fairways [] []
[2020-12-29 08:00:05] Credit Warning SMS Yellow Zone log.INFO: Sending credit warning SMS to customer 143fairways [] []
[2020-12-29 08:00:05] Credit Warning SMS Yellow Zone log.INFO: Credit warning SMS sent to customer 143fairways [] []
[2020-12-29 08:00:05] Credit Warning SMS Yellow Zone log.INFO: Sending credit warning SMS to customer 156fairways [] []
[2020-12-29 08:00:05] Credit Warning SMS Yellow Zone log.INFO: Credit warning SMS sent to customer 156fairways [] []
[2020-12-29 08:00:05] Credit Warning SMS Yellow Zone log.INFO: Sending credit warning SMS to customer 6fairways [] []
[2020-12-29 08:00:05] Credit Warning SMS Yellow Zone log.INFO: Credit warning SMS sent to customer 6fairways [] []
[2020-12-29 08:00:05] Credit Warning SMS Yellow Zone log.INFO: Sending credit warning SMS to customer 12fairways [] []
[2020-12-29 08:00:05] Credit Warning SMS Yellow Zone log.INFO: Credit warning SMS sent to customer 12fairways [] []
[2020-12-29 08:00:05] Credit Warning SMS Yellow Zone log.INFO: Sending credit warning SMS to customer 28fairways [] []
[2020-12-29 08:00:05] Credit Warning SMS Yellow Zone log.INFO: Credit warning SMS sent to customer 28fairways [] []
[2020-12-29 08:00:05] Credit Warning SMS Yellow Zone log.INFO: Sending credit warning SMS to customer 50fairways [] []
[2020-12-29 08:00:05] Credit Warning SMS Yellow Zone log.INFO: Credit warning SMS sent to customer 50fairways [] []
[2020-12-29 08:00:05] Credit Warning SMS Yellow Zone log.INFO: Sending credit warning SMS to customer 3fairways [] []
[2020-12-29 08:00:05] Credit Warning SMS Yellow Zone log.INFO: Credit warning SMS sent to customer 3fairways [] []
[2020-12-29 08:00:05] Credit Warning SMS Yellow Zone log.INFO: Sending credit warning SMS to customer h49fairways [] []
[2020-12-29 08:00:05] Credit Warning SMS Yellow Zone log.INFO: Credit warning SMS sent to customer h49fairways [] []
[2020-12-29 08:00:05] Credit Warning SMS Yellow Zone log.INFO: Sending credit warning SMS to customer 38fairways [] []
[2020-12-29 08:00:05] Credit Warning SMS Yellow Zone log.INFO: Credit warning SMS sent to customer 38fairways [] []
[2020-12-29 08:00:05] Credit Warning SMS Yellow Zone log.INFO: Sending credit warning SMS to customer 54herberthill [] []
[2020-12-29 08:00:05] Credit Warning SMS Yellow Zone log.INFO: Credit warning SMS sent to customer 54herberthill [] []
[2020-12-29 08:00:05] Credit Warning SMS Yellow Zone log.INFO: Sending credit warning SMS to customer 6herberthill [] []
[2020-12-29 08:00:05] Credit Warning SMS Yellow Zone log.INFO: Credit warning SMS sent to customer 6herberthill [] []
[2020-12-29 08:00:05] Credit Warning SMS Yellow Zone log.INFO: Sending credit warning SMS to customer 36herberthill [] []
[2020-12-29 08:00:05] Credit Warning SMS Yellow Zone log.INFO: Credit warning SMS sent to customer 36herberthill [] []
[2020-12-29 08:00:05] Credit Warning SMS Yellow Zone log.INFO: Sending credit warning SMS to customer 27herberthill [] []
[2020-12-29 08:00:05] Credit Warning SMS Yellow Zone log.INFO: Credit warning SMS sent to customer 27herberthill [] []
[2020-12-29 08:00:05] Credit Warning SMS Yellow Zone log.INFO: Sending credit warning SMS to customer 79herberthill [] []
[2020-12-29 08:00:05] Credit Warning SMS Yellow Zone log.INFO: Credit warning SMS sent to customer 79herberthill [] []
[2020-12-29 08:00:05] Credit Warning SMS Yellow Zone log.INFO: Sending credit warning SMS to customer 70herberthill [] []
[2020-12-29 08:00:05] Credit Warning SMS Yellow Zone log.INFO: Credit warning SMS sent to customer 70herberthill [] []
[2020-12-29 08:00:05] Credit Warning SMS Yellow Zone log.INFO: Sending credit warning SMS to customer 72herberthill [] []
[2020-12-29 08:00:05] Credit Warning SMS Yellow Zone log.INFO: Credit warning SMS sent to customer 72herberthill [] []
[2020-12-29 08:00:05] Credit Warning SMS Yellow Zone log.INFO: Sending credit warning SMS to customer 4dorset [] []
[2020-12-29 08:00:05] Credit Warning SMS Yellow Zone log.INFO: Credit warning SMS sent to customer 4dorset [] []
[2020-12-29 08:00:05] Credit Warning SMS Yellow Zone log.INFO: Sending credit warning SMS to customer 5dorset [] []
[2020-12-29 08:00:05] Credit Warning SMS Yellow Zone log.INFO: Credit warning SMS sent to customer 5dorset [] []
[2020-12-29 08:00:05] Credit Warning SMS Yellow Zone log.INFO: Sending credit warning SMS to customer 6dorset [] []
[2020-12-29 08:00:05] Credit Warning SMS Yellow Zone log.INFO: Credit warning SMS sent to customer 6dorset [] []
[2020-12-29 08:00:05] Credit Warning SMS Yellow Zone log.INFO: Sending credit warning SMS to customer 8dorset [] []
[2020-12-29 08:00:05] Credit Warning SMS Yellow Zone log.INFO: Credit warning SMS sent to customer 8dorset [] []
[2020-12-29 08:00:05] Credit Warning SMS Yellow Zone log.INFO: Sent Credit warning SMS to 80 customers! [] []
