[2020-10-16 08:00:01] Credit Warning SMS Yellow Zone log.INFO: Sending credit warning SMS to customer 6garryknock [] []
[2020-10-16 08:00:01] Credit Warning SMS Yellow Zone log.INFO: Credit warning SMS sent to customer 6garryknock [] []
[2020-10-16 08:00:01] Credit Warning SMS Yellow Zone log.INFO: Sending credit warning SMS to customer 3Emerald [] []
[2020-10-16 08:00:01] Credit Warning SMS Yellow Zone log.INFO: Credit warning SMS sent to customer 3Emerald [] []
[2020-10-16 08:00:01] Credit Warning SMS Yellow Zone log.INFO: Sending credit warning SMS to customer 177neptune [] []
[2020-10-16 08:00:01] Credit Warning SMS Yellow Zone log.INFO: Credit warning SMS sent to customer 177neptune [] []
[2020-10-16 08:00:01] Credit Warning SMS Yellow Zone log.INFO: Sending credit warning SMS to customer 115Neptune [] []
[2020-10-16 08:00:01] Credit Warning SMS Yellow Zone log.INFO: Credit warning SMS sent to customer 115Neptune [] []
[2020-10-16 08:00:01] Credit Warning SMS Yellow Zone log.INFO: Sending credit warning SMS to customer 147Neptune [] []
[2020-10-16 08:00:01] Credit Warning SMS Yellow Zone log.INFO: Credit warning SMS sent to customer 147Neptune [] []
[2020-10-16 08:00:01] Credit Warning SMS Yellow Zone log.INFO: Sending credit warning SMS to customer 31neptune [] []
[2020-10-16 08:00:02] Credit Warning SMS Yellow Zone log.INFO: Credit warning SMS sent to customer 31neptune [] []
[2020-10-16 08:00:02] Credit Warning SMS Yellow Zone log.INFO: Sending credit warning SMS to customer 32neptune [] []
[2020-10-16 08:00:02] Credit Warning SMS Yellow Zone log.INFO: Credit warning SMS sent to customer 32neptune [] []
[2020-10-16 08:00:02] Credit Warning SMS Yellow Zone log.INFO: Sending credit warning SMS to customer 23neptune [] []
[2020-10-16 08:00:02] Credit Warning SMS Yellow Zone log.INFO: Credit warning SMS sent to customer 23neptune [] []
[2020-10-16 08:00:02] Credit Warning SMS Yellow Zone log.INFO: Sending credit warning SMS to customer 94Neptune [] []
[2020-10-16 08:00:02] Credit Warning SMS Yellow Zone log.INFO: Credit warning SMS sent to customer 94Neptune [] []
[2020-10-16 08:00:02] Credit Warning SMS Yellow Zone log.INFO: Sending credit warning SMS to customer 10Abbott [] []
[2020-10-16 08:00:02] Credit Warning SMS Yellow Zone log.INFO: Credit warning SMS sent to customer 10Abbott [] []
[2020-10-16 08:00:02] Credit Warning SMS Yellow Zone log.INFO: Sending credit warning SMS to customer 45Abbott [] []
[2020-10-16 08:00:02] Credit Warning SMS Yellow Zone log.INFO: Credit warning SMS sent to customer 45Abbott [] []
[2020-10-16 08:00:02] Credit Warning SMS Yellow Zone log.INFO: Sending credit warning SMS to customer 84Abbott [] []
[2020-10-16 08:00:02] Credit Warning SMS Yellow Zone log.INFO: Credit warning SMS sent to customer 84Abbott [] []
[2020-10-16 08:00:02] Credit Warning SMS Yellow Zone log.INFO: Sending credit warning SMS to customer 69Abbott [] []
[2020-10-16 08:00:02] Credit Warning SMS Yellow Zone log.INFO: Credit warning SMS sent to customer 69Abbott [] []
[2020-10-16 08:00:02] Credit Warning SMS Yellow Zone log.INFO: Sending credit warning SMS to customer 107Abbott [] []
[2020-10-16 08:00:02] Credit Warning SMS Yellow Zone log.INFO: Credit warning SMS sent to customer 107Abbott [] []
[2020-10-16 08:00:02] Credit Warning SMS Yellow Zone log.INFO: Sending credit warning SMS to customer 100Abbott [] []
[2020-10-16 08:00:02] Credit Warning SMS Yellow Zone log.INFO: Credit warning SMS sent to customer 100Abbott [] []
[2020-10-16 08:00:02] Credit Warning SMS Yellow Zone log.INFO: Sending credit warning SMS to customer 105Abbott [] []
[2020-10-16 08:00:02] Credit Warning SMS Yellow Zone log.INFO: Credit warning SMS sent to customer 105Abbott [] []
[2020-10-16 08:00:02] Credit Warning SMS Yellow Zone log.INFO: Sending credit warning SMS to customer 119Abbott [] []
[2020-10-16 08:00:02] Credit Warning SMS Yellow Zone log.INFO: Credit warning SMS sent to customer 119Abbott [] []
[2020-10-16 08:00:02] Credit Warning SMS Yellow Zone log.INFO: Sending credit warning SMS to customer 98Abbott [] []
[2020-10-16 08:00:02] Credit Warning SMS Yellow Zone log.INFO: Credit warning SMS sent to customer 98Abbott [] []
[2020-10-16 08:00:02] Credit Warning SMS Yellow Zone log.INFO: Sending credit warning SMS to customer 95Abbott [] []
[2020-10-16 08:00:02] Credit Warning SMS Yellow Zone log.INFO: Credit warning SMS sent to customer 95Abbott [] []
[2020-10-16 08:00:02] Credit Warning SMS Yellow Zone log.INFO: Sending credit warning SMS to customer 126abbott [] []
[2020-10-16 08:00:02] Credit Warning SMS Yellow Zone log.INFO: Credit warning SMS sent to customer 126abbott [] []
[2020-10-16 08:00:02] Credit Warning SMS Yellow Zone log.INFO: Sending credit warning SMS to customer 11GreenBank [] []
[2020-10-16 08:00:02] Credit Warning SMS Yellow Zone log.INFO: Credit warning SMS sent to customer 11GreenBank [] []
[2020-10-16 08:00:02] Credit Warning SMS Yellow Zone log.INFO: Sending credit warning SMS to customer 135abbott [] []
[2020-10-16 08:00:02] Credit Warning SMS Yellow Zone log.INFO: Credit warning SMS sent to customer 135abbott [] []
[2020-10-16 08:00:02] Credit Warning SMS Yellow Zone log.INFO: Sending credit warning SMS to customer 44Abbott [] []
[2020-10-16 08:00:02] Credit Warning SMS Yellow Zone log.INFO: Credit warning SMS sent to customer 44Abbott [] []
[2020-10-16 08:00:02] Credit Warning SMS Yellow Zone log.INFO: Sending credit warning SMS to customer 16eustace [] []
[2020-10-16 08:00:02] Credit Warning SMS Yellow Zone log.INFO: Credit warning SMS sent to customer 16eustace [] []
[2020-10-16 08:00:02] Credit Warning SMS Yellow Zone log.INFO: Sending credit warning SMS to customer 14leona [] []
[2020-10-16 08:00:02] Credit Warning SMS Yellow Zone log.INFO: Credit warning SMS sent to customer 14leona [] []
[2020-10-16 08:00:02] Credit Warning SMS Yellow Zone log.INFO: Sending credit warning SMS to customer 35leona [] []
[2020-10-16 08:00:02] Credit Warning SMS Yellow Zone log.INFO: Credit warning SMS sent to customer 35leona [] []
[2020-10-16 08:00:02] Credit Warning SMS Yellow Zone log.INFO: Sending credit warning SMS to customer 38leona [] []
[2020-10-16 08:00:02] Credit Warning SMS Yellow Zone log.INFO: Credit warning SMS sent to customer 38leona [] []
[2020-10-16 08:00:02] Credit Warning SMS Yellow Zone log.INFO: Sending credit warning SMS to customer 101leona [] []
[2020-10-16 08:00:02] Credit Warning SMS Yellow Zone log.INFO: Credit warning SMS sent to customer 101leona [] []
[2020-10-16 08:00:02] Credit Warning SMS Yellow Zone log.INFO: Sending credit warning SMS to customer 73leona [] []
[2020-10-16 08:00:02] Credit Warning SMS Yellow Zone log.INFO: Credit warning SMS sent to customer 73leona [] []
[2020-10-16 08:00:02] Credit Warning SMS Yellow Zone log.INFO: Sending credit warning SMS to customer 41leona [] []
[2020-10-16 08:00:02] Credit Warning SMS Yellow Zone log.INFO: Credit warning SMS sent to customer 41leona [] []
[2020-10-16 08:00:02] Credit Warning SMS Yellow Zone log.INFO: Sending credit warning SMS to customer 149leona [] []
[2020-10-16 08:00:03] Credit Warning SMS Yellow Zone log.INFO: Credit warning SMS sent to customer 149leona [] []
[2020-10-16 08:00:03] Credit Warning SMS Yellow Zone log.INFO: Sending credit warning SMS to customer 114charlotte [] []
[2020-10-16 08:00:03] Credit Warning SMS Yellow Zone log.INFO: Credit warning SMS sent to customer 114charlotte [] []
[2020-10-16 08:00:03] Credit Warning SMS Yellow Zone log.INFO: Sending credit warning SMS to customer 18charlotte [] []
[2020-10-16 08:00:03] Credit Warning SMS Yellow Zone log.INFO: Credit warning SMS sent to customer 18charlotte [] []
[2020-10-16 08:00:03] Credit Warning SMS Yellow Zone log.INFO: Sending credit warning SMS to customer 48charlotte [] []
[2020-10-16 08:00:03] Credit Warning SMS Yellow Zone log.INFO: Credit warning SMS sent to customer 48charlotte [] []
[2020-10-16 08:00:03] Credit Warning SMS Yellow Zone log.INFO: Sending credit warning SMS to customer 87charlotte [] []
[2020-10-16 08:00:03] Credit Warning SMS Yellow Zone log.INFO: Credit warning SMS sent to customer 87charlotte [] []
[2020-10-16 08:00:03] Credit Warning SMS Yellow Zone log.INFO: Sending credit warning SMS to customer 75charlotte [] []
[2020-10-16 08:00:03] Credit Warning SMS Yellow Zone log.INFO: Credit warning SMS sent to customer 75charlotte [] []
[2020-10-16 08:00:03] Credit Warning SMS Yellow Zone log.INFO: Sending credit warning SMS to customer 112charlotte [] []
[2020-10-16 08:00:03] Credit Warning SMS Yellow Zone log.INFO: Credit warning SMS sent to customer 112charlotte [] []
[2020-10-16 08:00:03] Credit Warning SMS Yellow Zone log.INFO: Sending credit warning SMS to customer 14bridgefield [] []
[2020-10-16 08:00:03] Credit Warning SMS Yellow Zone log.INFO: Credit warning SMS sent to customer 14bridgefield [] []
[2020-10-16 08:00:03] Credit Warning SMS Yellow Zone log.INFO: Sending credit warning SMS to customer 89bridgefield [] []
[2020-10-16 08:00:03] Credit Warning SMS Yellow Zone log.INFO: Credit warning SMS sent to customer 89bridgefield [] []
[2020-10-16 08:00:03] Credit Warning SMS Yellow Zone log.INFO: Sending credit warning SMS to customer 58bridgefield [] []
[2020-10-16 08:00:03] Credit Warning SMS Yellow Zone log.INFO: Credit warning SMS sent to customer 58bridgefield [] []
[2020-10-16 08:00:03] Credit Warning SMS Yellow Zone log.INFO: Sending credit warning SMS to customer 101bridgefield [] []
[2020-10-16 08:00:03] Credit Warning SMS Yellow Zone log.INFO: Credit warning SMS sent to customer 101bridgefield [] []
[2020-10-16 08:00:03] Credit Warning SMS Yellow Zone log.INFO: Sending credit warning SMS to customer 67bridgefield [] []
[2020-10-16 08:00:03] Credit Warning SMS Yellow Zone log.INFO: Credit warning SMS sent to customer 67bridgefield [] []
[2020-10-16 08:00:03] Credit Warning SMS Yellow Zone log.INFO: Sending credit warning SMS to customer 185bridgefield [] []
[2020-10-16 08:00:03] Credit Warning SMS Yellow Zone log.INFO: Credit warning SMS sent to customer 185bridgefield [] []
[2020-10-16 08:00:03] Credit Warning SMS Yellow Zone log.INFO: Sending credit warning SMS to customer 196bridgefield [] []
[2020-10-16 08:00:03] Credit Warning SMS Yellow Zone log.INFO: Credit warning SMS sent to customer 196bridgefield [] []
[2020-10-16 08:00:03] Credit Warning SMS Yellow Zone log.INFO: Sending credit warning SMS to customer 105bridgefield [] []
[2020-10-16 08:00:03] Credit Warning SMS Yellow Zone log.INFO: Credit warning SMS sent to customer 105bridgefield [] []
[2020-10-16 08:00:03] Credit Warning SMS Yellow Zone log.INFO: Sending credit warning SMS to customer 208bridgefield [] []
[2020-10-16 08:00:03] Credit Warning SMS Yellow Zone log.INFO: Credit warning SMS sent to customer 208bridgefield [] []
[2020-10-16 08:00:03] Credit Warning SMS Yellow Zone log.INFO: Sending credit warning SMS to customer 26bridgefield [] []
[2020-10-16 08:00:03] Credit Warning SMS Yellow Zone log.INFO: Credit warning SMS sent to customer 26bridgefield [] []
[2020-10-16 08:00:03] Credit Warning SMS Yellow Zone log.INFO: Sending credit warning SMS to customer 5pappan [] []
[2020-10-16 08:00:03] Credit Warning SMS Yellow Zone log.INFO: Credit warning SMS sent to customer 5pappan [] []
[2020-10-16 08:00:03] Credit Warning SMS Yellow Zone log.INFO: Sending credit warning SMS to customer 76fairways [] []
[2020-10-16 08:00:03] Credit Warning SMS Yellow Zone log.INFO: Credit warning SMS sent to customer 76fairways [] []
[2020-10-16 08:00:03] Credit Warning SMS Yellow Zone log.INFO: Sending credit warning SMS to customer h12fairways [] []
[2020-10-16 08:00:03] Credit Warning SMS Yellow Zone log.INFO: Credit warning SMS sent to customer h12fairways [] []
[2020-10-16 08:00:03] Credit Warning SMS Yellow Zone log.INFO: Sending credit warning SMS to customer h25fairways [] []
[2020-10-16 08:00:03] Credit Warning SMS Yellow Zone log.INFO: Credit warning SMS sent to customer h25fairways [] []
[2020-10-16 08:00:03] Credit Warning SMS Yellow Zone log.INFO: Sending credit warning SMS to customer 73herberthill [] []
[2020-10-16 08:00:03] Credit Warning SMS Yellow Zone log.INFO: Credit warning SMS sent to customer 73herberthill [] []
[2020-10-16 08:00:03] Credit Warning SMS Yellow Zone log.INFO: Sending credit warning SMS to customer 23herberthill [] []
[2020-10-16 08:00:03] Credit Warning SMS Yellow Zone log.INFO: Credit warning SMS sent to customer 23herberthill [] []
[2020-10-16 08:00:03] Credit Warning SMS Yellow Zone log.INFO: Sending credit warning SMS to customer 36herberthill [] []
[2020-10-16 08:00:03] Credit Warning SMS Yellow Zone log.INFO: Credit warning SMS sent to customer 36herberthill [] []
[2020-10-16 08:00:03] Credit Warning SMS Yellow Zone log.INFO: Sending credit warning SMS to customer 41herberthill [] []
[2020-10-16 08:00:03] Credit Warning SMS Yellow Zone log.INFO: Credit warning SMS sent to customer 41herberthill [] []
[2020-10-16 08:00:03] Credit Warning SMS Yellow Zone log.INFO: Sending credit warning SMS to customer 55herberthill [] []
[2020-10-16 08:00:03] Credit Warning SMS Yellow Zone log.INFO: Credit warning SMS sent to customer 55herberthill [] []
[2020-10-16 08:00:03] Credit Warning SMS Yellow Zone log.INFO: Sending credit warning SMS to customer 5herberthill [] []
[2020-10-16 08:00:03] Credit Warning SMS Yellow Zone log.INFO: Credit warning SMS sent to customer 5herberthill [] []
[2020-10-16 08:00:03] Credit Warning SMS Yellow Zone log.INFO: Sending credit warning SMS to customer 61herberthill [] []
[2020-10-16 08:00:03] Credit Warning SMS Yellow Zone log.INFO: Credit warning SMS sent to customer 61herberthill [] []
[2020-10-16 08:00:03] Credit Warning SMS Yellow Zone log.INFO: Sending credit warning SMS to customer 24marina [] []
[2020-10-16 08:00:03] Credit Warning SMS Yellow Zone log.INFO: Credit warning SMS sent to customer 24marina [] []
[2020-10-16 08:00:03] Credit Warning SMS Yellow Zone log.INFO: Sending credit warning SMS to customer 37marina [] []
[2020-10-16 08:00:04] Credit Warning SMS Yellow Zone log.INFO: Credit warning SMS sent to customer 37marina [] []
[2020-10-16 08:00:04] Credit Warning SMS Yellow Zone log.INFO: Sending credit warning SMS to customer 25marina [] []
[2020-10-16 08:00:04] Credit Warning SMS Yellow Zone log.INFO: Credit warning SMS sent to customer 25marina [] []
[2020-10-16 08:00:04] Credit Warning SMS Yellow Zone log.INFO: Sent Credit warning SMS to 61 customers! [] []
