[2020-03-19 08:00:02] Credit Warning SMS Yellow Zone log.INFO: Sending credit warning SMS to customer 9garryknock [] []
[2020-03-19 08:00:02] Credit Warning SMS Yellow Zone log.INFO: Credit warning SMS sent to customer 9garryknock [] []
[2020-03-19 08:00:02] Credit Warning SMS Yellow Zone log.INFO: Sending credit warning SMS to customer 27garryknock [] []
[2020-03-19 08:00:02] Credit Warning SMS Yellow Zone log.INFO: Credit warning SMS sent to customer 27garryknock [] []
[2020-03-19 08:00:02] Credit Warning SMS Yellow Zone log.INFO: Sending credit warning SMS to customer 5garryknock [] []
[2020-03-19 08:00:02] Credit Warning SMS Yellow Zone log.INFO: Credit warning SMS sent to customer 5garryknock [] []
[2020-03-19 08:00:02] Credit Warning SMS Yellow Zone log.INFO: Sending credit warning SMS to customer 26garryknock [] []
[2020-03-19 08:00:02] Credit Warning SMS Yellow Zone log.INFO: Credit warning SMS sent to customer 26garryknock [] []
[2020-03-19 08:00:02] Credit Warning SMS Yellow Zone log.INFO: Sending credit warning SMS to customer 15Emerald [] []
[2020-03-19 08:00:02] Credit Warning SMS Yellow Zone log.INFO: Credit warning SMS sent to customer 15Emerald [] []
[2020-03-19 08:00:02] Credit Warning SMS Yellow Zone log.INFO: Sending credit warning SMS to customer 21Emerald [] []
[2020-03-19 08:00:02] Credit Warning SMS Yellow Zone log.INFO: Credit warning SMS sent to customer 21Emerald [] []
[2020-03-19 08:00:02] Credit Warning SMS Yellow Zone log.INFO: Sending credit warning SMS to customer 24Emerald [] []
[2020-03-19 08:00:02] Credit Warning SMS Yellow Zone log.INFO: Credit warning SMS sent to customer 24Emerald [] []
[2020-03-19 08:00:02] Credit Warning SMS Yellow Zone log.INFO: Sending credit warning SMS to customer 117Neptune [] []
[2020-03-19 08:00:02] Credit Warning SMS Yellow Zone log.INFO: Credit warning SMS sent to customer 117Neptune [] []
[2020-03-19 08:00:02] Credit Warning SMS Yellow Zone log.INFO: Sending credit warning SMS to customer 157Neptune [] []
[2020-03-19 08:00:02] Credit Warning SMS Yellow Zone log.INFO: Credit warning SMS sent to customer 157Neptune [] []
[2020-03-19 08:00:02] Credit Warning SMS Yellow Zone log.INFO: Sending credit warning SMS to customer 93Neptune [] []
[2020-03-19 08:00:02] Credit Warning SMS Yellow Zone log.INFO: Credit warning SMS sent to customer 93Neptune [] []
[2020-03-19 08:00:02] Credit Warning SMS Yellow Zone log.INFO: Sending credit warning SMS to customer 159Neptune [] []
[2020-03-19 08:00:02] Credit Warning SMS Yellow Zone log.INFO: Credit warning SMS sent to customer 159Neptune [] []
[2020-03-19 08:00:02] Credit Warning SMS Yellow Zone log.INFO: Sending credit warning SMS to customer 81Neptune [] []
[2020-03-19 08:00:02] Credit Warning SMS Yellow Zone log.INFO: Credit warning SMS sent to customer 81Neptune [] []
[2020-03-19 08:00:02] Credit Warning SMS Yellow Zone log.INFO: Sending credit warning SMS to customer 27neptune [] []
[2020-03-19 08:00:02] Credit Warning SMS Yellow Zone log.INFO: Credit warning SMS sent to customer 27neptune [] []
[2020-03-19 08:00:02] Credit Warning SMS Yellow Zone log.INFO: Sending credit warning SMS to customer 191neptune [] []
[2020-03-19 08:00:02] Credit Warning SMS Yellow Zone log.INFO: Credit warning SMS sent to customer 191neptune [] []
[2020-03-19 08:00:02] Credit Warning SMS Yellow Zone log.INFO: Sending credit warning SMS to customer 196neptune [] []
[2020-03-19 08:00:02] Credit Warning SMS Yellow Zone log.INFO: Credit warning SMS sent to customer 196neptune [] []
[2020-03-19 08:00:02] Credit Warning SMS Yellow Zone log.INFO: Sending credit warning SMS to customer 39neptune [] []
[2020-03-19 08:00:02] Credit Warning SMS Yellow Zone log.INFO: Credit warning SMS sent to customer 39neptune [] []
[2020-03-19 08:00:02] Credit Warning SMS Yellow Zone log.INFO: Sending credit warning SMS to customer 32neptune [] []
[2020-03-19 08:00:03] Credit Warning SMS Yellow Zone log.INFO: Credit warning SMS sent to customer 32neptune [] []
[2020-03-19 08:00:03] Credit Warning SMS Yellow Zone log.INFO: Sending credit warning SMS to customer 75Neptune [] []
[2020-03-19 08:00:03] Credit Warning SMS Yellow Zone log.INFO: Credit warning SMS sent to customer 75Neptune [] []
[2020-03-19 08:00:03] Credit Warning SMS Yellow Zone log.INFO: Sending credit warning SMS to customer 23neptune [] []
[2020-03-19 08:00:03] Credit Warning SMS Yellow Zone log.INFO: Credit warning SMS sent to customer 23neptune [] []
[2020-03-19 08:00:03] Credit Warning SMS Yellow Zone log.INFO: Sending credit warning SMS to customer 78Neptune [] []
[2020-03-19 08:00:03] Credit Warning SMS Yellow Zone log.INFO: Credit warning SMS sent to customer 78Neptune [] []
[2020-03-19 08:00:03] Credit Warning SMS Yellow Zone log.INFO: Sending credit warning SMS to customer 3Abbott [] []
[2020-03-19 08:00:03] Credit Warning SMS Yellow Zone log.INFO: Credit warning SMS sent to customer 3Abbott [] []
[2020-03-19 08:00:03] Credit Warning SMS Yellow Zone log.INFO: Sending credit warning SMS to customer 10Abbott [] []
[2020-03-19 08:00:03] Credit Warning SMS Yellow Zone log.INFO: Credit warning SMS sent to customer 10Abbott [] []
[2020-03-19 08:00:03] Credit Warning SMS Yellow Zone log.INFO: Sending credit warning SMS to customer 36Abbott [] []
[2020-03-19 08:00:03] Credit Warning SMS Yellow Zone log.INFO: Credit warning SMS sent to customer 36Abbott [] []
[2020-03-19 08:00:03] Credit Warning SMS Yellow Zone log.INFO: Sending credit warning SMS to customer 37Abbott [] []
[2020-03-19 08:00:03] Credit Warning SMS Yellow Zone log.INFO: Credit warning SMS sent to customer 37Abbott [] []
[2020-03-19 08:00:03] Credit Warning SMS Yellow Zone log.INFO: Sending credit warning SMS to customer 46Abbott [] []
[2020-03-19 08:00:03] Credit Warning SMS Yellow Zone log.INFO: Credit warning SMS sent to customer 46Abbott [] []
[2020-03-19 08:00:03] Credit Warning SMS Yellow Zone log.INFO: Sending credit warning SMS to customer 13Abbott [] []
[2020-03-19 08:00:03] Credit Warning SMS Yellow Zone log.INFO: Credit warning SMS sent to customer 13Abbott [] []
[2020-03-19 08:00:03] Credit Warning SMS Yellow Zone log.INFO: Sending credit warning SMS to customer 58Abbott [] []
[2020-03-19 08:00:03] Credit Warning SMS Yellow Zone log.INFO: Credit warning SMS sent to customer 58Abbott [] []
[2020-03-19 08:00:03] Credit Warning SMS Yellow Zone log.INFO: Sending credit warning SMS to customer 62Abbott [] []
[2020-03-19 08:00:03] Credit Warning SMS Yellow Zone log.INFO: Credit warning SMS sent to customer 62Abbott [] []
[2020-03-19 08:00:03] Credit Warning SMS Yellow Zone log.INFO: Sending credit warning SMS to customer 88Abbott [] []
[2020-03-19 08:00:04] Credit Warning SMS Yellow Zone log.INFO: Credit warning SMS sent to customer 88Abbott [] []
[2020-03-19 08:00:04] Credit Warning SMS Yellow Zone log.INFO: Sending credit warning SMS to customer 84Abbott [] []
[2020-03-19 08:00:04] Credit Warning SMS Yellow Zone log.INFO: Credit warning SMS sent to customer 84Abbott [] []
[2020-03-19 08:00:04] Credit Warning SMS Yellow Zone log.INFO: Sending credit warning SMS to customer 91Abbott [] []
[2020-03-19 08:00:04] Credit Warning SMS Yellow Zone log.INFO: Credit warning SMS sent to customer 91Abbott [] []
[2020-03-19 08:00:04] Credit Warning SMS Yellow Zone log.INFO: Sending credit warning SMS to customer 71Abbott [] []
[2020-03-19 08:00:05] Credit Warning SMS Yellow Zone log.INFO: Credit warning SMS sent to customer 71Abbott [] []
[2020-03-19 08:00:05] Credit Warning SMS Yellow Zone log.INFO: Sending credit warning SMS to customer 100Abbott [] []
[2020-03-19 08:00:05] Credit Warning SMS Yellow Zone log.INFO: Credit warning SMS sent to customer 100Abbott [] []
[2020-03-19 08:00:05] Credit Warning SMS Yellow Zone log.INFO: Sending credit warning SMS to customer 105Abbott [] []
[2020-03-19 08:00:05] Credit Warning SMS Yellow Zone log.INFO: Credit warning SMS sent to customer 105Abbott [] []
[2020-03-19 08:00:05] Credit Warning SMS Yellow Zone log.INFO: Sending credit warning SMS to customer 111Abbott [] []
[2020-03-19 08:00:05] Credit Warning SMS Yellow Zone log.INFO: Credit warning SMS sent to customer 111Abbott [] []
[2020-03-19 08:00:05] Credit Warning SMS Yellow Zone log.INFO: Sending credit warning SMS to customer 98Abbott [] []
[2020-03-19 08:00:05] Credit Warning SMS Yellow Zone log.INFO: Credit warning SMS sent to customer 98Abbott [] []
[2020-03-19 08:00:05] Credit Warning SMS Yellow Zone log.INFO: Sending credit warning SMS to customer 115Abbott [] []
[2020-03-19 08:00:05] Credit Warning SMS Yellow Zone log.INFO: Credit warning SMS sent to customer 115Abbott [] []
[2020-03-19 08:00:05] Credit Warning SMS Yellow Zone log.INFO: Sending credit warning SMS to customer 81Abbott [] []
[2020-03-19 08:00:05] Credit Warning SMS Yellow Zone log.INFO: Credit warning SMS sent to customer 81Abbott [] []
[2020-03-19 08:00:05] Credit Warning SMS Yellow Zone log.INFO: Sending credit warning SMS to customer 102Abbott [] []
[2020-03-19 08:00:06] Credit Warning SMS Yellow Zone log.INFO: Credit warning SMS sent to customer 102Abbott [] []
[2020-03-19 08:00:06] Credit Warning SMS Yellow Zone log.INFO: Sending credit warning SMS to customer 34GreenBank [] []
[2020-03-19 08:00:06] Credit Warning SMS Yellow Zone log.INFO: Credit warning SMS sent to customer 34GreenBank [] []
[2020-03-19 08:00:06] Credit Warning SMS Yellow Zone log.INFO: Sending credit warning SMS to customer 4GreenBank [] []
[2020-03-19 08:00:06] Credit Warning SMS Yellow Zone log.INFO: Credit warning SMS sent to customer 4GreenBank [] []
[2020-03-19 08:00:06] Credit Warning SMS Yellow Zone log.INFO: Sending credit warning SMS to customer 12GreenBank [] []
[2020-03-19 08:00:06] Credit Warning SMS Yellow Zone log.INFO: Credit warning SMS sent to customer 12GreenBank [] []
[2020-03-19 08:00:06] Credit Warning SMS Yellow Zone log.INFO: Sending credit warning SMS to customer 131abbott [] []
[2020-03-19 08:00:06] Credit Warning SMS Yellow Zone log.INFO: Credit warning SMS sent to customer 131abbott [] []
[2020-03-19 08:00:06] Credit Warning SMS Yellow Zone log.INFO: Sending credit warning SMS to customer 135abbott [] []
[2020-03-19 08:00:06] Credit Warning SMS Yellow Zone log.INFO: Credit warning SMS sent to customer 135abbott [] []
[2020-03-19 08:00:06] Credit Warning SMS Yellow Zone log.INFO: Sending credit warning SMS to customer 191abbott [] []
[2020-03-19 08:00:06] Credit Warning SMS Yellow Zone log.INFO: Credit warning SMS sent to customer 191abbott [] []
[2020-03-19 08:00:06] Credit Warning SMS Yellow Zone log.INFO: Sending credit warning SMS to customer 127abbott [] []
[2020-03-19 08:00:06] Credit Warning SMS Yellow Zone log.INFO: Credit warning SMS sent to customer 127abbott [] []
[2020-03-19 08:00:06] Credit Warning SMS Yellow Zone log.INFO: Sending credit warning SMS to customer 46eustace [] []
[2020-03-19 08:00:06] Credit Warning SMS Yellow Zone log.INFO: Credit warning SMS sent to customer 46eustace [] []
[2020-03-19 08:00:06] Credit Warning SMS Yellow Zone log.INFO: Sending credit warning SMS to customer 4eustace [] []
[2020-03-19 08:00:06] Credit Warning SMS Yellow Zone log.INFO: Credit warning SMS sent to customer 4eustace [] []
[2020-03-19 08:00:06] Credit Warning SMS Yellow Zone log.INFO: Sending credit warning SMS to customer 84eustace [] []
[2020-03-19 08:00:06] Credit Warning SMS Yellow Zone log.INFO: Credit warning SMS sent to customer 84eustace [] []
[2020-03-19 08:00:06] Credit Warning SMS Yellow Zone log.INFO: Sending credit warning SMS to customer 137leona [] []
[2020-03-19 08:00:06] Credit Warning SMS Yellow Zone log.INFO: Credit warning SMS sent to customer 137leona [] []
[2020-03-19 08:00:06] Credit Warning SMS Yellow Zone log.INFO: Sending credit warning SMS to customer 58leona [] []
[2020-03-19 08:00:06] Credit Warning SMS Yellow Zone log.INFO: Credit warning SMS sent to customer 58leona [] []
[2020-03-19 08:00:06] Credit Warning SMS Yellow Zone log.INFO: Sending credit warning SMS to customer 56leona [] []
[2020-03-19 08:00:06] Credit Warning SMS Yellow Zone log.INFO: Credit warning SMS sent to customer 56leona [] []
[2020-03-19 08:00:06] Credit Warning SMS Yellow Zone log.INFO: Sending credit warning SMS to customer 66leona [] []
[2020-03-19 08:00:06] Credit Warning SMS Yellow Zone log.INFO: Credit warning SMS sent to customer 66leona [] []
[2020-03-19 08:00:06] Credit Warning SMS Yellow Zone log.INFO: Sending credit warning SMS to customer 99leona [] []
[2020-03-19 08:00:06] Credit Warning SMS Yellow Zone log.INFO: Credit warning SMS sent to customer 99leona [] []
[2020-03-19 08:00:06] Credit Warning SMS Yellow Zone log.INFO: Sending credit warning SMS to customer 115leona [] []
[2020-03-19 08:00:06] Credit Warning SMS Yellow Zone log.INFO: Credit warning SMS sent to customer 115leona [] []
[2020-03-19 08:00:06] Credit Warning SMS Yellow Zone log.INFO: Sending credit warning SMS to customer 119leona [] []
[2020-03-19 08:00:06] Credit Warning SMS Yellow Zone log.INFO: Credit warning SMS sent to customer 119leona [] []
[2020-03-19 08:00:06] Credit Warning SMS Yellow Zone log.INFO: Sending credit warning SMS to customer 77leona [] []
[2020-03-19 08:00:06] Credit Warning SMS Yellow Zone log.INFO: Credit warning SMS sent to customer 77leona [] []
[2020-03-19 08:00:06] Credit Warning SMS Yellow Zone log.INFO: Sending credit warning SMS to customer 85leona [] []
[2020-03-19 08:00:06] Credit Warning SMS Yellow Zone log.INFO: Credit warning SMS sent to customer 85leona [] []
[2020-03-19 08:00:06] Credit Warning SMS Yellow Zone log.INFO: Sending credit warning SMS to customer 125leona [] []
[2020-03-19 08:00:06] Credit Warning SMS Yellow Zone log.INFO: Credit warning SMS sent to customer 125leona [] []
[2020-03-19 08:00:06] Credit Warning SMS Yellow Zone log.INFO: Sending credit warning SMS to customer 127leona [] []
[2020-03-19 08:00:06] Credit Warning SMS Yellow Zone log.INFO: Credit warning SMS sent to customer 127leona [] []
[2020-03-19 08:00:06] Credit Warning SMS Yellow Zone log.INFO: Sending credit warning SMS to customer 103charlotte [] []
[2020-03-19 08:00:06] Credit Warning SMS Yellow Zone log.INFO: Credit warning SMS sent to customer 103charlotte [] []
[2020-03-19 08:00:06] Credit Warning SMS Yellow Zone log.INFO: Sending credit warning SMS to customer 40charlotte [] []
[2020-03-19 08:00:06] Credit Warning SMS Yellow Zone log.INFO: Credit warning SMS sent to customer 40charlotte [] []
[2020-03-19 08:00:06] Credit Warning SMS Yellow Zone log.INFO: Sending credit warning SMS to customer 19charlotte [] []
[2020-03-19 08:00:06] Credit Warning SMS Yellow Zone log.INFO: Credit warning SMS sent to customer 19charlotte [] []
[2020-03-19 08:00:06] Credit Warning SMS Yellow Zone log.INFO: Sending credit warning SMS to customer 41charlotte [] []
[2020-03-19 08:00:06] Credit Warning SMS Yellow Zone log.INFO: Credit warning SMS sent to customer 41charlotte [] []
[2020-03-19 08:00:06] Credit Warning SMS Yellow Zone log.INFO: Sending credit warning SMS to customer 110charlotte [] []
[2020-03-19 08:00:06] Credit Warning SMS Yellow Zone log.INFO: Credit warning SMS sent to customer 110charlotte [] []
[2020-03-19 08:00:06] Credit Warning SMS Yellow Zone log.INFO: Sending credit warning SMS to customer 52charlotte [] []
[2020-03-19 08:00:06] Credit Warning SMS Yellow Zone log.INFO: Credit warning SMS sent to customer 52charlotte [] []
[2020-03-19 08:00:06] Credit Warning SMS Yellow Zone log.INFO: Sending credit warning SMS to customer 13charlotte [] []
[2020-03-19 08:00:07] Credit Warning SMS Yellow Zone log.INFO: Credit warning SMS sent to customer 13charlotte [] []
[2020-03-19 08:00:07] Credit Warning SMS Yellow Zone log.INFO: Sending credit warning SMS to customer 82charlotte [] []
[2020-03-19 08:00:07] Credit Warning SMS Yellow Zone log.INFO: Credit warning SMS sent to customer 82charlotte [] []
[2020-03-19 08:00:07] Credit Warning SMS Yellow Zone log.INFO: Sending credit warning SMS to customer 73charlotte [] []
[2020-03-19 08:00:07] Credit Warning SMS Yellow Zone log.INFO: Credit warning SMS sent to customer 73charlotte [] []
[2020-03-19 08:00:07] Credit Warning SMS Yellow Zone log.INFO: Sending credit warning SMS to customer 140charlotte [] []
[2020-03-19 08:00:07] Credit Warning SMS Yellow Zone log.INFO: Credit warning SMS sent to customer 140charlotte [] []
[2020-03-19 08:00:07] Credit Warning SMS Yellow Zone log.INFO: Sending credit warning SMS to customer 115charlotte [] []
[2020-03-19 08:00:07] Credit Warning SMS Yellow Zone log.INFO: Credit warning SMS sent to customer 115charlotte [] []
[2020-03-19 08:00:07] Credit Warning SMS Yellow Zone log.INFO: Sending credit warning SMS to customer 50charlotte [] []
[2020-03-19 08:00:07] Credit Warning SMS Yellow Zone log.INFO: Credit warning SMS sent to customer 50charlotte [] []
[2020-03-19 08:00:07] Credit Warning SMS Yellow Zone log.INFO: Sending credit warning SMS to customer 61charlotte [] []
[2020-03-19 08:00:07] Credit Warning SMS Yellow Zone log.INFO: Credit warning SMS sent to customer 61charlotte [] []
[2020-03-19 08:00:07] Credit Warning SMS Yellow Zone log.INFO: Sending credit warning SMS to customer 63charlotte [] []
[2020-03-19 08:00:07] Credit Warning SMS Yellow Zone log.INFO: Credit warning SMS sent to customer 63charlotte [] []
[2020-03-19 08:00:07] Credit Warning SMS Yellow Zone log.INFO: Sending credit warning SMS to customer 6bridgefield [] []
[2020-03-19 08:00:07] Credit Warning SMS Yellow Zone log.INFO: Credit warning SMS sent to customer 6bridgefield [] []
[2020-03-19 08:00:07] Credit Warning SMS Yellow Zone log.INFO: Sending credit warning SMS to customer 44bridgefield [] []
[2020-03-19 08:00:07] Credit Warning SMS Yellow Zone log.INFO: Credit warning SMS sent to customer 44bridgefield [] []
[2020-03-19 08:00:07] Credit Warning SMS Yellow Zone log.INFO: Sending credit warning SMS to customer 70bridgefield [] []
[2020-03-19 08:00:07] Credit Warning SMS Yellow Zone log.INFO: Credit warning SMS sent to customer 70bridgefield [] []
[2020-03-19 08:00:07] Credit Warning SMS Yellow Zone log.INFO: Sending credit warning SMS to customer 65bridgefield [] []
[2020-03-19 08:00:07] Credit Warning SMS Yellow Zone log.INFO: Credit warning SMS sent to customer 65bridgefield [] []
[2020-03-19 08:00:07] Credit Warning SMS Yellow Zone log.INFO: Sending credit warning SMS to customer 79bridgefield [] []
[2020-03-19 08:00:07] Credit Warning SMS Yellow Zone log.INFO: Credit warning SMS sent to customer 79bridgefield [] []
[2020-03-19 08:00:07] Credit Warning SMS Yellow Zone log.INFO: Sending credit warning SMS to customer 53bridgefield [] []
[2020-03-19 08:00:07] Credit Warning SMS Yellow Zone log.INFO: Credit warning SMS sent to customer 53bridgefield [] []
[2020-03-19 08:00:07] Credit Warning SMS Yellow Zone log.INFO: Sending credit warning SMS to customer 31bridgefield [] []
[2020-03-19 08:00:07] Credit Warning SMS Yellow Zone log.INFO: Credit warning SMS sent to customer 31bridgefield [] []
[2020-03-19 08:00:07] Credit Warning SMS Yellow Zone log.INFO: Sending credit warning SMS to customer 101bridgefield [] []
[2020-03-19 08:00:07] Credit Warning SMS Yellow Zone log.INFO: Credit warning SMS sent to customer 101bridgefield [] []
[2020-03-19 08:00:07] Credit Warning SMS Yellow Zone log.INFO: Sending credit warning SMS to customer 196bridgefield [] []
[2020-03-19 08:00:07] Credit Warning SMS Yellow Zone log.INFO: Credit warning SMS sent to customer 196bridgefield [] []
[2020-03-19 08:00:07] Credit Warning SMS Yellow Zone log.INFO: Sending credit warning SMS to customer 197bridgefield [] []
[2020-03-19 08:00:07] Credit Warning SMS Yellow Zone log.INFO: Credit warning SMS sent to customer 197bridgefield [] []
[2020-03-19 08:00:07] Credit Warning SMS Yellow Zone log.INFO: Sending credit warning SMS to customer 35pappan [] []
[2020-03-19 08:00:07] Credit Warning SMS Yellow Zone log.INFO: Credit warning SMS sent to customer 35pappan [] []
[2020-03-19 08:00:07] Credit Warning SMS Yellow Zone log.INFO: Sending credit warning SMS to customer 31pappan [] []
[2020-03-19 08:00:07] Credit Warning SMS Yellow Zone log.INFO: Credit warning SMS sent to customer 31pappan [] []
[2020-03-19 08:00:07] Credit Warning SMS Yellow Zone log.INFO: Sending credit warning SMS to customer 29pappan [] []
[2020-03-19 08:00:07] Credit Warning SMS Yellow Zone log.INFO: Credit warning SMS sent to customer 29pappan [] []
[2020-03-19 08:00:07] Credit Warning SMS Yellow Zone log.INFO: Sending credit warning SMS to customer 23pappan [] []
[2020-03-19 08:00:07] Credit Warning SMS Yellow Zone log.INFO: Credit warning SMS sent to customer 23pappan [] []
[2020-03-19 08:00:07] Credit Warning SMS Yellow Zone log.INFO: Sending credit warning SMS to customer 81fairways [] []
[2020-03-19 08:00:07] Credit Warning SMS Yellow Zone log.INFO: Credit warning SMS sent to customer 81fairways [] []
[2020-03-19 08:00:07] Credit Warning SMS Yellow Zone log.INFO: Sending credit warning SMS to customer 133fairways [] []
[2020-03-19 08:00:07] Credit Warning SMS Yellow Zone log.INFO: Credit warning SMS sent to customer 133fairways [] []
[2020-03-19 08:00:07] Credit Warning SMS Yellow Zone log.INFO: Sending credit warning SMS to customer 118fairways [] []
[2020-03-19 08:00:07] Credit Warning SMS Yellow Zone log.INFO: Credit warning SMS sent to customer 118fairways [] []
[2020-03-19 08:00:07] Credit Warning SMS Yellow Zone log.INFO: Sending credit warning SMS to customer 160fairways [] []
[2020-03-19 08:00:08] Credit Warning SMS Yellow Zone log.INFO: Credit warning SMS sent to customer 160fairways [] []
[2020-03-19 08:00:08] Credit Warning SMS Yellow Zone log.INFO: Sending credit warning SMS to customer h19fairways [] []
[2020-03-19 08:00:08] Credit Warning SMS Yellow Zone log.INFO: Credit warning SMS sent to customer h19fairways [] []
[2020-03-19 08:00:08] Credit Warning SMS Yellow Zone log.INFO: Sending credit warning SMS to customer 54herberthill [] []
[2020-03-19 08:00:08] Credit Warning SMS Yellow Zone log.INFO: Credit warning SMS sent to customer 54herberthill [] []
[2020-03-19 08:00:08] Credit Warning SMS Yellow Zone log.INFO: Sending credit warning SMS to customer 20herberthill [] []
[2020-03-19 08:00:08] Credit Warning SMS Yellow Zone log.INFO: Credit warning SMS sent to customer 20herberthill [] []
[2020-03-19 08:00:08] Credit Warning SMS Yellow Zone log.INFO: Sending credit warning SMS to customer 23herberthill [] []
[2020-03-19 08:00:08] Credit Warning SMS Yellow Zone log.INFO: Credit warning SMS sent to customer 23herberthill [] []
[2020-03-19 08:00:08] Credit Warning SMS Yellow Zone log.INFO: Sending credit warning SMS to customer 60herberthill [] []
[2020-03-19 08:00:08] Credit Warning SMS Yellow Zone log.INFO: Credit warning SMS sent to customer 60herberthill [] []
[2020-03-19 08:00:08] Credit Warning SMS Yellow Zone log.INFO: Sending credit warning SMS to customer 27herberthill [] []
[2020-03-19 08:00:08] Credit Warning SMS Yellow Zone log.INFO: Credit warning SMS sent to customer 27herberthill [] []
[2020-03-19 08:00:08] Credit Warning SMS Yellow Zone log.INFO: Sent Credit warning SMS to 98 customers! [] []
