[2020-04-23 08:00:02] Credit Warning SMS Yellow Zone log.INFO: Sending credit warning SMS to customer 12sundayswell [] []
[2020-04-23 08:00:02] Credit Warning SMS Yellow Zone log.INFO: Credit warning SMS sent to customer 12sundayswell [] []
[2020-04-23 08:00:02] Credit Warning SMS Yellow Zone log.INFO: Sending credit warning SMS to customer 3garryknock [] []
[2020-04-23 08:00:02] Credit Warning SMS Yellow Zone log.INFO: Credit warning SMS sent to customer 3garryknock [] []
[2020-04-23 08:00:02] Credit Warning SMS Yellow Zone log.INFO: Sending credit warning SMS to customer 23garryknock [] []
[2020-04-23 08:00:02] Credit Warning SMS Yellow Zone log.INFO: Credit warning SMS sent to customer 23garryknock [] []
[2020-04-23 08:00:02] Credit Warning SMS Yellow Zone log.INFO: Sending credit warning SMS to customer 4sundayswell [] []
[2020-04-23 08:00:02] Credit Warning SMS Yellow Zone log.INFO: Credit warning SMS sent to customer 4sundayswell [] []
[2020-04-23 08:00:02] Credit Warning SMS Yellow Zone log.INFO: Sending credit warning SMS to customer 8Emerald [] []
[2020-04-23 08:00:02] Credit Warning SMS Yellow Zone log.INFO: Credit warning SMS sent to customer 8Emerald [] []
[2020-04-23 08:00:02] Credit Warning SMS Yellow Zone log.INFO: Sending credit warning SMS to customer 21Emerald [] []
[2020-04-23 08:00:02] Credit Warning SMS Yellow Zone log.INFO: Credit warning SMS sent to customer 21Emerald [] []
[2020-04-23 08:00:02] Credit Warning SMS Yellow Zone log.INFO: Sending credit warning SMS to customer 176neptune [] []
[2020-04-23 08:00:02] Credit Warning SMS Yellow Zone log.INFO: Credit warning SMS sent to customer 176neptune [] []
[2020-04-23 08:00:02] Credit Warning SMS Yellow Zone log.INFO: Sending credit warning SMS to customer 4neptune [] []
[2020-04-23 08:00:02] Credit Warning SMS Yellow Zone log.INFO: Credit warning SMS sent to customer 4neptune [] []
[2020-04-23 08:00:02] Credit Warning SMS Yellow Zone log.INFO: Sending credit warning SMS to customer 50Neptune [] []
[2020-04-23 08:00:02] Credit Warning SMS Yellow Zone log.INFO: Credit warning SMS sent to customer 50Neptune [] []
[2020-04-23 08:00:02] Credit Warning SMS Yellow Zone log.INFO: Sending credit warning SMS to customer 191neptune [] []
[2020-04-23 08:00:02] Credit Warning SMS Yellow Zone log.INFO: Credit warning SMS sent to customer 191neptune [] []
[2020-04-23 08:00:02] Credit Warning SMS Yellow Zone log.INFO: Sending credit warning SMS to customer 32neptune [] []
[2020-04-23 08:00:02] Credit Warning SMS Yellow Zone log.INFO: Credit warning SMS sent to customer 32neptune [] []
[2020-04-23 08:00:02] Credit Warning SMS Yellow Zone log.INFO: Sending credit warning SMS to customer 90Neptune [] []
[2020-04-23 08:00:02] Credit Warning SMS Yellow Zone log.INFO: Credit warning SMS sent to customer 90Neptune [] []
[2020-04-23 08:00:02] Credit Warning SMS Yellow Zone log.INFO: Sending credit warning SMS to customer 63Neptune [] []
[2020-04-23 08:00:02] Credit Warning SMS Yellow Zone log.INFO: Credit warning SMS sent to customer 63Neptune [] []
[2020-04-23 08:00:02] Credit Warning SMS Yellow Zone log.INFO: Sending credit warning SMS to customer 10Abbott [] []
[2020-04-23 08:00:02] Credit Warning SMS Yellow Zone log.INFO: Credit warning SMS sent to customer 10Abbott [] []
[2020-04-23 08:00:02] Credit Warning SMS Yellow Zone log.INFO: Sending credit warning SMS to customer 21Abbott [] []
[2020-04-23 08:00:03] Credit Warning SMS Yellow Zone log.INFO: Credit warning SMS sent to customer 21Abbott [] []
[2020-04-23 08:00:03] Credit Warning SMS Yellow Zone log.INFO: Sending credit warning SMS to customer 28Abbott [] []
[2020-04-23 08:00:03] Credit Warning SMS Yellow Zone log.INFO: Credit warning SMS sent to customer 28Abbott [] []
[2020-04-23 08:00:03] Credit Warning SMS Yellow Zone log.INFO: Sending credit warning SMS to customer 13Abbott [] []
[2020-04-23 08:00:03] Credit Warning SMS Yellow Zone log.INFO: Credit warning SMS sent to customer 13Abbott [] []
[2020-04-23 08:00:03] Credit Warning SMS Yellow Zone log.INFO: Sending credit warning SMS to customer 62Abbott [] []
[2020-04-23 08:00:03] Credit Warning SMS Yellow Zone log.INFO: Credit warning SMS sent to customer 62Abbott [] []
[2020-04-23 08:00:03] Credit Warning SMS Yellow Zone log.INFO: Sending credit warning SMS to customer 87Abbott [] []
[2020-04-23 08:00:03] Credit Warning SMS Yellow Zone log.INFO: Credit warning SMS sent to customer 87Abbott [] []
[2020-04-23 08:00:03] Credit Warning SMS Yellow Zone log.INFO: Sending credit warning SMS to customer 90Abbott [] []
[2020-04-23 08:00:03] Credit Warning SMS Yellow Zone log.INFO: Credit warning SMS sent to customer 90Abbott [] []
[2020-04-23 08:00:03] Credit Warning SMS Yellow Zone log.INFO: Sending credit warning SMS to customer 91Abbott [] []
[2020-04-23 08:00:03] Credit Warning SMS Yellow Zone log.INFO: Credit warning SMS sent to customer 91Abbott [] []
[2020-04-23 08:00:03] Credit Warning SMS Yellow Zone log.INFO: Sending credit warning SMS to customer 92Abbott [] []
[2020-04-23 08:00:03] Credit Warning SMS Yellow Zone log.INFO: Credit warning SMS sent to customer 92Abbott [] []
[2020-04-23 08:00:03] Credit Warning SMS Yellow Zone log.INFO: Sending credit warning SMS to customer 71Abbott [] []
[2020-04-23 08:00:03] Credit Warning SMS Yellow Zone log.INFO: Credit warning SMS sent to customer 71Abbott [] []
[2020-04-23 08:00:03] Credit Warning SMS Yellow Zone log.INFO: Sending credit warning SMS to customer 105Abbott [] []
[2020-04-23 08:00:03] Credit Warning SMS Yellow Zone log.INFO: Credit warning SMS sent to customer 105Abbott [] []
[2020-04-23 08:00:03] Credit Warning SMS Yellow Zone log.INFO: Sending credit warning SMS to customer 119Abbott [] []
[2020-04-23 08:00:03] Credit Warning SMS Yellow Zone log.INFO: Credit warning SMS sent to customer 119Abbott [] []
[2020-04-23 08:00:03] Credit Warning SMS Yellow Zone log.INFO: Sending credit warning SMS to customer 98Abbott [] []
[2020-04-23 08:00:03] Credit Warning SMS Yellow Zone log.INFO: Credit warning SMS sent to customer 98Abbott [] []
[2020-04-23 08:00:03] Credit Warning SMS Yellow Zone log.INFO: Sending credit warning SMS to customer 55Abbott [] []
[2020-04-23 08:00:03] Credit Warning SMS Yellow Zone log.INFO: Credit warning SMS sent to customer 55Abbott [] []
[2020-04-23 08:00:03] Credit Warning SMS Yellow Zone log.INFO: Sending credit warning SMS to customer 118Abbott [] []
[2020-04-23 08:00:03] Credit Warning SMS Yellow Zone log.INFO: Credit warning SMS sent to customer 118Abbott [] []
[2020-04-23 08:00:03] Credit Warning SMS Yellow Zone log.INFO: Sending credit warning SMS to customer 126abbott [] []
[2020-04-23 08:00:03] Credit Warning SMS Yellow Zone log.INFO: Credit warning SMS sent to customer 126abbott [] []
[2020-04-23 08:00:03] Credit Warning SMS Yellow Zone log.INFO: Sending credit warning SMS to customer 191abbott [] []
[2020-04-23 08:00:03] Credit Warning SMS Yellow Zone log.INFO: Credit warning SMS sent to customer 191abbott [] []
[2020-04-23 08:00:03] Credit Warning SMS Yellow Zone log.INFO: Sending credit warning SMS to customer 157abbott [] []
[2020-04-23 08:00:03] Credit Warning SMS Yellow Zone log.INFO: Credit warning SMS sent to customer 157abbott [] []
[2020-04-23 08:00:03] Credit Warning SMS Yellow Zone log.INFO: Sending credit warning SMS to customer 21GreenBank [] []
[2020-04-23 08:00:03] Credit Warning SMS Yellow Zone log.INFO: Credit warning SMS sent to customer 21GreenBank [] []
[2020-04-23 08:00:03] Credit Warning SMS Yellow Zone log.INFO: Sending credit warning SMS to customer 10GreenBank [] []
[2020-04-23 08:00:03] Credit Warning SMS Yellow Zone log.INFO: Credit warning SMS sent to customer 10GreenBank [] []
[2020-04-23 08:00:03] Credit Warning SMS Yellow Zone log.INFO: Sending credit warning SMS to customer 155abbott [] []
[2020-04-23 08:00:03] Credit Warning SMS Yellow Zone log.INFO: Credit warning SMS sent to customer 155abbott [] []
[2020-04-23 08:00:03] Credit Warning SMS Yellow Zone log.INFO: Sending credit warning SMS to customer 7eustace [] []
[2020-04-23 08:00:03] Credit Warning SMS Yellow Zone log.INFO: Credit warning SMS sent to customer 7eustace [] []
[2020-04-23 08:00:03] Credit Warning SMS Yellow Zone log.INFO: Sending credit warning SMS to customer 29eustace [] []
[2020-04-23 08:00:03] Credit Warning SMS Yellow Zone log.INFO: Credit warning SMS sent to customer 29eustace [] []
[2020-04-23 08:00:03] Credit Warning SMS Yellow Zone log.INFO: Sending credit warning SMS to customer 74eustace [] []
[2020-04-23 08:00:03] Credit Warning SMS Yellow Zone log.INFO: Credit warning SMS sent to customer 74eustace [] []
[2020-04-23 08:00:03] Credit Warning SMS Yellow Zone log.INFO: Sending credit warning SMS to customer 139leona [] []
[2020-04-23 08:00:03] Credit Warning SMS Yellow Zone log.INFO: Credit warning SMS sent to customer 139leona [] []
[2020-04-23 08:00:03] Credit Warning SMS Yellow Zone log.INFO: Sending credit warning SMS to customer 144leona [] []
[2020-04-23 08:00:03] Credit Warning SMS Yellow Zone log.INFO: Credit warning SMS sent to customer 144leona [] []
[2020-04-23 08:00:03] Credit Warning SMS Yellow Zone log.INFO: Sending credit warning SMS to customer 131leona [] []
[2020-04-23 08:00:03] Credit Warning SMS Yellow Zone log.INFO: Credit warning SMS sent to customer 131leona [] []
[2020-04-23 08:00:03] Credit Warning SMS Yellow Zone log.INFO: Sending credit warning SMS to customer 23leona [] []
[2020-04-23 08:00:03] Credit Warning SMS Yellow Zone log.INFO: Credit warning SMS sent to customer 23leona [] []
[2020-04-23 08:00:03] Credit Warning SMS Yellow Zone log.INFO: Sending credit warning SMS to customer 135leona [] []
[2020-04-23 08:00:03] Credit Warning SMS Yellow Zone log.INFO: Credit warning SMS sent to customer 135leona [] []
[2020-04-23 08:00:03] Credit Warning SMS Yellow Zone log.INFO: Sending credit warning SMS to customer 123leona [] []
[2020-04-23 08:00:03] Credit Warning SMS Yellow Zone log.INFO: Credit warning SMS sent to customer 123leona [] []
[2020-04-23 08:00:03] Credit Warning SMS Yellow Zone log.INFO: Sending credit warning SMS to customer 31leona [] []
[2020-04-23 08:00:03] Credit Warning SMS Yellow Zone log.INFO: Credit warning SMS sent to customer 31leona [] []
[2020-04-23 08:00:03] Credit Warning SMS Yellow Zone log.INFO: Sending credit warning SMS to customer 119leona [] []
[2020-04-23 08:00:03] Credit Warning SMS Yellow Zone log.INFO: Credit warning SMS sent to customer 119leona [] []
[2020-04-23 08:00:03] Credit Warning SMS Yellow Zone log.INFO: Sending credit warning SMS to customer 31charlotte [] []
[2020-04-23 08:00:03] Credit Warning SMS Yellow Zone log.INFO: Credit warning SMS sent to customer 31charlotte [] []
[2020-04-23 08:00:03] Credit Warning SMS Yellow Zone log.INFO: Sending credit warning SMS to customer 100charlotte [] []
[2020-04-23 08:00:04] Credit Warning SMS Yellow Zone log.INFO: Credit warning SMS sent to customer 100charlotte [] []
[2020-04-23 08:00:04] Credit Warning SMS Yellow Zone log.INFO: Sending credit warning SMS to customer 38charlotte [] []
[2020-04-23 08:00:04] Credit Warning SMS Yellow Zone log.INFO: Credit warning SMS sent to customer 38charlotte [] []
[2020-04-23 08:00:04] Credit Warning SMS Yellow Zone log.INFO: Sending credit warning SMS to customer 14bridgefield [] []
[2020-04-23 08:00:04] Credit Warning SMS Yellow Zone log.INFO: Credit warning SMS sent to customer 14bridgefield [] []
[2020-04-23 08:00:04] Credit Warning SMS Yellow Zone log.INFO: Sending credit warning SMS to customer 25bridgefield [] []
[2020-04-23 08:00:04] Credit Warning SMS Yellow Zone log.INFO: Credit warning SMS sent to customer 25bridgefield [] []
[2020-04-23 08:00:04] Credit Warning SMS Yellow Zone log.INFO: Sending credit warning SMS to customer 11bridgefield [] []
[2020-04-23 08:00:04] Credit Warning SMS Yellow Zone log.INFO: Credit warning SMS sent to customer 11bridgefield [] []
[2020-04-23 08:00:04] Credit Warning SMS Yellow Zone log.INFO: Sending credit warning SMS to customer 15bridgefield [] []
[2020-04-23 08:00:04] Credit Warning SMS Yellow Zone log.INFO: Credit warning SMS sent to customer 15bridgefield [] []
[2020-04-23 08:00:04] Credit Warning SMS Yellow Zone log.INFO: Sending credit warning SMS to customer 38bridgefield [] []
[2020-04-23 08:00:04] Credit Warning SMS Yellow Zone log.INFO: Credit warning SMS sent to customer 38bridgefield [] []
[2020-04-23 08:00:04] Credit Warning SMS Yellow Zone log.INFO: Sending credit warning SMS to customer 66bridgefield [] []
[2020-04-23 08:00:04] Credit Warning SMS Yellow Zone log.INFO: Credit warning SMS sent to customer 66bridgefield [] []
[2020-04-23 08:00:04] Credit Warning SMS Yellow Zone log.INFO: Sending credit warning SMS to customer 77bridgefield [] []
[2020-04-23 08:00:04] Credit Warning SMS Yellow Zone log.INFO: Credit warning SMS sent to customer 77bridgefield [] []
[2020-04-23 08:00:04] Credit Warning SMS Yellow Zone log.INFO: Sending credit warning SMS to customer 71bridgefield [] []
[2020-04-23 08:00:04] Credit Warning SMS Yellow Zone log.INFO: Credit warning SMS sent to customer 71bridgefield [] []
[2020-04-23 08:00:04] Credit Warning SMS Yellow Zone log.INFO: Sending credit warning SMS to customer 53bridgefield [] []
[2020-04-23 08:00:04] Credit Warning SMS Yellow Zone log.INFO: Credit warning SMS sent to customer 53bridgefield [] []
[2020-04-23 08:00:04] Credit Warning SMS Yellow Zone log.INFO: Sending credit warning SMS to customer 56bridgefield [] []
[2020-04-23 08:00:04] Credit Warning SMS Yellow Zone log.INFO: Credit warning SMS sent to customer 56bridgefield [] []
[2020-04-23 08:00:04] Credit Warning SMS Yellow Zone log.INFO: Sending credit warning SMS to customer 80bridgefield [] []
[2020-04-23 08:00:04] Credit Warning SMS Yellow Zone log.INFO: Credit warning SMS sent to customer 80bridgefield [] []
[2020-04-23 08:00:04] Credit Warning SMS Yellow Zone log.INFO: Sending credit warning SMS to customer 191bridgefield [] []
[2020-04-23 08:00:04] Credit Warning SMS Yellow Zone log.INFO: Credit warning SMS sent to customer 191bridgefield [] []
[2020-04-23 08:00:04] Credit Warning SMS Yellow Zone log.INFO: Sending credit warning SMS to customer 193bridgefield [] []
[2020-04-23 08:00:04] Credit Warning SMS Yellow Zone log.INFO: Credit warning SMS sent to customer 193bridgefield [] []
[2020-04-23 08:00:04] Credit Warning SMS Yellow Zone log.INFO: Sending credit warning SMS to customer 84fairways [] []
[2020-04-23 08:00:04] Credit Warning SMS Yellow Zone log.INFO: Credit warning SMS sent to customer 84fairways [] []
[2020-04-23 08:00:04] Credit Warning SMS Yellow Zone log.INFO: Sending credit warning SMS to customer 85fairways [] []
[2020-04-23 08:00:04] Credit Warning SMS Yellow Zone log.INFO: Credit warning SMS sent to customer 85fairways [] []
[2020-04-23 08:00:04] Credit Warning SMS Yellow Zone log.INFO: Sending credit warning SMS to customer 90fairways [] []
[2020-04-23 08:00:04] Credit Warning SMS Yellow Zone log.INFO: Credit warning SMS sent to customer 90fairways [] []
[2020-04-23 08:00:04] Credit Warning SMS Yellow Zone log.INFO: Sending credit warning SMS to customer 107fairways [] []
[2020-04-23 08:00:04] Credit Warning SMS Yellow Zone log.INFO: Credit warning SMS sent to customer 107fairways [] []
[2020-04-23 08:00:04] Credit Warning SMS Yellow Zone log.INFO: Sending credit warning SMS to customer 133fairways [] []
[2020-04-23 08:00:04] Credit Warning SMS Yellow Zone log.INFO: Credit warning SMS sent to customer 133fairways [] []
[2020-04-23 08:00:04] Credit Warning SMS Yellow Zone log.INFO: Sending credit warning SMS to customer 140fairways [] []
[2020-04-23 08:00:04] Credit Warning SMS Yellow Zone log.INFO: Credit warning SMS sent to customer 140fairways [] []
[2020-04-23 08:00:04] Credit Warning SMS Yellow Zone log.INFO: Sending credit warning SMS to customer 31fairways [] []
[2020-04-23 08:00:04] Credit Warning SMS Yellow Zone log.INFO: Credit warning SMS sent to customer 31fairways [] []
[2020-04-23 08:00:04] Credit Warning SMS Yellow Zone log.INFO: Sending credit warning SMS to customer 53fairways [] []
[2020-04-23 08:00:04] Credit Warning SMS Yellow Zone log.INFO: Credit warning SMS sent to customer 53fairways [] []
[2020-04-23 08:00:04] Credit Warning SMS Yellow Zone log.INFO: Sending credit warning SMS to customer 38fairways [] []
[2020-04-23 08:00:04] Credit Warning SMS Yellow Zone log.INFO: Credit warning SMS sent to customer 38fairways [] []
[2020-04-23 08:00:04] Credit Warning SMS Yellow Zone log.INFO: Sending credit warning SMS to customer 37fairways [] []
[2020-04-23 08:00:04] Credit Warning SMS Yellow Zone log.INFO: Credit warning SMS sent to customer 37fairways [] []
[2020-04-23 08:00:04] Credit Warning SMS Yellow Zone log.INFO: Sending credit warning SMS to customer 73herberthill [] []
[2020-04-23 08:00:04] Credit Warning SMS Yellow Zone log.INFO: Credit warning SMS sent to customer 73herberthill [] []
[2020-04-23 08:00:04] Credit Warning SMS Yellow Zone log.INFO: Sending credit warning SMS to customer 23herberthill [] []
[2020-04-23 08:00:04] Credit Warning SMS Yellow Zone log.INFO: Credit warning SMS sent to customer 23herberthill [] []
[2020-04-23 08:00:04] Credit Warning SMS Yellow Zone log.INFO: Sending credit warning SMS to customer 79herberthill [] []
[2020-04-23 08:00:05] Credit Warning SMS Yellow Zone log.INFO: Credit warning SMS sent to customer 79herberthill [] []
[2020-04-23 08:00:05] Credit Warning SMS Yellow Zone log.INFO: Sending credit warning SMS to customer 24herberthill [] []
[2020-04-23 08:00:05] Credit Warning SMS Yellow Zone log.INFO: Credit warning SMS sent to customer 24herberthill [] []
[2020-04-23 08:00:05] Credit Warning SMS Yellow Zone log.INFO: Sending credit warning SMS to customer 83herberthill [] []
[2020-04-23 08:00:05] Credit Warning SMS Yellow Zone log.INFO: Credit warning SMS sent to customer 83herberthill [] []
[2020-04-23 08:00:05] Credit Warning SMS Yellow Zone log.INFO: Sending credit warning SMS to customer 84herberthill [] []
[2020-04-23 08:00:05] Credit Warning SMS Yellow Zone log.INFO: Credit warning SMS sent to customer 84herberthill [] []
[2020-04-23 08:00:05] Credit Warning SMS Yellow Zone log.INFO: Sending credit warning SMS to customer 62herberthill [] []
[2020-04-23 08:00:05] Credit Warning SMS Yellow Zone log.INFO: Credit warning SMS sent to customer 62herberthill [] []
[2020-04-23 08:00:05] Credit Warning SMS Yellow Zone log.INFO: Sending credit warning SMS to customer 61herberthill [] []
[2020-04-23 08:00:05] Credit Warning SMS Yellow Zone log.INFO: Credit warning SMS sent to customer 61herberthill [] []
[2020-04-23 08:00:05] Credit Warning SMS Yellow Zone log.INFO: Sent Credit warning SMS to 79 customers! [] []
