[2020-07-31 08:00:02] Credit Warning SMS Yellow Zone log.INFO: Sending credit warning SMS to customer 8brackenview [] []
[2020-07-31 08:00:02] Credit Warning SMS Yellow Zone log.INFO: Credit warning SMS sent to customer 8brackenview [] []
[2020-07-31 08:00:02] Credit Warning SMS Yellow Zone log.INFO: Sending credit warning SMS to customer 12sundayswell [] []
[2020-07-31 08:00:02] Credit Warning SMS Yellow Zone log.INFO: Credit warning SMS sent to customer 12sundayswell [] []
[2020-07-31 08:00:02] Credit Warning SMS Yellow Zone log.INFO: Sending credit warning SMS to customer 6sundayswell [] []
[2020-07-31 08:00:02] Credit Warning SMS Yellow Zone log.INFO: Credit warning SMS sent to customer 6sundayswell [] []
[2020-07-31 08:00:02] Credit Warning SMS Yellow Zone log.INFO: Sending credit warning SMS to customer 40Emerald [] []
[2020-07-31 08:00:02] Credit Warning SMS Yellow Zone log.INFO: Credit warning SMS sent to customer 40Emerald [] []
[2020-07-31 08:00:02] Credit Warning SMS Yellow Zone log.INFO: Sending credit warning SMS to customer 6Emerald [] []
[2020-07-31 08:00:02] Credit Warning SMS Yellow Zone log.INFO: Credit warning SMS sent to customer 6Emerald [] []
[2020-07-31 08:00:02] Credit Warning SMS Yellow Zone log.INFO: Sending credit warning SMS to customer 176neptune [] []
[2020-07-31 08:00:02] Credit Warning SMS Yellow Zone log.INFO: Credit warning SMS sent to customer 176neptune [] []
[2020-07-31 08:00:02] Credit Warning SMS Yellow Zone log.INFO: Sending credit warning SMS to customer 17neptune [] []
[2020-07-31 08:00:02] Credit Warning SMS Yellow Zone log.INFO: Credit warning SMS sent to customer 17neptune [] []
[2020-07-31 08:00:02] Credit Warning SMS Yellow Zone log.INFO: Sending credit warning SMS to customer 151Neptune [] []
[2020-07-31 08:00:02] Credit Warning SMS Yellow Zone log.INFO: Credit warning SMS sent to customer 151Neptune [] []
[2020-07-31 08:00:02] Credit Warning SMS Yellow Zone log.INFO: Sending credit warning SMS to customer 157Neptune [] []
[2020-07-31 08:00:02] Credit Warning SMS Yellow Zone log.INFO: Credit warning SMS sent to customer 157Neptune [] []
[2020-07-31 08:00:02] Credit Warning SMS Yellow Zone log.INFO: Sending credit warning SMS to customer 169neptune [] []
[2020-07-31 08:00:02] Credit Warning SMS Yellow Zone log.INFO: Credit warning SMS sent to customer 169neptune [] []
[2020-07-31 08:00:02] Credit Warning SMS Yellow Zone log.INFO: Sending credit warning SMS to customer 131Neptune [] []
[2020-07-31 08:00:02] Credit Warning SMS Yellow Zone log.INFO: Credit warning SMS sent to customer 131Neptune [] []
[2020-07-31 08:00:02] Credit Warning SMS Yellow Zone log.INFO: Sending credit warning SMS to customer 156Neptune [] []
[2020-07-31 08:00:02] Credit Warning SMS Yellow Zone log.INFO: Credit warning SMS sent to customer 156Neptune [] []
[2020-07-31 08:00:02] Credit Warning SMS Yellow Zone log.INFO: Sending credit warning SMS to customer 8neptune [] []
[2020-07-31 08:00:02] Credit Warning SMS Yellow Zone log.INFO: Credit warning SMS sent to customer 8neptune [] []
[2020-07-31 08:00:02] Credit Warning SMS Yellow Zone log.INFO: Sending credit warning SMS to customer 148Neptune [] []
[2020-07-31 08:00:02] Credit Warning SMS Yellow Zone log.INFO: Credit warning SMS sent to customer 148Neptune [] []
[2020-07-31 08:00:02] Credit Warning SMS Yellow Zone log.INFO: Sending credit warning SMS to customer 41Abbott [] []
[2020-07-31 08:00:02] Credit Warning SMS Yellow Zone log.INFO: Credit warning SMS sent to customer 41Abbott [] []
[2020-07-31 08:00:02] Credit Warning SMS Yellow Zone log.INFO: Sending credit warning SMS to customer 9Abbott [] []
[2020-07-31 08:00:02] Credit Warning SMS Yellow Zone log.INFO: Credit warning SMS sent to customer 9Abbott [] []
[2020-07-31 08:00:02] Credit Warning SMS Yellow Zone log.INFO: Sending credit warning SMS to customer 27Abbott [] []
[2020-07-31 08:00:02] Credit Warning SMS Yellow Zone log.INFO: Credit warning SMS sent to customer 27Abbott [] []
[2020-07-31 08:00:02] Credit Warning SMS Yellow Zone log.INFO: Sending credit warning SMS to customer 37Abbott [] []
[2020-07-31 08:00:02] Credit Warning SMS Yellow Zone log.INFO: Credit warning SMS sent to customer 37Abbott [] []
[2020-07-31 08:00:02] Credit Warning SMS Yellow Zone log.INFO: Sending credit warning SMS to customer 13Abbott [] []
[2020-07-31 08:00:02] Credit Warning SMS Yellow Zone log.INFO: Credit warning SMS sent to customer 13Abbott [] []
[2020-07-31 08:00:02] Credit Warning SMS Yellow Zone log.INFO: Sending credit warning SMS to customer 59Abbott [] []
[2020-07-31 08:00:02] Credit Warning SMS Yellow Zone log.INFO: Credit warning SMS sent to customer 59Abbott [] []
[2020-07-31 08:00:02] Credit Warning SMS Yellow Zone log.INFO: Sending credit warning SMS to customer 85Abbott [] []
[2020-07-31 08:00:02] Credit Warning SMS Yellow Zone log.INFO: Credit warning SMS sent to customer 85Abbott [] []
[2020-07-31 08:00:02] Credit Warning SMS Yellow Zone log.INFO: Sending credit warning SMS to customer 88Abbott [] []
[2020-07-31 08:00:02] Credit Warning SMS Yellow Zone log.INFO: Credit warning SMS sent to customer 88Abbott [] []
[2020-07-31 08:00:02] Credit Warning SMS Yellow Zone log.INFO: Sending credit warning SMS to customer 89Abbott [] []
[2020-07-31 08:00:02] Credit Warning SMS Yellow Zone log.INFO: Credit warning SMS sent to customer 89Abbott [] []
[2020-07-31 08:00:02] Credit Warning SMS Yellow Zone log.INFO: Sending credit warning SMS to customer 82Abbott [] []
[2020-07-31 08:00:02] Credit Warning SMS Yellow Zone log.INFO: Credit warning SMS sent to customer 82Abbott [] []
[2020-07-31 08:00:02] Credit Warning SMS Yellow Zone log.INFO: Sending credit warning SMS to customer 84Abbott [] []
[2020-07-31 08:00:03] Credit Warning SMS Yellow Zone log.INFO: Credit warning SMS sent to customer 84Abbott [] []
[2020-07-31 08:00:03] Credit Warning SMS Yellow Zone log.INFO: Sending credit warning SMS to customer 100Abbott [] []
[2020-07-31 08:00:03] Credit Warning SMS Yellow Zone log.INFO: Credit warning SMS sent to customer 100Abbott [] []
[2020-07-31 08:00:03] Credit Warning SMS Yellow Zone log.INFO: Sending credit warning SMS to customer 117Abbott [] []
[2020-07-31 08:00:03] Credit Warning SMS Yellow Zone log.INFO: Credit warning SMS sent to customer 117Abbott [] []
[2020-07-31 08:00:03] Credit Warning SMS Yellow Zone log.INFO: Sending credit warning SMS to customer 97Abbott [] []
[2020-07-31 08:00:03] Credit Warning SMS Yellow Zone log.INFO: Credit warning SMS sent to customer 97Abbott [] []
[2020-07-31 08:00:03] Credit Warning SMS Yellow Zone log.INFO: Sending credit warning SMS to customer 95Abbott [] []
[2020-07-31 08:00:03] Credit Warning SMS Yellow Zone log.INFO: Credit warning SMS sent to customer 95Abbott [] []
[2020-07-31 08:00:03] Credit Warning SMS Yellow Zone log.INFO: Sending credit warning SMS to customer 146abbott [] []
[2020-07-31 08:00:03] Credit Warning SMS Yellow Zone log.INFO: Credit warning SMS sent to customer 146abbott [] []
[2020-07-31 08:00:03] Credit Warning SMS Yellow Zone log.INFO: Sending credit warning SMS to customer 150abbott [] []
[2020-07-31 08:00:03] Credit Warning SMS Yellow Zone log.INFO: Credit warning SMS sent to customer 150abbott [] []
[2020-07-31 08:00:03] Credit Warning SMS Yellow Zone log.INFO: Sending credit warning SMS to customer 184abbott [] []
[2020-07-31 08:00:03] Credit Warning SMS Yellow Zone log.INFO: Credit warning SMS sent to customer 184abbott [] []
[2020-07-31 08:00:03] Credit Warning SMS Yellow Zone log.INFO: Sending credit warning SMS to customer 187abbott [] []
[2020-07-31 08:00:03] Credit Warning SMS Yellow Zone log.INFO: Credit warning SMS sent to customer 187abbott [] []
[2020-07-31 08:00:03] Credit Warning SMS Yellow Zone log.INFO: Sending credit warning SMS to customer 170abbott [] []
[2020-07-31 08:00:03] Credit Warning SMS Yellow Zone log.INFO: Credit warning SMS sent to customer 170abbott [] []
[2020-07-31 08:00:03] Credit Warning SMS Yellow Zone log.INFO: Sending credit warning SMS to customer 155abbott [] []
[2020-07-31 08:00:03] Credit Warning SMS Yellow Zone log.INFO: Credit warning SMS sent to customer 155abbott [] []
[2020-07-31 08:00:03] Credit Warning SMS Yellow Zone log.INFO: Sending credit warning SMS to customer 79leona [] []
[2020-07-31 08:00:03] Credit Warning SMS Yellow Zone log.INFO: Credit warning SMS sent to customer 79leona [] []
[2020-07-31 08:00:03] Credit Warning SMS Yellow Zone log.INFO: Sending credit warning SMS to customer 110leona [] []
[2020-07-31 08:00:03] Credit Warning SMS Yellow Zone log.INFO: Credit warning SMS sent to customer 110leona [] []
[2020-07-31 08:00:03] Credit Warning SMS Yellow Zone log.INFO: Sending credit warning SMS to customer 15leona [] []
[2020-07-31 08:00:03] Credit Warning SMS Yellow Zone log.INFO: Credit warning SMS sent to customer 15leona [] []
[2020-07-31 08:00:03] Credit Warning SMS Yellow Zone log.INFO: Sending credit warning SMS to customer 108leona [] []
[2020-07-31 08:00:03] Credit Warning SMS Yellow Zone log.INFO: Credit warning SMS sent to customer 108leona [] []
[2020-07-31 08:00:03] Credit Warning SMS Yellow Zone log.INFO: Sending credit warning SMS to customer 39leona [] []
[2020-07-31 08:00:03] Credit Warning SMS Yellow Zone log.INFO: Credit warning SMS sent to customer 39leona [] []
[2020-07-31 08:00:03] Credit Warning SMS Yellow Zone log.INFO: Sending credit warning SMS to customer 73leona [] []
[2020-07-31 08:00:03] Credit Warning SMS Yellow Zone log.INFO: Credit warning SMS sent to customer 73leona [] []
[2020-07-31 08:00:03] Credit Warning SMS Yellow Zone log.INFO: Sending credit warning SMS to customer 98leona [] []
[2020-07-31 08:00:03] Credit Warning SMS Yellow Zone log.INFO: Credit warning SMS sent to customer 98leona [] []
[2020-07-31 08:00:03] Credit Warning SMS Yellow Zone log.INFO: Sending credit warning SMS to customer 37leona [] []
[2020-07-31 08:00:03] Credit Warning SMS Yellow Zone log.INFO: Credit warning SMS sent to customer 37leona [] []
[2020-07-31 08:00:03] Credit Warning SMS Yellow Zone log.INFO: Sending credit warning SMS to customer 144leona [] []
[2020-07-31 08:00:03] Credit Warning SMS Yellow Zone log.INFO: Credit warning SMS sent to customer 144leona [] []
[2020-07-31 08:00:03] Credit Warning SMS Yellow Zone log.INFO: Sending credit warning SMS to customer 151leona [] []
[2020-07-31 08:00:03] Credit Warning SMS Yellow Zone log.INFO: Credit warning SMS sent to customer 151leona [] []
[2020-07-31 08:00:03] Credit Warning SMS Yellow Zone log.INFO: Sending credit warning SMS to customer 127charlotte [] []
[2020-07-31 08:00:03] Credit Warning SMS Yellow Zone log.INFO: Credit warning SMS sent to customer 127charlotte [] []
[2020-07-31 08:00:03] Credit Warning SMS Yellow Zone log.INFO: Sending credit warning SMS to customer 153charlotte [] []
[2020-07-31 08:00:03] Credit Warning SMS Yellow Zone log.INFO: Credit warning SMS sent to customer 153charlotte [] []
[2020-07-31 08:00:03] Credit Warning SMS Yellow Zone log.INFO: Sending credit warning SMS to customer 117charlotte [] []
[2020-07-31 08:00:03] Credit Warning SMS Yellow Zone log.INFO: Credit warning SMS sent to customer 117charlotte [] []
[2020-07-31 08:00:03] Credit Warning SMS Yellow Zone log.INFO: Sending credit warning SMS to customer 27charlotte [] []
[2020-07-31 08:00:03] Credit Warning SMS Yellow Zone log.INFO: Credit warning SMS sent to customer 27charlotte [] []
[2020-07-31 08:00:03] Credit Warning SMS Yellow Zone log.INFO: Sending credit warning SMS to customer 5charlotte [] []
[2020-07-31 08:00:03] Credit Warning SMS Yellow Zone log.INFO: Credit warning SMS sent to customer 5charlotte [] []
[2020-07-31 08:00:03] Credit Warning SMS Yellow Zone log.INFO: Sending credit warning SMS to customer 124charlotte [] []
[2020-07-31 08:00:03] Credit Warning SMS Yellow Zone log.INFO: Credit warning SMS sent to customer 124charlotte [] []
[2020-07-31 08:00:03] Credit Warning SMS Yellow Zone log.INFO: Sending credit warning SMS to customer 28charlotte [] []
[2020-07-31 08:00:03] Credit Warning SMS Yellow Zone log.INFO: Credit warning SMS sent to customer 28charlotte [] []
[2020-07-31 08:00:03] Credit Warning SMS Yellow Zone log.INFO: Sending credit warning SMS to customer 26bridgefield [] []
[2020-07-31 08:00:03] Credit Warning SMS Yellow Zone log.INFO: Credit warning SMS sent to customer 26bridgefield [] []
[2020-07-31 08:00:03] Credit Warning SMS Yellow Zone log.INFO: Sending credit warning SMS to customer 65bridgefield [] []
[2020-07-31 08:00:03] Credit Warning SMS Yellow Zone log.INFO: Credit warning SMS sent to customer 65bridgefield [] []
[2020-07-31 08:00:03] Credit Warning SMS Yellow Zone log.INFO: Sending credit warning SMS to customer 101bridgefield [] []
[2020-07-31 08:00:04] Credit Warning SMS Yellow Zone log.INFO: Credit warning SMS sent to customer 101bridgefield [] []
[2020-07-31 08:00:04] Credit Warning SMS Yellow Zone log.INFO: Sending credit warning SMS to customer 183bridgefield [] []
[2020-07-31 08:00:04] Credit Warning SMS Yellow Zone log.INFO: Credit warning SMS sent to customer 183bridgefield [] []
[2020-07-31 08:00:04] Credit Warning SMS Yellow Zone log.INFO: Sending credit warning SMS to customer 51bridgefield [] []
[2020-07-31 08:00:04] Credit Warning SMS Yellow Zone log.INFO: Credit warning SMS sent to customer 51bridgefield [] []
[2020-07-31 08:00:04] Credit Warning SMS Yellow Zone log.INFO: Sending credit warning SMS to customer 168bridgefield [] []
[2020-07-31 08:00:04] Credit Warning SMS Yellow Zone log.INFO: Credit warning SMS sent to customer 168bridgefield [] []
[2020-07-31 08:00:04] Credit Warning SMS Yellow Zone log.INFO: Sending credit warning SMS to customer 23pappan [] []
[2020-07-31 08:00:04] Credit Warning SMS Yellow Zone log.INFO: Credit warning SMS sent to customer 23pappan [] []
[2020-07-31 08:00:04] Credit Warning SMS Yellow Zone log.INFO: Sending credit warning SMS to customer 5pappan [] []
[2020-07-31 08:00:04] Credit Warning SMS Yellow Zone log.INFO: Credit warning SMS sent to customer 5pappan [] []
[2020-07-31 08:00:04] Credit Warning SMS Yellow Zone log.INFO: Sending credit warning SMS to customer 84fairways [] []
[2020-07-31 08:00:04] Credit Warning SMS Yellow Zone log.INFO: Credit warning SMS sent to customer 84fairways [] []
[2020-07-31 08:00:04] Credit Warning SMS Yellow Zone log.INFO: Sending credit warning SMS to customer 109fairways [] []
[2020-07-31 08:00:04] Credit Warning SMS Yellow Zone log.INFO: Credit warning SMS sent to customer 109fairways [] []
[2020-07-31 08:00:04] Credit Warning SMS Yellow Zone log.INFO: Sending credit warning SMS to customer 103fairways [] []
[2020-07-31 08:00:04] Credit Warning SMS Yellow Zone log.INFO: Credit warning SMS sent to customer 103fairways [] []
[2020-07-31 08:00:04] Credit Warning SMS Yellow Zone log.INFO: Sending credit warning SMS to customer 163fairways [] []
[2020-07-31 08:00:04] Credit Warning SMS Yellow Zone log.INFO: Credit warning SMS sent to customer 163fairways [] []
[2020-07-31 08:00:04] Credit Warning SMS Yellow Zone log.INFO: Sending credit warning SMS to customer 139fairways [] []
[2020-07-31 08:00:04] Credit Warning SMS Yellow Zone log.INFO: Credit warning SMS sent to customer 139fairways [] []
[2020-07-31 08:00:04] Credit Warning SMS Yellow Zone log.INFO: Sending credit warning SMS to customer 65fairways [] []
[2020-07-31 08:00:04] Credit Warning SMS Yellow Zone log.INFO: Credit warning SMS sent to customer 65fairways [] []
[2020-07-31 08:00:04] Credit Warning SMS Yellow Zone log.INFO: Sending credit warning SMS to customer h42fairways [] []
[2020-07-31 08:00:04] Credit Warning SMS Yellow Zone log.INFO: Credit warning SMS sent to customer h42fairways [] []
[2020-07-31 08:00:04] Credit Warning SMS Yellow Zone log.INFO: Sending credit warning SMS to customer 6herberthill [] []
[2020-07-31 08:00:04] Credit Warning SMS Yellow Zone log.INFO: Credit warning SMS sent to customer 6herberthill [] []
[2020-07-31 08:00:04] Credit Warning SMS Yellow Zone log.INFO: Sending credit warning SMS to customer 20herberthill [] []
[2020-07-31 08:00:04] Credit Warning SMS Yellow Zone log.INFO: Credit warning SMS sent to customer 20herberthill [] []
[2020-07-31 08:00:04] Credit Warning SMS Yellow Zone log.INFO: Sending credit warning SMS to customer 86herberthill [] []
[2020-07-31 08:00:04] Credit Warning SMS Yellow Zone log.INFO: Credit warning SMS sent to customer 86herberthill [] []
[2020-07-31 08:00:04] Credit Warning SMS Yellow Zone log.INFO: Sending credit warning SMS to customer 42herberthill [] []
[2020-07-31 08:00:04] Credit Warning SMS Yellow Zone log.INFO: Credit warning SMS sent to customer 42herberthill [] []
[2020-07-31 08:00:04] Credit Warning SMS Yellow Zone log.INFO: Sent Credit warning SMS to 71 customers! [] []
