[2021-01-01 08:00:02] Credit Warning SMS Yellow Zone log.INFO: Sending credit warning SMS to customer 12sundayswell [] []
[2021-01-01 08:00:02] Credit Warning SMS Yellow Zone log.INFO: Credit warning SMS sent to customer 12sundayswell [] []
[2021-01-01 08:00:02] Credit Warning SMS Yellow Zone log.INFO: Sending credit warning SMS to customer 3sundayswell [] []
[2021-01-01 08:00:02] Credit Warning SMS Yellow Zone log.INFO: Credit warning SMS sent to customer 3sundayswell [] []
[2021-01-01 08:00:02] Credit Warning SMS Yellow Zone log.INFO: Sending credit warning SMS to customer 7garryknock [] []
[2021-01-01 08:00:02] Credit Warning SMS Yellow Zone log.INFO: Credit warning SMS sent to customer 7garryknock [] []
[2021-01-01 08:00:02] Credit Warning SMS Yellow Zone log.INFO: Sending credit warning SMS to customer 21garryknock [] []
[2021-01-01 08:00:02] Credit Warning SMS Yellow Zone log.INFO: Credit warning SMS sent to customer 21garryknock [] []
[2021-01-01 08:00:02] Credit Warning SMS Yellow Zone log.INFO: Sending credit warning SMS to customer 11sundayswell [] []
[2021-01-01 08:00:02] Credit Warning SMS Yellow Zone log.INFO: Credit warning SMS sent to customer 11sundayswell [] []
[2021-01-01 08:00:02] Credit Warning SMS Yellow Zone log.INFO: Sending credit warning SMS to customer 27garryknock [] []
[2021-01-01 08:00:02] Credit Warning SMS Yellow Zone log.INFO: Credit warning SMS sent to customer 27garryknock [] []
[2021-01-01 08:00:02] Credit Warning SMS Yellow Zone log.INFO: Sending credit warning SMS to customer 1garryknock [] []
[2021-01-01 08:00:02] Credit Warning SMS Yellow Zone log.INFO: Credit warning SMS sent to customer 1garryknock [] []
[2021-01-01 08:00:02] Credit Warning SMS Yellow Zone log.INFO: Sending credit warning SMS to customer 39Emerald [] []
[2021-01-01 08:00:02] Credit Warning SMS Yellow Zone log.INFO: Credit warning SMS sent to customer 39Emerald [] []
[2021-01-01 08:00:02] Credit Warning SMS Yellow Zone log.INFO: Sending credit warning SMS to customer 33Emerald [] []
[2021-01-01 08:00:02] Credit Warning SMS Yellow Zone log.INFO: Credit warning SMS sent to customer 33Emerald [] []
[2021-01-01 08:00:02] Credit Warning SMS Yellow Zone log.INFO: Sending credit warning SMS to customer 45Emerald [] []
[2021-01-01 08:00:02] Credit Warning SMS Yellow Zone log.INFO: Credit warning SMS sent to customer 45Emerald [] []
[2021-01-01 08:00:02] Credit Warning SMS Yellow Zone log.INFO: Sending credit warning SMS to customer 40Emerald [] []
[2021-01-01 08:00:02] Credit Warning SMS Yellow Zone log.INFO: Credit warning SMS sent to customer 40Emerald [] []
[2021-01-01 08:00:02] Credit Warning SMS Yellow Zone log.INFO: Sending credit warning SMS to customer 46Emerald [] []
[2021-01-01 08:00:02] Credit Warning SMS Yellow Zone log.INFO: Credit warning SMS sent to customer 46Emerald [] []
[2021-01-01 08:00:02] Credit Warning SMS Yellow Zone log.INFO: Sending credit warning SMS to customer 10neptune [] []
[2021-01-01 08:00:02] Credit Warning SMS Yellow Zone log.INFO: Credit warning SMS sent to customer 10neptune [] []
[2021-01-01 08:00:02] Credit Warning SMS Yellow Zone log.INFO: Sending credit warning SMS to customer 177neptune [] []
[2021-01-01 08:00:03] Credit Warning SMS Yellow Zone log.INFO: Credit warning SMS sent to customer 177neptune [] []
[2021-01-01 08:00:03] Credit Warning SMS Yellow Zone log.INFO: Sending credit warning SMS to customer 124Neptune [] []
[2021-01-01 08:00:03] Credit Warning SMS Yellow Zone log.INFO: Credit warning SMS sent to customer 124Neptune [] []
[2021-01-01 08:00:03] Credit Warning SMS Yellow Zone log.INFO: Sending credit warning SMS to customer 108Neptune [] []
[2021-01-01 08:00:03] Credit Warning SMS Yellow Zone log.INFO: Credit warning SMS sent to customer 108Neptune [] []
[2021-01-01 08:00:03] Credit Warning SMS Yellow Zone log.INFO: Sending credit warning SMS to customer 140Neptune [] []
[2021-01-01 08:00:03] Credit Warning SMS Yellow Zone log.INFO: Credit warning SMS sent to customer 140Neptune [] []
[2021-01-01 08:00:03] Credit Warning SMS Yellow Zone log.INFO: Sending credit warning SMS to customer 92Neptune [] []
[2021-01-01 08:00:03] Credit Warning SMS Yellow Zone log.INFO: Credit warning SMS sent to customer 92Neptune [] []
[2021-01-01 08:00:03] Credit Warning SMS Yellow Zone log.INFO: Sending credit warning SMS to customer 23neptune [] []
[2021-01-01 08:00:03] Credit Warning SMS Yellow Zone log.INFO: Credit warning SMS sent to customer 23neptune [] []
[2021-01-01 08:00:03] Credit Warning SMS Yellow Zone log.INFO: Sending credit warning SMS to customer 25neptune [] []
[2021-01-01 08:00:03] Credit Warning SMS Yellow Zone log.INFO: Credit warning SMS sent to customer 25neptune [] []
[2021-01-01 08:00:03] Credit Warning SMS Yellow Zone log.INFO: Sending credit warning SMS to customer 170neptune [] []
[2021-01-01 08:00:03] Credit Warning SMS Yellow Zone log.INFO: Credit warning SMS sent to customer 170neptune [] []
[2021-01-01 08:00:03] Credit Warning SMS Yellow Zone log.INFO: Sending credit warning SMS to customer 2neptune [] []
[2021-01-01 08:00:03] Credit Warning SMS Yellow Zone log.INFO: Credit warning SMS sent to customer 2neptune [] []
[2021-01-01 08:00:03] Credit Warning SMS Yellow Zone log.INFO: Sending credit warning SMS to customer 73Neptune [] []
[2021-01-01 08:00:03] Credit Warning SMS Yellow Zone log.INFO: Credit warning SMS sent to customer 73Neptune [] []
[2021-01-01 08:00:03] Credit Warning SMS Yellow Zone log.INFO: Sending credit warning SMS to customer 15neptune [] []
[2021-01-01 08:00:03] Credit Warning SMS Yellow Zone log.INFO: Credit warning SMS sent to customer 15neptune [] []
[2021-01-01 08:00:03] Credit Warning SMS Yellow Zone log.INFO: Sending credit warning SMS to customer 189neptune [] []
[2021-01-01 08:00:03] Credit Warning SMS Yellow Zone log.INFO: Credit warning SMS sent to customer 189neptune [] []
[2021-01-01 08:00:03] Credit Warning SMS Yellow Zone log.INFO: Sending credit warning SMS to customer 38neptune [] []
[2021-01-01 08:00:03] Credit Warning SMS Yellow Zone log.INFO: Credit warning SMS sent to customer 38neptune [] []
[2021-01-01 08:00:03] Credit Warning SMS Yellow Zone log.INFO: Sending credit warning SMS to customer 87Neptune [] []
[2021-01-01 08:00:03] Credit Warning SMS Yellow Zone log.INFO: Credit warning SMS sent to customer 87Neptune [] []
[2021-01-01 08:00:03] Credit Warning SMS Yellow Zone log.INFO: Sending credit warning SMS to customer 20Abbott [] []
[2021-01-01 08:00:03] Credit Warning SMS Yellow Zone log.INFO: Credit warning SMS sent to customer 20Abbott [] []
[2021-01-01 08:00:03] Credit Warning SMS Yellow Zone log.INFO: Sending credit warning SMS to customer 3Abbott [] []
[2021-01-01 08:00:03] Credit Warning SMS Yellow Zone log.INFO: Credit warning SMS sent to customer 3Abbott [] []
[2021-01-01 08:00:03] Credit Warning SMS Yellow Zone log.INFO: Sending credit warning SMS to customer 10Abbott [] []
[2021-01-01 08:00:03] Credit Warning SMS Yellow Zone log.INFO: Credit warning SMS sent to customer 10Abbott [] []
[2021-01-01 08:00:03] Credit Warning SMS Yellow Zone log.INFO: Sending credit warning SMS to customer 12Abbott [] []
[2021-01-01 08:00:03] Credit Warning SMS Yellow Zone log.INFO: Credit warning SMS sent to customer 12Abbott [] []
[2021-01-01 08:00:03] Credit Warning SMS Yellow Zone log.INFO: Sending credit warning SMS to customer 17Abbott [] []
[2021-01-01 08:00:03] Credit Warning SMS Yellow Zone log.INFO: Credit warning SMS sent to customer 17Abbott [] []
[2021-01-01 08:00:03] Credit Warning SMS Yellow Zone log.INFO: Sending credit warning SMS to customer 28Abbott [] []
[2021-01-01 08:00:03] Credit Warning SMS Yellow Zone log.INFO: Credit warning SMS sent to customer 28Abbott [] []
[2021-01-01 08:00:03] Credit Warning SMS Yellow Zone log.INFO: Sending credit warning SMS to customer 13Abbott [] []
[2021-01-01 08:00:03] Credit Warning SMS Yellow Zone log.INFO: Credit warning SMS sent to customer 13Abbott [] []
[2021-01-01 08:00:03] Credit Warning SMS Yellow Zone log.INFO: Sending credit warning SMS to customer 59Abbott [] []
[2021-01-01 08:00:03] Credit Warning SMS Yellow Zone log.INFO: Credit warning SMS sent to customer 59Abbott [] []
[2021-01-01 08:00:03] Credit Warning SMS Yellow Zone log.INFO: Sending credit warning SMS to customer 82Abbott [] []
[2021-01-01 08:00:03] Credit Warning SMS Yellow Zone log.INFO: Credit warning SMS sent to customer 82Abbott [] []
[2021-01-01 08:00:03] Credit Warning SMS Yellow Zone log.INFO: Sending credit warning SMS to customer 84Abbott [] []
[2021-01-01 08:00:03] Credit Warning SMS Yellow Zone log.INFO: Credit warning SMS sent to customer 84Abbott [] []
[2021-01-01 08:00:03] Credit Warning SMS Yellow Zone log.INFO: Sending credit warning SMS to customer 69Abbott [] []
[2021-01-01 08:00:03] Credit Warning SMS Yellow Zone log.INFO: Credit warning SMS sent to customer 69Abbott [] []
[2021-01-01 08:00:03] Credit Warning SMS Yellow Zone log.INFO: Sending credit warning SMS to customer 91Abbott [] []
[2021-01-01 08:00:03] Credit Warning SMS Yellow Zone log.INFO: Credit warning SMS sent to customer 91Abbott [] []
[2021-01-01 08:00:03] Credit Warning SMS Yellow Zone log.INFO: Sending credit warning SMS to customer 71Abbott [] []
[2021-01-01 08:00:04] Credit Warning SMS Yellow Zone log.INFO: Credit warning SMS sent to customer 71Abbott [] []
[2021-01-01 08:00:04] Credit Warning SMS Yellow Zone log.INFO: Sending credit warning SMS to customer 100Abbott [] []
[2021-01-01 08:00:04] Credit Warning SMS Yellow Zone log.INFO: Credit warning SMS sent to customer 100Abbott [] []
[2021-01-01 08:00:04] Credit Warning SMS Yellow Zone log.INFO: Sending credit warning SMS to customer 106Abbott [] []
[2021-01-01 08:00:04] Credit Warning SMS Yellow Zone log.INFO: Credit warning SMS sent to customer 106Abbott [] []
[2021-01-01 08:00:04] Credit Warning SMS Yellow Zone log.INFO: Sending credit warning SMS to customer 119Abbott [] []
[2021-01-01 08:00:04] Credit Warning SMS Yellow Zone log.INFO: Credit warning SMS sent to customer 119Abbott [] []
[2021-01-01 08:00:04] Credit Warning SMS Yellow Zone log.INFO: Sending credit warning SMS to customer 98Abbott [] []
[2021-01-01 08:00:04] Credit Warning SMS Yellow Zone log.INFO: Credit warning SMS sent to customer 98Abbott [] []
[2021-01-01 08:00:04] Credit Warning SMS Yellow Zone log.INFO: Sending credit warning SMS to customer 95Abbott [] []
[2021-01-01 08:00:04] Credit Warning SMS Yellow Zone log.INFO: Credit warning SMS sent to customer 95Abbott [] []
[2021-01-01 08:00:04] Credit Warning SMS Yellow Zone log.INFO: Sending credit warning SMS to customer 4GreenBank [] []
[2021-01-01 08:00:04] Credit Warning SMS Yellow Zone log.INFO: Credit warning SMS sent to customer 4GreenBank [] []
[2021-01-01 08:00:04] Credit Warning SMS Yellow Zone log.INFO: Sending credit warning SMS to customer 139abbott [] []
[2021-01-01 08:00:04] Credit Warning SMS Yellow Zone log.INFO: Credit warning SMS sent to customer 139abbott [] []
[2021-01-01 08:00:04] Credit Warning SMS Yellow Zone log.INFO: Sending credit warning SMS to customer 187abbott [] []
[2021-01-01 08:00:04] Credit Warning SMS Yellow Zone log.INFO: Credit warning SMS sent to customer 187abbott [] []
[2021-01-01 08:00:04] Credit Warning SMS Yellow Zone log.INFO: Sending credit warning SMS to customer 184abbott [] []
[2021-01-01 08:00:04] Credit Warning SMS Yellow Zone log.INFO: Credit warning SMS sent to customer 184abbott [] []
[2021-01-01 08:00:04] Credit Warning SMS Yellow Zone log.INFO: Sending credit warning SMS to customer 21GreenBank [] []
[2021-01-01 08:00:04] Credit Warning SMS Yellow Zone log.INFO: Credit warning SMS sent to customer 21GreenBank [] []
[2021-01-01 08:00:04] Credit Warning SMS Yellow Zone log.INFO: Sending credit warning SMS to customer 16GreenBank [] []
[2021-01-01 08:00:04] Credit Warning SMS Yellow Zone log.INFO: Credit warning SMS sent to customer 16GreenBank [] []
[2021-01-01 08:00:04] Credit Warning SMS Yellow Zone log.INFO: Sending credit warning SMS to customer 188abbott [] []
[2021-01-01 08:00:04] Credit Warning SMS Yellow Zone log.INFO: Credit warning SMS sent to customer 188abbott [] []
[2021-01-01 08:00:04] Credit Warning SMS Yellow Zone log.INFO: Sending credit warning SMS to customer 131abbott [] []
[2021-01-01 08:00:04] Credit Warning SMS Yellow Zone log.INFO: Credit warning SMS sent to customer 131abbott [] []
[2021-01-01 08:00:04] Credit Warning SMS Yellow Zone log.INFO: Sending credit warning SMS to customer 127abbott [] []
[2021-01-01 08:00:04] Credit Warning SMS Yellow Zone log.INFO: Credit warning SMS sent to customer 127abbott [] []
[2021-01-01 08:00:04] Credit Warning SMS Yellow Zone log.INFO: Sending credit warning SMS to customer 84eustace [] []
[2021-01-01 08:00:04] Credit Warning SMS Yellow Zone log.INFO: Credit warning SMS sent to customer 84eustace [] []
[2021-01-01 08:00:04] Credit Warning SMS Yellow Zone log.INFO: Sending credit warning SMS to customer 74eustace [] []
[2021-01-01 08:00:04] Credit Warning SMS Yellow Zone log.INFO: Credit warning SMS sent to customer 74eustace [] []
[2021-01-01 08:00:04] Credit Warning SMS Yellow Zone log.INFO: Sending credit warning SMS to customer 67eustace [] []
[2021-01-01 08:00:04] Credit Warning SMS Yellow Zone log.INFO: Credit warning SMS sent to customer 67eustace [] []
[2021-01-01 08:00:04] Credit Warning SMS Yellow Zone log.INFO: Sending credit warning SMS to customer 91eustace [] []
[2021-01-01 08:00:04] Credit Warning SMS Yellow Zone log.INFO: Credit warning SMS sent to customer 91eustace [] []
[2021-01-01 08:00:04] Credit Warning SMS Yellow Zone log.INFO: Sending credit warning SMS to customer 146leona [] []
[2021-01-01 08:00:04] Credit Warning SMS Yellow Zone log.INFO: Credit warning SMS sent to customer 146leona [] []
[2021-01-01 08:00:04] Credit Warning SMS Yellow Zone log.INFO: Sending credit warning SMS to customer 14leona [] []
[2021-01-01 08:00:04] Credit Warning SMS Yellow Zone log.INFO: Credit warning SMS sent to customer 14leona [] []
[2021-01-01 08:00:04] Credit Warning SMS Yellow Zone log.INFO: Sending credit warning SMS to customer 135leona [] []
[2021-01-01 08:00:04] Credit Warning SMS Yellow Zone log.INFO: Credit warning SMS sent to customer 135leona [] []
[2021-01-01 08:00:04] Credit Warning SMS Yellow Zone log.INFO: Sending credit warning SMS to customer 120leona [] []
[2021-01-01 08:00:04] Credit Warning SMS Yellow Zone log.INFO: Credit warning SMS sent to customer 120leona [] []
[2021-01-01 08:00:04] Credit Warning SMS Yellow Zone log.INFO: Sending credit warning SMS to customer 38leona [] []
[2021-01-01 08:00:04] Credit Warning SMS Yellow Zone log.INFO: Credit warning SMS sent to customer 38leona [] []
[2021-01-01 08:00:04] Credit Warning SMS Yellow Zone log.INFO: Sending credit warning SMS to customer 61leona [] []
[2021-01-01 08:00:04] Credit Warning SMS Yellow Zone log.INFO: Credit warning SMS sent to customer 61leona [] []
[2021-01-01 08:00:04] Credit Warning SMS Yellow Zone log.INFO: Sending credit warning SMS to customer 39leona [] []
[2021-01-01 08:00:04] Credit Warning SMS Yellow Zone log.INFO: Credit warning SMS sent to customer 39leona [] []
[2021-01-01 08:00:04] Credit Warning SMS Yellow Zone log.INFO: Sending credit warning SMS to customer 47leona [] []
[2021-01-01 08:00:04] Credit Warning SMS Yellow Zone log.INFO: Credit warning SMS sent to customer 47leona [] []
[2021-01-01 08:00:04] Credit Warning SMS Yellow Zone log.INFO: Sending credit warning SMS to customer 52leona [] []
[2021-01-01 08:00:04] Credit Warning SMS Yellow Zone log.INFO: Credit warning SMS sent to customer 52leona [] []
[2021-01-01 08:00:04] Credit Warning SMS Yellow Zone log.INFO: Sending credit warning SMS to customer 144leona [] []
[2021-01-01 08:00:05] Credit Warning SMS Yellow Zone log.INFO: Credit warning SMS sent to customer 144leona [] []
[2021-01-01 08:00:05] Credit Warning SMS Yellow Zone log.INFO: Sending credit warning SMS to customer 118leona [] []
[2021-01-01 08:00:05] Credit Warning SMS Yellow Zone log.INFO: Credit warning SMS sent to customer 118leona [] []
[2021-01-01 08:00:05] Credit Warning SMS Yellow Zone log.INFO: Sending credit warning SMS to customer 46leona [] []
[2021-01-01 08:00:05] Credit Warning SMS Yellow Zone log.INFO: Credit warning SMS sent to customer 46leona [] []
[2021-01-01 08:00:05] Credit Warning SMS Yellow Zone log.INFO: Sending credit warning SMS to customer 122charlotte [] []
[2021-01-01 08:00:05] Credit Warning SMS Yellow Zone log.INFO: Credit warning SMS sent to customer 122charlotte [] []
[2021-01-01 08:00:05] Credit Warning SMS Yellow Zone log.INFO: Sending credit warning SMS to customer 34charlotte [] []
[2021-01-01 08:00:05] Credit Warning SMS Yellow Zone log.INFO: Credit warning SMS sent to customer 34charlotte [] []
[2021-01-01 08:00:05] Credit Warning SMS Yellow Zone log.INFO: Sending credit warning SMS to customer 82charlotte [] []
[2021-01-01 08:00:05] Credit Warning SMS Yellow Zone log.INFO: Credit warning SMS sent to customer 82charlotte [] []
[2021-01-01 08:00:05] Credit Warning SMS Yellow Zone log.INFO: Sending credit warning SMS to customer 83charlotte [] []
[2021-01-01 08:00:05] Credit Warning SMS Yellow Zone log.INFO: Credit warning SMS sent to customer 83charlotte [] []
[2021-01-01 08:00:05] Credit Warning SMS Yellow Zone log.INFO: Sending credit warning SMS to customer 140charlotte [] []
[2021-01-01 08:00:05] Credit Warning SMS Yellow Zone log.INFO: Credit warning SMS sent to customer 140charlotte [] []
[2021-01-01 08:00:05] Credit Warning SMS Yellow Zone log.INFO: Sending credit warning SMS to customer 96charlotte [] []
[2021-01-01 08:00:05] Credit Warning SMS Yellow Zone log.INFO: Credit warning SMS sent to customer 96charlotte [] []
[2021-01-01 08:00:05] Credit Warning SMS Yellow Zone log.INFO: Sending credit warning SMS to customer 14bridgefield [] []
[2021-01-01 08:00:05] Credit Warning SMS Yellow Zone log.INFO: Credit warning SMS sent to customer 14bridgefield [] []
[2021-01-01 08:00:05] Credit Warning SMS Yellow Zone log.INFO: Sending credit warning SMS to customer 3bridgefield [] []
[2021-01-01 08:00:05] Credit Warning SMS Yellow Zone log.INFO: Credit warning SMS sent to customer 3bridgefield [] []
[2021-01-01 08:00:05] Credit Warning SMS Yellow Zone log.INFO: Sending credit warning SMS to customer 9bridgefield [] []
[2021-01-01 08:00:05] Credit Warning SMS Yellow Zone log.INFO: Credit warning SMS sent to customer 9bridgefield [] []
[2021-01-01 08:00:05] Credit Warning SMS Yellow Zone log.INFO: Sending credit warning SMS to customer 71bridgefield [] []
[2021-01-01 08:00:05] Credit Warning SMS Yellow Zone log.INFO: Credit warning SMS sent to customer 71bridgefield [] []
[2021-01-01 08:00:05] Credit Warning SMS Yellow Zone log.INFO: Sending credit warning SMS to customer 36bridgefield [] []
[2021-01-01 08:00:05] Credit Warning SMS Yellow Zone log.INFO: Credit warning SMS sent to customer 36bridgefield [] []
[2021-01-01 08:00:05] Credit Warning SMS Yellow Zone log.INFO: Sending credit warning SMS to customer 56bridgefield [] []
[2021-01-01 08:00:05] Credit Warning SMS Yellow Zone log.INFO: Credit warning SMS sent to customer 56bridgefield [] []
[2021-01-01 08:00:05] Credit Warning SMS Yellow Zone log.INFO: Sending credit warning SMS to customer 185bridgefield [] []
[2021-01-01 08:00:05] Credit Warning SMS Yellow Zone log.INFO: Credit warning SMS sent to customer 185bridgefield [] []
[2021-01-01 08:00:05] Credit Warning SMS Yellow Zone log.INFO: Sending credit warning SMS to customer 51bridgefield [] []
[2021-01-01 08:00:05] Credit Warning SMS Yellow Zone log.INFO: Credit warning SMS sent to customer 51bridgefield [] []
[2021-01-01 08:00:05] Credit Warning SMS Yellow Zone log.INFO: Sending credit warning SMS to customer 150bridgefield [] []
[2021-01-01 08:00:05] Credit Warning SMS Yellow Zone log.INFO: Credit warning SMS sent to customer 150bridgefield [] []
[2021-01-01 08:00:05] Credit Warning SMS Yellow Zone log.INFO: Sending credit warning SMS to customer 186bridgefield [] []
[2021-01-01 08:00:05] Credit Warning SMS Yellow Zone log.INFO: Credit warning SMS sent to customer 186bridgefield [] []
[2021-01-01 08:00:05] Credit Warning SMS Yellow Zone log.INFO: Sending credit warning SMS to customer 168bridgefield [] []
[2021-01-01 08:00:05] Credit Warning SMS Yellow Zone log.INFO: Credit warning SMS sent to customer 168bridgefield [] []
[2021-01-01 08:00:05] Credit Warning SMS Yellow Zone log.INFO: Sending credit warning SMS to customer 170bridgefield [] []
[2021-01-01 08:00:05] Credit Warning SMS Yellow Zone log.INFO: Credit warning SMS sent to customer 170bridgefield [] []
[2021-01-01 08:00:05] Credit Warning SMS Yellow Zone log.INFO: Sending credit warning SMS to customer 126bridgefield [] []
[2021-01-01 08:00:05] Credit Warning SMS Yellow Zone log.INFO: Credit warning SMS sent to customer 126bridgefield [] []
[2021-01-01 08:00:05] Credit Warning SMS Yellow Zone log.INFO: Sending credit warning SMS to customer 157bridgefield [] []
[2021-01-01 08:00:05] Credit Warning SMS Yellow Zone log.INFO: Credit warning SMS sent to customer 157bridgefield [] []
[2021-01-01 08:00:05] Credit Warning SMS Yellow Zone log.INFO: Sending credit warning SMS to customer 108bridgefield [] []
[2021-01-01 08:00:05] Credit Warning SMS Yellow Zone log.INFO: Credit warning SMS sent to customer 108bridgefield [] []
[2021-01-01 08:00:05] Credit Warning SMS Yellow Zone log.INFO: Sending credit warning SMS to customer 140bridgefield [] []
[2021-01-01 08:00:05] Credit Warning SMS Yellow Zone log.INFO: Credit warning SMS sent to customer 140bridgefield [] []
[2021-01-01 08:00:05] Credit Warning SMS Yellow Zone log.INFO: Sending credit warning SMS to customer 129bridgefield [] []
[2021-01-01 08:00:05] Credit Warning SMS Yellow Zone log.INFO: Credit warning SMS sent to customer 129bridgefield [] []
[2021-01-01 08:00:05] Credit Warning SMS Yellow Zone log.INFO: Sending credit warning SMS to customer 137bridgefield [] []
[2021-01-01 08:00:05] Credit Warning SMS Yellow Zone log.INFO: Credit warning SMS sent to customer 137bridgefield [] []
[2021-01-01 08:00:05] Credit Warning SMS Yellow Zone log.INFO: Sending credit warning SMS to customer 212bridgefield [] []
[2021-01-01 08:00:05] Credit Warning SMS Yellow Zone log.INFO: Credit warning SMS sent to customer 212bridgefield [] []
[2021-01-01 08:00:05] Credit Warning SMS Yellow Zone log.INFO: Sending credit warning SMS to customer 193bridgefield [] []
[2021-01-01 08:00:06] Credit Warning SMS Yellow Zone log.INFO: Credit warning SMS sent to customer 193bridgefield [] []
[2021-01-01 08:00:06] Credit Warning SMS Yellow Zone log.INFO: Sending credit warning SMS to customer 32pappan [] []
[2021-01-01 08:00:06] Credit Warning SMS Yellow Zone log.INFO: Credit warning SMS sent to customer 32pappan [] []
[2021-01-01 08:00:06] Credit Warning SMS Yellow Zone log.INFO: Sending credit warning SMS to customer 16pappan [] []
[2021-01-01 08:00:06] Credit Warning SMS Yellow Zone log.INFO: Credit warning SMS sent to customer 16pappan [] []
[2021-01-01 08:00:06] Credit Warning SMS Yellow Zone log.INFO: Sending credit warning SMS to customer 83fairways [] []
[2021-01-01 08:00:06] Credit Warning SMS Yellow Zone log.INFO: Credit warning SMS sent to customer 83fairways [] []
[2021-01-01 08:00:06] Credit Warning SMS Yellow Zone log.INFO: Sending credit warning SMS to customer 132fairways [] []
[2021-01-01 08:00:06] Credit Warning SMS Yellow Zone log.INFO: Credit warning SMS sent to customer 132fairways [] []
[2021-01-01 08:00:06] Credit Warning SMS Yellow Zone log.INFO: Sending credit warning SMS to customer 149fairways [] []
[2021-01-01 08:00:06] Credit Warning SMS Yellow Zone log.INFO: Credit warning SMS sent to customer 149fairways [] []
[2021-01-01 08:00:06] Credit Warning SMS Yellow Zone log.INFO: Sending credit warning SMS to customer 141fairways [] []
[2021-01-01 08:00:06] Credit Warning SMS Yellow Zone log.INFO: Credit warning SMS sent to customer 141fairways [] []
[2021-01-01 08:00:06] Credit Warning SMS Yellow Zone log.INFO: Sending credit warning SMS to customer 142fairways [] []
[2021-01-01 08:00:06] Credit Warning SMS Yellow Zone log.INFO: Credit warning SMS sent to customer 142fairways [] []
[2021-01-01 08:00:06] Credit Warning SMS Yellow Zone log.INFO: Sending credit warning SMS to customer 143fairways [] []
[2021-01-01 08:00:06] Credit Warning SMS Yellow Zone log.INFO: Credit warning SMS sent to customer 143fairways [] []
[2021-01-01 08:00:06] Credit Warning SMS Yellow Zone log.INFO: Sending credit warning SMS to customer 152fairways [] []
[2021-01-01 08:00:06] Credit Warning SMS Yellow Zone log.INFO: Credit warning SMS sent to customer 152fairways [] []
[2021-01-01 08:00:06] Credit Warning SMS Yellow Zone log.INFO: Sending credit warning SMS to customer 6fairways [] []
[2021-01-01 08:00:06] Credit Warning SMS Yellow Zone log.INFO: Credit warning SMS sent to customer 6fairways [] []
[2021-01-01 08:00:06] Credit Warning SMS Yellow Zone log.INFO: Sending credit warning SMS to customer 12fairways [] []
[2021-01-01 08:00:06] Credit Warning SMS Yellow Zone log.INFO: Credit warning SMS sent to customer 12fairways [] []
[2021-01-01 08:00:06] Credit Warning SMS Yellow Zone log.INFO: Sending credit warning SMS to customer 7fairways [] []
[2021-01-01 08:00:06] Credit Warning SMS Yellow Zone log.INFO: Credit warning SMS sent to customer 7fairways [] []
[2021-01-01 08:00:06] Credit Warning SMS Yellow Zone log.INFO: Sending credit warning SMS to customer 3fairways [] []
[2021-01-01 08:00:06] Credit Warning SMS Yellow Zone log.INFO: Credit warning SMS sent to customer 3fairways [] []
[2021-01-01 08:00:06] Credit Warning SMS Yellow Zone log.INFO: Sending credit warning SMS to customer 38fairways [] []
[2021-01-01 08:00:06] Credit Warning SMS Yellow Zone log.INFO: Credit warning SMS sent to customer 38fairways [] []
[2021-01-01 08:00:06] Credit Warning SMS Yellow Zone log.INFO: Sending credit warning SMS to customer h23fairways [] []
[2021-01-01 08:00:06] Credit Warning SMS Yellow Zone log.INFO: Credit warning SMS sent to customer h23fairways [] []
[2021-01-01 08:00:06] Credit Warning SMS Yellow Zone log.INFO: Sending credit warning SMS to customer 100fairways [] []
[2021-01-01 08:00:06] Credit Warning SMS Yellow Zone log.INFO: Credit warning SMS sent to customer 100fairways [] []
[2021-01-01 08:00:06] Credit Warning SMS Yellow Zone log.INFO: Sending credit warning SMS to customer 73herberthill [] []
[2021-01-01 08:00:06] Credit Warning SMS Yellow Zone log.INFO: Credit warning SMS sent to customer 73herberthill [] []
[2021-01-01 08:00:06] Credit Warning SMS Yellow Zone log.INFO: Sending credit warning SMS to customer 29herberthill [] []
[2021-01-01 08:00:06] Credit Warning SMS Yellow Zone log.INFO: Credit warning SMS sent to customer 29herberthill [] []
[2021-01-01 08:00:06] Credit Warning SMS Yellow Zone log.INFO: Sending credit warning SMS to customer 27herberthill [] []
[2021-01-01 08:00:06] Credit Warning SMS Yellow Zone log.INFO: Credit warning SMS sent to customer 27herberthill [] []
[2021-01-01 08:00:06] Credit Warning SMS Yellow Zone log.INFO: Sending credit warning SMS to customer 3herberthill [] []
[2021-01-01 08:00:06] Credit Warning SMS Yellow Zone log.INFO: Credit warning SMS sent to customer 3herberthill [] []
[2021-01-01 08:00:06] Credit Warning SMS Yellow Zone log.INFO: Sending credit warning SMS to customer 79herberthill [] []
[2021-01-01 08:00:06] Credit Warning SMS Yellow Zone log.INFO: Credit warning SMS sent to customer 79herberthill [] []
[2021-01-01 08:00:06] Credit Warning SMS Yellow Zone log.INFO: Sending credit warning SMS to customer 70herberthill [] []
[2021-01-01 08:00:06] Credit Warning SMS Yellow Zone log.INFO: Credit warning SMS sent to customer 70herberthill [] []
[2021-01-01 08:00:06] Credit Warning SMS Yellow Zone log.INFO: Sending credit warning SMS to customer 62herberthill [] []
[2021-01-01 08:00:06] Credit Warning SMS Yellow Zone log.INFO: Credit warning SMS sent to customer 62herberthill [] []
[2021-01-01 08:00:06] Credit Warning SMS Yellow Zone log.INFO: Sending credit warning SMS to customer 22herberthill [] []
[2021-01-01 08:00:06] Credit Warning SMS Yellow Zone log.INFO: Credit warning SMS sent to customer 22herberthill [] []
[2021-01-01 08:00:07] Credit Warning SMS Yellow Zone log.INFO: Sending credit warning SMS to customer 37marina [] []
[2021-01-01 08:00:07] Credit Warning SMS Yellow Zone log.INFO: Credit warning SMS sent to customer 37marina [] []
[2021-01-01 08:00:07] Credit Warning SMS Yellow Zone log.INFO: Sending credit warning SMS to customer 92bracken [] []
[2021-01-01 08:00:07] Credit Warning SMS Yellow Zone log.INFO: Credit warning SMS sent to customer 92bracken [] []
[2021-01-01 08:00:07] Credit Warning SMS Yellow Zone log.INFO: Sending credit warning SMS to customer 96bracken [] []
[2021-01-01 08:00:07] Credit Warning SMS Yellow Zone log.INFO: Credit warning SMS sent to customer 96bracken [] []
[2021-01-01 08:00:07] Credit Warning SMS Yellow Zone log.INFO: Sending credit warning SMS to customer 4dorset [] []
[2021-01-01 08:00:07] Credit Warning SMS Yellow Zone log.INFO: Credit warning SMS sent to customer 4dorset [] []
[2021-01-01 08:00:07] Credit Warning SMS Yellow Zone log.INFO: Sending credit warning SMS to customer 5dorset [] []
[2021-01-01 08:00:07] Credit Warning SMS Yellow Zone log.INFO: Credit warning SMS sent to customer 5dorset [] []
[2021-01-01 08:00:07] Credit Warning SMS Yellow Zone log.INFO: Sending credit warning SMS to customer 6dorset [] []
[2021-01-01 08:00:07] Credit Warning SMS Yellow Zone log.INFO: Credit warning SMS sent to customer 6dorset [] []
[2021-01-01 08:00:07] Credit Warning SMS Yellow Zone log.INFO: Sending credit warning SMS to customer 8dorset [] []
[2021-01-01 08:00:07] Credit Warning SMS Yellow Zone log.INFO: Credit warning SMS sent to customer 8dorset [] []
[2021-01-01 08:00:07] Credit Warning SMS Yellow Zone log.INFO: Sent Credit warning SMS to 127 customers! [] []
