[2021-01-02 00:00:04] Processing Check Schemes.INFO: Running scheme status checker [2021-01-02 00:00:04]  [] []
[2021-01-02 00:00:59] Processing Check Schemes.INFO: Current Status: Offline :( [] []
[2021-01-02 00:01:00] Processing Check Schemes.INFO: Offline times consecutively: 3 [] []
[2021-01-02 00:01:01] Processing Check Schemes.INFO: Current Status: Online [] []
[2021-01-02 00:01:02] Processing Check Schemes.INFO: Current Status: Online [] []
[2021-01-02 00:01:42] Processing Check Schemes.INFO: Current Status: Online [] []
[2021-01-02 00:01:55] Processing Check Schemes.INFO: Current Status: Online [] []
[2021-01-02 00:02:06] Processing Check Schemes.INFO: Current Status: Online [] []
[2021-01-02 00:02:16] Processing Check Schemes.INFO: Current Status: Online [] []
[2021-01-02 00:02:23] Processing Check Schemes.INFO: Current Status: Online [] []
[2021-01-02 00:02:24] Processing Check Schemes.INFO: Current Status: Online [] []
[2021-01-02 00:02:25] Processing Check Schemes.INFO: Current Status: Online [] []
[2021-01-02 00:02:26] Processing Check Schemes.INFO: Current Status: Online [] []
[2021-01-02 00:02:27] Processing Check Schemes.INFO: Current Status: Online [] []
[2021-01-02 00:02:32] Processing Check Schemes.INFO: Current Status: Online [] []
[2021-01-02 00:02:38] Processing Check Schemes.INFO: Current Status: Online [] []
[2021-01-02 00:02:40] Processing Check Schemes.INFO: Current Status: Online [] []
[2021-01-02 00:02:45] Processing Check Schemes.INFO: Current Status: Online [] []
[2021-01-02 00:02:45] Processing Check Schemes.INFO: ----------------------------------------- [] []
[2021-01-02 00:02:45] Processing Check Schemes.INFO:    [] []
[2021-01-02 00:20:04] Processing Check Schemes.INFO: Running scheme status checker [2021-01-02 00:20:04]  [] []
[2021-01-02 00:20:59] Processing Check Schemes.INFO: Current Status: Offline :( [] []
[2021-01-02 00:20:59] Processing Check Schemes.INFO: Offline times consecutively: 4 [] []
[2021-01-02 00:21:01] Processing Check Schemes.INFO: Current Status: Online [] []
[2021-01-02 00:21:04] Processing Check Schemes.INFO: Current Status: Online [] []
[2021-01-02 00:21:15] Processing Check Schemes.INFO: Current Status: Online [] []
[2021-01-02 00:21:29] Processing Check Schemes.INFO: Current Status: Online [] []
[2021-01-02 00:21:41] Processing Check Schemes.INFO: Current Status: Online [] []
[2021-01-02 00:21:48] Processing Check Schemes.INFO: Current Status: Online [] []
[2021-01-02 00:21:55] Processing Check Schemes.INFO: Current Status: Online [] []
[2021-01-02 00:21:55] Processing Check Schemes.INFO: Current Status: Online [] []
[2021-01-02 00:21:56] Processing Check Schemes.INFO: Current Status: Online [] []
[2021-01-02 00:21:57] Processing Check Schemes.INFO: Current Status: Online [] []
[2021-01-02 00:21:58] Processing Check Schemes.INFO: Current Status: Online [] []
[2021-01-02 00:22:02] Processing Check Schemes.INFO: Current Status: Online [] []
[2021-01-02 00:22:08] Processing Check Schemes.INFO: Current Status: Online [] []
[2021-01-02 00:22:10] Processing Check Schemes.INFO: Current Status: Online [] []
[2021-01-02 00:22:15] Processing Check Schemes.INFO: Current Status: Online [] []
[2021-01-02 00:22:15] Processing Check Schemes.INFO: Non-reading hours: 8 [] []
[2021-01-02 00:22:15] Processing Check Schemes.INFO: ----------------------------------------- [] []
[2021-01-02 00:22:15] Processing Check Schemes.INFO:    [] []
[2021-01-02 00:40:05] Processing Check Schemes.INFO: Running scheme status checker [2021-01-02 00:40:05]  [] []
[2021-01-02 00:41:02] Processing Check Schemes.INFO: Current Status: Offline :( [] []
[2021-01-02 00:41:03] Processing Check Schemes.INFO: Offline times consecutively: 5 [] []
[2021-01-02 00:41:13] Processing Check Schemes.INFO: Sent reboot command.  [] []
[2021-01-02 00:41:15] Processing Check Schemes.INFO: Current Status: Online [] []
[2021-01-02 00:41:16] Processing Check Schemes.INFO: Current Status: Online [] []
[2021-01-02 00:41:35] Processing Check Schemes.INFO: Current Status: Online [] []
[2021-01-02 00:41:48] Processing Check Schemes.INFO: Current Status: Online [] []
[2021-01-02 00:42:01] Processing Check Schemes.INFO: Current Status: Online [] []
[2021-01-02 00:42:24] Processing Check Schemes.INFO: Current Status: Online [] []
[2021-01-02 00:42:32] Processing Check Schemes.INFO: Current Status: Online [] []
[2021-01-02 00:42:33] Processing Check Schemes.INFO: Current Status: Online [] []
[2021-01-02 00:42:34] Processing Check Schemes.INFO: Current Status: Online [] []
[2021-01-02 00:42:34] Processing Check Schemes.INFO: Current Status: Online [] []
[2021-01-02 00:42:35] Processing Check Schemes.INFO: Current Status: Online [] []
[2021-01-02 00:42:40] Processing Check Schemes.INFO: Current Status: Online [] []
[2021-01-02 00:42:45] Processing Check Schemes.INFO: Current Status: Online [] []
[2021-01-02 00:42:47] Processing Check Schemes.INFO: Current Status: Online [] []
[2021-01-02 00:42:53] Processing Check Schemes.INFO: Current Status: Online [] []
[2021-01-02 00:42:53] Processing Check Schemes.INFO: Non-reading hours: 8 [] []
[2021-01-02 00:42:53] Processing Check Schemes.INFO: ----------------------------------------- [] []
[2021-01-02 00:42:53] Processing Check Schemes.INFO:    [] []
[2021-01-02 01:00:05] Processing Check Schemes.INFO: Running scheme status checker [2021-01-02 01:00:05]  [] []
[2021-01-02 01:00:06] Processing Check Schemes.INFO: Current Status: Online [] []
[2021-01-02 01:00:08] Processing Check Schemes.INFO: Current Status: Online [] []
[2021-01-02 01:00:14] Processing Check Schemes.INFO: Current Status: Online [] []
[2021-01-02 01:00:20] Processing Check Schemes.INFO: Current Status: Online [] []
[2021-01-02 01:00:26] Processing Check Schemes.INFO: Current Status: Online [] []
[2021-01-02 01:00:33] Processing Check Schemes.INFO: Current Status: Online [] []
[2021-01-02 01:00:40] Processing Check Schemes.INFO: Current Status: Online [] []
[2021-01-02 01:00:41] Processing Check Schemes.INFO: Current Status: Online [] []
[2021-01-02 01:00:43] Processing Check Schemes.INFO: Current Status: Online [] []
[2021-01-02 01:00:43] Processing Check Schemes.INFO: Current Status: Online [] []
[2021-01-02 01:00:44] Processing Check Schemes.INFO: Current Status: Online [] []
[2021-01-02 01:00:52] Processing Check Schemes.INFO: Current Status: Online [] []
[2021-01-02 01:01:08] Processing Check Schemes.INFO: Current Status: Online [] []
[2021-01-02 01:01:11] Processing Check Schemes.INFO: Current Status: Online [] []
[2021-01-02 01:01:18] Processing Check Schemes.INFO: Current Status: Online [] []
[2021-01-02 01:01:18] Processing Check Schemes.INFO: Non-reading hours: 8 [] []
[2021-01-02 01:02:15] Processing Check Schemes.INFO: Current Status: Offline :( [] []
[2021-01-02 01:02:15] Processing Check Schemes.INFO: Offline times consecutively: 0 [] []
[2021-01-02 01:02:15] Processing Check Schemes.INFO: ----------------------------------------- [] []
[2021-01-02 01:02:15] Processing Check Schemes.INFO:    [] []
[2021-01-02 01:20:04] Processing Check Schemes.INFO: Running scheme status checker [2021-01-02 01:20:04]  [] []
[2021-01-02 01:20:58] Processing Check Schemes.INFO: Current Status: Offline :( [] []
[2021-01-02 01:20:58] Processing Check Schemes.INFO: Offline times consecutively: 1 [] []
[2021-01-02 01:20:59] Processing Check Schemes.INFO: Current Status: Online [] []
[2021-01-02 01:21:01] Processing Check Schemes.INFO: Current Status: Online [] []
[2021-01-02 01:21:14] Processing Check Schemes.INFO: Current Status: Online [] []
[2021-01-02 01:21:26] Processing Check Schemes.INFO: Current Status: Online [] []
[2021-01-02 01:21:48] Processing Check Schemes.INFO: Current Status: Online [] []
[2021-01-02 01:21:58] Processing Check Schemes.INFO: Current Status: Online [] []
[2021-01-02 01:22:06] Processing Check Schemes.INFO: Current Status: Online [] []
[2021-01-02 01:22:07] Processing Check Schemes.INFO: Current Status: Online [] []
[2021-01-02 01:22:08] Processing Check Schemes.INFO: Current Status: Online [] []
[2021-01-02 01:22:09] Processing Check Schemes.INFO: Current Status: Online [] []
[2021-01-02 01:22:10] Processing Check Schemes.INFO: Current Status: Online [] []
[2021-01-02 01:22:15] Processing Check Schemes.INFO: Current Status: Online [] []
[2021-01-02 01:22:21] Processing Check Schemes.INFO: Current Status: Online [] []
[2021-01-02 01:22:22] Processing Check Schemes.INFO: Current Status: Online [] []
[2021-01-02 01:22:28] Processing Check Schemes.INFO: Current Status: Online [] []
[2021-01-02 01:22:28] Processing Check Schemes.INFO: Non-reading hours: 9 [] []
[2021-01-02 01:22:28] Processing Check Schemes.INFO: ----------------------------------------- [] []
[2021-01-02 01:22:28] Processing Check Schemes.INFO:    [] []
[2021-01-02 01:40:05] Processing Check Schemes.INFO: Running scheme status checker [2021-01-02 01:40:05]  [] []
[2021-01-02 01:41:01] Processing Check Schemes.INFO: Current Status: Offline :( [] []
[2021-01-02 01:41:02] Processing Check Schemes.INFO: Offline times consecutively: 2 [] []
[2021-01-02 01:41:03] Processing Check Schemes.INFO: Current Status: Online [] []
[2021-01-02 01:41:04] Processing Check Schemes.INFO: Current Status: Online [] []
[2021-01-02 01:41:23] Processing Check Schemes.INFO: Current Status: Online [] []
[2021-01-02 01:41:38] Processing Check Schemes.INFO: Current Status: Online [] []
[2021-01-02 01:41:52] Processing Check Schemes.INFO: Current Status: Online [] []
[2021-01-02 01:42:03] Processing Check Schemes.INFO: Current Status: Online [] []
[2021-01-02 01:42:15] Processing Check Schemes.INFO: Current Status: Online [] []
[2021-01-02 01:42:16] Processing Check Schemes.INFO: Current Status: Online [] []
[2021-01-02 01:42:17] Processing Check Schemes.INFO: Current Status: Online [] []
[2021-01-02 01:42:17] Processing Check Schemes.INFO: Current Status: Online [] []
[2021-01-02 01:42:18] Processing Check Schemes.INFO: Current Status: Online [] []
[2021-01-02 01:42:26] Processing Check Schemes.INFO: Current Status: Online [] []
[2021-01-02 01:42:33] Processing Check Schemes.INFO: Current Status: Online [] []
[2021-01-02 01:42:35] Processing Check Schemes.INFO: Current Status: Online [] []
[2021-01-02 01:42:41] Processing Check Schemes.INFO: Current Status: Online [] []
[2021-01-02 01:42:41] Processing Check Schemes.INFO: Non-reading hours: 9 [] []
[2021-01-02 01:42:41] Processing Check Schemes.INFO: ----------------------------------------- [] []
[2021-01-02 01:42:41] Processing Check Schemes.INFO:    [] []
[2021-01-02 02:00:06] Processing Check Schemes.INFO: Running scheme status checker [2021-01-02 02:00:06]  [] []
[2021-01-02 02:01:02] Processing Check Schemes.INFO: Current Status: Offline :( [] []
[2021-01-02 02:01:02] Processing Check Schemes.INFO: Offline times consecutively: 3 [] []
[2021-01-02 02:01:03] Processing Check Schemes.INFO: Current Status: Online [] []
[2021-01-02 02:01:05] Processing Check Schemes.INFO: Current Status: Online [] []
[2021-01-02 02:01:28] Processing Check Schemes.INFO: Current Status: Online [] []
[2021-01-02 02:01:44] Processing Check Schemes.INFO: Current Status: Online [] []
[2021-01-02 02:02:01] Processing Check Schemes.INFO: Current Status: Online [] []
[2021-01-02 02:02:17] Processing Check Schemes.INFO: Current Status: Online [] []
[2021-01-02 02:02:27] Processing Check Schemes.INFO: Current Status: Online [] []
[2021-01-02 02:02:28] Processing Check Schemes.INFO: Current Status: Online [] []
[2021-01-02 02:02:29] Processing Check Schemes.INFO: Current Status: Online [] []
[2021-01-02 02:02:29] Processing Check Schemes.INFO: Current Status: Online [] []
[2021-01-02 02:02:30] Processing Check Schemes.INFO: Current Status: Online [] []
[2021-01-02 02:02:35] Processing Check Schemes.INFO: Current Status: Online [] []
[2021-01-02 02:02:41] Processing Check Schemes.INFO: Current Status: Online [] []
[2021-01-02 02:02:43] Processing Check Schemes.INFO: Current Status: Online [] []
[2021-01-02 02:02:49] Processing Check Schemes.INFO: Current Status: Online [] []
[2021-01-02 02:02:49] Processing Check Schemes.INFO: Non-reading hours: 10 [] []
[2021-01-02 02:02:49] Processing Check Schemes.INFO: ----------------------------------------- [] []
[2021-01-02 02:02:49] Processing Check Schemes.INFO:    [] []
[2021-01-02 02:20:06] Processing Check Schemes.INFO: Running scheme status checker [2021-01-02 02:20:06]  [] []
[2021-01-02 02:21:00] Processing Check Schemes.INFO: Current Status: Offline :( [] []
[2021-01-02 02:21:00] Processing Check Schemes.INFO: Offline times consecutively: 4 [] []
[2021-01-02 02:21:02] Processing Check Schemes.INFO: Current Status: Online [] []
[2021-01-02 02:21:03] Processing Check Schemes.INFO: Current Status: Online [] []
[2021-01-02 02:21:14] Processing Check Schemes.INFO: Current Status: Online [] []
[2021-01-02 02:21:20] Processing Check Schemes.INFO: Current Status: Online [] []
[2021-01-02 02:21:25] Processing Check Schemes.INFO: Current Status: Online [] []
[2021-01-02 02:21:31] Processing Check Schemes.INFO: Current Status: Online [] []
[2021-01-02 02:21:37] Processing Check Schemes.INFO: Current Status: Online [] []
[2021-01-02 02:21:39] Processing Check Schemes.INFO: Current Status: Online [] []
[2021-01-02 02:21:39] Processing Check Schemes.INFO: Current Status: Online [] []
[2021-01-02 02:21:40] Processing Check Schemes.INFO: Current Status: Online [] []
[2021-01-02 02:21:41] Processing Check Schemes.INFO: Current Status: Online [] []
[2021-01-02 02:21:46] Processing Check Schemes.INFO: Current Status: Online [] []
[2021-01-02 02:21:52] Processing Check Schemes.INFO: Current Status: Online [] []
[2021-01-02 02:21:53] Processing Check Schemes.INFO: Current Status: Online [] []
[2021-01-02 02:21:59] Processing Check Schemes.INFO: Current Status: Online [] []
[2021-01-02 02:21:59] Processing Check Schemes.INFO: ----------------------------------------- [] []
[2021-01-02 02:21:59] Processing Check Schemes.INFO:    [] []
[2021-01-02 02:40:04] Processing Check Schemes.INFO: Running scheme status checker [2021-01-02 02:40:04]  [] []
[2021-01-02 02:40:59] Processing Check Schemes.INFO: Current Status: Offline :( [] []
[2021-01-02 02:40:59] Processing Check Schemes.INFO: Offline times consecutively: 5 [] []
[2021-01-02 02:41:10] Processing Check Schemes.INFO: Sent reboot command.  [] []
[2021-01-02 02:41:12] Processing Check Schemes.INFO: Current Status: Online [] []
[2021-01-02 02:41:13] Processing Check Schemes.INFO: Current Status: Online [] []
[2021-01-02 02:41:19] Processing Check Schemes.INFO: Current Status: Online [] []
[2021-01-02 02:41:26] Processing Check Schemes.INFO: Current Status: Online [] []
[2021-01-02 02:41:32] Processing Check Schemes.INFO: Current Status: Online [] []
[2021-01-02 02:41:38] Processing Check Schemes.INFO: Current Status: Online [] []
[2021-01-02 02:41:44] Processing Check Schemes.INFO: Current Status: Online [] []
[2021-01-02 02:41:46] Processing Check Schemes.INFO: Current Status: Online [] []
[2021-01-02 02:41:46] Processing Check Schemes.INFO: Current Status: Online [] []
[2021-01-02 02:41:47] Processing Check Schemes.INFO: Current Status: Online [] []
[2021-01-02 02:41:48] Processing Check Schemes.INFO: Current Status: Online [] []
[2021-01-02 02:41:53] Processing Check Schemes.INFO: Current Status: Online [] []
[2021-01-02 02:41:59] Processing Check Schemes.INFO: Current Status: Online [] []
[2021-01-02 02:42:01] Processing Check Schemes.INFO: Current Status: Online [] []
[2021-01-02 02:42:07] Processing Check Schemes.INFO: Current Status: Online [] []
[2021-01-02 02:42:07] Processing Check Schemes.INFO: ----------------------------------------- [] []
[2021-01-02 02:42:07] Processing Check Schemes.INFO:    [] []
[2021-01-02 03:00:05] Processing Check Schemes.INFO: Running scheme status checker [2021-01-02 03:00:05]  [] []
[2021-01-02 03:00:06] Processing Check Schemes.INFO: Current Status: Online [] []
[2021-01-02 03:00:08] Processing Check Schemes.INFO: Current Status: Online [] []
[2021-01-02 03:00:14] Processing Check Schemes.INFO: Current Status: Online [] []
[2021-01-02 03:00:20] Processing Check Schemes.INFO: Current Status: Online [] []
[2021-01-02 03:00:25] Processing Check Schemes.INFO: Current Status: Online [] []
[2021-01-02 03:00:33] Processing Check Schemes.INFO: Current Status: Online [] []
[2021-01-02 03:00:45] Processing Check Schemes.INFO: Current Status: Online [] []
[2021-01-02 03:00:46] Processing Check Schemes.INFO: Current Status: Online [] []
[2021-01-02 03:00:48] Processing Check Schemes.INFO: Current Status: Online [] []
[2021-01-02 03:00:48] Processing Check Schemes.INFO: Current Status: Online [] []
[2021-01-02 03:00:50] Processing Check Schemes.INFO: Current Status: Online [] []
[2021-01-02 03:01:05] Processing Check Schemes.INFO: Current Status: Online [] []
[2021-01-02 03:01:21] Processing Check Schemes.INFO: Current Status: Online [] []
[2021-01-02 03:01:23] Processing Check Schemes.INFO: Current Status: Online [] []
[2021-01-02 03:01:38] Processing Check Schemes.INFO: Current Status: Online [] []
[2021-01-02 03:03:01] Processing Check Schemes.INFO: Current Status: Offline :( [] []
[2021-01-02 03:03:01] Processing Check Schemes.INFO: Offline times consecutively: 0 [] []
[2021-01-02 03:03:01] Processing Check Schemes.INFO: ----------------------------------------- [] []
[2021-01-02 03:03:01] Processing Check Schemes.INFO:    [] []
[2021-01-02 03:20:04] Processing Check Schemes.INFO: Running scheme status checker [2021-01-02 03:20:04]  [] []
[2021-01-02 03:20:59] Processing Check Schemes.INFO: Current Status: Offline :( [] []
[2021-01-02 03:20:59] Processing Check Schemes.INFO: Offline times consecutively: 1 [] []
[2021-01-02 03:21:00] Processing Check Schemes.INFO: Current Status: Online [] []
[2021-01-02 03:21:01] Processing Check Schemes.INFO: Current Status: Online [] []
[2021-01-02 03:21:08] Processing Check Schemes.INFO: Current Status: Online [] []
[2021-01-02 03:21:15] Processing Check Schemes.INFO: Current Status: Online [] []
[2021-01-02 03:21:21] Processing Check Schemes.INFO: Current Status: Online [] []
[2021-01-02 03:21:27] Processing Check Schemes.INFO: Current Status: Online [] []
[2021-01-02 03:21:33] Processing Check Schemes.INFO: Current Status: Online [] []
[2021-01-02 03:21:34] Processing Check Schemes.INFO: Current Status: Online [] []
[2021-01-02 03:21:35] Processing Check Schemes.INFO: Current Status: Online [] []
[2021-01-02 03:21:36] Processing Check Schemes.INFO: Current Status: Online [] []
[2021-01-02 03:21:36] Processing Check Schemes.INFO: Current Status: Online [] []
[2021-01-02 03:21:41] Processing Check Schemes.INFO: Current Status: Online [] []
[2021-01-02 03:21:47] Processing Check Schemes.INFO: Current Status: Online [] []
[2021-01-02 03:21:49] Processing Check Schemes.INFO: Current Status: Online [] []
[2021-01-02 03:21:53] Processing Check Schemes.INFO: Current Status: Online [] []
[2021-01-02 03:21:53] Processing Check Schemes.INFO: ----------------------------------------- [] []
[2021-01-02 03:21:53] Processing Check Schemes.INFO:    [] []
[2021-01-02 03:40:05] Processing Check Schemes.INFO: Running scheme status checker [2021-01-02 03:40:05]  [] []
[2021-01-02 03:40:59] Processing Check Schemes.INFO: Current Status: Offline :( [] []
[2021-01-02 03:40:59] Processing Check Schemes.INFO: Offline times consecutively: 2 [] []
[2021-01-02 03:41:01] Processing Check Schemes.INFO: Current Status: Online [] []
[2021-01-02 03:41:03] Processing Check Schemes.INFO: Current Status: Online [] []
[2021-01-02 03:41:17] Processing Check Schemes.INFO: Current Status: Online [] []
[2021-01-02 03:41:33] Processing Check Schemes.INFO: Current Status: Online [] []
[2021-01-02 03:41:43] Processing Check Schemes.INFO: Current Status: Online [] []
[2021-01-02 03:41:54] Processing Check Schemes.INFO: Current Status: Online [] []
[2021-01-02 03:42:08] Processing Check Schemes.INFO: Current Status: Online [] []
[2021-01-02 03:42:09] Processing Check Schemes.INFO: Current Status: Online [] []
[2021-01-02 03:42:10] Processing Check Schemes.INFO: Current Status: Online [] []
[2021-01-02 03:42:11] Processing Check Schemes.INFO: Current Status: Online [] []
[2021-01-02 03:42:12] Processing Check Schemes.INFO: Current Status: Online [] []
[2021-01-02 03:42:22] Processing Check Schemes.INFO: Current Status: Online [] []
[2021-01-02 03:42:28] Processing Check Schemes.INFO: Current Status: Online [] []
[2021-01-02 03:42:30] Processing Check Schemes.INFO: Current Status: Online [] []
[2021-01-02 03:42:36] Processing Check Schemes.INFO: Current Status: Online [] []
[2021-01-02 03:42:36] Processing Check Schemes.INFO: ----------------------------------------- [] []
[2021-01-02 03:42:36] Processing Check Schemes.INFO:    [] []
[2021-01-02 04:00:05] Processing Check Schemes.INFO: Running scheme status checker [2021-01-02 04:00:05]  [] []
[2021-01-02 04:01:00] Processing Check Schemes.INFO: Current Status: Offline :( [] []
[2021-01-02 04:01:00] Processing Check Schemes.INFO: Offline times consecutively: 3 [] []
[2021-01-02 04:01:01] Processing Check Schemes.INFO: Current Status: Online [] []
[2021-01-02 04:01:03] Processing Check Schemes.INFO: Current Status: Online [] []
[2021-01-02 04:01:15] Processing Check Schemes.INFO: Current Status: Online [] []
[2021-01-02 04:01:24] Processing Check Schemes.INFO: Current Status: Online [] []
[2021-01-02 04:01:29] Processing Check Schemes.INFO: Current Status: Online [] []
[2021-01-02 04:01:34] Processing Check Schemes.INFO: Current Status: Online [] []
[2021-01-02 04:01:39] Processing Check Schemes.INFO: Current Status: Online [] []
[2021-01-02 04:01:39] Processing Check Schemes.INFO: Current Status: Online [] []
[2021-01-02 04:01:40] Processing Check Schemes.INFO: Current Status: Online [] []
[2021-01-02 04:01:40] Processing Check Schemes.INFO: Current Status: Online [] []
[2021-01-02 04:01:41] Processing Check Schemes.INFO: Current Status: Online [] []
[2021-01-02 04:01:45] Processing Check Schemes.INFO: Current Status: Online [] []
[2021-01-02 04:01:50] Processing Check Schemes.INFO: Current Status: Online [] []
[2021-01-02 04:01:53] Processing Check Schemes.INFO: Current Status: Online [] []
[2021-01-02 04:01:57] Processing Check Schemes.INFO: Current Status: Online [] []
[2021-01-02 04:01:57] Processing Check Schemes.INFO: ----------------------------------------- [] []
[2021-01-02 04:01:57] Processing Check Schemes.INFO:    [] []
[2021-01-02 04:20:04] Processing Check Schemes.INFO: Running scheme status checker [2021-01-02 04:20:04]  [] []
[2021-01-02 04:20:59] Processing Check Schemes.INFO: Current Status: Offline :( [] []
[2021-01-02 04:21:00] Processing Check Schemes.INFO: Offline times consecutively: 4 [] []
[2021-01-02 04:21:02] Processing Check Schemes.INFO: Current Status: Online [] []
[2021-01-02 04:21:03] Processing Check Schemes.INFO: Current Status: Online [] []
[2021-01-02 04:21:25] Processing Check Schemes.INFO: Current Status: Online [] []
[2021-01-02 04:21:41] Processing Check Schemes.INFO: Current Status: Online [] []
[2021-01-02 04:22:05] Processing Check Schemes.INFO: Current Status: Online [] []
[2021-01-02 04:22:23] Processing Check Schemes.INFO: Current Status: Online [] []
[2021-01-02 04:22:33] Processing Check Schemes.INFO: Current Status: Online [] []
[2021-01-02 04:22:34] Processing Check Schemes.INFO: Current Status: Online [] []
[2021-01-02 04:22:35] Processing Check Schemes.INFO: Current Status: Online [] []
[2021-01-02 04:22:36] Processing Check Schemes.INFO: Current Status: Online [] []
[2021-01-02 04:22:37] Processing Check Schemes.INFO: Current Status: Online [] []
[2021-01-02 04:22:43] Processing Check Schemes.INFO: Current Status: Online [] []
[2021-01-02 04:22:49] Processing Check Schemes.INFO: Current Status: Online [] []
[2021-01-02 04:22:51] Processing Check Schemes.INFO: Current Status: Online [] []
[2021-01-02 04:22:56] Processing Check Schemes.INFO: Current Status: Online [] []
[2021-01-02 04:22:56] Processing Check Schemes.INFO: ----------------------------------------- [] []
[2021-01-02 04:22:56] Processing Check Schemes.INFO:    [] []
[2021-01-02 04:40:05] Processing Check Schemes.INFO: Running scheme status checker [2021-01-02 04:40:05]  [] []
[2021-01-02 04:41:00] Processing Check Schemes.INFO: Current Status: Offline :( [] []
[2021-01-02 04:41:00] Processing Check Schemes.INFO: Offline times consecutively: 5 [] []
[2021-01-02 04:41:11] Processing Check Schemes.INFO: Sent reboot command.  [] []
[2021-01-02 04:41:13] Processing Check Schemes.INFO: Current Status: Online [] []
[2021-01-02 04:41:14] Processing Check Schemes.INFO: Current Status: Online [] []
[2021-01-02 04:41:28] Processing Check Schemes.INFO: Current Status: Online [] []
[2021-01-02 04:41:43] Processing Check Schemes.INFO: Current Status: Online [] []
[2021-01-02 04:41:54] Processing Check Schemes.INFO: Current Status: Online [] []
[2021-01-02 04:42:03] Processing Check Schemes.INFO: Current Status: Online [] []
[2021-01-02 04:42:10] Processing Check Schemes.INFO: Current Status: Online [] []
[2021-01-02 04:42:11] Processing Check Schemes.INFO: Current Status: Online [] []
[2021-01-02 04:42:12] Processing Check Schemes.INFO: Current Status: Online [] []
[2021-01-02 04:42:13] Processing Check Schemes.INFO: Current Status: Online [] []
[2021-01-02 04:42:13] Processing Check Schemes.INFO: Current Status: Online [] []
[2021-01-02 04:42:18] Processing Check Schemes.INFO: Current Status: Online [] []
[2021-01-02 04:42:24] Processing Check Schemes.INFO: Current Status: Online [] []
[2021-01-02 04:42:26] Processing Check Schemes.INFO: Current Status: Online [] []
[2021-01-02 04:42:31] Processing Check Schemes.INFO: Current Status: Online [] []
[2021-01-02 04:42:31] Processing Check Schemes.INFO: ----------------------------------------- [] []
[2021-01-02 04:42:31] Processing Check Schemes.INFO:    [] []
[2021-01-02 05:00:06] Processing Check Schemes.INFO: Running scheme status checker [2021-01-02 05:00:06]  [] []
[2021-01-02 05:00:07] Processing Check Schemes.INFO: Current Status: Online [] []
[2021-01-02 05:00:09] Processing Check Schemes.INFO: Current Status: Online [] []
[2021-01-02 05:00:15] Processing Check Schemes.INFO: Current Status: Online [] []
[2021-01-02 05:00:22] Processing Check Schemes.INFO: Current Status: Online [] []
[2021-01-02 05:00:28] Processing Check Schemes.INFO: Current Status: Online [] []
[2021-01-02 05:00:35] Processing Check Schemes.INFO: Current Status: Online [] []
[2021-01-02 05:00:42] Processing Check Schemes.INFO: Current Status: Online [] []
[2021-01-02 05:00:44] Processing Check Schemes.INFO: Current Status: Online [] []
[2021-01-02 05:00:44] Processing Check Schemes.INFO: Current Status: Online [] []
[2021-01-02 05:00:45] Processing Check Schemes.INFO: Current Status: Online [] []
[2021-01-02 05:00:46] Processing Check Schemes.INFO: Current Status: Online [] []
[2021-01-02 05:00:56] Processing Check Schemes.INFO: Current Status: Online [] []
[2021-01-02 05:01:11] Processing Check Schemes.INFO: Current Status: Online [] []
[2021-01-02 05:01:12] Processing Check Schemes.INFO: Current Status: Online [] []
[2021-01-02 05:01:32] Processing Check Schemes.INFO: Current Status: Online [] []
[2021-01-02 05:02:26] Processing Check Schemes.INFO: Current Status: Offline :( [] []
[2021-01-02 05:02:27] Processing Check Schemes.INFO: Offline times consecutively: 0 [] []
[2021-01-02 05:02:27] Processing Check Schemes.INFO: ----------------------------------------- [] []
[2021-01-02 05:02:27] Processing Check Schemes.INFO:    [] []
[2021-01-02 05:20:04] Processing Check Schemes.INFO: Running scheme status checker [2021-01-02 05:20:04]  [] []
[2021-01-02 05:21:00] Processing Check Schemes.INFO: Current Status: Offline :( [] []
[2021-01-02 05:21:00] Processing Check Schemes.INFO: Offline times consecutively: 1 [] []
[2021-01-02 05:21:02] Processing Check Schemes.INFO: Current Status: Online [] []
[2021-01-02 05:21:04] Processing Check Schemes.INFO: Current Status: Online [] []
[2021-01-02 05:21:22] Processing Check Schemes.INFO: Current Status: Online [] []
[2021-01-02 05:21:35] Processing Check Schemes.INFO: Current Status: Online [] []
[2021-01-02 05:21:54] Processing Check Schemes.INFO: Current Status: Online [] []
[2021-01-02 05:22:23] Processing Check Schemes.INFO: Current Status: Online [] []
[2021-01-02 05:22:34] Processing Check Schemes.INFO: Current Status: Online [] []
[2021-01-02 05:22:36] Processing Check Schemes.INFO: Current Status: Online [] []
[2021-01-02 05:22:36] Processing Check Schemes.INFO: Current Status: Online [] []
[2021-01-02 05:22:37] Processing Check Schemes.INFO: Current Status: Online [] []
[2021-01-02 05:22:38] Processing Check Schemes.INFO: Current Status: Online [] []
[2021-01-02 05:22:46] Processing Check Schemes.INFO: Current Status: Online [] []
[2021-01-02 05:22:52] Processing Check Schemes.INFO: Current Status: Online [] []
[2021-01-02 05:22:53] Processing Check Schemes.INFO: Current Status: Online [] []
[2021-01-02 05:22:59] Processing Check Schemes.INFO: Current Status: Online [] []
[2021-01-02 05:23:00] Processing Check Schemes.INFO: ----------------------------------------- [] []
[2021-01-02 05:23:00] Processing Check Schemes.INFO:    [] []
[2021-01-02 05:40:04] Processing Check Schemes.INFO: Running scheme status checker [2021-01-02 05:40:04]  [] []
[2021-01-02 05:40:58] Processing Check Schemes.INFO: Current Status: Offline :( [] []
[2021-01-02 05:40:58] Processing Check Schemes.INFO: Offline times consecutively: 2 [] []
[2021-01-02 05:41:00] Processing Check Schemes.INFO: Current Status: Online [] []
[2021-01-02 05:41:02] Processing Check Schemes.INFO: Current Status: Online [] []
[2021-01-02 05:41:12] Processing Check Schemes.INFO: Current Status: Online [] []
[2021-01-02 05:41:19] Processing Check Schemes.INFO: Current Status: Online [] []
[2021-01-02 05:41:24] Processing Check Schemes.INFO: Current Status: Online [] []
[2021-01-02 05:41:30] Processing Check Schemes.INFO: Current Status: Online [] []
[2021-01-02 05:41:36] Processing Check Schemes.INFO: Current Status: Online [] []
[2021-01-02 05:41:37] Processing Check Schemes.INFO: Current Status: Online [] []
[2021-01-02 05:41:38] Processing Check Schemes.INFO: Current Status: Online [] []
[2021-01-02 05:41:39] Processing Check Schemes.INFO: Current Status: Online [] []
[2021-01-02 05:41:40] Processing Check Schemes.INFO: Current Status: Online [] []
[2021-01-02 05:41:44] Processing Check Schemes.INFO: Current Status: Online [] []
[2021-01-02 05:41:50] Processing Check Schemes.INFO: Current Status: Online [] []
[2021-01-02 05:41:51] Processing Check Schemes.INFO: Current Status: Online [] []
[2021-01-02 05:41:56] Processing Check Schemes.INFO: Current Status: Online [] []
[2021-01-02 05:41:56] Processing Check Schemes.INFO: ----------------------------------------- [] []
[2021-01-02 05:41:56] Processing Check Schemes.INFO:    [] []
[2021-01-02 06:00:05] Processing Check Schemes.INFO: Running scheme status checker [2021-01-02 06:00:05]  [] []
[2021-01-02 06:00:59] Processing Check Schemes.INFO: Current Status: Offline :( [] []
[2021-01-02 06:00:59] Processing Check Schemes.INFO: Offline times consecutively: 3 [] []
[2021-01-02 06:01:01] Processing Check Schemes.INFO: Current Status: Online [] []
[2021-01-02 06:01:02] Processing Check Schemes.INFO: Current Status: Online [] []
[2021-01-02 06:01:16] Processing Check Schemes.INFO: Current Status: Online [] []
[2021-01-02 06:01:27] Processing Check Schemes.INFO: Current Status: Online [] []
[2021-01-02 06:01:38] Processing Check Schemes.INFO: Current Status: Online [] []
[2021-01-02 06:01:49] Processing Check Schemes.INFO: Current Status: Online [] []
[2021-01-02 06:01:57] Processing Check Schemes.INFO: Current Status: Online [] []
[2021-01-02 06:01:59] Processing Check Schemes.INFO: Current Status: Online [] []
[2021-01-02 06:01:59] Processing Check Schemes.INFO: Current Status: Online [] []
[2021-01-02 06:02:00] Processing Check Schemes.INFO: Current Status: Online [] []
[2021-01-02 06:02:01] Processing Check Schemes.INFO: Current Status: Online [] []
[2021-01-02 06:02:08] Processing Check Schemes.INFO: Current Status: Online [] []
[2021-01-02 06:02:14] Processing Check Schemes.INFO: Current Status: Online [] []
[2021-01-02 06:02:16] Processing Check Schemes.INFO: Current Status: Online [] []
[2021-01-02 06:02:22] Processing Check Schemes.INFO: Current Status: Online [] []
[2021-01-02 06:02:22] Processing Check Schemes.INFO: ----------------------------------------- [] []
[2021-01-02 06:02:22] Processing Check Schemes.INFO:    [] []
[2021-01-02 06:20:04] Processing Check Schemes.INFO: Running scheme status checker [2021-01-02 06:20:04]  [] []
[2021-01-02 06:20:58] Processing Check Schemes.INFO: Current Status: Offline :( [] []
[2021-01-02 06:20:59] Processing Check Schemes.INFO: Offline times consecutively: 4 [] []
[2021-01-02 06:21:00] Processing Check Schemes.INFO: Current Status: Online [] []
[2021-01-02 06:21:03] Processing Check Schemes.INFO: Current Status: Online [] []
[2021-01-02 06:21:16] Processing Check Schemes.INFO: Current Status: Online [] []
[2021-01-02 06:21:31] Processing Check Schemes.INFO: Current Status: Online [] []
[2021-01-02 06:21:45] Processing Check Schemes.INFO: Current Status: Online [] []
[2021-01-02 06:21:58] Processing Check Schemes.INFO: Current Status: Online [] []
[2021-01-02 06:22:15] Processing Check Schemes.INFO: Current Status: Online [] []
[2021-01-02 06:22:16] Processing Check Schemes.INFO: Current Status: Online [] []
[2021-01-02 06:22:17] Processing Check Schemes.INFO: Current Status: Online [] []
[2021-01-02 06:22:17] Processing Check Schemes.INFO: Current Status: Online [] []
[2021-01-02 06:22:18] Processing Check Schemes.INFO: Current Status: Online [] []
[2021-01-02 06:22:27] Processing Check Schemes.INFO: Current Status: Online [] []
[2021-01-02 06:22:35] Processing Check Schemes.INFO: Current Status: Online [] []
[2021-01-02 06:22:36] Processing Check Schemes.INFO: Current Status: Online [] []
[2021-01-02 06:22:41] Processing Check Schemes.INFO: Current Status: Online [] []
[2021-01-02 06:22:41] Processing Check Schemes.INFO: ----------------------------------------- [] []
[2021-01-02 06:22:41] Processing Check Schemes.INFO:    [] []
[2021-01-02 06:40:04] Processing Check Schemes.INFO: Running scheme status checker [2021-01-02 06:40:04]  [] []
[2021-01-02 06:40:59] Processing Check Schemes.INFO: Current Status: Offline :( [] []
[2021-01-02 06:40:59] Processing Check Schemes.INFO: Offline times consecutively: 5 [] []
[2021-01-02 06:41:10] Processing Check Schemes.INFO: Sent reboot command.  [] []
[2021-01-02 06:41:11] Processing Check Schemes.INFO: Current Status: Online [] []
[2021-01-02 06:41:13] Processing Check Schemes.INFO: Current Status: Online [] []
[2021-01-02 06:41:26] Processing Check Schemes.INFO: Current Status: Online [] []
[2021-01-02 06:41:37] Processing Check Schemes.INFO: Current Status: Online [] []
[2021-01-02 06:41:46] Processing Check Schemes.INFO: Current Status: Online [] []
[2021-01-02 06:41:55] Processing Check Schemes.INFO: Current Status: Online [] []
[2021-01-02 06:42:02] Processing Check Schemes.INFO: Current Status: Online [] []
[2021-01-02 06:42:04] Processing Check Schemes.INFO: Current Status: Online [] []
[2021-01-02 06:42:04] Processing Check Schemes.INFO: Current Status: Online [] []
[2021-01-02 06:42:05] Processing Check Schemes.INFO: Current Status: Online [] []
[2021-01-02 06:42:06] Processing Check Schemes.INFO: Current Status: Online [] []
[2021-01-02 06:42:11] Processing Check Schemes.INFO: Current Status: Online [] []
[2021-01-02 06:42:17] Processing Check Schemes.INFO: Current Status: Online [] []
[2021-01-02 06:42:18] Processing Check Schemes.INFO: Current Status: Online [] []
[2021-01-02 06:42:24] Processing Check Schemes.INFO: Current Status: Online [] []
[2021-01-02 06:42:24] Processing Check Schemes.INFO: ----------------------------------------- [] []
[2021-01-02 06:42:24] Processing Check Schemes.INFO:    [] []
[2021-01-02 07:00:05] Processing Check Schemes.INFO: Running scheme status checker [2021-01-02 07:00:05]  [] []
[2021-01-02 07:00:07] Processing Check Schemes.INFO: Current Status: Online [] []
[2021-01-02 07:00:08] Processing Check Schemes.INFO: Current Status: Online [] []
[2021-01-02 07:00:14] Processing Check Schemes.INFO: Current Status: Online [] []
[2021-01-02 07:00:20] Processing Check Schemes.INFO: Current Status: Online [] []
[2021-01-02 07:00:25] Processing Check Schemes.INFO: Current Status: Online [] []
[2021-01-02 07:00:32] Processing Check Schemes.INFO: Current Status: Online [] []
[2021-01-02 07:00:39] Processing Check Schemes.INFO: Current Status: Online [] []
[2021-01-02 07:00:40] Processing Check Schemes.INFO: Current Status: Online [] []
[2021-01-02 07:00:41] Processing Check Schemes.INFO: Current Status: Online [] []
[2021-01-02 07:00:41] Processing Check Schemes.INFO: Current Status: Online [] []
[2021-01-02 07:00:43] Processing Check Schemes.INFO: Current Status: Online [] []
[2021-01-02 07:00:52] Processing Check Schemes.INFO: Current Status: Online [] []
[2021-01-02 07:01:04] Processing Check Schemes.INFO: Current Status: Online [] []
[2021-01-02 07:01:06] Processing Check Schemes.INFO: Current Status: Online [] []
[2021-01-02 07:01:19] Processing Check Schemes.INFO: Current Status: Online [] []
[2021-01-02 07:02:40] Processing Check Schemes.INFO: Current Status: Offline :( [] []
[2021-01-02 07:02:40] Processing Check Schemes.INFO: Offline times consecutively: 0 [] []
[2021-01-02 07:02:40] Processing Check Schemes.INFO: ----------------------------------------- [] []
[2021-01-02 07:02:40] Processing Check Schemes.INFO:    [] []
[2021-01-02 07:20:04] Processing Check Schemes.INFO: Running scheme status checker [2021-01-02 07:20:04]  [] []
[2021-01-02 07:20:59] Processing Check Schemes.INFO: Current Status: Offline :( [] []
[2021-01-02 07:20:59] Processing Check Schemes.INFO: Offline times consecutively: 1 [] []
[2021-01-02 07:21:01] Processing Check Schemes.INFO: Current Status: Online [] []
[2021-01-02 07:21:02] Processing Check Schemes.INFO: Current Status: Online [] []
[2021-01-02 07:21:12] Processing Check Schemes.INFO: Current Status: Online [] []
[2021-01-02 07:21:24] Processing Check Schemes.INFO: Current Status: Online [] []
[2021-01-02 07:21:30] Processing Check Schemes.INFO: Current Status: Online [] []
[2021-01-02 07:21:38] Processing Check Schemes.INFO: Current Status: Online [] []
[2021-01-02 07:21:45] Processing Check Schemes.INFO: Current Status: Online [] []
[2021-01-02 07:21:47] Processing Check Schemes.INFO: Current Status: Online [] []
[2021-01-02 07:21:48] Processing Check Schemes.INFO: Current Status: Online [] []
[2021-01-02 07:21:48] Processing Check Schemes.INFO: Current Status: Online [] []
[2021-01-02 07:21:49] Processing Check Schemes.INFO: Current Status: Online [] []
[2021-01-02 07:21:54] Processing Check Schemes.INFO: Current Status: Online [] []
[2021-01-02 07:22:00] Processing Check Schemes.INFO: Current Status: Online [] []
[2021-01-02 07:22:01] Processing Check Schemes.INFO: Current Status: Online [] []
[2021-01-02 07:22:07] Processing Check Schemes.INFO: Current Status: Online [] []
[2021-01-02 07:22:07] Processing Check Schemes.INFO: ----------------------------------------- [] []
[2021-01-02 07:22:07] Processing Check Schemes.INFO:    [] []
[2021-01-02 07:40:05] Processing Check Schemes.INFO: Running scheme status checker [2021-01-02 07:40:05]  [] []
[2021-01-02 07:40:59] Processing Check Schemes.INFO: Current Status: Offline :( [] []
[2021-01-02 07:41:00] Processing Check Schemes.INFO: Offline times consecutively: 2 [] []
[2021-01-02 07:41:02] Processing Check Schemes.INFO: Current Status: Online [] []
[2021-01-02 07:41:03] Processing Check Schemes.INFO: Current Status: Online [] []
[2021-01-02 07:41:15] Processing Check Schemes.INFO: Current Status: Online [] []
[2021-01-02 07:41:27] Processing Check Schemes.INFO: Current Status: Online [] []
[2021-01-02 07:41:38] Processing Check Schemes.INFO: Current Status: Online [] []
[2021-01-02 07:41:49] Processing Check Schemes.INFO: Current Status: Online [] []
[2021-01-02 07:41:59] Processing Check Schemes.INFO: Current Status: Online [] []
[2021-01-02 07:42:00] Processing Check Schemes.INFO: Current Status: Online [] []
[2021-01-02 07:42:01] Processing Check Schemes.INFO: Current Status: Online [] []
[2021-01-02 07:42:02] Processing Check Schemes.INFO: Current Status: Online [] []
[2021-01-02 07:42:03] Processing Check Schemes.INFO: Current Status: Online [] []
[2021-01-02 07:42:09] Processing Check Schemes.INFO: Current Status: Online [] []
[2021-01-02 07:42:17] Processing Check Schemes.INFO: Current Status: Online [] []
[2021-01-02 07:42:19] Processing Check Schemes.INFO: Current Status: Online [] []
[2021-01-02 07:42:24] Processing Check Schemes.INFO: Current Status: Online [] []
[2021-01-02 07:42:24] Processing Check Schemes.INFO: ----------------------------------------- [] []
[2021-01-02 07:42:24] Processing Check Schemes.INFO:    [] []
[2021-01-02 08:00:04] Processing Check Schemes.INFO: Running scheme status checker [2021-01-02 08:00:04]  [] []
[2021-01-02 08:00:58] Processing Check Schemes.INFO: Current Status: Offline :( [] []
[2021-01-02 08:00:58] Processing Check Schemes.INFO: Offline times consecutively: 3 [] []
[2021-01-02 08:01:34] Processing Check Schemes.INFO: Current Status: Offline :( [] []
[2021-01-02 08:01:34] Processing Check Schemes.INFO: Offline times consecutively: 0 [] []
[2021-01-02 08:01:35] Processing Check Schemes.INFO: Current Status: Online [] []
[2021-01-02 08:02:43] Processing Check Schemes.INFO: Current Status: Online [] []
[2021-01-02 08:02:53] Processing Check Schemes.INFO: Current Status: Online [] []
[2021-01-02 08:02:59] Processing Check Schemes.INFO: Current Status: Online [] []
[2021-01-02 08:03:05] Processing Check Schemes.INFO: Current Status: Online [] []
[2021-01-02 08:03:10] Processing Check Schemes.INFO: Current Status: Online [] []
[2021-01-02 08:03:10] Processing Check Schemes.INFO: Current Status: Online [] []
[2021-01-02 08:03:11] Processing Check Schemes.INFO: Current Status: Online [] []
[2021-01-02 08:03:11] Processing Check Schemes.INFO: Current Status: Online [] []
[2021-01-02 08:03:12] Processing Check Schemes.INFO: Current Status: Online [] []
[2021-01-02 08:03:17] Processing Check Schemes.INFO: Current Status: Online [] []
[2021-01-02 08:03:22] Processing Check Schemes.INFO: Current Status: Online [] []
[2021-01-02 08:03:24] Processing Check Schemes.INFO: Current Status: Online [] []
[2021-01-02 08:03:29] Processing Check Schemes.INFO: Current Status: Online [] []
[2021-01-02 08:03:29] Processing Check Schemes.INFO: ----------------------------------------- [] []
[2021-01-02 08:03:29] Processing Check Schemes.INFO:    [] []
[2021-01-02 08:20:05] Processing Check Schemes.INFO: Running scheme status checker [2021-01-02 08:20:05]  [] []
[2021-01-02 08:21:01] Processing Check Schemes.INFO: Current Status: Offline :( [] []
[2021-01-02 08:21:01] Processing Check Schemes.INFO: Offline times consecutively: 4 [] []
[2021-01-02 08:21:03] Processing Check Schemes.INFO: Current Status: Online [] []
[2021-01-02 08:21:04] Processing Check Schemes.INFO: Current Status: Online [] []
[2021-01-02 08:21:15] Processing Check Schemes.INFO: Current Status: Online [] []
[2021-01-02 08:21:23] Processing Check Schemes.INFO: Current Status: Online [] []
[2021-01-02 08:21:28] Processing Check Schemes.INFO: Current Status: Online [] []
[2021-01-02 08:21:33] Processing Check Schemes.INFO: Current Status: Online [] []
[2021-01-02 08:21:38] Processing Check Schemes.INFO: Current Status: Online [] []
[2021-01-02 08:21:38] Processing Check Schemes.INFO: Current Status: Online [] []
[2021-01-02 08:21:39] Processing Check Schemes.INFO: Current Status: Online [] []
[2021-01-02 08:21:40] Processing Check Schemes.INFO: Current Status: Online [] []
[2021-01-02 08:21:41] Processing Check Schemes.INFO: Current Status: Online [] []
[2021-01-02 08:21:46] Processing Check Schemes.INFO: Current Status: Online [] []
[2021-01-02 08:21:51] Processing Check Schemes.INFO: Current Status: Online [] []
[2021-01-02 08:21:53] Processing Check Schemes.INFO: Current Status: Online [] []
[2021-01-02 08:22:01] Processing Check Schemes.INFO: Current Status: Online [] []
[2021-01-02 08:22:01] Processing Check Schemes.INFO: ----------------------------------------- [] []
[2021-01-02 08:22:01] Processing Check Schemes.INFO:    [] []
[2021-01-02 08:40:05] Processing Check Schemes.INFO: Running scheme status checker [2021-01-02 08:40:05]  [] []
[2021-01-02 08:40:59] Processing Check Schemes.INFO: Current Status: Offline :( [] []
[2021-01-02 08:40:59] Processing Check Schemes.INFO: Offline times consecutively: 5 [] []
[2021-01-02 08:41:10] Processing Check Schemes.INFO: Sent reboot command.  [] []
[2021-01-02 08:41:12] Processing Check Schemes.INFO: Current Status: Online [] []
[2021-01-02 08:41:13] Processing Check Schemes.INFO: Current Status: Online [] []
[2021-01-02 08:41:21] Processing Check Schemes.INFO: Current Status: Online [] []
[2021-01-02 08:41:31] Processing Check Schemes.INFO: Current Status: Online [] []
[2021-01-02 08:41:38] Processing Check Schemes.INFO: Current Status: Online [] []
[2021-01-02 08:41:45] Processing Check Schemes.INFO: Current Status: Online [] []
[2021-01-02 08:41:51] Processing Check Schemes.INFO: Current Status: Online [] []
[2021-01-02 08:41:52] Processing Check Schemes.INFO: Current Status: Online [] []
[2021-01-02 08:41:53] Processing Check Schemes.INFO: Current Status: Online [] []
[2021-01-02 08:41:53] Processing Check Schemes.INFO: Current Status: Online [] []
[2021-01-02 08:41:54] Processing Check Schemes.INFO: Current Status: Online [] []
[2021-01-02 08:41:59] Processing Check Schemes.INFO: Current Status: Online [] []
[2021-01-02 08:42:05] Processing Check Schemes.INFO: Current Status: Online [] []
[2021-01-02 08:42:07] Processing Check Schemes.INFO: Current Status: Online [] []
[2021-01-02 08:42:12] Processing Check Schemes.INFO: Current Status: Online [] []
[2021-01-02 08:42:12] Processing Check Schemes.INFO: ----------------------------------------- [] []
[2021-01-02 08:42:12] Processing Check Schemes.INFO:    [] []
[2021-01-02 09:00:04] Processing Check Schemes.INFO: Running scheme status checker [2021-01-02 09:00:04]  [] []
[2021-01-02 09:00:05] Processing Check Schemes.INFO: Current Status: Online [] []
[2021-01-02 09:00:07] Processing Check Schemes.INFO: Current Status: Online [] []
[2021-01-02 09:00:13] Processing Check Schemes.INFO: Current Status: Online [] []
[2021-01-02 09:00:20] Processing Check Schemes.INFO: Current Status: Online [] []
[2021-01-02 09:00:25] Processing Check Schemes.INFO: Current Status: Online [] []
[2021-01-02 09:00:32] Processing Check Schemes.INFO: Current Status: Online [] []
[2021-01-02 09:00:41] Processing Check Schemes.INFO: Current Status: Online [] []
[2021-01-02 09:00:43] Processing Check Schemes.INFO: Current Status: Online [] []
[2021-01-02 09:00:43] Processing Check Schemes.INFO: Current Status: Online [] []
[2021-01-02 09:00:44] Processing Check Schemes.INFO: Current Status: Online [] []
[2021-01-02 09:00:45] Processing Check Schemes.INFO: Current Status: Online [] []
[2021-01-02 09:00:55] Processing Check Schemes.INFO: Current Status: Online [] []
[2021-01-02 09:01:08] Processing Check Schemes.INFO: Current Status: Online [] []
[2021-01-02 09:01:10] Processing Check Schemes.INFO: Current Status: Online [] []
[2021-01-02 09:01:21] Processing Check Schemes.INFO: Current Status: Online [] []
[2021-01-02 09:02:18] Processing Check Schemes.INFO: Current Status: Offline :( [] []
[2021-01-02 09:02:18] Processing Check Schemes.INFO: Offline times consecutively: 0 [] []
[2021-01-02 09:02:18] Processing Check Schemes.INFO: ----------------------------------------- [] []
[2021-01-02 09:02:18] Processing Check Schemes.INFO:    [] []
[2021-01-02 09:20:04] Processing Check Schemes.INFO: Running scheme status checker [2021-01-02 09:20:04]  [] []
[2021-01-02 09:20:58] Processing Check Schemes.INFO: Current Status: Offline :( [] []
[2021-01-02 09:20:58] Processing Check Schemes.INFO: Offline times consecutively: 1 [] []
[2021-01-02 09:21:01] Processing Check Schemes.INFO: Current Status: Online [] []
[2021-01-02 09:21:04] Processing Check Schemes.INFO: Current Status: Online [] []
[2021-01-02 09:21:18] Processing Check Schemes.INFO: Current Status: Online [] []
[2021-01-02 09:21:34] Processing Check Schemes.INFO: Current Status: Online [] []
[2021-01-02 09:21:48] Processing Check Schemes.INFO: Current Status: Online [] []
[2021-01-02 09:22:05] Processing Check Schemes.INFO: Current Status: Online [] []
[2021-01-02 09:22:21] Processing Check Schemes.INFO: Current Status: Online [] []
[2021-01-02 09:22:23] Processing Check Schemes.INFO: Current Status: Online [] []
[2021-01-02 09:22:24] Processing Check Schemes.INFO: Current Status: Online [] []
[2021-01-02 09:22:24] Processing Check Schemes.INFO: Current Status: Online [] []
[2021-01-02 09:22:25] Processing Check Schemes.INFO: Current Status: Online [] []
[2021-01-02 09:22:33] Processing Check Schemes.INFO: Current Status: Online [] []
[2021-01-02 09:22:40] Processing Check Schemes.INFO: Current Status: Online [] []
[2021-01-02 09:22:42] Processing Check Schemes.INFO: Current Status: Online [] []
[2021-01-02 09:22:47] Processing Check Schemes.INFO: Current Status: Online [] []
[2021-01-02 09:22:47] Processing Check Schemes.INFO: ----------------------------------------- [] []
[2021-01-02 09:22:47] Processing Check Schemes.INFO:    [] []
[2021-01-02 09:40:05] Processing Check Schemes.INFO: Running scheme status checker [2021-01-02 09:40:05]  [] []
[2021-01-02 09:40:59] Processing Check Schemes.INFO: Current Status: Offline :( [] []
[2021-01-02 09:40:59] Processing Check Schemes.INFO: Offline times consecutively: 2 [] []
[2021-01-02 09:41:01] Processing Check Schemes.INFO: Current Status: Online [] []
[2021-01-02 09:41:02] Processing Check Schemes.INFO: Current Status: Online [] []
[2021-01-02 09:41:12] Processing Check Schemes.INFO: Current Status: Online [] []
[2021-01-02 09:41:17] Processing Check Schemes.INFO: Current Status: Online [] []
[2021-01-02 09:41:23] Processing Check Schemes.INFO: Current Status: Online [] []
[2021-01-02 09:41:29] Processing Check Schemes.INFO: Current Status: Online [] []
[2021-01-02 09:41:35] Processing Check Schemes.INFO: Current Status: Online [] []
[2021-01-02 09:41:36] Processing Check Schemes.INFO: Current Status: Online [] []
[2021-01-02 09:41:37] Processing Check Schemes.INFO: Current Status: Online [] []
[2021-01-02 09:41:38] Processing Check Schemes.INFO: Current Status: Online [] []
[2021-01-02 09:41:39] Processing Check Schemes.INFO: Current Status: Online [] []
[2021-01-02 09:41:43] Processing Check Schemes.INFO: Current Status: Online [] []
[2021-01-02 09:41:49] Processing Check Schemes.INFO: Current Status: Online [] []
[2021-01-02 09:41:51] Processing Check Schemes.INFO: Current Status: Online [] []
[2021-01-02 09:41:56] Processing Check Schemes.INFO: Current Status: Online [] []
[2021-01-02 09:41:56] Processing Check Schemes.INFO: ----------------------------------------- [] []
[2021-01-02 09:41:56] Processing Check Schemes.INFO:    [] []
[2021-01-02 10:00:05] Processing Check Schemes.INFO: Running scheme status checker [2021-01-02 10:00:05]  [] []
[2021-01-02 10:01:00] Processing Check Schemes.INFO: Current Status: Offline :( [] []
[2021-01-02 10:01:00] Processing Check Schemes.INFO: Offline times consecutively: 3 [] []
[2021-01-02 10:01:01] Processing Check Schemes.INFO: Current Status: Online [] []
[2021-01-02 10:01:02] Processing Check Schemes.INFO: Current Status: Online [] []
[2021-01-02 10:01:12] Processing Check Schemes.INFO: Current Status: Online [] []
[2021-01-02 10:01:22] Processing Check Schemes.INFO: Current Status: Online [] []
[2021-01-02 10:01:27] Processing Check Schemes.INFO: Current Status: Online [] []
[2021-01-02 10:01:33] Processing Check Schemes.INFO: Current Status: Online [] []
[2021-01-02 10:01:39] Processing Check Schemes.INFO: Current Status: Online [] []
[2021-01-02 10:01:41] Processing Check Schemes.INFO: Current Status: Online [] []
[2021-01-02 10:01:41] Processing Check Schemes.INFO: Current Status: Online [] []
[2021-01-02 10:01:42] Processing Check Schemes.INFO: Current Status: Online [] []
[2021-01-02 10:01:43] Processing Check Schemes.INFO: Current Status: Online [] []
[2021-01-02 10:01:48] Processing Check Schemes.INFO: Current Status: Online [] []
[2021-01-02 10:01:53] Processing Check Schemes.INFO: Current Status: Online [] []
[2021-01-02 10:01:55] Processing Check Schemes.INFO: Current Status: Online [] []
[2021-01-02 10:01:59] Processing Check Schemes.INFO: Current Status: Online [] []
[2021-01-02 10:01:59] Processing Check Schemes.INFO: ----------------------------------------- [] []
[2021-01-02 10:01:59] Processing Check Schemes.INFO:    [] []
[2021-01-02 10:20:04] Processing Check Schemes.INFO: Running scheme status checker [2021-01-02 10:20:04]  [] []
[2021-01-02 10:20:57] Processing Check Schemes.INFO: Current Status: Offline :( [] []
[2021-01-02 10:20:57] Processing Check Schemes.INFO: Offline times consecutively: 4 [] []
[2021-01-02 10:20:59] Processing Check Schemes.INFO: Current Status: Online [] []
[2021-01-02 10:21:00] Processing Check Schemes.INFO: Current Status: Online [] []
[2021-01-02 10:21:44] Processing Check Schemes.INFO: Current Status: Online [] []
[2021-01-02 10:22:03] Processing Check Schemes.INFO: Current Status: Online [] []
[2021-01-02 10:22:22] Processing Check Schemes.INFO: Current Status: Online [] []
[2021-01-02 10:22:30] Processing Check Schemes.INFO: Current Status: Online [] []
[2021-01-02 10:22:35] Processing Check Schemes.INFO: Current Status: Online [] []
[2021-01-02 10:22:36] Processing Check Schemes.INFO: Current Status: Online [] []
[2021-01-02 10:22:37] Processing Check Schemes.INFO: Current Status: Online [] []
[2021-01-02 10:22:38] Processing Check Schemes.INFO: Current Status: Online [] []
[2021-01-02 10:22:38] Processing Check Schemes.INFO: Current Status: Online [] []
[2021-01-02 10:22:43] Processing Check Schemes.INFO: Current Status: Online [] []
[2021-01-02 10:22:49] Processing Check Schemes.INFO: Current Status: Online [] []
[2021-01-02 10:22:50] Processing Check Schemes.INFO: Current Status: Online [] []
[2021-01-02 10:22:55] Processing Check Schemes.INFO: Current Status: Online [] []
[2021-01-02 10:22:55] Processing Check Schemes.INFO: ----------------------------------------- [] []
[2021-01-02 10:22:55] Processing Check Schemes.INFO:    [] []
[2021-01-02 10:40:04] Processing Check Schemes.INFO: Running scheme status checker [2021-01-02 10:40:04]  [] []
[2021-01-02 10:40:57] Processing Check Schemes.INFO: Current Status: Offline :( [] []
[2021-01-02 10:40:57] Processing Check Schemes.INFO: Offline times consecutively: 5 [] []
[2021-01-02 10:41:08] Processing Check Schemes.INFO: Sent reboot command.  [] []
[2021-01-02 10:41:10] Processing Check Schemes.INFO: Current Status: Online [] []
[2021-01-02 10:41:13] Processing Check Schemes.INFO: Current Status: Online [] []
[2021-01-02 10:41:30] Processing Check Schemes.INFO: Current Status: Online [] []
[2021-01-02 10:41:52] Processing Check Schemes.INFO: Current Status: Online [] []
[2021-01-02 10:42:12] Processing Check Schemes.INFO: Current Status: Online [] []
[2021-01-02 10:42:34] Processing Check Schemes.INFO: Current Status: Online [] []
[2021-01-02 10:42:46] Processing Check Schemes.INFO: Current Status: Online [] []
[2021-01-02 10:42:47] Processing Check Schemes.INFO: Current Status: Online [] []
[2021-01-02 10:42:48] Processing Check Schemes.INFO: Current Status: Online [] []
[2021-01-02 10:42:48] Processing Check Schemes.INFO: Current Status: Online [] []
[2021-01-02 10:42:49] Processing Check Schemes.INFO: Current Status: Online [] []
[2021-01-02 10:42:56] Processing Check Schemes.INFO: Current Status: Online [] []
[2021-01-02 10:43:02] Processing Check Schemes.INFO: Current Status: Online [] []
[2021-01-02 10:43:04] Processing Check Schemes.INFO: Current Status: Online [] []
[2021-01-02 10:43:10] Processing Check Schemes.INFO: Current Status: Online [] []
[2021-01-02 10:43:10] Processing Check Schemes.INFO: ----------------------------------------- [] []
[2021-01-02 10:43:10] Processing Check Schemes.INFO:    [] []
[2021-01-02 11:00:04] Processing Check Schemes.INFO: Running scheme status checker [2021-01-02 11:00:04]  [] []
[2021-01-02 11:00:06] Processing Check Schemes.INFO: Current Status: Online [] []
[2021-01-02 11:00:08] Processing Check Schemes.INFO: Current Status: Online [] []
[2021-01-02 11:00:14] Processing Check Schemes.INFO: Current Status: Online [] []
[2021-01-02 11:00:20] Processing Check Schemes.INFO: Current Status: Online [] []
[2021-01-02 11:00:25] Processing Check Schemes.INFO: Current Status: Online [] []
[2021-01-02 11:00:31] Processing Check Schemes.INFO: Current Status: Online [] []
[2021-01-02 11:00:38] Processing Check Schemes.INFO: Current Status: Online [] []
[2021-01-02 11:00:39] Processing Check Schemes.INFO: Current Status: Online [] []
[2021-01-02 11:00:39] Processing Check Schemes.INFO: Current Status: Online [] []
[2021-01-02 11:00:40] Processing Check Schemes.INFO: Current Status: Online [] []
[2021-01-02 11:00:41] Processing Check Schemes.INFO: Current Status: Online [] []
[2021-01-02 11:00:48] Processing Check Schemes.INFO: Current Status: Online [] []
[2021-01-02 11:00:57] Processing Check Schemes.INFO: Current Status: Online [] []
[2021-01-02 11:00:59] Processing Check Schemes.INFO: Current Status: Online [] []
[2021-01-02 11:01:09] Processing Check Schemes.INFO: Current Status: Online [] []
[2021-01-02 11:02:11] Processing Check Schemes.INFO: Current Status: Offline :( [] []
[2021-01-02 11:02:12] Processing Check Schemes.INFO: Offline times consecutively: 0 [] []
[2021-01-02 11:02:12] Processing Check Schemes.INFO: ----------------------------------------- [] []
[2021-01-02 11:02:12] Processing Check Schemes.INFO:    [] []
[2021-01-02 11:20:04] Processing Check Schemes.INFO: Running scheme status checker [2021-01-02 11:20:04]  [] []
[2021-01-02 11:20:58] Processing Check Schemes.INFO: Current Status: Offline :( [] []
[2021-01-02 11:20:58] Processing Check Schemes.INFO: Offline times consecutively: 1 [] []
[2021-01-02 11:21:00] Processing Check Schemes.INFO: Current Status: Online [] []
[2021-01-02 11:21:01] Processing Check Schemes.INFO: Current Status: Online [] []
[2021-01-02 11:21:11] Processing Check Schemes.INFO: Current Status: Online [] []
[2021-01-02 11:21:20] Processing Check Schemes.INFO: Current Status: Online [] []
[2021-01-02 11:21:26] Processing Check Schemes.INFO: Current Status: Online [] []
[2021-01-02 11:21:32] Processing Check Schemes.INFO: Current Status: Online [] []
[2021-01-02 11:21:38] Processing Check Schemes.INFO: Current Status: Online [] []
[2021-01-02 11:21:39] Processing Check Schemes.INFO: Current Status: Online [] []
[2021-01-02 11:21:40] Processing Check Schemes.INFO: Current Status: Online [] []
[2021-01-02 11:21:41] Processing Check Schemes.INFO: Current Status: Online [] []
[2021-01-02 11:21:41] Processing Check Schemes.INFO: Current Status: Online [] []
[2021-01-02 11:21:46] Processing Check Schemes.INFO: Current Status: Online [] []
[2021-01-02 11:21:52] Processing Check Schemes.INFO: Current Status: Online [] []
[2021-01-02 11:21:55] Processing Check Schemes.INFO: Current Status: Online [] []
[2021-01-02 11:21:59] Processing Check Schemes.INFO: Current Status: Online [] []
[2021-01-02 11:21:59] Processing Check Schemes.INFO: ----------------------------------------- [] []
[2021-01-02 11:21:59] Processing Check Schemes.INFO:    [] []
[2021-01-02 11:40:05] Processing Check Schemes.INFO: Running scheme status checker [2021-01-02 11:40:05]  [] []
[2021-01-02 11:41:00] Processing Check Schemes.INFO: Current Status: Offline :( [] []
[2021-01-02 11:41:00] Processing Check Schemes.INFO: Offline times consecutively: 2 [] []
[2021-01-02 11:41:02] Processing Check Schemes.INFO: Current Status: Online [] []
[2021-01-02 11:41:03] Processing Check Schemes.INFO: Current Status: Online [] []
[2021-01-02 11:41:14] Processing Check Schemes.INFO: Current Status: Online [] []
[2021-01-02 11:41:21] Processing Check Schemes.INFO: Current Status: Online [] []
[2021-01-02 11:41:27] Processing Check Schemes.INFO: Current Status: Online [] []
[2021-01-02 11:41:33] Processing Check Schemes.INFO: Current Status: Online [] []
[2021-01-02 11:41:38] Processing Check Schemes.INFO: Current Status: Online [] []
[2021-01-02 11:41:40] Processing Check Schemes.INFO: Current Status: Online [] []
[2021-01-02 11:41:41] Processing Check Schemes.INFO: Current Status: Online [] []
[2021-01-02 11:41:41] Processing Check Schemes.INFO: Current Status: Online [] []
[2021-01-02 11:41:42] Processing Check Schemes.INFO: Current Status: Online [] []
[2021-01-02 11:41:47] Processing Check Schemes.INFO: Current Status: Online [] []
[2021-01-02 11:41:53] Processing Check Schemes.INFO: Current Status: Online [] []
[2021-01-02 11:41:55] Processing Check Schemes.INFO: Current Status: Online [] []
[2021-01-02 11:42:00] Processing Check Schemes.INFO: Current Status: Online [] []
[2021-01-02 11:42:00] Processing Check Schemes.INFO: ----------------------------------------- [] []
[2021-01-02 11:42:00] Processing Check Schemes.INFO:    [] []
[2021-01-02 12:00:05] Processing Check Schemes.INFO: Running scheme status checker [2021-01-02 12:00:05]  [] []
[2021-01-02 12:01:00] Processing Check Schemes.INFO: Current Status: Offline :( [] []
[2021-01-02 12:01:00] Processing Check Schemes.INFO: Offline times consecutively: 3 [] []
[2021-01-02 12:01:03] Processing Check Schemes.INFO: Current Status: Online [] []
[2021-01-02 12:01:04] Processing Check Schemes.INFO: Current Status: Online [] []
[2021-01-02 12:01:24] Processing Check Schemes.INFO: Current Status: Online [] []
[2021-01-02 12:01:46] Processing Check Schemes.INFO: Current Status: Online [] []
[2021-01-02 12:02:05] Processing Check Schemes.INFO: Current Status: Online [] []
[2021-01-02 12:02:20] Processing Check Schemes.INFO: Current Status: Online [] []
[2021-01-02 12:02:33] Processing Check Schemes.INFO: Current Status: Online [] []
[2021-01-02 12:02:33] Processing Check Schemes.INFO: Current Status: Online [] []
[2021-01-02 12:02:34] Processing Check Schemes.INFO: Current Status: Online [] []
[2021-01-02 12:02:34] Processing Check Schemes.INFO: Current Status: Online [] []
[2021-01-02 12:02:35] Processing Check Schemes.INFO: Current Status: Online [] []
[2021-01-02 12:02:47] Processing Check Schemes.INFO: Current Status: Online [] []
[2021-01-02 12:02:56] Processing Check Schemes.INFO: Current Status: Online [] []
[2021-01-02 12:02:58] Processing Check Schemes.INFO: Current Status: Online [] []
[2021-01-02 12:03:04] Processing Check Schemes.INFO: Current Status: Online [] []
[2021-01-02 12:03:05] Processing Check Schemes.INFO: ----------------------------------------- [] []
[2021-01-02 12:03:05] Processing Check Schemes.INFO:    [] []
[2021-01-02 12:20:04] Processing Check Schemes.INFO: Running scheme status checker [2021-01-02 12:20:04]  [] []
[2021-01-02 12:20:58] Processing Check Schemes.INFO: Current Status: Offline :( [] []
[2021-01-02 12:20:59] Processing Check Schemes.INFO: Offline times consecutively: 4 [] []
[2021-01-02 12:21:00] Processing Check Schemes.INFO: Current Status: Online [] []
[2021-01-02 12:21:02] Processing Check Schemes.INFO: Current Status: Online [] []
[2021-01-02 12:21:14] Processing Check Schemes.INFO: Current Status: Online [] []
[2021-01-02 12:21:24] Processing Check Schemes.INFO: Current Status: Online [] []
[2021-01-02 12:21:29] Processing Check Schemes.INFO: Current Status: Online [] []
[2021-01-02 12:21:34] Processing Check Schemes.INFO: Current Status: Online [] []
[2021-01-02 12:21:39] Processing Check Schemes.INFO: Current Status: Online [] []
[2021-01-02 12:21:39] Processing Check Schemes.INFO: Current Status: Online [] []
[2021-01-02 12:21:40] Processing Check Schemes.INFO: Current Status: Online [] []
[2021-01-02 12:21:41] Processing Check Schemes.INFO: Current Status: Online [] []
[2021-01-02 12:21:41] Processing Check Schemes.INFO: Current Status: Online [] []
[2021-01-02 12:21:47] Processing Check Schemes.INFO: Current Status: Online [] []
[2021-01-02 12:21:52] Processing Check Schemes.INFO: Current Status: Online [] []
[2021-01-02 12:21:55] Processing Check Schemes.INFO: Current Status: Online [] []
[2021-01-02 12:22:00] Processing Check Schemes.INFO: Current Status: Online [] []
[2021-01-02 12:22:00] Processing Check Schemes.INFO: ----------------------------------------- [] []
[2021-01-02 12:22:00] Processing Check Schemes.INFO:    [] []
[2021-01-02 12:40:05] Processing Check Schemes.INFO: Running scheme status checker [2021-01-02 12:40:05]  [] []
[2021-01-02 12:40:59] Processing Check Schemes.INFO: Current Status: Offline :( [] []
[2021-01-02 12:40:59] Processing Check Schemes.INFO: Offline times consecutively: 5 [] []
[2021-01-02 12:41:10] Processing Check Schemes.INFO: Sent reboot command.  [] []
[2021-01-02 12:41:13] Processing Check Schemes.INFO: Current Status: Online [] []
[2021-01-02 12:41:14] Processing Check Schemes.INFO: Current Status: Online [] []
[2021-01-02 12:41:22] Processing Check Schemes.INFO: Current Status: Online [] []
[2021-01-02 12:41:29] Processing Check Schemes.INFO: Current Status: Online [] []
[2021-01-02 12:41:34] Processing Check Schemes.INFO: Current Status: Online [] []
[2021-01-02 12:41:40] Processing Check Schemes.INFO: Current Status: Online [] []
[2021-01-02 12:41:46] Processing Check Schemes.INFO: Current Status: Online [] []
[2021-01-02 12:41:47] Processing Check Schemes.INFO: Current Status: Online [] []
[2021-01-02 12:41:48] Processing Check Schemes.INFO: Current Status: Online [] []
[2021-01-02 12:41:48] Processing Check Schemes.INFO: Current Status: Online [] []
[2021-01-02 12:41:49] Processing Check Schemes.INFO: Current Status: Online [] []
[2021-01-02 12:41:54] Processing Check Schemes.INFO: Current Status: Online [] []
[2021-01-02 12:41:59] Processing Check Schemes.INFO: Current Status: Online [] []
[2021-01-02 12:42:01] Processing Check Schemes.INFO: Current Status: Online [] []
[2021-01-02 12:42:07] Processing Check Schemes.INFO: Current Status: Online [] []
[2021-01-02 12:42:07] Processing Check Schemes.INFO: ----------------------------------------- [] []
[2021-01-02 12:42:07] Processing Check Schemes.INFO:    [] []
[2021-01-02 13:00:04] Processing Check Schemes.INFO: Running scheme status checker [2021-01-02 13:00:04]  [] []
[2021-01-02 13:00:05] Processing Check Schemes.INFO: Current Status: Online [] []
[2021-01-02 13:00:07] Processing Check Schemes.INFO: Current Status: Online [] []
[2021-01-02 13:00:13] Processing Check Schemes.INFO: Current Status: Online [] []
[2021-01-02 13:00:18] Processing Check Schemes.INFO: Current Status: Online [] []
[2021-01-02 13:00:24] Processing Check Schemes.INFO: Current Status: Online [] []
[2021-01-02 13:00:31] Processing Check Schemes.INFO: Current Status: Online [] []
[2021-01-02 13:00:38] Processing Check Schemes.INFO: Current Status: Online [] []
[2021-01-02 13:00:40] Processing Check Schemes.INFO: Current Status: Online [] []
[2021-01-02 13:00:41] Processing Check Schemes.INFO: Current Status: Online [] []
[2021-01-02 13:00:41] Processing Check Schemes.INFO: Current Status: Online [] []
[2021-01-02 13:00:42] Processing Check Schemes.INFO: Current Status: Online [] []
[2021-01-02 13:00:53] Processing Check Schemes.INFO: Current Status: Online [] []
[2021-01-02 13:01:08] Processing Check Schemes.INFO: Current Status: Online [] []
[2021-01-02 13:01:10] Processing Check Schemes.INFO: Current Status: Online [] []
[2021-01-02 13:01:30] Processing Check Schemes.INFO: Current Status: Online [] []
[2021-01-02 13:03:04] Processing Check Schemes.INFO: Current Status: Offline :( [] []
[2021-01-02 13:03:04] Processing Check Schemes.INFO: Offline times consecutively: 0 [] []
[2021-01-02 13:03:04] Processing Check Schemes.INFO: ----------------------------------------- [] []
[2021-01-02 13:03:04] Processing Check Schemes.INFO:    [] []
