[2019-11-04 08:00:02] Credit Warning SMS Yellow Zone log.INFO: Sending credit warning SMS to customer 12sundayswell [] []
[2019-11-04 08:00:02] Credit Warning SMS Yellow Zone log.INFO: Credit warning SMS sent to customer 12sundayswell [] []
[2019-11-04 08:00:02] Credit Warning SMS Yellow Zone log.INFO: Sending credit warning SMS to customer 11sundayswell [] []
[2019-11-04 08:00:02] Credit Warning SMS Yellow Zone log.INFO: Credit warning SMS sent to customer 11sundayswell [] []
[2019-11-04 08:00:02] Credit Warning SMS Yellow Zone log.INFO: Sending credit warning SMS to customer 19garryknock [] []
[2019-11-04 08:00:02] Credit Warning SMS Yellow Zone log.INFO: Credit warning SMS sent to customer 19garryknock [] []
[2019-11-04 08:00:02] Credit Warning SMS Yellow Zone log.INFO: Sending credit warning SMS to customer 5garryknock [] []
[2019-11-04 08:00:02] Credit Warning SMS Yellow Zone log.INFO: Credit warning SMS sent to customer 5garryknock [] []
[2019-11-04 08:00:02] Credit Warning SMS Yellow Zone log.INFO: Sending credit warning SMS to customer 2sundayswell [] []
[2019-11-04 08:00:02] Credit Warning SMS Yellow Zone log.INFO: Credit warning SMS sent to customer 2sundayswell [] []
[2019-11-04 08:00:02] Credit Warning SMS Yellow Zone log.INFO: Sending credit warning SMS to customer 42Emerald [] []
[2019-11-04 08:00:02] Credit Warning SMS Yellow Zone log.INFO: Credit warning SMS sent to customer 42Emerald [] []
[2019-11-04 08:00:02] Credit Warning SMS Yellow Zone log.INFO: Sending credit warning SMS to customer 19Emerald [] []
[2019-11-04 08:00:02] Credit Warning SMS Yellow Zone log.INFO: Credit warning SMS sent to customer 19Emerald [] []
[2019-11-04 08:00:02] Credit Warning SMS Yellow Zone log.INFO: Sending credit warning SMS to customer 163neptune [] []
[2019-11-04 08:00:02] Credit Warning SMS Yellow Zone log.INFO: Credit warning SMS sent to customer 163neptune [] []
[2019-11-04 08:00:02] Credit Warning SMS Yellow Zone log.INFO: Sending credit warning SMS to customer 176neptune [] []
[2019-11-04 08:00:02] Credit Warning SMS Yellow Zone log.INFO: Credit warning SMS sent to customer 176neptune [] []
[2019-11-04 08:00:02] Credit Warning SMS Yellow Zone log.INFO: Sending credit warning SMS to customer 16neptune [] []
[2019-11-04 08:00:02] Credit Warning SMS Yellow Zone log.INFO: Credit warning SMS sent to customer 16neptune [] []
[2019-11-04 08:00:02] Credit Warning SMS Yellow Zone log.INFO: Sending credit warning SMS to customer 151Neptune [] []
[2019-11-04 08:00:02] Credit Warning SMS Yellow Zone log.INFO: Credit warning SMS sent to customer 151Neptune [] []
[2019-11-04 08:00:02] Credit Warning SMS Yellow Zone log.INFO: Sending credit warning SMS to customer 147Neptune [] []
[2019-11-04 08:00:02] Credit Warning SMS Yellow Zone log.INFO: Credit warning SMS sent to customer 147Neptune [] []
[2019-11-04 08:00:02] Credit Warning SMS Yellow Zone log.INFO: Sending credit warning SMS to customer 136Neptune [] []
[2019-11-04 08:00:02] Credit Warning SMS Yellow Zone log.INFO: Credit warning SMS sent to customer 136Neptune [] []
[2019-11-04 08:00:02] Credit Warning SMS Yellow Zone log.INFO: Sending credit warning SMS to customer 99Neptune [] []
[2019-11-04 08:00:02] Credit Warning SMS Yellow Zone log.INFO: Credit warning SMS sent to customer 99Neptune [] []
[2019-11-04 08:00:02] Credit Warning SMS Yellow Zone log.INFO: Sending credit warning SMS to customer 153Neptune [] []
[2019-11-04 08:00:02] Credit Warning SMS Yellow Zone log.INFO: Credit warning SMS sent to customer 153Neptune [] []
[2019-11-04 08:00:02] Credit Warning SMS Yellow Zone log.INFO: Sending credit warning SMS to customer 27neptune [] []
[2019-11-04 08:00:02] Credit Warning SMS Yellow Zone log.INFO: Credit warning SMS sent to customer 27neptune [] []
[2019-11-04 08:00:02] Credit Warning SMS Yellow Zone log.INFO: Sending credit warning SMS to customer 160Neptune [] []
[2019-11-04 08:00:02] Credit Warning SMS Yellow Zone log.INFO: Credit warning SMS sent to customer 160Neptune [] []
[2019-11-04 08:00:02] Credit Warning SMS Yellow Zone log.INFO: Sending credit warning SMS to customer 114Neptune [] []
[2019-11-04 08:00:02] Credit Warning SMS Yellow Zone log.INFO: Credit warning SMS sent to customer 114Neptune [] []
[2019-11-04 08:00:02] Credit Warning SMS Yellow Zone log.INFO: Sending credit warning SMS to customer 104Neptune [] []
[2019-11-04 08:00:02] Credit Warning SMS Yellow Zone log.INFO: Credit warning SMS sent to customer 104Neptune [] []
[2019-11-04 08:00:02] Credit Warning SMS Yellow Zone log.INFO: Sending credit warning SMS to customer 186neptune [] []
[2019-11-04 08:00:02] Credit Warning SMS Yellow Zone log.INFO: Credit warning SMS sent to customer 186neptune [] []
[2019-11-04 08:00:02] Credit Warning SMS Yellow Zone log.INFO: Sending credit warning SMS to customer 78Neptune [] []
[2019-11-04 08:00:02] Credit Warning SMS Yellow Zone log.INFO: Credit warning SMS sent to customer 78Neptune [] []
[2019-11-04 08:00:02] Credit Warning SMS Yellow Zone log.INFO: Sending credit warning SMS to customer 131Neptune [] []
[2019-11-04 08:00:02] Credit Warning SMS Yellow Zone log.INFO: Credit warning SMS sent to customer 131Neptune [] []
[2019-11-04 08:00:02] Credit Warning SMS Yellow Zone log.INFO: Sending credit warning SMS to customer 53Neptune [] []
[2019-11-04 08:00:02] Credit Warning SMS Yellow Zone log.INFO: Credit warning SMS sent to customer 53Neptune [] []
[2019-11-04 08:00:02] Credit Warning SMS Yellow Zone log.INFO: Sending credit warning SMS to customer 1Abbott [] []
[2019-11-04 08:00:02] Credit Warning SMS Yellow Zone log.INFO: Credit warning SMS sent to customer 1Abbott [] []
[2019-11-04 08:00:02] Credit Warning SMS Yellow Zone log.INFO: Sending credit warning SMS to customer 10Abbott [] []
[2019-11-04 08:00:03] Credit Warning SMS Yellow Zone log.INFO: Credit warning SMS sent to customer 10Abbott [] []
[2019-11-04 08:00:03] Credit Warning SMS Yellow Zone log.INFO: Sending credit warning SMS to customer 21Abbott [] []
[2019-11-04 08:00:03] Credit Warning SMS Yellow Zone log.INFO: Credit warning SMS sent to customer 21Abbott [] []
[2019-11-04 08:00:03] Credit Warning SMS Yellow Zone log.INFO: Sending credit warning SMS to customer 31Abbott [] []
[2019-11-04 08:00:03] Credit Warning SMS Yellow Zone log.INFO: Credit warning SMS sent to customer 31Abbott [] []
[2019-11-04 08:00:03] Credit Warning SMS Yellow Zone log.INFO: Sending credit warning SMS to customer 29abbott [] []
[2019-11-04 08:00:03] Credit Warning SMS Yellow Zone log.INFO: Credit warning SMS sent to customer 29abbott [] []
[2019-11-04 08:00:03] Credit Warning SMS Yellow Zone log.INFO: Sending credit warning SMS to customer 6Abbott [] []
[2019-11-04 08:00:03] Credit Warning SMS Yellow Zone log.INFO: Credit warning SMS sent to customer 6Abbott [] []
[2019-11-04 08:00:03] Credit Warning SMS Yellow Zone log.INFO: Sending credit warning SMS to customer 64Abbott [] []
[2019-11-04 08:00:03] Credit Warning SMS Yellow Zone log.INFO: Credit warning SMS sent to customer 64Abbott [] []
[2019-11-04 08:00:03] Credit Warning SMS Yellow Zone log.INFO: Sending credit warning SMS to customer 68Abbott [] []
[2019-11-04 08:00:03] Credit Warning SMS Yellow Zone log.INFO: Credit warning SMS sent to customer 68Abbott [] []
[2019-11-04 08:00:03] Credit Warning SMS Yellow Zone log.INFO: Sending credit warning SMS to customer 62Abbott [] []
[2019-11-04 08:00:03] Credit Warning SMS Yellow Zone log.INFO: Credit warning SMS sent to customer 62Abbott [] []
[2019-11-04 08:00:03] Credit Warning SMS Yellow Zone log.INFO: Sending credit warning SMS to customer 44Abbott [] []
[2019-11-04 08:00:03] Credit Warning SMS Yellow Zone log.INFO: Credit warning SMS sent to customer 44Abbott [] []
[2019-11-04 08:00:03] Credit Warning SMS Yellow Zone log.INFO: Sending credit warning SMS to customer 91Abbott [] []
[2019-11-04 08:00:03] Credit Warning SMS Yellow Zone log.INFO: Credit warning SMS sent to customer 91Abbott [] []
[2019-11-04 08:00:03] Credit Warning SMS Yellow Zone log.INFO: Sending credit warning SMS to customer 71Abbott [] []
[2019-11-04 08:00:03] Credit Warning SMS Yellow Zone log.INFO: Credit warning SMS sent to customer 71Abbott [] []
[2019-11-04 08:00:03] Credit Warning SMS Yellow Zone log.INFO: Sending credit warning SMS to customer 105Abbott [] []
[2019-11-04 08:00:03] Credit Warning SMS Yellow Zone log.INFO: Credit warning SMS sent to customer 105Abbott [] []
[2019-11-04 08:00:03] Credit Warning SMS Yellow Zone log.INFO: Sending credit warning SMS to customer 111Abbott [] []
[2019-11-04 08:00:03] Credit Warning SMS Yellow Zone log.INFO: Credit warning SMS sent to customer 111Abbott [] []
[2019-11-04 08:00:03] Credit Warning SMS Yellow Zone log.INFO: Sending credit warning SMS to customer 120Abbott [] []
[2019-11-04 08:00:03] Credit Warning SMS Yellow Zone log.INFO: Credit warning SMS sent to customer 120Abbott [] []
[2019-11-04 08:00:03] Credit Warning SMS Yellow Zone log.INFO: Sending credit warning SMS to customer 98Abbott [] []
[2019-11-04 08:00:03] Credit Warning SMS Yellow Zone log.INFO: Credit warning SMS sent to customer 98Abbott [] []
[2019-11-04 08:00:03] Credit Warning SMS Yellow Zone log.INFO: Sending credit warning SMS to customer 116Abbott [] []
[2019-11-04 08:00:03] Credit Warning SMS Yellow Zone log.INFO: Credit warning SMS sent to customer 116Abbott [] []
[2019-11-04 08:00:03] Credit Warning SMS Yellow Zone log.INFO: Sending credit warning SMS to customer 118Abbott [] []
[2019-11-04 08:00:03] Credit Warning SMS Yellow Zone log.INFO: Credit warning SMS sent to customer 118Abbott [] []
[2019-11-04 08:00:03] Credit Warning SMS Yellow Zone log.INFO: Sending credit warning SMS to customer 161abbott [] []
[2019-11-04 08:00:03] Credit Warning SMS Yellow Zone log.INFO: Credit warning SMS sent to customer 161abbott [] []
[2019-11-04 08:00:03] Credit Warning SMS Yellow Zone log.INFO: Sending credit warning SMS to customer 177abbott [] []
[2019-11-04 08:00:03] Credit Warning SMS Yellow Zone log.INFO: Credit warning SMS sent to customer 177abbott [] []
[2019-11-04 08:00:03] Credit Warning SMS Yellow Zone log.INFO: Sending credit warning SMS to customer 127abbott [] []
[2019-11-04 08:00:03] Credit Warning SMS Yellow Zone log.INFO: Credit warning SMS sent to customer 127abbott [] []
[2019-11-04 08:00:03] Credit Warning SMS Yellow Zone log.INFO: Sending credit warning SMS to customer 146abbott [] []
[2019-11-04 08:00:03] Credit Warning SMS Yellow Zone log.INFO: Credit warning SMS sent to customer 146abbott [] []
[2019-11-04 08:00:03] Credit Warning SMS Yellow Zone log.INFO: Sending credit warning SMS to customer 18GreenBank [] []
[2019-11-04 08:00:03] Credit Warning SMS Yellow Zone log.INFO: Credit warning SMS sent to customer 18GreenBank [] []
[2019-11-04 08:00:03] Credit Warning SMS Yellow Zone log.INFO: Sending credit warning SMS to customer 187abbott [] []
[2019-11-04 08:00:03] Credit Warning SMS Yellow Zone log.INFO: Credit warning SMS sent to customer 187abbott [] []
[2019-11-04 08:00:03] Credit Warning SMS Yellow Zone log.INFO: Sending credit warning SMS to customer 130abbott [] []
[2019-11-04 08:00:03] Credit Warning SMS Yellow Zone log.INFO: Credit warning SMS sent to customer 130abbott [] []
[2019-11-04 08:00:03] Credit Warning SMS Yellow Zone log.INFO: Sending credit warning SMS to customer 170abbott [] []
[2019-11-04 08:00:03] Credit Warning SMS Yellow Zone log.INFO: Credit warning SMS sent to customer 170abbott [] []
[2019-11-04 08:00:03] Credit Warning SMS Yellow Zone log.INFO: Sending credit warning SMS to customer 19GreenBank [] []
[2019-11-04 08:00:03] Credit Warning SMS Yellow Zone log.INFO: Credit warning SMS sent to customer 19GreenBank [] []
[2019-11-04 08:00:03] Credit Warning SMS Yellow Zone log.INFO: Sending credit warning SMS to customer 22eustace [] []
[2019-11-04 08:00:03] Credit Warning SMS Yellow Zone log.INFO: Credit warning SMS sent to customer 22eustace [] []
[2019-11-04 08:00:03] Credit Warning SMS Yellow Zone log.INFO: Sending credit warning SMS to customer 29eustace [] []
[2019-11-04 08:00:03] Credit Warning SMS Yellow Zone log.INFO: Credit warning SMS sent to customer 29eustace [] []
[2019-11-04 08:00:03] Credit Warning SMS Yellow Zone log.INFO: Sending credit warning SMS to customer 74eustace [] []
[2019-11-04 08:00:03] Credit Warning SMS Yellow Zone log.INFO: Credit warning SMS sent to customer 74eustace [] []
[2019-11-04 08:00:03] Credit Warning SMS Yellow Zone log.INFO: Sending credit warning SMS to customer 67eustace [] []
[2019-11-04 08:00:03] Credit Warning SMS Yellow Zone log.INFO: Credit warning SMS sent to customer 67eustace [] []
[2019-11-04 08:00:03] Credit Warning SMS Yellow Zone log.INFO: Sending credit warning SMS to customer 136leona [] []
[2019-11-04 08:00:03] Credit Warning SMS Yellow Zone log.INFO: Credit warning SMS sent to customer 136leona [] []
[2019-11-04 08:00:03] Credit Warning SMS Yellow Zone log.INFO: Sending credit warning SMS to customer 28leona [] []
[2019-11-04 08:00:03] Credit Warning SMS Yellow Zone log.INFO: Credit warning SMS sent to customer 28leona [] []
[2019-11-04 08:00:03] Credit Warning SMS Yellow Zone log.INFO: Sending credit warning SMS to customer 13leona [] []
[2019-11-04 08:00:04] Credit Warning SMS Yellow Zone log.INFO: Credit warning SMS sent to customer 13leona [] []
[2019-11-04 08:00:04] Credit Warning SMS Yellow Zone log.INFO: Sending credit warning SMS to customer 135leona [] []
[2019-11-04 08:00:04] Credit Warning SMS Yellow Zone log.INFO: Credit warning SMS sent to customer 135leona [] []
[2019-11-04 08:00:04] Credit Warning SMS Yellow Zone log.INFO: Sending credit warning SMS to customer 58leona [] []
[2019-11-04 08:00:04] Credit Warning SMS Yellow Zone log.INFO: Credit warning SMS sent to customer 58leona [] []
[2019-11-04 08:00:04] Credit Warning SMS Yellow Zone log.INFO: Sending credit warning SMS to customer 37leona [] []
[2019-11-04 08:00:04] Credit Warning SMS Yellow Zone log.INFO: Credit warning SMS sent to customer 37leona [] []
[2019-11-04 08:00:04] Credit Warning SMS Yellow Zone log.INFO: Sending credit warning SMS to customer 53leona [] []
[2019-11-04 08:00:04] Credit Warning SMS Yellow Zone log.INFO: Credit warning SMS sent to customer 53leona [] []
[2019-11-04 08:00:04] Credit Warning SMS Yellow Zone log.INFO: Sending credit warning SMS to customer 35leona [] []
[2019-11-04 08:00:04] Credit Warning SMS Yellow Zone log.INFO: Credit warning SMS sent to customer 35leona [] []
[2019-11-04 08:00:04] Credit Warning SMS Yellow Zone log.INFO: Sending credit warning SMS to customer 70leona [] []
[2019-11-04 08:00:04] Credit Warning SMS Yellow Zone log.INFO: Credit warning SMS sent to customer 70leona [] []
[2019-11-04 08:00:04] Credit Warning SMS Yellow Zone log.INFO: Sending credit warning SMS to customer 102leona [] []
[2019-11-04 08:00:04] Credit Warning SMS Yellow Zone log.INFO: Credit warning SMS sent to customer 102leona [] []
[2019-11-04 08:00:04] Credit Warning SMS Yellow Zone log.INFO: Sending credit warning SMS to customer 112leona [] []
[2019-11-04 08:00:04] Credit Warning SMS Yellow Zone log.INFO: Credit warning SMS sent to customer 112leona [] []
[2019-11-04 08:00:04] Credit Warning SMS Yellow Zone log.INFO: Sending credit warning SMS to customer 155leona [] []
[2019-11-04 08:00:04] Credit Warning SMS Yellow Zone log.INFO: Credit warning SMS sent to customer 155leona [] []
[2019-11-04 08:00:04] Credit Warning SMS Yellow Zone log.INFO: Sending credit warning SMS to customer 29leona [] []
[2019-11-04 08:00:04] Credit Warning SMS Yellow Zone log.INFO: Credit warning SMS sent to customer 29leona [] []
[2019-11-04 08:00:04] Credit Warning SMS Yellow Zone log.INFO: Sending credit warning SMS to customer 39leona [] []
[2019-11-04 08:00:04] Credit Warning SMS Yellow Zone log.INFO: Credit warning SMS sent to customer 39leona [] []
[2019-11-04 08:00:04] Credit Warning SMS Yellow Zone log.INFO: Sending credit warning SMS to customer 157leona [] []
[2019-11-04 08:00:04] Credit Warning SMS Yellow Zone log.INFO: Credit warning SMS sent to customer 157leona [] []
[2019-11-04 08:00:04] Credit Warning SMS Yellow Zone log.INFO: Sending credit warning SMS to customer 20leona [] []
[2019-11-04 08:00:04] Credit Warning SMS Yellow Zone log.INFO: Credit warning SMS sent to customer 20leona [] []
[2019-11-04 08:00:04] Credit Warning SMS Yellow Zone log.INFO: Sending credit warning SMS to customer 138charlotte [] []
[2019-11-04 08:00:04] Credit Warning SMS Yellow Zone log.INFO: Credit warning SMS sent to customer 138charlotte [] []
[2019-11-04 08:00:04] Credit Warning SMS Yellow Zone log.INFO: Sending credit warning SMS to customer 103charlotte [] []
[2019-11-04 08:00:04] Credit Warning SMS Yellow Zone log.INFO: Credit warning SMS sent to customer 103charlotte [] []
[2019-11-04 08:00:04] Credit Warning SMS Yellow Zone log.INFO: Sending credit warning SMS to customer 144charlotte [] []
[2019-11-04 08:00:04] Credit Warning SMS Yellow Zone log.INFO: Credit warning SMS sent to customer 144charlotte [] []
[2019-11-04 08:00:04] Credit Warning SMS Yellow Zone log.INFO: Sending credit warning SMS to customer 156charlotte [] []
[2019-11-04 08:00:04] Credit Warning SMS Yellow Zone log.INFO: Credit warning SMS sent to customer 156charlotte [] []
[2019-11-04 08:00:04] Credit Warning SMS Yellow Zone log.INFO: Sending credit warning SMS to customer 42charlotte [] []
[2019-11-04 08:00:04] Credit Warning SMS Yellow Zone log.INFO: Credit warning SMS sent to customer 42charlotte [] []
[2019-11-04 08:00:04] Credit Warning SMS Yellow Zone log.INFO: Sending credit warning SMS to customer 50charlotte [] []
[2019-11-04 08:00:04] Credit Warning SMS Yellow Zone log.INFO: Credit warning SMS sent to customer 50charlotte [] []
[2019-11-04 08:00:04] Credit Warning SMS Yellow Zone log.INFO: Sending credit warning SMS to customer 28charlotte [] []
[2019-11-04 08:00:04] Credit Warning SMS Yellow Zone log.INFO: Credit warning SMS sent to customer 28charlotte [] []
[2019-11-04 08:00:04] Credit Warning SMS Yellow Zone log.INFO: Sending credit warning SMS to customer 7charlotte [] []
[2019-11-04 08:00:04] Credit Warning SMS Yellow Zone log.INFO: Credit warning SMS sent to customer 7charlotte [] []
[2019-11-04 08:00:04] Credit Warning SMS Yellow Zone log.INFO: Sending credit warning SMS to customer 39charlotte [] []
[2019-11-04 08:00:04] Credit Warning SMS Yellow Zone log.INFO: Credit warning SMS sent to customer 39charlotte [] []
[2019-11-04 08:00:04] Credit Warning SMS Yellow Zone log.INFO: Sending credit warning SMS to customer 54charlotte [] []
[2019-11-04 08:00:04] Credit Warning SMS Yellow Zone log.INFO: Credit warning SMS sent to customer 54charlotte [] []
[2019-11-04 08:00:04] Credit Warning SMS Yellow Zone log.INFO: Sending credit warning SMS to customer 35charlotte [] []
[2019-11-04 08:00:04] Credit Warning SMS Yellow Zone log.INFO: Credit warning SMS sent to customer 35charlotte [] []
[2019-11-04 08:00:04] Credit Warning SMS Yellow Zone log.INFO: Sending credit warning SMS to customer 3charlotte [] []
[2019-11-04 08:00:04] Credit Warning SMS Yellow Zone log.INFO: Credit warning SMS sent to customer 3charlotte [] []
[2019-11-04 08:00:04] Credit Warning SMS Yellow Zone log.INFO: Sending credit warning SMS to customer 85charlotte [] []
[2019-11-04 08:00:04] Credit Warning SMS Yellow Zone log.INFO: Credit warning SMS sent to customer 85charlotte [] []
[2019-11-04 08:00:04] Credit Warning SMS Yellow Zone log.INFO: Sending credit warning SMS to customer 157charlotte [] []
[2019-11-04 08:00:04] Credit Warning SMS Yellow Zone log.INFO: Credit warning SMS sent to customer 157charlotte [] []
[2019-11-04 08:00:04] Credit Warning SMS Yellow Zone log.INFO: Sending credit warning SMS to customer 115charlotte [] []
[2019-11-04 08:00:04] Credit Warning SMS Yellow Zone log.INFO: Credit warning SMS sent to customer 115charlotte [] []
[2019-11-04 08:00:04] Credit Warning SMS Yellow Zone log.INFO: Sending credit warning SMS to customer 124charlotte [] []
[2019-11-04 08:00:04] Credit Warning SMS Yellow Zone log.INFO: Credit warning SMS sent to customer 124charlotte [] []
[2019-11-04 08:00:04] Credit Warning SMS Yellow Zone log.INFO: Sending credit warning SMS to customer 135charlotte [] []
[2019-11-04 08:00:04] Credit Warning SMS Yellow Zone log.INFO: Credit warning SMS sent to customer 135charlotte [] []
[2019-11-04 08:00:04] Credit Warning SMS Yellow Zone log.INFO: Sending credit warning SMS to customer 8bridgefield [] []
[2019-11-04 08:00:04] Credit Warning SMS Yellow Zone log.INFO: Credit warning SMS sent to customer 8bridgefield [] []
[2019-11-04 08:00:04] Credit Warning SMS Yellow Zone log.INFO: Sending credit warning SMS to customer 32bridgefield [] []
[2019-11-04 08:00:04] Credit Warning SMS Yellow Zone log.INFO: Credit warning SMS sent to customer 32bridgefield [] []
[2019-11-04 08:00:04] Credit Warning SMS Yellow Zone log.INFO: Sending credit warning SMS to customer 41bridgefield [] []
[2019-11-04 08:00:05] Credit Warning SMS Yellow Zone log.INFO: Credit warning SMS sent to customer 41bridgefield [] []
[2019-11-04 08:00:05] Credit Warning SMS Yellow Zone log.INFO: Sending credit warning SMS to customer 42bridgefield [] []
[2019-11-04 08:00:05] Credit Warning SMS Yellow Zone log.INFO: Credit warning SMS sent to customer 42bridgefield [] []
[2019-11-04 08:00:05] Credit Warning SMS Yellow Zone log.INFO: Sending credit warning SMS to customer 66bridgefield [] []
[2019-11-04 08:00:05] Credit Warning SMS Yellow Zone log.INFO: Credit warning SMS sent to customer 66bridgefield [] []
[2019-11-04 08:00:05] Credit Warning SMS Yellow Zone log.INFO: Sending credit warning SMS to customer 77fairways [] []
[2019-11-04 08:00:05] Credit Warning SMS Yellow Zone log.INFO: Credit warning SMS sent to customer 77fairways [] []
[2019-11-04 08:00:05] Credit Warning SMS Yellow Zone log.INFO: Sending credit warning SMS to customer 84fairways [] []
[2019-11-04 08:00:05] Credit Warning SMS Yellow Zone log.INFO: Credit warning SMS sent to customer 84fairways [] []
[2019-11-04 08:00:05] Credit Warning SMS Yellow Zone log.INFO: Sending credit warning SMS to customer 86fairways [] []
[2019-11-04 08:00:05] Credit Warning SMS Yellow Zone log.INFO: Credit warning SMS sent to customer 86fairways [] []
[2019-11-04 08:00:05] Credit Warning SMS Yellow Zone log.INFO: Sending credit warning SMS to customer 89fairways [] []
[2019-11-04 08:00:05] Credit Warning SMS Yellow Zone log.INFO: Credit warning SMS sent to customer 89fairways [] []
[2019-11-04 08:00:05] Credit Warning SMS Yellow Zone log.INFO: Sending credit warning SMS to customer 104fairways [] []
[2019-11-04 08:00:05] Credit Warning SMS Yellow Zone log.INFO: Credit warning SMS sent to customer 104fairways [] []
[2019-11-04 08:00:05] Credit Warning SMS Yellow Zone log.INFO: Sent Credit warning SMS to 97 customers! [] []
