[2019-02-13 11:18:17] Credit Warning SMS Yellow Zone log.INFO: Sending credit warning SMS to customer 6sundayswell [] []
[2019-02-13 11:18:17] Credit Warning SMS Yellow Zone log.INFO: Credit warning SMS sent to customer 6sundayswell [] []
[2019-02-13 11:18:17] Credit Warning SMS Yellow Zone log.INFO: Sending credit warning SMS to customer 18sundayswell [] []
[2019-02-13 11:18:17] Credit Warning SMS Yellow Zone log.INFO: Credit warning SMS sent to customer 18sundayswell [] []
[2019-02-13 11:18:17] Credit Warning SMS Yellow Zone log.INFO: Sending credit warning SMS to customer 27garryknock [] []
[2019-02-13 11:18:17] Credit Warning SMS Yellow Zone log.INFO: Credit warning SMS sent to customer 27garryknock [] []
[2019-02-13 11:18:17] Credit Warning SMS Yellow Zone log.INFO: Sending credit warning SMS to customer 2sundayswell [] []
[2019-02-13 11:18:17] Credit Warning SMS Yellow Zone log.INFO: Credit warning SMS sent to customer 2sundayswell [] []
[2019-02-13 11:18:17] Credit Warning SMS Yellow Zone log.INFO: Sending credit warning SMS to customer 1Emerald [] []
[2019-02-13 11:18:17] Credit Warning SMS Yellow Zone log.INFO: Credit warning SMS sent to customer 1Emerald [] []
[2019-02-13 11:18:17] Credit Warning SMS Yellow Zone log.INFO: Sending credit warning SMS to customer 50Emerald [] []
[2019-02-13 11:18:17] Credit Warning SMS Yellow Zone log.INFO: Credit warning SMS sent to customer 50Emerald [] []
[2019-02-13 11:18:17] Credit Warning SMS Yellow Zone log.INFO: Sending credit warning SMS to customer 51Emerald [] []
[2019-02-13 11:18:17] Credit Warning SMS Yellow Zone log.INFO: Credit warning SMS sent to customer 51Emerald [] []
[2019-02-13 11:18:17] Credit Warning SMS Yellow Zone log.INFO: Sending credit warning SMS to customer 190neptune [] []
[2019-02-13 11:18:18] Credit Warning SMS Yellow Zone log.INFO: Credit warning SMS sent to customer 190neptune [] []
[2019-02-13 11:18:18] Credit Warning SMS Yellow Zone log.INFO: Sending credit warning SMS to customer 177neptune [] []
[2019-02-13 11:18:18] Credit Warning SMS Yellow Zone log.INFO: Credit warning SMS sent to customer 177neptune [] []
[2019-02-13 11:18:18] Credit Warning SMS Yellow Zone log.INFO: Sending credit warning SMS to customer 26neptune [] []
[2019-02-13 11:18:18] Credit Warning SMS Yellow Zone log.INFO: Credit warning SMS sent to customer 26neptune [] []
[2019-02-13 11:18:18] Credit Warning SMS Yellow Zone log.INFO: Sending credit warning SMS to customer 135Neptune [] []
[2019-02-13 11:18:18] Credit Warning SMS Yellow Zone log.INFO: Credit warning SMS sent to customer 135Neptune [] []
[2019-02-13 11:18:18] Credit Warning SMS Yellow Zone log.INFO: Sending credit warning SMS to customer 100Neptune [] []
[2019-02-13 11:18:18] Credit Warning SMS Yellow Zone log.INFO: Credit warning SMS sent to customer 100Neptune [] []
[2019-02-13 11:18:18] Credit Warning SMS Yellow Zone log.INFO: Sending credit warning SMS to customer 153Neptune [] []
[2019-02-13 11:18:18] Credit Warning SMS Yellow Zone log.INFO: Credit warning SMS sent to customer 153Neptune [] []
[2019-02-13 11:18:18] Credit Warning SMS Yellow Zone log.INFO: Sending credit warning SMS to customer 55Neptune [] []
[2019-02-13 11:18:18] Credit Warning SMS Yellow Zone log.INFO: Credit warning SMS sent to customer 55Neptune [] []
[2019-02-13 11:18:18] Credit Warning SMS Yellow Zone log.INFO: Sending credit warning SMS to customer 94Neptune [] []
[2019-02-13 11:18:18] Credit Warning SMS Yellow Zone log.INFO: Credit warning SMS sent to customer 94Neptune [] []
[2019-02-13 11:18:18] Credit Warning SMS Yellow Zone log.INFO: Sending credit warning SMS to customer 80Neptune [] []
[2019-02-13 11:18:18] Credit Warning SMS Yellow Zone log.INFO: Credit warning SMS sent to customer 80Neptune [] []
[2019-02-13 11:18:18] Credit Warning SMS Yellow Zone log.INFO: Sending credit warning SMS to customer 9neptune [] []
[2019-02-13 11:18:18] Credit Warning SMS Yellow Zone log.INFO: Credit warning SMS sent to customer 9neptune [] []
[2019-02-13 11:18:18] Credit Warning SMS Yellow Zone log.INFO: Sending credit warning SMS to customer 111Neptune [] []
[2019-02-13 11:18:18] Credit Warning SMS Yellow Zone log.INFO: Credit warning SMS sent to customer 111Neptune [] []
[2019-02-13 11:18:18] Credit Warning SMS Yellow Zone log.INFO: Sending credit warning SMS to customer 14Abbott [] []
[2019-02-13 11:18:18] Credit Warning SMS Yellow Zone log.INFO: Credit warning SMS sent to customer 14Abbott [] []
[2019-02-13 11:18:18] Credit Warning SMS Yellow Zone log.INFO: Sending credit warning SMS to customer 15Abbott [] []
[2019-02-13 11:18:18] Credit Warning SMS Yellow Zone log.INFO: Credit warning SMS sent to customer 15Abbott [] []
[2019-02-13 11:18:18] Credit Warning SMS Yellow Zone log.INFO: Sending credit warning SMS to customer 35Abbott [] []
[2019-02-13 11:18:18] Credit Warning SMS Yellow Zone log.INFO: Credit warning SMS sent to customer 35Abbott [] []
[2019-02-13 11:18:18] Credit Warning SMS Yellow Zone log.INFO: Sending credit warning SMS to customer 46Abbott [] []
[2019-02-13 11:18:18] Credit Warning SMS Yellow Zone log.INFO: Credit warning SMS sent to customer 46Abbott [] []
[2019-02-13 11:18:18] Credit Warning SMS Yellow Zone log.INFO: Sending credit warning SMS to customer 47Abbott [] []
[2019-02-13 11:18:18] Credit Warning SMS Yellow Zone log.INFO: Credit warning SMS sent to customer 47Abbott [] []
[2019-02-13 11:18:18] Credit Warning SMS Yellow Zone log.INFO: Sending credit warning SMS to customer 43Abbott [] []
[2019-02-13 11:18:18] Credit Warning SMS Yellow Zone log.INFO: Credit warning SMS sent to customer 43Abbott [] []
[2019-02-13 11:18:18] Credit Warning SMS Yellow Zone log.INFO: Sending credit warning SMS to customer 85Abbott [] []
[2019-02-13 11:18:18] Credit Warning SMS Yellow Zone log.INFO: Credit warning SMS sent to customer 85Abbott [] []
[2019-02-13 11:18:18] Credit Warning SMS Yellow Zone log.INFO: Sending credit warning SMS to customer 84Abbott [] []
[2019-02-13 11:18:18] Credit Warning SMS Yellow Zone log.INFO: Credit warning SMS sent to customer 84Abbott [] []
[2019-02-13 11:18:18] Credit Warning SMS Yellow Zone log.INFO: Sending credit warning SMS to customer 109Abbott [] []
[2019-02-13 11:18:18] Credit Warning SMS Yellow Zone log.INFO: Credit warning SMS sent to customer 109Abbott [] []
[2019-02-13 11:18:18] Credit Warning SMS Yellow Zone log.INFO: Sending credit warning SMS to customer 111Abbott [] []
[2019-02-13 11:18:18] Credit Warning SMS Yellow Zone log.INFO: Credit warning SMS sent to customer 111Abbott [] []
[2019-02-13 11:18:18] Credit Warning SMS Yellow Zone log.INFO: Sending credit warning SMS to customer 118Abbott [] []
[2019-02-13 11:18:18] Credit Warning SMS Yellow Zone log.INFO: Credit warning SMS sent to customer 118Abbott [] []
[2019-02-13 11:18:18] Credit Warning SMS Yellow Zone log.INFO: Sending credit warning SMS to customer 99Abbott [] []
[2019-02-13 11:18:18] Credit Warning SMS Yellow Zone log.INFO: Credit warning SMS sent to customer 99Abbott [] []
[2019-02-13 11:18:18] Credit Warning SMS Yellow Zone log.INFO: Sending credit warning SMS to customer 170abbott [] []
[2019-02-13 11:18:18] Credit Warning SMS Yellow Zone log.INFO: Credit warning SMS sent to customer 170abbott [] []
[2019-02-13 11:18:18] Credit Warning SMS Yellow Zone log.INFO: Sending credit warning SMS to customer 166abbott [] []
[2019-02-13 11:18:18] Credit Warning SMS Yellow Zone log.INFO: Credit warning SMS sent to customer 166abbott [] []
[2019-02-13 11:18:18] Credit Warning SMS Yellow Zone log.INFO: Sending credit warning SMS to customer 185abbott [] []
[2019-02-13 11:18:18] Credit Warning SMS Yellow Zone log.INFO: Credit warning SMS sent to customer 185abbott [] []
[2019-02-13 11:18:18] Credit Warning SMS Yellow Zone log.INFO: Sending credit warning SMS to customer 186abbott [] []
[2019-02-13 11:18:18] Credit Warning SMS Yellow Zone log.INFO: Credit warning SMS sent to customer 186abbott [] []
[2019-02-13 11:18:18] Credit Warning SMS Yellow Zone log.INFO: Sending credit warning SMS to customer 130abbott [] []
[2019-02-13 11:18:18] Credit Warning SMS Yellow Zone log.INFO: Credit warning SMS sent to customer 130abbott [] []
[2019-02-13 11:18:18] Credit Warning SMS Yellow Zone log.INFO: Sending credit warning SMS to customer 189abbott [] []
[2019-02-13 11:18:18] Credit Warning SMS Yellow Zone log.INFO: Credit warning SMS sent to customer 189abbott [] []
[2019-02-13 11:18:18] Credit Warning SMS Yellow Zone log.INFO: Sending credit warning SMS to customer 14eustace [] []
[2019-02-13 11:18:19] Credit Warning SMS Yellow Zone log.INFO: Credit warning SMS sent to customer 14eustace [] []
[2019-02-13 11:18:19] Credit Warning SMS Yellow Zone log.INFO: Sending credit warning SMS to customer 15eustace [] []
[2019-02-13 11:18:19] Credit Warning SMS Yellow Zone log.INFO: Credit warning SMS sent to customer 15eustace [] []
[2019-02-13 11:18:19] Credit Warning SMS Yellow Zone log.INFO: Sending credit warning SMS to customer 149leona [] []
[2019-02-13 11:18:19] Credit Warning SMS Yellow Zone log.INFO: Credit warning SMS sent to customer 149leona [] []
[2019-02-13 11:18:19] Credit Warning SMS Yellow Zone log.INFO: Sending credit warning SMS to customer 5leona [] []
[2019-02-13 11:18:19] Credit Warning SMS Yellow Zone log.INFO: Credit warning SMS sent to customer 5leona [] []
[2019-02-13 11:18:19] Credit Warning SMS Yellow Zone log.INFO: Sending credit warning SMS to customer 21leona [] []
[2019-02-13 11:18:19] Credit Warning SMS Yellow Zone log.INFO: Credit warning SMS sent to customer 21leona [] []
[2019-02-13 11:18:19] Credit Warning SMS Yellow Zone log.INFO: Sending credit warning SMS to customer 80leona [] []
[2019-02-13 11:18:19] Credit Warning SMS Yellow Zone log.INFO: Credit warning SMS sent to customer 80leona [] []
[2019-02-13 11:18:19] Credit Warning SMS Yellow Zone log.INFO: Sending credit warning SMS to customer 88leona [] []
[2019-02-13 11:18:19] Credit Warning SMS Yellow Zone log.INFO: Credit warning SMS sent to customer 88leona [] []
[2019-02-13 11:18:19] Credit Warning SMS Yellow Zone log.INFO: Sending credit warning SMS to customer 134charlotte [] []
[2019-02-13 11:18:19] Credit Warning SMS Yellow Zone log.INFO: Credit warning SMS sent to customer 134charlotte [] []
[2019-02-13 11:18:19] Credit Warning SMS Yellow Zone log.INFO: Sending credit warning SMS to customer 117charlotte [] []
[2019-02-13 11:18:19] Credit Warning SMS Yellow Zone log.INFO: Credit warning SMS sent to customer 117charlotte [] []
[2019-02-13 11:18:19] Credit Warning SMS Yellow Zone log.INFO: Sending credit warning SMS to customer 15charlotte [] []
[2019-02-13 11:18:19] Credit Warning SMS Yellow Zone log.INFO: Credit warning SMS sent to customer 15charlotte [] []
[2019-02-13 11:18:19] Credit Warning SMS Yellow Zone log.INFO: Sending credit warning SMS to customer 49charlotte [] []
[2019-02-13 11:18:19] Credit Warning SMS Yellow Zone log.INFO: Credit warning SMS sent to customer 49charlotte [] []
[2019-02-13 11:18:19] Credit Warning SMS Yellow Zone log.INFO: Sending credit warning SMS to customer 18charlotte [] []
[2019-02-13 11:18:19] Credit Warning SMS Yellow Zone log.INFO: Credit warning SMS sent to customer 18charlotte [] []
