[2019-09-08 10:30:01] Credit Warning SMS Yellow Zone log.INFO: Sending credit warning SMS to customer 16sundayswell [] []
[2019-09-08 10:30:01] Credit Warning SMS Yellow Zone log.INFO: Credit warning SMS sent to customer 16sundayswell [] []
[2019-09-08 10:30:01] Credit Warning SMS Yellow Zone log.INFO: Sending credit warning SMS to customer 2brackenview [] []
[2019-09-08 10:30:01] Credit Warning SMS Yellow Zone log.INFO: Credit warning SMS sent to customer 2brackenview [] []
[2019-09-08 10:30:01] Credit Warning SMS Yellow Zone log.INFO: Sending credit warning SMS to customer 6Emerald [] []
[2019-09-08 10:30:01] Credit Warning SMS Yellow Zone log.INFO: Credit warning SMS sent to customer 6Emerald [] []
[2019-09-08 10:30:01] Credit Warning SMS Yellow Zone log.INFO: Sending credit warning SMS to customer 8Emerald [] []
[2019-09-08 10:30:01] Credit Warning SMS Yellow Zone log.INFO: Credit warning SMS sent to customer 8Emerald [] []
[2019-09-08 10:30:01] Credit Warning SMS Yellow Zone log.INFO: Sending credit warning SMS to customer 47Emerald [] []
[2019-09-08 10:30:01] Credit Warning SMS Yellow Zone log.INFO: Credit warning SMS sent to customer 47Emerald [] []
[2019-09-08 10:30:01] Credit Warning SMS Yellow Zone log.INFO: Sending credit warning SMS to customer 19Emerald [] []
[2019-09-08 10:30:01] Credit Warning SMS Yellow Zone log.INFO: Credit warning SMS sent to customer 19Emerald [] []
[2019-09-08 10:30:01] Credit Warning SMS Yellow Zone log.INFO: Sending credit warning SMS to customer 45Emerald [] []
[2019-09-08 10:30:01] Credit Warning SMS Yellow Zone log.INFO: Credit warning SMS sent to customer 45Emerald [] []
[2019-09-08 10:30:01] Credit Warning SMS Yellow Zone log.INFO: Sending credit warning SMS to customer 7Emerald [] []
[2019-09-08 10:30:01] Credit Warning SMS Yellow Zone log.INFO: Credit warning SMS sent to customer 7Emerald [] []
[2019-09-08 10:30:01] Credit Warning SMS Yellow Zone log.INFO: Sending credit warning SMS to customer 5Emerald [] []
[2019-09-08 10:30:01] Credit Warning SMS Yellow Zone log.INFO: Credit warning SMS sent to customer 5Emerald [] []
[2019-09-08 10:30:01] Credit Warning SMS Yellow Zone log.INFO: Sending credit warning SMS to customer 16neptune [] []
[2019-09-08 10:30:01] Credit Warning SMS Yellow Zone log.INFO: Credit warning SMS sent to customer 16neptune [] []
[2019-09-08 10:30:01] Credit Warning SMS Yellow Zone log.INFO: Sending credit warning SMS to customer 135Neptune [] []
[2019-09-08 10:30:02] Credit Warning SMS Yellow Zone log.INFO: Credit warning SMS sent to customer 135Neptune [] []
[2019-09-08 10:30:02] Credit Warning SMS Yellow Zone log.INFO: Sending credit warning SMS to customer 69Neptune [] []
[2019-09-08 10:30:02] Credit Warning SMS Yellow Zone log.INFO: Credit warning SMS sent to customer 69Neptune [] []
[2019-09-08 10:30:02] Credit Warning SMS Yellow Zone log.INFO: Sending credit warning SMS to customer 88Neptune [] []
[2019-09-08 10:30:02] Credit Warning SMS Yellow Zone log.INFO: Credit warning SMS sent to customer 88Neptune [] []
[2019-09-08 10:30:02] Credit Warning SMS Yellow Zone log.INFO: Sending credit warning SMS to customer 7neptune [] []
[2019-09-08 10:30:02] Credit Warning SMS Yellow Zone log.INFO: Credit warning SMS sent to customer 7neptune [] []
[2019-09-08 10:30:02] Credit Warning SMS Yellow Zone log.INFO: Sending credit warning SMS to customer 165neptune [] []
[2019-09-08 10:30:02] Credit Warning SMS Yellow Zone log.INFO: Credit warning SMS sent to customer 165neptune [] []
[2019-09-08 10:30:02] Credit Warning SMS Yellow Zone log.INFO: Sending credit warning SMS to customer 152Neptune [] []
[2019-09-08 10:30:02] Credit Warning SMS Yellow Zone log.INFO: Credit warning SMS sent to customer 152Neptune [] []
[2019-09-08 10:30:02] Credit Warning SMS Yellow Zone log.INFO: Sending credit warning SMS to customer 8Abbott [] []
[2019-09-08 10:30:02] Credit Warning SMS Yellow Zone log.INFO: Credit warning SMS sent to customer 8Abbott [] []
[2019-09-08 10:30:02] Credit Warning SMS Yellow Zone log.INFO: Sending credit warning SMS to customer 1Abbott [] []
[2019-09-08 10:30:02] Credit Warning SMS Yellow Zone log.INFO: Credit warning SMS sent to customer 1Abbott [] []
[2019-09-08 10:30:02] Credit Warning SMS Yellow Zone log.INFO: Sending credit warning SMS to customer 10Abbott [] []
[2019-09-08 10:30:02] Credit Warning SMS Yellow Zone log.INFO: Credit warning SMS sent to customer 10Abbott [] []
[2019-09-08 10:30:02] Credit Warning SMS Yellow Zone log.INFO: Sending credit warning SMS to customer 12Abbott [] []
[2019-09-08 10:30:02] Credit Warning SMS Yellow Zone log.INFO: Credit warning SMS sent to customer 12Abbott [] []
[2019-09-08 10:30:02] Credit Warning SMS Yellow Zone log.INFO: Sending credit warning SMS to customer 15Abbott [] []
[2019-09-08 10:30:02] Credit Warning SMS Yellow Zone log.INFO: Credit warning SMS sent to customer 15Abbott [] []
[2019-09-08 10:30:02] Credit Warning SMS Yellow Zone log.INFO: Sending credit warning SMS to customer 21Abbott [] []
[2019-09-08 10:30:02] Credit Warning SMS Yellow Zone log.INFO: Credit warning SMS sent to customer 21Abbott [] []
[2019-09-08 10:30:02] Credit Warning SMS Yellow Zone log.INFO: Sending credit warning SMS to customer 24Abbott [] []
[2019-09-08 10:30:02] Credit Warning SMS Yellow Zone log.INFO: Credit warning SMS sent to customer 24Abbott [] []
[2019-09-08 10:30:02] Credit Warning SMS Yellow Zone log.INFO: Sending credit warning SMS to customer 28Abbott [] []
[2019-09-08 10:30:02] Credit Warning SMS Yellow Zone log.INFO: Credit warning SMS sent to customer 28Abbott [] []
[2019-09-08 10:30:02] Credit Warning SMS Yellow Zone log.INFO: Sending credit warning SMS to customer 36Abbott [] []
[2019-09-08 10:30:02] Credit Warning SMS Yellow Zone log.INFO: Credit warning SMS sent to customer 36Abbott [] []
[2019-09-08 10:30:02] Credit Warning SMS Yellow Zone log.INFO: Sending credit warning SMS to customer 46Abbott [] []
[2019-09-08 10:30:02] Credit Warning SMS Yellow Zone log.INFO: Credit warning SMS sent to customer 46Abbott [] []
[2019-09-08 10:30:02] Credit Warning SMS Yellow Zone log.INFO: Sending credit warning SMS to customer 74Abbott [] []
[2019-09-08 10:30:02] Credit Warning SMS Yellow Zone log.INFO: Credit warning SMS sent to customer 74Abbott [] []
[2019-09-08 10:30:02] Credit Warning SMS Yellow Zone log.INFO: Sending credit warning SMS to customer 64Abbott [] []
[2019-09-08 10:30:02] Credit Warning SMS Yellow Zone log.INFO: Credit warning SMS sent to customer 64Abbott [] []
[2019-09-08 10:30:02] Credit Warning SMS Yellow Zone log.INFO: Sending credit warning SMS to customer 82Abbott [] []
[2019-09-08 10:30:02] Credit Warning SMS Yellow Zone log.INFO: Credit warning SMS sent to customer 82Abbott [] []
[2019-09-08 10:30:02] Credit Warning SMS Yellow Zone log.INFO: Sending credit warning SMS to customer 65Abbott [] []
[2019-09-08 10:30:02] Credit Warning SMS Yellow Zone log.INFO: Credit warning SMS sent to customer 65Abbott [] []
[2019-09-08 10:30:02] Credit Warning SMS Yellow Zone log.INFO: Sending credit warning SMS to customer 71Abbott [] []
[2019-09-08 10:30:02] Credit Warning SMS Yellow Zone log.INFO: Credit warning SMS sent to customer 71Abbott [] []
[2019-09-08 10:30:02] Credit Warning SMS Yellow Zone log.INFO: Sending credit warning SMS to customer 105Abbott [] []
[2019-09-08 10:30:02] Credit Warning SMS Yellow Zone log.INFO: Credit warning SMS sent to customer 105Abbott [] []
[2019-09-08 10:30:02] Credit Warning SMS Yellow Zone log.INFO: Sending credit warning SMS to customer 111Abbott [] []
[2019-09-08 10:30:02] Credit Warning SMS Yellow Zone log.INFO: Credit warning SMS sent to customer 111Abbott [] []
[2019-09-08 10:30:02] Credit Warning SMS Yellow Zone log.INFO: Sending credit warning SMS to customer 112abbott [] []
[2019-09-08 10:30:02] Credit Warning SMS Yellow Zone log.INFO: Credit warning SMS sent to customer 112abbott [] []
[2019-09-08 10:30:02] Credit Warning SMS Yellow Zone log.INFO: Sending credit warning SMS to customer 98Abbott [] []
[2019-09-08 10:30:02] Credit Warning SMS Yellow Zone log.INFO: Credit warning SMS sent to customer 98Abbott [] []
[2019-09-08 10:30:02] Credit Warning SMS Yellow Zone log.INFO: Sending credit warning SMS to customer 118Abbott [] []
[2019-09-08 10:30:02] Credit Warning SMS Yellow Zone log.INFO: Credit warning SMS sent to customer 118Abbott [] []
[2019-09-08 10:30:02] Credit Warning SMS Yellow Zone log.INFO: Sending credit warning SMS to customer 95Abbott [] []
[2019-09-08 10:30:03] Credit Warning SMS Yellow Zone log.INFO: Credit warning SMS sent to customer 95Abbott [] []
[2019-09-08 10:30:03] Credit Warning SMS Yellow Zone log.INFO: Sending credit warning SMS to customer 129abbott [] []
[2019-09-08 10:30:03] Credit Warning SMS Yellow Zone log.INFO: Credit warning SMS sent to customer 129abbott [] []
[2019-09-08 10:30:03] Credit Warning SMS Yellow Zone log.INFO: Sending credit warning SMS to customer 174abbott [] []
[2019-09-08 10:30:03] Credit Warning SMS Yellow Zone log.INFO: Credit warning SMS sent to customer 174abbott [] []
[2019-09-08 10:30:03] Credit Warning SMS Yellow Zone log.INFO: Sending credit warning SMS to customer 187abbott [] []
[2019-09-08 10:30:03] Credit Warning SMS Yellow Zone log.INFO: Credit warning SMS sent to customer 187abbott [] []
[2019-09-08 10:30:03] Credit Warning SMS Yellow Zone log.INFO: Sending credit warning SMS to customer 55eustace [] []
[2019-09-08 10:30:03] Credit Warning SMS Yellow Zone log.INFO: Credit warning SMS sent to customer 55eustace [] []
[2019-09-08 10:30:03] Credit Warning SMS Yellow Zone log.INFO: Sending credit warning SMS to customer 7eustace [] []
[2019-09-08 10:30:03] Credit Warning SMS Yellow Zone log.INFO: Credit warning SMS sent to customer 7eustace [] []
[2019-09-08 10:30:03] Credit Warning SMS Yellow Zone log.INFO: Sending credit warning SMS to customer 34leona [] []
[2019-09-08 10:30:03] Credit Warning SMS Yellow Zone log.INFO: Credit warning SMS sent to customer 34leona [] []
[2019-09-08 10:30:03] Credit Warning SMS Yellow Zone log.INFO: Sending credit warning SMS to customer 5leona [] []
[2019-09-08 10:30:03] Credit Warning SMS Yellow Zone log.INFO: Credit warning SMS sent to customer 5leona [] []
[2019-09-08 10:30:03] Credit Warning SMS Yellow Zone log.INFO: Sending credit warning SMS to customer 21leona [] []
[2019-09-08 10:30:03] Credit Warning SMS Yellow Zone log.INFO: Credit warning SMS sent to customer 21leona [] []
[2019-09-08 10:30:03] Credit Warning SMS Yellow Zone log.INFO: Sending credit warning SMS to customer 58leona [] []
[2019-09-08 10:30:03] Credit Warning SMS Yellow Zone log.INFO: Credit warning SMS sent to customer 58leona [] []
[2019-09-08 10:30:03] Credit Warning SMS Yellow Zone log.INFO: Sending credit warning SMS to customer 56leona [] []
[2019-09-08 10:30:03] Credit Warning SMS Yellow Zone log.INFO: Credit warning SMS sent to customer 56leona [] []
[2019-09-08 10:30:03] Credit Warning SMS Yellow Zone log.INFO: Sending credit warning SMS to customer 126leona [] []
[2019-09-08 10:30:03] Credit Warning SMS Yellow Zone log.INFO: Credit warning SMS sent to customer 126leona [] []
[2019-09-08 10:30:03] Credit Warning SMS Yellow Zone log.INFO: Sending credit warning SMS to customer 76leona [] []
[2019-09-08 10:30:03] Credit Warning SMS Yellow Zone log.INFO: Credit warning SMS sent to customer 76leona [] []
[2019-09-08 10:30:03] Credit Warning SMS Yellow Zone log.INFO: Sending credit warning SMS to customer 114leona [] []
[2019-09-08 10:30:03] Credit Warning SMS Yellow Zone log.INFO: Credit warning SMS sent to customer 114leona [] []
[2019-09-08 10:30:03] Credit Warning SMS Yellow Zone log.INFO: Sending credit warning SMS to customer 119charlotte [] []
[2019-09-08 10:30:03] Credit Warning SMS Yellow Zone log.INFO: Credit warning SMS sent to customer 119charlotte [] []
[2019-09-08 10:30:03] Credit Warning SMS Yellow Zone log.INFO: Sending credit warning SMS to customer 142charlotte [] []
[2019-09-08 10:30:03] Credit Warning SMS Yellow Zone log.INFO: Credit warning SMS sent to customer 142charlotte [] []
[2019-09-08 10:30:03] Credit Warning SMS Yellow Zone log.INFO: Sending credit warning SMS to customer 153charlotte [] []
[2019-09-08 10:30:03] Credit Warning SMS Yellow Zone log.INFO: Credit warning SMS sent to customer 153charlotte [] []
[2019-09-08 10:30:03] Credit Warning SMS Yellow Zone log.INFO: Sending credit warning SMS to customer 103charlotte [] []
[2019-09-08 10:30:03] Credit Warning SMS Yellow Zone log.INFO: Credit warning SMS sent to customer 103charlotte [] []
[2019-09-08 10:30:03] Credit Warning SMS Yellow Zone log.INFO: Sending credit warning SMS to customer 111charlotte [] []
[2019-09-08 10:30:03] Credit Warning SMS Yellow Zone log.INFO: Credit warning SMS sent to customer 111charlotte [] []
[2019-09-08 10:30:03] Credit Warning SMS Yellow Zone log.INFO: Sending credit warning SMS to customer 40charlotte [] []
[2019-09-08 10:30:03] Credit Warning SMS Yellow Zone log.INFO: Credit warning SMS sent to customer 40charlotte [] []
[2019-09-08 10:30:03] Credit Warning SMS Yellow Zone log.INFO: Sending credit warning SMS to customer 53charlotte [] []
[2019-09-08 10:30:03] Credit Warning SMS Yellow Zone log.INFO: Credit warning SMS sent to customer 53charlotte [] []
[2019-09-08 10:30:03] Credit Warning SMS Yellow Zone log.INFO: Sending credit warning SMS to customer 82charlotte [] []
[2019-09-08 10:30:03] Credit Warning SMS Yellow Zone log.INFO: Credit warning SMS sent to customer 82charlotte [] []
[2019-09-08 10:30:03] Credit Warning SMS Yellow Zone log.INFO: Sending credit warning SMS to customer 81charlotte [] []
[2019-09-08 10:30:03] Credit Warning SMS Yellow Zone log.INFO: Credit warning SMS sent to customer 81charlotte [] []
[2019-09-08 10:30:03] Credit Warning SMS Yellow Zone log.INFO: Sending credit warning SMS to customer 115charlotte [] []
[2019-09-08 10:30:03] Credit Warning SMS Yellow Zone log.INFO: Credit warning SMS sent to customer 115charlotte [] []
[2019-09-08 10:30:03] Credit Warning SMS Yellow Zone log.INFO: Sent Credit warning SMS to 60 customers! [] []
