[2019-03-08 08:00:01] Credit Warning SMS Yellow Zone log.INFO: Sending credit warning SMS to customer 17brackenview [] []
[2019-03-08 08:00:01] Credit Warning SMS Yellow Zone log.INFO: Credit warning SMS sent to customer 17brackenview [] []
[2019-03-08 08:00:01] Credit Warning SMS Yellow Zone log.INFO: Sending credit warning SMS to customer 12brackenview [] []
[2019-03-08 08:00:01] Credit Warning SMS Yellow Zone log.INFO: Credit warning SMS sent to customer 12brackenview [] []
[2019-03-08 08:00:01] Credit Warning SMS Yellow Zone log.INFO: Sending credit warning SMS to customer 23brackenview [] []
[2019-03-08 08:00:01] Credit Warning SMS Yellow Zone log.INFO: Credit warning SMS sent to customer 23brackenview [] []
[2019-03-08 08:00:01] Credit Warning SMS Yellow Zone log.INFO: Sending credit warning SMS to customer 12sundayswell [] []
[2019-03-08 08:00:02] Credit Warning SMS Yellow Zone log.INFO: Credit warning SMS sent to customer 12sundayswell [] []
[2019-03-08 08:00:02] Credit Warning SMS Yellow Zone log.INFO: Sending credit warning SMS to customer 9garryknock [] []
[2019-03-08 08:00:02] Credit Warning SMS Yellow Zone log.INFO: Credit warning SMS sent to customer 9garryknock [] []
[2019-03-08 08:00:02] Credit Warning SMS Yellow Zone log.INFO: Sending credit warning SMS to customer 1garryknock [] []
[2019-03-08 08:00:02] Credit Warning SMS Yellow Zone log.INFO: Credit warning SMS sent to customer 1garryknock [] []
[2019-03-08 08:00:02] Credit Warning SMS Yellow Zone log.INFO: Sending credit warning SMS to customer 27garryknock [] []
[2019-03-08 08:00:02] Credit Warning SMS Yellow Zone log.INFO: Credit warning SMS sent to customer 27garryknock [] []
[2019-03-08 08:00:02] Credit Warning SMS Yellow Zone log.INFO: Sending credit warning SMS to customer 16sundayswell [] []
[2019-03-08 08:00:02] Credit Warning SMS Yellow Zone log.INFO: Credit warning SMS sent to customer 16sundayswell [] []
[2019-03-08 08:00:02] Credit Warning SMS Yellow Zone log.INFO: Sending credit warning SMS to customer 3Emerald [] []
[2019-03-08 08:00:02] Credit Warning SMS Yellow Zone log.INFO: Credit warning SMS sent to customer 3Emerald [] []
[2019-03-08 08:00:02] Credit Warning SMS Yellow Zone log.INFO: Sending credit warning SMS to customer 44Emerald [] []
[2019-03-08 08:00:02] Credit Warning SMS Yellow Zone log.INFO: Credit warning SMS sent to customer 44Emerald [] []
[2019-03-08 08:00:02] Credit Warning SMS Yellow Zone log.INFO: Sending credit warning SMS to customer 19Emerald [] []
[2019-03-08 08:00:02] Credit Warning SMS Yellow Zone log.INFO: Credit warning SMS sent to customer 19Emerald [] []
[2019-03-08 08:00:02] Credit Warning SMS Yellow Zone log.INFO: Sending credit warning SMS to customer 16neptune [] []
[2019-03-08 08:00:02] Credit Warning SMS Yellow Zone log.INFO: Credit warning SMS sent to customer 16neptune [] []
[2019-03-08 08:00:02] Credit Warning SMS Yellow Zone log.INFO: Sending credit warning SMS to customer 148Neptune [] []
[2019-03-08 08:00:02] Credit Warning SMS Yellow Zone log.INFO: Credit warning SMS sent to customer 148Neptune [] []
[2019-03-08 08:00:02] Credit Warning SMS Yellow Zone log.INFO: Sending credit warning SMS to customer 93Neptune [] []
[2019-03-08 08:00:02] Credit Warning SMS Yellow Zone log.INFO: Credit warning SMS sent to customer 93Neptune [] []
[2019-03-08 08:00:02] Credit Warning SMS Yellow Zone log.INFO: Sending credit warning SMS to customer 153Neptune [] []
[2019-03-08 08:00:02] Credit Warning SMS Yellow Zone log.INFO: Credit warning SMS sent to customer 153Neptune [] []
[2019-03-08 08:00:02] Credit Warning SMS Yellow Zone log.INFO: Sending credit warning SMS to customer 68Neptune [] []
[2019-03-08 08:00:02] Credit Warning SMS Yellow Zone log.INFO: Credit warning SMS sent to customer 68Neptune [] []
[2019-03-08 08:00:02] Credit Warning SMS Yellow Zone log.INFO: Sending credit warning SMS to customer 80Neptune [] []
[2019-03-08 08:00:02] Credit Warning SMS Yellow Zone log.INFO: Credit warning SMS sent to customer 80Neptune [] []
[2019-03-08 08:00:02] Credit Warning SMS Yellow Zone log.INFO: Sending credit warning SMS to customer 95Neptune [] []
[2019-03-08 08:00:02] Credit Warning SMS Yellow Zone log.INFO: Credit warning SMS sent to customer 95Neptune [] []
[2019-03-08 08:00:02] Credit Warning SMS Yellow Zone log.INFO: Sending credit warning SMS to customer 27neptune [] []
[2019-03-08 08:00:02] Credit Warning SMS Yellow Zone log.INFO: Credit warning SMS sent to customer 27neptune [] []
[2019-03-08 08:00:02] Credit Warning SMS Yellow Zone log.INFO: Sending credit warning SMS to customer 121Neptune [] []
[2019-03-08 08:00:02] Credit Warning SMS Yellow Zone log.INFO: Credit warning SMS sent to customer 121Neptune [] []
[2019-03-08 08:00:02] Credit Warning SMS Yellow Zone log.INFO: Sending credit warning SMS to customer 20neptune [] []
[2019-03-08 08:00:02] Credit Warning SMS Yellow Zone log.INFO: Credit warning SMS sent to customer 20neptune [] []
[2019-03-08 08:00:02] Credit Warning SMS Yellow Zone log.INFO: Sending credit warning SMS to customer 1Abbott [] []
[2019-03-08 08:00:02] Credit Warning SMS Yellow Zone log.INFO: Credit warning SMS sent to customer 1Abbott [] []
[2019-03-08 08:00:02] Credit Warning SMS Yellow Zone log.INFO: Sending credit warning SMS to customer 3Abbott [] []
[2019-03-08 08:00:02] Credit Warning SMS Yellow Zone log.INFO: Credit warning SMS sent to customer 3Abbott [] []
[2019-03-08 08:00:02] Credit Warning SMS Yellow Zone log.INFO: Sending credit warning SMS to customer 9Abbott [] []
[2019-03-08 08:00:02] Credit Warning SMS Yellow Zone log.INFO: Credit warning SMS sent to customer 9Abbott [] []
[2019-03-08 08:00:02] Credit Warning SMS Yellow Zone log.INFO: Sending credit warning SMS to customer 6Abbott [] []
[2019-03-08 08:00:02] Credit Warning SMS Yellow Zone log.INFO: Credit warning SMS sent to customer 6Abbott [] []
[2019-03-08 08:00:02] Credit Warning SMS Yellow Zone log.INFO: Sending credit warning SMS to customer 74Abbott [] []
[2019-03-08 08:00:02] Credit Warning SMS Yellow Zone log.INFO: Credit warning SMS sent to customer 74Abbott [] []
[2019-03-08 08:00:02] Credit Warning SMS Yellow Zone log.INFO: Sending credit warning SMS to customer 62Abbott [] []
[2019-03-08 08:00:02] Credit Warning SMS Yellow Zone log.INFO: Credit warning SMS sent to customer 62Abbott [] []
[2019-03-08 08:00:02] Credit Warning SMS Yellow Zone log.INFO: Sending credit warning SMS to customer 89Abbott [] []
[2019-03-08 08:00:02] Credit Warning SMS Yellow Zone log.INFO: Credit warning SMS sent to customer 89Abbott [] []
[2019-03-08 08:00:02] Credit Warning SMS Yellow Zone log.INFO: Sending credit warning SMS to customer 69Abbott [] []
[2019-03-08 08:00:02] Credit Warning SMS Yellow Zone log.INFO: Credit warning SMS sent to customer 69Abbott [] []
[2019-03-08 08:00:02] Credit Warning SMS Yellow Zone log.INFO: Sending credit warning SMS to customer 44Abbott [] []
[2019-03-08 08:00:02] Credit Warning SMS Yellow Zone log.INFO: Credit warning SMS sent to customer 44Abbott [] []
[2019-03-08 08:00:02] Credit Warning SMS Yellow Zone log.INFO: Sending credit warning SMS to customer 91Abbott [] []
[2019-03-08 08:00:02] Credit Warning SMS Yellow Zone log.INFO: Credit warning SMS sent to customer 91Abbott [] []
[2019-03-08 08:00:02] Credit Warning SMS Yellow Zone log.INFO: Sending credit warning SMS to customer 107Abbott [] []
[2019-03-08 08:00:03] Credit Warning SMS Yellow Zone log.INFO: Credit warning SMS sent to customer 107Abbott [] []
[2019-03-08 08:00:03] Credit Warning SMS Yellow Zone log.INFO: Sending credit warning SMS to customer 98Abbott [] []
[2019-03-08 08:00:03] Credit Warning SMS Yellow Zone log.INFO: Credit warning SMS sent to customer 98Abbott [] []
[2019-03-08 08:00:03] Credit Warning SMS Yellow Zone log.INFO: Sending credit warning SMS to customer 81Abbott [] []
[2019-03-08 08:00:03] Credit Warning SMS Yellow Zone log.INFO: Credit warning SMS sent to customer 81Abbott [] []
[2019-03-08 08:00:03] Credit Warning SMS Yellow Zone log.INFO: Sending credit warning SMS to customer 118Abbott [] []
[2019-03-08 08:00:03] Credit Warning SMS Yellow Zone log.INFO: Credit warning SMS sent to customer 118Abbott [] []
[2019-03-08 08:00:03] Credit Warning SMS Yellow Zone log.INFO: Sending credit warning SMS to customer 95Abbott [] []
[2019-03-08 08:00:03] Credit Warning SMS Yellow Zone log.INFO: Credit warning SMS sent to customer 95Abbott [] []
[2019-03-08 08:00:03] Credit Warning SMS Yellow Zone log.INFO: Sending credit warning SMS to customer 4GreenBank [] []
[2019-03-08 08:00:03] Credit Warning SMS Yellow Zone log.INFO: Credit warning SMS sent to customer 4GreenBank [] []
[2019-03-08 08:00:03] Credit Warning SMS Yellow Zone log.INFO: Sending credit warning SMS to customer 139abbott [] []
[2019-03-08 08:00:03] Credit Warning SMS Yellow Zone log.INFO: Credit warning SMS sent to customer 139abbott [] []
[2019-03-08 08:00:03] Credit Warning SMS Yellow Zone log.INFO: Sending credit warning SMS to customer 163abbott [] []
[2019-03-08 08:00:03] Credit Warning SMS Yellow Zone log.INFO: Credit warning SMS sent to customer 163abbott [] []
[2019-03-08 08:00:03] Credit Warning SMS Yellow Zone log.INFO: Sending credit warning SMS to customer 164abbott [] []
[2019-03-08 08:00:03] Credit Warning SMS Yellow Zone log.INFO: Credit warning SMS sent to customer 164abbott [] []
[2019-03-08 08:00:03] Credit Warning SMS Yellow Zone log.INFO: Sending credit warning SMS to customer 148abbott [] []
[2019-03-08 08:00:03] Credit Warning SMS Yellow Zone log.INFO: Credit warning SMS sent to customer 148abbott [] []
[2019-03-08 08:00:03] Credit Warning SMS Yellow Zone log.INFO: Sending credit warning SMS to customer 174abbott [] []
[2019-03-08 08:00:03] Credit Warning SMS Yellow Zone log.INFO: Credit warning SMS sent to customer 174abbott [] []
[2019-03-08 08:00:03] Credit Warning SMS Yellow Zone log.INFO: Sending credit warning SMS to customer 1GreenBank [] []
[2019-03-08 08:00:03] Credit Warning SMS Yellow Zone log.INFO: Credit warning SMS sent to customer 1GreenBank [] []
[2019-03-08 08:00:03] Credit Warning SMS Yellow Zone log.INFO: Sending credit warning SMS to customer 21GreenBank [] []
[2019-03-08 08:00:03] Credit Warning SMS Yellow Zone log.INFO: Credit warning SMS sent to customer 21GreenBank [] []
[2019-03-08 08:00:03] Credit Warning SMS Yellow Zone log.INFO: Sending credit warning SMS to customer 36eustace [] []
[2019-03-08 08:00:03] Credit Warning SMS Yellow Zone log.INFO: Credit warning SMS sent to customer 36eustace [] []
[2019-03-08 08:00:03] Credit Warning SMS Yellow Zone log.INFO: Sending credit warning SMS to customer 85eustace [] []
[2019-03-08 08:00:03] Credit Warning SMS Yellow Zone log.INFO: Credit warning SMS sent to customer 85eustace [] []
[2019-03-08 08:00:03] Credit Warning SMS Yellow Zone log.INFO: Sending credit warning SMS to customer 143leona [] []
[2019-03-08 08:00:03] Credit Warning SMS Yellow Zone log.INFO: Credit warning SMS sent to customer 143leona [] []
[2019-03-08 08:00:03] Credit Warning SMS Yellow Zone log.INFO: Sending credit warning SMS to customer 158leona [] []
[2019-03-08 08:00:03] Credit Warning SMS Yellow Zone log.INFO: Credit warning SMS sent to customer 158leona [] []
[2019-03-08 08:00:03] Credit Warning SMS Yellow Zone log.INFO: Sending credit warning SMS to customer 102leona [] []
[2019-03-08 08:00:03] Credit Warning SMS Yellow Zone log.INFO: Credit warning SMS sent to customer 102leona [] []
[2019-03-08 08:00:03] Credit Warning SMS Yellow Zone log.INFO: Sending credit warning SMS to customer 107leona [] []
[2019-03-08 08:00:03] Credit Warning SMS Yellow Zone log.INFO: Credit warning SMS sent to customer 107leona [] []
[2019-03-08 08:00:03] Credit Warning SMS Yellow Zone log.INFO: Sending credit warning SMS to customer 105charlotte [] []
[2019-03-08 08:00:03] Credit Warning SMS Yellow Zone log.INFO: Credit warning SMS sent to customer 105charlotte [] []
[2019-03-08 08:00:03] Credit Warning SMS Yellow Zone log.INFO: Sending credit warning SMS to customer 127charlotte [] []
[2019-03-08 08:00:03] Credit Warning SMS Yellow Zone log.INFO: Credit warning SMS sent to customer 127charlotte [] []
[2019-03-08 08:00:03] Credit Warning SMS Yellow Zone log.INFO: Sending credit warning SMS to customer 34charlotte [] []
[2019-03-08 08:00:03] Credit Warning SMS Yellow Zone log.INFO: Credit warning SMS sent to customer 34charlotte [] []
[2019-03-08 08:00:03] Credit Warning SMS Yellow Zone log.INFO: Sending credit warning SMS to customer 28charlotte [] []
[2019-03-08 08:00:03] Credit Warning SMS Yellow Zone log.INFO: Credit warning SMS sent to customer 28charlotte [] []
[2019-03-08 08:00:03] Credit Warning SMS Yellow Zone log.INFO: Sending credit warning SMS to customer 52charlotte [] []
[2019-03-08 08:00:03] Credit Warning SMS Yellow Zone log.INFO: Credit warning SMS sent to customer 52charlotte [] []
[2019-03-08 08:00:03] Credit Warning SMS Yellow Zone log.INFO: Sending credit warning SMS to customer 55charlotte [] []
[2019-03-08 08:00:03] Credit Warning SMS Yellow Zone log.INFO: Credit warning SMS sent to customer 55charlotte [] []
[2019-03-08 08:00:03] Credit Warning SMS Yellow Zone log.INFO: Sending credit warning SMS to customer 7charlotte [] []
[2019-03-08 08:00:03] Credit Warning SMS Yellow Zone log.INFO: Credit warning SMS sent to customer 7charlotte [] []
[2019-03-08 08:00:03] Credit Warning SMS Yellow Zone log.INFO: Sending credit warning SMS to customer 96charlotte [] []
[2019-03-08 08:00:03] Credit Warning SMS Yellow Zone log.INFO: Credit warning SMS sent to customer 96charlotte [] []
