[2019-10-10 08:00:01] Credit Warning SMS Yellow Zone log.INFO: Sending credit warning SMS to customer 9sundayswell [] []
[2019-10-10 08:00:01] Credit Warning SMS Yellow Zone log.INFO: Credit warning SMS sent to customer 9sundayswell [] []
[2019-10-10 08:00:01] Credit Warning SMS Yellow Zone log.INFO: Sending credit warning SMS to customer 48Emerald [] []
[2019-10-10 08:00:01] Credit Warning SMS Yellow Zone log.INFO: Credit warning SMS sent to customer 48Emerald [] []
[2019-10-10 08:00:01] Credit Warning SMS Yellow Zone log.INFO: Sending credit warning SMS to customer 26Emerald [] []
[2019-10-10 08:00:02] Credit Warning SMS Yellow Zone log.INFO: Credit warning SMS sent to customer 26Emerald [] []
[2019-10-10 08:00:02] Credit Warning SMS Yellow Zone log.INFO: Sending credit warning SMS to customer 21Emerald [] []
[2019-10-10 08:00:02] Credit Warning SMS Yellow Zone log.INFO: Credit warning SMS sent to customer 21Emerald [] []
[2019-10-10 08:00:02] Credit Warning SMS Yellow Zone log.INFO: Sending credit warning SMS to customer 47Emerald [] []
[2019-10-10 08:00:02] Credit Warning SMS Yellow Zone log.INFO: Credit warning SMS sent to customer 47Emerald [] []
[2019-10-10 08:00:02] Credit Warning SMS Yellow Zone log.INFO: Sending credit warning SMS to customer 26neptune [] []
[2019-10-10 08:00:02] Credit Warning SMS Yellow Zone log.INFO: Credit warning SMS sent to customer 26neptune [] []
[2019-10-10 08:00:02] Credit Warning SMS Yellow Zone log.INFO: Sending credit warning SMS to customer 93Neptune [] []
[2019-10-10 08:00:02] Credit Warning SMS Yellow Zone log.INFO: Credit warning SMS sent to customer 93Neptune [] []
[2019-10-10 08:00:02] Credit Warning SMS Yellow Zone log.INFO: Sending credit warning SMS to customer 71Neptune [] []
[2019-10-10 08:00:02] Credit Warning SMS Yellow Zone log.INFO: Credit warning SMS sent to customer 71Neptune [] []
[2019-10-10 08:00:02] Credit Warning SMS Yellow Zone log.INFO: Sending credit warning SMS to customer 7neptune [] []
[2019-10-10 08:00:02] Credit Warning SMS Yellow Zone log.INFO: Credit warning SMS sent to customer 7neptune [] []
[2019-10-10 08:00:02] Credit Warning SMS Yellow Zone log.INFO: Sending credit warning SMS to customer 45Neptune [] []
[2019-10-10 08:00:02] Credit Warning SMS Yellow Zone log.INFO: Credit warning SMS sent to customer 45Neptune [] []
[2019-10-10 08:00:02] Credit Warning SMS Yellow Zone log.INFO: Sending credit warning SMS to customer 92Neptune [] []
[2019-10-10 08:00:02] Credit Warning SMS Yellow Zone log.INFO: Credit warning SMS sent to customer 92Neptune [] []
[2019-10-10 08:00:02] Credit Warning SMS Yellow Zone log.INFO: Sending credit warning SMS to customer 1Abbott [] []
[2019-10-10 08:00:02] Credit Warning SMS Yellow Zone log.INFO: Credit warning SMS sent to customer 1Abbott [] []
[2019-10-10 08:00:02] Credit Warning SMS Yellow Zone log.INFO: Sending credit warning SMS to customer 10Abbott [] []
[2019-10-10 08:00:02] Credit Warning SMS Yellow Zone log.INFO: Credit warning SMS sent to customer 10Abbott [] []
[2019-10-10 08:00:02] Credit Warning SMS Yellow Zone log.INFO: Sending credit warning SMS to customer 15Abbott [] []
[2019-10-10 08:00:02] Credit Warning SMS Yellow Zone log.INFO: Credit warning SMS sent to customer 15Abbott [] []
[2019-10-10 08:00:02] Credit Warning SMS Yellow Zone log.INFO: Sending credit warning SMS to customer 21Abbott [] []
[2019-10-10 08:00:02] Credit Warning SMS Yellow Zone log.INFO: Credit warning SMS sent to customer 21Abbott [] []
[2019-10-10 08:00:02] Credit Warning SMS Yellow Zone log.INFO: Sending credit warning SMS to customer 24Abbott [] []
[2019-10-10 08:00:02] Credit Warning SMS Yellow Zone log.INFO: Credit warning SMS sent to customer 24Abbott [] []
[2019-10-10 08:00:02] Credit Warning SMS Yellow Zone log.INFO: Sending credit warning SMS to customer 31Abbott [] []
[2019-10-10 08:00:02] Credit Warning SMS Yellow Zone log.INFO: Credit warning SMS sent to customer 31Abbott [] []
[2019-10-10 08:00:02] Credit Warning SMS Yellow Zone log.INFO: Sending credit warning SMS to customer 74Abbott [] []
[2019-10-10 08:00:02] Credit Warning SMS Yellow Zone log.INFO: Credit warning SMS sent to customer 74Abbott [] []
[2019-10-10 08:00:02] Credit Warning SMS Yellow Zone log.INFO: Sending credit warning SMS to customer 62Abbott [] []
[2019-10-10 08:00:02] Credit Warning SMS Yellow Zone log.INFO: Credit warning SMS sent to customer 62Abbott [] []
[2019-10-10 08:00:02] Credit Warning SMS Yellow Zone log.INFO: Sending credit warning SMS to customer 84Abbott [] []
[2019-10-10 08:00:02] Credit Warning SMS Yellow Zone log.INFO: Credit warning SMS sent to customer 84Abbott [] []
[2019-10-10 08:00:02] Credit Warning SMS Yellow Zone log.INFO: Sending credit warning SMS to customer 92Abbott [] []
[2019-10-10 08:00:02] Credit Warning SMS Yellow Zone log.INFO: Credit warning SMS sent to customer 92Abbott [] []
[2019-10-10 08:00:02] Credit Warning SMS Yellow Zone log.INFO: Sending credit warning SMS to customer 71Abbott [] []
[2019-10-10 08:00:02] Credit Warning SMS Yellow Zone log.INFO: Credit warning SMS sent to customer 71Abbott [] []
[2019-10-10 08:00:02] Credit Warning SMS Yellow Zone log.INFO: Sending credit warning SMS to customer 111Abbott [] []
[2019-10-10 08:00:02] Credit Warning SMS Yellow Zone log.INFO: Credit warning SMS sent to customer 111Abbott [] []
[2019-10-10 08:00:02] Credit Warning SMS Yellow Zone log.INFO: Sending credit warning SMS to customer 98Abbott [] []
[2019-10-10 08:00:02] Credit Warning SMS Yellow Zone log.INFO: Credit warning SMS sent to customer 98Abbott [] []
[2019-10-10 08:00:02] Credit Warning SMS Yellow Zone log.INFO: Sending credit warning SMS to customer 96Abbott [] []
[2019-10-10 08:00:02] Credit Warning SMS Yellow Zone log.INFO: Credit warning SMS sent to customer 96Abbott [] []
[2019-10-10 08:00:02] Credit Warning SMS Yellow Zone log.INFO: Sending credit warning SMS to customer 135abbott [] []
[2019-10-10 08:00:02] Credit Warning SMS Yellow Zone log.INFO: Credit warning SMS sent to customer 135abbott [] []
[2019-10-10 08:00:02] Credit Warning SMS Yellow Zone log.INFO: Sending credit warning SMS to customer 164abbott [] []
[2019-10-10 08:00:02] Credit Warning SMS Yellow Zone log.INFO: Credit warning SMS sent to customer 164abbott [] []
[2019-10-10 08:00:02] Credit Warning SMS Yellow Zone log.INFO: Sending credit warning SMS to customer 187abbott [] []
[2019-10-10 08:00:02] Credit Warning SMS Yellow Zone log.INFO: Credit warning SMS sent to customer 187abbott [] []
[2019-10-10 08:00:02] Credit Warning SMS Yellow Zone log.INFO: Sending credit warning SMS to customer 25GreenBank [] []
[2019-10-10 08:00:02] Credit Warning SMS Yellow Zone log.INFO: Credit warning SMS sent to customer 25GreenBank [] []
[2019-10-10 08:00:02] Credit Warning SMS Yellow Zone log.INFO: Sending credit warning SMS to customer 33Abbott [] []
[2019-10-10 08:00:02] Credit Warning SMS Yellow Zone log.INFO: Credit warning SMS sent to customer 33Abbott [] []
[2019-10-10 08:00:02] Credit Warning SMS Yellow Zone log.INFO: Sending credit warning SMS to customer 70eustace [] []
[2019-10-10 08:00:02] Credit Warning SMS Yellow Zone log.INFO: Credit warning SMS sent to customer 70eustace [] []
[2019-10-10 08:00:02] Credit Warning SMS Yellow Zone log.INFO: Sending credit warning SMS to customer 62eustace [] []
[2019-10-10 08:00:02] Credit Warning SMS Yellow Zone log.INFO: Credit warning SMS sent to customer 62eustace [] []
[2019-10-10 08:00:02] Credit Warning SMS Yellow Zone log.INFO: Sending credit warning SMS to customer 92eustace [] []
[2019-10-10 08:00:02] Credit Warning SMS Yellow Zone log.INFO: Credit warning SMS sent to customer 92eustace [] []
[2019-10-10 08:00:02] Credit Warning SMS Yellow Zone log.INFO: Sending credit warning SMS to customer 59eustace [] []
[2019-10-10 08:00:03] Credit Warning SMS Yellow Zone log.INFO: Credit warning SMS sent to customer 59eustace [] []
[2019-10-10 08:00:03] Credit Warning SMS Yellow Zone log.INFO: Sending credit warning SMS to customer 82eustace [] []
[2019-10-10 08:00:03] Credit Warning SMS Yellow Zone log.INFO: Credit warning SMS sent to customer 82eustace [] []
[2019-10-10 08:00:03] Credit Warning SMS Yellow Zone log.INFO: Sending credit warning SMS to customer 53eustace [] []
[2019-10-10 08:00:03] Credit Warning SMS Yellow Zone log.INFO: Credit warning SMS sent to customer 53eustace [] []
[2019-10-10 08:00:03] Credit Warning SMS Yellow Zone log.INFO: Sending credit warning SMS to customer 136leona [] []
[2019-10-10 08:00:03] Credit Warning SMS Yellow Zone log.INFO: Credit warning SMS sent to customer 136leona [] []
[2019-10-10 08:00:03] Credit Warning SMS Yellow Zone log.INFO: Sending credit warning SMS to customer 5leona [] []
[2019-10-10 08:00:03] Credit Warning SMS Yellow Zone log.INFO: Credit warning SMS sent to customer 5leona [] []
[2019-10-10 08:00:03] Credit Warning SMS Yellow Zone log.INFO: Sending credit warning SMS to customer 26leona [] []
[2019-10-10 08:00:03] Credit Warning SMS Yellow Zone log.INFO: Credit warning SMS sent to customer 26leona [] []
[2019-10-10 08:00:03] Credit Warning SMS Yellow Zone log.INFO: Sending credit warning SMS to customer 63leona [] []
[2019-10-10 08:00:03] Credit Warning SMS Yellow Zone log.INFO: Credit warning SMS sent to customer 63leona [] []
[2019-10-10 08:00:03] Credit Warning SMS Yellow Zone log.INFO: Sending credit warning SMS to customer 56leona [] []
[2019-10-10 08:00:03] Credit Warning SMS Yellow Zone log.INFO: Credit warning SMS sent to customer 56leona [] []
[2019-10-10 08:00:03] Credit Warning SMS Yellow Zone log.INFO: Sending credit warning SMS to customer 37leona [] []
[2019-10-10 08:00:03] Credit Warning SMS Yellow Zone log.INFO: Credit warning SMS sent to customer 37leona [] []
[2019-10-10 08:00:03] Credit Warning SMS Yellow Zone log.INFO: Sending credit warning SMS to customer 80leona [] []
[2019-10-10 08:00:03] Credit Warning SMS Yellow Zone log.INFO: Credit warning SMS sent to customer 80leona [] []
[2019-10-10 08:00:03] Credit Warning SMS Yellow Zone log.INFO: Sending credit warning SMS to customer 45leona [] []
[2019-10-10 08:00:03] Credit Warning SMS Yellow Zone log.INFO: Credit warning SMS sent to customer 45leona [] []
[2019-10-10 08:00:03] Credit Warning SMS Yellow Zone log.INFO: Sending credit warning SMS to customer 59leona [] []
[2019-10-10 08:00:03] Credit Warning SMS Yellow Zone log.INFO: Credit warning SMS sent to customer 59leona [] []
[2019-10-10 08:00:03] Credit Warning SMS Yellow Zone log.INFO: Sending credit warning SMS to customer 122charlotte [] []
[2019-10-10 08:00:03] Credit Warning SMS Yellow Zone log.INFO: Credit warning SMS sent to customer 122charlotte [] []
[2019-10-10 08:00:03] Credit Warning SMS Yellow Zone log.INFO: Sending credit warning SMS to customer 15charlotte [] []
[2019-10-10 08:00:03] Credit Warning SMS Yellow Zone log.INFO: Credit warning SMS sent to customer 15charlotte [] []
[2019-10-10 08:00:03] Credit Warning SMS Yellow Zone log.INFO: Sending credit warning SMS to customer 42charlotte [] []
[2019-10-10 08:00:03] Credit Warning SMS Yellow Zone log.INFO: Credit warning SMS sent to customer 42charlotte [] []
[2019-10-10 08:00:03] Credit Warning SMS Yellow Zone log.INFO: Sending credit warning SMS to customer 7charlotte [] []
[2019-10-10 08:00:03] Credit Warning SMS Yellow Zone log.INFO: Credit warning SMS sent to customer 7charlotte [] []
[2019-10-10 08:00:03] Credit Warning SMS Yellow Zone log.INFO: Sending credit warning SMS to customer 57charlotte [] []
[2019-10-10 08:00:03] Credit Warning SMS Yellow Zone log.INFO: Credit warning SMS sent to customer 57charlotte [] []
[2019-10-10 08:00:03] Credit Warning SMS Yellow Zone log.INFO: Sending credit warning SMS to customer 66charlotte [] []
[2019-10-10 08:00:03] Credit Warning SMS Yellow Zone log.INFO: Credit warning SMS sent to customer 66charlotte [] []
[2019-10-10 08:00:03] Credit Warning SMS Yellow Zone log.INFO: Sending credit warning SMS to customer 80charlotte [] []
[2019-10-10 08:00:03] Credit Warning SMS Yellow Zone log.INFO: Credit warning SMS sent to customer 80charlotte [] []
[2019-10-10 08:00:03] Credit Warning SMS Yellow Zone log.INFO: Sending credit warning SMS to customer 4bridgefield [] []
[2019-10-10 08:00:03] Credit Warning SMS Yellow Zone log.INFO: Credit warning SMS sent to customer 4bridgefield [] []
[2019-10-10 08:00:03] Credit Warning SMS Yellow Zone log.INFO: Sending credit warning SMS to customer 6bridgefield [] []
[2019-10-10 08:00:03] Credit Warning SMS Yellow Zone log.INFO: Credit warning SMS sent to customer 6bridgefield [] []
[2019-10-10 08:00:03] Credit Warning SMS Yellow Zone log.INFO: Sending credit warning SMS to customer 15bridgefield [] []
[2019-10-10 08:00:03] Credit Warning SMS Yellow Zone log.INFO: Credit warning SMS sent to customer 15bridgefield [] []
[2019-10-10 08:00:03] Credit Warning SMS Yellow Zone log.INFO: Sending credit warning SMS to customer 69fairways [] []
[2019-10-10 08:00:03] Credit Warning SMS Yellow Zone log.INFO: Credit warning SMS sent to customer 69fairways [] []
[2019-10-10 08:00:03] Credit Warning SMS Yellow Zone log.INFO: Sending credit warning SMS to customer 70fairways [] []
[2019-10-10 08:00:03] Credit Warning SMS Yellow Zone log.INFO: Credit warning SMS sent to customer 70fairways [] []
[2019-10-10 08:00:03] Credit Warning SMS Yellow Zone log.INFO: Sending credit warning SMS to customer 72fairways [] []
[2019-10-10 08:00:03] Credit Warning SMS Yellow Zone log.INFO: Credit warning SMS sent to customer 72fairways [] []
[2019-10-10 08:00:03] Credit Warning SMS Yellow Zone log.INFO: Sending credit warning SMS to customer 77fairways [] []
[2019-10-10 08:00:03] Credit Warning SMS Yellow Zone log.INFO: Credit warning SMS sent to customer 77fairways [] []
[2019-10-10 08:00:03] Credit Warning SMS Yellow Zone log.INFO: Sending credit warning SMS to customer 80fairways [] []
[2019-10-10 08:00:03] Credit Warning SMS Yellow Zone log.INFO: Credit warning SMS sent to customer 80fairways [] []
[2019-10-10 08:00:03] Credit Warning SMS Yellow Zone log.INFO: Sending credit warning SMS to customer 81fairways [] []
[2019-10-10 08:00:03] Credit Warning SMS Yellow Zone log.INFO: Credit warning SMS sent to customer 81fairways [] []
[2019-10-10 08:00:03] Credit Warning SMS Yellow Zone log.INFO: Sending credit warning SMS to customer 84fairways [] []
[2019-10-10 08:00:03] Credit Warning SMS Yellow Zone log.INFO: Credit warning SMS sent to customer 84fairways [] []
[2019-10-10 08:00:03] Credit Warning SMS Yellow Zone log.INFO: Sending credit warning SMS to customer 86fairways [] []
[2019-10-10 08:00:03] Credit Warning SMS Yellow Zone log.INFO: Credit warning SMS sent to customer 86fairways [] []
[2019-10-10 08:00:03] Credit Warning SMS Yellow Zone log.INFO: Sending credit warning SMS to customer 90fairways [] []
[2019-10-10 08:00:03] Credit Warning SMS Yellow Zone log.INFO: Credit warning SMS sent to customer 90fairways [] []
[2019-10-10 08:00:03] Credit Warning SMS Yellow Zone log.INFO: Sending credit warning SMS to customer 100fairways [] []
[2019-10-10 08:00:03] Credit Warning SMS Yellow Zone log.INFO: Credit warning SMS sent to customer 100fairways [] []
[2019-10-10 08:00:03] Credit Warning SMS Yellow Zone log.INFO: Sending credit warning SMS to customer 110fairways [] []
[2019-10-10 08:00:04] Credit Warning SMS Yellow Zone log.INFO: Credit warning SMS sent to customer 110fairways [] []
[2019-10-10 08:00:04] Credit Warning SMS Yellow Zone log.INFO: Sending credit warning SMS to customer 115fairways [] []
[2019-10-10 08:00:04] Credit Warning SMS Yellow Zone log.INFO: Credit warning SMS sent to customer 115fairways [] []
[2019-10-10 08:00:04] Credit Warning SMS Yellow Zone log.INFO: Sent Credit warning SMS to 67 customers! [] []
