[2019-11-18 08:00:01] Credit Warning SMS Yellow Zone log.INFO: Sending credit warning SMS to customer 9garryknock [] []
[2019-11-18 08:00:01] Credit Warning SMS Yellow Zone log.INFO: Credit warning SMS sent to customer 9garryknock [] []
[2019-11-18 08:00:01] Credit Warning SMS Yellow Zone log.INFO: Sending credit warning SMS to customer 6garryknock [] []
[2019-11-18 08:00:01] Credit Warning SMS Yellow Zone log.INFO: Credit warning SMS sent to customer 6garryknock [] []
[2019-11-18 08:00:01] Credit Warning SMS Yellow Zone log.INFO: Sending credit warning SMS to customer 16garryknock [] []
[2019-11-18 08:00:01] Credit Warning SMS Yellow Zone log.INFO: Credit warning SMS sent to customer 16garryknock [] []
[2019-11-18 08:00:01] Credit Warning SMS Yellow Zone log.INFO: Sending credit warning SMS to customer 19garryknock [] []
[2019-11-18 08:00:01] Credit Warning SMS Yellow Zone log.INFO: Credit warning SMS sent to customer 19garryknock [] []
[2019-11-18 08:00:01] Credit Warning SMS Yellow Zone log.INFO: Sending credit warning SMS to customer 14brackenview [] []
[2019-11-18 08:00:02] Credit Warning SMS Yellow Zone log.INFO: Credit warning SMS sent to customer 14brackenview [] []
[2019-11-18 08:00:02] Credit Warning SMS Yellow Zone log.INFO: Sending credit warning SMS to customer 39Emerald [] []
[2019-11-18 08:00:02] Credit Warning SMS Yellow Zone log.INFO: Credit warning SMS sent to customer 39Emerald [] []
[2019-11-18 08:00:02] Credit Warning SMS Yellow Zone log.INFO: Sending credit warning SMS to customer 6neptune [] []
[2019-11-18 08:00:02] Credit Warning SMS Yellow Zone log.INFO: Credit warning SMS sent to customer 6neptune [] []
[2019-11-18 08:00:02] Credit Warning SMS Yellow Zone log.INFO: Sending credit warning SMS to customer 194neptune [] []
[2019-11-18 08:00:02] Credit Warning SMS Yellow Zone log.INFO: Credit warning SMS sent to customer 194neptune [] []
[2019-11-18 08:00:02] Credit Warning SMS Yellow Zone log.INFO: Sending credit warning SMS to customer 177neptune [] []
[2019-11-18 08:00:02] Credit Warning SMS Yellow Zone log.INFO: Credit warning SMS sent to customer 177neptune [] []
[2019-11-18 08:00:02] Credit Warning SMS Yellow Zone log.INFO: Sending credit warning SMS to customer 117Neptune [] []
[2019-11-18 08:00:02] Credit Warning SMS Yellow Zone log.INFO: Credit warning SMS sent to customer 117Neptune [] []
[2019-11-18 08:00:02] Credit Warning SMS Yellow Zone log.INFO: Sending credit warning SMS to customer 128Neptune [] []
[2019-11-18 08:00:02] Credit Warning SMS Yellow Zone log.INFO: Credit warning SMS sent to customer 128Neptune [] []
[2019-11-18 08:00:02] Credit Warning SMS Yellow Zone log.INFO: Sending credit warning SMS to customer 136Neptune [] []
[2019-11-18 08:00:02] Credit Warning SMS Yellow Zone log.INFO: Credit warning SMS sent to customer 136Neptune [] []
[2019-11-18 08:00:02] Credit Warning SMS Yellow Zone log.INFO: Sending credit warning SMS to customer 118Neptune [] []
[2019-11-18 08:00:02] Credit Warning SMS Yellow Zone log.INFO: Credit warning SMS sent to customer 118Neptune [] []
[2019-11-18 08:00:02] Credit Warning SMS Yellow Zone log.INFO: Sending credit warning SMS to customer 93Neptune [] []
[2019-11-18 08:00:02] Credit Warning SMS Yellow Zone log.INFO: Credit warning SMS sent to customer 93Neptune [] []
[2019-11-18 08:00:02] Credit Warning SMS Yellow Zone log.INFO: Sending credit warning SMS to customer 159Neptune [] []
[2019-11-18 08:00:02] Credit Warning SMS Yellow Zone log.INFO: Credit warning SMS sent to customer 159Neptune [] []
[2019-11-18 08:00:02] Credit Warning SMS Yellow Zone log.INFO: Sending credit warning SMS to customer 153Neptune [] []
[2019-11-18 08:00:02] Credit Warning SMS Yellow Zone log.INFO: Credit warning SMS sent to customer 153Neptune [] []
[2019-11-18 08:00:02] Credit Warning SMS Yellow Zone log.INFO: Sending credit warning SMS to customer 145Neptune [] []
[2019-11-18 08:00:02] Credit Warning SMS Yellow Zone log.INFO: Credit warning SMS sent to customer 145Neptune [] []
[2019-11-18 08:00:02] Credit Warning SMS Yellow Zone log.INFO: Sending credit warning SMS to customer 122Neptune [] []
[2019-11-18 08:00:02] Credit Warning SMS Yellow Zone log.INFO: Credit warning SMS sent to customer 122Neptune [] []
[2019-11-18 08:00:02] Credit Warning SMS Yellow Zone log.INFO: Sending credit warning SMS to customer 160Neptune [] []
[2019-11-18 08:00:02] Credit Warning SMS Yellow Zone log.INFO: Credit warning SMS sent to customer 160Neptune [] []
[2019-11-18 08:00:02] Credit Warning SMS Yellow Zone log.INFO: Sending credit warning SMS to customer 33neptune [] []
[2019-11-18 08:00:02] Credit Warning SMS Yellow Zone log.INFO: Credit warning SMS sent to customer 33neptune [] []
[2019-11-18 08:00:02] Credit Warning SMS Yellow Zone log.INFO: Sending credit warning SMS to customer 18neptune [] []
[2019-11-18 08:00:02] Credit Warning SMS Yellow Zone log.INFO: Credit warning SMS sent to customer 18neptune [] []
[2019-11-18 08:00:02] Credit Warning SMS Yellow Zone log.INFO: Sending credit warning SMS to customer 125Neptune [] []
[2019-11-18 08:00:02] Credit Warning SMS Yellow Zone log.INFO: Credit warning SMS sent to customer 125Neptune [] []
[2019-11-18 08:00:02] Credit Warning SMS Yellow Zone log.INFO: Sending credit warning SMS to customer 75Neptune [] []
[2019-11-18 08:00:02] Credit Warning SMS Yellow Zone log.INFO: Credit warning SMS sent to customer 75Neptune [] []
[2019-11-18 08:00:02] Credit Warning SMS Yellow Zone log.INFO: Sending credit warning SMS to customer 13neptune [] []
[2019-11-18 08:00:02] Credit Warning SMS Yellow Zone log.INFO: Credit warning SMS sent to customer 13neptune [] []
[2019-11-18 08:00:02] Credit Warning SMS Yellow Zone log.INFO: Sending credit warning SMS to customer 71Neptune [] []
[2019-11-18 08:00:02] Credit Warning SMS Yellow Zone log.INFO: Credit warning SMS sent to customer 71Neptune [] []
[2019-11-18 08:00:02] Credit Warning SMS Yellow Zone log.INFO: Sending credit warning SMS to customer 1Abbott [] []
[2019-11-18 08:00:02] Credit Warning SMS Yellow Zone log.INFO: Credit warning SMS sent to customer 1Abbott [] []
[2019-11-18 08:00:02] Credit Warning SMS Yellow Zone log.INFO: Sending credit warning SMS to customer 10Abbott [] []
[2019-11-18 08:00:02] Credit Warning SMS Yellow Zone log.INFO: Credit warning SMS sent to customer 10Abbott [] []
[2019-11-18 08:00:02] Credit Warning SMS Yellow Zone log.INFO: Sending credit warning SMS to customer 15Abbott [] []
[2019-11-18 08:00:02] Credit Warning SMS Yellow Zone log.INFO: Credit warning SMS sent to customer 15Abbott [] []
[2019-11-18 08:00:02] Credit Warning SMS Yellow Zone log.INFO: Sending credit warning SMS to customer 21Abbott [] []
[2019-11-18 08:00:02] Credit Warning SMS Yellow Zone log.INFO: Credit warning SMS sent to customer 21Abbott [] []
[2019-11-18 08:00:02] Credit Warning SMS Yellow Zone log.INFO: Sending credit warning SMS to customer 35Abbott [] []
[2019-11-18 08:00:02] Credit Warning SMS Yellow Zone log.INFO: Credit warning SMS sent to customer 35Abbott [] []
[2019-11-18 08:00:02] Credit Warning SMS Yellow Zone log.INFO: Sending credit warning SMS to customer 36Abbott [] []
[2019-11-18 08:00:02] Credit Warning SMS Yellow Zone log.INFO: Credit warning SMS sent to customer 36Abbott [] []
[2019-11-18 08:00:02] Credit Warning SMS Yellow Zone log.INFO: Sending credit warning SMS to customer 13Abbott [] []
[2019-11-18 08:00:02] Credit Warning SMS Yellow Zone log.INFO: Credit warning SMS sent to customer 13Abbott [] []
[2019-11-18 08:00:02] Credit Warning SMS Yellow Zone log.INFO: Sending credit warning SMS to customer 6Abbott [] []
[2019-11-18 08:00:02] Credit Warning SMS Yellow Zone log.INFO: Credit warning SMS sent to customer 6Abbott [] []
[2019-11-18 08:00:02] Credit Warning SMS Yellow Zone log.INFO: Sending credit warning SMS to customer 59Abbott [] []
[2019-11-18 08:00:03] Credit Warning SMS Yellow Zone log.INFO: Credit warning SMS sent to customer 59Abbott [] []
[2019-11-18 08:00:03] Credit Warning SMS Yellow Zone log.INFO: Sending credit warning SMS to customer 62Abbott [] []
[2019-11-18 08:00:03] Credit Warning SMS Yellow Zone log.INFO: Credit warning SMS sent to customer 62Abbott [] []
[2019-11-18 08:00:03] Credit Warning SMS Yellow Zone log.INFO: Sending credit warning SMS to customer 76Abbott [] []
[2019-11-18 08:00:03] Credit Warning SMS Yellow Zone log.INFO: Credit warning SMS sent to customer 76Abbott [] []
[2019-11-18 08:00:03] Credit Warning SMS Yellow Zone log.INFO: Sending credit warning SMS to customer 89Abbott [] []
[2019-11-18 08:00:03] Credit Warning SMS Yellow Zone log.INFO: Credit warning SMS sent to customer 89Abbott [] []
[2019-11-18 08:00:03] Credit Warning SMS Yellow Zone log.INFO: Sending credit warning SMS to customer 84Abbott [] []
[2019-11-18 08:00:03] Credit Warning SMS Yellow Zone log.INFO: Credit warning SMS sent to customer 84Abbott [] []
[2019-11-18 08:00:03] Credit Warning SMS Yellow Zone log.INFO: Sending credit warning SMS to customer 44Abbott [] []
[2019-11-18 08:00:03] Credit Warning SMS Yellow Zone log.INFO: Credit warning SMS sent to customer 44Abbott [] []
[2019-11-18 08:00:03] Credit Warning SMS Yellow Zone log.INFO: Sending credit warning SMS to customer 92Abbott [] []
[2019-11-18 08:00:03] Credit Warning SMS Yellow Zone log.INFO: Credit warning SMS sent to customer 92Abbott [] []
[2019-11-18 08:00:03] Credit Warning SMS Yellow Zone log.INFO: Sending credit warning SMS to customer 105Abbott [] []
[2019-11-18 08:00:03] Credit Warning SMS Yellow Zone log.INFO: Credit warning SMS sent to customer 105Abbott [] []
[2019-11-18 08:00:03] Credit Warning SMS Yellow Zone log.INFO: Sending credit warning SMS to customer 111Abbott [] []
[2019-11-18 08:00:03] Credit Warning SMS Yellow Zone log.INFO: Credit warning SMS sent to customer 111Abbott [] []
[2019-11-18 08:00:03] Credit Warning SMS Yellow Zone log.INFO: Sending credit warning SMS to customer 119Abbott [] []
[2019-11-18 08:00:03] Credit Warning SMS Yellow Zone log.INFO: Credit warning SMS sent to customer 119Abbott [] []
[2019-11-18 08:00:03] Credit Warning SMS Yellow Zone log.INFO: Sending credit warning SMS to customer 98Abbott [] []
[2019-11-18 08:00:03] Credit Warning SMS Yellow Zone log.INFO: Credit warning SMS sent to customer 98Abbott [] []
[2019-11-18 08:00:03] Credit Warning SMS Yellow Zone log.INFO: Sending credit warning SMS to customer 81Abbott [] []
[2019-11-18 08:00:03] Credit Warning SMS Yellow Zone log.INFO: Credit warning SMS sent to customer 81Abbott [] []
[2019-11-18 08:00:03] Credit Warning SMS Yellow Zone log.INFO: Sending credit warning SMS to customer 131abbott [] []
[2019-11-18 08:00:03] Credit Warning SMS Yellow Zone log.INFO: Credit warning SMS sent to customer 131abbott [] []
[2019-11-18 08:00:03] Credit Warning SMS Yellow Zone log.INFO: Sending credit warning SMS to customer 139abbott [] []
[2019-11-18 08:00:03] Credit Warning SMS Yellow Zone log.INFO: Credit warning SMS sent to customer 139abbott [] []
[2019-11-18 08:00:03] Credit Warning SMS Yellow Zone log.INFO: Sending credit warning SMS to customer 126abbott [] []
[2019-11-18 08:00:03] Credit Warning SMS Yellow Zone log.INFO: Credit warning SMS sent to customer 126abbott [] []
[2019-11-18 08:00:03] Credit Warning SMS Yellow Zone log.INFO: Sending credit warning SMS to customer 179abbott [] []
[2019-11-18 08:00:03] Credit Warning SMS Yellow Zone log.INFO: Credit warning SMS sent to customer 179abbott [] []
[2019-11-18 08:00:03] Credit Warning SMS Yellow Zone log.INFO: Sending credit warning SMS to customer 184abbott [] []
[2019-11-18 08:00:03] Credit Warning SMS Yellow Zone log.INFO: Credit warning SMS sent to customer 184abbott [] []
[2019-11-18 08:00:03] Credit Warning SMS Yellow Zone log.INFO: Sending credit warning SMS to customer 17GreenBank [] []
[2019-11-18 08:00:03] Credit Warning SMS Yellow Zone log.INFO: Credit warning SMS sent to customer 17GreenBank [] []
[2019-11-18 08:00:03] Credit Warning SMS Yellow Zone log.INFO: Sending credit warning SMS to customer 14GreenBank [] []
[2019-11-18 08:00:03] Credit Warning SMS Yellow Zone log.INFO: Credit warning SMS sent to customer 14GreenBank [] []
[2019-11-18 08:00:03] Credit Warning SMS Yellow Zone log.INFO: Sending credit warning SMS to customer 138abbott [] []
[2019-11-18 08:00:03] Credit Warning SMS Yellow Zone log.INFO: Credit warning SMS sent to customer 138abbott [] []
[2019-11-18 08:00:03] Credit Warning SMS Yellow Zone log.INFO: Sending credit warning SMS to customer 85eustace [] []
[2019-11-18 08:00:03] Credit Warning SMS Yellow Zone log.INFO: Credit warning SMS sent to customer 85eustace [] []
[2019-11-18 08:00:03] Credit Warning SMS Yellow Zone log.INFO: Sending credit warning SMS to customer 67eustace [] []
[2019-11-18 08:00:03] Credit Warning SMS Yellow Zone log.INFO: Credit warning SMS sent to customer 67eustace [] []
[2019-11-18 08:00:03] Credit Warning SMS Yellow Zone log.INFO: Sending credit warning SMS to customer 12leona [] []
[2019-11-18 08:00:03] Credit Warning SMS Yellow Zone log.INFO: Credit warning SMS sent to customer 12leona [] []
[2019-11-18 08:00:03] Credit Warning SMS Yellow Zone log.INFO: Sending credit warning SMS to customer 21leona [] []
[2019-11-18 08:00:03] Credit Warning SMS Yellow Zone log.INFO: Credit warning SMS sent to customer 21leona [] []
[2019-11-18 08:00:03] Credit Warning SMS Yellow Zone log.INFO: Sending credit warning SMS to customer 141leona [] []
[2019-11-18 08:00:03] Credit Warning SMS Yellow Zone log.INFO: Credit warning SMS sent to customer 141leona [] []
[2019-11-18 08:00:03] Credit Warning SMS Yellow Zone log.INFO: Sending credit warning SMS to customer 153leona [] []
[2019-11-18 08:00:03] Credit Warning SMS Yellow Zone log.INFO: Credit warning SMS sent to customer 153leona [] []
[2019-11-18 08:00:03] Credit Warning SMS Yellow Zone log.INFO: Sending credit warning SMS to customer 58leona [] []
[2019-11-18 08:00:03] Credit Warning SMS Yellow Zone log.INFO: Credit warning SMS sent to customer 58leona [] []
[2019-11-18 08:00:03] Credit Warning SMS Yellow Zone log.INFO: Sending credit warning SMS to customer 127leona [] []
[2019-11-18 08:00:03] Credit Warning SMS Yellow Zone log.INFO: Credit warning SMS sent to customer 127leona [] []
[2019-11-18 08:00:03] Credit Warning SMS Yellow Zone log.INFO: Sending credit warning SMS to customer 120leona [] []
[2019-11-18 08:00:03] Credit Warning SMS Yellow Zone log.INFO: Credit warning SMS sent to customer 120leona [] []
[2019-11-18 08:00:03] Credit Warning SMS Yellow Zone log.INFO: Sending credit warning SMS to customer 37leona [] []
[2019-11-18 08:00:03] Credit Warning SMS Yellow Zone log.INFO: Credit warning SMS sent to customer 37leona [] []
[2019-11-18 08:00:03] Credit Warning SMS Yellow Zone log.INFO: Sending credit warning SMS to customer 53leona [] []
[2019-11-18 08:00:03] Credit Warning SMS Yellow Zone log.INFO: Credit warning SMS sent to customer 53leona [] []
[2019-11-18 08:00:03] Credit Warning SMS Yellow Zone log.INFO: Sending credit warning SMS to customer 108leona [] []
[2019-11-18 08:00:04] Credit Warning SMS Yellow Zone log.INFO: Credit warning SMS sent to customer 108leona [] []
[2019-11-18 08:00:04] Credit Warning SMS Yellow Zone log.INFO: Sending credit warning SMS to customer 16leona [] []
[2019-11-18 08:00:04] Credit Warning SMS Yellow Zone log.INFO: Credit warning SMS sent to customer 16leona [] []
[2019-11-18 08:00:04] Credit Warning SMS Yellow Zone log.INFO: Sending credit warning SMS to customer 39leona [] []
[2019-11-18 08:00:04] Credit Warning SMS Yellow Zone log.INFO: Credit warning SMS sent to customer 39leona [] []
[2019-11-18 08:00:04] Credit Warning SMS Yellow Zone log.INFO: Sending credit warning SMS to customer 45leona [] []
[2019-11-18 08:00:04] Credit Warning SMS Yellow Zone log.INFO: Credit warning SMS sent to customer 45leona [] []
[2019-11-18 08:00:04] Credit Warning SMS Yellow Zone log.INFO: Sending credit warning SMS to customer 42leona [] []
[2019-11-18 08:00:04] Credit Warning SMS Yellow Zone log.INFO: Credit warning SMS sent to customer 42leona [] []
[2019-11-18 08:00:04] Credit Warning SMS Yellow Zone log.INFO: Sending credit warning SMS to customer 59leona [] []
[2019-11-18 08:00:04] Credit Warning SMS Yellow Zone log.INFO: Credit warning SMS sent to customer 59leona [] []
[2019-11-18 08:00:04] Credit Warning SMS Yellow Zone log.INFO: Sending credit warning SMS to customer 68leona [] []
[2019-11-18 08:00:04] Credit Warning SMS Yellow Zone log.INFO: Credit warning SMS sent to customer 68leona [] []
[2019-11-18 08:00:04] Credit Warning SMS Yellow Zone log.INFO: Sending credit warning SMS to customer 145charlotte [] []
[2019-11-18 08:00:04] Credit Warning SMS Yellow Zone log.INFO: Credit warning SMS sent to customer 145charlotte [] []
[2019-11-18 08:00:04] Credit Warning SMS Yellow Zone log.INFO: Sending credit warning SMS to customer 153charlotte [] []
[2019-11-18 08:00:04] Credit Warning SMS Yellow Zone log.INFO: Credit warning SMS sent to customer 153charlotte [] []
[2019-11-18 08:00:04] Credit Warning SMS Yellow Zone log.INFO: Sending credit warning SMS to customer 134charlotte [] []
[2019-11-18 08:00:04] Credit Warning SMS Yellow Zone log.INFO: Credit warning SMS sent to customer 134charlotte [] []
[2019-11-18 08:00:04] Credit Warning SMS Yellow Zone log.INFO: Sending credit warning SMS to customer 144charlotte [] []
[2019-11-18 08:00:04] Credit Warning SMS Yellow Zone log.INFO: Credit warning SMS sent to customer 144charlotte [] []
[2019-11-18 08:00:04] Credit Warning SMS Yellow Zone log.INFO: Sending credit warning SMS to customer 12charlotte [] []
[2019-11-18 08:00:04] Credit Warning SMS Yellow Zone log.INFO: Credit warning SMS sent to customer 12charlotte [] []
[2019-11-18 08:00:04] Credit Warning SMS Yellow Zone log.INFO: Sending credit warning SMS to customer 28charlotte [] []
[2019-11-18 08:00:04] Credit Warning SMS Yellow Zone log.INFO: Credit warning SMS sent to customer 28charlotte [] []
[2019-11-18 08:00:04] Credit Warning SMS Yellow Zone log.INFO: Sending credit warning SMS to customer 55charlotte [] []
[2019-11-18 08:00:04] Credit Warning SMS Yellow Zone log.INFO: Credit warning SMS sent to customer 55charlotte [] []
[2019-11-18 08:00:04] Credit Warning SMS Yellow Zone log.INFO: Sending credit warning SMS to customer 13charlotte [] []
[2019-11-18 08:00:04] Credit Warning SMS Yellow Zone log.INFO: Credit warning SMS sent to customer 13charlotte [] []
[2019-11-18 08:00:04] Credit Warning SMS Yellow Zone log.INFO: Sending credit warning SMS to customer 54charlotte [] []
[2019-11-18 08:00:04] Credit Warning SMS Yellow Zone log.INFO: Credit warning SMS sent to customer 54charlotte [] []
[2019-11-18 08:00:04] Credit Warning SMS Yellow Zone log.INFO: Sending credit warning SMS to customer 82charlotte [] []
[2019-11-18 08:00:04] Credit Warning SMS Yellow Zone log.INFO: Credit warning SMS sent to customer 82charlotte [] []
[2019-11-18 08:00:04] Credit Warning SMS Yellow Zone log.INFO: Sending credit warning SMS to customer 84charlotte [] []
[2019-11-18 08:00:04] Credit Warning SMS Yellow Zone log.INFO: Credit warning SMS sent to customer 84charlotte [] []
[2019-11-18 08:00:04] Credit Warning SMS Yellow Zone log.INFO: Sending credit warning SMS to customer 68charlotte [] []
[2019-11-18 08:00:04] Credit Warning SMS Yellow Zone log.INFO: Credit warning SMS sent to customer 68charlotte [] []
[2019-11-18 08:00:04] Credit Warning SMS Yellow Zone log.INFO: Sending credit warning SMS to customer 140charlotte [] []
[2019-11-18 08:00:04] Credit Warning SMS Yellow Zone log.INFO: Credit warning SMS sent to customer 140charlotte [] []
[2019-11-18 08:00:04] Credit Warning SMS Yellow Zone log.INFO: Sending credit warning SMS to customer 99charlotte [] []
[2019-11-18 08:00:04] Credit Warning SMS Yellow Zone log.INFO: Credit warning SMS sent to customer 99charlotte [] []
[2019-11-18 08:00:04] Credit Warning SMS Yellow Zone log.INFO: Sending credit warning SMS to customer 135charlotte [] []
[2019-11-18 08:00:04] Credit Warning SMS Yellow Zone log.INFO: Credit warning SMS sent to customer 135charlotte [] []
[2019-11-18 08:00:04] Credit Warning SMS Yellow Zone log.INFO: Sending credit warning SMS to customer 7bridgefield [] []
[2019-11-18 08:00:04] Credit Warning SMS Yellow Zone log.INFO: Credit warning SMS sent to customer 7bridgefield [] []
[2019-11-18 08:00:04] Credit Warning SMS Yellow Zone log.INFO: Sending credit warning SMS to customer 29pappan [] []
[2019-11-18 08:00:04] Credit Warning SMS Yellow Zone log.INFO: Credit warning SMS sent to customer 29pappan [] []
[2019-11-18 08:00:04] Credit Warning SMS Yellow Zone log.INFO: Sending credit warning SMS to customer 33pappan [] []
[2019-11-18 08:00:04] Credit Warning SMS Yellow Zone log.INFO: Credit warning SMS sent to customer 33pappan [] []
[2019-11-18 08:00:04] Credit Warning SMS Yellow Zone log.INFO: Sending credit warning SMS to customer 67fairways [] []
[2019-11-18 08:00:04] Credit Warning SMS Yellow Zone log.INFO: Credit warning SMS sent to customer 67fairways [] []
[2019-11-18 08:00:04] Credit Warning SMS Yellow Zone log.INFO: Sending credit warning SMS to customer 70fairways [] []
[2019-11-18 08:00:04] Credit Warning SMS Yellow Zone log.INFO: Credit warning SMS sent to customer 70fairways [] []
[2019-11-18 08:00:04] Credit Warning SMS Yellow Zone log.INFO: Sending credit warning SMS to customer 100fairways [] []
[2019-11-18 08:00:04] Credit Warning SMS Yellow Zone log.INFO: Credit warning SMS sent to customer 100fairways [] []
[2019-11-18 08:00:04] Credit Warning SMS Yellow Zone log.INFO: Sending credit warning SMS to customer 101fairways [] []
[2019-11-18 08:00:04] Credit Warning SMS Yellow Zone log.INFO: Credit warning SMS sent to customer 101fairways [] []
[2019-11-18 08:00:04] Credit Warning SMS Yellow Zone log.INFO: Sending credit warning SMS to customer 119fairways [] []
[2019-11-18 08:00:04] Credit Warning SMS Yellow Zone log.INFO: Credit warning SMS sent to customer 119fairways [] []
[2019-11-18 08:00:04] Credit Warning SMS Yellow Zone log.INFO: Sending credit warning SMS to customer 152fairways [] []
[2019-11-18 08:00:04] Credit Warning SMS Yellow Zone log.INFO: Credit warning SMS sent to customer 152fairways [] []
[2019-11-18 08:00:04] Credit Warning SMS Yellow Zone log.INFO: Sent Credit warning SMS to 95 customers! [] []
