[2019-12-06 08:00:01] Credit Warning SMS Yellow Zone log.INFO: Sending credit warning SMS to customer 5garryknock [] []
[2019-12-06 08:00:02] Credit Warning SMS Yellow Zone log.INFO: Credit warning SMS sent to customer 5garryknock [] []
[2019-12-06 08:00:02] Credit Warning SMS Yellow Zone log.INFO: Sending credit warning SMS to customer 9sundayswell [] []
[2019-12-06 08:00:02] Credit Warning SMS Yellow Zone log.INFO: Credit warning SMS sent to customer 9sundayswell [] []
[2019-12-06 08:00:02] Credit Warning SMS Yellow Zone log.INFO: Sending credit warning SMS to customer 8Emerald [] []
[2019-12-06 08:00:02] Credit Warning SMS Yellow Zone log.INFO: Credit warning SMS sent to customer 8Emerald [] []
[2019-12-06 08:00:02] Credit Warning SMS Yellow Zone log.INFO: Sending credit warning SMS to customer 10Emerald [] []
[2019-12-06 08:00:02] Credit Warning SMS Yellow Zone log.INFO: Credit warning SMS sent to customer 10Emerald [] []
[2019-12-06 08:00:02] Credit Warning SMS Yellow Zone log.INFO: Sending credit warning SMS to customer 188neptune [] []
[2019-12-06 08:00:02] Credit Warning SMS Yellow Zone log.INFO: Credit warning SMS sent to customer 188neptune [] []
[2019-12-06 08:00:02] Credit Warning SMS Yellow Zone log.INFO: Sending credit warning SMS to customer 174neptune [] []
[2019-12-06 08:00:02] Credit Warning SMS Yellow Zone log.INFO: Credit warning SMS sent to customer 174neptune [] []
[2019-12-06 08:00:02] Credit Warning SMS Yellow Zone log.INFO: Sending credit warning SMS to customer 177neptune [] []
[2019-12-06 08:00:02] Credit Warning SMS Yellow Zone log.INFO: Credit warning SMS sent to customer 177neptune [] []
[2019-12-06 08:00:02] Credit Warning SMS Yellow Zone log.INFO: Sending credit warning SMS to customer 135Neptune [] []
[2019-12-06 08:00:02] Credit Warning SMS Yellow Zone log.INFO: Credit warning SMS sent to customer 135Neptune [] []
[2019-12-06 08:00:02] Credit Warning SMS Yellow Zone log.INFO: Sending credit warning SMS to customer 101Neptune [] []
[2019-12-06 08:00:02] Credit Warning SMS Yellow Zone log.INFO: Credit warning SMS sent to customer 101Neptune [] []
[2019-12-06 08:00:02] Credit Warning SMS Yellow Zone log.INFO: Sending credit warning SMS to customer 27neptune [] []
[2019-12-06 08:00:02] Credit Warning SMS Yellow Zone log.INFO: Credit warning SMS sent to customer 27neptune [] []
[2019-12-06 08:00:02] Credit Warning SMS Yellow Zone log.INFO: Sending credit warning SMS to customer 103Neptune [] []
[2019-12-06 08:00:02] Credit Warning SMS Yellow Zone log.INFO: Credit warning SMS sent to customer 103Neptune [] []
[2019-12-06 08:00:02] Credit Warning SMS Yellow Zone log.INFO: Sending credit warning SMS to customer 140Neptune [] []
[2019-12-06 08:00:02] Credit Warning SMS Yellow Zone log.INFO: Credit warning SMS sent to customer 140Neptune [] []
[2019-12-06 08:00:02] Credit Warning SMS Yellow Zone log.INFO: Sending credit warning SMS to customer 186neptune [] []
[2019-12-06 08:00:02] Credit Warning SMS Yellow Zone log.INFO: Credit warning SMS sent to customer 186neptune [] []
[2019-12-06 08:00:02] Credit Warning SMS Yellow Zone log.INFO: Sending credit warning SMS to customer 30neptune [] []
[2019-12-06 08:00:02] Credit Warning SMS Yellow Zone log.INFO: Credit warning SMS sent to customer 30neptune [] []
[2019-12-06 08:00:02] Credit Warning SMS Yellow Zone log.INFO: Sending credit warning SMS to customer 131Neptune [] []
[2019-12-06 08:00:02] Credit Warning SMS Yellow Zone log.INFO: Credit warning SMS sent to customer 131Neptune [] []
[2019-12-06 08:00:02] Credit Warning SMS Yellow Zone log.INFO: Sending credit warning SMS to customer 32neptune [] []
[2019-12-06 08:00:02] Credit Warning SMS Yellow Zone log.INFO: Credit warning SMS sent to customer 32neptune [] []
[2019-12-06 08:00:02] Credit Warning SMS Yellow Zone log.INFO: Sending credit warning SMS to customer 23neptune [] []
[2019-12-06 08:00:02] Credit Warning SMS Yellow Zone log.INFO: Credit warning SMS sent to customer 23neptune [] []
[2019-12-06 08:00:02] Credit Warning SMS Yellow Zone log.INFO: Sending credit warning SMS to customer 89Neptune [] []
[2019-12-06 08:00:02] Credit Warning SMS Yellow Zone log.INFO: Credit warning SMS sent to customer 89Neptune [] []
[2019-12-06 08:00:02] Credit Warning SMS Yellow Zone log.INFO: Sending credit warning SMS to customer 62Neptune [] []
[2019-12-06 08:00:02] Credit Warning SMS Yellow Zone log.INFO: Credit warning SMS sent to customer 62Neptune [] []
[2019-12-06 08:00:02] Credit Warning SMS Yellow Zone log.INFO: Sending credit warning SMS to customer 38neptune [] []
[2019-12-06 08:00:02] Credit Warning SMS Yellow Zone log.INFO: Credit warning SMS sent to customer 38neptune [] []
[2019-12-06 08:00:02] Credit Warning SMS Yellow Zone log.INFO: Sending credit warning SMS to customer 6neptune [] []
[2019-12-06 08:00:02] Credit Warning SMS Yellow Zone log.INFO: Credit warning SMS sent to customer 6neptune [] []
[2019-12-06 08:00:02] Credit Warning SMS Yellow Zone log.INFO: Sending credit warning SMS to customer 41Abbott [] []
[2019-12-06 08:00:02] Credit Warning SMS Yellow Zone log.INFO: Credit warning SMS sent to customer 41Abbott [] []
[2019-12-06 08:00:02] Credit Warning SMS Yellow Zone log.INFO: Sending credit warning SMS to customer 5Abbott [] []
[2019-12-06 08:00:02] Credit Warning SMS Yellow Zone log.INFO: Credit warning SMS sent to customer 5Abbott [] []
[2019-12-06 08:00:02] Credit Warning SMS Yellow Zone log.INFO: Sending credit warning SMS to customer 10Abbott [] []
[2019-12-06 08:00:02] Credit Warning SMS Yellow Zone log.INFO: Credit warning SMS sent to customer 10Abbott [] []
[2019-12-06 08:00:02] Credit Warning SMS Yellow Zone log.INFO: Sending credit warning SMS to customer 21Abbott [] []
[2019-12-06 08:00:02] Credit Warning SMS Yellow Zone log.INFO: Credit warning SMS sent to customer 21Abbott [] []
[2019-12-06 08:00:02] Credit Warning SMS Yellow Zone log.INFO: Sending credit warning SMS to customer 27Abbott [] []
[2019-12-06 08:00:02] Credit Warning SMS Yellow Zone log.INFO: Credit warning SMS sent to customer 27Abbott [] []
[2019-12-06 08:00:02] Credit Warning SMS Yellow Zone log.INFO: Sending credit warning SMS to customer 31Abbott [] []
[2019-12-06 08:00:02] Credit Warning SMS Yellow Zone log.INFO: Credit warning SMS sent to customer 31Abbott [] []
[2019-12-06 08:00:02] Credit Warning SMS Yellow Zone log.INFO: Sending credit warning SMS to customer 36Abbott [] []
[2019-12-06 08:00:02] Credit Warning SMS Yellow Zone log.INFO: Credit warning SMS sent to customer 36Abbott [] []
[2019-12-06 08:00:02] Credit Warning SMS Yellow Zone log.INFO: Sending credit warning SMS to customer 75Abbott [] []
[2019-12-06 08:00:02] Credit Warning SMS Yellow Zone log.INFO: Credit warning SMS sent to customer 75Abbott [] []
[2019-12-06 08:00:02] Credit Warning SMS Yellow Zone log.INFO: Sending credit warning SMS to customer 87Abbott [] []
[2019-12-06 08:00:03] Credit Warning SMS Yellow Zone log.INFO: Credit warning SMS sent to customer 87Abbott [] []
[2019-12-06 08:00:03] Credit Warning SMS Yellow Zone log.INFO: Sending credit warning SMS to customer 84Abbott [] []
[2019-12-06 08:00:03] Credit Warning SMS Yellow Zone log.INFO: Credit warning SMS sent to customer 84Abbott [] []
[2019-12-06 08:00:03] Credit Warning SMS Yellow Zone log.INFO: Sending credit warning SMS to customer 69Abbott [] []
[2019-12-06 08:00:03] Credit Warning SMS Yellow Zone log.INFO: Credit warning SMS sent to customer 69Abbott [] []
[2019-12-06 08:00:03] Credit Warning SMS Yellow Zone log.INFO: Sending credit warning SMS to customer 44Abbott [] []
[2019-12-06 08:00:03] Credit Warning SMS Yellow Zone log.INFO: Credit warning SMS sent to customer 44Abbott [] []
[2019-12-06 08:00:03] Credit Warning SMS Yellow Zone log.INFO: Sending credit warning SMS to customer 92Abbott [] []
[2019-12-06 08:00:03] Credit Warning SMS Yellow Zone log.INFO: Credit warning SMS sent to customer 92Abbott [] []
[2019-12-06 08:00:03] Credit Warning SMS Yellow Zone log.INFO: Sending credit warning SMS to customer 71Abbott [] []
[2019-12-06 08:00:03] Credit Warning SMS Yellow Zone log.INFO: Credit warning SMS sent to customer 71Abbott [] []
[2019-12-06 08:00:03] Credit Warning SMS Yellow Zone log.INFO: Sending credit warning SMS to customer 109Abbott [] []
[2019-12-06 08:00:03] Credit Warning SMS Yellow Zone log.INFO: Credit warning SMS sent to customer 109Abbott [] []
[2019-12-06 08:00:03] Credit Warning SMS Yellow Zone log.INFO: Sending credit warning SMS to customer 111Abbott [] []
[2019-12-06 08:00:03] Credit Warning SMS Yellow Zone log.INFO: Credit warning SMS sent to customer 111Abbott [] []
[2019-12-06 08:00:03] Credit Warning SMS Yellow Zone log.INFO: Sending credit warning SMS to customer 117Abbott [] []
[2019-12-06 08:00:03] Credit Warning SMS Yellow Zone log.INFO: Credit warning SMS sent to customer 117Abbott [] []
[2019-12-06 08:00:03] Credit Warning SMS Yellow Zone log.INFO: Sending credit warning SMS to customer 119Abbott [] []
[2019-12-06 08:00:03] Credit Warning SMS Yellow Zone log.INFO: Credit warning SMS sent to customer 119Abbott [] []
[2019-12-06 08:00:03] Credit Warning SMS Yellow Zone log.INFO: Sending credit warning SMS to customer 98Abbott [] []
[2019-12-06 08:00:03] Credit Warning SMS Yellow Zone log.INFO: Credit warning SMS sent to customer 98Abbott [] []
[2019-12-06 08:00:03] Credit Warning SMS Yellow Zone log.INFO: Sending credit warning SMS to customer 97Abbott [] []
[2019-12-06 08:00:03] Credit Warning SMS Yellow Zone log.INFO: Credit warning SMS sent to customer 97Abbott [] []
[2019-12-06 08:00:03] Credit Warning SMS Yellow Zone log.INFO: Sending credit warning SMS to customer 29GreenBank [] []
[2019-12-06 08:00:03] Credit Warning SMS Yellow Zone log.INFO: Credit warning SMS sent to customer 29GreenBank [] []
[2019-12-06 08:00:03] Credit Warning SMS Yellow Zone log.INFO: Sending credit warning SMS to customer 177abbott [] []
[2019-12-06 08:00:03] Credit Warning SMS Yellow Zone log.INFO: Credit warning SMS sent to customer 177abbott [] []
[2019-12-06 08:00:03] Credit Warning SMS Yellow Zone log.INFO: Sending credit warning SMS to customer 146abbott [] []
[2019-12-06 08:00:03] Credit Warning SMS Yellow Zone log.INFO: Credit warning SMS sent to customer 146abbott [] []
[2019-12-06 08:00:03] Credit Warning SMS Yellow Zone log.INFO: Sending credit warning SMS to customer 175abbott [] []
[2019-12-06 08:00:03] Credit Warning SMS Yellow Zone log.INFO: Credit warning SMS sent to customer 175abbott [] []
[2019-12-06 08:00:03] Credit Warning SMS Yellow Zone log.INFO: Sending credit warning SMS to customer 14GreenBank [] []
[2019-12-06 08:00:03] Credit Warning SMS Yellow Zone log.INFO: Credit warning SMS sent to customer 14GreenBank [] []
[2019-12-06 08:00:03] Credit Warning SMS Yellow Zone log.INFO: Sending credit warning SMS to customer 151abbott [] []
[2019-12-06 08:00:03] Credit Warning SMS Yellow Zone log.INFO: Credit warning SMS sent to customer 151abbott [] []
[2019-12-06 08:00:03] Credit Warning SMS Yellow Zone log.INFO: Sending credit warning SMS to customer 93eustace [] []
[2019-12-06 08:00:03] Credit Warning SMS Yellow Zone log.INFO: Credit warning SMS sent to customer 93eustace [] []
[2019-12-06 08:00:03] Credit Warning SMS Yellow Zone log.INFO: Sending credit warning SMS to customer 144leona [] []
[2019-12-06 08:00:03] Credit Warning SMS Yellow Zone log.INFO: Credit warning SMS sent to customer 144leona [] []
[2019-12-06 08:00:03] Credit Warning SMS Yellow Zone log.INFO: Sending credit warning SMS to customer 3leona [] []
[2019-12-06 08:00:03] Credit Warning SMS Yellow Zone log.INFO: Credit warning SMS sent to customer 3leona [] []
[2019-12-06 08:00:03] Credit Warning SMS Yellow Zone log.INFO: Sending credit warning SMS to customer 58leona [] []
[2019-12-06 08:00:03] Credit Warning SMS Yellow Zone log.INFO: Credit warning SMS sent to customer 58leona [] []
[2019-12-06 08:00:03] Credit Warning SMS Yellow Zone log.INFO: Sending credit warning SMS to customer 60leona [] []
[2019-12-06 08:00:03] Credit Warning SMS Yellow Zone log.INFO: Credit warning SMS sent to customer 60leona [] []
[2019-12-06 08:00:03] Credit Warning SMS Yellow Zone log.INFO: Sending credit warning SMS to customer 125leona [] []
[2019-12-06 08:00:03] Credit Warning SMS Yellow Zone log.INFO: Credit warning SMS sent to customer 125leona [] []
[2019-12-06 08:00:03] Credit Warning SMS Yellow Zone log.INFO: Sending credit warning SMS to customer 124leona [] []
[2019-12-06 08:00:03] Credit Warning SMS Yellow Zone log.INFO: Credit warning SMS sent to customer 124leona [] []
[2019-12-06 08:00:03] Credit Warning SMS Yellow Zone log.INFO: Sending credit warning SMS to customer 121leona [] []
[2019-12-06 08:00:03] Credit Warning SMS Yellow Zone log.INFO: Credit warning SMS sent to customer 121leona [] []
[2019-12-06 08:00:03] Credit Warning SMS Yellow Zone log.INFO: Sending credit warning SMS to customer 40leona [] []
[2019-12-06 08:00:03] Credit Warning SMS Yellow Zone log.INFO: Credit warning SMS sent to customer 40leona [] []
[2019-12-06 08:00:03] Credit Warning SMS Yellow Zone log.INFO: Sending credit warning SMS to customer 119leona [] []
[2019-12-06 08:00:03] Credit Warning SMS Yellow Zone log.INFO: Credit warning SMS sent to customer 119leona [] []
[2019-12-06 08:00:03] Credit Warning SMS Yellow Zone log.INFO: Sending credit warning SMS to customer 4leona [] []
[2019-12-06 08:00:03] Credit Warning SMS Yellow Zone log.INFO: Credit warning SMS sent to customer 4leona [] []
[2019-12-06 08:00:03] Credit Warning SMS Yellow Zone log.INFO: Sending credit warning SMS to customer 45leona [] []
[2019-12-06 08:00:03] Credit Warning SMS Yellow Zone log.INFO: Credit warning SMS sent to customer 45leona [] []
[2019-12-06 08:00:03] Credit Warning SMS Yellow Zone log.INFO: Sending credit warning SMS to customer 108charlotte [] []
[2019-12-06 08:00:03] Credit Warning SMS Yellow Zone log.INFO: Credit warning SMS sent to customer 108charlotte [] []
[2019-12-06 08:00:03] Credit Warning SMS Yellow Zone log.INFO: Sending credit warning SMS to customer 127charlotte [] []
[2019-12-06 08:00:03] Credit Warning SMS Yellow Zone log.INFO: Credit warning SMS sent to customer 127charlotte [] []
[2019-12-06 08:00:03] Credit Warning SMS Yellow Zone log.INFO: Sending credit warning SMS to customer 144charlotte [] []
[2019-12-06 08:00:04] Credit Warning SMS Yellow Zone log.INFO: Credit warning SMS sent to customer 144charlotte [] []
[2019-12-06 08:00:04] Credit Warning SMS Yellow Zone log.INFO: Sending credit warning SMS to customer 126charlotte [] []
[2019-12-06 08:00:04] Credit Warning SMS Yellow Zone log.INFO: Credit warning SMS sent to customer 126charlotte [] []
[2019-12-06 08:00:04] Credit Warning SMS Yellow Zone log.INFO: Sending credit warning SMS to customer 28charlotte [] []
[2019-12-06 08:00:04] Credit Warning SMS Yellow Zone log.INFO: Credit warning SMS sent to customer 28charlotte [] []
[2019-12-06 08:00:04] Credit Warning SMS Yellow Zone log.INFO: Sending credit warning SMS to customer 44charlotte [] []
[2019-12-06 08:00:04] Credit Warning SMS Yellow Zone log.INFO: Credit warning SMS sent to customer 44charlotte [] []
[2019-12-06 08:00:04] Credit Warning SMS Yellow Zone log.INFO: Sending credit warning SMS to customer 54charlotte [] []
[2019-12-06 08:00:04] Credit Warning SMS Yellow Zone log.INFO: Credit warning SMS sent to customer 54charlotte [] []
[2019-12-06 08:00:04] Credit Warning SMS Yellow Zone log.INFO: Sending credit warning SMS to customer 82charlotte [] []
[2019-12-06 08:00:04] Credit Warning SMS Yellow Zone log.INFO: Credit warning SMS sent to customer 82charlotte [] []
[2019-12-06 08:00:04] Credit Warning SMS Yellow Zone log.INFO: Sending credit warning SMS to customer 95charlotte [] []
[2019-12-06 08:00:04] Credit Warning SMS Yellow Zone log.INFO: Credit warning SMS sent to customer 95charlotte [] []
[2019-12-06 08:00:04] Credit Warning SMS Yellow Zone log.INFO: Sending credit warning SMS to customer 70charlotte [] []
[2019-12-06 08:00:04] Credit Warning SMS Yellow Zone log.INFO: Credit warning SMS sent to customer 70charlotte [] []
[2019-12-06 08:00:04] Credit Warning SMS Yellow Zone log.INFO: Sending credit warning SMS to customer 81charlotte [] []
[2019-12-06 08:00:04] Credit Warning SMS Yellow Zone log.INFO: Credit warning SMS sent to customer 81charlotte [] []
[2019-12-06 08:00:04] Credit Warning SMS Yellow Zone log.INFO: Sending credit warning SMS to customer 99charlotte [] []
[2019-12-06 08:00:04] Credit Warning SMS Yellow Zone log.INFO: Credit warning SMS sent to customer 99charlotte [] []
[2019-12-06 08:00:04] Credit Warning SMS Yellow Zone log.INFO: Sending credit warning SMS to customer 115charlotte [] []
[2019-12-06 08:00:04] Credit Warning SMS Yellow Zone log.INFO: Credit warning SMS sent to customer 115charlotte [] []
[2019-12-06 08:00:04] Credit Warning SMS Yellow Zone log.INFO: Sending credit warning SMS to customer 135charlotte [] []
[2019-12-06 08:00:04] Credit Warning SMS Yellow Zone log.INFO: Credit warning SMS sent to customer 135charlotte [] []
[2019-12-06 08:00:04] Credit Warning SMS Yellow Zone log.INFO: Sending credit warning SMS to customer 50charlotte [] []
[2019-12-06 08:00:04] Credit Warning SMS Yellow Zone log.INFO: Credit warning SMS sent to customer 50charlotte [] []
[2019-12-06 08:00:04] Credit Warning SMS Yellow Zone log.INFO: Sending credit warning SMS to customer 4bridgefield [] []
[2019-12-06 08:00:04] Credit Warning SMS Yellow Zone log.INFO: Credit warning SMS sent to customer 4bridgefield [] []
[2019-12-06 08:00:04] Credit Warning SMS Yellow Zone log.INFO: Sending credit warning SMS to customer 6bridgefield [] []
[2019-12-06 08:00:04] Credit Warning SMS Yellow Zone log.INFO: Credit warning SMS sent to customer 6bridgefield [] []
[2019-12-06 08:00:04] Credit Warning SMS Yellow Zone log.INFO: Sending credit warning SMS to customer 8bridgefield [] []
[2019-12-06 08:00:04] Credit Warning SMS Yellow Zone log.INFO: Credit warning SMS sent to customer 8bridgefield [] []
[2019-12-06 08:00:04] Credit Warning SMS Yellow Zone log.INFO: Sending credit warning SMS to customer 7bridgefield [] []
[2019-12-06 08:00:04] Credit Warning SMS Yellow Zone log.INFO: Credit warning SMS sent to customer 7bridgefield [] []
[2019-12-06 08:00:04] Credit Warning SMS Yellow Zone log.INFO: Sending credit warning SMS to customer 61bridgefield [] []
[2019-12-06 08:00:04] Credit Warning SMS Yellow Zone log.INFO: Credit warning SMS sent to customer 61bridgefield [] []
[2019-12-06 08:00:04] Credit Warning SMS Yellow Zone log.INFO: Sending credit warning SMS to customer 70fairways [] []
[2019-12-06 08:00:04] Credit Warning SMS Yellow Zone log.INFO: Credit warning SMS sent to customer 70fairways [] []
[2019-12-06 08:00:04] Credit Warning SMS Yellow Zone log.INFO: Sending credit warning SMS to customer 106fairways [] []
[2019-12-06 08:00:04] Credit Warning SMS Yellow Zone log.INFO: Credit warning SMS sent to customer 106fairways [] []
[2019-12-06 08:00:04] Credit Warning SMS Yellow Zone log.INFO: Sending credit warning SMS to customer 105fairways [] []
[2019-12-06 08:00:04] Credit Warning SMS Yellow Zone log.INFO: Credit warning SMS sent to customer 105fairways [] []
[2019-12-06 08:00:04] Credit Warning SMS Yellow Zone log.INFO: Sending credit warning SMS to customer 133fairways [] []
[2019-12-06 08:00:04] Credit Warning SMS Yellow Zone log.INFO: Credit warning SMS sent to customer 133fairways [] []
[2019-12-06 08:00:04] Credit Warning SMS Yellow Zone log.INFO: Sending credit warning SMS to customer 140fairways [] []
[2019-12-06 08:00:04] Credit Warning SMS Yellow Zone log.INFO: Credit warning SMS sent to customer 140fairways [] []
[2019-12-06 08:00:04] Credit Warning SMS Yellow Zone log.INFO: Sent Credit warning SMS to 84 customers! [] []
