[2019-07-27 10:30:01] Credit Warning SMS Yellow Zone log.INFO: Sending credit warning SMS to customer 2garryknock [] []
[2019-07-27 10:30:01] Credit Warning SMS Yellow Zone log.INFO: Credit warning SMS sent to customer 2garryknock [] []
[2019-07-27 10:30:01] Credit Warning SMS Yellow Zone log.INFO: Sending credit warning SMS to customer 13sundayswell [] []
[2019-07-27 10:30:01] Credit Warning SMS Yellow Zone log.INFO: Credit warning SMS sent to customer 13sundayswell [] []
[2019-07-27 10:30:01] Credit Warning SMS Yellow Zone log.INFO: Sending credit warning SMS to customer 2brackenview [] []
[2019-07-27 10:30:01] Credit Warning SMS Yellow Zone log.INFO: Credit warning SMS sent to customer 2brackenview [] []
[2019-07-27 10:30:01] Credit Warning SMS Yellow Zone log.INFO: Sending credit warning SMS to customer 44Emerald [] []
[2019-07-27 10:30:01] Credit Warning SMS Yellow Zone log.INFO: Credit warning SMS sent to customer 44Emerald [] []
[2019-07-27 10:30:01] Credit Warning SMS Yellow Zone log.INFO: Sending credit warning SMS to customer 7Emerald [] []
[2019-07-27 10:30:01] Credit Warning SMS Yellow Zone log.INFO: Credit warning SMS sent to customer 7Emerald [] []
[2019-07-27 10:30:01] Credit Warning SMS Yellow Zone log.INFO: Sending credit warning SMS to customer 10Emerald [] []
[2019-07-27 10:30:01] Credit Warning SMS Yellow Zone log.INFO: Credit warning SMS sent to customer 10Emerald [] []
[2019-07-27 10:30:01] Credit Warning SMS Yellow Zone log.INFO: Sending credit warning SMS to customer 46Emerald [] []
[2019-07-27 10:30:01] Credit Warning SMS Yellow Zone log.INFO: Credit warning SMS sent to customer 46Emerald [] []
[2019-07-27 10:30:01] Credit Warning SMS Yellow Zone log.INFO: Sending credit warning SMS to customer 29Emerald [] []
[2019-07-27 10:30:01] Credit Warning SMS Yellow Zone log.INFO: Credit warning SMS sent to customer 29Emerald [] []
[2019-07-27 10:30:01] Credit Warning SMS Yellow Zone log.INFO: Sending credit warning SMS to customer 176neptune [] []
[2019-07-27 10:30:01] Credit Warning SMS Yellow Zone log.INFO: Credit warning SMS sent to customer 176neptune [] []
[2019-07-27 10:30:01] Credit Warning SMS Yellow Zone log.INFO: Sending credit warning SMS to customer 115Neptune [] []
[2019-07-27 10:30:01] Credit Warning SMS Yellow Zone log.INFO: Credit warning SMS sent to customer 115Neptune [] []
[2019-07-27 10:30:01] Credit Warning SMS Yellow Zone log.INFO: Sending credit warning SMS to customer 175neptune [] []
[2019-07-27 10:30:01] Credit Warning SMS Yellow Zone log.INFO: Credit warning SMS sent to customer 175neptune [] []
[2019-07-27 10:30:01] Credit Warning SMS Yellow Zone log.INFO: Sending credit warning SMS to customer 147Neptune [] []
[2019-07-27 10:30:01] Credit Warning SMS Yellow Zone log.INFO: Credit warning SMS sent to customer 147Neptune [] []
[2019-07-27 10:30:01] Credit Warning SMS Yellow Zone log.INFO: Sending credit warning SMS to customer 120Neptune [] []
[2019-07-27 10:30:01] Credit Warning SMS Yellow Zone log.INFO: Credit warning SMS sent to customer 120Neptune [] []
[2019-07-27 10:30:01] Credit Warning SMS Yellow Zone log.INFO: Sending credit warning SMS to customer 87Neptune [] []
[2019-07-27 10:30:01] Credit Warning SMS Yellow Zone log.INFO: Credit warning SMS sent to customer 87Neptune [] []
[2019-07-27 10:30:01] Credit Warning SMS Yellow Zone log.INFO: Sending credit warning SMS to customer 100Neptune [] []
[2019-07-27 10:30:01] Credit Warning SMS Yellow Zone log.INFO: Credit warning SMS sent to customer 100Neptune [] []
[2019-07-27 10:30:01] Credit Warning SMS Yellow Zone log.INFO: Sending credit warning SMS to customer 196neptune [] []
[2019-07-27 10:30:01] Credit Warning SMS Yellow Zone log.INFO: Credit warning SMS sent to customer 196neptune [] []
[2019-07-27 10:30:01] Credit Warning SMS Yellow Zone log.INFO: Sending credit warning SMS to customer 61Neptune [] []
[2019-07-27 10:30:01] Credit Warning SMS Yellow Zone log.INFO: Credit warning SMS sent to customer 61Neptune [] []
[2019-07-27 10:30:01] Credit Warning SMS Yellow Zone log.INFO: Sending credit warning SMS to customer 104Neptune [] []
[2019-07-27 10:30:01] Credit Warning SMS Yellow Zone log.INFO: Credit warning SMS sent to customer 104Neptune [] []
[2019-07-27 10:30:01] Credit Warning SMS Yellow Zone log.INFO: Sending credit warning SMS to customer 165neptune [] []
[2019-07-27 10:30:02] Credit Warning SMS Yellow Zone log.INFO: Credit warning SMS sent to customer 165neptune [] []
[2019-07-27 10:30:02] Credit Warning SMS Yellow Zone log.INFO: Sending credit warning SMS to customer 192neptune [] []
[2019-07-27 10:30:02] Credit Warning SMS Yellow Zone log.INFO: Credit warning SMS sent to customer 192neptune [] []
[2019-07-27 10:30:02] Credit Warning SMS Yellow Zone log.INFO: Sending credit warning SMS to customer 152Neptune [] []
[2019-07-27 10:30:02] Credit Warning SMS Yellow Zone log.INFO: Credit warning SMS sent to customer 152Neptune [] []
[2019-07-27 10:30:02] Credit Warning SMS Yellow Zone log.INFO: Sending credit warning SMS to customer 3Abbott [] []
[2019-07-27 10:30:02] Credit Warning SMS Yellow Zone log.INFO: Credit warning SMS sent to customer 3Abbott [] []
[2019-07-27 10:30:02] Credit Warning SMS Yellow Zone log.INFO: Sending credit warning SMS to customer 10Abbott [] []
[2019-07-27 10:30:02] Credit Warning SMS Yellow Zone log.INFO: Credit warning SMS sent to customer 10Abbott [] []
[2019-07-27 10:30:02] Credit Warning SMS Yellow Zone log.INFO: Sending credit warning SMS to customer 15Abbott [] []
[2019-07-27 10:30:02] Credit Warning SMS Yellow Zone log.INFO: Credit warning SMS sent to customer 15Abbott [] []
[2019-07-27 10:30:02] Credit Warning SMS Yellow Zone log.INFO: Sending credit warning SMS to customer 24Abbott [] []
[2019-07-27 10:30:02] Credit Warning SMS Yellow Zone log.INFO: Credit warning SMS sent to customer 24Abbott [] []
[2019-07-27 10:30:02] Credit Warning SMS Yellow Zone log.INFO: Sending credit warning SMS to customer 32Abbott [] []
[2019-07-27 10:30:02] Credit Warning SMS Yellow Zone log.INFO: Credit warning SMS sent to customer 32Abbott [] []
[2019-07-27 10:30:02] Credit Warning SMS Yellow Zone log.INFO: Sending credit warning SMS to customer 40Abbott [] []
[2019-07-27 10:30:02] Credit Warning SMS Yellow Zone log.INFO: Credit warning SMS sent to customer 40Abbott [] []
[2019-07-27 10:30:02] Credit Warning SMS Yellow Zone log.INFO: Sending credit warning SMS to customer 44Abbott [] []
[2019-07-27 10:30:02] Credit Warning SMS Yellow Zone log.INFO: Credit warning SMS sent to customer 44Abbott [] []
[2019-07-27 10:30:02] Credit Warning SMS Yellow Zone log.INFO: Sending credit warning SMS to customer 71Abbott [] []
[2019-07-27 10:30:02] Credit Warning SMS Yellow Zone log.INFO: Credit warning SMS sent to customer 71Abbott [] []
[2019-07-27 10:30:02] Credit Warning SMS Yellow Zone log.INFO: Sending credit warning SMS to customer 111Abbott [] []
[2019-07-27 10:30:02] Credit Warning SMS Yellow Zone log.INFO: Credit warning SMS sent to customer 111Abbott [] []
[2019-07-27 10:30:02] Credit Warning SMS Yellow Zone log.INFO: Sending credit warning SMS to customer 118Abbott [] []
[2019-07-27 10:30:02] Credit Warning SMS Yellow Zone log.INFO: Credit warning SMS sent to customer 118Abbott [] []
[2019-07-27 10:30:02] Credit Warning SMS Yellow Zone log.INFO: Sending credit warning SMS to customer 4GreenBank [] []
[2019-07-27 10:30:02] Credit Warning SMS Yellow Zone log.INFO: Credit warning SMS sent to customer 4GreenBank [] []
[2019-07-27 10:30:02] Credit Warning SMS Yellow Zone log.INFO: Sending credit warning SMS to customer 144abbott [] []
[2019-07-27 10:30:02] Credit Warning SMS Yellow Zone log.INFO: Credit warning SMS sent to customer 144abbott [] []
[2019-07-27 10:30:02] Credit Warning SMS Yellow Zone log.INFO: Sending credit warning SMS to customer 136abbott [] []
[2019-07-27 10:30:02] Credit Warning SMS Yellow Zone log.INFO: Credit warning SMS sent to customer 136abbott [] []
[2019-07-27 10:30:02] Credit Warning SMS Yellow Zone log.INFO: Sending credit warning SMS to customer 191abbott [] []
[2019-07-27 10:30:02] Credit Warning SMS Yellow Zone log.INFO: Credit warning SMS sent to customer 191abbott [] []
[2019-07-27 10:30:02] Credit Warning SMS Yellow Zone log.INFO: Sending credit warning SMS to customer 134abbott [] []
[2019-07-27 10:30:02] Credit Warning SMS Yellow Zone log.INFO: Credit warning SMS sent to customer 134abbott [] []
[2019-07-27 10:30:02] Credit Warning SMS Yellow Zone log.INFO: Sending credit warning SMS to customer 150abbott [] []
[2019-07-27 10:30:02] Credit Warning SMS Yellow Zone log.INFO: Credit warning SMS sent to customer 150abbott [] []
[2019-07-27 10:30:02] Credit Warning SMS Yellow Zone log.INFO: Sending credit warning SMS to customer 168abbott [] []
[2019-07-27 10:30:02] Credit Warning SMS Yellow Zone log.INFO: Credit warning SMS sent to customer 168abbott [] []
[2019-07-27 10:30:02] Credit Warning SMS Yellow Zone log.INFO: Sending credit warning SMS to customer 19GreenBank [] []
[2019-07-27 10:30:02] Credit Warning SMS Yellow Zone log.INFO: Credit warning SMS sent to customer 19GreenBank [] []
[2019-07-27 10:30:02] Credit Warning SMS Yellow Zone log.INFO: Sending credit warning SMS to customer 54Abbott [] []
[2019-07-27 10:30:02] Credit Warning SMS Yellow Zone log.INFO: Credit warning SMS sent to customer 54Abbott [] []
[2019-07-27 10:30:02] Credit Warning SMS Yellow Zone log.INFO: Sending credit warning SMS to customer 21GreenBank [] []
[2019-07-27 10:30:02] Credit Warning SMS Yellow Zone log.INFO: Credit warning SMS sent to customer 21GreenBank [] []
[2019-07-27 10:30:02] Credit Warning SMS Yellow Zone log.INFO: Sending credit warning SMS to customer 7GreenBank [] []
[2019-07-27 10:30:02] Credit Warning SMS Yellow Zone log.INFO: Credit warning SMS sent to customer 7GreenBank [] []
[2019-07-27 10:30:02] Credit Warning SMS Yellow Zone log.INFO: Sending credit warning SMS to customer 8eustace [] []
[2019-07-27 10:30:02] Credit Warning SMS Yellow Zone log.INFO: Credit warning SMS sent to customer 8eustace [] []
[2019-07-27 10:30:02] Credit Warning SMS Yellow Zone log.INFO: Sending credit warning SMS to customer 15eustace [] []
[2019-07-27 10:30:02] Credit Warning SMS Yellow Zone log.INFO: Credit warning SMS sent to customer 15eustace [] []
[2019-07-27 10:30:02] Credit Warning SMS Yellow Zone log.INFO: Sending credit warning SMS to customer 67eustace [] []
[2019-07-27 10:30:02] Credit Warning SMS Yellow Zone log.INFO: Credit warning SMS sent to customer 67eustace [] []
[2019-07-27 10:30:02] Credit Warning SMS Yellow Zone log.INFO: Sending credit warning SMS to customer 13leona [] []
[2019-07-27 10:30:02] Credit Warning SMS Yellow Zone log.INFO: Credit warning SMS sent to customer 13leona [] []
[2019-07-27 10:30:02] Credit Warning SMS Yellow Zone log.INFO: Sending credit warning SMS to customer 141leona [] []
[2019-07-27 10:30:02] Credit Warning SMS Yellow Zone log.INFO: Credit warning SMS sent to customer 141leona [] []
[2019-07-27 10:30:02] Credit Warning SMS Yellow Zone log.INFO: Sending credit warning SMS to customer 38leona [] []
[2019-07-27 10:30:02] Credit Warning SMS Yellow Zone log.INFO: Credit warning SMS sent to customer 38leona [] []
[2019-07-27 10:30:02] Credit Warning SMS Yellow Zone log.INFO: Sending credit warning SMS to customer 123leona [] []
[2019-07-27 10:30:02] Credit Warning SMS Yellow Zone log.INFO: Credit warning SMS sent to customer 123leona [] []
[2019-07-27 10:30:02] Credit Warning SMS Yellow Zone log.INFO: Sending credit warning SMS to customer 75leona [] []
[2019-07-27 10:30:02] Credit Warning SMS Yellow Zone log.INFO: Credit warning SMS sent to customer 75leona [] []
[2019-07-27 10:30:02] Credit Warning SMS Yellow Zone log.INFO: Sending credit warning SMS to customer 107leona [] []
[2019-07-27 10:30:02] Credit Warning SMS Yellow Zone log.INFO: Credit warning SMS sent to customer 107leona [] []
[2019-07-27 10:30:02] Credit Warning SMS Yellow Zone log.INFO: Sending credit warning SMS to customer 119leona [] []
[2019-07-27 10:30:02] Credit Warning SMS Yellow Zone log.INFO: Credit warning SMS sent to customer 119leona [] []
[2019-07-27 10:30:02] Credit Warning SMS Yellow Zone log.INFO: Sending credit warning SMS to customer 122charlotte [] []
[2019-07-27 10:30:03] Credit Warning SMS Yellow Zone log.INFO: Credit warning SMS sent to customer 122charlotte [] []
[2019-07-27 10:30:03] Credit Warning SMS Yellow Zone log.INFO: Sending credit warning SMS to customer 31charlotte [] []
[2019-07-27 10:30:03] Credit Warning SMS Yellow Zone log.INFO: Credit warning SMS sent to customer 31charlotte [] []
[2019-07-27 10:30:03] Credit Warning SMS Yellow Zone log.INFO: Sending credit warning SMS to customer 45charlotte [] []
[2019-07-27 10:30:03] Credit Warning SMS Yellow Zone log.INFO: Credit warning SMS sent to customer 45charlotte [] []
[2019-07-27 10:30:03] Credit Warning SMS Yellow Zone log.INFO: Sending credit warning SMS to customer 42charlotte [] []
[2019-07-27 10:30:03] Credit Warning SMS Yellow Zone log.INFO: Credit warning SMS sent to customer 42charlotte [] []
[2019-07-27 10:30:03] Credit Warning SMS Yellow Zone log.INFO: Sending credit warning SMS to customer 52charlotte [] []
[2019-07-27 10:30:03] Credit Warning SMS Yellow Zone log.INFO: Credit warning SMS sent to customer 52charlotte [] []
[2019-07-27 10:30:03] Credit Warning SMS Yellow Zone log.INFO: Sending credit warning SMS to customer 53charlotte [] []
[2019-07-27 10:30:03] Credit Warning SMS Yellow Zone log.INFO: Credit warning SMS sent to customer 53charlotte [] []
[2019-07-27 10:30:03] Credit Warning SMS Yellow Zone log.INFO: Sending credit warning SMS to customer 56charlotte [] []
[2019-07-27 10:30:03] Credit Warning SMS Yellow Zone log.INFO: Credit warning SMS sent to customer 56charlotte [] []
[2019-07-27 10:30:03] Credit Warning SMS Yellow Zone log.INFO: Sending credit warning SMS to customer 66charlotte [] []
[2019-07-27 10:30:03] Credit Warning SMS Yellow Zone log.INFO: Credit warning SMS sent to customer 66charlotte [] []
[2019-07-27 10:30:03] Credit Warning SMS Yellow Zone log.INFO: Sending credit warning SMS to customer 82charlotte [] []
[2019-07-27 10:30:03] Credit Warning SMS Yellow Zone log.INFO: Credit warning SMS sent to customer 82charlotte [] []
[2019-07-27 10:30:03] Credit Warning SMS Yellow Zone log.INFO: Sent Credit warning SMS to 61 customers! [] []
