[2019-12-04 08:00:01] Credit Warning SMS Yellow Zone log.INFO: Sending credit warning SMS to customer 12sundayswell [] []
[2019-12-04 08:00:02] Credit Warning SMS Yellow Zone log.INFO: Credit warning SMS sent to customer 12sundayswell [] []
[2019-12-04 08:00:02] Credit Warning SMS Yellow Zone log.INFO: Sending credit warning SMS to customer 18brackenview [] []
[2019-12-04 08:00:02] Credit Warning SMS Yellow Zone log.INFO: Credit warning SMS sent to customer 18brackenview [] []
[2019-12-04 08:00:02] Credit Warning SMS Yellow Zone log.INFO: Sending credit warning SMS to customer 21garryknock [] []
[2019-12-04 08:00:02] Credit Warning SMS Yellow Zone log.INFO: Credit warning SMS sent to customer 21garryknock [] []
[2019-12-04 08:00:02] Credit Warning SMS Yellow Zone log.INFO: Sending credit warning SMS to customer 3garryknock [] []
[2019-12-04 08:00:02] Credit Warning SMS Yellow Zone log.INFO: Credit warning SMS sent to customer 3garryknock [] []
[2019-12-04 08:00:02] Credit Warning SMS Yellow Zone log.INFO: Sending credit warning SMS to customer 5garryknock [] []
[2019-12-04 08:00:02] Credit Warning SMS Yellow Zone log.INFO: Credit warning SMS sent to customer 5garryknock [] []
[2019-12-04 08:00:02] Credit Warning SMS Yellow Zone log.INFO: Sending credit warning SMS to customer 9sundayswell [] []
[2019-12-04 08:00:02] Credit Warning SMS Yellow Zone log.INFO: Credit warning SMS sent to customer 9sundayswell [] []
[2019-12-04 08:00:02] Credit Warning SMS Yellow Zone log.INFO: Sending credit warning SMS to customer 20garryknock [] []
[2019-12-04 08:00:02] Credit Warning SMS Yellow Zone log.INFO: Credit warning SMS sent to customer 20garryknock [] []
[2019-12-04 08:00:02] Credit Warning SMS Yellow Zone log.INFO: Sending credit warning SMS to customer 48Emerald [] []
[2019-12-04 08:00:02] Credit Warning SMS Yellow Zone log.INFO: Credit warning SMS sent to customer 48Emerald [] []
[2019-12-04 08:00:02] Credit Warning SMS Yellow Zone log.INFO: Sending credit warning SMS to customer 10Emerald [] []
[2019-12-04 08:00:02] Credit Warning SMS Yellow Zone log.INFO: Credit warning SMS sent to customer 10Emerald [] []
[2019-12-04 08:00:02] Credit Warning SMS Yellow Zone log.INFO: Sending credit warning SMS to customer 168neptune [] []
[2019-12-04 08:00:02] Credit Warning SMS Yellow Zone log.INFO: Credit warning SMS sent to customer 168neptune [] []
[2019-12-04 08:00:02] Credit Warning SMS Yellow Zone log.INFO: Sending credit warning SMS to customer 177neptune [] []
[2019-12-04 08:00:02] Credit Warning SMS Yellow Zone log.INFO: Credit warning SMS sent to customer 177neptune [] []
[2019-12-04 08:00:02] Credit Warning SMS Yellow Zone log.INFO: Sending credit warning SMS to customer 157Neptune [] []
[2019-12-04 08:00:02] Credit Warning SMS Yellow Zone log.INFO: Credit warning SMS sent to customer 157Neptune [] []
[2019-12-04 08:00:02] Credit Warning SMS Yellow Zone log.INFO: Sending credit warning SMS to customer 148Neptune [] []
[2019-12-04 08:00:02] Credit Warning SMS Yellow Zone log.INFO: Credit warning SMS sent to customer 148Neptune [] []
[2019-12-04 08:00:02] Credit Warning SMS Yellow Zone log.INFO: Sending credit warning SMS to customer 94Neptune [] []
[2019-12-04 08:00:02] Credit Warning SMS Yellow Zone log.INFO: Credit warning SMS sent to customer 94Neptune [] []
[2019-12-04 08:00:02] Credit Warning SMS Yellow Zone log.INFO: Sending credit warning SMS to customer 43neptune [] []
[2019-12-04 08:00:02] Credit Warning SMS Yellow Zone log.INFO: Credit warning SMS sent to customer 43neptune [] []
[2019-12-04 08:00:02] Credit Warning SMS Yellow Zone log.INFO: Sending credit warning SMS to customer 42neptune [] []
[2019-12-04 08:00:02] Credit Warning SMS Yellow Zone log.INFO: Credit warning SMS sent to customer 42neptune [] []
[2019-12-04 08:00:02] Credit Warning SMS Yellow Zone log.INFO: Sending credit warning SMS to customer 104Neptune [] []
[2019-12-04 08:00:02] Credit Warning SMS Yellow Zone log.INFO: Credit warning SMS sent to customer 104Neptune [] []
[2019-12-04 08:00:02] Credit Warning SMS Yellow Zone log.INFO: Sending credit warning SMS to customer 18neptune [] []
[2019-12-04 08:00:02] Credit Warning SMS Yellow Zone log.INFO: Credit warning SMS sent to customer 18neptune [] []
[2019-12-04 08:00:02] Credit Warning SMS Yellow Zone log.INFO: Sending credit warning SMS to customer 32neptune [] []
[2019-12-04 08:00:02] Credit Warning SMS Yellow Zone log.INFO: Credit warning SMS sent to customer 32neptune [] []
[2019-12-04 08:00:02] Credit Warning SMS Yellow Zone log.INFO: Sending credit warning SMS to customer 121Neptune [] []
[2019-12-04 08:00:02] Credit Warning SMS Yellow Zone log.INFO: Credit warning SMS sent to customer 121Neptune [] []
[2019-12-04 08:00:02] Credit Warning SMS Yellow Zone log.INFO: Sending credit warning SMS to customer 20neptune [] []
[2019-12-04 08:00:02] Credit Warning SMS Yellow Zone log.INFO: Credit warning SMS sent to customer 20neptune [] []
[2019-12-04 08:00:02] Credit Warning SMS Yellow Zone log.INFO: Sending credit warning SMS to customer 1Abbott [] []
[2019-12-04 08:00:02] Credit Warning SMS Yellow Zone log.INFO: Credit warning SMS sent to customer 1Abbott [] []
[2019-12-04 08:00:02] Credit Warning SMS Yellow Zone log.INFO: Sending credit warning SMS to customer 3Abbott [] []
[2019-12-04 08:00:02] Credit Warning SMS Yellow Zone log.INFO: Credit warning SMS sent to customer 3Abbott [] []
[2019-12-04 08:00:02] Credit Warning SMS Yellow Zone log.INFO: Sending credit warning SMS to customer 10Abbott [] []
[2019-12-04 08:00:02] Credit Warning SMS Yellow Zone log.INFO: Credit warning SMS sent to customer 10Abbott [] []
[2019-12-04 08:00:02] Credit Warning SMS Yellow Zone log.INFO: Sending credit warning SMS to customer 11Abbott [] []
[2019-12-04 08:00:02] Credit Warning SMS Yellow Zone log.INFO: Credit warning SMS sent to customer 11Abbott [] []
[2019-12-04 08:00:02] Credit Warning SMS Yellow Zone log.INFO: Sending credit warning SMS to customer 15Abbott [] []
[2019-12-04 08:00:02] Credit Warning SMS Yellow Zone log.INFO: Credit warning SMS sent to customer 15Abbott [] []
[2019-12-04 08:00:02] Credit Warning SMS Yellow Zone log.INFO: Sending credit warning SMS to customer 21Abbott [] []
[2019-12-04 08:00:03] Credit Warning SMS Yellow Zone log.INFO: Credit warning SMS sent to customer 21Abbott [] []
[2019-12-04 08:00:03] Credit Warning SMS Yellow Zone log.INFO: Sending credit warning SMS to customer 24Abbott [] []
[2019-12-04 08:00:03] Credit Warning SMS Yellow Zone log.INFO: Credit warning SMS sent to customer 24Abbott [] []
[2019-12-04 08:00:03] Credit Warning SMS Yellow Zone log.INFO: Sending credit warning SMS to customer 13Abbott [] []
[2019-12-04 08:00:03] Credit Warning SMS Yellow Zone log.INFO: Credit warning SMS sent to customer 13Abbott [] []
[2019-12-04 08:00:03] Credit Warning SMS Yellow Zone log.INFO: Sending credit warning SMS to customer 6Abbott [] []
[2019-12-04 08:00:03] Credit Warning SMS Yellow Zone log.INFO: Credit warning SMS sent to customer 6Abbott [] []
[2019-12-04 08:00:03] Credit Warning SMS Yellow Zone log.INFO: Sending credit warning SMS to customer 74Abbott [] []
[2019-12-04 08:00:03] Credit Warning SMS Yellow Zone log.INFO: Credit warning SMS sent to customer 74Abbott [] []
[2019-12-04 08:00:03] Credit Warning SMS Yellow Zone log.INFO: Sending credit warning SMS to customer 87Abbott [] []
[2019-12-04 08:00:03] Credit Warning SMS Yellow Zone log.INFO: Credit warning SMS sent to customer 87Abbott [] []
[2019-12-04 08:00:03] Credit Warning SMS Yellow Zone log.INFO: Sending credit warning SMS to customer 82Abbott [] []
[2019-12-04 08:00:03] Credit Warning SMS Yellow Zone log.INFO: Credit warning SMS sent to customer 82Abbott [] []
[2019-12-04 08:00:03] Credit Warning SMS Yellow Zone log.INFO: Sending credit warning SMS to customer 84Abbott [] []
[2019-12-04 08:00:03] Credit Warning SMS Yellow Zone log.INFO: Credit warning SMS sent to customer 84Abbott [] []
[2019-12-04 08:00:03] Credit Warning SMS Yellow Zone log.INFO: Sending credit warning SMS to customer 44Abbott [] []
[2019-12-04 08:00:03] Credit Warning SMS Yellow Zone log.INFO: Credit warning SMS sent to customer 44Abbott [] []
[2019-12-04 08:00:03] Credit Warning SMS Yellow Zone log.INFO: Sending credit warning SMS to customer 61Abbott [] []
[2019-12-04 08:00:03] Credit Warning SMS Yellow Zone log.INFO: Credit warning SMS sent to customer 61Abbott [] []
[2019-12-04 08:00:03] Credit Warning SMS Yellow Zone log.INFO: Sending credit warning SMS to customer 91Abbott [] []
[2019-12-04 08:00:03] Credit Warning SMS Yellow Zone log.INFO: Credit warning SMS sent to customer 91Abbott [] []
[2019-12-04 08:00:03] Credit Warning SMS Yellow Zone log.INFO: Sending credit warning SMS to customer 92Abbott [] []
[2019-12-04 08:00:03] Credit Warning SMS Yellow Zone log.INFO: Credit warning SMS sent to customer 92Abbott [] []
[2019-12-04 08:00:03] Credit Warning SMS Yellow Zone log.INFO: Sending credit warning SMS to customer 71Abbott [] []
[2019-12-04 08:00:03] Credit Warning SMS Yellow Zone log.INFO: Credit warning SMS sent to customer 71Abbott [] []
[2019-12-04 08:00:03] Credit Warning SMS Yellow Zone log.INFO: Sending credit warning SMS to customer 105Abbott [] []
[2019-12-04 08:00:03] Credit Warning SMS Yellow Zone log.INFO: Credit warning SMS sent to customer 105Abbott [] []
[2019-12-04 08:00:03] Credit Warning SMS Yellow Zone log.INFO: Sending credit warning SMS to customer 108Abbott [] []
[2019-12-04 08:00:03] Credit Warning SMS Yellow Zone log.INFO: Credit warning SMS sent to customer 108Abbott [] []
[2019-12-04 08:00:03] Credit Warning SMS Yellow Zone log.INFO: Sending credit warning SMS to customer 119Abbott [] []
[2019-12-04 08:00:03] Credit Warning SMS Yellow Zone log.INFO: Credit warning SMS sent to customer 119Abbott [] []
[2019-12-04 08:00:03] Credit Warning SMS Yellow Zone log.INFO: Sending credit warning SMS to customer 98Abbott [] []
[2019-12-04 08:00:03] Credit Warning SMS Yellow Zone log.INFO: Credit warning SMS sent to customer 98Abbott [] []
[2019-12-04 08:00:03] Credit Warning SMS Yellow Zone log.INFO: Sending credit warning SMS to customer 29GreenBank [] []
[2019-12-04 08:00:03] Credit Warning SMS Yellow Zone log.INFO: Credit warning SMS sent to customer 29GreenBank [] []
[2019-12-04 08:00:03] Credit Warning SMS Yellow Zone log.INFO: Sending credit warning SMS to customer 83Abbott [] []
[2019-12-04 08:00:03] Credit Warning SMS Yellow Zone log.INFO: Credit warning SMS sent to customer 83Abbott [] []
[2019-12-04 08:00:03] Credit Warning SMS Yellow Zone log.INFO: Sending credit warning SMS to customer 124Abbott [] []
[2019-12-04 08:00:03] Credit Warning SMS Yellow Zone log.INFO: Credit warning SMS sent to customer 124Abbott [] []
[2019-12-04 08:00:03] Credit Warning SMS Yellow Zone log.INFO: Sending credit warning SMS to customer 161abbott [] []
[2019-12-04 08:00:03] Credit Warning SMS Yellow Zone log.INFO: Credit warning SMS sent to customer 161abbott [] []
[2019-12-04 08:00:03] Credit Warning SMS Yellow Zone log.INFO: Sending credit warning SMS to customer 191abbott [] []
[2019-12-04 08:00:03] Credit Warning SMS Yellow Zone log.INFO: Credit warning SMS sent to customer 191abbott [] []
[2019-12-04 08:00:03] Credit Warning SMS Yellow Zone log.INFO: Sending credit warning SMS to customer 146abbott [] []
[2019-12-04 08:00:03] Credit Warning SMS Yellow Zone log.INFO: Credit warning SMS sent to customer 146abbott [] []
[2019-12-04 08:00:03] Credit Warning SMS Yellow Zone log.INFO: Sending credit warning SMS to customer 143abbott [] []
[2019-12-04 08:00:03] Credit Warning SMS Yellow Zone log.INFO: Credit warning SMS sent to customer 143abbott [] []
[2019-12-04 08:00:03] Credit Warning SMS Yellow Zone log.INFO: Sending credit warning SMS to customer 167abbott [] []
[2019-12-04 08:00:03] Credit Warning SMS Yellow Zone log.INFO: Credit warning SMS sent to customer 167abbott [] []
[2019-12-04 08:00:03] Credit Warning SMS Yellow Zone log.INFO: Sending credit warning SMS to customer 166abbott [] []
[2019-12-04 08:00:03] Credit Warning SMS Yellow Zone log.INFO: Credit warning SMS sent to customer 166abbott [] []
[2019-12-04 08:00:03] Credit Warning SMS Yellow Zone log.INFO: Sending credit warning SMS to customer 93eustace [] []
[2019-12-04 08:00:03] Credit Warning SMS Yellow Zone log.INFO: Credit warning SMS sent to customer 93eustace [] []
[2019-12-04 08:00:03] Credit Warning SMS Yellow Zone log.INFO: Sending credit warning SMS to customer 33eustace [] []
[2019-12-04 08:00:03] Credit Warning SMS Yellow Zone log.INFO: Credit warning SMS sent to customer 33eustace [] []
[2019-12-04 08:00:03] Credit Warning SMS Yellow Zone log.INFO: Sending credit warning SMS to customer 67eustace [] []
[2019-12-04 08:00:03] Credit Warning SMS Yellow Zone log.INFO: Credit warning SMS sent to customer 67eustace [] []
[2019-12-04 08:00:03] Credit Warning SMS Yellow Zone log.INFO: Sending credit warning SMS to customer 120leona [] []
[2019-12-04 08:00:04] Credit Warning SMS Yellow Zone log.INFO: Credit warning SMS sent to customer 120leona [] []
[2019-12-04 08:00:04] Credit Warning SMS Yellow Zone log.INFO: Sending credit warning SMS to customer 46leona [] []
[2019-12-04 08:00:04] Credit Warning SMS Yellow Zone log.INFO: Credit warning SMS sent to customer 46leona [] []
[2019-12-04 08:00:04] Credit Warning SMS Yellow Zone log.INFO: Sending credit warning SMS to customer 124leona [] []
[2019-12-04 08:00:04] Credit Warning SMS Yellow Zone log.INFO: Credit warning SMS sent to customer 124leona [] []
[2019-12-04 08:00:04] Credit Warning SMS Yellow Zone log.INFO: Sending credit warning SMS to customer 108leona [] []
[2019-12-04 08:00:04] Credit Warning SMS Yellow Zone log.INFO: Credit warning SMS sent to customer 108leona [] []
[2019-12-04 08:00:04] Credit Warning SMS Yellow Zone log.INFO: Sending credit warning SMS to customer 119leona [] []
[2019-12-04 08:00:04] Credit Warning SMS Yellow Zone log.INFO: Credit warning SMS sent to customer 119leona [] []
[2019-12-04 08:00:04] Credit Warning SMS Yellow Zone log.INFO: Sending credit warning SMS to customer 1leona [] []
[2019-12-04 08:00:04] Credit Warning SMS Yellow Zone log.INFO: Credit warning SMS sent to customer 1leona [] []
[2019-12-04 08:00:04] Credit Warning SMS Yellow Zone log.INFO: Sending credit warning SMS to customer 122charlotte [] []
[2019-12-04 08:00:04] Credit Warning SMS Yellow Zone log.INFO: Credit warning SMS sent to customer 122charlotte [] []
[2019-12-04 08:00:04] Credit Warning SMS Yellow Zone log.INFO: Sending credit warning SMS to customer 144charlotte [] []
[2019-12-04 08:00:04] Credit Warning SMS Yellow Zone log.INFO: Credit warning SMS sent to customer 144charlotte [] []
[2019-12-04 08:00:04] Credit Warning SMS Yellow Zone log.INFO: Sending credit warning SMS to customer 34charlotte [] []
[2019-12-04 08:00:04] Credit Warning SMS Yellow Zone log.INFO: Credit warning SMS sent to customer 34charlotte [] []
[2019-12-04 08:00:04] Credit Warning SMS Yellow Zone log.INFO: Sending credit warning SMS to customer 28charlotte [] []
[2019-12-04 08:00:04] Credit Warning SMS Yellow Zone log.INFO: Credit warning SMS sent to customer 28charlotte [] []
[2019-12-04 08:00:04] Credit Warning SMS Yellow Zone log.INFO: Sending credit warning SMS to customer 54charlotte [] []
[2019-12-04 08:00:04] Credit Warning SMS Yellow Zone log.INFO: Credit warning SMS sent to customer 54charlotte [] []
[2019-12-04 08:00:04] Credit Warning SMS Yellow Zone log.INFO: Sending credit warning SMS to customer 35charlotte [] []
[2019-12-04 08:00:04] Credit Warning SMS Yellow Zone log.INFO: Credit warning SMS sent to customer 35charlotte [] []
[2019-12-04 08:00:04] Credit Warning SMS Yellow Zone log.INFO: Sending credit warning SMS to customer 78charlotte [] []
[2019-12-04 08:00:04] Credit Warning SMS Yellow Zone log.INFO: Credit warning SMS sent to customer 78charlotte [] []
[2019-12-04 08:00:04] Credit Warning SMS Yellow Zone log.INFO: Sending credit warning SMS to customer 73charlotte [] []
[2019-12-04 08:00:04] Credit Warning SMS Yellow Zone log.INFO: Credit warning SMS sent to customer 73charlotte [] []
[2019-12-04 08:00:04] Credit Warning SMS Yellow Zone log.INFO: Sending credit warning SMS to customer 115charlotte [] []
[2019-12-04 08:00:04] Credit Warning SMS Yellow Zone log.INFO: Credit warning SMS sent to customer 115charlotte [] []
[2019-12-04 08:00:04] Credit Warning SMS Yellow Zone log.INFO: Sending credit warning SMS to customer 135charlotte [] []
[2019-12-04 08:00:04] Credit Warning SMS Yellow Zone log.INFO: Credit warning SMS sent to customer 135charlotte [] []
[2019-12-04 08:00:04] Credit Warning SMS Yellow Zone log.INFO: Sending credit warning SMS to customer 125charlotte [] []
[2019-12-04 08:00:04] Credit Warning SMS Yellow Zone log.INFO: Credit warning SMS sent to customer 125charlotte [] []
[2019-12-04 08:00:04] Credit Warning SMS Yellow Zone log.INFO: Sending credit warning SMS to customer 6bridgefield [] []
[2019-12-04 08:00:04] Credit Warning SMS Yellow Zone log.INFO: Credit warning SMS sent to customer 6bridgefield [] []
[2019-12-04 08:00:04] Credit Warning SMS Yellow Zone log.INFO: Sending credit warning SMS to customer 24bridgefield [] []
[2019-12-04 08:00:04] Credit Warning SMS Yellow Zone log.INFO: Credit warning SMS sent to customer 24bridgefield [] []
[2019-12-04 08:00:04] Credit Warning SMS Yellow Zone log.INFO: Sending credit warning SMS to customer 7bridgefield [] []
[2019-12-04 08:00:04] Credit Warning SMS Yellow Zone log.INFO: Credit warning SMS sent to customer 7bridgefield [] []
[2019-12-04 08:00:04] Credit Warning SMS Yellow Zone log.INFO: Sending credit warning SMS to customer 66bridgefield [] []
[2019-12-04 08:00:04] Credit Warning SMS Yellow Zone log.INFO: Credit warning SMS sent to customer 66bridgefield [] []
[2019-12-04 08:00:04] Credit Warning SMS Yellow Zone log.INFO: Sending credit warning SMS to customer 70bridgefield [] []
[2019-12-04 08:00:04] Credit Warning SMS Yellow Zone log.INFO: Credit warning SMS sent to customer 70bridgefield [] []
[2019-12-04 08:00:04] Credit Warning SMS Yellow Zone log.INFO: Sending credit warning SMS to customer 132fairways [] []
[2019-12-04 08:00:04] Credit Warning SMS Yellow Zone log.INFO: Credit warning SMS sent to customer 132fairways [] []
[2019-12-04 08:00:04] Credit Warning SMS Yellow Zone log.INFO: Sending credit warning SMS to customer 133fairways [] []
[2019-12-04 08:00:04] Credit Warning SMS Yellow Zone log.INFO: Credit warning SMS sent to customer 133fairways [] []
[2019-12-04 08:00:04] Credit Warning SMS Yellow Zone log.INFO: Sending credit warning SMS to customer 119fairways [] []
[2019-12-04 08:00:04] Credit Warning SMS Yellow Zone log.INFO: Credit warning SMS sent to customer 119fairways [] []
[2019-12-04 08:00:04] Credit Warning SMS Yellow Zone log.INFO: Sending credit warning SMS to customer 143fairways [] []
[2019-12-04 08:00:04] Credit Warning SMS Yellow Zone log.INFO: Credit warning SMS sent to customer 143fairways [] []
[2019-12-04 08:00:04] Credit Warning SMS Yellow Zone log.INFO: Sending credit warning SMS to customer 147fairways [] []
[2019-12-04 08:00:04] Credit Warning SMS Yellow Zone log.INFO: Credit warning SMS sent to customer 147fairways [] []
[2019-12-04 08:00:04] Credit Warning SMS Yellow Zone log.INFO: Sent Credit warning SMS to 82 customers! [] []
