[2019-02-17 10:30:01] Credit Warning SMS Yellow Zone log.INFO: Sending credit warning SMS to customer 13brackenview [] []
[2019-02-17 10:30:01] Credit Warning SMS Yellow Zone log.INFO: Credit warning SMS sent to customer 13brackenview [] []
[2019-02-17 10:30:01] Credit Warning SMS Yellow Zone log.INFO: Sending credit warning SMS to customer 22brackenview [] []
[2019-02-17 10:30:01] Credit Warning SMS Yellow Zone log.INFO: Credit warning SMS sent to customer 22brackenview [] []
[2019-02-17 10:30:01] Credit Warning SMS Yellow Zone log.INFO: Sending credit warning SMS to customer 12sundayswell [] []
[2019-02-17 10:30:01] Credit Warning SMS Yellow Zone log.INFO: Credit warning SMS sent to customer 12sundayswell [] []
[2019-02-17 10:30:01] Credit Warning SMS Yellow Zone log.INFO: Sending credit warning SMS to customer 15sundayswell [] []
[2019-02-17 10:30:01] Credit Warning SMS Yellow Zone log.INFO: Credit warning SMS sent to customer 15sundayswell [] []
[2019-02-17 10:30:01] Credit Warning SMS Yellow Zone log.INFO: Sending credit warning SMS to customer 5garryknock [] []
[2019-02-17 10:30:01] Credit Warning SMS Yellow Zone log.INFO: Credit warning SMS sent to customer 5garryknock [] []
[2019-02-17 10:30:01] Credit Warning SMS Yellow Zone log.INFO: Sending credit warning SMS to customer 21brackenview [] []
[2019-02-17 10:30:01] Credit Warning SMS Yellow Zone log.INFO: Credit warning SMS sent to customer 21brackenview [] []
[2019-02-17 10:30:01] Credit Warning SMS Yellow Zone log.INFO: Sending credit warning SMS to customer 39Emerald [] []
[2019-02-17 10:30:01] Credit Warning SMS Yellow Zone log.INFO: Credit warning SMS sent to customer 39Emerald [] []
[2019-02-17 10:30:01] Credit Warning SMS Yellow Zone log.INFO: Sending credit warning SMS to customer 194neptune [] []
[2019-02-17 10:30:01] Credit Warning SMS Yellow Zone log.INFO: Credit warning SMS sent to customer 194neptune [] []
[2019-02-17 10:30:01] Credit Warning SMS Yellow Zone log.INFO: Sending credit warning SMS to customer 24neptune [] []
[2019-02-17 10:30:01] Credit Warning SMS Yellow Zone log.INFO: Credit warning SMS sent to customer 24neptune [] []
[2019-02-17 10:30:01] Credit Warning SMS Yellow Zone log.INFO: Sending credit warning SMS to customer 93Neptune [] []
[2019-02-17 10:30:01] Credit Warning SMS Yellow Zone log.INFO: Credit warning SMS sent to customer 93Neptune [] []
[2019-02-17 10:30:01] Credit Warning SMS Yellow Zone log.INFO: Sending credit warning SMS to customer 12neptune [] []
[2019-02-17 10:30:02] Credit Warning SMS Yellow Zone log.INFO: Credit warning SMS sent to customer 12neptune [] []
[2019-02-17 10:30:02] Credit Warning SMS Yellow Zone log.INFO: Sending credit warning SMS to customer 140Neptune [] []
[2019-02-17 10:30:02] Credit Warning SMS Yellow Zone log.INFO: Credit warning SMS sent to customer 140Neptune [] []
[2019-02-17 10:30:02] Credit Warning SMS Yellow Zone log.INFO: Sending credit warning SMS to customer 152Neptune [] []
[2019-02-17 10:30:02] Credit Warning SMS Yellow Zone log.INFO: Credit warning SMS sent to customer 152Neptune [] []
[2019-02-17 10:30:02] Credit Warning SMS Yellow Zone log.INFO: Sending credit warning SMS to customer 79Neptune [] []
[2019-02-17 10:30:02] Credit Warning SMS Yellow Zone log.INFO: Credit warning SMS sent to customer 79Neptune [] []
[2019-02-17 10:30:02] Credit Warning SMS Yellow Zone log.INFO: Sending credit warning SMS to customer 131Neptune [] []
[2019-02-17 10:30:02] Credit Warning SMS Yellow Zone log.INFO: Credit warning SMS sent to customer 131Neptune [] []
[2019-02-17 10:30:02] Credit Warning SMS Yellow Zone log.INFO: Sending credit warning SMS to customer 28Abbott [] []
[2019-02-17 10:30:02] Credit Warning SMS Yellow Zone log.INFO: Credit warning SMS sent to customer 28Abbott [] []
[2019-02-17 10:30:02] Credit Warning SMS Yellow Zone log.INFO: Sending credit warning SMS to customer 30Abbott [] []
[2019-02-17 10:30:02] Credit Warning SMS Yellow Zone log.INFO: Credit warning SMS sent to customer 30Abbott [] []
[2019-02-17 10:30:02] Credit Warning SMS Yellow Zone log.INFO: Sending credit warning SMS to customer 6Abbott [] []
[2019-02-17 10:30:02] Credit Warning SMS Yellow Zone log.INFO: Credit warning SMS sent to customer 6Abbott [] []
[2019-02-17 10:30:02] Credit Warning SMS Yellow Zone log.INFO: Sending credit warning SMS to customer 62Abbott [] []
[2019-02-17 10:30:02] Credit Warning SMS Yellow Zone log.INFO: Credit warning SMS sent to customer 62Abbott [] []
[2019-02-17 10:30:02] Credit Warning SMS Yellow Zone log.INFO: Sending credit warning SMS to customer 98Abbott [] []
[2019-02-17 10:30:02] Credit Warning SMS Yellow Zone log.INFO: Credit warning SMS sent to customer 98Abbott [] []
[2019-02-17 10:30:02] Credit Warning SMS Yellow Zone log.INFO: Sending credit warning SMS to customer 124Abbott [] []
[2019-02-17 10:30:02] Credit Warning SMS Yellow Zone log.INFO: Credit warning SMS sent to customer 124Abbott [] []
[2019-02-17 10:30:02] Credit Warning SMS Yellow Zone log.INFO: Sending credit warning SMS to customer 34GreenBank [] []
[2019-02-17 10:30:02] Credit Warning SMS Yellow Zone log.INFO: Credit warning SMS sent to customer 34GreenBank [] []
[2019-02-17 10:30:02] Credit Warning SMS Yellow Zone log.INFO: Sending credit warning SMS to customer 14GreenBank [] []
[2019-02-17 10:30:02] Credit Warning SMS Yellow Zone log.INFO: Credit warning SMS sent to customer 14GreenBank [] []
[2019-02-17 10:30:02] Credit Warning SMS Yellow Zone log.INFO: Sending credit warning SMS to customer 70eustace [] []
[2019-02-17 10:30:02] Credit Warning SMS Yellow Zone log.INFO: Credit warning SMS sent to customer 70eustace [] []
[2019-02-17 10:30:02] Credit Warning SMS Yellow Zone log.INFO: Sending credit warning SMS to customer 36eustace [] []
[2019-02-17 10:30:02] Credit Warning SMS Yellow Zone log.INFO: Credit warning SMS sent to customer 36eustace [] []
[2019-02-17 10:30:02] Credit Warning SMS Yellow Zone log.INFO: Sending credit warning SMS to customer 17eustace [] []
[2019-02-17 10:30:02] Credit Warning SMS Yellow Zone log.INFO: Credit warning SMS sent to customer 17eustace [] []
[2019-02-17 10:30:02] Credit Warning SMS Yellow Zone log.INFO: Sending credit warning SMS to customer 143leona [] []
[2019-02-17 10:30:02] Credit Warning SMS Yellow Zone log.INFO: Credit warning SMS sent to customer 143leona [] []
[2019-02-17 10:30:02] Credit Warning SMS Yellow Zone log.INFO: Sending credit warning SMS to customer 156leona [] []
[2019-02-17 10:30:02] Credit Warning SMS Yellow Zone log.INFO: Credit warning SMS sent to customer 156leona [] []
[2019-02-17 10:30:02] Credit Warning SMS Yellow Zone log.INFO: Sending credit warning SMS to customer 35leona [] []
[2019-02-17 10:30:02] Credit Warning SMS Yellow Zone log.INFO: Credit warning SMS sent to customer 35leona [] []
[2019-02-17 10:30:02] Credit Warning SMS Yellow Zone log.INFO: Sending credit warning SMS to customer 62leona [] []
[2019-02-17 10:30:02] Credit Warning SMS Yellow Zone log.INFO: Credit warning SMS sent to customer 62leona [] []
[2019-02-17 10:30:02] Credit Warning SMS Yellow Zone log.INFO: Sending credit warning SMS to customer 105leona [] []
[2019-02-17 10:30:02] Credit Warning SMS Yellow Zone log.INFO: Credit warning SMS sent to customer 105leona [] []
[2019-02-17 10:30:02] Credit Warning SMS Yellow Zone log.INFO: Sending credit warning SMS to customer 123charlotte [] []
[2019-02-17 10:30:02] Credit Warning SMS Yellow Zone log.INFO: Credit warning SMS sent to customer 123charlotte [] []
[2019-02-17 10:30:02] Credit Warning SMS Yellow Zone log.INFO: Sending credit warning SMS to customer 153charlotte [] []
[2019-02-17 10:30:02] Credit Warning SMS Yellow Zone log.INFO: Credit warning SMS sent to customer 153charlotte [] []
[2019-02-17 10:30:02] Credit Warning SMS Yellow Zone log.INFO: Sending credit warning SMS to customer 144charlotte [] []
[2019-02-17 10:30:02] Credit Warning SMS Yellow Zone log.INFO: Credit warning SMS sent to customer 144charlotte [] []
[2019-02-17 10:30:02] Credit Warning SMS Yellow Zone log.INFO: Sending credit warning SMS to customer 12charlotte [] []
[2019-02-17 10:30:02] Credit Warning SMS Yellow Zone log.INFO: Credit warning SMS sent to customer 12charlotte [] []
[2019-02-17 10:30:02] Credit Warning SMS Yellow Zone log.INFO: Sending credit warning SMS to customer 24charlotte [] []
[2019-02-17 10:30:02] Credit Warning SMS Yellow Zone log.INFO: Credit warning SMS sent to customer 24charlotte [] []
[2019-02-17 10:30:02] Credit Warning SMS Yellow Zone log.INFO: Sending credit warning SMS to customer 19charlotte [] []
[2019-02-17 10:30:02] Credit Warning SMS Yellow Zone log.INFO: Credit warning SMS sent to customer 19charlotte [] []
[2019-02-17 10:30:02] Credit Warning SMS Yellow Zone log.INFO: Sending credit warning SMS to customer 29charlotte [] []
[2019-02-17 10:30:02] Credit Warning SMS Yellow Zone log.INFO: Credit warning SMS sent to customer 29charlotte [] []
[2019-02-17 10:30:02] Credit Warning SMS Yellow Zone log.INFO: Sending credit warning SMS to customer 84charlotte [] []
[2019-02-17 10:30:02] Credit Warning SMS Yellow Zone log.INFO: Credit warning SMS sent to customer 84charlotte [] []
[2019-02-17 10:30:02] Credit Warning SMS Yellow Zone log.INFO: Sending credit warning SMS to customer 73charlotte [] []
[2019-02-17 10:30:03] Credit Warning SMS Yellow Zone log.INFO: Credit warning SMS sent to customer 73charlotte [] []
[2019-02-17 10:30:03] Credit Warning SMS Yellow Zone log.INFO: Sending credit warning SMS to customer 96charlotte [] []
[2019-02-17 10:30:03] Credit Warning SMS Yellow Zone log.INFO: Credit warning SMS sent to customer 96charlotte [] []
