[2019-10-27 10:30:01] Credit Warning SMS Yellow Zone log.INFO: Sending credit warning SMS to customer 12sundayswell [] []
[2019-10-27 10:30:01] Credit Warning SMS Yellow Zone log.INFO: Credit warning SMS sent to customer 12sundayswell [] []
[2019-10-27 10:30:01] Credit Warning SMS Yellow Zone log.INFO: Sending credit warning SMS to customer 9garryknock [] []
[2019-10-27 10:30:01] Credit Warning SMS Yellow Zone log.INFO: Credit warning SMS sent to customer 9garryknock [] []
[2019-10-27 10:30:01] Credit Warning SMS Yellow Zone log.INFO: Sending credit warning SMS to customer 7garryknock [] []
[2019-10-27 10:30:01] Credit Warning SMS Yellow Zone log.INFO: Credit warning SMS sent to customer 7garryknock [] []
[2019-10-27 10:30:01] Credit Warning SMS Yellow Zone log.INFO: Sending credit warning SMS to customer 16garryknock [] []
[2019-10-27 10:30:02] Credit Warning SMS Yellow Zone log.INFO: Credit warning SMS sent to customer 16garryknock [] []
[2019-10-27 10:30:02] Credit Warning SMS Yellow Zone log.INFO: Sending credit warning SMS to customer 15brackenview [] []
[2019-10-27 10:30:02] Credit Warning SMS Yellow Zone log.INFO: Credit warning SMS sent to customer 15brackenview [] []
[2019-10-27 10:30:02] Credit Warning SMS Yellow Zone log.INFO: Sending credit warning SMS to customer 1Emerald [] []
[2019-10-27 10:30:02] Credit Warning SMS Yellow Zone log.INFO: Credit warning SMS sent to customer 1Emerald [] []
[2019-10-27 10:30:02] Credit Warning SMS Yellow Zone log.INFO: Sending credit warning SMS to customer 22Emerald [] []
[2019-10-27 10:30:02] Credit Warning SMS Yellow Zone log.INFO: Credit warning SMS sent to customer 22Emerald [] []
[2019-10-27 10:30:02] Credit Warning SMS Yellow Zone log.INFO: Sending credit warning SMS to customer 44Emerald [] []
[2019-10-27 10:30:02] Credit Warning SMS Yellow Zone log.INFO: Credit warning SMS sent to customer 44Emerald [] []
[2019-10-27 10:30:02] Credit Warning SMS Yellow Zone log.INFO: Sending credit warning SMS to customer 18Emerald [] []
[2019-10-27 10:30:02] Credit Warning SMS Yellow Zone log.INFO: Credit warning SMS sent to customer 18Emerald [] []
[2019-10-27 10:30:02] Credit Warning SMS Yellow Zone log.INFO: Sending credit warning SMS to customer 7Emerald [] []
[2019-10-27 10:30:02] Credit Warning SMS Yellow Zone log.INFO: Credit warning SMS sent to customer 7Emerald [] []
[2019-10-27 10:30:02] Credit Warning SMS Yellow Zone log.INFO: Sending credit warning SMS to customer 176neptune [] []
[2019-10-27 10:30:02] Credit Warning SMS Yellow Zone log.INFO: Credit warning SMS sent to customer 176neptune [] []
[2019-10-27 10:30:02] Credit Warning SMS Yellow Zone log.INFO: Sending credit warning SMS to customer 117Neptune [] []
[2019-10-27 10:30:02] Credit Warning SMS Yellow Zone log.INFO: Credit warning SMS sent to customer 117Neptune [] []
[2019-10-27 10:30:02] Credit Warning SMS Yellow Zone log.INFO: Sending credit warning SMS to customer 141Neptune [] []
[2019-10-27 10:30:02] Credit Warning SMS Yellow Zone log.INFO: Credit warning SMS sent to customer 141Neptune [] []
[2019-10-27 10:30:02] Credit Warning SMS Yellow Zone log.INFO: Sending credit warning SMS to customer 93Neptune [] []
[2019-10-27 10:30:02] Credit Warning SMS Yellow Zone log.INFO: Credit warning SMS sent to customer 93Neptune [] []
[2019-10-27 10:30:02] Credit Warning SMS Yellow Zone log.INFO: Sending credit warning SMS to customer 159Neptune [] []
[2019-10-27 10:30:02] Credit Warning SMS Yellow Zone log.INFO: Credit warning SMS sent to customer 159Neptune [] []
[2019-10-27 10:30:02] Credit Warning SMS Yellow Zone log.INFO: Sending credit warning SMS to customer 153Neptune [] []
[2019-10-27 10:30:02] Credit Warning SMS Yellow Zone log.INFO: Credit warning SMS sent to customer 153Neptune [] []
[2019-10-27 10:30:02] Credit Warning SMS Yellow Zone log.INFO: Sending credit warning SMS to customer 126Neptune [] []
[2019-10-27 10:30:02] Credit Warning SMS Yellow Zone log.INFO: Credit warning SMS sent to customer 126Neptune [] []
[2019-10-27 10:30:02] Credit Warning SMS Yellow Zone log.INFO: Sending credit warning SMS to customer 54Neptune [] []
[2019-10-27 10:30:02] Credit Warning SMS Yellow Zone log.INFO: Credit warning SMS sent to customer 54Neptune [] []
[2019-10-27 10:30:02] Credit Warning SMS Yellow Zone log.INFO: Sending credit warning SMS to customer 160Neptune [] []
[2019-10-27 10:30:02] Credit Warning SMS Yellow Zone log.INFO: Credit warning SMS sent to customer 160Neptune [] []
[2019-10-27 10:30:02] Credit Warning SMS Yellow Zone log.INFO: Sending credit warning SMS to customer 79Neptune [] []
[2019-10-27 10:30:02] Credit Warning SMS Yellow Zone log.INFO: Credit warning SMS sent to customer 79Neptune [] []
[2019-10-27 10:30:02] Credit Warning SMS Yellow Zone log.INFO: Sending credit warning SMS to customer 55Neptune [] []
[2019-10-27 10:30:02] Credit Warning SMS Yellow Zone log.INFO: Credit warning SMS sent to customer 55Neptune [] []
[2019-10-27 10:30:02] Credit Warning SMS Yellow Zone log.INFO: Sending credit warning SMS to customer 120Neptune [] []
[2019-10-27 10:30:02] Credit Warning SMS Yellow Zone log.INFO: Credit warning SMS sent to customer 120Neptune [] []
[2019-10-27 10:30:02] Credit Warning SMS Yellow Zone log.INFO: Sending credit warning SMS to customer 10Abbott [] []
[2019-10-27 10:30:02] Credit Warning SMS Yellow Zone log.INFO: Credit warning SMS sent to customer 10Abbott [] []
[2019-10-27 10:30:02] Credit Warning SMS Yellow Zone log.INFO: Sending credit warning SMS to customer 17Abbott [] []
[2019-10-27 10:30:02] Credit Warning SMS Yellow Zone log.INFO: Credit warning SMS sent to customer 17Abbott [] []
[2019-10-27 10:30:02] Credit Warning SMS Yellow Zone log.INFO: Sending credit warning SMS to customer 31Abbott [] []
[2019-10-27 10:30:02] Credit Warning SMS Yellow Zone log.INFO: Credit warning SMS sent to customer 31Abbott [] []
[2019-10-27 10:30:02] Credit Warning SMS Yellow Zone log.INFO: Sending credit warning SMS to customer 6Abbott [] []
[2019-10-27 10:30:02] Credit Warning SMS Yellow Zone log.INFO: Credit warning SMS sent to customer 6Abbott [] []
[2019-10-27 10:30:02] Credit Warning SMS Yellow Zone log.INFO: Sending credit warning SMS to customer 59Abbott [] []
[2019-10-27 10:30:02] Credit Warning SMS Yellow Zone log.INFO: Credit warning SMS sent to customer 59Abbott [] []
[2019-10-27 10:30:02] Credit Warning SMS Yellow Zone log.INFO: Sending credit warning SMS to customer 87Abbott [] []
[2019-10-27 10:30:02] Credit Warning SMS Yellow Zone log.INFO: Credit warning SMS sent to customer 87Abbott [] []
[2019-10-27 10:30:02] Credit Warning SMS Yellow Zone log.INFO: Sending credit warning SMS to customer 88Abbott [] []
[2019-10-27 10:30:02] Credit Warning SMS Yellow Zone log.INFO: Credit warning SMS sent to customer 88Abbott [] []
[2019-10-27 10:30:02] Credit Warning SMS Yellow Zone log.INFO: Sending credit warning SMS to customer 44Abbott [] []
[2019-10-27 10:30:02] Credit Warning SMS Yellow Zone log.INFO: Credit warning SMS sent to customer 44Abbott [] []
[2019-10-27 10:30:02] Credit Warning SMS Yellow Zone log.INFO: Sending credit warning SMS to customer 92Abbott [] []
[2019-10-27 10:30:02] Credit Warning SMS Yellow Zone log.INFO: Credit warning SMS sent to customer 92Abbott [] []
[2019-10-27 10:30:02] Credit Warning SMS Yellow Zone log.INFO: Sending credit warning SMS to customer 71Abbott [] []
[2019-10-27 10:30:02] Credit Warning SMS Yellow Zone log.INFO: Credit warning SMS sent to customer 71Abbott [] []
[2019-10-27 10:30:02] Credit Warning SMS Yellow Zone log.INFO: Sending credit warning SMS to customer 105Abbott [] []
[2019-10-27 10:30:02] Credit Warning SMS Yellow Zone log.INFO: Credit warning SMS sent to customer 105Abbott [] []
[2019-10-27 10:30:02] Credit Warning SMS Yellow Zone log.INFO: Sending credit warning SMS to customer 111Abbott [] []
[2019-10-27 10:30:02] Credit Warning SMS Yellow Zone log.INFO: Credit warning SMS sent to customer 111Abbott [] []
[2019-10-27 10:30:02] Credit Warning SMS Yellow Zone log.INFO: Sending credit warning SMS to customer 119Abbott [] []
[2019-10-27 10:30:03] Credit Warning SMS Yellow Zone log.INFO: Credit warning SMS sent to customer 119Abbott [] []
[2019-10-27 10:30:03] Credit Warning SMS Yellow Zone log.INFO: Sending credit warning SMS to customer 98Abbott [] []
[2019-10-27 10:30:03] Credit Warning SMS Yellow Zone log.INFO: Credit warning SMS sent to customer 98Abbott [] []
[2019-10-27 10:30:03] Credit Warning SMS Yellow Zone log.INFO: Sending credit warning SMS to customer 29GreenBank [] []
[2019-10-27 10:30:03] Credit Warning SMS Yellow Zone log.INFO: Credit warning SMS sent to customer 29GreenBank [] []
[2019-10-27 10:30:03] Credit Warning SMS Yellow Zone log.INFO: Sending credit warning SMS to customer 124Abbott [] []
[2019-10-27 10:30:03] Credit Warning SMS Yellow Zone log.INFO: Credit warning SMS sent to customer 124Abbott [] []
[2019-10-27 10:30:03] Credit Warning SMS Yellow Zone log.INFO: Sending credit warning SMS to customer 141abbott [] []
[2019-10-27 10:30:03] Credit Warning SMS Yellow Zone log.INFO: Credit warning SMS sent to customer 141abbott [] []
[2019-10-27 10:30:03] Credit Warning SMS Yellow Zone log.INFO: Sending credit warning SMS to customer 145abbott [] []
[2019-10-27 10:30:03] Credit Warning SMS Yellow Zone log.INFO: Credit warning SMS sent to customer 145abbott [] []
[2019-10-27 10:30:03] Credit Warning SMS Yellow Zone log.INFO: Sending credit warning SMS to customer 143abbott [] []
[2019-10-27 10:30:03] Credit Warning SMS Yellow Zone log.INFO: Credit warning SMS sent to customer 143abbott [] []
[2019-10-27 10:30:03] Credit Warning SMS Yellow Zone log.INFO: Sending credit warning SMS to customer 129abbott [] []
[2019-10-27 10:30:03] Credit Warning SMS Yellow Zone log.INFO: Credit warning SMS sent to customer 129abbott [] []
[2019-10-27 10:30:03] Credit Warning SMS Yellow Zone log.INFO: Sending credit warning SMS to customer 184abbott [] []
[2019-10-27 10:30:03] Credit Warning SMS Yellow Zone log.INFO: Credit warning SMS sent to customer 184abbott [] []
[2019-10-27 10:30:03] Credit Warning SMS Yellow Zone log.INFO: Sending credit warning SMS to customer 1GreenBank [] []
[2019-10-27 10:30:03] Credit Warning SMS Yellow Zone log.INFO: Credit warning SMS sent to customer 1GreenBank [] []
[2019-10-27 10:30:03] Credit Warning SMS Yellow Zone log.INFO: Sending credit warning SMS to customer 147abbott [] []
[2019-10-27 10:30:03] Credit Warning SMS Yellow Zone log.INFO: Credit warning SMS sent to customer 147abbott [] []
[2019-10-27 10:30:03] Credit Warning SMS Yellow Zone log.INFO: Sending credit warning SMS to customer 14GreenBank [] []
[2019-10-27 10:30:03] Credit Warning SMS Yellow Zone log.INFO: Credit warning SMS sent to customer 14GreenBank [] []
[2019-10-27 10:30:03] Credit Warning SMS Yellow Zone log.INFO: Sending credit warning SMS to customer 15GreenBank [] []
[2019-10-27 10:30:03] Credit Warning SMS Yellow Zone log.INFO: Credit warning SMS sent to customer 15GreenBank [] []
[2019-10-27 10:30:03] Credit Warning SMS Yellow Zone log.INFO: Sending credit warning SMS to customer 10GreenBank [] []
[2019-10-27 10:30:03] Credit Warning SMS Yellow Zone log.INFO: Credit warning SMS sent to customer 10GreenBank [] []
[2019-10-27 10:30:03] Credit Warning SMS Yellow Zone log.INFO: Sending credit warning SMS to customer 128abbott [] []
[2019-10-27 10:30:03] Credit Warning SMS Yellow Zone log.INFO: Credit warning SMS sent to customer 128abbott [] []
[2019-10-27 10:30:03] Credit Warning SMS Yellow Zone log.INFO: Sending credit warning SMS to customer 33eustace [] []
[2019-10-27 10:30:03] Credit Warning SMS Yellow Zone log.INFO: Credit warning SMS sent to customer 33eustace [] []
[2019-10-27 10:30:03] Credit Warning SMS Yellow Zone log.INFO: Sending credit warning SMS to customer 53eustace [] []
[2019-10-27 10:30:03] Credit Warning SMS Yellow Zone log.INFO: Credit warning SMS sent to customer 53eustace [] []
[2019-10-27 10:30:03] Credit Warning SMS Yellow Zone log.INFO: Sending credit warning SMS to customer 144leona [] []
[2019-10-27 10:30:03] Credit Warning SMS Yellow Zone log.INFO: Credit warning SMS sent to customer 144leona [] []
[2019-10-27 10:30:03] Credit Warning SMS Yellow Zone log.INFO: Sending credit warning SMS to customer 134leona [] []
[2019-10-27 10:30:03] Credit Warning SMS Yellow Zone log.INFO: Credit warning SMS sent to customer 134leona [] []
[2019-10-27 10:30:03] Credit Warning SMS Yellow Zone log.INFO: Sending credit warning SMS to customer 5leona [] []
[2019-10-27 10:30:03] Credit Warning SMS Yellow Zone log.INFO: Credit warning SMS sent to customer 5leona [] []
[2019-10-27 10:30:03] Credit Warning SMS Yellow Zone log.INFO: Sending credit warning SMS to customer 120leona [] []
[2019-10-27 10:30:03] Credit Warning SMS Yellow Zone log.INFO: Credit warning SMS sent to customer 120leona [] []
[2019-10-27 10:30:03] Credit Warning SMS Yellow Zone log.INFO: Sending credit warning SMS to customer 79leona [] []
[2019-10-27 10:30:03] Credit Warning SMS Yellow Zone log.INFO: Credit warning SMS sent to customer 79leona [] []
[2019-10-27 10:30:03] Credit Warning SMS Yellow Zone log.INFO: Sending credit warning SMS to customer 101leona [] []
[2019-10-27 10:30:03] Credit Warning SMS Yellow Zone log.INFO: Credit warning SMS sent to customer 101leona [] []
[2019-10-27 10:30:03] Credit Warning SMS Yellow Zone log.INFO: Sending credit warning SMS to customer 16leona [] []
[2019-10-27 10:30:03] Credit Warning SMS Yellow Zone log.INFO: Credit warning SMS sent to customer 16leona [] []
[2019-10-27 10:30:03] Credit Warning SMS Yellow Zone log.INFO: Sending credit warning SMS to customer 11leona [] []
[2019-10-27 10:30:03] Credit Warning SMS Yellow Zone log.INFO: Credit warning SMS sent to customer 11leona [] []
[2019-10-27 10:30:03] Credit Warning SMS Yellow Zone log.INFO: Sending credit warning SMS to customer 108charlotte [] []
[2019-10-27 10:30:03] Credit Warning SMS Yellow Zone log.INFO: Credit warning SMS sent to customer 108charlotte [] []
[2019-10-27 10:30:03] Credit Warning SMS Yellow Zone log.INFO: Sending credit warning SMS to customer 134charlotte [] []
[2019-10-27 10:30:03] Credit Warning SMS Yellow Zone log.INFO: Credit warning SMS sent to customer 134charlotte [] []
[2019-10-27 10:30:03] Credit Warning SMS Yellow Zone log.INFO: Sending credit warning SMS to customer 102charlotte [] []
[2019-10-27 10:30:03] Credit Warning SMS Yellow Zone log.INFO: Credit warning SMS sent to customer 102charlotte [] []
[2019-10-27 10:30:03] Credit Warning SMS Yellow Zone log.INFO: Sending credit warning SMS to customer 12charlotte [] []
[2019-10-27 10:30:03] Credit Warning SMS Yellow Zone log.INFO: Credit warning SMS sent to customer 12charlotte [] []
[2019-10-27 10:30:03] Credit Warning SMS Yellow Zone log.INFO: Sending credit warning SMS to customer 125charlotte [] []
[2019-10-27 10:30:03] Credit Warning SMS Yellow Zone log.INFO: Credit warning SMS sent to customer 125charlotte [] []
[2019-10-27 10:30:03] Credit Warning SMS Yellow Zone log.INFO: Sending credit warning SMS to customer 30charlotte [] []
[2019-10-27 10:30:03] Credit Warning SMS Yellow Zone log.INFO: Credit warning SMS sent to customer 30charlotte [] []
[2019-10-27 10:30:03] Credit Warning SMS Yellow Zone log.INFO: Sending credit warning SMS to customer 55charlotte [] []
[2019-10-27 10:30:03] Credit Warning SMS Yellow Zone log.INFO: Credit warning SMS sent to customer 55charlotte [] []
[2019-10-27 10:30:03] Credit Warning SMS Yellow Zone log.INFO: Sending credit warning SMS to customer 82charlotte [] []
[2019-10-27 10:30:04] Credit Warning SMS Yellow Zone log.INFO: Credit warning SMS sent to customer 82charlotte [] []
[2019-10-27 10:30:04] Credit Warning SMS Yellow Zone log.INFO: Sending credit warning SMS to customer 84charlotte [] []
[2019-10-27 10:30:04] Credit Warning SMS Yellow Zone log.INFO: Credit warning SMS sent to customer 84charlotte [] []
[2019-10-27 10:30:04] Credit Warning SMS Yellow Zone log.INFO: Sending credit warning SMS to customer 95charlotte [] []
[2019-10-27 10:30:04] Credit Warning SMS Yellow Zone log.INFO: Credit warning SMS sent to customer 95charlotte [] []
[2019-10-27 10:30:04] Credit Warning SMS Yellow Zone log.INFO: Sending credit warning SMS to customer 81charlotte [] []
[2019-10-27 10:30:04] Credit Warning SMS Yellow Zone log.INFO: Credit warning SMS sent to customer 81charlotte [] []
[2019-10-27 10:30:04] Credit Warning SMS Yellow Zone log.INFO: Sending credit warning SMS to customer 63charlotte [] []
[2019-10-27 10:30:04] Credit Warning SMS Yellow Zone log.INFO: Credit warning SMS sent to customer 63charlotte [] []
[2019-10-27 10:30:04] Credit Warning SMS Yellow Zone log.INFO: Sending credit warning SMS to customer 73charlotte [] []
[2019-10-27 10:30:04] Credit Warning SMS Yellow Zone log.INFO: Credit warning SMS sent to customer 73charlotte [] []
[2019-10-27 10:30:04] Credit Warning SMS Yellow Zone log.INFO: Sending credit warning SMS to customer 124charlotte [] []
[2019-10-27 10:30:04] Credit Warning SMS Yellow Zone log.INFO: Credit warning SMS sent to customer 124charlotte [] []
[2019-10-27 10:30:04] Credit Warning SMS Yellow Zone log.INFO: Sending credit warning SMS to customer 7bridgefield [] []
[2019-10-27 10:30:04] Credit Warning SMS Yellow Zone log.INFO: Credit warning SMS sent to customer 7bridgefield [] []
[2019-10-27 10:30:04] Credit Warning SMS Yellow Zone log.INFO: Sending credit warning SMS to customer 38bridgefield [] []
[2019-10-27 10:30:04] Credit Warning SMS Yellow Zone log.INFO: Credit warning SMS sent to customer 38bridgefield [] []
[2019-10-27 10:30:04] Credit Warning SMS Yellow Zone log.INFO: Sending credit warning SMS to customer 33bridgefield [] []
[2019-10-27 10:30:04] Credit Warning SMS Yellow Zone log.INFO: Credit warning SMS sent to customer 33bridgefield [] []
[2019-10-27 10:30:04] Credit Warning SMS Yellow Zone log.INFO: Sending credit warning SMS to customer 12pappan [] []
[2019-10-27 10:30:04] Credit Warning SMS Yellow Zone log.INFO: Credit warning SMS sent to customer 12pappan [] []
[2019-10-27 10:30:04] Credit Warning SMS Yellow Zone log.INFO: Sent Credit warning SMS to 77 customers! [] []
