[2020-10-09 08:00:02] Credit Warning SMS Yellow Zone log.INFO: Sending credit warning SMS to customer 12sundayswell [] []
[2020-10-09 08:00:02] Credit Warning SMS Yellow Zone log.INFO: Credit warning SMS sent to customer 12sundayswell [] []
[2020-10-09 08:00:02] Credit Warning SMS Yellow Zone log.INFO: Sending credit warning SMS to customer 8sundayswell [] []
[2020-10-09 08:00:02] Credit Warning SMS Yellow Zone log.INFO: Credit warning SMS sent to customer 8sundayswell [] []
[2020-10-09 08:00:02] Credit Warning SMS Yellow Zone log.INFO: Sending credit warning SMS to customer 3sundayswell [] []
[2020-10-09 08:00:02] Credit Warning SMS Yellow Zone log.INFO: Credit warning SMS sent to customer 3sundayswell [] []
[2020-10-09 08:00:02] Credit Warning SMS Yellow Zone log.INFO: Sending credit warning SMS to customer 9garryknock [] []
[2020-10-09 08:00:02] Credit Warning SMS Yellow Zone log.INFO: Credit warning SMS sent to customer 9garryknock [] []
[2020-10-09 08:00:02] Credit Warning SMS Yellow Zone log.INFO: Sending credit warning SMS to customer 5garryknock [] []
[2020-10-09 08:00:02] Credit Warning SMS Yellow Zone log.INFO: Credit warning SMS sent to customer 5garryknock [] []
[2020-10-09 08:00:02] Credit Warning SMS Yellow Zone log.INFO: Sending credit warning SMS to customer 15brackenview [] []
[2020-10-09 08:00:02] Credit Warning SMS Yellow Zone log.INFO: Credit warning SMS sent to customer 15brackenview [] []
[2020-10-09 08:00:02] Credit Warning SMS Yellow Zone log.INFO: Sending credit warning SMS to customer 32Emerald [] []
[2020-10-09 08:00:02] Credit Warning SMS Yellow Zone log.INFO: Credit warning SMS sent to customer 32Emerald [] []
[2020-10-09 08:00:02] Credit Warning SMS Yellow Zone log.INFO: Sending credit warning SMS to customer 52Emerald [] []
[2020-10-09 08:00:02] Credit Warning SMS Yellow Zone log.INFO: Credit warning SMS sent to customer 52Emerald [] []
[2020-10-09 08:00:02] Credit Warning SMS Yellow Zone log.INFO: Sending credit warning SMS to customer 30Emerald [] []
[2020-10-09 08:00:02] Credit Warning SMS Yellow Zone log.INFO: Credit warning SMS sent to customer 30Emerald [] []
[2020-10-09 08:00:02] Credit Warning SMS Yellow Zone log.INFO: Sending credit warning SMS to customer 181neptune [] []
[2020-10-09 08:00:02] Credit Warning SMS Yellow Zone log.INFO: Credit warning SMS sent to customer 181neptune [] []
[2020-10-09 08:00:02] Credit Warning SMS Yellow Zone log.INFO: Sending credit warning SMS to customer 188neptune [] []
[2020-10-09 08:00:02] Credit Warning SMS Yellow Zone log.INFO: Credit warning SMS sent to customer 188neptune [] []
[2020-10-09 08:00:02] Credit Warning SMS Yellow Zone log.INFO: Sending credit warning SMS to customer 10neptune [] []
[2020-10-09 08:00:02] Credit Warning SMS Yellow Zone log.INFO: Credit warning SMS sent to customer 10neptune [] []
[2020-10-09 08:00:02] Credit Warning SMS Yellow Zone log.INFO: Sending credit warning SMS to customer 117Neptune [] []
[2020-10-09 08:00:02] Credit Warning SMS Yellow Zone log.INFO: Credit warning SMS sent to customer 117Neptune [] []
[2020-10-09 08:00:02] Credit Warning SMS Yellow Zone log.INFO: Sending credit warning SMS to customer 157Neptune [] []
[2020-10-09 08:00:02] Credit Warning SMS Yellow Zone log.INFO: Credit warning SMS sent to customer 157Neptune [] []
[2020-10-09 08:00:02] Credit Warning SMS Yellow Zone log.INFO: Sending credit warning SMS to customer 159Neptune [] []
[2020-10-09 08:00:02] Credit Warning SMS Yellow Zone log.INFO: Credit warning SMS sent to customer 159Neptune [] []
[2020-10-09 08:00:02] Credit Warning SMS Yellow Zone log.INFO: Sending credit warning SMS to customer 46Neptune [] []
[2020-10-09 08:00:02] Credit Warning SMS Yellow Zone log.INFO: Credit warning SMS sent to customer 46Neptune [] []
[2020-10-09 08:00:02] Credit Warning SMS Yellow Zone log.INFO: Sending credit warning SMS to customer 104Neptune [] []
[2020-10-09 08:00:03] Credit Warning SMS Yellow Zone log.INFO: Credit warning SMS sent to customer 104Neptune [] []
[2020-10-09 08:00:03] Credit Warning SMS Yellow Zone log.INFO: Sending credit warning SMS to customer 131Neptune [] []
[2020-10-09 08:00:03] Credit Warning SMS Yellow Zone log.INFO: Credit warning SMS sent to customer 131Neptune [] []
[2020-10-09 08:00:03] Credit Warning SMS Yellow Zone log.INFO: Sending credit warning SMS to customer 187neptune [] []
[2020-10-09 08:00:03] Credit Warning SMS Yellow Zone log.INFO: Credit warning SMS sent to customer 187neptune [] []
[2020-10-09 08:00:03] Credit Warning SMS Yellow Zone log.INFO: Sending credit warning SMS to customer 10Abbott [] []
[2020-10-09 08:00:03] Credit Warning SMS Yellow Zone log.INFO: Credit warning SMS sent to customer 10Abbott [] []
[2020-10-09 08:00:03] Credit Warning SMS Yellow Zone log.INFO: Sending credit warning SMS to customer 21Abbott [] []
[2020-10-09 08:00:03] Credit Warning SMS Yellow Zone log.INFO: Credit warning SMS sent to customer 21Abbott [] []
[2020-10-09 08:00:03] Credit Warning SMS Yellow Zone log.INFO: Sending credit warning SMS to customer 27Abbott [] []
[2020-10-09 08:00:03] Credit Warning SMS Yellow Zone log.INFO: Credit warning SMS sent to customer 27Abbott [] []
[2020-10-09 08:00:03] Credit Warning SMS Yellow Zone log.INFO: Sending credit warning SMS to customer 28Abbott [] []
[2020-10-09 08:00:03] Credit Warning SMS Yellow Zone log.INFO: Credit warning SMS sent to customer 28Abbott [] []
[2020-10-09 08:00:03] Credit Warning SMS Yellow Zone log.INFO: Sending credit warning SMS to customer 13Abbott [] []
[2020-10-09 08:00:03] Credit Warning SMS Yellow Zone log.INFO: Credit warning SMS sent to customer 13Abbott [] []
[2020-10-09 08:00:03] Credit Warning SMS Yellow Zone log.INFO: Sending credit warning SMS to customer 59Abbott [] []
[2020-10-09 08:00:03] Credit Warning SMS Yellow Zone log.INFO: Credit warning SMS sent to customer 59Abbott [] []
[2020-10-09 08:00:03] Credit Warning SMS Yellow Zone log.INFO: Sending credit warning SMS to customer 76Abbott [] []
[2020-10-09 08:00:03] Credit Warning SMS Yellow Zone log.INFO: Credit warning SMS sent to customer 76Abbott [] []
[2020-10-09 08:00:03] Credit Warning SMS Yellow Zone log.INFO: Sending credit warning SMS to customer 84Abbott [] []
[2020-10-09 08:00:03] Credit Warning SMS Yellow Zone log.INFO: Credit warning SMS sent to customer 84Abbott [] []
[2020-10-09 08:00:03] Credit Warning SMS Yellow Zone log.INFO: Sending credit warning SMS to customer 91Abbott [] []
[2020-10-09 08:00:03] Credit Warning SMS Yellow Zone log.INFO: Credit warning SMS sent to customer 91Abbott [] []
[2020-10-09 08:00:03] Credit Warning SMS Yellow Zone log.INFO: Sending credit warning SMS to customer 100Abbott [] []
[2020-10-09 08:00:03] Credit Warning SMS Yellow Zone log.INFO: Credit warning SMS sent to customer 100Abbott [] []
[2020-10-09 08:00:03] Credit Warning SMS Yellow Zone log.INFO: Sending credit warning SMS to customer 105Abbott [] []
[2020-10-09 08:00:03] Credit Warning SMS Yellow Zone log.INFO: Credit warning SMS sent to customer 105Abbott [] []
[2020-10-09 08:00:03] Credit Warning SMS Yellow Zone log.INFO: Sending credit warning SMS to customer 115Abbott [] []
[2020-10-09 08:00:03] Credit Warning SMS Yellow Zone log.INFO: Credit warning SMS sent to customer 115Abbott [] []
[2020-10-09 08:00:03] Credit Warning SMS Yellow Zone log.INFO: Sending credit warning SMS to customer 95Abbott [] []
[2020-10-09 08:00:03] Credit Warning SMS Yellow Zone log.INFO: Credit warning SMS sent to customer 95Abbott [] []
[2020-10-09 08:00:03] Credit Warning SMS Yellow Zone log.INFO: Sending credit warning SMS to customer 12GreenBank [] []
[2020-10-09 08:00:03] Credit Warning SMS Yellow Zone log.INFO: Credit warning SMS sent to customer 12GreenBank [] []
[2020-10-09 08:00:03] Credit Warning SMS Yellow Zone log.INFO: Sending credit warning SMS to customer 125abbott [] []
[2020-10-09 08:00:03] Credit Warning SMS Yellow Zone log.INFO: Credit warning SMS sent to customer 125abbott [] []
[2020-10-09 08:00:03] Credit Warning SMS Yellow Zone log.INFO: Sending credit warning SMS to customer 16Abbott [] []
[2020-10-09 08:00:03] Credit Warning SMS Yellow Zone log.INFO: Credit warning SMS sent to customer 16Abbott [] []
[2020-10-09 08:00:03] Credit Warning SMS Yellow Zone log.INFO: Sending credit warning SMS to customer 70eustace [] []
[2020-10-09 08:00:03] Credit Warning SMS Yellow Zone log.INFO: Credit warning SMS sent to customer 70eustace [] []
[2020-10-09 08:00:03] Credit Warning SMS Yellow Zone log.INFO: Sending credit warning SMS to customer 14eustace [] []
[2020-10-09 08:00:03] Credit Warning SMS Yellow Zone log.INFO: Credit warning SMS sent to customer 14eustace [] []
[2020-10-09 08:00:03] Credit Warning SMS Yellow Zone log.INFO: Sending credit warning SMS to customer 84eustace [] []
[2020-10-09 08:00:03] Credit Warning SMS Yellow Zone log.INFO: Credit warning SMS sent to customer 84eustace [] []
[2020-10-09 08:00:03] Credit Warning SMS Yellow Zone log.INFO: Sending credit warning SMS to customer 131leona [] []
[2020-10-09 08:00:03] Credit Warning SMS Yellow Zone log.INFO: Credit warning SMS sent to customer 131leona [] []
[2020-10-09 08:00:03] Credit Warning SMS Yellow Zone log.INFO: Sending credit warning SMS to customer 3leona [] []
[2020-10-09 08:00:04] Credit Warning SMS Yellow Zone log.INFO: Credit warning SMS sent to customer 3leona [] []
[2020-10-09 08:00:04] Credit Warning SMS Yellow Zone log.INFO: Sending credit warning SMS to customer 82leona [] []
[2020-10-09 08:00:04] Credit Warning SMS Yellow Zone log.INFO: Credit warning SMS sent to customer 82leona [] []
[2020-10-09 08:00:04] Credit Warning SMS Yellow Zone log.INFO: Sending credit warning SMS to customer 34charlotte [] []
[2020-10-09 08:00:04] Credit Warning SMS Yellow Zone log.INFO: Credit warning SMS sent to customer 34charlotte [] []
[2020-10-09 08:00:04] Credit Warning SMS Yellow Zone log.INFO: Sending credit warning SMS to customer 44charlotte [] []
[2020-10-09 08:00:04] Credit Warning SMS Yellow Zone log.INFO: Credit warning SMS sent to customer 44charlotte [] []
[2020-10-09 08:00:04] Credit Warning SMS Yellow Zone log.INFO: Sending credit warning SMS to customer 56charlotte [] []
[2020-10-09 08:00:04] Credit Warning SMS Yellow Zone log.INFO: Credit warning SMS sent to customer 56charlotte [] []
[2020-10-09 08:00:04] Credit Warning SMS Yellow Zone log.INFO: Sending credit warning SMS to customer 125charlotte [] []
[2020-10-09 08:00:04] Credit Warning SMS Yellow Zone log.INFO: Credit warning SMS sent to customer 125charlotte [] []
[2020-10-09 08:00:04] Credit Warning SMS Yellow Zone log.INFO: Sending credit warning SMS to customer 157charlotte [] []
[2020-10-09 08:00:04] Credit Warning SMS Yellow Zone log.INFO: Credit warning SMS sent to customer 157charlotte [] []
[2020-10-09 08:00:04] Credit Warning SMS Yellow Zone log.INFO: Sending credit warning SMS to customer 62bridgefield [] []
[2020-10-09 08:00:04] Credit Warning SMS Yellow Zone log.INFO: Credit warning SMS sent to customer 62bridgefield [] []
[2020-10-09 08:00:04] Credit Warning SMS Yellow Zone log.INFO: Sending credit warning SMS to customer 35bridgefield [] []
[2020-10-09 08:00:04] Credit Warning SMS Yellow Zone log.INFO: Credit warning SMS sent to customer 35bridgefield [] []
[2020-10-09 08:00:04] Credit Warning SMS Yellow Zone log.INFO: Sending credit warning SMS to customer 51bridgefield [] []
[2020-10-09 08:00:04] Credit Warning SMS Yellow Zone log.INFO: Credit warning SMS sent to customer 51bridgefield [] []
[2020-10-09 08:00:04] Credit Warning SMS Yellow Zone log.INFO: Sending credit warning SMS to customer 210bridgefield [] []
[2020-10-09 08:00:04] Credit Warning SMS Yellow Zone log.INFO: Credit warning SMS sent to customer 210bridgefield [] []
[2020-10-09 08:00:04] Credit Warning SMS Yellow Zone log.INFO: Sending credit warning SMS to customer 107bridgefield [] []
[2020-10-09 08:00:04] Credit Warning SMS Yellow Zone log.INFO: Credit warning SMS sent to customer 107bridgefield [] []
[2020-10-09 08:00:04] Credit Warning SMS Yellow Zone log.INFO: Sending credit warning SMS to customer 108bridgefield [] []
[2020-10-09 08:00:04] Credit Warning SMS Yellow Zone log.INFO: Credit warning SMS sent to customer 108bridgefield [] []
[2020-10-09 08:00:04] Credit Warning SMS Yellow Zone log.INFO: Sending credit warning SMS to customer 178bridgefield [] []
[2020-10-09 08:00:04] Credit Warning SMS Yellow Zone log.INFO: Credit warning SMS sent to customer 178bridgefield [] []
[2020-10-09 08:00:04] Credit Warning SMS Yellow Zone log.INFO: Sending credit warning SMS to customer 212bridgefield [] []
[2020-10-09 08:00:04] Credit Warning SMS Yellow Zone log.INFO: Credit warning SMS sent to customer 212bridgefield [] []
[2020-10-09 08:00:04] Credit Warning SMS Yellow Zone log.INFO: Sending credit warning SMS to customer 16pappan [] []
[2020-10-09 08:00:04] Credit Warning SMS Yellow Zone log.INFO: Credit warning SMS sent to customer 16pappan [] []
[2020-10-09 08:00:04] Credit Warning SMS Yellow Zone log.INFO: Sending credit warning SMS to customer 117fairways [] []
[2020-10-09 08:00:04] Credit Warning SMS Yellow Zone log.INFO: Credit warning SMS sent to customer 117fairways [] []
[2020-10-09 08:00:04] Credit Warning SMS Yellow Zone log.INFO: Sending credit warning SMS to customer 38fairways [] []
[2020-10-09 08:00:04] Credit Warning SMS Yellow Zone log.INFO: Credit warning SMS sent to customer 38fairways [] []
[2020-10-09 08:00:04] Credit Warning SMS Yellow Zone log.INFO: Sending credit warning SMS to customer 100fairways [] []
[2020-10-09 08:00:04] Credit Warning SMS Yellow Zone log.INFO: Credit warning SMS sent to customer 100fairways [] []
[2020-10-09 08:00:04] Credit Warning SMS Yellow Zone log.INFO: Sending credit warning SMS to customer 6herberthill [] []
[2020-10-09 08:00:04] Credit Warning SMS Yellow Zone log.INFO: Credit warning SMS sent to customer 6herberthill [] []
[2020-10-09 08:00:04] Credit Warning SMS Yellow Zone log.INFO: Sending credit warning SMS to customer 59herberthill [] []
[2020-10-09 08:00:04] Credit Warning SMS Yellow Zone log.INFO: Credit warning SMS sent to customer 59herberthill [] []
[2020-10-09 08:00:04] Credit Warning SMS Yellow Zone log.INFO: Sending credit warning SMS to customer 11herberthill [] []
[2020-10-09 08:00:04] Credit Warning SMS Yellow Zone log.INFO: Credit warning SMS sent to customer 11herberthill [] []
[2020-10-09 08:00:04] Credit Warning SMS Yellow Zone log.INFO: Sending credit warning SMS to customer 28herberthill [] []
[2020-10-09 08:00:04] Credit Warning SMS Yellow Zone log.INFO: Credit warning SMS sent to customer 28herberthill [] []
[2020-10-09 08:00:04] Credit Warning SMS Yellow Zone log.INFO: Sending credit warning SMS to customer 65marina [] []
[2020-10-09 08:00:04] Credit Warning SMS Yellow Zone log.INFO: Credit warning SMS sent to customer 65marina [] []
[2020-10-09 08:00:04] Credit Warning SMS Yellow Zone log.INFO: Sending credit warning SMS to customer 13marina [] []
[2020-10-09 08:00:04] Credit Warning SMS Yellow Zone log.INFO: Credit warning SMS sent to customer 13marina [] []
[2020-10-09 08:00:04] Credit Warning SMS Yellow Zone log.INFO: Sending credit warning SMS to customer 11marina [] []
[2020-10-09 08:00:04] Credit Warning SMS Yellow Zone log.INFO: Credit warning SMS sent to customer 11marina [] []
[2020-10-09 08:00:04] Credit Warning SMS Yellow Zone log.INFO: Sending credit warning SMS to customer 22marina [] []
[2020-10-09 08:00:04] Credit Warning SMS Yellow Zone log.INFO: Credit warning SMS sent to customer 22marina [] []
[2020-10-09 08:00:04] Credit Warning SMS Yellow Zone log.INFO: Sent Credit warning SMS to 66 customers! [] []
