[2020-11-04 08:00:02] Credit Warning SMS Yellow Zone log.INFO: Sending credit warning SMS to customer 7garryknock [] []
[2020-11-04 08:00:02] Credit Warning SMS Yellow Zone log.INFO: Credit warning SMS sent to customer 7garryknock [] []
[2020-11-04 08:00:02] Credit Warning SMS Yellow Zone log.INFO: Sending credit warning SMS to customer 15brackenview [] []
[2020-11-04 08:00:02] Credit Warning SMS Yellow Zone log.INFO: Credit warning SMS sent to customer 15brackenview [] []
[2020-11-04 08:00:02] Credit Warning SMS Yellow Zone log.INFO: Sending credit warning SMS to customer 1garryknock [] []
[2020-11-04 08:00:02] Credit Warning SMS Yellow Zone log.INFO: Credit warning SMS sent to customer 1garryknock [] []
[2020-11-04 08:00:02] Credit Warning SMS Yellow Zone log.INFO: Sending credit warning SMS to customer 1Emerald [] []
[2020-11-04 08:00:02] Credit Warning SMS Yellow Zone log.INFO: Credit warning SMS sent to customer 1Emerald [] []
[2020-11-04 08:00:02] Credit Warning SMS Yellow Zone log.INFO: Sending credit warning SMS to customer 10Emerald [] []
[2020-11-04 08:00:02] Credit Warning SMS Yellow Zone log.INFO: Credit warning SMS sent to customer 10Emerald [] []
[2020-11-04 08:00:02] Credit Warning SMS Yellow Zone log.INFO: Sending credit warning SMS to customer 23Emerald [] []
[2020-11-04 08:00:02] Credit Warning SMS Yellow Zone log.INFO: Credit warning SMS sent to customer 23Emerald [] []
[2020-11-04 08:00:02] Credit Warning SMS Yellow Zone log.INFO: Sending credit warning SMS to customer 29Emerald [] []
[2020-11-04 08:00:02] Credit Warning SMS Yellow Zone log.INFO: Credit warning SMS sent to customer 29Emerald [] []
[2020-11-04 08:00:02] Credit Warning SMS Yellow Zone log.INFO: Sending credit warning SMS to customer 176neptune [] []
[2020-11-04 08:00:02] Credit Warning SMS Yellow Zone log.INFO: Credit warning SMS sent to customer 176neptune [] []
[2020-11-04 08:00:02] Credit Warning SMS Yellow Zone log.INFO: Sending credit warning SMS to customer 115Neptune [] []
[2020-11-04 08:00:02] Credit Warning SMS Yellow Zone log.INFO: Credit warning SMS sent to customer 115Neptune [] []
[2020-11-04 08:00:02] Credit Warning SMS Yellow Zone log.INFO: Sending credit warning SMS to customer 137Neptune [] []
[2020-11-04 08:00:02] Credit Warning SMS Yellow Zone log.INFO: Credit warning SMS sent to customer 137Neptune [] []
[2020-11-04 08:00:02] Credit Warning SMS Yellow Zone log.INFO: Sending credit warning SMS to customer 153Neptune [] []
[2020-11-04 08:00:02] Credit Warning SMS Yellow Zone log.INFO: Credit warning SMS sent to customer 153Neptune [] []
[2020-11-04 08:00:02] Credit Warning SMS Yellow Zone log.INFO: Sending credit warning SMS to customer 193neptune [] []
[2020-11-04 08:00:03] Credit Warning SMS Yellow Zone log.INFO: Credit warning SMS sent to customer 193neptune [] []
[2020-11-04 08:00:03] Credit Warning SMS Yellow Zone log.INFO: Sending credit warning SMS to customer 56Neptune [] []
[2020-11-04 08:00:03] Credit Warning SMS Yellow Zone log.INFO: Credit warning SMS sent to customer 56Neptune [] []
[2020-11-04 08:00:03] Credit Warning SMS Yellow Zone log.INFO: Sending credit warning SMS to customer 49Neptune [] []
[2020-11-04 08:00:03] Credit Warning SMS Yellow Zone log.INFO: Credit warning SMS sent to customer 49Neptune [] []
[2020-11-04 08:00:03] Credit Warning SMS Yellow Zone log.INFO: Sending credit warning SMS to customer 125Neptune [] []
[2020-11-04 08:00:03] Credit Warning SMS Yellow Zone log.INFO: Credit warning SMS sent to customer 125Neptune [] []
[2020-11-04 08:00:03] Credit Warning SMS Yellow Zone log.INFO: Sending credit warning SMS to customer 105Neptune [] []
[2020-11-04 08:00:03] Credit Warning SMS Yellow Zone log.INFO: Credit warning SMS sent to customer 105Neptune [] []
[2020-11-04 08:00:03] Credit Warning SMS Yellow Zone log.INFO: Sending credit warning SMS to customer 149Neptune [] []
[2020-11-04 08:00:03] Credit Warning SMS Yellow Zone log.INFO: Credit warning SMS sent to customer 149Neptune [] []
[2020-11-04 08:00:03] Credit Warning SMS Yellow Zone log.INFO: Sending credit warning SMS to customer 34neptune [] []
[2020-11-04 08:00:03] Credit Warning SMS Yellow Zone log.INFO: Credit warning SMS sent to customer 34neptune [] []
[2020-11-04 08:00:03] Credit Warning SMS Yellow Zone log.INFO: Sending credit warning SMS to customer 3Abbott [] []
[2020-11-04 08:00:03] Credit Warning SMS Yellow Zone log.INFO: Credit warning SMS sent to customer 3Abbott [] []
[2020-11-04 08:00:03] Credit Warning SMS Yellow Zone log.INFO: Sending credit warning SMS to customer 10Abbott [] []
[2020-11-04 08:00:03] Credit Warning SMS Yellow Zone log.INFO: Credit warning SMS sent to customer 10Abbott [] []
[2020-11-04 08:00:03] Credit Warning SMS Yellow Zone log.INFO: Sending credit warning SMS to customer 24Abbott [] []
[2020-11-04 08:00:03] Credit Warning SMS Yellow Zone log.INFO: Credit warning SMS sent to customer 24Abbott [] []
[2020-11-04 08:00:03] Credit Warning SMS Yellow Zone log.INFO: Sending credit warning SMS to customer 27Abbott [] []
[2020-11-04 08:00:03] Credit Warning SMS Yellow Zone log.INFO: Credit warning SMS sent to customer 27Abbott [] []
[2020-11-04 08:00:03] Credit Warning SMS Yellow Zone log.INFO: Sending credit warning SMS to customer 31Abbott [] []
[2020-11-04 08:00:03] Credit Warning SMS Yellow Zone log.INFO: Credit warning SMS sent to customer 31Abbott [] []
[2020-11-04 08:00:03] Credit Warning SMS Yellow Zone log.INFO: Sending credit warning SMS to customer 36Abbott [] []
[2020-11-04 08:00:03] Credit Warning SMS Yellow Zone log.INFO: Credit warning SMS sent to customer 36Abbott [] []
[2020-11-04 08:00:03] Credit Warning SMS Yellow Zone log.INFO: Sending credit warning SMS to customer 13Abbott [] []
[2020-11-04 08:00:03] Credit Warning SMS Yellow Zone log.INFO: Credit warning SMS sent to customer 13Abbott [] []
[2020-11-04 08:00:03] Credit Warning SMS Yellow Zone log.INFO: Sending credit warning SMS to customer 89Abbott [] []
[2020-11-04 08:00:03] Credit Warning SMS Yellow Zone log.INFO: Credit warning SMS sent to customer 89Abbott [] []
[2020-11-04 08:00:03] Credit Warning SMS Yellow Zone log.INFO: Sending credit warning SMS to customer 84Abbott [] []
[2020-11-04 08:00:03] Credit Warning SMS Yellow Zone log.INFO: Credit warning SMS sent to customer 84Abbott [] []
[2020-11-04 08:00:03] Credit Warning SMS Yellow Zone log.INFO: Sending credit warning SMS to customer 69Abbott [] []
[2020-11-04 08:00:03] Credit Warning SMS Yellow Zone log.INFO: Credit warning SMS sent to customer 69Abbott [] []
[2020-11-04 08:00:03] Credit Warning SMS Yellow Zone log.INFO: Sending credit warning SMS to customer 61Abbott [] []
[2020-11-04 08:00:03] Credit Warning SMS Yellow Zone log.INFO: Credit warning SMS sent to customer 61Abbott [] []
[2020-11-04 08:00:03] Credit Warning SMS Yellow Zone log.INFO: Sending credit warning SMS to customer 105Abbott [] []
[2020-11-04 08:00:03] Credit Warning SMS Yellow Zone log.INFO: Credit warning SMS sent to customer 105Abbott [] []
[2020-11-04 08:00:03] Credit Warning SMS Yellow Zone log.INFO: Sending credit warning SMS to customer 98Abbott [] []
[2020-11-04 08:00:03] Credit Warning SMS Yellow Zone log.INFO: Credit warning SMS sent to customer 98Abbott [] []
[2020-11-04 08:00:03] Credit Warning SMS Yellow Zone log.INFO: Sending credit warning SMS to customer 115Abbott [] []
[2020-11-04 08:00:03] Credit Warning SMS Yellow Zone log.INFO: Credit warning SMS sent to customer 115Abbott [] []
[2020-11-04 08:00:03] Credit Warning SMS Yellow Zone log.INFO: Sending credit warning SMS to customer 179abbott [] []
[2020-11-04 08:00:03] Credit Warning SMS Yellow Zone log.INFO: Credit warning SMS sent to customer 179abbott [] []
[2020-11-04 08:00:03] Credit Warning SMS Yellow Zone log.INFO: Sending credit warning SMS to customer 187abbott [] []
[2020-11-04 08:00:03] Credit Warning SMS Yellow Zone log.INFO: Credit warning SMS sent to customer 187abbott [] []
[2020-11-04 08:00:03] Credit Warning SMS Yellow Zone log.INFO: Sending credit warning SMS to customer 181abbott [] []
[2020-11-04 08:00:03] Credit Warning SMS Yellow Zone log.INFO: Credit warning SMS sent to customer 181abbott [] []
[2020-11-04 08:00:03] Credit Warning SMS Yellow Zone log.INFO: Sending credit warning SMS to customer 75eustace [] []
[2020-11-04 08:00:03] Credit Warning SMS Yellow Zone log.INFO: Credit warning SMS sent to customer 75eustace [] []
[2020-11-04 08:00:03] Credit Warning SMS Yellow Zone log.INFO: Sending credit warning SMS to customer 17eustace [] []
[2020-11-04 08:00:03] Credit Warning SMS Yellow Zone log.INFO: Credit warning SMS sent to customer 17eustace [] []
[2020-11-04 08:00:03] Credit Warning SMS Yellow Zone log.INFO: Sending credit warning SMS to customer 51eustace [] []
[2020-11-04 08:00:03] Credit Warning SMS Yellow Zone log.INFO: Credit warning SMS sent to customer 51eustace [] []
[2020-11-04 08:00:04] Credit Warning SMS Yellow Zone log.INFO: Sending credit warning SMS to customer 159leona [] []
[2020-11-04 08:00:04] Credit Warning SMS Yellow Zone log.INFO: Credit warning SMS sent to customer 159leona [] []
[2020-11-04 08:00:04] Credit Warning SMS Yellow Zone log.INFO: Sending credit warning SMS to customer 95leona [] []
[2020-11-04 08:00:04] Credit Warning SMS Yellow Zone log.INFO: Credit warning SMS sent to customer 95leona [] []
[2020-11-04 08:00:04] Credit Warning SMS Yellow Zone log.INFO: Sending credit warning SMS to customer 82leona [] []
[2020-11-04 08:00:04] Credit Warning SMS Yellow Zone log.INFO: Credit warning SMS sent to customer 82leona [] []
[2020-11-04 08:00:04] Credit Warning SMS Yellow Zone log.INFO: Sending credit warning SMS to customer 145leona [] []
[2020-11-04 08:00:04] Credit Warning SMS Yellow Zone log.INFO: Credit warning SMS sent to customer 145leona [] []
[2020-11-04 08:00:04] Credit Warning SMS Yellow Zone log.INFO: Sending credit warning SMS to customer 104charlotte [] []
[2020-11-04 08:00:04] Credit Warning SMS Yellow Zone log.INFO: Credit warning SMS sent to customer 104charlotte [] []
[2020-11-04 08:00:04] Credit Warning SMS Yellow Zone log.INFO: Sending credit warning SMS to customer 117charlotte [] []
[2020-11-04 08:00:04] Credit Warning SMS Yellow Zone log.INFO: Credit warning SMS sent to customer 117charlotte [] []
[2020-11-04 08:00:04] Credit Warning SMS Yellow Zone log.INFO: Sending credit warning SMS to customer 144charlotte [] []
[2020-11-04 08:00:04] Credit Warning SMS Yellow Zone log.INFO: Credit warning SMS sent to customer 144charlotte [] []
[2020-11-04 08:00:04] Credit Warning SMS Yellow Zone log.INFO: Sending credit warning SMS to customer 100charlotte [] []
[2020-11-04 08:00:04] Credit Warning SMS Yellow Zone log.INFO: Credit warning SMS sent to customer 100charlotte [] []
[2020-11-04 08:00:04] Credit Warning SMS Yellow Zone log.INFO: Sending credit warning SMS to customer 124charlotte [] []
[2020-11-04 08:00:04] Credit Warning SMS Yellow Zone log.INFO: Credit warning SMS sent to customer 124charlotte [] []
[2020-11-04 08:00:04] Credit Warning SMS Yellow Zone log.INFO: Sending credit warning SMS to customer 112charlotte [] []
[2020-11-04 08:00:04] Credit Warning SMS Yellow Zone log.INFO: Credit warning SMS sent to customer 112charlotte [] []
[2020-11-04 08:00:04] Credit Warning SMS Yellow Zone log.INFO: Sending credit warning SMS to customer 109charlotte [] []
[2020-11-04 08:00:04] Credit Warning SMS Yellow Zone log.INFO: Credit warning SMS sent to customer 109charlotte [] []
[2020-11-04 08:00:04] Credit Warning SMS Yellow Zone log.INFO: Sending credit warning SMS to customer 18bridgefield [] []
[2020-11-04 08:00:04] Credit Warning SMS Yellow Zone log.INFO: Credit warning SMS sent to customer 18bridgefield [] []
[2020-11-04 08:00:04] Credit Warning SMS Yellow Zone log.INFO: Sending credit warning SMS to customer 8bridgefield [] []
[2020-11-04 08:00:04] Credit Warning SMS Yellow Zone log.INFO: Credit warning SMS sent to customer 8bridgefield [] []
[2020-11-04 08:00:04] Credit Warning SMS Yellow Zone log.INFO: Sending credit warning SMS to customer 40bridgefield [] []
[2020-11-04 08:00:04] Credit Warning SMS Yellow Zone log.INFO: Credit warning SMS sent to customer 40bridgefield [] []
[2020-11-04 08:00:04] Credit Warning SMS Yellow Zone log.INFO: Sending credit warning SMS to customer 52bridgefield [] []
[2020-11-04 08:00:04] Credit Warning SMS Yellow Zone log.INFO: Credit warning SMS sent to customer 52bridgefield [] []
[2020-11-04 08:00:04] Credit Warning SMS Yellow Zone log.INFO: Sending credit warning SMS to customer 89bridgefield [] []
[2020-11-04 08:00:04] Credit Warning SMS Yellow Zone log.INFO: Credit warning SMS sent to customer 89bridgefield [] []
[2020-11-04 08:00:04] Credit Warning SMS Yellow Zone log.INFO: Sending credit warning SMS to customer 58bridgefield [] []
[2020-11-04 08:00:04] Credit Warning SMS Yellow Zone log.INFO: Credit warning SMS sent to customer 58bridgefield [] []
[2020-11-04 08:00:04] Credit Warning SMS Yellow Zone log.INFO: Sending credit warning SMS to customer 95bridgefield [] []
[2020-11-04 08:00:04] Credit Warning SMS Yellow Zone log.INFO: Credit warning SMS sent to customer 95bridgefield [] []
[2020-11-04 08:00:04] Credit Warning SMS Yellow Zone log.INFO: Sending credit warning SMS to customer 56bridgefield [] []
[2020-11-04 08:00:04] Credit Warning SMS Yellow Zone log.INFO: Credit warning SMS sent to customer 56bridgefield [] []
[2020-11-04 08:00:04] Credit Warning SMS Yellow Zone log.INFO: Sending credit warning SMS to customer 80bridgefield [] []
[2020-11-04 08:00:04] Credit Warning SMS Yellow Zone log.INFO: Credit warning SMS sent to customer 80bridgefield [] []
[2020-11-04 08:00:04] Credit Warning SMS Yellow Zone log.INFO: Sending credit warning SMS to customer 125bridgefield [] []
[2020-11-04 08:00:04] Credit Warning SMS Yellow Zone log.INFO: Credit warning SMS sent to customer 125bridgefield [] []
[2020-11-04 08:00:04] Credit Warning SMS Yellow Zone log.INFO: Sending credit warning SMS to customer 197bridgefield [] []
[2020-11-04 08:00:04] Credit Warning SMS Yellow Zone log.INFO: Credit warning SMS sent to customer 197bridgefield [] []
[2020-11-04 08:00:04] Credit Warning SMS Yellow Zone log.INFO: Sending credit warning SMS to customer 194bridgefield [] []
[2020-11-04 08:00:04] Credit Warning SMS Yellow Zone log.INFO: Credit warning SMS sent to customer 194bridgefield [] []
[2020-11-04 08:00:04] Credit Warning SMS Yellow Zone log.INFO: Sending credit warning SMS to customer 112bridgefield [] []
[2020-11-04 08:00:04] Credit Warning SMS Yellow Zone log.INFO: Credit warning SMS sent to customer 112bridgefield [] []
[2020-11-04 08:00:04] Credit Warning SMS Yellow Zone log.INFO: Sending credit warning SMS to customer 160bridgefield [] []
[2020-11-04 08:00:04] Credit Warning SMS Yellow Zone log.INFO: Credit warning SMS sent to customer 160bridgefield [] []
[2020-11-04 08:00:04] Credit Warning SMS Yellow Zone log.INFO: Sending credit warning SMS to customer 211bridgefield [] []
[2020-11-04 08:00:04] Credit Warning SMS Yellow Zone log.INFO: Credit warning SMS sent to customer 211bridgefield [] []
[2020-11-04 08:00:04] Credit Warning SMS Yellow Zone log.INFO: Sending credit warning SMS to customer 57bridgefield [] []
[2020-11-04 08:00:04] Credit Warning SMS Yellow Zone log.INFO: Credit warning SMS sent to customer 57bridgefield [] []
[2020-11-04 08:00:04] Credit Warning SMS Yellow Zone log.INFO: Sending credit warning SMS to customer 33pappan [] []
[2020-11-04 08:00:04] Credit Warning SMS Yellow Zone log.INFO: Credit warning SMS sent to customer 33pappan [] []
[2020-11-04 08:00:04] Credit Warning SMS Yellow Zone log.INFO: Sending credit warning SMS to customer 16pappan [] []
[2020-11-04 08:00:04] Credit Warning SMS Yellow Zone log.INFO: Credit warning SMS sent to customer 16pappan [] []
[2020-11-04 08:00:04] Credit Warning SMS Yellow Zone log.INFO: Sending credit warning SMS to customer 110fairways [] []
[2020-11-04 08:00:05] Credit Warning SMS Yellow Zone log.INFO: Credit warning SMS sent to customer 110fairways [] []
[2020-11-04 08:00:05] Credit Warning SMS Yellow Zone log.INFO: Sending credit warning SMS to customer 125fairways [] []
[2020-11-04 08:00:05] Credit Warning SMS Yellow Zone log.INFO: Credit warning SMS sent to customer 125fairways [] []
[2020-11-04 08:00:05] Credit Warning SMS Yellow Zone log.INFO: Sending credit warning SMS to customer 162fairways [] []
[2020-11-04 08:00:05] Credit Warning SMS Yellow Zone log.INFO: Credit warning SMS sent to customer 162fairways [] []
[2020-11-04 08:00:05] Credit Warning SMS Yellow Zone log.INFO: Sending credit warning SMS to customer h23fairways [] []
[2020-11-04 08:00:05] Credit Warning SMS Yellow Zone log.INFO: Credit warning SMS sent to customer h23fairways [] []
[2020-11-04 08:00:05] Credit Warning SMS Yellow Zone log.INFO: Sending credit warning SMS to customer 52herberthill [] []
[2020-11-04 08:00:05] Credit Warning SMS Yellow Zone log.INFO: Credit warning SMS sent to customer 52herberthill [] []
[2020-11-04 08:00:05] Credit Warning SMS Yellow Zone log.INFO: Sending credit warning SMS to customer 87herberthill [] []
[2020-11-04 08:00:05] Credit Warning SMS Yellow Zone log.INFO: Credit warning SMS sent to customer 87herberthill [] []
[2020-11-04 08:00:05] Credit Warning SMS Yellow Zone log.INFO: Sending credit warning SMS to customer 60herberthill [] []
[2020-11-04 08:00:05] Credit Warning SMS Yellow Zone log.INFO: Credit warning SMS sent to customer 60herberthill [] []
[2020-11-04 08:00:05] Credit Warning SMS Yellow Zone log.INFO: Sending credit warning SMS to customer 75herberthill [] []
[2020-11-04 08:00:05] Credit Warning SMS Yellow Zone log.INFO: Credit warning SMS sent to customer 75herberthill [] []
[2020-11-04 08:00:05] Credit Warning SMS Yellow Zone log.INFO: Sending credit warning SMS to customer 59herberthill [] []
[2020-11-04 08:00:05] Credit Warning SMS Yellow Zone log.INFO: Credit warning SMS sent to customer 59herberthill [] []
[2020-11-04 08:00:05] Credit Warning SMS Yellow Zone log.INFO: Sending credit warning SMS to customer 62herberthill [] []
[2020-11-04 08:00:05] Credit Warning SMS Yellow Zone log.INFO: Credit warning SMS sent to customer 62herberthill [] []
[2020-11-04 08:00:05] Credit Warning SMS Yellow Zone log.INFO: Sending credit warning SMS to customer 61herberthill [] []
[2020-11-04 08:00:05] Credit Warning SMS Yellow Zone log.INFO: Credit warning SMS sent to customer 61herberthill [] []
[2020-11-04 08:00:05] Credit Warning SMS Yellow Zone log.INFO: Sending credit warning SMS to customer 82bracken [] []
[2020-11-04 08:00:05] Credit Warning SMS Yellow Zone log.INFO: Credit warning SMS sent to customer 82bracken [] []
[2020-11-04 08:00:05] Credit Warning SMS Yellow Zone log.INFO: Sent Credit warning SMS to 79 customers! [] []
