[2020-10-12 08:00:01] Credit Warning SMS Yellow Zone log.INFO: Sending credit warning SMS to customer 5garryknock [] []
[2020-10-12 08:00:01] Credit Warning SMS Yellow Zone log.INFO: Credit warning SMS sent to customer 5garryknock [] []
[2020-10-12 08:00:01] Credit Warning SMS Yellow Zone log.INFO: Sending credit warning SMS to customer 23garryknock [] []
[2020-10-12 08:00:01] Credit Warning SMS Yellow Zone log.INFO: Credit warning SMS sent to customer 23garryknock [] []
[2020-10-12 08:00:01] Credit Warning SMS Yellow Zone log.INFO: Sending credit warning SMS to customer 11brackenview [] []
[2020-10-12 08:00:01] Credit Warning SMS Yellow Zone log.INFO: Credit warning SMS sent to customer 11brackenview [] []
[2020-10-12 08:00:01] Credit Warning SMS Yellow Zone log.INFO: Sending credit warning SMS to customer 1garryknock [] []
[2020-10-12 08:00:01] Credit Warning SMS Yellow Zone log.INFO: Credit warning SMS sent to customer 1garryknock [] []
[2020-10-12 08:00:01] Credit Warning SMS Yellow Zone log.INFO: Sending credit warning SMS to customer 15garryknock [] []
[2020-10-12 08:00:01] Credit Warning SMS Yellow Zone log.INFO: Credit warning SMS sent to customer 15garryknock [] []
[2020-10-12 08:00:02] Credit Warning SMS Yellow Zone log.INFO: Sending credit warning SMS to customer 32Emerald [] []
[2020-10-12 08:00:02] Credit Warning SMS Yellow Zone log.INFO: Credit warning SMS sent to customer 32Emerald [] []
[2020-10-12 08:00:02] Credit Warning SMS Yellow Zone log.INFO: Sending credit warning SMS to customer 1Emerald [] []
[2020-10-12 08:00:02] Credit Warning SMS Yellow Zone log.INFO: Credit warning SMS sent to customer 1Emerald [] []
[2020-10-12 08:00:02] Credit Warning SMS Yellow Zone log.INFO: Sending credit warning SMS to customer 22Emerald [] []
[2020-10-12 08:00:02] Credit Warning SMS Yellow Zone log.INFO: Credit warning SMS sent to customer 22Emerald [] []
[2020-10-12 08:00:02] Credit Warning SMS Yellow Zone log.INFO: Sending credit warning SMS to customer 52Emerald [] []
[2020-10-12 08:00:02] Credit Warning SMS Yellow Zone log.INFO: Credit warning SMS sent to customer 52Emerald [] []
[2020-10-12 08:00:02] Credit Warning SMS Yellow Zone log.INFO: Sending credit warning SMS to customer 33Emerald [] []
[2020-10-12 08:00:02] Credit Warning SMS Yellow Zone log.INFO: Credit warning SMS sent to customer 33Emerald [] []
[2020-10-12 08:00:02] Credit Warning SMS Yellow Zone log.INFO: Sending credit warning SMS to customer 30Emerald [] []
[2020-10-12 08:00:02] Credit Warning SMS Yellow Zone log.INFO: Credit warning SMS sent to customer 30Emerald [] []
[2020-10-12 08:00:02] Credit Warning SMS Yellow Zone log.INFO: Sending credit warning SMS to customer 181neptune [] []
[2020-10-12 08:00:02] Credit Warning SMS Yellow Zone log.INFO: Credit warning SMS sent to customer 181neptune [] []
[2020-10-12 08:00:02] Credit Warning SMS Yellow Zone log.INFO: Sending credit warning SMS to customer 10neptune [] []
[2020-10-12 08:00:02] Credit Warning SMS Yellow Zone log.INFO: Credit warning SMS sent to customer 10neptune [] []
[2020-10-12 08:00:02] Credit Warning SMS Yellow Zone log.INFO: Sending credit warning SMS to customer 117Neptune [] []
[2020-10-12 08:00:02] Credit Warning SMS Yellow Zone log.INFO: Credit warning SMS sent to customer 117Neptune [] []
[2020-10-12 08:00:02] Credit Warning SMS Yellow Zone log.INFO: Sending credit warning SMS to customer 135Neptune [] []
[2020-10-12 08:00:02] Credit Warning SMS Yellow Zone log.INFO: Credit warning SMS sent to customer 135Neptune [] []
[2020-10-12 08:00:02] Credit Warning SMS Yellow Zone log.INFO: Sending credit warning SMS to customer 159Neptune [] []
[2020-10-12 08:00:02] Credit Warning SMS Yellow Zone log.INFO: Credit warning SMS sent to customer 159Neptune [] []
[2020-10-12 08:00:02] Credit Warning SMS Yellow Zone log.INFO: Sending credit warning SMS to customer 153Neptune [] []
[2020-10-12 08:00:02] Credit Warning SMS Yellow Zone log.INFO: Credit warning SMS sent to customer 153Neptune [] []
[2020-10-12 08:00:02] Credit Warning SMS Yellow Zone log.INFO: Sending credit warning SMS to customer 81Neptune [] []
[2020-10-12 08:00:02] Credit Warning SMS Yellow Zone log.INFO: Credit warning SMS sent to customer 81Neptune [] []
[2020-10-12 08:00:02] Credit Warning SMS Yellow Zone log.INFO: Sending credit warning SMS to customer 183neptune [] []
[2020-10-12 08:00:02] Credit Warning SMS Yellow Zone log.INFO: Credit warning SMS sent to customer 183neptune [] []
[2020-10-12 08:00:02] Credit Warning SMS Yellow Zone log.INFO: Sending credit warning SMS to customer 134Neptune [] []
[2020-10-12 08:00:02] Credit Warning SMS Yellow Zone log.INFO: Credit warning SMS sent to customer 134Neptune [] []
[2020-10-12 08:00:02] Credit Warning SMS Yellow Zone log.INFO: Sending credit warning SMS to customer 56Neptune [] []
[2020-10-12 08:00:02] Credit Warning SMS Yellow Zone log.INFO: Credit warning SMS sent to customer 56Neptune [] []
[2020-10-12 08:00:02] Credit Warning SMS Yellow Zone log.INFO: Sending credit warning SMS to customer 189neptune [] []
[2020-10-12 08:00:02] Credit Warning SMS Yellow Zone log.INFO: Credit warning SMS sent to customer 189neptune [] []
[2020-10-12 08:00:02] Credit Warning SMS Yellow Zone log.INFO: Sending credit warning SMS to customer 125Neptune [] []
[2020-10-12 08:00:02] Credit Warning SMS Yellow Zone log.INFO: Credit warning SMS sent to customer 125Neptune [] []
[2020-10-12 08:00:02] Credit Warning SMS Yellow Zone log.INFO: Sending credit warning SMS to customer 47Neptune [] []
[2020-10-12 08:00:02] Credit Warning SMS Yellow Zone log.INFO: Credit warning SMS sent to customer 47Neptune [] []
[2020-10-12 08:00:02] Credit Warning SMS Yellow Zone log.INFO: Sending credit warning SMS to customer 38neptune [] []
[2020-10-12 08:00:02] Credit Warning SMS Yellow Zone log.INFO: Credit warning SMS sent to customer 38neptune [] []
[2020-10-12 08:00:02] Credit Warning SMS Yellow Zone log.INFO: Sending credit warning SMS to customer 22neptune [] []
[2020-10-12 08:00:02] Credit Warning SMS Yellow Zone log.INFO: Credit warning SMS sent to customer 22neptune [] []
[2020-10-12 08:00:02] Credit Warning SMS Yellow Zone log.INFO: Sending credit warning SMS to customer 10Abbott [] []
[2020-10-12 08:00:02] Credit Warning SMS Yellow Zone log.INFO: Credit warning SMS sent to customer 10Abbott [] []
[2020-10-12 08:00:02] Credit Warning SMS Yellow Zone log.INFO: Sending credit warning SMS to customer 15Abbott [] []
[2020-10-12 08:00:02] Credit Warning SMS Yellow Zone log.INFO: Credit warning SMS sent to customer 15Abbott [] []
[2020-10-12 08:00:02] Credit Warning SMS Yellow Zone log.INFO: Sending credit warning SMS to customer 21Abbott [] []
[2020-10-12 08:00:02] Credit Warning SMS Yellow Zone log.INFO: Credit warning SMS sent to customer 21Abbott [] []
[2020-10-12 08:00:02] Credit Warning SMS Yellow Zone log.INFO: Sending credit warning SMS to customer 13Abbott [] []
[2020-10-12 08:00:02] Credit Warning SMS Yellow Zone log.INFO: Credit warning SMS sent to customer 13Abbott [] []
[2020-10-12 08:00:02] Credit Warning SMS Yellow Zone log.INFO: Sending credit warning SMS to customer 29abbott [] []
[2020-10-12 08:00:03] Credit Warning SMS Yellow Zone log.INFO: Credit warning SMS sent to customer 29abbott [] []
[2020-10-12 08:00:03] Credit Warning SMS Yellow Zone log.INFO: Sending credit warning SMS to customer 59Abbott [] []
[2020-10-12 08:00:03] Credit Warning SMS Yellow Zone log.INFO: Credit warning SMS sent to customer 59Abbott [] []
[2020-10-12 08:00:03] Credit Warning SMS Yellow Zone log.INFO: Sending credit warning SMS to customer 87Abbott [] []
[2020-10-12 08:00:03] Credit Warning SMS Yellow Zone log.INFO: Credit warning SMS sent to customer 87Abbott [] []
[2020-10-12 08:00:03] Credit Warning SMS Yellow Zone log.INFO: Sending credit warning SMS to customer 82Abbott [] []
[2020-10-12 08:00:03] Credit Warning SMS Yellow Zone log.INFO: Credit warning SMS sent to customer 82Abbott [] []
[2020-10-12 08:00:03] Credit Warning SMS Yellow Zone log.INFO: Sending credit warning SMS to customer 71Abbott [] []
[2020-10-12 08:00:03] Credit Warning SMS Yellow Zone log.INFO: Credit warning SMS sent to customer 71Abbott [] []
[2020-10-12 08:00:03] Credit Warning SMS Yellow Zone log.INFO: Sending credit warning SMS to customer 105Abbott [] []
[2020-10-12 08:00:03] Credit Warning SMS Yellow Zone log.INFO: Credit warning SMS sent to customer 105Abbott [] []
[2020-10-12 08:00:03] Credit Warning SMS Yellow Zone log.INFO: Sending credit warning SMS to customer 109Abbott [] []
[2020-10-12 08:00:03] Credit Warning SMS Yellow Zone log.INFO: Credit warning SMS sent to customer 109Abbott [] []
[2020-10-12 08:00:03] Credit Warning SMS Yellow Zone log.INFO: Sending credit warning SMS to customer 141abbott [] []
[2020-10-12 08:00:03] Credit Warning SMS Yellow Zone log.INFO: Credit warning SMS sent to customer 141abbott [] []
[2020-10-12 08:00:03] Credit Warning SMS Yellow Zone log.INFO: Sending credit warning SMS to customer 168abbott [] []
[2020-10-12 08:00:03] Credit Warning SMS Yellow Zone log.INFO: Credit warning SMS sent to customer 168abbott [] []
[2020-10-12 08:00:03] Credit Warning SMS Yellow Zone log.INFO: Sending credit warning SMS to customer 18GreenBank [] []
[2020-10-12 08:00:03] Credit Warning SMS Yellow Zone log.INFO: Credit warning SMS sent to customer 18GreenBank [] []
[2020-10-12 08:00:03] Credit Warning SMS Yellow Zone log.INFO: Sending credit warning SMS to customer 187abbott [] []
[2020-10-12 08:00:03] Credit Warning SMS Yellow Zone log.INFO: Credit warning SMS sent to customer 187abbott [] []
[2020-10-12 08:00:03] Credit Warning SMS Yellow Zone log.INFO: Sending credit warning SMS to customer 155abbott [] []
[2020-10-12 08:00:03] Credit Warning SMS Yellow Zone log.INFO: Credit warning SMS sent to customer 155abbott [] []
[2020-10-12 08:00:03] Credit Warning SMS Yellow Zone log.INFO: Sending credit warning SMS to customer 70eustace [] []
[2020-10-12 08:00:03] Credit Warning SMS Yellow Zone log.INFO: Credit warning SMS sent to customer 70eustace [] []
[2020-10-12 08:00:03] Credit Warning SMS Yellow Zone log.INFO: Sending credit warning SMS to customer 82leona [] []
[2020-10-12 08:00:03] Credit Warning SMS Yellow Zone log.INFO: Credit warning SMS sent to customer 82leona [] []
[2020-10-12 08:00:03] Credit Warning SMS Yellow Zone log.INFO: Sending credit warning SMS to customer 102leona [] []
[2020-10-12 08:00:03] Credit Warning SMS Yellow Zone log.INFO: Credit warning SMS sent to customer 102leona [] []
[2020-10-12 08:00:03] Credit Warning SMS Yellow Zone log.INFO: Sending credit warning SMS to customer 77leona [] []
[2020-10-12 08:00:03] Credit Warning SMS Yellow Zone log.INFO: Credit warning SMS sent to customer 77leona [] []
[2020-10-12 08:00:03] Credit Warning SMS Yellow Zone log.INFO: Sending credit warning SMS to customer 34charlotte [] []
[2020-10-12 08:00:03] Credit Warning SMS Yellow Zone log.INFO: Credit warning SMS sent to customer 34charlotte [] []
[2020-10-12 08:00:03] Credit Warning SMS Yellow Zone log.INFO: Sending credit warning SMS to customer 48charlotte [] []
[2020-10-12 08:00:03] Credit Warning SMS Yellow Zone log.INFO: Credit warning SMS sent to customer 48charlotte [] []
[2020-10-12 08:00:03] Credit Warning SMS Yellow Zone log.INFO: Sending credit warning SMS to customer 13charlotte [] []
[2020-10-12 08:00:03] Credit Warning SMS Yellow Zone log.INFO: Credit warning SMS sent to customer 13charlotte [] []
[2020-10-12 08:00:03] Credit Warning SMS Yellow Zone log.INFO: Sending credit warning SMS to customer 56charlotte [] []
[2020-10-12 08:00:03] Credit Warning SMS Yellow Zone log.INFO: Credit warning SMS sent to customer 56charlotte [] []
[2020-10-12 08:00:03] Credit Warning SMS Yellow Zone log.INFO: Sending credit warning SMS to customer 36charlotte [] []
[2020-10-12 08:00:03] Credit Warning SMS Yellow Zone log.INFO: Credit warning SMS sent to customer 36charlotte [] []
[2020-10-12 08:00:03] Credit Warning SMS Yellow Zone log.INFO: Sending credit warning SMS to customer 45charlotte [] []
[2020-10-12 08:00:03] Credit Warning SMS Yellow Zone log.INFO: Credit warning SMS sent to customer 45charlotte [] []
[2020-10-12 08:00:03] Credit Warning SMS Yellow Zone log.INFO: Sending credit warning SMS to customer 68charlotte [] []
[2020-10-12 08:00:03] Credit Warning SMS Yellow Zone log.INFO: Credit warning SMS sent to customer 68charlotte [] []
[2020-10-12 08:00:03] Credit Warning SMS Yellow Zone log.INFO: Sending credit warning SMS to customer 6bridgefield [] []
[2020-10-12 08:00:03] Credit Warning SMS Yellow Zone log.INFO: Credit warning SMS sent to customer 6bridgefield [] []
[2020-10-12 08:00:03] Credit Warning SMS Yellow Zone log.INFO: Sending credit warning SMS to customer 17bridgefield [] []
[2020-10-12 08:00:03] Credit Warning SMS Yellow Zone log.INFO: Credit warning SMS sent to customer 17bridgefield [] []
[2020-10-12 08:00:03] Credit Warning SMS Yellow Zone log.INFO: Sending credit warning SMS to customer 82bridgefield [] []
[2020-10-12 08:00:03] Credit Warning SMS Yellow Zone log.INFO: Credit warning SMS sent to customer 82bridgefield [] []
[2020-10-12 08:00:03] Credit Warning SMS Yellow Zone log.INFO: Sending credit warning SMS to customer 196bridgefield [] []
[2020-10-12 08:00:03] Credit Warning SMS Yellow Zone log.INFO: Credit warning SMS sent to customer 196bridgefield [] []
[2020-10-12 08:00:03] Credit Warning SMS Yellow Zone log.INFO: Sending credit warning SMS to customer 151bridgefield [] []
[2020-10-12 08:00:03] Credit Warning SMS Yellow Zone log.INFO: Credit warning SMS sent to customer 151bridgefield [] []
[2020-10-12 08:00:03] Credit Warning SMS Yellow Zone log.INFO: Sending credit warning SMS to customer 210bridgefield [] []
[2020-10-12 08:00:03] Credit Warning SMS Yellow Zone log.INFO: Credit warning SMS sent to customer 210bridgefield [] []
[2020-10-12 08:00:03] Credit Warning SMS Yellow Zone log.INFO: Sending credit warning SMS to customer 126bridgefield [] []
[2020-10-12 08:00:04] Credit Warning SMS Yellow Zone log.INFO: Credit warning SMS sent to customer 126bridgefield [] []
[2020-10-12 08:00:04] Credit Warning SMS Yellow Zone log.INFO: Sending credit warning SMS to customer 157bridgefield [] []
[2020-10-12 08:00:04] Credit Warning SMS Yellow Zone log.INFO: Credit warning SMS sent to customer 157bridgefield [] []
[2020-10-12 08:00:04] Credit Warning SMS Yellow Zone log.INFO: Sending credit warning SMS to customer 108bridgefield [] []
[2020-10-12 08:00:04] Credit Warning SMS Yellow Zone log.INFO: Credit warning SMS sent to customer 108bridgefield [] []
[2020-10-12 08:00:04] Credit Warning SMS Yellow Zone log.INFO: Sending credit warning SMS to customer 143bridgefield [] []
[2020-10-12 08:00:04] Credit Warning SMS Yellow Zone log.INFO: Credit warning SMS sent to customer 143bridgefield [] []
[2020-10-12 08:00:04] Credit Warning SMS Yellow Zone log.INFO: Sending credit warning SMS to customer 21pappan [] []
[2020-10-12 08:00:04] Credit Warning SMS Yellow Zone log.INFO: Credit warning SMS sent to customer 21pappan [] []
[2020-10-12 08:00:04] Credit Warning SMS Yellow Zone log.INFO: Sending credit warning SMS to customer 16pappan [] []
[2020-10-12 08:00:04] Credit Warning SMS Yellow Zone log.INFO: Credit warning SMS sent to customer 16pappan [] []
[2020-10-12 08:00:04] Credit Warning SMS Yellow Zone log.INFO: Sending credit warning SMS to customer 8pappan [] []
[2020-10-12 08:00:04] Credit Warning SMS Yellow Zone log.INFO: Credit warning SMS sent to customer 8pappan [] []
[2020-10-12 08:00:04] Credit Warning SMS Yellow Zone log.INFO: Sending credit warning SMS to customer 121fairways [] []
[2020-10-12 08:00:04] Credit Warning SMS Yellow Zone log.INFO: Credit warning SMS sent to customer 121fairways [] []
[2020-10-12 08:00:04] Credit Warning SMS Yellow Zone log.INFO: Sending credit warning SMS to customer 38fairways [] []
[2020-10-12 08:00:04] Credit Warning SMS Yellow Zone log.INFO: Credit warning SMS sent to customer 38fairways [] []
[2020-10-12 08:00:04] Credit Warning SMS Yellow Zone log.INFO: Sending credit warning SMS to customer h42fairways [] []
[2020-10-12 08:00:04] Credit Warning SMS Yellow Zone log.INFO: Credit warning SMS sent to customer h42fairways [] []
[2020-10-12 08:00:04] Credit Warning SMS Yellow Zone log.INFO: Sending credit warning SMS to customer 73herberthill [] []
[2020-10-12 08:00:04] Credit Warning SMS Yellow Zone log.INFO: Credit warning SMS sent to customer 73herberthill [] []
[2020-10-12 08:00:04] Credit Warning SMS Yellow Zone log.INFO: Sending credit warning SMS to customer 27herberthill [] []
[2020-10-12 08:00:04] Credit Warning SMS Yellow Zone log.INFO: Credit warning SMS sent to customer 27herberthill [] []
[2020-10-12 08:00:04] Credit Warning SMS Yellow Zone log.INFO: Sending credit warning SMS to customer 70herberthill [] []
[2020-10-12 08:00:04] Credit Warning SMS Yellow Zone log.INFO: Credit warning SMS sent to customer 70herberthill [] []
[2020-10-12 08:00:04] Credit Warning SMS Yellow Zone log.INFO: Sending credit warning SMS to customer 11herberthill [] []
[2020-10-12 08:00:04] Credit Warning SMS Yellow Zone log.INFO: Credit warning SMS sent to customer 11herberthill [] []
[2020-10-12 08:00:04] Credit Warning SMS Yellow Zone log.INFO: Sending credit warning SMS to customer 37marina [] []
[2020-10-12 08:00:04] Credit Warning SMS Yellow Zone log.INFO: Credit warning SMS sent to customer 37marina [] []
[2020-10-12 08:00:04] Credit Warning SMS Yellow Zone log.INFO: Sent Credit warning SMS to 74 customers! [] []
