[2020-11-29 10:30:02] Credit Warning SMS Yellow Zone log.INFO: Sending credit warning SMS to customer 12sundayswell [] []
[2020-11-29 10:30:02] Credit Warning SMS Yellow Zone log.INFO: Credit warning SMS sent to customer 12sundayswell [] []
[2020-11-29 10:30:02] Credit Warning SMS Yellow Zone log.INFO: Sending credit warning SMS to customer 15brackenview [] []
[2020-11-29 10:30:02] Credit Warning SMS Yellow Zone log.INFO: Credit warning SMS sent to customer 15brackenview [] []
[2020-11-29 10:30:02] Credit Warning SMS Yellow Zone log.INFO: Sending credit warning SMS to customer 42Emerald [] []
[2020-11-29 10:30:02] Credit Warning SMS Yellow Zone log.INFO: Credit warning SMS sent to customer 42Emerald [] []
[2020-11-29 10:30:02] Credit Warning SMS Yellow Zone log.INFO: Sending credit warning SMS to customer 1Emerald [] []
[2020-11-29 10:30:02] Credit Warning SMS Yellow Zone log.INFO: Credit warning SMS sent to customer 1Emerald [] []
[2020-11-29 10:30:02] Credit Warning SMS Yellow Zone log.INFO: Sending credit warning SMS to customer 7Emerald [] []
[2020-11-29 10:30:02] Credit Warning SMS Yellow Zone log.INFO: Credit warning SMS sent to customer 7Emerald [] []
[2020-11-29 10:30:02] Credit Warning SMS Yellow Zone log.INFO: Sending credit warning SMS to customer 27Emerald [] []
[2020-11-29 10:30:02] Credit Warning SMS Yellow Zone log.INFO: Credit warning SMS sent to customer 27Emerald [] []
[2020-11-29 10:30:02] Credit Warning SMS Yellow Zone log.INFO: Sending credit warning SMS to customer 6Emerald [] []
[2020-11-29 10:30:02] Credit Warning SMS Yellow Zone log.INFO: Credit warning SMS sent to customer 6Emerald [] []
[2020-11-29 10:30:02] Credit Warning SMS Yellow Zone log.INFO: Sending credit warning SMS to customer 159Neptune [] []
[2020-11-29 10:30:02] Credit Warning SMS Yellow Zone log.INFO: Credit warning SMS sent to customer 159Neptune [] []
[2020-11-29 10:30:02] Credit Warning SMS Yellow Zone log.INFO: Sending credit warning SMS to customer 81Neptune [] []
[2020-11-29 10:30:02] Credit Warning SMS Yellow Zone log.INFO: Credit warning SMS sent to customer 81Neptune [] []
[2020-11-29 10:30:02] Credit Warning SMS Yellow Zone log.INFO: Sending credit warning SMS to customer 27neptune [] []
[2020-11-29 10:30:02] Credit Warning SMS Yellow Zone log.INFO: Credit warning SMS sent to customer 27neptune [] []
[2020-11-29 10:30:02] Credit Warning SMS Yellow Zone log.INFO: Sending credit warning SMS to customer 21neptune [] []
[2020-11-29 10:30:02] Credit Warning SMS Yellow Zone log.INFO: Credit warning SMS sent to customer 21neptune [] []
[2020-11-29 10:30:02] Credit Warning SMS Yellow Zone log.INFO: Sending credit warning SMS to customer 131Neptune [] []
[2020-11-29 10:30:02] Credit Warning SMS Yellow Zone log.INFO: Credit warning SMS sent to customer 131Neptune [] []
[2020-11-29 10:30:02] Credit Warning SMS Yellow Zone log.INFO: Sending credit warning SMS to customer 165neptune [] []
[2020-11-29 10:30:02] Credit Warning SMS Yellow Zone log.INFO: Credit warning SMS sent to customer 165neptune [] []
[2020-11-29 10:30:02] Credit Warning SMS Yellow Zone log.INFO: Sending credit warning SMS to customer 62Neptune [] []
[2020-11-29 10:30:03] Credit Warning SMS Yellow Zone log.INFO: Credit warning SMS sent to customer 62Neptune [] []
[2020-11-29 10:30:03] Credit Warning SMS Yellow Zone log.INFO: Sending credit warning SMS to customer 73Neptune [] []
[2020-11-29 10:30:03] Credit Warning SMS Yellow Zone log.INFO: Credit warning SMS sent to customer 73Neptune [] []
[2020-11-29 10:30:03] Credit Warning SMS Yellow Zone log.INFO: Sending credit warning SMS to customer 184neptune [] []
[2020-11-29 10:30:03] Credit Warning SMS Yellow Zone log.INFO: Credit warning SMS sent to customer 184neptune [] []
[2020-11-29 10:30:03] Credit Warning SMS Yellow Zone log.INFO: Sending credit warning SMS to customer 10Abbott [] []
[2020-11-29 10:30:03] Credit Warning SMS Yellow Zone log.INFO: Credit warning SMS sent to customer 10Abbott [] []
[2020-11-29 10:30:03] Credit Warning SMS Yellow Zone log.INFO: Sending credit warning SMS to customer 15Abbott [] []
[2020-11-29 10:30:03] Credit Warning SMS Yellow Zone log.INFO: Credit warning SMS sent to customer 15Abbott [] []
[2020-11-29 10:30:03] Credit Warning SMS Yellow Zone log.INFO: Sending credit warning SMS to customer 28Abbott [] []
[2020-11-29 10:30:03] Credit Warning SMS Yellow Zone log.INFO: Credit warning SMS sent to customer 28Abbott [] []
[2020-11-29 10:30:03] Credit Warning SMS Yellow Zone log.INFO: Sending credit warning SMS to customer 70Abbott [] []
[2020-11-29 10:30:03] Credit Warning SMS Yellow Zone log.INFO: Credit warning SMS sent to customer 70Abbott [] []
[2020-11-29 10:30:03] Credit Warning SMS Yellow Zone log.INFO: Sending credit warning SMS to customer 84Abbott [] []
[2020-11-29 10:30:03] Credit Warning SMS Yellow Zone log.INFO: Credit warning SMS sent to customer 84Abbott [] []
[2020-11-29 10:30:03] Credit Warning SMS Yellow Zone log.INFO: Sending credit warning SMS to customer 71Abbott [] []
[2020-11-29 10:30:03] Credit Warning SMS Yellow Zone log.INFO: Credit warning SMS sent to customer 71Abbott [] []
[2020-11-29 10:30:03] Credit Warning SMS Yellow Zone log.INFO: Sending credit warning SMS to customer 105Abbott [] []
[2020-11-29 10:30:03] Credit Warning SMS Yellow Zone log.INFO: Credit warning SMS sent to customer 105Abbott [] []
[2020-11-29 10:30:03] Credit Warning SMS Yellow Zone log.INFO: Sending credit warning SMS to customer 106Abbott [] []
[2020-11-29 10:30:03] Credit Warning SMS Yellow Zone log.INFO: Credit warning SMS sent to customer 106Abbott [] []
[2020-11-29 10:30:03] Credit Warning SMS Yellow Zone log.INFO: Sending credit warning SMS to customer 119Abbott [] []
[2020-11-29 10:30:03] Credit Warning SMS Yellow Zone log.INFO: Credit warning SMS sent to customer 119Abbott [] []
[2020-11-29 10:30:03] Credit Warning SMS Yellow Zone log.INFO: Sending credit warning SMS to customer 98Abbott [] []
[2020-11-29 10:30:03] Credit Warning SMS Yellow Zone log.INFO: Credit warning SMS sent to customer 98Abbott [] []
[2020-11-29 10:30:03] Credit Warning SMS Yellow Zone log.INFO: Sending credit warning SMS to customer 115Abbott [] []
[2020-11-29 10:30:03] Credit Warning SMS Yellow Zone log.INFO: Credit warning SMS sent to customer 115Abbott [] []
[2020-11-29 10:30:03] Credit Warning SMS Yellow Zone log.INFO: Sending credit warning SMS to customer 95Abbott [] []
[2020-11-29 10:30:03] Credit Warning SMS Yellow Zone log.INFO: Credit warning SMS sent to customer 95Abbott [] []
[2020-11-29 10:30:03] Credit Warning SMS Yellow Zone log.INFO: Sending credit warning SMS to customer 177abbott [] []
[2020-11-29 10:30:03] Credit Warning SMS Yellow Zone log.INFO: Credit warning SMS sent to customer 177abbott [] []
[2020-11-29 10:30:03] Credit Warning SMS Yellow Zone log.INFO: Sending credit warning SMS to customer 191abbott [] []
[2020-11-29 10:30:03] Credit Warning SMS Yellow Zone log.INFO: Credit warning SMS sent to customer 191abbott [] []
[2020-11-29 10:30:03] Credit Warning SMS Yellow Zone log.INFO: Sending credit warning SMS to customer 184abbott [] []
[2020-11-29 10:30:03] Credit Warning SMS Yellow Zone log.INFO: Credit warning SMS sent to customer 184abbott [] []
[2020-11-29 10:30:03] Credit Warning SMS Yellow Zone log.INFO: Sending credit warning SMS to customer 187abbott [] []
[2020-11-29 10:30:04] Credit Warning SMS Yellow Zone log.INFO: Credit warning SMS sent to customer 187abbott [] []
[2020-11-29 10:30:04] Credit Warning SMS Yellow Zone log.INFO: Sending credit warning SMS to customer 21GreenBank [] []
[2020-11-29 10:30:04] Credit Warning SMS Yellow Zone log.INFO: Credit warning SMS sent to customer 21GreenBank [] []
[2020-11-29 10:30:04] Credit Warning SMS Yellow Zone log.INFO: Sending credit warning SMS to customer 135abbott [] []
[2020-11-29 10:30:04] Credit Warning SMS Yellow Zone log.INFO: Credit warning SMS sent to customer 135abbott [] []
[2020-11-29 10:30:04] Credit Warning SMS Yellow Zone log.INFO: Sending credit warning SMS to customer 189abbott [] []
[2020-11-29 10:30:04] Credit Warning SMS Yellow Zone log.INFO: Credit warning SMS sent to customer 189abbott [] []
[2020-11-29 10:30:04] Credit Warning SMS Yellow Zone log.INFO: Sending credit warning SMS to customer 33eustace [] []
[2020-11-29 10:30:04] Credit Warning SMS Yellow Zone log.INFO: Credit warning SMS sent to customer 33eustace [] []
[2020-11-29 10:30:04] Credit Warning SMS Yellow Zone log.INFO: Sending credit warning SMS to customer 67eustace [] []
[2020-11-29 10:30:04] Credit Warning SMS Yellow Zone log.INFO: Credit warning SMS sent to customer 67eustace [] []
[2020-11-29 10:30:04] Credit Warning SMS Yellow Zone log.INFO: Sending credit warning SMS to customer 159leona [] []
[2020-11-29 10:30:04] Credit Warning SMS Yellow Zone log.INFO: Credit warning SMS sent to customer 159leona [] []
[2020-11-29 10:30:04] Credit Warning SMS Yellow Zone log.INFO: Sending credit warning SMS to customer 137leona [] []
[2020-11-29 10:30:04] Credit Warning SMS Yellow Zone log.INFO: Credit warning SMS sent to customer 137leona [] []
[2020-11-29 10:30:04] Credit Warning SMS Yellow Zone log.INFO: Sending credit warning SMS to customer 60leona [] []
[2020-11-29 10:30:04] Credit Warning SMS Yellow Zone log.INFO: Credit warning SMS sent to customer 60leona [] []
[2020-11-29 10:30:04] Credit Warning SMS Yellow Zone log.INFO: Sending credit warning SMS to customer 120leona [] []
[2020-11-29 10:30:04] Credit Warning SMS Yellow Zone log.INFO: Credit warning SMS sent to customer 120leona [] []
[2020-11-29 10:30:04] Credit Warning SMS Yellow Zone log.INFO: Sending credit warning SMS to customer 35leona [] []
[2020-11-29 10:30:04] Credit Warning SMS Yellow Zone log.INFO: Credit warning SMS sent to customer 35leona [] []
[2020-11-29 10:30:04] Credit Warning SMS Yellow Zone log.INFO: Sending credit warning SMS to customer 101leona [] []
[2020-11-29 10:30:04] Credit Warning SMS Yellow Zone log.INFO: Credit warning SMS sent to customer 101leona [] []
[2020-11-29 10:30:04] Credit Warning SMS Yellow Zone log.INFO: Sending credit warning SMS to customer 82leona [] []
[2020-11-29 10:30:04] Credit Warning SMS Yellow Zone log.INFO: Credit warning SMS sent to customer 82leona [] []
[2020-11-29 10:30:04] Credit Warning SMS Yellow Zone log.INFO: Sending credit warning SMS to customer 52leona [] []
[2020-11-29 10:30:04] Credit Warning SMS Yellow Zone log.INFO: Credit warning SMS sent to customer 52leona [] []
[2020-11-29 10:30:04] Credit Warning SMS Yellow Zone log.INFO: Sending credit warning SMS to customer 58leona [] []
[2020-11-29 10:30:04] Credit Warning SMS Yellow Zone log.INFO: Credit warning SMS sent to customer 58leona [] []
[2020-11-29 10:30:04] Credit Warning SMS Yellow Zone log.INFO: Sending credit warning SMS to customer 118leona [] []
[2020-11-29 10:30:04] Credit Warning SMS Yellow Zone log.INFO: Credit warning SMS sent to customer 118leona [] []
[2020-11-29 10:30:04] Credit Warning SMS Yellow Zone log.INFO: Sending credit warning SMS to customer 45leona [] []
[2020-11-29 10:30:04] Credit Warning SMS Yellow Zone log.INFO: Credit warning SMS sent to customer 45leona [] []
[2020-11-29 10:30:04] Credit Warning SMS Yellow Zone log.INFO: Sending credit warning SMS to customer 113charlotte [] []
[2020-11-29 10:30:04] Credit Warning SMS Yellow Zone log.INFO: Credit warning SMS sent to customer 113charlotte [] []
[2020-11-29 10:30:04] Credit Warning SMS Yellow Zone log.INFO: Sending credit warning SMS to customer 153charlotte [] []
[2020-11-29 10:30:04] Credit Warning SMS Yellow Zone log.INFO: Credit warning SMS sent to customer 153charlotte [] []
[2020-11-29 10:30:04] Credit Warning SMS Yellow Zone log.INFO: Sending credit warning SMS to customer 103charlotte [] []
[2020-11-29 10:30:04] Credit Warning SMS Yellow Zone log.INFO: Credit warning SMS sent to customer 103charlotte [] []
[2020-11-29 10:30:04] Credit Warning SMS Yellow Zone log.INFO: Sending credit warning SMS to customer 13charlotte [] []
[2020-11-29 10:30:04] Credit Warning SMS Yellow Zone log.INFO: Credit warning SMS sent to customer 13charlotte [] []
[2020-11-29 10:30:04] Credit Warning SMS Yellow Zone log.INFO: Sending credit warning SMS to customer 135charlotte [] []
[2020-11-29 10:30:05] Credit Warning SMS Yellow Zone log.INFO: Credit warning SMS sent to customer 135charlotte [] []
[2020-11-29 10:30:05] Credit Warning SMS Yellow Zone log.INFO: Sending credit warning SMS to customer 73charlotte [] []
[2020-11-29 10:30:05] Credit Warning SMS Yellow Zone log.INFO: Credit warning SMS sent to customer 73charlotte [] []
[2020-11-29 10:30:05] Credit Warning SMS Yellow Zone log.INFO: Sending credit warning SMS to customer 125charlotte [] []
[2020-11-29 10:30:05] Credit Warning SMS Yellow Zone log.INFO: Credit warning SMS sent to customer 125charlotte [] []
[2020-11-29 10:30:05] Credit Warning SMS Yellow Zone log.INFO: Sending credit warning SMS to customer 9bridgefield [] []
[2020-11-29 10:30:05] Credit Warning SMS Yellow Zone log.INFO: Credit warning SMS sent to customer 9bridgefield [] []
[2020-11-29 10:30:05] Credit Warning SMS Yellow Zone log.INFO: Sending credit warning SMS to customer 43bridgefield [] []
[2020-11-29 10:30:05] Credit Warning SMS Yellow Zone log.INFO: Credit warning SMS sent to customer 43bridgefield [] []
[2020-11-29 10:30:05] Credit Warning SMS Yellow Zone log.INFO: Sending credit warning SMS to customer 61bridgefield [] []
[2020-11-29 10:30:05] Credit Warning SMS Yellow Zone log.INFO: Credit warning SMS sent to customer 61bridgefield [] []
[2020-11-29 10:30:05] Credit Warning SMS Yellow Zone log.INFO: Sending credit warning SMS to customer 71bridgefield [] []
[2020-11-29 10:30:05] Credit Warning SMS Yellow Zone log.INFO: Credit warning SMS sent to customer 71bridgefield [] []
[2020-11-29 10:30:05] Credit Warning SMS Yellow Zone log.INFO: Sending credit warning SMS to customer 35bridgefield [] []
[2020-11-29 10:30:05] Credit Warning SMS Yellow Zone log.INFO: Credit warning SMS sent to customer 35bridgefield [] []
[2020-11-29 10:30:05] Credit Warning SMS Yellow Zone log.INFO: Sending credit warning SMS to customer 80bridgefield [] []
[2020-11-29 10:30:05] Credit Warning SMS Yellow Zone log.INFO: Credit warning SMS sent to customer 80bridgefield [] []
[2020-11-29 10:30:05] Credit Warning SMS Yellow Zone log.INFO: Sending credit warning SMS to customer 191bridgefield [] []
[2020-11-29 10:30:05] Credit Warning SMS Yellow Zone log.INFO: Credit warning SMS sent to customer 191bridgefield [] []
[2020-11-29 10:30:05] Credit Warning SMS Yellow Zone log.INFO: Sending credit warning SMS to customer 118bridgefield [] []
[2020-11-29 10:30:05] Credit Warning SMS Yellow Zone log.INFO: Credit warning SMS sent to customer 118bridgefield [] []
[2020-11-29 10:30:05] Credit Warning SMS Yellow Zone log.INFO: Sending credit warning SMS to customer 168bridgefield [] []
[2020-11-29 10:30:05] Credit Warning SMS Yellow Zone log.INFO: Credit warning SMS sent to customer 168bridgefield [] []
[2020-11-29 10:30:05] Credit Warning SMS Yellow Zone log.INFO: Sending credit warning SMS to customer 160bridgefield [] []
[2020-11-29 10:30:05] Credit Warning SMS Yellow Zone log.INFO: Credit warning SMS sent to customer 160bridgefield [] []
[2020-11-29 10:30:05] Credit Warning SMS Yellow Zone log.INFO: Sending credit warning SMS to customer 147bridgefield [] []
[2020-11-29 10:30:05] Credit Warning SMS Yellow Zone log.INFO: Credit warning SMS sent to customer 147bridgefield [] []
[2020-11-29 10:30:05] Credit Warning SMS Yellow Zone log.INFO: Sending credit warning SMS to customer 157bridgefield [] []
[2020-11-29 10:30:05] Credit Warning SMS Yellow Zone log.INFO: Credit warning SMS sent to customer 157bridgefield [] []
[2020-11-29 10:30:05] Credit Warning SMS Yellow Zone log.INFO: Sending credit warning SMS to customer 109bridgefield [] []
[2020-11-29 10:30:05] Credit Warning SMS Yellow Zone log.INFO: Credit warning SMS sent to customer 109bridgefield [] []
[2020-11-29 10:30:05] Credit Warning SMS Yellow Zone log.INFO: Sending credit warning SMS to customer 129bridgefield [] []
[2020-11-29 10:30:05] Credit Warning SMS Yellow Zone log.INFO: Credit warning SMS sent to customer 129bridgefield [] []
[2020-11-29 10:30:05] Credit Warning SMS Yellow Zone log.INFO: Sending credit warning SMS to customer 205bridgefield [] []
[2020-11-29 10:30:05] Credit Warning SMS Yellow Zone log.INFO: Credit warning SMS sent to customer 205bridgefield [] []
[2020-11-29 10:30:05] Credit Warning SMS Yellow Zone log.INFO: Sending credit warning SMS to customer 130bridgefield [] []
[2020-11-29 10:30:05] Credit Warning SMS Yellow Zone log.INFO: Credit warning SMS sent to customer 130bridgefield [] []
[2020-11-29 10:30:05] Credit Warning SMS Yellow Zone log.INFO: Sending credit warning SMS to customer 193bridgefield [] []
[2020-11-29 10:30:05] Credit Warning SMS Yellow Zone log.INFO: Credit warning SMS sent to customer 193bridgefield [] []
[2020-11-29 10:30:05] Credit Warning SMS Yellow Zone log.INFO: Sending credit warning SMS to customer 17pappan [] []
[2020-11-29 10:30:05] Credit Warning SMS Yellow Zone log.INFO: Credit warning SMS sent to customer 17pappan [] []
[2020-11-29 10:30:05] Credit Warning SMS Yellow Zone log.INFO: Sending credit warning SMS to customer 16pappan [] []
[2020-11-29 10:30:05] Credit Warning SMS Yellow Zone log.INFO: Credit warning SMS sent to customer 16pappan [] []
[2020-11-29 10:30:05] Credit Warning SMS Yellow Zone log.INFO: Sending credit warning SMS to customer 3pappan [] []
[2020-11-29 10:30:05] Credit Warning SMS Yellow Zone log.INFO: Credit warning SMS sent to customer 3pappan [] []
[2020-11-29 10:30:05] Credit Warning SMS Yellow Zone log.INFO: Sending credit warning SMS to customer 118fairways [] []
[2020-11-29 10:30:05] Credit Warning SMS Yellow Zone log.INFO: Credit warning SMS sent to customer 118fairways [] []
[2020-11-29 10:30:05] Credit Warning SMS Yellow Zone log.INFO: Sending credit warning SMS to customer 150fairways [] []
[2020-11-29 10:30:05] Credit Warning SMS Yellow Zone log.INFO: Credit warning SMS sent to customer 150fairways [] []
[2020-11-29 10:30:05] Credit Warning SMS Yellow Zone log.INFO: Sending credit warning SMS to customer 152fairways [] []
[2020-11-29 10:30:05] Credit Warning SMS Yellow Zone log.INFO: Credit warning SMS sent to customer 152fairways [] []
[2020-11-29 10:30:05] Credit Warning SMS Yellow Zone log.INFO: Sending credit warning SMS to customer 54fairways [] []
[2020-11-29 10:30:06] Credit Warning SMS Yellow Zone log.INFO: Credit warning SMS sent to customer 54fairways [] []
[2020-11-29 10:30:06] Credit Warning SMS Yellow Zone log.INFO: Sending credit warning SMS to customer 26fairways [] []
[2020-11-29 10:30:06] Credit Warning SMS Yellow Zone log.INFO: Credit warning SMS sent to customer 26fairways [] []
[2020-11-29 10:30:06] Credit Warning SMS Yellow Zone log.INFO: Sending credit warning SMS to customer h27fairways [] []
[2020-11-29 10:30:06] Credit Warning SMS Yellow Zone log.INFO: Credit warning SMS sent to customer h27fairways [] []
[2020-11-29 10:30:06] Credit Warning SMS Yellow Zone log.INFO: Sending credit warning SMS to customer 63herberthill [] []
[2020-11-29 10:30:06] Credit Warning SMS Yellow Zone log.INFO: Credit warning SMS sent to customer 63herberthill [] []
[2020-11-29 10:30:06] Credit Warning SMS Yellow Zone log.INFO: Sending credit warning SMS to customer 73herberthill [] []
[2020-11-29 10:30:06] Credit Warning SMS Yellow Zone log.INFO: Credit warning SMS sent to customer 73herberthill [] []
[2020-11-29 10:30:06] Credit Warning SMS Yellow Zone log.INFO: Sending credit warning SMS to customer 29herberthill [] []
[2020-11-29 10:30:06] Credit Warning SMS Yellow Zone log.INFO: Credit warning SMS sent to customer 29herberthill [] []
[2020-11-29 10:30:06] Credit Warning SMS Yellow Zone log.INFO: Sending credit warning SMS to customer 60herberthill [] []
[2020-11-29 10:30:06] Credit Warning SMS Yellow Zone log.INFO: Credit warning SMS sent to customer 60herberthill [] []
[2020-11-29 10:30:06] Credit Warning SMS Yellow Zone log.INFO: Sending credit warning SMS to customer 27herberthill [] []
[2020-11-29 10:30:06] Credit Warning SMS Yellow Zone log.INFO: Credit warning SMS sent to customer 27herberthill [] []
[2020-11-29 10:30:06] Credit Warning SMS Yellow Zone log.INFO: Sending credit warning SMS to customer 79herberthill [] []
[2020-11-29 10:30:06] Credit Warning SMS Yellow Zone log.INFO: Credit warning SMS sent to customer 79herberthill [] []
[2020-11-29 10:30:06] Credit Warning SMS Yellow Zone log.INFO: Sending credit warning SMS to customer 24herberthill [] []
[2020-11-29 10:30:06] Credit Warning SMS Yellow Zone log.INFO: Credit warning SMS sent to customer 24herberthill [] []
[2020-11-29 10:30:06] Credit Warning SMS Yellow Zone log.INFO: Sending credit warning SMS to customer 61herberthill [] []
[2020-11-29 10:30:06] Credit Warning SMS Yellow Zone log.INFO: Credit warning SMS sent to customer 61herberthill [] []
[2020-11-29 10:30:06] Credit Warning SMS Yellow Zone log.INFO: Sending credit warning SMS to customer 37marina [] []
[2020-11-29 10:30:06] Credit Warning SMS Yellow Zone log.INFO: Credit warning SMS sent to customer 37marina [] []
[2020-11-29 10:30:06] Credit Warning SMS Yellow Zone log.INFO: Sent Credit warning SMS to 90 customers! [] []
