[2020-07-08 08:00:02] Credit Warning SMS Yellow Zone log.INFO: Sending credit warning SMS to customer 9garryknock [] []
[2020-07-08 08:00:02] Credit Warning SMS Yellow Zone log.INFO: Credit warning SMS sent to customer 9garryknock [] []
[2020-07-08 08:00:02] Credit Warning SMS Yellow Zone log.INFO: Sending credit warning SMS to customer 2garryknock [] []
[2020-07-08 08:00:02] Credit Warning SMS Yellow Zone log.INFO: Credit warning SMS sent to customer 2garryknock [] []
[2020-07-08 08:00:02] Credit Warning SMS Yellow Zone log.INFO: Sending credit warning SMS to customer 14garryknock [] []
[2020-07-08 08:00:02] Credit Warning SMS Yellow Zone log.INFO: Credit warning SMS sent to customer 14garryknock [] []
[2020-07-08 08:00:02] Credit Warning SMS Yellow Zone log.INFO: Sending credit warning SMS to customer 32Emerald [] []
[2020-07-08 08:00:02] Credit Warning SMS Yellow Zone log.INFO: Credit warning SMS sent to customer 32Emerald [] []
[2020-07-08 08:00:02] Credit Warning SMS Yellow Zone log.INFO: Sending credit warning SMS to customer 6Emerald [] []
[2020-07-08 08:00:02] Credit Warning SMS Yellow Zone log.INFO: Credit warning SMS sent to customer 6Emerald [] []
[2020-07-08 08:00:02] Credit Warning SMS Yellow Zone log.INFO: Sending credit warning SMS to customer 117Neptune [] []
[2020-07-08 08:00:02] Credit Warning SMS Yellow Zone log.INFO: Credit warning SMS sent to customer 117Neptune [] []
[2020-07-08 08:00:02] Credit Warning SMS Yellow Zone log.INFO: Sending credit warning SMS to customer 50Neptune [] []
[2020-07-08 08:00:02] Credit Warning SMS Yellow Zone log.INFO: Credit warning SMS sent to customer 50Neptune [] []
[2020-07-08 08:00:02] Credit Warning SMS Yellow Zone log.INFO: Sending credit warning SMS to customer 126Neptune [] []
[2020-07-08 08:00:02] Credit Warning SMS Yellow Zone log.INFO: Credit warning SMS sent to customer 126Neptune [] []
[2020-07-08 08:00:02] Credit Warning SMS Yellow Zone log.INFO: Sending credit warning SMS to customer 72neptune [] []
[2020-07-08 08:00:02] Credit Warning SMS Yellow Zone log.INFO: Credit warning SMS sent to customer 72neptune [] []
[2020-07-08 08:00:02] Credit Warning SMS Yellow Zone log.INFO: Sending credit warning SMS to customer 37neptune [] []
[2020-07-08 08:00:02] Credit Warning SMS Yellow Zone log.INFO: Credit warning SMS sent to customer 37neptune [] []
[2020-07-08 08:00:02] Credit Warning SMS Yellow Zone log.INFO: Sending credit warning SMS to customer 1Abbott [] []
[2020-07-08 08:00:02] Credit Warning SMS Yellow Zone log.INFO: Credit warning SMS sent to customer 1Abbott [] []
[2020-07-08 08:00:02] Credit Warning SMS Yellow Zone log.INFO: Sending credit warning SMS to customer 10Abbott [] []
[2020-07-08 08:00:02] Credit Warning SMS Yellow Zone log.INFO: Credit warning SMS sent to customer 10Abbott [] []
[2020-07-08 08:00:02] Credit Warning SMS Yellow Zone log.INFO: Sending credit warning SMS to customer 14Abbott [] []
[2020-07-08 08:00:02] Credit Warning SMS Yellow Zone log.INFO: Credit warning SMS sent to customer 14Abbott [] []
[2020-07-08 08:00:02] Credit Warning SMS Yellow Zone log.INFO: Sending credit warning SMS to customer 28Abbott [] []
[2020-07-08 08:00:03] Credit Warning SMS Yellow Zone log.INFO: Credit warning SMS sent to customer 28Abbott [] []
[2020-07-08 08:00:03] Credit Warning SMS Yellow Zone log.INFO: Sending credit warning SMS to customer 40Abbott [] []
[2020-07-08 08:00:03] Credit Warning SMS Yellow Zone log.INFO: Credit warning SMS sent to customer 40Abbott [] []
[2020-07-08 08:00:03] Credit Warning SMS Yellow Zone log.INFO: Sending credit warning SMS to customer 59Abbott [] []
[2020-07-08 08:00:03] Credit Warning SMS Yellow Zone log.INFO: Credit warning SMS sent to customer 59Abbott [] []
[2020-07-08 08:00:03] Credit Warning SMS Yellow Zone log.INFO: Sending credit warning SMS to customer 76Abbott [] []
[2020-07-08 08:00:03] Credit Warning SMS Yellow Zone log.INFO: Credit warning SMS sent to customer 76Abbott [] []
[2020-07-08 08:00:03] Credit Warning SMS Yellow Zone log.INFO: Sending credit warning SMS to customer 88Abbott [] []
[2020-07-08 08:00:03] Credit Warning SMS Yellow Zone log.INFO: Credit warning SMS sent to customer 88Abbott [] []
[2020-07-08 08:00:03] Credit Warning SMS Yellow Zone log.INFO: Sending credit warning SMS to customer 84Abbott [] []
[2020-07-08 08:00:03] Credit Warning SMS Yellow Zone log.INFO: Credit warning SMS sent to customer 84Abbott [] []
[2020-07-08 08:00:03] Credit Warning SMS Yellow Zone log.INFO: Sending credit warning SMS to customer 91Abbott [] []
[2020-07-08 08:00:03] Credit Warning SMS Yellow Zone log.INFO: Credit warning SMS sent to customer 91Abbott [] []
[2020-07-08 08:00:03] Credit Warning SMS Yellow Zone log.INFO: Sending credit warning SMS to customer 71Abbott [] []
[2020-07-08 08:00:03] Credit Warning SMS Yellow Zone log.INFO: Credit warning SMS sent to customer 71Abbott [] []
[2020-07-08 08:00:03] Credit Warning SMS Yellow Zone log.INFO: Sending credit warning SMS to customer 55Abbott [] []
[2020-07-08 08:00:03] Credit Warning SMS Yellow Zone log.INFO: Credit warning SMS sent to customer 55Abbott [] []
[2020-07-08 08:00:03] Credit Warning SMS Yellow Zone log.INFO: Sending credit warning SMS to customer 115Abbott [] []
[2020-07-08 08:00:03] Credit Warning SMS Yellow Zone log.INFO: Credit warning SMS sent to customer 115Abbott [] []
[2020-07-08 08:00:03] Credit Warning SMS Yellow Zone log.INFO: Sending credit warning SMS to customer 146abbott [] []
[2020-07-08 08:00:03] Credit Warning SMS Yellow Zone log.INFO: Credit warning SMS sent to customer 146abbott [] []
[2020-07-08 08:00:03] Credit Warning SMS Yellow Zone log.INFO: Sending credit warning SMS to customer 179abbott [] []
[2020-07-08 08:00:03] Credit Warning SMS Yellow Zone log.INFO: Credit warning SMS sent to customer 179abbott [] []
[2020-07-08 08:00:03] Credit Warning SMS Yellow Zone log.INFO: Sending credit warning SMS to customer 129abbott [] []
[2020-07-08 08:00:03] Credit Warning SMS Yellow Zone log.INFO: Credit warning SMS sent to customer 129abbott [] []
[2020-07-08 08:00:03] Credit Warning SMS Yellow Zone log.INFO: Sending credit warning SMS to customer 13GreenBank [] []
[2020-07-08 08:00:03] Credit Warning SMS Yellow Zone log.INFO: Credit warning SMS sent to customer 13GreenBank [] []
[2020-07-08 08:00:03] Credit Warning SMS Yellow Zone log.INFO: Sending credit warning SMS to customer 66eustace [] []
[2020-07-08 08:00:03] Credit Warning SMS Yellow Zone log.INFO: Credit warning SMS sent to customer 66eustace [] []
[2020-07-08 08:00:03] Credit Warning SMS Yellow Zone log.INFO: Sending credit warning SMS to customer 48eustace [] []
[2020-07-08 08:00:03] Credit Warning SMS Yellow Zone log.INFO: Credit warning SMS sent to customer 48eustace [] []
[2020-07-08 08:00:03] Credit Warning SMS Yellow Zone log.INFO: Sending credit warning SMS to customer 38eustace [] []
[2020-07-08 08:00:03] Credit Warning SMS Yellow Zone log.INFO: Credit warning SMS sent to customer 38eustace [] []
[2020-07-08 08:00:03] Credit Warning SMS Yellow Zone log.INFO: Sending credit warning SMS to customer 144leona [] []
[2020-07-08 08:00:03] Credit Warning SMS Yellow Zone log.INFO: Credit warning SMS sent to customer 144leona [] []
[2020-07-08 08:00:03] Credit Warning SMS Yellow Zone log.INFO: Sending credit warning SMS to customer 5leona [] []
[2020-07-08 08:00:03] Credit Warning SMS Yellow Zone log.INFO: Credit warning SMS sent to customer 5leona [] []
[2020-07-08 08:00:03] Credit Warning SMS Yellow Zone log.INFO: Sending credit warning SMS to customer 60leona [] []
[2020-07-08 08:00:03] Credit Warning SMS Yellow Zone log.INFO: Credit warning SMS sent to customer 60leona [] []
[2020-07-08 08:00:03] Credit Warning SMS Yellow Zone log.INFO: Sending credit warning SMS to customer 38leona [] []
[2020-07-08 08:00:03] Credit Warning SMS Yellow Zone log.INFO: Credit warning SMS sent to customer 38leona [] []
[2020-07-08 08:00:03] Credit Warning SMS Yellow Zone log.INFO: Sending credit warning SMS to customer 81leona [] []
[2020-07-08 08:00:03] Credit Warning SMS Yellow Zone log.INFO: Credit warning SMS sent to customer 81leona [] []
[2020-07-08 08:00:03] Credit Warning SMS Yellow Zone log.INFO: Sending credit warning SMS to customer 110leona [] []
[2020-07-08 08:00:03] Credit Warning SMS Yellow Zone log.INFO: Credit warning SMS sent to customer 110leona [] []
[2020-07-08 08:00:03] Credit Warning SMS Yellow Zone log.INFO: Sending credit warning SMS to customer 76leona [] []
[2020-07-08 08:00:03] Credit Warning SMS Yellow Zone log.INFO: Credit warning SMS sent to customer 76leona [] []
[2020-07-08 08:00:03] Credit Warning SMS Yellow Zone log.INFO: Sending credit warning SMS to customer 108charlotte [] []
[2020-07-08 08:00:03] Credit Warning SMS Yellow Zone log.INFO: Credit warning SMS sent to customer 108charlotte [] []
[2020-07-08 08:00:03] Credit Warning SMS Yellow Zone log.INFO: Sending credit warning SMS to customer 131charlotte [] []
[2020-07-08 08:00:03] Credit Warning SMS Yellow Zone log.INFO: Credit warning SMS sent to customer 131charlotte [] []
[2020-07-08 08:00:03] Credit Warning SMS Yellow Zone log.INFO: Sending credit warning SMS to customer 103charlotte [] []
[2020-07-08 08:00:03] Credit Warning SMS Yellow Zone log.INFO: Credit warning SMS sent to customer 103charlotte [] []
[2020-07-08 08:00:03] Credit Warning SMS Yellow Zone log.INFO: Sending credit warning SMS to customer 117charlotte [] []
[2020-07-08 08:00:03] Credit Warning SMS Yellow Zone log.INFO: Credit warning SMS sent to customer 117charlotte [] []
[2020-07-08 08:00:03] Credit Warning SMS Yellow Zone log.INFO: Sending credit warning SMS to customer 48charlotte [] []
[2020-07-08 08:00:04] Credit Warning SMS Yellow Zone log.INFO: Credit warning SMS sent to customer 48charlotte [] []
[2020-07-08 08:00:04] Credit Warning SMS Yellow Zone log.INFO: Sending credit warning SMS to customer 82charlotte [] []
[2020-07-08 08:00:04] Credit Warning SMS Yellow Zone log.INFO: Credit warning SMS sent to customer 82charlotte [] []
[2020-07-08 08:00:04] Credit Warning SMS Yellow Zone log.INFO: Sending credit warning SMS to customer 93charlotte [] []
[2020-07-08 08:00:04] Credit Warning SMS Yellow Zone log.INFO: Credit warning SMS sent to customer 93charlotte [] []
[2020-07-08 08:00:04] Credit Warning SMS Yellow Zone log.INFO: Sending credit warning SMS to customer 16bridgefield [] []
[2020-07-08 08:00:04] Credit Warning SMS Yellow Zone log.INFO: Credit warning SMS sent to customer 16bridgefield [] []
[2020-07-08 08:00:04] Credit Warning SMS Yellow Zone log.INFO: Sending credit warning SMS to customer 46bridgefield [] []
[2020-07-08 08:00:04] Credit Warning SMS Yellow Zone log.INFO: Credit warning SMS sent to customer 46bridgefield [] []
[2020-07-08 08:00:04] Credit Warning SMS Yellow Zone log.INFO: Sending credit warning SMS to customer 71bridgefield [] []
[2020-07-08 08:00:04] Credit Warning SMS Yellow Zone log.INFO: Credit warning SMS sent to customer 71bridgefield [] []
[2020-07-08 08:00:04] Credit Warning SMS Yellow Zone log.INFO: Sending credit warning SMS to customer 200bridgefield [] []
[2020-07-08 08:00:04] Credit Warning SMS Yellow Zone log.INFO: Credit warning SMS sent to customer 200bridgefield [] []
[2020-07-08 08:00:04] Credit Warning SMS Yellow Zone log.INFO: Sending credit warning SMS to customer 194bridgefield [] []
[2020-07-08 08:00:04] Credit Warning SMS Yellow Zone log.INFO: Credit warning SMS sent to customer 194bridgefield [] []
[2020-07-08 08:00:04] Credit Warning SMS Yellow Zone log.INFO: Sending credit warning SMS to customer 211bridgefield [] []
[2020-07-08 08:00:04] Credit Warning SMS Yellow Zone log.INFO: Credit warning SMS sent to customer 211bridgefield [] []
[2020-07-08 08:00:04] Credit Warning SMS Yellow Zone log.INFO: Sending credit warning SMS to customer 159bridgefield [] []
[2020-07-08 08:00:04] Credit Warning SMS Yellow Zone log.INFO: Credit warning SMS sent to customer 159bridgefield [] []
[2020-07-08 08:00:04] Credit Warning SMS Yellow Zone log.INFO: Sending credit warning SMS to customer 210bridgefield [] []
[2020-07-08 08:00:04] Credit Warning SMS Yellow Zone log.INFO: Credit warning SMS sent to customer 210bridgefield [] []
[2020-07-08 08:00:04] Credit Warning SMS Yellow Zone log.INFO: Sending credit warning SMS to customer 167bridgefield [] []
[2020-07-08 08:00:04] Credit Warning SMS Yellow Zone log.INFO: Credit warning SMS sent to customer 167bridgefield [] []
[2020-07-08 08:00:04] Credit Warning SMS Yellow Zone log.INFO: Sending credit warning SMS to customer 22pappan [] []
[2020-07-08 08:00:04] Credit Warning SMS Yellow Zone log.INFO: Credit warning SMS sent to customer 22pappan [] []
[2020-07-08 08:00:04] Credit Warning SMS Yellow Zone log.INFO: Sending credit warning SMS to customer 6pappan [] []
[2020-07-08 08:00:04] Credit Warning SMS Yellow Zone log.INFO: Credit warning SMS sent to customer 6pappan [] []
[2020-07-08 08:00:04] Credit Warning SMS Yellow Zone log.INFO: Sending credit warning SMS to customer 121fairways [] []
[2020-07-08 08:00:04] Credit Warning SMS Yellow Zone log.INFO: Credit warning SMS sent to customer 121fairways [] []
[2020-07-08 08:00:04] Credit Warning SMS Yellow Zone log.INFO: Sending credit warning SMS to customer 117fairways [] []
[2020-07-08 08:00:04] Credit Warning SMS Yellow Zone log.INFO: Credit warning SMS sent to customer 117fairways [] []
[2020-07-08 08:00:04] Credit Warning SMS Yellow Zone log.INFO: Sending credit warning SMS to customer 133fairways [] []
[2020-07-08 08:00:04] Credit Warning SMS Yellow Zone log.INFO: Credit warning SMS sent to customer 133fairways [] []
[2020-07-08 08:00:04] Credit Warning SMS Yellow Zone log.INFO: Sending credit warning SMS to customer 102fairways [] []
[2020-07-08 08:00:04] Credit Warning SMS Yellow Zone log.INFO: Credit warning SMS sent to customer 102fairways [] []
[2020-07-08 08:00:04] Credit Warning SMS Yellow Zone log.INFO: Sending credit warning SMS to customer 151fairways [] []
[2020-07-08 08:00:04] Credit Warning SMS Yellow Zone log.INFO: Credit warning SMS sent to customer 151fairways [] []
[2020-07-08 08:00:04] Credit Warning SMS Yellow Zone log.INFO: Sending credit warning SMS to customer 56fairways [] []
[2020-07-08 08:00:04] Credit Warning SMS Yellow Zone log.INFO: Credit warning SMS sent to customer 56fairways [] []
[2020-07-08 08:00:04] Credit Warning SMS Yellow Zone log.INFO: Sending credit warning SMS to customer h9fairways [] []
[2020-07-08 08:00:04] Credit Warning SMS Yellow Zone log.INFO: Credit warning SMS sent to customer h9fairways [] []
[2020-07-08 08:00:04] Credit Warning SMS Yellow Zone log.INFO: Sending credit warning SMS to customer h27fairways [] []
[2020-07-08 08:00:04] Credit Warning SMS Yellow Zone log.INFO: Credit warning SMS sent to customer h27fairways [] []
[2020-07-08 08:00:04] Credit Warning SMS Yellow Zone log.INFO: Sending credit warning SMS to customer 6herberthill [] []
[2020-07-08 08:00:04] Credit Warning SMS Yellow Zone log.INFO: Credit warning SMS sent to customer 6herberthill [] []
[2020-07-08 08:00:04] Credit Warning SMS Yellow Zone log.INFO: Sending credit warning SMS to customer 23herberthill [] []
[2020-07-08 08:00:04] Credit Warning SMS Yellow Zone log.INFO: Credit warning SMS sent to customer 23herberthill [] []
[2020-07-08 08:00:04] Credit Warning SMS Yellow Zone log.INFO: Sending credit warning SMS to customer 38herberthill [] []
[2020-07-08 08:00:04] Credit Warning SMS Yellow Zone log.INFO: Credit warning SMS sent to customer 38herberthill [] []
[2020-07-08 08:00:04] Credit Warning SMS Yellow Zone log.INFO: Sending credit warning SMS to customer 27herberthill [] []
[2020-07-08 08:00:04] Credit Warning SMS Yellow Zone log.INFO: Credit warning SMS sent to customer 27herberthill [] []
[2020-07-08 08:00:04] Credit Warning SMS Yellow Zone log.INFO: Sending credit warning SMS to customer 39herberthill [] []
[2020-07-08 08:00:04] Credit Warning SMS Yellow Zone log.INFO: Credit warning SMS sent to customer 39herberthill [] []
[2020-07-08 08:00:04] Credit Warning SMS Yellow Zone log.INFO: Sending credit warning SMS to customer 72herberthill [] []
[2020-07-08 08:00:05] Credit Warning SMS Yellow Zone log.INFO: Credit warning SMS sent to customer 72herberthill [] []
[2020-07-08 08:00:05] Credit Warning SMS Yellow Zone log.INFO: Sending credit warning SMS to customer 65marina [] []
[2020-07-08 08:00:05] Credit Warning SMS Yellow Zone log.INFO: Credit warning SMS sent to customer 65marina [] []
[2020-07-08 08:00:05] Credit Warning SMS Yellow Zone log.INFO: Sent Credit warning SMS to 70 customers! [] []
