[2020-06-23 08:00:02] Credit Warning SMS Yellow Zone log.INFO: Sending credit warning SMS to customer 15sundayswell [] []
[2020-06-23 08:00:02] Credit Warning SMS Yellow Zone log.INFO: Credit warning SMS sent to customer 15sundayswell [] []
[2020-06-23 08:00:02] Credit Warning SMS Yellow Zone log.INFO: Sending credit warning SMS to customer 21garryknock [] []
[2020-06-23 08:00:02] Credit Warning SMS Yellow Zone log.INFO: Credit warning SMS sent to customer 21garryknock [] []
[2020-06-23 08:00:02] Credit Warning SMS Yellow Zone log.INFO: Sending credit warning SMS to customer 24garryknock [] []
[2020-06-23 08:00:02] Credit Warning SMS Yellow Zone log.INFO: Credit warning SMS sent to customer 24garryknock [] []
[2020-06-23 08:00:02] Credit Warning SMS Yellow Zone log.INFO: Sending credit warning SMS to customer 5brackenview [] []
[2020-06-23 08:00:02] Credit Warning SMS Yellow Zone log.INFO: Credit warning SMS sent to customer 5brackenview [] []
[2020-06-23 08:00:02] Credit Warning SMS Yellow Zone log.INFO: Sending credit warning SMS to customer 13sundayswell [] []
[2020-06-23 08:00:02] Credit Warning SMS Yellow Zone log.INFO: Credit warning SMS sent to customer 13sundayswell [] []
[2020-06-23 08:00:02] Credit Warning SMS Yellow Zone log.INFO: Sending credit warning SMS to customer 15Emerald [] []
[2020-06-23 08:00:02] Credit Warning SMS Yellow Zone log.INFO: Credit warning SMS sent to customer 15Emerald [] []
[2020-06-23 08:00:02] Credit Warning SMS Yellow Zone log.INFO: Sending credit warning SMS to customer 40Emerald [] []
[2020-06-23 08:00:02] Credit Warning SMS Yellow Zone log.INFO: Credit warning SMS sent to customer 40Emerald [] []
[2020-06-23 08:00:02] Credit Warning SMS Yellow Zone log.INFO: Sending credit warning SMS to customer 18Emerald [] []
[2020-06-23 08:00:02] Credit Warning SMS Yellow Zone log.INFO: Credit warning SMS sent to customer 18Emerald [] []
[2020-06-23 08:00:02] Credit Warning SMS Yellow Zone log.INFO: Sending credit warning SMS to customer 30Emerald [] []
[2020-06-23 08:00:02] Credit Warning SMS Yellow Zone log.INFO: Credit warning SMS sent to customer 30Emerald [] []
[2020-06-23 08:00:02] Credit Warning SMS Yellow Zone log.INFO: Sending credit warning SMS to customer 17neptune [] []
[2020-06-23 08:00:02] Credit Warning SMS Yellow Zone log.INFO: Credit warning SMS sent to customer 17neptune [] []
[2020-06-23 08:00:02] Credit Warning SMS Yellow Zone log.INFO: Sending credit warning SMS to customer 115Neptune [] []
[2020-06-23 08:00:02] Credit Warning SMS Yellow Zone log.INFO: Credit warning SMS sent to customer 115Neptune [] []
[2020-06-23 08:00:02] Credit Warning SMS Yellow Zone log.INFO: Sending credit warning SMS to customer 148Neptune [] []
[2020-06-23 08:00:02] Credit Warning SMS Yellow Zone log.INFO: Credit warning SMS sent to customer 148Neptune [] []
[2020-06-23 08:00:02] Credit Warning SMS Yellow Zone log.INFO: Sending credit warning SMS to customer 101Neptune [] []
[2020-06-23 08:00:02] Credit Warning SMS Yellow Zone log.INFO: Credit warning SMS sent to customer 101Neptune [] []
[2020-06-23 08:00:02] Credit Warning SMS Yellow Zone log.INFO: Sending credit warning SMS to customer 109Neptune [] []
[2020-06-23 08:00:02] Credit Warning SMS Yellow Zone log.INFO: Credit warning SMS sent to customer 109Neptune [] []
[2020-06-23 08:00:02] Credit Warning SMS Yellow Zone log.INFO: Sending credit warning SMS to customer 7neptune [] []
[2020-06-23 08:00:02] Credit Warning SMS Yellow Zone log.INFO: Credit warning SMS sent to customer 7neptune [] []
[2020-06-23 08:00:02] Credit Warning SMS Yellow Zone log.INFO: Sending credit warning SMS to customer 140Neptune [] []
[2020-06-23 08:00:02] Credit Warning SMS Yellow Zone log.INFO: Credit warning SMS sent to customer 140Neptune [] []
[2020-06-23 08:00:02] Credit Warning SMS Yellow Zone log.INFO: Sending credit warning SMS to customer 134Neptune [] []
[2020-06-23 08:00:02] Credit Warning SMS Yellow Zone log.INFO: Credit warning SMS sent to customer 134Neptune [] []
[2020-06-23 08:00:02] Credit Warning SMS Yellow Zone log.INFO: Sending credit warning SMS to customer 8Abbott [] []
[2020-06-23 08:00:02] Credit Warning SMS Yellow Zone log.INFO: Credit warning SMS sent to customer 8Abbott [] []
[2020-06-23 08:00:02] Credit Warning SMS Yellow Zone log.INFO: Sending credit warning SMS to customer 1Abbott [] []
[2020-06-23 08:00:03] Credit Warning SMS Yellow Zone log.INFO: Credit warning SMS sent to customer 1Abbott [] []
[2020-06-23 08:00:03] Credit Warning SMS Yellow Zone log.INFO: Sending credit warning SMS to customer 28Abbott [] []
[2020-06-23 08:00:03] Credit Warning SMS Yellow Zone log.INFO: Credit warning SMS sent to customer 28Abbott [] []
[2020-06-23 08:00:03] Credit Warning SMS Yellow Zone log.INFO: Sending credit warning SMS to customer 47Abbott [] []
[2020-06-23 08:00:03] Credit Warning SMS Yellow Zone log.INFO: Credit warning SMS sent to customer 47Abbott [] []
[2020-06-23 08:00:03] Credit Warning SMS Yellow Zone log.INFO: Sending credit warning SMS to customer 87Abbott [] []
[2020-06-23 08:00:03] Credit Warning SMS Yellow Zone log.INFO: Credit warning SMS sent to customer 87Abbott [] []
[2020-06-23 08:00:03] Credit Warning SMS Yellow Zone log.INFO: Sending credit warning SMS to customer 110Abbott [] []
[2020-06-23 08:00:03] Credit Warning SMS Yellow Zone log.INFO: Credit warning SMS sent to customer 110Abbott [] []
[2020-06-23 08:00:03] Credit Warning SMS Yellow Zone log.INFO: Sending credit warning SMS to customer 98Abbott [] []
[2020-06-23 08:00:03] Credit Warning SMS Yellow Zone log.INFO: Credit warning SMS sent to customer 98Abbott [] []
[2020-06-23 08:00:03] Credit Warning SMS Yellow Zone log.INFO: Sending credit warning SMS to customer 95Abbott [] []
[2020-06-23 08:00:03] Credit Warning SMS Yellow Zone log.INFO: Credit warning SMS sent to customer 95Abbott [] []
[2020-06-23 08:00:03] Credit Warning SMS Yellow Zone log.INFO: Sending credit warning SMS to customer 126abbott [] []
[2020-06-23 08:00:03] Credit Warning SMS Yellow Zone log.INFO: Credit warning SMS sent to customer 126abbott [] []
[2020-06-23 08:00:03] Credit Warning SMS Yellow Zone log.INFO: Sending credit warning SMS to customer 1GreenBank [] []
[2020-06-23 08:00:03] Credit Warning SMS Yellow Zone log.INFO: Credit warning SMS sent to customer 1GreenBank [] []
[2020-06-23 08:00:03] Credit Warning SMS Yellow Zone log.INFO: Sending credit warning SMS to customer 21eustace [] []
[2020-06-23 08:00:03] Credit Warning SMS Yellow Zone log.INFO: Credit warning SMS sent to customer 21eustace [] []
[2020-06-23 08:00:03] Credit Warning SMS Yellow Zone log.INFO: Sending credit warning SMS to customer 74eustace [] []
[2020-06-23 08:00:03] Credit Warning SMS Yellow Zone log.INFO: Credit warning SMS sent to customer 74eustace [] []
[2020-06-23 08:00:03] Credit Warning SMS Yellow Zone log.INFO: Sending credit warning SMS to customer 3eustace [] []
[2020-06-23 08:00:03] Credit Warning SMS Yellow Zone log.INFO: Credit warning SMS sent to customer 3eustace [] []
[2020-06-23 08:00:03] Credit Warning SMS Yellow Zone log.INFO: Sending credit warning SMS to customer 5leona [] []
[2020-06-23 08:00:03] Credit Warning SMS Yellow Zone log.INFO: Credit warning SMS sent to customer 5leona [] []
[2020-06-23 08:00:03] Credit Warning SMS Yellow Zone log.INFO: Sending credit warning SMS to customer 16leona [] []
[2020-06-23 08:00:03] Credit Warning SMS Yellow Zone log.INFO: Credit warning SMS sent to customer 16leona [] []
[2020-06-23 08:00:03] Credit Warning SMS Yellow Zone log.INFO: Sending credit warning SMS to customer 45leona [] []
[2020-06-23 08:00:03] Credit Warning SMS Yellow Zone log.INFO: Credit warning SMS sent to customer 45leona [] []
[2020-06-23 08:00:03] Credit Warning SMS Yellow Zone log.INFO: Sending credit warning SMS to customer 37leona [] []
[2020-06-23 08:00:03] Credit Warning SMS Yellow Zone log.INFO: Credit warning SMS sent to customer 37leona [] []
[2020-06-23 08:00:03] Credit Warning SMS Yellow Zone log.INFO: Sending credit warning SMS to customer 82leona [] []
[2020-06-23 08:00:03] Credit Warning SMS Yellow Zone log.INFO: Credit warning SMS sent to customer 82leona [] []
[2020-06-23 08:00:03] Credit Warning SMS Yellow Zone log.INFO: Sending credit warning SMS to customer 149charlotte [] []
[2020-06-23 08:00:03] Credit Warning SMS Yellow Zone log.INFO: Credit warning SMS sent to customer 149charlotte [] []
[2020-06-23 08:00:03] Credit Warning SMS Yellow Zone log.INFO: Sending credit warning SMS to customer 153charlotte [] []
[2020-06-23 08:00:03] Credit Warning SMS Yellow Zone log.INFO: Credit warning SMS sent to customer 153charlotte [] []
[2020-06-23 08:00:03] Credit Warning SMS Yellow Zone log.INFO: Sending credit warning SMS to customer 144charlotte [] []
[2020-06-23 08:00:03] Credit Warning SMS Yellow Zone log.INFO: Credit warning SMS sent to customer 144charlotte [] []
[2020-06-23 08:00:03] Credit Warning SMS Yellow Zone log.INFO: Sending credit warning SMS to customer 42charlotte [] []
[2020-06-23 08:00:03] Credit Warning SMS Yellow Zone log.INFO: Credit warning SMS sent to customer 42charlotte [] []
[2020-06-23 08:00:03] Credit Warning SMS Yellow Zone log.INFO: Sending credit warning SMS to customer 59charlotte [] []
[2020-06-23 08:00:03] Credit Warning SMS Yellow Zone log.INFO: Credit warning SMS sent to customer 59charlotte [] []
[2020-06-23 08:00:03] Credit Warning SMS Yellow Zone log.INFO: Sending credit warning SMS to customer 6bridgefield [] []
[2020-06-23 08:00:03] Credit Warning SMS Yellow Zone log.INFO: Credit warning SMS sent to customer 6bridgefield [] []
[2020-06-23 08:00:03] Credit Warning SMS Yellow Zone log.INFO: Sending credit warning SMS to customer 69bridgefield [] []
[2020-06-23 08:00:03] Credit Warning SMS Yellow Zone log.INFO: Credit warning SMS sent to customer 69bridgefield [] []
[2020-06-23 08:00:03] Credit Warning SMS Yellow Zone log.INFO: Sending credit warning SMS to customer 52bridgefield [] []
[2020-06-23 08:00:03] Credit Warning SMS Yellow Zone log.INFO: Credit warning SMS sent to customer 52bridgefield [] []
[2020-06-23 08:00:03] Credit Warning SMS Yellow Zone log.INFO: Sending credit warning SMS to customer 101bridgefield [] []
[2020-06-23 08:00:03] Credit Warning SMS Yellow Zone log.INFO: Credit warning SMS sent to customer 101bridgefield [] []
[2020-06-23 08:00:03] Credit Warning SMS Yellow Zone log.INFO: Sending credit warning SMS to customer 80bridgefield [] []
[2020-06-23 08:00:03] Credit Warning SMS Yellow Zone log.INFO: Credit warning SMS sent to customer 80bridgefield [] []
[2020-06-23 08:00:03] Credit Warning SMS Yellow Zone log.INFO: Sending credit warning SMS to customer 67bridgefield [] []
[2020-06-23 08:00:03] Credit Warning SMS Yellow Zone log.INFO: Credit warning SMS sent to customer 67bridgefield [] []
[2020-06-23 08:00:03] Credit Warning SMS Yellow Zone log.INFO: Sending credit warning SMS to customer 185bridgefield [] []
[2020-06-23 08:00:03] Credit Warning SMS Yellow Zone log.INFO: Credit warning SMS sent to customer 185bridgefield [] []
[2020-06-23 08:00:03] Credit Warning SMS Yellow Zone log.INFO: Sending credit warning SMS to customer 186bridgefield [] []
[2020-06-23 08:00:04] Credit Warning SMS Yellow Zone log.INFO: Credit warning SMS sent to customer 186bridgefield [] []
[2020-06-23 08:00:04] Credit Warning SMS Yellow Zone log.INFO: Sending credit warning SMS to customer 16pappan [] []
[2020-06-23 08:00:04] Credit Warning SMS Yellow Zone log.INFO: Credit warning SMS sent to customer 16pappan [] []
[2020-06-23 08:00:04] Credit Warning SMS Yellow Zone log.INFO: Sending credit warning SMS to customer 115fairways [] []
[2020-06-23 08:00:04] Credit Warning SMS Yellow Zone log.INFO: Credit warning SMS sent to customer 115fairways [] []
[2020-06-23 08:00:04] Credit Warning SMS Yellow Zone log.INFO: Sending credit warning SMS to customer 125fairways [] []
[2020-06-23 08:00:04] Credit Warning SMS Yellow Zone log.INFO: Credit warning SMS sent to customer 125fairways [] []
[2020-06-23 08:00:04] Credit Warning SMS Yellow Zone log.INFO: Sending credit warning SMS to customer 133fairways [] []
[2020-06-23 08:00:04] Credit Warning SMS Yellow Zone log.INFO: Credit warning SMS sent to customer 133fairways [] []
[2020-06-23 08:00:04] Credit Warning SMS Yellow Zone log.INFO: Sending credit warning SMS to customer 76fairways [] []
[2020-06-23 08:00:04] Credit Warning SMS Yellow Zone log.INFO: Credit warning SMS sent to customer 76fairways [] []
[2020-06-23 08:00:04] Credit Warning SMS Yellow Zone log.INFO: Sending credit warning SMS to customer 12fairways [] []
[2020-06-23 08:00:04] Credit Warning SMS Yellow Zone log.INFO: Credit warning SMS sent to customer 12fairways [] []
[2020-06-23 08:00:04] Credit Warning SMS Yellow Zone log.INFO: Sending credit warning SMS to customer 36fairways [] []
[2020-06-23 08:00:04] Credit Warning SMS Yellow Zone log.INFO: Credit warning SMS sent to customer 36fairways [] []
[2020-06-23 08:00:04] Credit Warning SMS Yellow Zone log.INFO: Sending credit warning SMS to customer 47fairways [] []
[2020-06-23 08:00:04] Credit Warning SMS Yellow Zone log.INFO: Credit warning SMS sent to customer 47fairways [] []
[2020-06-23 08:00:04] Credit Warning SMS Yellow Zone log.INFO: Sending credit warning SMS to customer 7fairways [] []
[2020-06-23 08:00:04] Credit Warning SMS Yellow Zone log.INFO: Credit warning SMS sent to customer 7fairways [] []
[2020-06-23 08:00:04] Credit Warning SMS Yellow Zone log.INFO: Sending credit warning SMS to customer h44fairways [] []
[2020-06-23 08:00:04] Credit Warning SMS Yellow Zone log.INFO: Credit warning SMS sent to customer h44fairways [] []
[2020-06-23 08:00:04] Credit Warning SMS Yellow Zone log.INFO: Sending credit warning SMS to customer h18fairways [] []
[2020-06-23 08:00:04] Credit Warning SMS Yellow Zone log.INFO: Credit warning SMS sent to customer h18fairways [] []
[2020-06-23 08:00:04] Credit Warning SMS Yellow Zone log.INFO: Sending credit warning SMS to customer 38fairways [] []
[2020-06-23 08:00:04] Credit Warning SMS Yellow Zone log.INFO: Credit warning SMS sent to customer 38fairways [] []
[2020-06-23 08:00:04] Credit Warning SMS Yellow Zone log.INFO: Sending credit warning SMS to customer h33fairways [] []
[2020-06-23 08:00:04] Credit Warning SMS Yellow Zone log.INFO: Credit warning SMS sent to customer h33fairways [] []
[2020-06-23 08:00:04] Credit Warning SMS Yellow Zone log.INFO: Sending credit warning SMS to customer h38fairways [] []
[2020-06-23 08:00:04] Credit Warning SMS Yellow Zone log.INFO: Credit warning SMS sent to customer h38fairways [] []
[2020-06-23 08:00:04] Credit Warning SMS Yellow Zone log.INFO: Sending credit warning SMS to customer 54herberthill [] []
[2020-06-23 08:00:04] Credit Warning SMS Yellow Zone log.INFO: Credit warning SMS sent to customer 54herberthill [] []
[2020-06-23 08:00:04] Credit Warning SMS Yellow Zone log.INFO: Sending credit warning SMS to customer 23herberthill [] []
[2020-06-23 08:00:04] Credit Warning SMS Yellow Zone log.INFO: Credit warning SMS sent to customer 23herberthill [] []
[2020-06-23 08:00:04] Credit Warning SMS Yellow Zone log.INFO: Sending credit warning SMS to customer 21herberthill [] []
[2020-06-23 08:00:04] Credit Warning SMS Yellow Zone log.INFO: Credit warning SMS sent to customer 21herberthill [] []
[2020-06-23 08:00:04] Credit Warning SMS Yellow Zone log.INFO: Sent Credit warning SMS to 65 customers! [] []
