[2020-05-02 10:30:01] Credit Warning SMS Yellow Zone log.INFO: Sending credit warning SMS to customer 4brackenview [] []
[2020-05-02 10:30:01] Credit Warning SMS Yellow Zone log.INFO: Credit warning SMS sent to customer 4brackenview [] []
[2020-05-02 10:30:01] Credit Warning SMS Yellow Zone log.INFO: Sending credit warning SMS to customer 9garryknock [] []
[2020-05-02 10:30:02] Credit Warning SMS Yellow Zone log.INFO: Credit warning SMS sent to customer 9garryknock [] []
[2020-05-02 10:30:02] Credit Warning SMS Yellow Zone log.INFO: Sending credit warning SMS to customer 7garryknock [] []
[2020-05-02 10:30:02] Credit Warning SMS Yellow Zone log.INFO: Credit warning SMS sent to customer 7garryknock [] []
[2020-05-02 10:30:02] Credit Warning SMS Yellow Zone log.INFO: Sending credit warning SMS to customer 5garryknock [] []
[2020-05-02 10:30:02] Credit Warning SMS Yellow Zone log.INFO: Credit warning SMS sent to customer 5garryknock [] []
[2020-05-02 10:30:02] Credit Warning SMS Yellow Zone log.INFO: Sending credit warning SMS to customer 39Emerald [] []
[2020-05-02 10:30:02] Credit Warning SMS Yellow Zone log.INFO: Credit warning SMS sent to customer 39Emerald [] []
[2020-05-02 10:30:02] Credit Warning SMS Yellow Zone log.INFO: Sending credit warning SMS to customer 1Emerald [] []
[2020-05-02 10:30:02] Credit Warning SMS Yellow Zone log.INFO: Credit warning SMS sent to customer 1Emerald [] []
[2020-05-02 10:30:02] Credit Warning SMS Yellow Zone log.INFO: Sending credit warning SMS to customer 1neptune [] []
[2020-05-02 10:30:02] Credit Warning SMS Yellow Zone log.INFO: Credit warning SMS sent to customer 1neptune [] []
[2020-05-02 10:30:02] Credit Warning SMS Yellow Zone log.INFO: Sending credit warning SMS to customer 117Neptune [] []
[2020-05-02 10:30:02] Credit Warning SMS Yellow Zone log.INFO: Credit warning SMS sent to customer 117Neptune [] []
[2020-05-02 10:30:02] Credit Warning SMS Yellow Zone log.INFO: Sending credit warning SMS to customer 151Neptune [] []
[2020-05-02 10:30:02] Credit Warning SMS Yellow Zone log.INFO: Credit warning SMS sent to customer 151Neptune [] []
[2020-05-02 10:30:02] Credit Warning SMS Yellow Zone log.INFO: Sending credit warning SMS to customer 159Neptune [] []
[2020-05-02 10:30:02] Credit Warning SMS Yellow Zone log.INFO: Credit warning SMS sent to customer 159Neptune [] []
[2020-05-02 10:30:02] Credit Warning SMS Yellow Zone log.INFO: Sending credit warning SMS to customer 153Neptune [] []
[2020-05-02 10:30:02] Credit Warning SMS Yellow Zone log.INFO: Credit warning SMS sent to customer 153Neptune [] []
[2020-05-02 10:30:02] Credit Warning SMS Yellow Zone log.INFO: Sending credit warning SMS to customer 140Neptune [] []
[2020-05-02 10:30:02] Credit Warning SMS Yellow Zone log.INFO: Credit warning SMS sent to customer 140Neptune [] []
[2020-05-02 10:30:02] Credit Warning SMS Yellow Zone log.INFO: Sending credit warning SMS to customer 21neptune [] []
[2020-05-02 10:30:02] Credit Warning SMS Yellow Zone log.INFO: Credit warning SMS sent to customer 21neptune [] []
[2020-05-02 10:30:02] Credit Warning SMS Yellow Zone log.INFO: Sending credit warning SMS to customer 92Neptune [] []
[2020-05-02 10:30:02] Credit Warning SMS Yellow Zone log.INFO: Credit warning SMS sent to customer 92Neptune [] []
[2020-05-02 10:30:02] Credit Warning SMS Yellow Zone log.INFO: Sending credit warning SMS to customer 62Neptune [] []
[2020-05-02 10:30:02] Credit Warning SMS Yellow Zone log.INFO: Credit warning SMS sent to customer 62Neptune [] []
[2020-05-02 10:30:02] Credit Warning SMS Yellow Zone log.INFO: Sending credit warning SMS to customer 4Abbott [] []
[2020-05-02 10:30:02] Credit Warning SMS Yellow Zone log.INFO: Credit warning SMS sent to customer 4Abbott [] []
[2020-05-02 10:30:02] Credit Warning SMS Yellow Zone log.INFO: Sending credit warning SMS to customer 10Abbott [] []
[2020-05-02 10:30:02] Credit Warning SMS Yellow Zone log.INFO: Credit warning SMS sent to customer 10Abbott [] []
[2020-05-02 10:30:02] Credit Warning SMS Yellow Zone log.INFO: Sending credit warning SMS to customer 12Abbott [] []
[2020-05-02 10:30:02] Credit Warning SMS Yellow Zone log.INFO: Credit warning SMS sent to customer 12Abbott [] []
[2020-05-02 10:30:02] Credit Warning SMS Yellow Zone log.INFO: Sending credit warning SMS to customer 28Abbott [] []
[2020-05-02 10:30:02] Credit Warning SMS Yellow Zone log.INFO: Credit warning SMS sent to customer 28Abbott [] []
[2020-05-02 10:30:02] Credit Warning SMS Yellow Zone log.INFO: Sending credit warning SMS to customer 45Abbott [] []
[2020-05-02 10:30:02] Credit Warning SMS Yellow Zone log.INFO: Credit warning SMS sent to customer 45Abbott [] []
[2020-05-02 10:30:02] Credit Warning SMS Yellow Zone log.INFO: Sending credit warning SMS to customer 6Abbott [] []
[2020-05-02 10:30:02] Credit Warning SMS Yellow Zone log.INFO: Credit warning SMS sent to customer 6Abbott [] []
[2020-05-02 10:30:02] Credit Warning SMS Yellow Zone log.INFO: Sending credit warning SMS to customer 74Abbott [] []
[2020-05-02 10:30:02] Credit Warning SMS Yellow Zone log.INFO: Credit warning SMS sent to customer 74Abbott [] []
[2020-05-02 10:30:02] Credit Warning SMS Yellow Zone log.INFO: Sending credit warning SMS to customer 75Abbott [] []
[2020-05-02 10:30:02] Credit Warning SMS Yellow Zone log.INFO: Credit warning SMS sent to customer 75Abbott [] []
[2020-05-02 10:30:02] Credit Warning SMS Yellow Zone log.INFO: Sending credit warning SMS to customer 68Abbott [] []
[2020-05-02 10:30:02] Credit Warning SMS Yellow Zone log.INFO: Credit warning SMS sent to customer 68Abbott [] []
[2020-05-02 10:30:02] Credit Warning SMS Yellow Zone log.INFO: Sending credit warning SMS to customer 90Abbott [] []
[2020-05-02 10:30:02] Credit Warning SMS Yellow Zone log.INFO: Credit warning SMS sent to customer 90Abbott [] []
[2020-05-02 10:30:02] Credit Warning SMS Yellow Zone log.INFO: Sending credit warning SMS to customer 91Abbott [] []
[2020-05-02 10:30:02] Credit Warning SMS Yellow Zone log.INFO: Credit warning SMS sent to customer 91Abbott [] []
[2020-05-02 10:30:02] Credit Warning SMS Yellow Zone log.INFO: Sending credit warning SMS to customer 71Abbott [] []
[2020-05-02 10:30:02] Credit Warning SMS Yellow Zone log.INFO: Credit warning SMS sent to customer 71Abbott [] []
[2020-05-02 10:30:02] Credit Warning SMS Yellow Zone log.INFO: Sending credit warning SMS to customer 105Abbott [] []
[2020-05-02 10:30:02] Credit Warning SMS Yellow Zone log.INFO: Credit warning SMS sent to customer 105Abbott [] []
[2020-05-02 10:30:02] Credit Warning SMS Yellow Zone log.INFO: Sending credit warning SMS to customer 109Abbott [] []
[2020-05-02 10:30:02] Credit Warning SMS Yellow Zone log.INFO: Credit warning SMS sent to customer 109Abbott [] []
[2020-05-02 10:30:02] Credit Warning SMS Yellow Zone log.INFO: Sending credit warning SMS to customer 95Abbott [] []
[2020-05-02 10:30:03] Credit Warning SMS Yellow Zone log.INFO: Credit warning SMS sent to customer 95Abbott [] []
[2020-05-02 10:30:03] Credit Warning SMS Yellow Zone log.INFO: Sending credit warning SMS to customer 141abbott [] []
[2020-05-02 10:30:03] Credit Warning SMS Yellow Zone log.INFO: Credit warning SMS sent to customer 141abbott [] []
[2020-05-02 10:30:03] Credit Warning SMS Yellow Zone log.INFO: Sending credit warning SMS to customer 149abbott [] []
[2020-05-02 10:30:03] Credit Warning SMS Yellow Zone log.INFO: Credit warning SMS sent to customer 149abbott [] []
[2020-05-02 10:30:03] Credit Warning SMS Yellow Zone log.INFO: Sending credit warning SMS to customer 1GreenBank [] []
[2020-05-02 10:30:03] Credit Warning SMS Yellow Zone log.INFO: Credit warning SMS sent to customer 1GreenBank [] []
[2020-05-02 10:30:03] Credit Warning SMS Yellow Zone log.INFO: Sending credit warning SMS to customer 147abbott [] []
[2020-05-02 10:30:03] Credit Warning SMS Yellow Zone log.INFO: Credit warning SMS sent to customer 147abbott [] []
[2020-05-02 10:30:03] Credit Warning SMS Yellow Zone log.INFO: Sending credit warning SMS to customer 5leona [] []
[2020-05-02 10:30:03] Credit Warning SMS Yellow Zone log.INFO: Credit warning SMS sent to customer 5leona [] []
[2020-05-02 10:30:03] Credit Warning SMS Yellow Zone log.INFO: Sending credit warning SMS to customer 58leona [] []
[2020-05-02 10:30:03] Credit Warning SMS Yellow Zone log.INFO: Credit warning SMS sent to customer 58leona [] []
[2020-05-02 10:30:03] Credit Warning SMS Yellow Zone log.INFO: Sending credit warning SMS to customer 41leona [] []
[2020-05-02 10:30:03] Credit Warning SMS Yellow Zone log.INFO: Credit warning SMS sent to customer 41leona [] []
[2020-05-02 10:30:03] Credit Warning SMS Yellow Zone log.INFO: Sending credit warning SMS to customer 155leona [] []
[2020-05-02 10:30:03] Credit Warning SMS Yellow Zone log.INFO: Credit warning SMS sent to customer 155leona [] []
[2020-05-02 10:30:03] Credit Warning SMS Yellow Zone log.INFO: Sending credit warning SMS to customer 108charlotte [] []
[2020-05-02 10:30:03] Credit Warning SMS Yellow Zone log.INFO: Credit warning SMS sent to customer 108charlotte [] []
[2020-05-02 10:30:03] Credit Warning SMS Yellow Zone log.INFO: Sending credit warning SMS to customer 153charlotte [] []
[2020-05-02 10:30:03] Credit Warning SMS Yellow Zone log.INFO: Credit warning SMS sent to customer 153charlotte [] []
[2020-05-02 10:30:03] Credit Warning SMS Yellow Zone log.INFO: Sending credit warning SMS to customer 144charlotte [] []
[2020-05-02 10:30:03] Credit Warning SMS Yellow Zone log.INFO: Credit warning SMS sent to customer 144charlotte [] []
[2020-05-02 10:30:03] Credit Warning SMS Yellow Zone log.INFO: Sending credit warning SMS to customer 52charlotte [] []
[2020-05-02 10:30:03] Credit Warning SMS Yellow Zone log.INFO: Credit warning SMS sent to customer 52charlotte [] []
[2020-05-02 10:30:03] Credit Warning SMS Yellow Zone log.INFO: Sending credit warning SMS to customer 37charlotte [] []
[2020-05-02 10:30:03] Credit Warning SMS Yellow Zone log.INFO: Credit warning SMS sent to customer 37charlotte [] []
[2020-05-02 10:30:03] Credit Warning SMS Yellow Zone log.INFO: Sending credit warning SMS to customer 35charlotte [] []
[2020-05-02 10:30:03] Credit Warning SMS Yellow Zone log.INFO: Credit warning SMS sent to customer 35charlotte [] []
[2020-05-02 10:30:03] Credit Warning SMS Yellow Zone log.INFO: Sending credit warning SMS to customer 96charlotte [] []
[2020-05-02 10:30:03] Credit Warning SMS Yellow Zone log.INFO: Credit warning SMS sent to customer 96charlotte [] []
[2020-05-02 10:30:03] Credit Warning SMS Yellow Zone log.INFO: Sending credit warning SMS to customer 3charlotte [] []
[2020-05-02 10:30:03] Credit Warning SMS Yellow Zone log.INFO: Credit warning SMS sent to customer 3charlotte [] []
[2020-05-02 10:30:03] Credit Warning SMS Yellow Zone log.INFO: Sending credit warning SMS to customer 6bridgefield [] []
[2020-05-02 10:30:03] Credit Warning SMS Yellow Zone log.INFO: Credit warning SMS sent to customer 6bridgefield [] []
[2020-05-02 10:30:03] Credit Warning SMS Yellow Zone log.INFO: Sending credit warning SMS to customer 81bridgefield [] []
[2020-05-02 10:30:03] Credit Warning SMS Yellow Zone log.INFO: Credit warning SMS sent to customer 81bridgefield [] []
[2020-05-02 10:30:03] Credit Warning SMS Yellow Zone log.INFO: Sending credit warning SMS to customer 67bridgefield [] []
[2020-05-02 10:30:03] Credit Warning SMS Yellow Zone log.INFO: Credit warning SMS sent to customer 67bridgefield [] []
[2020-05-02 10:30:03] Credit Warning SMS Yellow Zone log.INFO: Sending credit warning SMS to customer 118bridgefield [] []
[2020-05-02 10:30:03] Credit Warning SMS Yellow Zone log.INFO: Credit warning SMS sent to customer 118bridgefield [] []
[2020-05-02 10:30:03] Credit Warning SMS Yellow Zone log.INFO: Sending credit warning SMS to customer 185bridgefield [] []
[2020-05-02 10:30:03] Credit Warning SMS Yellow Zone log.INFO: Credit warning SMS sent to customer 185bridgefield [] []
[2020-05-02 10:30:03] Credit Warning SMS Yellow Zone log.INFO: Sending credit warning SMS to customer 196bridgefield [] []
[2020-05-02 10:30:03] Credit Warning SMS Yellow Zone log.INFO: Credit warning SMS sent to customer 196bridgefield [] []
[2020-05-02 10:30:03] Credit Warning SMS Yellow Zone log.INFO: Sending credit warning SMS to customer 20pappan [] []
[2020-05-02 10:30:03] Credit Warning SMS Yellow Zone log.INFO: Credit warning SMS sent to customer 20pappan [] []
[2020-05-02 10:30:03] Credit Warning SMS Yellow Zone log.INFO: Sending credit warning SMS to customer 133fairways [] []
[2020-05-02 10:30:03] Credit Warning SMS Yellow Zone log.INFO: Credit warning SMS sent to customer 133fairways [] []
[2020-05-02 10:30:03] Credit Warning SMS Yellow Zone log.INFO: Sending credit warning SMS to customer 12fairways [] []
[2020-05-02 10:30:03] Credit Warning SMS Yellow Zone log.INFO: Credit warning SMS sent to customer 12fairways [] []
[2020-05-02 10:30:03] Credit Warning SMS Yellow Zone log.INFO: Sending credit warning SMS to customer 55fairways [] []
[2020-05-02 10:30:03] Credit Warning SMS Yellow Zone log.INFO: Credit warning SMS sent to customer 55fairways [] []
[2020-05-02 10:30:03] Credit Warning SMS Yellow Zone log.INFO: Sending credit warning SMS to customer 162fairways [] []
[2020-05-02 10:30:03] Credit Warning SMS Yellow Zone log.INFO: Credit warning SMS sent to customer 162fairways [] []
[2020-05-02 10:30:03] Credit Warning SMS Yellow Zone log.INFO: Sending credit warning SMS to customer 37fairways [] []
[2020-05-02 10:30:03] Credit Warning SMS Yellow Zone log.INFO: Credit warning SMS sent to customer 37fairways [] []
[2020-05-02 10:30:03] Credit Warning SMS Yellow Zone log.INFO: Sending credit warning SMS to customer 8herberthill [] []
[2020-05-02 10:30:03] Credit Warning SMS Yellow Zone log.INFO: Credit warning SMS sent to customer 8herberthill [] []
[2020-05-02 10:30:03] Credit Warning SMS Yellow Zone log.INFO: Sending credit warning SMS to customer 56herberthill [] []
[2020-05-02 10:30:03] Credit Warning SMS Yellow Zone log.INFO: Credit warning SMS sent to customer 56herberthill [] []
[2020-05-02 10:30:03] Credit Warning SMS Yellow Zone log.INFO: Sending credit warning SMS to customer 24herberthill [] []
[2020-05-02 10:30:04] Credit Warning SMS Yellow Zone log.INFO: Credit warning SMS sent to customer 24herberthill [] []
[2020-05-02 10:30:04] Credit Warning SMS Yellow Zone log.INFO: Sent Credit warning SMS to 61 customers! [] []
