[2020-09-16 08:00:02] Credit Warning SMS Yellow Zone log.INFO: Sending credit warning SMS to customer 12sundayswell [] []
[2020-09-16 08:00:02] Credit Warning SMS Yellow Zone log.INFO: Credit warning SMS sent to customer 12sundayswell [] []
[2020-09-16 08:00:02] Credit Warning SMS Yellow Zone log.INFO: Sending credit warning SMS to customer 5brackenview [] []
[2020-09-16 08:00:02] Credit Warning SMS Yellow Zone log.INFO: Credit warning SMS sent to customer 5brackenview [] []
[2020-09-16 08:00:02] Credit Warning SMS Yellow Zone log.INFO: Sending credit warning SMS to customer 1garryknock [] []
[2020-09-16 08:00:02] Credit Warning SMS Yellow Zone log.INFO: Credit warning SMS sent to customer 1garryknock [] []
[2020-09-16 08:00:02] Credit Warning SMS Yellow Zone log.INFO: Sending credit warning SMS to customer 31Emerald [] []
[2020-09-16 08:00:02] Credit Warning SMS Yellow Zone log.INFO: Credit warning SMS sent to customer 31Emerald [] []
[2020-09-16 08:00:02] Credit Warning SMS Yellow Zone log.INFO: Sending credit warning SMS to customer 128Neptune [] []
[2020-09-16 08:00:02] Credit Warning SMS Yellow Zone log.INFO: Credit warning SMS sent to customer 128Neptune [] []
[2020-09-16 08:00:02] Credit Warning SMS Yellow Zone log.INFO: Sending credit warning SMS to customer 153Neptune [] []
[2020-09-16 08:00:02] Credit Warning SMS Yellow Zone log.INFO: Credit warning SMS sent to customer 153Neptune [] []
[2020-09-16 08:00:02] Credit Warning SMS Yellow Zone log.INFO: Sending credit warning SMS to customer 72neptune [] []
[2020-09-16 08:00:02] Credit Warning SMS Yellow Zone log.INFO: Credit warning SMS sent to customer 72neptune [] []
[2020-09-16 08:00:02] Credit Warning SMS Yellow Zone log.INFO: Sending credit warning SMS to customer 191neptune [] []
[2020-09-16 08:00:02] Credit Warning SMS Yellow Zone log.INFO: Credit warning SMS sent to customer 191neptune [] []
[2020-09-16 08:00:02] Credit Warning SMS Yellow Zone log.INFO: Sending credit warning SMS to customer 140Neptune [] []
[2020-09-16 08:00:02] Credit Warning SMS Yellow Zone log.INFO: Credit warning SMS sent to customer 140Neptune [] []
[2020-09-16 08:00:02] Credit Warning SMS Yellow Zone log.INFO: Sending credit warning SMS to customer 9neptune [] []
[2020-09-16 08:00:02] Credit Warning SMS Yellow Zone log.INFO: Credit warning SMS sent to customer 9neptune [] []
[2020-09-16 08:00:02] Credit Warning SMS Yellow Zone log.INFO: Sending credit warning SMS to customer 55Neptune [] []
[2020-09-16 08:00:02] Credit Warning SMS Yellow Zone log.INFO: Credit warning SMS sent to customer 55Neptune [] []
[2020-09-16 08:00:02] Credit Warning SMS Yellow Zone log.INFO: Sending credit warning SMS to customer 152Neptune [] []
[2020-09-16 08:00:02] Credit Warning SMS Yellow Zone log.INFO: Credit warning SMS sent to customer 152Neptune [] []
[2020-09-16 08:00:02] Credit Warning SMS Yellow Zone log.INFO: Sending credit warning SMS to customer 94Neptune [] []
[2020-09-16 08:00:02] Credit Warning SMS Yellow Zone log.INFO: Credit warning SMS sent to customer 94Neptune [] []
[2020-09-16 08:00:02] Credit Warning SMS Yellow Zone log.INFO: Sending credit warning SMS to customer 15Abbott [] []
[2020-09-16 08:00:02] Credit Warning SMS Yellow Zone log.INFO: Credit warning SMS sent to customer 15Abbott [] []
[2020-09-16 08:00:02] Credit Warning SMS Yellow Zone log.INFO: Sending credit warning SMS to customer 73Abbott [] []
[2020-09-16 08:00:02] Credit Warning SMS Yellow Zone log.INFO: Credit warning SMS sent to customer 73Abbott [] []
[2020-09-16 08:00:02] Credit Warning SMS Yellow Zone log.INFO: Sending credit warning SMS to customer 59Abbott [] []
[2020-09-16 08:00:02] Credit Warning SMS Yellow Zone log.INFO: Credit warning SMS sent to customer 59Abbott [] []
[2020-09-16 08:00:02] Credit Warning SMS Yellow Zone log.INFO: Sending credit warning SMS to customer 85Abbott [] []
[2020-09-16 08:00:02] Credit Warning SMS Yellow Zone log.INFO: Credit warning SMS sent to customer 85Abbott [] []
[2020-09-16 08:00:02] Credit Warning SMS Yellow Zone log.INFO: Sending credit warning SMS to customer 62Abbott [] []
[2020-09-16 08:00:03] Credit Warning SMS Yellow Zone log.INFO: Credit warning SMS sent to customer 62Abbott [] []
[2020-09-16 08:00:03] Credit Warning SMS Yellow Zone log.INFO: Sending credit warning SMS to customer 90Abbott [] []
[2020-09-16 08:00:03] Credit Warning SMS Yellow Zone log.INFO: Credit warning SMS sent to customer 90Abbott [] []
[2020-09-16 08:00:03] Credit Warning SMS Yellow Zone log.INFO: Sending credit warning SMS to customer 91Abbott [] []
[2020-09-16 08:00:03] Credit Warning SMS Yellow Zone log.INFO: Credit warning SMS sent to customer 91Abbott [] []
[2020-09-16 08:00:03] Credit Warning SMS Yellow Zone log.INFO: Sending credit warning SMS to customer 100Abbott [] []
[2020-09-16 08:00:03] Credit Warning SMS Yellow Zone log.INFO: Credit warning SMS sent to customer 100Abbott [] []
[2020-09-16 08:00:03] Credit Warning SMS Yellow Zone log.INFO: Sending credit warning SMS to customer 105Abbott [] []
[2020-09-16 08:00:03] Credit Warning SMS Yellow Zone log.INFO: Credit warning SMS sent to customer 105Abbott [] []
[2020-09-16 08:00:03] Credit Warning SMS Yellow Zone log.INFO: Sending credit warning SMS to customer 108Abbott [] []
[2020-09-16 08:00:03] Credit Warning SMS Yellow Zone log.INFO: Credit warning SMS sent to customer 108Abbott [] []
[2020-09-16 08:00:03] Credit Warning SMS Yellow Zone log.INFO: Sending credit warning SMS to customer 191abbott [] []
[2020-09-16 08:00:03] Credit Warning SMS Yellow Zone log.INFO: Credit warning SMS sent to customer 191abbott [] []
[2020-09-16 08:00:03] Credit Warning SMS Yellow Zone log.INFO: Sending credit warning SMS to customer 26leona [] []
[2020-09-16 08:00:03] Credit Warning SMS Yellow Zone log.INFO: Credit warning SMS sent to customer 26leona [] []
[2020-09-16 08:00:03] Credit Warning SMS Yellow Zone log.INFO: Sending credit warning SMS to customer 45leona [] []
[2020-09-16 08:00:03] Credit Warning SMS Yellow Zone log.INFO: Credit warning SMS sent to customer 45leona [] []
[2020-09-16 08:00:03] Credit Warning SMS Yellow Zone log.INFO: Sending credit warning SMS to customer 102leona [] []
[2020-09-16 08:00:03] Credit Warning SMS Yellow Zone log.INFO: Credit warning SMS sent to customer 102leona [] []
[2020-09-16 08:00:03] Credit Warning SMS Yellow Zone log.INFO: Sending credit warning SMS to customer 129leona [] []
[2020-09-16 08:00:03] Credit Warning SMS Yellow Zone log.INFO: Credit warning SMS sent to customer 129leona [] []
[2020-09-16 08:00:03] Credit Warning SMS Yellow Zone log.INFO: Sending credit warning SMS to customer 77leona [] []
[2020-09-16 08:00:03] Credit Warning SMS Yellow Zone log.INFO: Credit warning SMS sent to customer 77leona [] []
[2020-09-16 08:00:03] Credit Warning SMS Yellow Zone log.INFO: Sending credit warning SMS to customer 82charlotte [] []
[2020-09-16 08:00:03] Credit Warning SMS Yellow Zone log.INFO: Credit warning SMS sent to customer 82charlotte [] []
[2020-09-16 08:00:03] Credit Warning SMS Yellow Zone log.INFO: Sending credit warning SMS to customer 123charlotte [] []
[2020-09-16 08:00:03] Credit Warning SMS Yellow Zone log.INFO: Credit warning SMS sent to customer 123charlotte [] []
[2020-09-16 08:00:03] Credit Warning SMS Yellow Zone log.INFO: Sending credit warning SMS to customer 38charlotte [] []
[2020-09-16 08:00:03] Credit Warning SMS Yellow Zone log.INFO: Credit warning SMS sent to customer 38charlotte [] []
[2020-09-16 08:00:03] Credit Warning SMS Yellow Zone log.INFO: Sending credit warning SMS to customer 6bridgefield [] []
[2020-09-16 08:00:03] Credit Warning SMS Yellow Zone log.INFO: Credit warning SMS sent to customer 6bridgefield [] []
[2020-09-16 08:00:03] Credit Warning SMS Yellow Zone log.INFO: Sending credit warning SMS to customer 58bridgefield [] []
[2020-09-16 08:00:03] Credit Warning SMS Yellow Zone log.INFO: Credit warning SMS sent to customer 58bridgefield [] []
[2020-09-16 08:00:03] Credit Warning SMS Yellow Zone log.INFO: Sending credit warning SMS to customer 67bridgefield [] []
[2020-09-16 08:00:03] Credit Warning SMS Yellow Zone log.INFO: Credit warning SMS sent to customer 67bridgefield [] []
[2020-09-16 08:00:03] Credit Warning SMS Yellow Zone log.INFO: Sending credit warning SMS to customer 185bridgefield [] []
[2020-09-16 08:00:03] Credit Warning SMS Yellow Zone log.INFO: Credit warning SMS sent to customer 185bridgefield [] []
[2020-09-16 08:00:03] Credit Warning SMS Yellow Zone log.INFO: Sending credit warning SMS to customer 188bridgefield [] []
[2020-09-16 08:00:03] Credit Warning SMS Yellow Zone log.INFO: Credit warning SMS sent to customer 188bridgefield [] []
[2020-09-16 08:00:03] Credit Warning SMS Yellow Zone log.INFO: Sending credit warning SMS to customer 51bridgefield [] []
[2020-09-16 08:00:03] Credit Warning SMS Yellow Zone log.INFO: Credit warning SMS sent to customer 51bridgefield [] []
[2020-09-16 08:00:03] Credit Warning SMS Yellow Zone log.INFO: Sending credit warning SMS to customer 181bridgefield [] []
[2020-09-16 08:00:03] Credit Warning SMS Yellow Zone log.INFO: Credit warning SMS sent to customer 181bridgefield [] []
[2020-09-16 08:00:03] Credit Warning SMS Yellow Zone log.INFO: Sending credit warning SMS to customer 113bridgefield [] []
[2020-09-16 08:00:03] Credit Warning SMS Yellow Zone log.INFO: Credit warning SMS sent to customer 113bridgefield [] []
[2020-09-16 08:00:03] Credit Warning SMS Yellow Zone log.INFO: Sending credit warning SMS to customer 68bridgefield [] []
[2020-09-16 08:00:03] Credit Warning SMS Yellow Zone log.INFO: Credit warning SMS sent to customer 68bridgefield [] []
[2020-09-16 08:00:03] Credit Warning SMS Yellow Zone log.INFO: Sending credit warning SMS to customer 16pappan [] []
[2020-09-16 08:00:03] Credit Warning SMS Yellow Zone log.INFO: Credit warning SMS sent to customer 16pappan [] []
[2020-09-16 08:00:03] Credit Warning SMS Yellow Zone log.INFO: Sending credit warning SMS to customer 121fairways [] []
[2020-09-16 08:00:03] Credit Warning SMS Yellow Zone log.INFO: Credit warning SMS sent to customer 121fairways [] []
[2020-09-16 08:00:03] Credit Warning SMS Yellow Zone log.INFO: Sending credit warning SMS to customer 122fairways [] []
[2020-09-16 08:00:03] Credit Warning SMS Yellow Zone log.INFO: Credit warning SMS sent to customer 122fairways [] []
[2020-09-16 08:00:03] Credit Warning SMS Yellow Zone log.INFO: Sending credit warning SMS to customer 3fairways [] []
[2020-09-16 08:00:04] Credit Warning SMS Yellow Zone log.INFO: Credit warning SMS sent to customer 3fairways [] []
[2020-09-16 08:00:04] Credit Warning SMS Yellow Zone log.INFO: Sending credit warning SMS to customer h5fairways [] []
[2020-09-16 08:00:04] Credit Warning SMS Yellow Zone log.INFO: Credit warning SMS sent to customer h5fairways [] []
[2020-09-16 08:00:04] Credit Warning SMS Yellow Zone log.INFO: Sending credit warning SMS to customer h27fairways [] []
[2020-09-16 08:00:04] Credit Warning SMS Yellow Zone log.INFO: Credit warning SMS sent to customer h27fairways [] []
[2020-09-16 08:00:04] Credit Warning SMS Yellow Zone log.INFO: Sending credit warning SMS to customer 4herberthill [] []
[2020-09-16 08:00:04] Credit Warning SMS Yellow Zone log.INFO: Credit warning SMS sent to customer 4herberthill [] []
[2020-09-16 08:00:04] Credit Warning SMS Yellow Zone log.INFO: Sending credit warning SMS to customer 29herberthill [] []
[2020-09-16 08:00:04] Credit Warning SMS Yellow Zone log.INFO: Credit warning SMS sent to customer 29herberthill [] []
[2020-09-16 08:00:04] Credit Warning SMS Yellow Zone log.INFO: Sending credit warning SMS to customer 60herberthill [] []
[2020-09-16 08:00:04] Credit Warning SMS Yellow Zone log.INFO: Credit warning SMS sent to customer 60herberthill [] []
[2020-09-16 08:00:04] Credit Warning SMS Yellow Zone log.INFO: Sending credit warning SMS to customer 79herberthill [] []
[2020-09-16 08:00:04] Credit Warning SMS Yellow Zone log.INFO: Credit warning SMS sent to customer 79herberthill [] []
[2020-09-16 08:00:04] Credit Warning SMS Yellow Zone log.INFO: Sending credit warning SMS to customer 59herberthill [] []
[2020-09-16 08:00:04] Credit Warning SMS Yellow Zone log.INFO: Credit warning SMS sent to customer 59herberthill [] []
[2020-09-16 08:00:04] Credit Warning SMS Yellow Zone log.INFO: Sending credit warning SMS to customer 16herberthill [] []
[2020-09-16 08:00:04] Credit Warning SMS Yellow Zone log.INFO: Credit warning SMS sent to customer 16herberthill [] []
[2020-09-16 08:00:04] Credit Warning SMS Yellow Zone log.INFO: Sending credit warning SMS to customer 83herberthill [] []
[2020-09-16 08:00:04] Credit Warning SMS Yellow Zone log.INFO: Credit warning SMS sent to customer 83herberthill [] []
[2020-09-16 08:00:04] Credit Warning SMS Yellow Zone log.INFO: Sending credit warning SMS to customer 42herberthill [] []
[2020-09-16 08:00:04] Credit Warning SMS Yellow Zone log.INFO: Credit warning SMS sent to customer 42herberthill [] []
[2020-09-16 08:00:04] Credit Warning SMS Yellow Zone log.INFO: Sending credit warning SMS to customer 37marina [] []
[2020-09-16 08:00:04] Credit Warning SMS Yellow Zone log.INFO: Credit warning SMS sent to customer 37marina [] []
[2020-09-16 08:00:04] Credit Warning SMS Yellow Zone log.INFO: Sending credit warning SMS to customer 2marina [] []
[2020-09-16 08:00:04] Credit Warning SMS Yellow Zone log.INFO: Credit warning SMS sent to customer 2marina [] []
[2020-09-16 08:00:04] Credit Warning SMS Yellow Zone log.INFO: Sending credit warning SMS to customer 91bracken [] []
[2020-09-16 08:00:04] Credit Warning SMS Yellow Zone log.INFO: Credit warning SMS sent to customer 91bracken [] []
[2020-09-16 08:00:04] Credit Warning SMS Yellow Zone log.INFO: Sent Credit warning SMS to 58 customers! [] []
