[2020-12-13 10:30:01] Credit Warning SMS Yellow Zone log.INFO: Sending credit warning SMS to customer 2garryknock [] []
[2020-12-13 10:30:01] Credit Warning SMS Yellow Zone log.INFO: Credit warning SMS sent to customer 2garryknock [] []
[2020-12-13 10:30:01] Credit Warning SMS Yellow Zone log.INFO: Sending credit warning SMS to customer 16sundayswell [] []
[2020-12-13 10:30:01] Credit Warning SMS Yellow Zone log.INFO: Credit warning SMS sent to customer 16sundayswell [] []
[2020-12-13 10:30:01] Credit Warning SMS Yellow Zone log.INFO: Sending credit warning SMS to customer 8Emerald [] []
[2020-12-13 10:30:02] Credit Warning SMS Yellow Zone log.INFO: Credit warning SMS sent to customer 8Emerald [] []
[2020-12-13 10:30:02] Credit Warning SMS Yellow Zone log.INFO: Sending credit warning SMS to customer 22Emerald [] []
[2020-12-13 10:30:02] Credit Warning SMS Yellow Zone log.INFO: Credit warning SMS sent to customer 22Emerald [] []
[2020-12-13 10:30:02] Credit Warning SMS Yellow Zone log.INFO: Sending credit warning SMS to customer 6Emerald [] []
[2020-12-13 10:30:02] Credit Warning SMS Yellow Zone log.INFO: Credit warning SMS sent to customer 6Emerald [] []
[2020-12-13 10:30:02] Credit Warning SMS Yellow Zone log.INFO: Sending credit warning SMS to customer 19Emerald [] []
[2020-12-13 10:30:02] Credit Warning SMS Yellow Zone log.INFO: Credit warning SMS sent to customer 19Emerald [] []
[2020-12-13 10:30:02] Credit Warning SMS Yellow Zone log.INFO: Sending credit warning SMS to customer 24Emerald [] []
[2020-12-13 10:30:02] Credit Warning SMS Yellow Zone log.INFO: Credit warning SMS sent to customer 24Emerald [] []
[2020-12-13 10:30:02] Credit Warning SMS Yellow Zone log.INFO: Sending credit warning SMS to customer 117Neptune [] []
[2020-12-13 10:30:02] Credit Warning SMS Yellow Zone log.INFO: Credit warning SMS sent to customer 117Neptune [] []
[2020-12-13 10:30:02] Credit Warning SMS Yellow Zone log.INFO: Sending credit warning SMS to customer 101Neptune [] []
[2020-12-13 10:30:02] Credit Warning SMS Yellow Zone log.INFO: Credit warning SMS sent to customer 101Neptune [] []
[2020-12-13 10:30:02] Credit Warning SMS Yellow Zone log.INFO: Sending credit warning SMS to customer 140Neptune [] []
[2020-12-13 10:30:02] Credit Warning SMS Yellow Zone log.INFO: Credit warning SMS sent to customer 140Neptune [] []
[2020-12-13 10:30:02] Credit Warning SMS Yellow Zone log.INFO: Sending credit warning SMS to customer 23neptune [] []
[2020-12-13 10:30:02] Credit Warning SMS Yellow Zone log.INFO: Credit warning SMS sent to customer 23neptune [] []
[2020-12-13 10:30:02] Credit Warning SMS Yellow Zone log.INFO: Sending credit warning SMS to customer 63Neptune [] []
[2020-12-13 10:30:02] Credit Warning SMS Yellow Zone log.INFO: Credit warning SMS sent to customer 63Neptune [] []
[2020-12-13 10:30:02] Credit Warning SMS Yellow Zone log.INFO: Sending credit warning SMS to customer 45Neptune [] []
[2020-12-13 10:30:02] Credit Warning SMS Yellow Zone log.INFO: Credit warning SMS sent to customer 45Neptune [] []
[2020-12-13 10:30:02] Credit Warning SMS Yellow Zone log.INFO: Sending credit warning SMS to customer 59Neptune [] []
[2020-12-13 10:30:02] Credit Warning SMS Yellow Zone log.INFO: Credit warning SMS sent to customer 59Neptune [] []
[2020-12-13 10:30:02] Credit Warning SMS Yellow Zone log.INFO: Sending credit warning SMS to customer 12Abbott [] []
[2020-12-13 10:30:02] Credit Warning SMS Yellow Zone log.INFO: Credit warning SMS sent to customer 12Abbott [] []
[2020-12-13 10:30:02] Credit Warning SMS Yellow Zone log.INFO: Sending credit warning SMS to customer 17Abbott [] []
[2020-12-13 10:30:02] Credit Warning SMS Yellow Zone log.INFO: Credit warning SMS sent to customer 17Abbott [] []
[2020-12-13 10:30:02] Credit Warning SMS Yellow Zone log.INFO: Sending credit warning SMS to customer 31Abbott [] []
[2020-12-13 10:30:02] Credit Warning SMS Yellow Zone log.INFO: Credit warning SMS sent to customer 31Abbott [] []
[2020-12-13 10:30:02] Credit Warning SMS Yellow Zone log.INFO: Sending credit warning SMS to customer 37Abbott [] []
[2020-12-13 10:30:02] Credit Warning SMS Yellow Zone log.INFO: Credit warning SMS sent to customer 37Abbott [] []
[2020-12-13 10:30:02] Credit Warning SMS Yellow Zone log.INFO: Sending credit warning SMS to customer 76Abbott [] []
[2020-12-13 10:30:02] Credit Warning SMS Yellow Zone log.INFO: Credit warning SMS sent to customer 76Abbott [] []
[2020-12-13 10:30:02] Credit Warning SMS Yellow Zone log.INFO: Sending credit warning SMS to customer 82Abbott [] []
[2020-12-13 10:30:02] Credit Warning SMS Yellow Zone log.INFO: Credit warning SMS sent to customer 82Abbott [] []
[2020-12-13 10:30:02] Credit Warning SMS Yellow Zone log.INFO: Sending credit warning SMS to customer 71Abbott [] []
[2020-12-13 10:30:02] Credit Warning SMS Yellow Zone log.INFO: Credit warning SMS sent to customer 71Abbott [] []
[2020-12-13 10:30:02] Credit Warning SMS Yellow Zone log.INFO: Sending credit warning SMS to customer 105Abbott [] []
[2020-12-13 10:30:02] Credit Warning SMS Yellow Zone log.INFO: Credit warning SMS sent to customer 105Abbott [] []
[2020-12-13 10:30:02] Credit Warning SMS Yellow Zone log.INFO: Sending credit warning SMS to customer 109Abbott [] []
[2020-12-13 10:30:03] Credit Warning SMS Yellow Zone log.INFO: Credit warning SMS sent to customer 109Abbott [] []
[2020-12-13 10:30:03] Credit Warning SMS Yellow Zone log.INFO: Sending credit warning SMS to customer 119Abbott [] []
[2020-12-13 10:30:03] Credit Warning SMS Yellow Zone log.INFO: Credit warning SMS sent to customer 119Abbott [] []
[2020-12-13 10:30:03] Credit Warning SMS Yellow Zone log.INFO: Sending credit warning SMS to customer 98Abbott [] []
[2020-12-13 10:30:03] Credit Warning SMS Yellow Zone log.INFO: Credit warning SMS sent to customer 98Abbott [] []
[2020-12-13 10:30:03] Credit Warning SMS Yellow Zone log.INFO: Sending credit warning SMS to customer 164abbott [] []
[2020-12-13 10:30:03] Credit Warning SMS Yellow Zone log.INFO: Credit warning SMS sent to customer 164abbott [] []
[2020-12-13 10:30:03] Credit Warning SMS Yellow Zone log.INFO: Sending credit warning SMS to customer 184abbott [] []
[2020-12-13 10:30:03] Credit Warning SMS Yellow Zone log.INFO: Credit warning SMS sent to customer 184abbott [] []
[2020-12-13 10:30:03] Credit Warning SMS Yellow Zone log.INFO: Sending credit warning SMS to customer 151abbott [] []
[2020-12-13 10:30:03] Credit Warning SMS Yellow Zone log.INFO: Credit warning SMS sent to customer 151abbott [] []
[2020-12-13 10:30:03] Credit Warning SMS Yellow Zone log.INFO: Sending credit warning SMS to customer 127abbott [] []
[2020-12-13 10:30:03] Credit Warning SMS Yellow Zone log.INFO: Credit warning SMS sent to customer 127abbott [] []
[2020-12-13 10:30:03] Credit Warning SMS Yellow Zone log.INFO: Sending credit warning SMS to customer 21eustace [] []
[2020-12-13 10:30:03] Credit Warning SMS Yellow Zone log.INFO: Credit warning SMS sent to customer 21eustace [] []
[2020-12-13 10:30:03] Credit Warning SMS Yellow Zone log.INFO: Sending credit warning SMS to customer 74eustace [] []
[2020-12-13 10:30:03] Credit Warning SMS Yellow Zone log.INFO: Credit warning SMS sent to customer 74eustace [] []
[2020-12-13 10:30:03] Credit Warning SMS Yellow Zone log.INFO: Sending credit warning SMS to customer 156leona [] []
[2020-12-13 10:30:03] Credit Warning SMS Yellow Zone log.INFO: Credit warning SMS sent to customer 156leona [] []
[2020-12-13 10:30:03] Credit Warning SMS Yellow Zone log.INFO: Sending credit warning SMS to customer 137leona [] []
[2020-12-13 10:30:03] Credit Warning SMS Yellow Zone log.INFO: Credit warning SMS sent to customer 137leona [] []
[2020-12-13 10:30:03] Credit Warning SMS Yellow Zone log.INFO: Sending credit warning SMS to customer 23leona [] []
[2020-12-13 10:30:03] Credit Warning SMS Yellow Zone log.INFO: Credit warning SMS sent to customer 23leona [] []
[2020-12-13 10:30:03] Credit Warning SMS Yellow Zone log.INFO: Sending credit warning SMS to customer 120leona [] []
[2020-12-13 10:30:03] Credit Warning SMS Yellow Zone log.INFO: Credit warning SMS sent to customer 120leona [] []
[2020-12-13 10:30:03] Credit Warning SMS Yellow Zone log.INFO: Sending credit warning SMS to customer 66leona [] []
[2020-12-13 10:30:03] Credit Warning SMS Yellow Zone log.INFO: Credit warning SMS sent to customer 66leona [] []
[2020-12-13 10:30:03] Credit Warning SMS Yellow Zone log.INFO: Sending credit warning SMS to customer 104leona [] []
[2020-12-13 10:30:03] Credit Warning SMS Yellow Zone log.INFO: Credit warning SMS sent to customer 104leona [] []
[2020-12-13 10:30:03] Credit Warning SMS Yellow Zone log.INFO: Sending credit warning SMS to customer 39leona [] []
[2020-12-13 10:30:03] Credit Warning SMS Yellow Zone log.INFO: Credit warning SMS sent to customer 39leona [] []
[2020-12-13 10:30:03] Credit Warning SMS Yellow Zone log.INFO: Sending credit warning SMS to customer 41leona [] []
[2020-12-13 10:30:03] Credit Warning SMS Yellow Zone log.INFO: Credit warning SMS sent to customer 41leona [] []
[2020-12-13 10:30:03] Credit Warning SMS Yellow Zone log.INFO: Sending credit warning SMS to customer 52leona [] []
[2020-12-13 10:30:03] Credit Warning SMS Yellow Zone log.INFO: Credit warning SMS sent to customer 52leona [] []
[2020-12-13 10:30:03] Credit Warning SMS Yellow Zone log.INFO: Sending credit warning SMS to customer 51leona [] []
[2020-12-13 10:30:03] Credit Warning SMS Yellow Zone log.INFO: Credit warning SMS sent to customer 51leona [] []
[2020-12-13 10:30:03] Credit Warning SMS Yellow Zone log.INFO: Sending credit warning SMS to customer 46leona [] []
[2020-12-13 10:30:03] Credit Warning SMS Yellow Zone log.INFO: Credit warning SMS sent to customer 46leona [] []
[2020-12-13 10:30:03] Credit Warning SMS Yellow Zone log.INFO: Sending credit warning SMS to customer 159charlotte [] []
[2020-12-13 10:30:03] Credit Warning SMS Yellow Zone log.INFO: Credit warning SMS sent to customer 159charlotte [] []
[2020-12-13 10:30:03] Credit Warning SMS Yellow Zone log.INFO: Sending credit warning SMS to customer 103charlotte [] []
[2020-12-13 10:30:03] Credit Warning SMS Yellow Zone log.INFO: Credit warning SMS sent to customer 103charlotte [] []
[2020-12-13 10:30:03] Credit Warning SMS Yellow Zone log.INFO: Sending credit warning SMS to customer 102charlotte [] []
[2020-12-13 10:30:04] Credit Warning SMS Yellow Zone log.INFO: Credit warning SMS sent to customer 102charlotte [] []
[2020-12-13 10:30:04] Credit Warning SMS Yellow Zone log.INFO: Sending credit warning SMS to customer 13charlotte [] []
[2020-12-13 10:30:04] Credit Warning SMS Yellow Zone log.INFO: Credit warning SMS sent to customer 13charlotte [] []
[2020-12-13 10:30:04] Credit Warning SMS Yellow Zone log.INFO: Sending credit warning SMS to customer 87charlotte [] []
[2020-12-13 10:30:04] Credit Warning SMS Yellow Zone log.INFO: Credit warning SMS sent to customer 87charlotte [] []
[2020-12-13 10:30:04] Credit Warning SMS Yellow Zone log.INFO: Sending credit warning SMS to customer 99charlotte [] []
[2020-12-13 10:30:04] Credit Warning SMS Yellow Zone log.INFO: Credit warning SMS sent to customer 99charlotte [] []
[2020-12-13 10:30:04] Credit Warning SMS Yellow Zone log.INFO: Sending credit warning SMS to customer 136charlotte [] []
[2020-12-13 10:30:04] Credit Warning SMS Yellow Zone log.INFO: Credit warning SMS sent to customer 136charlotte [] []
[2020-12-13 10:30:04] Credit Warning SMS Yellow Zone log.INFO: Sending credit warning SMS to customer 129charlotte [] []
[2020-12-13 10:30:04] Credit Warning SMS Yellow Zone log.INFO: Credit warning SMS sent to customer 129charlotte [] []
[2020-12-13 10:30:04] Credit Warning SMS Yellow Zone log.INFO: Sending credit warning SMS to customer 31charlotte [] []
[2020-12-13 10:30:04] Credit Warning SMS Yellow Zone log.INFO: Credit warning SMS sent to customer 31charlotte [] []
[2020-12-13 10:30:04] Credit Warning SMS Yellow Zone log.INFO: Sending credit warning SMS to customer 14charlotte [] []
[2020-12-13 10:30:04] Credit Warning SMS Yellow Zone log.INFO: Credit warning SMS sent to customer 14charlotte [] []
[2020-12-13 10:30:04] Credit Warning SMS Yellow Zone log.INFO: Sending credit warning SMS to customer 20bridgefield [] []
[2020-12-13 10:30:04] Credit Warning SMS Yellow Zone log.INFO: Credit warning SMS sent to customer 20bridgefield [] []
[2020-12-13 10:30:04] Credit Warning SMS Yellow Zone log.INFO: Sending credit warning SMS to customer 17bridgefield [] []
[2020-12-13 10:30:04] Credit Warning SMS Yellow Zone log.INFO: Credit warning SMS sent to customer 17bridgefield [] []
[2020-12-13 10:30:04] Credit Warning SMS Yellow Zone log.INFO: Sending credit warning SMS to customer 72bridgefield [] []
[2020-12-13 10:30:04] Credit Warning SMS Yellow Zone log.INFO: Credit warning SMS sent to customer 72bridgefield [] []
[2020-12-13 10:30:04] Credit Warning SMS Yellow Zone log.INFO: Sending credit warning SMS to customer 104bridgefield [] []
[2020-12-13 10:30:04] Credit Warning SMS Yellow Zone log.INFO: Credit warning SMS sent to customer 104bridgefield [] []
[2020-12-13 10:30:04] Credit Warning SMS Yellow Zone log.INFO: Sending credit warning SMS to customer 88bridgefield [] []
[2020-12-13 10:30:04] Credit Warning SMS Yellow Zone log.INFO: Credit warning SMS sent to customer 88bridgefield [] []
[2020-12-13 10:30:04] Credit Warning SMS Yellow Zone log.INFO: Sending credit warning SMS to customer 125bridgefield [] []
[2020-12-13 10:30:04] Credit Warning SMS Yellow Zone log.INFO: Credit warning SMS sent to customer 125bridgefield [] []
[2020-12-13 10:30:04] Credit Warning SMS Yellow Zone log.INFO: Sending credit warning SMS to customer 51bridgefield [] []
[2020-12-13 10:30:04] Credit Warning SMS Yellow Zone log.INFO: Credit warning SMS sent to customer 51bridgefield [] []
[2020-12-13 10:30:04] Credit Warning SMS Yellow Zone log.INFO: Sending credit warning SMS to customer 208bridgefield [] []
[2020-12-13 10:30:04] Credit Warning SMS Yellow Zone log.INFO: Credit warning SMS sent to customer 208bridgefield [] []
[2020-12-13 10:30:04] Credit Warning SMS Yellow Zone log.INFO: Sending credit warning SMS to customer 126bridgefield [] []
[2020-12-13 10:30:04] Credit Warning SMS Yellow Zone log.INFO: Credit warning SMS sent to customer 126bridgefield [] []
[2020-12-13 10:30:04] Credit Warning SMS Yellow Zone log.INFO: Sending credit warning SMS to customer 128bridgefield [] []
[2020-12-13 10:30:04] Credit Warning SMS Yellow Zone log.INFO: Credit warning SMS sent to customer 128bridgefield [] []
[2020-12-13 10:30:04] Credit Warning SMS Yellow Zone log.INFO: Sending credit warning SMS to customer 140bridgefield [] []
[2020-12-13 10:30:04] Credit Warning SMS Yellow Zone log.INFO: Credit warning SMS sent to customer 140bridgefield [] []
[2020-12-13 10:30:04] Credit Warning SMS Yellow Zone log.INFO: Sending credit warning SMS to customer 26bridgefield [] []
[2020-12-13 10:30:04] Credit Warning SMS Yellow Zone log.INFO: Credit warning SMS sent to customer 26bridgefield [] []
[2020-12-13 10:30:04] Credit Warning SMS Yellow Zone log.INFO: Sending credit warning SMS to customer 94bridgefield [] []
[2020-12-13 10:30:04] Credit Warning SMS Yellow Zone log.INFO: Credit warning SMS sent to customer 94bridgefield [] []
[2020-12-13 10:30:04] Credit Warning SMS Yellow Zone log.INFO: Sending credit warning SMS to customer 111bridgefield [] []
[2020-12-13 10:30:04] Credit Warning SMS Yellow Zone log.INFO: Credit warning SMS sent to customer 111bridgefield [] []
[2020-12-13 10:30:04] Credit Warning SMS Yellow Zone log.INFO: Sending credit warning SMS to customer 130bridgefield [] []
[2020-12-13 10:30:04] Credit Warning SMS Yellow Zone log.INFO: Credit warning SMS sent to customer 130bridgefield [] []
[2020-12-13 10:30:04] Credit Warning SMS Yellow Zone log.INFO: Sending credit warning SMS to customer 5pappan [] []
[2020-12-13 10:30:04] Credit Warning SMS Yellow Zone log.INFO: Credit warning SMS sent to customer 5pappan [] []
[2020-12-13 10:30:04] Credit Warning SMS Yellow Zone log.INFO: Sending credit warning SMS to customer 16pappan [] []
[2020-12-13 10:30:05] Credit Warning SMS Yellow Zone log.INFO: Credit warning SMS sent to customer 16pappan [] []
[2020-12-13 10:30:05] Credit Warning SMS Yellow Zone log.INFO: Sending credit warning SMS to customer 42fairways [] []
[2020-12-13 10:30:05] Credit Warning SMS Yellow Zone log.INFO: Credit warning SMS sent to customer 42fairways [] []
[2020-12-13 10:30:05] Credit Warning SMS Yellow Zone log.INFO: Sending credit warning SMS to customer 7fairways [] []
[2020-12-13 10:30:05] Credit Warning SMS Yellow Zone log.INFO: Credit warning SMS sent to customer 7fairways [] []
[2020-12-13 10:30:05] Credit Warning SMS Yellow Zone log.INFO: Sending credit warning SMS to customer 26fairways [] []
[2020-12-13 10:30:05] Credit Warning SMS Yellow Zone log.INFO: Credit warning SMS sent to customer 26fairways [] []
[2020-12-13 10:30:05] Credit Warning SMS Yellow Zone log.INFO: Sending credit warning SMS to customer 3fairways [] []
[2020-12-13 10:30:05] Credit Warning SMS Yellow Zone log.INFO: Credit warning SMS sent to customer 3fairways [] []
[2020-12-13 10:30:05] Credit Warning SMS Yellow Zone log.INFO: Sending credit warning SMS to customer h10fairways [] []
[2020-12-13 10:30:05] Credit Warning SMS Yellow Zone log.INFO: Credit warning SMS sent to customer h10fairways [] []
[2020-12-13 10:30:05] Credit Warning SMS Yellow Zone log.INFO: Sending credit warning SMS to customer h2fairways [] []
[2020-12-13 10:30:05] Credit Warning SMS Yellow Zone log.INFO: Credit warning SMS sent to customer h2fairways [] []
[2020-12-13 10:30:05] Credit Warning SMS Yellow Zone log.INFO: Sending credit warning SMS to customer 54herberthill [] []
[2020-12-13 10:30:05] Credit Warning SMS Yellow Zone log.INFO: Credit warning SMS sent to customer 54herberthill [] []
[2020-12-13 10:30:05] Credit Warning SMS Yellow Zone log.INFO: Sending credit warning SMS to customer 87herberthill [] []
[2020-12-13 10:30:05] Credit Warning SMS Yellow Zone log.INFO: Credit warning SMS sent to customer 87herberthill [] []
[2020-12-13 10:30:05] Credit Warning SMS Yellow Zone log.INFO: Sending credit warning SMS to customer 73herberthill [] []
[2020-12-13 10:30:05] Credit Warning SMS Yellow Zone log.INFO: Credit warning SMS sent to customer 73herberthill [] []
[2020-12-13 10:30:05] Credit Warning SMS Yellow Zone log.INFO: Sending credit warning SMS to customer 60herberthill [] []
[2020-12-13 10:30:05] Credit Warning SMS Yellow Zone log.INFO: Credit warning SMS sent to customer 60herberthill [] []
[2020-12-13 10:30:05] Credit Warning SMS Yellow Zone log.INFO: Sending credit warning SMS to customer 27herberthill [] []
[2020-12-13 10:30:05] Credit Warning SMS Yellow Zone log.INFO: Credit warning SMS sent to customer 27herberthill [] []
[2020-12-13 10:30:05] Credit Warning SMS Yellow Zone log.INFO: Sending credit warning SMS to customer 61herberthill [] []
[2020-12-13 10:30:05] Credit Warning SMS Yellow Zone log.INFO: Credit warning SMS sent to customer 61herberthill [] []
[2020-12-13 10:30:05] Credit Warning SMS Yellow Zone log.INFO: Sending credit warning SMS to customer 41marina [] []
[2020-12-13 10:30:05] Credit Warning SMS Yellow Zone log.INFO: Credit warning SMS sent to customer 41marina [] []
[2020-12-13 10:30:05] Credit Warning SMS Yellow Zone log.INFO: Sent Credit warning SMS to 82 customers! [] []
