[2020-06-25 08:00:02] Credit Warning SMS Yellow Zone log.INFO: Sending credit warning SMS to customer 4brackenview [] []
[2020-06-25 08:00:02] Credit Warning SMS Yellow Zone log.INFO: Credit warning SMS sent to customer 4brackenview [] []
[2020-06-25 08:00:02] Credit Warning SMS Yellow Zone log.INFO: Sending credit warning SMS to customer 8brackenview [] []
[2020-06-25 08:00:02] Credit Warning SMS Yellow Zone log.INFO: Credit warning SMS sent to customer 8brackenview [] []
[2020-06-25 08:00:02] Credit Warning SMS Yellow Zone log.INFO: Sending credit warning SMS to customer 15sundayswell [] []
[2020-06-25 08:00:02] Credit Warning SMS Yellow Zone log.INFO: Credit warning SMS sent to customer 15sundayswell [] []
[2020-06-25 08:00:02] Credit Warning SMS Yellow Zone log.INFO: Sending credit warning SMS to customer 21garryknock [] []
[2020-06-25 08:00:02] Credit Warning SMS Yellow Zone log.INFO: Credit warning SMS sent to customer 21garryknock [] []
[2020-06-25 08:00:02] Credit Warning SMS Yellow Zone log.INFO: Sending credit warning SMS to customer 13sundayswell [] []
[2020-06-25 08:00:02] Credit Warning SMS Yellow Zone log.INFO: Credit warning SMS sent to customer 13sundayswell [] []
[2020-06-25 08:00:02] Credit Warning SMS Yellow Zone log.INFO: Sending credit warning SMS to customer 39Emerald [] []
[2020-06-25 08:00:02] Credit Warning SMS Yellow Zone log.INFO: Credit warning SMS sent to customer 39Emerald [] []
[2020-06-25 08:00:02] Credit Warning SMS Yellow Zone log.INFO: Sending credit warning SMS to customer 15Emerald [] []
[2020-06-25 08:00:02] Credit Warning SMS Yellow Zone log.INFO: Credit warning SMS sent to customer 15Emerald [] []
[2020-06-25 08:00:02] Credit Warning SMS Yellow Zone log.INFO: Sending credit warning SMS to customer 40Emerald [] []
[2020-06-25 08:00:02] Credit Warning SMS Yellow Zone log.INFO: Credit warning SMS sent to customer 40Emerald [] []
[2020-06-25 08:00:02] Credit Warning SMS Yellow Zone log.INFO: Sending credit warning SMS to customer 18Emerald [] []
[2020-06-25 08:00:02] Credit Warning SMS Yellow Zone log.INFO: Credit warning SMS sent to customer 18Emerald [] []
[2020-06-25 08:00:02] Credit Warning SMS Yellow Zone log.INFO: Sending credit warning SMS to customer 17neptune [] []
[2020-06-25 08:00:02] Credit Warning SMS Yellow Zone log.INFO: Credit warning SMS sent to customer 17neptune [] []
[2020-06-25 08:00:02] Credit Warning SMS Yellow Zone log.INFO: Sending credit warning SMS to customer 115Neptune [] []
[2020-06-25 08:00:02] Credit Warning SMS Yellow Zone log.INFO: Credit warning SMS sent to customer 115Neptune [] []
[2020-06-25 08:00:02] Credit Warning SMS Yellow Zone log.INFO: Sending credit warning SMS to customer 134Neptune [] []
[2020-06-25 08:00:02] Credit Warning SMS Yellow Zone log.INFO: Credit warning SMS sent to customer 134Neptune [] []
[2020-06-25 08:00:02] Credit Warning SMS Yellow Zone log.INFO: Sending credit warning SMS to customer 112Neptune [] []
[2020-06-25 08:00:02] Credit Warning SMS Yellow Zone log.INFO: Credit warning SMS sent to customer 112Neptune [] []
[2020-06-25 08:00:02] Credit Warning SMS Yellow Zone log.INFO: Sending credit warning SMS to customer 62Neptune [] []
[2020-06-25 08:00:02] Credit Warning SMS Yellow Zone log.INFO: Credit warning SMS sent to customer 62Neptune [] []
[2020-06-25 08:00:02] Credit Warning SMS Yellow Zone log.INFO: Sending credit warning SMS to customer 38neptune [] []
[2020-06-25 08:00:02] Credit Warning SMS Yellow Zone log.INFO: Credit warning SMS sent to customer 38neptune [] []
[2020-06-25 08:00:02] Credit Warning SMS Yellow Zone log.INFO: Sending credit warning SMS to customer 1Abbott [] []
[2020-06-25 08:00:02] Credit Warning SMS Yellow Zone log.INFO: Credit warning SMS sent to customer 1Abbott [] []
[2020-06-25 08:00:02] Credit Warning SMS Yellow Zone log.INFO: Sending credit warning SMS to customer 3Abbott [] []
[2020-06-25 08:00:02] Credit Warning SMS Yellow Zone log.INFO: Credit warning SMS sent to customer 3Abbott [] []
[2020-06-25 08:00:02] Credit Warning SMS Yellow Zone log.INFO: Sending credit warning SMS to customer 28Abbott [] []
[2020-06-25 08:00:02] Credit Warning SMS Yellow Zone log.INFO: Credit warning SMS sent to customer 28Abbott [] []
[2020-06-25 08:00:02] Credit Warning SMS Yellow Zone log.INFO: Sending credit warning SMS to customer 37Abbott [] []
[2020-06-25 08:00:02] Credit Warning SMS Yellow Zone log.INFO: Credit warning SMS sent to customer 37Abbott [] []
[2020-06-25 08:00:02] Credit Warning SMS Yellow Zone log.INFO: Sending credit warning SMS to customer 47Abbott [] []
[2020-06-25 08:00:02] Credit Warning SMS Yellow Zone log.INFO: Credit warning SMS sent to customer 47Abbott [] []
[2020-06-25 08:00:02] Credit Warning SMS Yellow Zone log.INFO: Sending credit warning SMS to customer 87Abbott [] []
[2020-06-25 08:00:02] Credit Warning SMS Yellow Zone log.INFO: Credit warning SMS sent to customer 87Abbott [] []
[2020-06-25 08:00:02] Credit Warning SMS Yellow Zone log.INFO: Sending credit warning SMS to customer 70Abbott [] []
[2020-06-25 08:00:02] Credit Warning SMS Yellow Zone log.INFO: Credit warning SMS sent to customer 70Abbott [] []
[2020-06-25 08:00:02] Credit Warning SMS Yellow Zone log.INFO: Sending credit warning SMS to customer 69Abbott [] []
[2020-06-25 08:00:03] Credit Warning SMS Yellow Zone log.INFO: Credit warning SMS sent to customer 69Abbott [] []
[2020-06-25 08:00:03] Credit Warning SMS Yellow Zone log.INFO: Sending credit warning SMS to customer 71Abbott [] []
[2020-06-25 08:00:03] Credit Warning SMS Yellow Zone log.INFO: Credit warning SMS sent to customer 71Abbott [] []
[2020-06-25 08:00:03] Credit Warning SMS Yellow Zone log.INFO: Sending credit warning SMS to customer 110Abbott [] []
[2020-06-25 08:00:03] Credit Warning SMS Yellow Zone log.INFO: Credit warning SMS sent to customer 110Abbott [] []
[2020-06-25 08:00:03] Credit Warning SMS Yellow Zone log.INFO: Sending credit warning SMS to customer 117Abbott [] []
[2020-06-25 08:00:03] Credit Warning SMS Yellow Zone log.INFO: Credit warning SMS sent to customer 117Abbott [] []
[2020-06-25 08:00:03] Credit Warning SMS Yellow Zone log.INFO: Sending credit warning SMS to customer 98Abbott [] []
[2020-06-25 08:00:03] Credit Warning SMS Yellow Zone log.INFO: Credit warning SMS sent to customer 98Abbott [] []
[2020-06-25 08:00:03] Credit Warning SMS Yellow Zone log.INFO: Sending credit warning SMS to customer 95Abbott [] []
[2020-06-25 08:00:03] Credit Warning SMS Yellow Zone log.INFO: Credit warning SMS sent to customer 95Abbott [] []
[2020-06-25 08:00:03] Credit Warning SMS Yellow Zone log.INFO: Sending credit warning SMS to customer 4GreenBank [] []
[2020-06-25 08:00:03] Credit Warning SMS Yellow Zone log.INFO: Credit warning SMS sent to customer 4GreenBank [] []
[2020-06-25 08:00:03] Credit Warning SMS Yellow Zone log.INFO: Sending credit warning SMS to customer 12GreenBank [] []
[2020-06-25 08:00:03] Credit Warning SMS Yellow Zone log.INFO: Credit warning SMS sent to customer 12GreenBank [] []
[2020-06-25 08:00:03] Credit Warning SMS Yellow Zone log.INFO: Sending credit warning SMS to customer 144abbott [] []
[2020-06-25 08:00:03] Credit Warning SMS Yellow Zone log.INFO: Credit warning SMS sent to customer 144abbott [] []
[2020-06-25 08:00:03] Credit Warning SMS Yellow Zone log.INFO: Sending credit warning SMS to customer 35GreenBank [] []
[2020-06-25 08:00:03] Credit Warning SMS Yellow Zone log.INFO: Credit warning SMS sent to customer 35GreenBank [] []
[2020-06-25 08:00:03] Credit Warning SMS Yellow Zone log.INFO: Sending credit warning SMS to customer 1GreenBank [] []
[2020-06-25 08:00:03] Credit Warning SMS Yellow Zone log.INFO: Credit warning SMS sent to customer 1GreenBank [] []
[2020-06-25 08:00:03] Credit Warning SMS Yellow Zone log.INFO: Sending credit warning SMS to customer 166abbott [] []
[2020-06-25 08:00:03] Credit Warning SMS Yellow Zone log.INFO: Credit warning SMS sent to customer 166abbott [] []
[2020-06-25 08:00:03] Credit Warning SMS Yellow Zone log.INFO: Sending credit warning SMS to customer 29eustace [] []
[2020-06-25 08:00:03] Credit Warning SMS Yellow Zone log.INFO: Credit warning SMS sent to customer 29eustace [] []
[2020-06-25 08:00:03] Credit Warning SMS Yellow Zone log.INFO: Sending credit warning SMS to customer 74eustace [] []
[2020-06-25 08:00:03] Credit Warning SMS Yellow Zone log.INFO: Credit warning SMS sent to customer 74eustace [] []
[2020-06-25 08:00:03] Credit Warning SMS Yellow Zone log.INFO: Sending credit warning SMS to customer 3eustace [] []
[2020-06-25 08:00:03] Credit Warning SMS Yellow Zone log.INFO: Credit warning SMS sent to customer 3eustace [] []
[2020-06-25 08:00:03] Credit Warning SMS Yellow Zone log.INFO: Sending credit warning SMS to customer 156leona [] []
[2020-06-25 08:00:03] Credit Warning SMS Yellow Zone log.INFO: Credit warning SMS sent to customer 156leona [] []
[2020-06-25 08:00:03] Credit Warning SMS Yellow Zone log.INFO: Sending credit warning SMS to customer 5leona [] []
[2020-06-25 08:00:03] Credit Warning SMS Yellow Zone log.INFO: Credit warning SMS sent to customer 5leona [] []
[2020-06-25 08:00:03] Credit Warning SMS Yellow Zone log.INFO: Sending credit warning SMS to customer 16leona [] []
[2020-06-25 08:00:03] Credit Warning SMS Yellow Zone log.INFO: Credit warning SMS sent to customer 16leona [] []
[2020-06-25 08:00:03] Credit Warning SMS Yellow Zone log.INFO: Sending credit warning SMS to customer 11leona [] []
[2020-06-25 08:00:03] Credit Warning SMS Yellow Zone log.INFO: Credit warning SMS sent to customer 11leona [] []
[2020-06-25 08:00:03] Credit Warning SMS Yellow Zone log.INFO: Sending credit warning SMS to customer 37leona [] []
[2020-06-25 08:00:03] Credit Warning SMS Yellow Zone log.INFO: Credit warning SMS sent to customer 37leona [] []
[2020-06-25 08:00:03] Credit Warning SMS Yellow Zone log.INFO: Sending credit warning SMS to customer 153charlotte [] []
[2020-06-25 08:00:03] Credit Warning SMS Yellow Zone log.INFO: Credit warning SMS sent to customer 153charlotte [] []
[2020-06-25 08:00:03] Credit Warning SMS Yellow Zone log.INFO: Sending credit warning SMS to customer 144charlotte [] []
[2020-06-25 08:00:03] Credit Warning SMS Yellow Zone log.INFO: Credit warning SMS sent to customer 144charlotte [] []
[2020-06-25 08:00:03] Credit Warning SMS Yellow Zone log.INFO: Sending credit warning SMS to customer 6bridgefield [] []
[2020-06-25 08:00:03] Credit Warning SMS Yellow Zone log.INFO: Credit warning SMS sent to customer 6bridgefield [] []
[2020-06-25 08:00:03] Credit Warning SMS Yellow Zone log.INFO: Sending credit warning SMS to customer 30bridgefield [] []
[2020-06-25 08:00:03] Credit Warning SMS Yellow Zone log.INFO: Credit warning SMS sent to customer 30bridgefield [] []
[2020-06-25 08:00:03] Credit Warning SMS Yellow Zone log.INFO: Sending credit warning SMS to customer 43bridgefield [] []
[2020-06-25 08:00:03] Credit Warning SMS Yellow Zone log.INFO: Credit warning SMS sent to customer 43bridgefield [] []
[2020-06-25 08:00:03] Credit Warning SMS Yellow Zone log.INFO: Sending credit warning SMS to customer 52bridgefield [] []
[2020-06-25 08:00:04] Credit Warning SMS Yellow Zone log.INFO: Credit warning SMS sent to customer 52bridgefield [] []
[2020-06-25 08:00:04] Credit Warning SMS Yellow Zone log.INFO: Sending credit warning SMS to customer 80bridgefield [] []
[2020-06-25 08:00:04] Credit Warning SMS Yellow Zone log.INFO: Credit warning SMS sent to customer 80bridgefield [] []
[2020-06-25 08:00:04] Credit Warning SMS Yellow Zone log.INFO: Sending credit warning SMS to customer 193bridgefield [] []
[2020-06-25 08:00:04] Credit Warning SMS Yellow Zone log.INFO: Credit warning SMS sent to customer 193bridgefield [] []
[2020-06-25 08:00:04] Credit Warning SMS Yellow Zone log.INFO: Sending credit warning SMS to customer 5pappan [] []
[2020-06-25 08:00:04] Credit Warning SMS Yellow Zone log.INFO: Credit warning SMS sent to customer 5pappan [] []
[2020-06-25 08:00:04] Credit Warning SMS Yellow Zone log.INFO: Sending credit warning SMS to customer 16pappan [] []
[2020-06-25 08:00:04] Credit Warning SMS Yellow Zone log.INFO: Credit warning SMS sent to customer 16pappan [] []
[2020-06-25 08:00:04] Credit Warning SMS Yellow Zone log.INFO: Sending credit warning SMS to customer 79fairways [] []
[2020-06-25 08:00:04] Credit Warning SMS Yellow Zone log.INFO: Credit warning SMS sent to customer 79fairways [] []
[2020-06-25 08:00:04] Credit Warning SMS Yellow Zone log.INFO: Sending credit warning SMS to customer 106fairways [] []
[2020-06-25 08:00:04] Credit Warning SMS Yellow Zone log.INFO: Credit warning SMS sent to customer 106fairways [] []
[2020-06-25 08:00:04] Credit Warning SMS Yellow Zone log.INFO: Sending credit warning SMS to customer 133fairways [] []
[2020-06-25 08:00:04] Credit Warning SMS Yellow Zone log.INFO: Credit warning SMS sent to customer 133fairways [] []
[2020-06-25 08:00:04] Credit Warning SMS Yellow Zone log.INFO: Sending credit warning SMS to customer 12fairways [] []
[2020-06-25 08:00:04] Credit Warning SMS Yellow Zone log.INFO: Credit warning SMS sent to customer 12fairways [] []
[2020-06-25 08:00:04] Credit Warning SMS Yellow Zone log.INFO: Sending credit warning SMS to customer 45fairways [] []
[2020-06-25 08:00:04] Credit Warning SMS Yellow Zone log.INFO: Credit warning SMS sent to customer 45fairways [] []
[2020-06-25 08:00:04] Credit Warning SMS Yellow Zone log.INFO: Sending credit warning SMS to customer 3fairways [] []
[2020-06-25 08:00:04] Credit Warning SMS Yellow Zone log.INFO: Credit warning SMS sent to customer 3fairways [] []
[2020-06-25 08:00:04] Credit Warning SMS Yellow Zone log.INFO: Sending credit warning SMS to customer h18fairways [] []
[2020-06-25 08:00:04] Credit Warning SMS Yellow Zone log.INFO: Credit warning SMS sent to customer h18fairways [] []
[2020-06-25 08:00:04] Credit Warning SMS Yellow Zone log.INFO: Sending credit warning SMS to customer 38fairways [] []
[2020-06-25 08:00:04] Credit Warning SMS Yellow Zone log.INFO: Credit warning SMS sent to customer 38fairways [] []
[2020-06-25 08:00:04] Credit Warning SMS Yellow Zone log.INFO: Sending credit warning SMS to customer h33fairways [] []
[2020-06-25 08:00:04] Credit Warning SMS Yellow Zone log.INFO: Credit warning SMS sent to customer h33fairways [] []
[2020-06-25 08:00:04] Credit Warning SMS Yellow Zone log.INFO: Sending credit warning SMS to customer h26fairways [] []
[2020-06-25 08:00:04] Credit Warning SMS Yellow Zone log.INFO: Credit warning SMS sent to customer h26fairways [] []
[2020-06-25 08:00:04] Credit Warning SMS Yellow Zone log.INFO: Sending credit warning SMS to customer 54herberthill [] []
[2020-06-25 08:00:04] Credit Warning SMS Yellow Zone log.INFO: Credit warning SMS sent to customer 54herberthill [] []
[2020-06-25 08:00:04] Credit Warning SMS Yellow Zone log.INFO: Sending credit warning SMS to customer 76herberthill [] []
[2020-06-25 08:00:04] Credit Warning SMS Yellow Zone log.INFO: Credit warning SMS sent to customer 76herberthill [] []
[2020-06-25 08:00:04] Credit Warning SMS Yellow Zone log.INFO: Sending credit warning SMS to customer 23herberthill [] []
[2020-06-25 08:00:04] Credit Warning SMS Yellow Zone log.INFO: Credit warning SMS sent to customer 23herberthill [] []
[2020-06-25 08:00:04] Credit Warning SMS Yellow Zone log.INFO: Sending credit warning SMS to customer 41herberthill [] []
[2020-06-25 08:00:04] Credit Warning SMS Yellow Zone log.INFO: Credit warning SMS sent to customer 41herberthill [] []
[2020-06-25 08:00:04] Credit Warning SMS Yellow Zone log.INFO: Sending credit warning SMS to customer 27herberthill [] []
[2020-06-25 08:00:04] Credit Warning SMS Yellow Zone log.INFO: Credit warning SMS sent to customer 27herberthill [] []
[2020-06-25 08:00:04] Credit Warning SMS Yellow Zone log.INFO: Sent Credit warning SMS to 67 customers! [] []
