[2020-05-29 08:00:01] Credit Warning SMS Yellow Zone log.INFO: Sending credit warning SMS to customer 6garryknock [] []
[2020-05-29 08:00:02] Credit Warning SMS Yellow Zone log.INFO: Credit warning SMS sent to customer 6garryknock [] []
[2020-05-29 08:00:02] Credit Warning SMS Yellow Zone log.INFO: Sending credit warning SMS to customer 7garryknock [] []
[2020-05-29 08:00:02] Credit Warning SMS Yellow Zone log.INFO: Credit warning SMS sent to customer 7garryknock [] []
[2020-05-29 08:00:02] Credit Warning SMS Yellow Zone log.INFO: Sending credit warning SMS to customer 5garryknock [] []
[2020-05-29 08:00:02] Credit Warning SMS Yellow Zone log.INFO: Credit warning SMS sent to customer 5garryknock [] []
[2020-05-29 08:00:02] Credit Warning SMS Yellow Zone log.INFO: Sending credit warning SMS to customer 6brackenview [] []
[2020-05-29 08:00:02] Credit Warning SMS Yellow Zone log.INFO: Credit warning SMS sent to customer 6brackenview [] []
[2020-05-29 08:00:02] Credit Warning SMS Yellow Zone log.INFO: Sending credit warning SMS to customer 13Emerald [] []
[2020-05-29 08:00:02] Credit Warning SMS Yellow Zone log.INFO: Credit warning SMS sent to customer 13Emerald [] []
[2020-05-29 08:00:02] Credit Warning SMS Yellow Zone log.INFO: Sending credit warning SMS to customer 176neptune [] []
[2020-05-29 08:00:02] Credit Warning SMS Yellow Zone log.INFO: Credit warning SMS sent to customer 176neptune [] []
[2020-05-29 08:00:02] Credit Warning SMS Yellow Zone log.INFO: Sending credit warning SMS to customer 177neptune [] []
[2020-05-29 08:00:02] Credit Warning SMS Yellow Zone log.INFO: Credit warning SMS sent to customer 177neptune [] []
[2020-05-29 08:00:02] Credit Warning SMS Yellow Zone log.INFO: Sending credit warning SMS to customer 151Neptune [] []
[2020-05-29 08:00:02] Credit Warning SMS Yellow Zone log.INFO: Credit warning SMS sent to customer 151Neptune [] []
[2020-05-29 08:00:02] Credit Warning SMS Yellow Zone log.INFO: Sending credit warning SMS to customer 132Neptune [] []
[2020-05-29 08:00:02] Credit Warning SMS Yellow Zone log.INFO: Credit warning SMS sent to customer 132Neptune [] []
[2020-05-29 08:00:02] Credit Warning SMS Yellow Zone log.INFO: Sending credit warning SMS to customer 99Neptune [] []
[2020-05-29 08:00:02] Credit Warning SMS Yellow Zone log.INFO: Credit warning SMS sent to customer 99Neptune [] []
[2020-05-29 08:00:02] Credit Warning SMS Yellow Zone log.INFO: Sending credit warning SMS to customer 153Neptune [] []
[2020-05-29 08:00:02] Credit Warning SMS Yellow Zone log.INFO: Credit warning SMS sent to customer 153Neptune [] []
[2020-05-29 08:00:02] Credit Warning SMS Yellow Zone log.INFO: Sending credit warning SMS to customer 81Neptune [] []
[2020-05-29 08:00:02] Credit Warning SMS Yellow Zone log.INFO: Credit warning SMS sent to customer 81Neptune [] []
[2020-05-29 08:00:02] Credit Warning SMS Yellow Zone log.INFO: Sending credit warning SMS to customer 33neptune [] []
[2020-05-29 08:00:02] Credit Warning SMS Yellow Zone log.INFO: Credit warning SMS sent to customer 33neptune [] []
[2020-05-29 08:00:02] Credit Warning SMS Yellow Zone log.INFO: Sending credit warning SMS to customer 111Neptune [] []
[2020-05-29 08:00:02] Credit Warning SMS Yellow Zone log.INFO: Credit warning SMS sent to customer 111Neptune [] []
[2020-05-29 08:00:02] Credit Warning SMS Yellow Zone log.INFO: Sending credit warning SMS to customer 92Neptune [] []
[2020-05-29 08:00:02] Credit Warning SMS Yellow Zone log.INFO: Credit warning SMS sent to customer 92Neptune [] []
[2020-05-29 08:00:02] Credit Warning SMS Yellow Zone log.INFO: Sending credit warning SMS to customer 48Neptune [] []
[2020-05-29 08:00:02] Credit Warning SMS Yellow Zone log.INFO: Credit warning SMS sent to customer 48Neptune [] []
[2020-05-29 08:00:02] Credit Warning SMS Yellow Zone log.INFO: Sending credit warning SMS to customer 78Neptune [] []
[2020-05-29 08:00:02] Credit Warning SMS Yellow Zone log.INFO: Credit warning SMS sent to customer 78Neptune [] []
[2020-05-29 08:00:02] Credit Warning SMS Yellow Zone log.INFO: Sending credit warning SMS to customer 21Abbott [] []
[2020-05-29 08:00:02] Credit Warning SMS Yellow Zone log.INFO: Credit warning SMS sent to customer 21Abbott [] []
[2020-05-29 08:00:02] Credit Warning SMS Yellow Zone log.INFO: Sending credit warning SMS to customer 25Abbott [] []
[2020-05-29 08:00:02] Credit Warning SMS Yellow Zone log.INFO: Credit warning SMS sent to customer 25Abbott [] []
[2020-05-29 08:00:02] Credit Warning SMS Yellow Zone log.INFO: Sending credit warning SMS to customer 28Abbott [] []
[2020-05-29 08:00:02] Credit Warning SMS Yellow Zone log.INFO: Credit warning SMS sent to customer 28Abbott [] []
[2020-05-29 08:00:02] Credit Warning SMS Yellow Zone log.INFO: Sending credit warning SMS to customer 36Abbott [] []
[2020-05-29 08:00:02] Credit Warning SMS Yellow Zone log.INFO: Credit warning SMS sent to customer 36Abbott [] []
[2020-05-29 08:00:02] Credit Warning SMS Yellow Zone log.INFO: Sending credit warning SMS to customer 13Abbott [] []
[2020-05-29 08:00:02] Credit Warning SMS Yellow Zone log.INFO: Credit warning SMS sent to customer 13Abbott [] []
[2020-05-29 08:00:02] Credit Warning SMS Yellow Zone log.INFO: Sending credit warning SMS to customer 6Abbott [] []
[2020-05-29 08:00:02] Credit Warning SMS Yellow Zone log.INFO: Credit warning SMS sent to customer 6Abbott [] []
[2020-05-29 08:00:02] Credit Warning SMS Yellow Zone log.INFO: Sending credit warning SMS to customer 59Abbott [] []
[2020-05-29 08:00:02] Credit Warning SMS Yellow Zone log.INFO: Credit warning SMS sent to customer 59Abbott [] []
[2020-05-29 08:00:02] Credit Warning SMS Yellow Zone log.INFO: Sending credit warning SMS to customer 84Abbott [] []
[2020-05-29 08:00:02] Credit Warning SMS Yellow Zone log.INFO: Credit warning SMS sent to customer 84Abbott [] []
[2020-05-29 08:00:02] Credit Warning SMS Yellow Zone log.INFO: Sending credit warning SMS to customer 105Abbott [] []
[2020-05-29 08:00:03] Credit Warning SMS Yellow Zone log.INFO: Credit warning SMS sent to customer 105Abbott [] []
[2020-05-29 08:00:03] Credit Warning SMS Yellow Zone log.INFO: Sending credit warning SMS to customer 119Abbott [] []
[2020-05-29 08:00:03] Credit Warning SMS Yellow Zone log.INFO: Credit warning SMS sent to customer 119Abbott [] []
[2020-05-29 08:00:03] Credit Warning SMS Yellow Zone log.INFO: Sending credit warning SMS to customer 98Abbott [] []
[2020-05-29 08:00:03] Credit Warning SMS Yellow Zone log.INFO: Credit warning SMS sent to customer 98Abbott [] []
[2020-05-29 08:00:03] Credit Warning SMS Yellow Zone log.INFO: Sending credit warning SMS to customer 55Abbott [] []
[2020-05-29 08:00:03] Credit Warning SMS Yellow Zone log.INFO: Credit warning SMS sent to customer 55Abbott [] []
[2020-05-29 08:00:03] Credit Warning SMS Yellow Zone log.INFO: Sending credit warning SMS to customer 95Abbott [] []
[2020-05-29 08:00:03] Credit Warning SMS Yellow Zone log.INFO: Credit warning SMS sent to customer 95Abbott [] []
[2020-05-29 08:00:03] Credit Warning SMS Yellow Zone log.INFO: Sending credit warning SMS to customer 7GreenBank [] []
[2020-05-29 08:00:03] Credit Warning SMS Yellow Zone log.INFO: Credit warning SMS sent to customer 7GreenBank [] []
[2020-05-29 08:00:03] Credit Warning SMS Yellow Zone log.INFO: Sending credit warning SMS to customer 138abbott [] []
[2020-05-29 08:00:03] Credit Warning SMS Yellow Zone log.INFO: Credit warning SMS sent to customer 138abbott [] []
[2020-05-29 08:00:03] Credit Warning SMS Yellow Zone log.INFO: Sending credit warning SMS to customer 124leona [] []
[2020-05-29 08:00:03] Credit Warning SMS Yellow Zone log.INFO: Credit warning SMS sent to customer 124leona [] []
[2020-05-29 08:00:03] Credit Warning SMS Yellow Zone log.INFO: Sending credit warning SMS to customer 74leona [] []
[2020-05-29 08:00:03] Credit Warning SMS Yellow Zone log.INFO: Credit warning SMS sent to customer 74leona [] []
[2020-05-29 08:00:03] Credit Warning SMS Yellow Zone log.INFO: Sending credit warning SMS to customer 101leona [] []
[2020-05-29 08:00:03] Credit Warning SMS Yellow Zone log.INFO: Credit warning SMS sent to customer 101leona [] []
[2020-05-29 08:00:03] Credit Warning SMS Yellow Zone log.INFO: Sending credit warning SMS to customer 71leona [] []
[2020-05-29 08:00:03] Credit Warning SMS Yellow Zone log.INFO: Credit warning SMS sent to customer 71leona [] []
[2020-05-29 08:00:03] Credit Warning SMS Yellow Zone log.INFO: Sending credit warning SMS to customer 92leona [] []
[2020-05-29 08:00:03] Credit Warning SMS Yellow Zone log.INFO: Credit warning SMS sent to customer 92leona [] []
[2020-05-29 08:00:03] Credit Warning SMS Yellow Zone log.INFO: Sending credit warning SMS to customer 117leona [] []
[2020-05-29 08:00:03] Credit Warning SMS Yellow Zone log.INFO: Credit warning SMS sent to customer 117leona [] []
[2020-05-29 08:00:03] Credit Warning SMS Yellow Zone log.INFO: Sending credit warning SMS to customer 31leona [] []
[2020-05-29 08:00:03] Credit Warning SMS Yellow Zone log.INFO: Credit warning SMS sent to customer 31leona [] []
[2020-05-29 08:00:03] Credit Warning SMS Yellow Zone log.INFO: Sending credit warning SMS to customer 85leona [] []
[2020-05-29 08:00:03] Credit Warning SMS Yellow Zone log.INFO: Credit warning SMS sent to customer 85leona [] []
[2020-05-29 08:00:03] Credit Warning SMS Yellow Zone log.INFO: Sending credit warning SMS to customer 82leona [] []
[2020-05-29 08:00:03] Credit Warning SMS Yellow Zone log.INFO: Credit warning SMS sent to customer 82leona [] []
[2020-05-29 08:00:03] Credit Warning SMS Yellow Zone log.INFO: Sending credit warning SMS to customer 111charlotte [] []
[2020-05-29 08:00:03] Credit Warning SMS Yellow Zone log.INFO: Credit warning SMS sent to customer 111charlotte [] []
[2020-05-29 08:00:03] Credit Warning SMS Yellow Zone log.INFO: Sending credit warning SMS to customer 2charlotte [] []
[2020-05-29 08:00:03] Credit Warning SMS Yellow Zone log.INFO: Credit warning SMS sent to customer 2charlotte [] []
[2020-05-29 08:00:03] Credit Warning SMS Yellow Zone log.INFO: Sending credit warning SMS to customer 15charlotte [] []
[2020-05-29 08:00:03] Credit Warning SMS Yellow Zone log.INFO: Credit warning SMS sent to customer 15charlotte [] []
[2020-05-29 08:00:03] Credit Warning SMS Yellow Zone log.INFO: Sending credit warning SMS to customer 37charlotte [] []
[2020-05-29 08:00:03] Credit Warning SMS Yellow Zone log.INFO: Credit warning SMS sent to customer 37charlotte [] []
[2020-05-29 08:00:03] Credit Warning SMS Yellow Zone log.INFO: Sending credit warning SMS to customer 92charlotte [] []
[2020-05-29 08:00:03] Credit Warning SMS Yellow Zone log.INFO: Credit warning SMS sent to customer 92charlotte [] []
[2020-05-29 08:00:03] Credit Warning SMS Yellow Zone log.INFO: Sending credit warning SMS to customer 93charlotte [] []
[2020-05-29 08:00:03] Credit Warning SMS Yellow Zone log.INFO: Credit warning SMS sent to customer 93charlotte [] []
[2020-05-29 08:00:03] Credit Warning SMS Yellow Zone log.INFO: Sending credit warning SMS to customer 96charlotte [] []
[2020-05-29 08:00:03] Credit Warning SMS Yellow Zone log.INFO: Credit warning SMS sent to customer 96charlotte [] []
[2020-05-29 08:00:03] Credit Warning SMS Yellow Zone log.INFO: Sending credit warning SMS to customer 12charlotte [] []
[2020-05-29 08:00:03] Credit Warning SMS Yellow Zone log.INFO: Credit warning SMS sent to customer 12charlotte [] []
[2020-05-29 08:00:03] Credit Warning SMS Yellow Zone log.INFO: Sending credit warning SMS to customer 6bridgefield [] []
[2020-05-29 08:00:03] Credit Warning SMS Yellow Zone log.INFO: Credit warning SMS sent to customer 6bridgefield [] []
[2020-05-29 08:00:03] Credit Warning SMS Yellow Zone log.INFO: Sending credit warning SMS to customer 13bridgefield [] []
[2020-05-29 08:00:03] Credit Warning SMS Yellow Zone log.INFO: Credit warning SMS sent to customer 13bridgefield [] []
[2020-05-29 08:00:03] Credit Warning SMS Yellow Zone log.INFO: Sending credit warning SMS to customer 17bridgefield [] []
[2020-05-29 08:00:03] Credit Warning SMS Yellow Zone log.INFO: Credit warning SMS sent to customer 17bridgefield [] []
[2020-05-29 08:00:03] Credit Warning SMS Yellow Zone log.INFO: Sending credit warning SMS to customer 47bridgefield [] []
[2020-05-29 08:00:03] Credit Warning SMS Yellow Zone log.INFO: Credit warning SMS sent to customer 47bridgefield [] []
[2020-05-29 08:00:03] Credit Warning SMS Yellow Zone log.INFO: Sending credit warning SMS to customer 77bridgefield [] []
[2020-05-29 08:00:04] Credit Warning SMS Yellow Zone log.INFO: Credit warning SMS sent to customer 77bridgefield [] []
[2020-05-29 08:00:04] Credit Warning SMS Yellow Zone log.INFO: Sending credit warning SMS to customer 58bridgefield [] []
[2020-05-29 08:00:04] Credit Warning SMS Yellow Zone log.INFO: Credit warning SMS sent to customer 58bridgefield [] []
[2020-05-29 08:00:04] Credit Warning SMS Yellow Zone log.INFO: Sending credit warning SMS to customer 72bridgefield [] []
[2020-05-29 08:00:04] Credit Warning SMS Yellow Zone log.INFO: Credit warning SMS sent to customer 72bridgefield [] []
[2020-05-29 08:00:04] Credit Warning SMS Yellow Zone log.INFO: Sending credit warning SMS to customer 185bridgefield [] []
[2020-05-29 08:00:04] Credit Warning SMS Yellow Zone log.INFO: Credit warning SMS sent to customer 185bridgefield [] []
[2020-05-29 08:00:04] Credit Warning SMS Yellow Zone log.INFO: Sending credit warning SMS to customer 196bridgefield [] []
[2020-05-29 08:00:04] Credit Warning SMS Yellow Zone log.INFO: Credit warning SMS sent to customer 196bridgefield [] []
[2020-05-29 08:00:04] Credit Warning SMS Yellow Zone log.INFO: Sending credit warning SMS to customer 193bridgefield [] []
[2020-05-29 08:00:04] Credit Warning SMS Yellow Zone log.INFO: Credit warning SMS sent to customer 193bridgefield [] []
[2020-05-29 08:00:04] Credit Warning SMS Yellow Zone log.INFO: Sending credit warning SMS to customer 23pappan [] []
[2020-05-29 08:00:04] Credit Warning SMS Yellow Zone log.INFO: Credit warning SMS sent to customer 23pappan [] []
[2020-05-29 08:00:04] Credit Warning SMS Yellow Zone log.INFO: Sending credit warning SMS to customer 13pappan [] []
[2020-05-29 08:00:04] Credit Warning SMS Yellow Zone log.INFO: Credit warning SMS sent to customer 13pappan [] []
[2020-05-29 08:00:04] Credit Warning SMS Yellow Zone log.INFO: Sending credit warning SMS to customer 79fairways [] []
[2020-05-29 08:00:04] Credit Warning SMS Yellow Zone log.INFO: Credit warning SMS sent to customer 79fairways [] []
[2020-05-29 08:00:04] Credit Warning SMS Yellow Zone log.INFO: Sending credit warning SMS to customer 125fairways [] []
[2020-05-29 08:00:04] Credit Warning SMS Yellow Zone log.INFO: Credit warning SMS sent to customer 125fairways [] []
[2020-05-29 08:00:04] Credit Warning SMS Yellow Zone log.INFO: Sending credit warning SMS to customer 117fairways [] []
[2020-05-29 08:00:04] Credit Warning SMS Yellow Zone log.INFO: Credit warning SMS sent to customer 117fairways [] []
[2020-05-29 08:00:04] Credit Warning SMS Yellow Zone log.INFO: Sending credit warning SMS to customer 12fairways [] []
[2020-05-29 08:00:04] Credit Warning SMS Yellow Zone log.INFO: Credit warning SMS sent to customer 12fairways [] []
[2020-05-29 08:00:04] Credit Warning SMS Yellow Zone log.INFO: Sending credit warning SMS to customer 162fairways [] []
[2020-05-29 08:00:04] Credit Warning SMS Yellow Zone log.INFO: Credit warning SMS sent to customer 162fairways [] []
[2020-05-29 08:00:04] Credit Warning SMS Yellow Zone log.INFO: Sending credit warning SMS to customer h44fairways [] []
[2020-05-29 08:00:04] Credit Warning SMS Yellow Zone log.INFO: Credit warning SMS sent to customer h44fairways [] []
[2020-05-29 08:00:04] Credit Warning SMS Yellow Zone log.INFO: Sending credit warning SMS to customer h29fairways [] []
[2020-05-29 08:00:04] Credit Warning SMS Yellow Zone log.INFO: Credit warning SMS sent to customer h29fairways [] []
[2020-05-29 08:00:04] Credit Warning SMS Yellow Zone log.INFO: Sending credit warning SMS to customer 1herberthill [] []
[2020-05-29 08:00:04] Credit Warning SMS Yellow Zone log.INFO: Credit warning SMS sent to customer 1herberthill [] []
[2020-05-29 08:00:04] Credit Warning SMS Yellow Zone log.INFO: Sending credit warning SMS to customer 6herberthill [] []
[2020-05-29 08:00:04] Credit Warning SMS Yellow Zone log.INFO: Credit warning SMS sent to customer 6herberthill [] []
[2020-05-29 08:00:04] Credit Warning SMS Yellow Zone log.INFO: Sending credit warning SMS to customer 83herberthill [] []
[2020-05-29 08:00:04] Credit Warning SMS Yellow Zone log.INFO: Credit warning SMS sent to customer 83herberthill [] []
[2020-05-29 08:00:04] Credit Warning SMS Yellow Zone log.INFO: Sending credit warning SMS to customer 81herberthill [] []
[2020-05-29 08:00:04] Credit Warning SMS Yellow Zone log.INFO: Credit warning SMS sent to customer 81herberthill [] []
[2020-05-29 08:00:04] Credit Warning SMS Yellow Zone log.INFO: Sent Credit warning SMS to 72 customers! [] []
