[2020-03-15 10:30:02] Credit Warning SMS Yellow Zone log.INFO: Sending credit warning SMS to customer 12sundayswell [] []
[2020-03-15 10:30:02] Credit Warning SMS Yellow Zone log.INFO: Credit warning SMS sent to customer 12sundayswell [] []
[2020-03-15 10:30:02] Credit Warning SMS Yellow Zone log.INFO: Sending credit warning SMS to customer 20garryknock [] []
[2020-03-15 10:30:02] Credit Warning SMS Yellow Zone log.INFO: Credit warning SMS sent to customer 20garryknock [] []
[2020-03-15 10:30:02] Credit Warning SMS Yellow Zone log.INFO: Sending credit warning SMS to customer 15brackenview [] []
[2020-03-15 10:30:02] Credit Warning SMS Yellow Zone log.INFO: Credit warning SMS sent to customer 15brackenview [] []
[2020-03-15 10:30:02] Credit Warning SMS Yellow Zone log.INFO: Sending credit warning SMS to customer 5brackenview [] []
[2020-03-15 10:30:02] Credit Warning SMS Yellow Zone log.INFO: Credit warning SMS sent to customer 5brackenview [] []
[2020-03-15 10:30:02] Credit Warning SMS Yellow Zone log.INFO: Sending credit warning SMS to customer 26garryknock [] []
[2020-03-15 10:30:02] Credit Warning SMS Yellow Zone log.INFO: Credit warning SMS sent to customer 26garryknock [] []
[2020-03-15 10:30:02] Credit Warning SMS Yellow Zone log.INFO: Sending credit warning SMS to customer 13sundayswell [] []
[2020-03-15 10:30:02] Credit Warning SMS Yellow Zone log.INFO: Credit warning SMS sent to customer 13sundayswell [] []
[2020-03-15 10:30:02] Credit Warning SMS Yellow Zone log.INFO: Sending credit warning SMS to customer 39Emerald [] []
[2020-03-15 10:30:02] Credit Warning SMS Yellow Zone log.INFO: Credit warning SMS sent to customer 39Emerald [] []
[2020-03-15 10:30:02] Credit Warning SMS Yellow Zone log.INFO: Sending credit warning SMS to customer 19Emerald [] []
[2020-03-15 10:30:02] Credit Warning SMS Yellow Zone log.INFO: Credit warning SMS sent to customer 19Emerald [] []
[2020-03-15 10:30:02] Credit Warning SMS Yellow Zone log.INFO: Sending credit warning SMS to customer 10Emerald [] []
[2020-03-15 10:30:02] Credit Warning SMS Yellow Zone log.INFO: Credit warning SMS sent to customer 10Emerald [] []
[2020-03-15 10:30:02] Credit Warning SMS Yellow Zone log.INFO: Sending credit warning SMS to customer 16Emerald [] []
[2020-03-15 10:30:02] Credit Warning SMS Yellow Zone log.INFO: Credit warning SMS sent to customer 16Emerald [] []
[2020-03-15 10:30:02] Credit Warning SMS Yellow Zone log.INFO: Sending credit warning SMS to customer 13Emerald [] []
[2020-03-15 10:30:02] Credit Warning SMS Yellow Zone log.INFO: Credit warning SMS sent to customer 13Emerald [] []
[2020-03-15 10:30:02] Credit Warning SMS Yellow Zone log.INFO: Sending credit warning SMS to customer 7Emerald [] []
[2020-03-15 10:30:02] Credit Warning SMS Yellow Zone log.INFO: Credit warning SMS sent to customer 7Emerald [] []
[2020-03-15 10:30:02] Credit Warning SMS Yellow Zone log.INFO: Sending credit warning SMS to customer 6Emerald [] []
[2020-03-15 10:30:02] Credit Warning SMS Yellow Zone log.INFO: Credit warning SMS sent to customer 6Emerald [] []
[2020-03-15 10:30:02] Credit Warning SMS Yellow Zone log.INFO: Sending credit warning SMS to customer 153Neptune [] []
[2020-03-15 10:30:02] Credit Warning SMS Yellow Zone log.INFO: Credit warning SMS sent to customer 153Neptune [] []
[2020-03-15 10:30:02] Credit Warning SMS Yellow Zone log.INFO: Sending credit warning SMS to customer 123Neptune [] []
[2020-03-15 10:30:02] Credit Warning SMS Yellow Zone log.INFO: Credit warning SMS sent to customer 123Neptune [] []
[2020-03-15 10:30:02] Credit Warning SMS Yellow Zone log.INFO: Sending credit warning SMS to customer 103Neptune [] []
[2020-03-15 10:30:02] Credit Warning SMS Yellow Zone log.INFO: Credit warning SMS sent to customer 103Neptune [] []
[2020-03-15 10:30:02] Credit Warning SMS Yellow Zone log.INFO: Sending credit warning SMS to customer 140Neptune [] []
[2020-03-15 10:30:02] Credit Warning SMS Yellow Zone log.INFO: Credit warning SMS sent to customer 140Neptune [] []
[2020-03-15 10:30:02] Credit Warning SMS Yellow Zone log.INFO: Sending credit warning SMS to customer 42neptune [] []
[2020-03-15 10:30:02] Credit Warning SMS Yellow Zone log.INFO: Credit warning SMS sent to customer 42neptune [] []
[2020-03-15 10:30:02] Credit Warning SMS Yellow Zone log.INFO: Sending credit warning SMS to customer 34neptune [] []
[2020-03-15 10:30:03] Credit Warning SMS Yellow Zone log.INFO: Credit warning SMS sent to customer 34neptune [] []
[2020-03-15 10:30:03] Credit Warning SMS Yellow Zone log.INFO: Sending credit warning SMS to customer 100Neptune [] []
[2020-03-15 10:30:03] Credit Warning SMS Yellow Zone log.INFO: Credit warning SMS sent to customer 100Neptune [] []
[2020-03-15 10:30:03] Credit Warning SMS Yellow Zone log.INFO: Sending credit warning SMS to customer 25neptune [] []
[2020-03-15 10:30:03] Credit Warning SMS Yellow Zone log.INFO: Credit warning SMS sent to customer 25neptune [] []
[2020-03-15 10:30:03] Credit Warning SMS Yellow Zone log.INFO: Sending credit warning SMS to customer 94Neptune [] []
[2020-03-15 10:30:03] Credit Warning SMS Yellow Zone log.INFO: Credit warning SMS sent to customer 94Neptune [] []
[2020-03-15 10:30:03] Credit Warning SMS Yellow Zone log.INFO: Sending credit warning SMS to customer 10Abbott [] []
[2020-03-15 10:30:03] Credit Warning SMS Yellow Zone log.INFO: Credit warning SMS sent to customer 10Abbott [] []
[2020-03-15 10:30:03] Credit Warning SMS Yellow Zone log.INFO: Sending credit warning SMS to customer 15Abbott [] []
[2020-03-15 10:30:03] Credit Warning SMS Yellow Zone log.INFO: Credit warning SMS sent to customer 15Abbott [] []
[2020-03-15 10:30:03] Credit Warning SMS Yellow Zone log.INFO: Sending credit warning SMS to customer 21Abbott [] []
[2020-03-15 10:30:03] Credit Warning SMS Yellow Zone log.INFO: Credit warning SMS sent to customer 21Abbott [] []
[2020-03-15 10:30:03] Credit Warning SMS Yellow Zone log.INFO: Sending credit warning SMS to customer 37Abbott [] []
[2020-03-15 10:30:03] Credit Warning SMS Yellow Zone log.INFO: Credit warning SMS sent to customer 37Abbott [] []
[2020-03-15 10:30:03] Credit Warning SMS Yellow Zone log.INFO: Sending credit warning SMS to customer 40Abbott [] []
[2020-03-15 10:30:03] Credit Warning SMS Yellow Zone log.INFO: Credit warning SMS sent to customer 40Abbott [] []
[2020-03-15 10:30:03] Credit Warning SMS Yellow Zone log.INFO: Sending credit warning SMS to customer 62Abbott [] []
[2020-03-15 10:30:03] Credit Warning SMS Yellow Zone log.INFO: Credit warning SMS sent to customer 62Abbott [] []
[2020-03-15 10:30:03] Credit Warning SMS Yellow Zone log.INFO: Sending credit warning SMS to customer 87Abbott [] []
[2020-03-15 10:30:03] Credit Warning SMS Yellow Zone log.INFO: Credit warning SMS sent to customer 87Abbott [] []
[2020-03-15 10:30:03] Credit Warning SMS Yellow Zone log.INFO: Sending credit warning SMS to customer 84Abbott [] []
[2020-03-15 10:30:03] Credit Warning SMS Yellow Zone log.INFO: Credit warning SMS sent to customer 84Abbott [] []
[2020-03-15 10:30:03] Credit Warning SMS Yellow Zone log.INFO: Sending credit warning SMS to customer 91Abbott [] []
[2020-03-15 10:30:03] Credit Warning SMS Yellow Zone log.INFO: Credit warning SMS sent to customer 91Abbott [] []
[2020-03-15 10:30:03] Credit Warning SMS Yellow Zone log.INFO: Sending credit warning SMS to customer 92Abbott [] []
[2020-03-15 10:30:03] Credit Warning SMS Yellow Zone log.INFO: Credit warning SMS sent to customer 92Abbott [] []
[2020-03-15 10:30:03] Credit Warning SMS Yellow Zone log.INFO: Sending credit warning SMS to customer 71Abbott [] []
[2020-03-15 10:30:03] Credit Warning SMS Yellow Zone log.INFO: Credit warning SMS sent to customer 71Abbott [] []
[2020-03-15 10:30:03] Credit Warning SMS Yellow Zone log.INFO: Sending credit warning SMS to customer 100Abbott [] []
[2020-03-15 10:30:03] Credit Warning SMS Yellow Zone log.INFO: Credit warning SMS sent to customer 100Abbott [] []
[2020-03-15 10:30:03] Credit Warning SMS Yellow Zone log.INFO: Sending credit warning SMS to customer 105Abbott [] []
[2020-03-15 10:30:03] Credit Warning SMS Yellow Zone log.INFO: Credit warning SMS sent to customer 105Abbott [] []
[2020-03-15 10:30:03] Credit Warning SMS Yellow Zone log.INFO: Sending credit warning SMS to customer 98Abbott [] []
[2020-03-15 10:30:03] Credit Warning SMS Yellow Zone log.INFO: Credit warning SMS sent to customer 98Abbott [] []
[2020-03-15 10:30:03] Credit Warning SMS Yellow Zone log.INFO: Sending credit warning SMS to customer 97Abbott [] []
[2020-03-15 10:30:03] Credit Warning SMS Yellow Zone log.INFO: Credit warning SMS sent to customer 97Abbott [] []
[2020-03-15 10:30:03] Credit Warning SMS Yellow Zone log.INFO: Sending credit warning SMS to customer 141abbott [] []
[2020-03-15 10:30:03] Credit Warning SMS Yellow Zone log.INFO: Credit warning SMS sent to customer 141abbott [] []
[2020-03-15 10:30:03] Credit Warning SMS Yellow Zone log.INFO: Sending credit warning SMS to customer 161abbott [] []
[2020-03-15 10:30:03] Credit Warning SMS Yellow Zone log.INFO: Credit warning SMS sent to customer 161abbott [] []
[2020-03-15 10:30:03] Credit Warning SMS Yellow Zone log.INFO: Sending credit warning SMS to customer 179abbott [] []
[2020-03-15 10:30:03] Credit Warning SMS Yellow Zone log.INFO: Credit warning SMS sent to customer 179abbott [] []
[2020-03-15 10:30:03] Credit Warning SMS Yellow Zone log.INFO: Sending credit warning SMS to customer 163abbott [] []
[2020-03-15 10:30:03] Credit Warning SMS Yellow Zone log.INFO: Credit warning SMS sent to customer 163abbott [] []
[2020-03-15 10:30:03] Credit Warning SMS Yellow Zone log.INFO: Sending credit warning SMS to customer 54Abbott [] []
[2020-03-15 10:30:03] Credit Warning SMS Yellow Zone log.INFO: Credit warning SMS sent to customer 54Abbott [] []
[2020-03-15 10:30:03] Credit Warning SMS Yellow Zone log.INFO: Sending credit warning SMS to customer 151abbott [] []
[2020-03-15 10:30:03] Credit Warning SMS Yellow Zone log.INFO: Credit warning SMS sent to customer 151abbott [] []
[2020-03-15 10:30:03] Credit Warning SMS Yellow Zone log.INFO: Sending credit warning SMS to customer 87eustace [] []
[2020-03-15 10:30:03] Credit Warning SMS Yellow Zone log.INFO: Credit warning SMS sent to customer 87eustace [] []
[2020-03-15 10:30:03] Credit Warning SMS Yellow Zone log.INFO: Sending credit warning SMS to customer 92eustace [] []
[2020-03-15 10:30:03] Credit Warning SMS Yellow Zone log.INFO: Credit warning SMS sent to customer 92eustace [] []
[2020-03-15 10:30:03] Credit Warning SMS Yellow Zone log.INFO: Sending credit warning SMS to customer 144leona [] []
[2020-03-15 10:30:03] Credit Warning SMS Yellow Zone log.INFO: Credit warning SMS sent to customer 144leona [] []
[2020-03-15 10:30:03] Credit Warning SMS Yellow Zone log.INFO: Sending credit warning SMS to customer 131leona [] []
[2020-03-15 10:30:03] Credit Warning SMS Yellow Zone log.INFO: Credit warning SMS sent to customer 131leona [] []
[2020-03-15 10:30:03] Credit Warning SMS Yellow Zone log.INFO: Sending credit warning SMS to customer 5leona [] []
[2020-03-15 10:30:03] Credit Warning SMS Yellow Zone log.INFO: Credit warning SMS sent to customer 5leona [] []
[2020-03-15 10:30:03] Credit Warning SMS Yellow Zone log.INFO: Sending credit warning SMS to customer 9leona [] []
[2020-03-15 10:30:03] Credit Warning SMS Yellow Zone log.INFO: Credit warning SMS sent to customer 9leona [] []
[2020-03-15 10:30:03] Credit Warning SMS Yellow Zone log.INFO: Sending credit warning SMS to customer 135leona [] []
[2020-03-15 10:30:03] Credit Warning SMS Yellow Zone log.INFO: Credit warning SMS sent to customer 135leona [] []
[2020-03-15 10:30:03] Credit Warning SMS Yellow Zone log.INFO: Sending credit warning SMS to customer 107leona [] []
[2020-03-15 10:30:04] Credit Warning SMS Yellow Zone log.INFO: Credit warning SMS sent to customer 107leona [] []
[2020-03-15 10:30:04] Credit Warning SMS Yellow Zone log.INFO: Sending credit warning SMS to customer 108leona [] []
[2020-03-15 10:30:04] Credit Warning SMS Yellow Zone log.INFO: Credit warning SMS sent to customer 108leona [] []
[2020-03-15 10:30:04] Credit Warning SMS Yellow Zone log.INFO: Sending credit warning SMS to customer 31leona [] []
[2020-03-15 10:30:04] Credit Warning SMS Yellow Zone log.INFO: Credit warning SMS sent to customer 31leona [] []
[2020-03-15 10:30:04] Credit Warning SMS Yellow Zone log.INFO: Sending credit warning SMS to customer 122charlotte [] []
[2020-03-15 10:30:04] Credit Warning SMS Yellow Zone log.INFO: Credit warning SMS sent to customer 122charlotte [] []
[2020-03-15 10:30:04] Credit Warning SMS Yellow Zone log.INFO: Sending credit warning SMS to customer 127charlotte [] []
[2020-03-15 10:30:04] Credit Warning SMS Yellow Zone log.INFO: Credit warning SMS sent to customer 127charlotte [] []
[2020-03-15 10:30:04] Credit Warning SMS Yellow Zone log.INFO: Sending credit warning SMS to customer 117charlotte [] []
[2020-03-15 10:30:04] Credit Warning SMS Yellow Zone log.INFO: Credit warning SMS sent to customer 117charlotte [] []
[2020-03-15 10:30:04] Credit Warning SMS Yellow Zone log.INFO: Sending credit warning SMS to customer 40charlotte [] []
[2020-03-15 10:30:04] Credit Warning SMS Yellow Zone log.INFO: Credit warning SMS sent to customer 40charlotte [] []
[2020-03-15 10:30:04] Credit Warning SMS Yellow Zone log.INFO: Sending credit warning SMS to customer 35charlotte [] []
[2020-03-15 10:30:04] Credit Warning SMS Yellow Zone log.INFO: Credit warning SMS sent to customer 35charlotte [] []
[2020-03-15 10:30:04] Credit Warning SMS Yellow Zone log.INFO: Sending credit warning SMS to customer 65charlotte [] []
[2020-03-15 10:30:04] Credit Warning SMS Yellow Zone log.INFO: Credit warning SMS sent to customer 65charlotte [] []
[2020-03-15 10:30:04] Credit Warning SMS Yellow Zone log.INFO: Sending credit warning SMS to customer 75charlotte [] []
[2020-03-15 10:30:04] Credit Warning SMS Yellow Zone log.INFO: Credit warning SMS sent to customer 75charlotte [] []
[2020-03-15 10:30:04] Credit Warning SMS Yellow Zone log.INFO: Sending credit warning SMS to customer 97charlotte [] []
[2020-03-15 10:30:04] Credit Warning SMS Yellow Zone log.INFO: Credit warning SMS sent to customer 97charlotte [] []
[2020-03-15 10:30:04] Credit Warning SMS Yellow Zone log.INFO: Sending credit warning SMS to customer 115charlotte [] []
[2020-03-15 10:30:04] Credit Warning SMS Yellow Zone log.INFO: Credit warning SMS sent to customer 115charlotte [] []
[2020-03-15 10:30:04] Credit Warning SMS Yellow Zone log.INFO: Sending credit warning SMS to customer 50charlotte [] []
[2020-03-15 10:30:04] Credit Warning SMS Yellow Zone log.INFO: Credit warning SMS sent to customer 50charlotte [] []
[2020-03-15 10:30:04] Credit Warning SMS Yellow Zone log.INFO: Sending credit warning SMS to customer 112charlotte [] []
[2020-03-15 10:30:04] Credit Warning SMS Yellow Zone log.INFO: Credit warning SMS sent to customer 112charlotte [] []
[2020-03-15 10:30:04] Credit Warning SMS Yellow Zone log.INFO: Sending credit warning SMS to customer 3charlotte [] []
[2020-03-15 10:30:04] Credit Warning SMS Yellow Zone log.INFO: Credit warning SMS sent to customer 3charlotte [] []
[2020-03-15 10:30:04] Credit Warning SMS Yellow Zone log.INFO: Sending credit warning SMS to customer 84charlotte [] []
[2020-03-15 10:30:04] Credit Warning SMS Yellow Zone log.INFO: Credit warning SMS sent to customer 84charlotte [] []
[2020-03-15 10:30:04] Credit Warning SMS Yellow Zone log.INFO: Sending credit warning SMS to customer 68charlotte [] []
[2020-03-15 10:30:04] Credit Warning SMS Yellow Zone log.INFO: Credit warning SMS sent to customer 68charlotte [] []
[2020-03-15 10:30:04] Credit Warning SMS Yellow Zone log.INFO: Sending credit warning SMS to customer 4bridgefield [] []
[2020-03-15 10:30:04] Credit Warning SMS Yellow Zone log.INFO: Credit warning SMS sent to customer 4bridgefield [] []
[2020-03-15 10:30:04] Credit Warning SMS Yellow Zone log.INFO: Sending credit warning SMS to customer 14bridgefield [] []
[2020-03-15 10:30:04] Credit Warning SMS Yellow Zone log.INFO: Credit warning SMS sent to customer 14bridgefield [] []
[2020-03-15 10:30:04] Credit Warning SMS Yellow Zone log.INFO: Sending credit warning SMS to customer 5bridgefield [] []
[2020-03-15 10:30:04] Credit Warning SMS Yellow Zone log.INFO: Credit warning SMS sent to customer 5bridgefield [] []
[2020-03-15 10:30:04] Credit Warning SMS Yellow Zone log.INFO: Sending credit warning SMS to customer 72bridgefield [] []
[2020-03-15 10:30:04] Credit Warning SMS Yellow Zone log.INFO: Credit warning SMS sent to customer 72bridgefield [] []
[2020-03-15 10:30:04] Credit Warning SMS Yellow Zone log.INFO: Sending credit warning SMS to customer 53bridgefield [] []
[2020-03-15 10:30:04] Credit Warning SMS Yellow Zone log.INFO: Credit warning SMS sent to customer 53bridgefield [] []
[2020-03-15 10:30:04] Credit Warning SMS Yellow Zone log.INFO: Sending credit warning SMS to customer 35bridgefield [] []
[2020-03-15 10:30:04] Credit Warning SMS Yellow Zone log.INFO: Credit warning SMS sent to customer 35bridgefield [] []
[2020-03-15 10:30:04] Credit Warning SMS Yellow Zone log.INFO: Sending credit warning SMS to customer 118bridgefield [] []
[2020-03-15 10:30:04] Credit Warning SMS Yellow Zone log.INFO: Credit warning SMS sent to customer 118bridgefield [] []
[2020-03-15 10:30:04] Credit Warning SMS Yellow Zone log.INFO: Sending credit warning SMS to customer 185bridgefield [] []
[2020-03-15 10:30:04] Credit Warning SMS Yellow Zone log.INFO: Credit warning SMS sent to customer 185bridgefield [] []
[2020-03-15 10:30:04] Credit Warning SMS Yellow Zone log.INFO: Sending credit warning SMS to customer 204bridgefield [] []
[2020-03-15 10:30:04] Credit Warning SMS Yellow Zone log.INFO: Credit warning SMS sent to customer 204bridgefield [] []
[2020-03-15 10:30:04] Credit Warning SMS Yellow Zone log.INFO: Sending credit warning SMS to customer 31pappan [] []
[2020-03-15 10:30:04] Credit Warning SMS Yellow Zone log.INFO: Credit warning SMS sent to customer 31pappan [] []
[2020-03-15 10:30:04] Credit Warning SMS Yellow Zone log.INFO: Sending credit warning SMS to customer 85fairways [] []
[2020-03-15 10:30:04] Credit Warning SMS Yellow Zone log.INFO: Credit warning SMS sent to customer 85fairways [] []
[2020-03-15 10:30:04] Credit Warning SMS Yellow Zone log.INFO: Sending credit warning SMS to customer 125fairways [] []
[2020-03-15 10:30:04] Credit Warning SMS Yellow Zone log.INFO: Credit warning SMS sent to customer 125fairways [] []
[2020-03-15 10:30:04] Credit Warning SMS Yellow Zone log.INFO: Sending credit warning SMS to customer 107fairways [] []
[2020-03-15 10:30:04] Credit Warning SMS Yellow Zone log.INFO: Credit warning SMS sent to customer 107fairways [] []
[2020-03-15 10:30:04] Credit Warning SMS Yellow Zone log.INFO: Sending credit warning SMS to customer 131fairways [] []
[2020-03-15 10:30:04] Credit Warning SMS Yellow Zone log.INFO: Credit warning SMS sent to customer 131fairways [] []
[2020-03-15 10:30:04] Credit Warning SMS Yellow Zone log.INFO: Sending credit warning SMS to customer 12fairways [] []
[2020-03-15 10:30:05] Credit Warning SMS Yellow Zone log.INFO: Credit warning SMS sent to customer 12fairways [] []
[2020-03-15 10:30:05] Credit Warning SMS Yellow Zone log.INFO: Sending credit warning SMS to customer 65fairways [] []
[2020-03-15 10:30:05] Credit Warning SMS Yellow Zone log.INFO: Credit warning SMS sent to customer 65fairways [] []
[2020-03-15 10:30:05] Credit Warning SMS Yellow Zone log.INFO: Sending credit warning SMS to customer 35fairways [] []
[2020-03-15 10:30:05] Credit Warning SMS Yellow Zone log.INFO: Credit warning SMS sent to customer 35fairways [] []
[2020-03-15 10:30:05] Credit Warning SMS Yellow Zone log.INFO: Sending credit warning SMS to customer 73herberthill [] []
[2020-03-15 10:30:05] Credit Warning SMS Yellow Zone log.INFO: Credit warning SMS sent to customer 73herberthill [] []
[2020-03-15 10:30:05] Credit Warning SMS Yellow Zone log.INFO: Sending credit warning SMS to customer 6herberthill [] []
[2020-03-15 10:30:05] Credit Warning SMS Yellow Zone log.INFO: Credit warning SMS sent to customer 6herberthill [] []
[2020-03-15 10:30:05] Credit Warning SMS Yellow Zone log.INFO: Sending credit warning SMS to customer 29herberthill [] []
[2020-03-15 10:30:05] Credit Warning SMS Yellow Zone log.INFO: Credit warning SMS sent to customer 29herberthill [] []
[2020-03-15 10:30:05] Credit Warning SMS Yellow Zone log.INFO: Sent Credit warning SMS to 87 customers! [] []
