[2020-11-21 10:30:02] Credit Warning SMS Yellow Zone log.INFO: Sending credit warning SMS to customer 3sundayswell [] []
[2020-11-21 10:30:02] Credit Warning SMS Yellow Zone log.INFO: Credit warning SMS sent to customer 3sundayswell [] []
[2020-11-21 10:30:02] Credit Warning SMS Yellow Zone log.INFO: Sending credit warning SMS to customer 19garryknock [] []
[2020-11-21 10:30:02] Credit Warning SMS Yellow Zone log.INFO: Credit warning SMS sent to customer 19garryknock [] []
[2020-11-21 10:30:02] Credit Warning SMS Yellow Zone log.INFO: Sending credit warning SMS to customer 25garryknock [] []
[2020-11-21 10:30:02] Credit Warning SMS Yellow Zone log.INFO: Credit warning SMS sent to customer 25garryknock [] []
[2020-11-21 10:30:02] Credit Warning SMS Yellow Zone log.INFO: Sending credit warning SMS to customer 23garryknock [] []
[2020-11-21 10:30:02] Credit Warning SMS Yellow Zone log.INFO: Credit warning SMS sent to customer 23garryknock [] []
[2020-11-21 10:30:02] Credit Warning SMS Yellow Zone log.INFO: Sending credit warning SMS to customer 32Emerald [] []
[2020-11-21 10:30:02] Credit Warning SMS Yellow Zone log.INFO: Credit warning SMS sent to customer 32Emerald [] []
[2020-11-21 10:30:02] Credit Warning SMS Yellow Zone log.INFO: Sending credit warning SMS to customer 40Emerald [] []
[2020-11-21 10:30:02] Credit Warning SMS Yellow Zone log.INFO: Credit warning SMS sent to customer 40Emerald [] []
[2020-11-21 10:30:02] Credit Warning SMS Yellow Zone log.INFO: Sending credit warning SMS to customer 4neptune [] []
[2020-11-21 10:30:02] Credit Warning SMS Yellow Zone log.INFO: Credit warning SMS sent to customer 4neptune [] []
[2020-11-21 10:30:02] Credit Warning SMS Yellow Zone log.INFO: Sending credit warning SMS to customer 97Neptune [] []
[2020-11-21 10:30:02] Credit Warning SMS Yellow Zone log.INFO: Credit warning SMS sent to customer 97Neptune [] []
[2020-11-21 10:30:02] Credit Warning SMS Yellow Zone log.INFO: Sending credit warning SMS to customer 127Neptune [] []
[2020-11-21 10:30:02] Credit Warning SMS Yellow Zone log.INFO: Credit warning SMS sent to customer 127Neptune [] []
[2020-11-21 10:30:02] Credit Warning SMS Yellow Zone log.INFO: Sending credit warning SMS to customer 104Neptune [] []
[2020-11-21 10:30:02] Credit Warning SMS Yellow Zone log.INFO: Credit warning SMS sent to customer 104Neptune [] []
[2020-11-21 10:30:02] Credit Warning SMS Yellow Zone log.INFO: Sending credit warning SMS to customer 108Neptune [] []
[2020-11-21 10:30:02] Credit Warning SMS Yellow Zone log.INFO: Credit warning SMS sent to customer 108Neptune [] []
[2020-11-21 10:30:02] Credit Warning SMS Yellow Zone log.INFO: Sending credit warning SMS to customer 87Neptune [] []
[2020-11-21 10:30:02] Credit Warning SMS Yellow Zone log.INFO: Credit warning SMS sent to customer 87Neptune [] []
[2020-11-21 10:30:02] Credit Warning SMS Yellow Zone log.INFO: Sending credit warning SMS to customer 194neptune [] []
[2020-11-21 10:30:02] Credit Warning SMS Yellow Zone log.INFO: Credit warning SMS sent to customer 194neptune [] []
[2020-11-21 10:30:02] Credit Warning SMS Yellow Zone log.INFO: Sending credit warning SMS to customer 195neptune [] []
[2020-11-21 10:30:02] Credit Warning SMS Yellow Zone log.INFO: Credit warning SMS sent to customer 195neptune [] []
[2020-11-21 10:30:02] Credit Warning SMS Yellow Zone log.INFO: Sending credit warning SMS to customer 3Abbott [] []
[2020-11-21 10:30:02] Credit Warning SMS Yellow Zone log.INFO: Credit warning SMS sent to customer 3Abbott [] []
[2020-11-21 10:30:02] Credit Warning SMS Yellow Zone log.INFO: Sending credit warning SMS to customer 15Abbott [] []
[2020-11-21 10:30:02] Credit Warning SMS Yellow Zone log.INFO: Credit warning SMS sent to customer 15Abbott [] []
[2020-11-21 10:30:02] Credit Warning SMS Yellow Zone log.INFO: Sending credit warning SMS to customer 35Abbott [] []
[2020-11-21 10:30:02] Credit Warning SMS Yellow Zone log.INFO: Credit warning SMS sent to customer 35Abbott [] []
[2020-11-21 10:30:02] Credit Warning SMS Yellow Zone log.INFO: Sending credit warning SMS to customer 36Abbott [] []
[2020-11-21 10:30:03] Credit Warning SMS Yellow Zone log.INFO: Credit warning SMS sent to customer 36Abbott [] []
[2020-11-21 10:30:03] Credit Warning SMS Yellow Zone log.INFO: Sending credit warning SMS to customer 37Abbott [] []
[2020-11-21 10:30:03] Credit Warning SMS Yellow Zone log.INFO: Credit warning SMS sent to customer 37Abbott [] []
[2020-11-21 10:30:03] Credit Warning SMS Yellow Zone log.INFO: Sending credit warning SMS to customer 13Abbott [] []
[2020-11-21 10:30:03] Credit Warning SMS Yellow Zone log.INFO: Credit warning SMS sent to customer 13Abbott [] []
[2020-11-21 10:30:03] Credit Warning SMS Yellow Zone log.INFO: Sending credit warning SMS to customer 74Abbott [] []
[2020-11-21 10:30:03] Credit Warning SMS Yellow Zone log.INFO: Credit warning SMS sent to customer 74Abbott [] []
[2020-11-21 10:30:03] Credit Warning SMS Yellow Zone log.INFO: Sending credit warning SMS to customer 87Abbott [] []
[2020-11-21 10:30:03] Credit Warning SMS Yellow Zone log.INFO: Credit warning SMS sent to customer 87Abbott [] []
[2020-11-21 10:30:03] Credit Warning SMS Yellow Zone log.INFO: Sending credit warning SMS to customer 84Abbott [] []
[2020-11-21 10:30:03] Credit Warning SMS Yellow Zone log.INFO: Credit warning SMS sent to customer 84Abbott [] []
[2020-11-21 10:30:03] Credit Warning SMS Yellow Zone log.INFO: Sending credit warning SMS to customer 69Abbott [] []
[2020-11-21 10:30:03] Credit Warning SMS Yellow Zone log.INFO: Credit warning SMS sent to customer 69Abbott [] []
[2020-11-21 10:30:03] Credit Warning SMS Yellow Zone log.INFO: Sending credit warning SMS to customer 91Abbott [] []
[2020-11-21 10:30:03] Credit Warning SMS Yellow Zone log.INFO: Credit warning SMS sent to customer 91Abbott [] []
[2020-11-21 10:30:03] Credit Warning SMS Yellow Zone log.INFO: Sending credit warning SMS to customer 71Abbott [] []
[2020-11-21 10:30:03] Credit Warning SMS Yellow Zone log.INFO: Credit warning SMS sent to customer 71Abbott [] []
[2020-11-21 10:30:03] Credit Warning SMS Yellow Zone log.INFO: Sending credit warning SMS to customer 100Abbott [] []
[2020-11-21 10:30:03] Credit Warning SMS Yellow Zone log.INFO: Credit warning SMS sent to customer 100Abbott [] []
[2020-11-21 10:30:03] Credit Warning SMS Yellow Zone log.INFO: Sending credit warning SMS to customer 105Abbott [] []
[2020-11-21 10:30:03] Credit Warning SMS Yellow Zone log.INFO: Credit warning SMS sent to customer 105Abbott [] []
[2020-11-21 10:30:03] Credit Warning SMS Yellow Zone log.INFO: Sending credit warning SMS to customer 124Abbott [] []
[2020-11-21 10:30:03] Credit Warning SMS Yellow Zone log.INFO: Credit warning SMS sent to customer 124Abbott [] []
[2020-11-21 10:30:03] Credit Warning SMS Yellow Zone log.INFO: Sending credit warning SMS to customer 126abbott [] []
[2020-11-21 10:30:03] Credit Warning SMS Yellow Zone log.INFO: Credit warning SMS sent to customer 126abbott [] []
[2020-11-21 10:30:03] Credit Warning SMS Yellow Zone log.INFO: Sending credit warning SMS to customer 140abbott [] []
[2020-11-21 10:30:03] Credit Warning SMS Yellow Zone log.INFO: Credit warning SMS sent to customer 140abbott [] []
[2020-11-21 10:30:03] Credit Warning SMS Yellow Zone log.INFO: Sending credit warning SMS to customer 177abbott [] []
[2020-11-21 10:30:03] Credit Warning SMS Yellow Zone log.INFO: Credit warning SMS sent to customer 177abbott [] []
[2020-11-21 10:30:03] Credit Warning SMS Yellow Zone log.INFO: Sending credit warning SMS to customer 143abbott [] []
[2020-11-21 10:30:03] Credit Warning SMS Yellow Zone log.INFO: Credit warning SMS sent to customer 143abbott [] []
[2020-11-21 10:30:03] Credit Warning SMS Yellow Zone log.INFO: Sending credit warning SMS to customer 149abbott [] []
[2020-11-21 10:30:03] Credit Warning SMS Yellow Zone log.INFO: Credit warning SMS sent to customer 149abbott [] []
[2020-11-21 10:30:03] Credit Warning SMS Yellow Zone log.INFO: Sending credit warning SMS to customer 164abbott [] []
[2020-11-21 10:30:03] Credit Warning SMS Yellow Zone log.INFO: Credit warning SMS sent to customer 164abbott [] []
[2020-11-21 10:30:03] Credit Warning SMS Yellow Zone log.INFO: Sending credit warning SMS to customer 1GreenBank [] []
[2020-11-21 10:30:03] Credit Warning SMS Yellow Zone log.INFO: Credit warning SMS sent to customer 1GreenBank [] []
[2020-11-21 10:30:03] Credit Warning SMS Yellow Zone log.INFO: Sending credit warning SMS to customer 151abbott [] []
[2020-11-21 10:30:03] Credit Warning SMS Yellow Zone log.INFO: Credit warning SMS sent to customer 151abbott [] []
[2020-11-21 10:30:03] Credit Warning SMS Yellow Zone log.INFO: Sending credit warning SMS to customer 156leona [] []
[2020-11-21 10:30:03] Credit Warning SMS Yellow Zone log.INFO: Credit warning SMS sent to customer 156leona [] []
[2020-11-21 10:30:03] Credit Warning SMS Yellow Zone log.INFO: Sending credit warning SMS to customer 22leona [] []
[2020-11-21 10:30:03] Credit Warning SMS Yellow Zone log.INFO: Credit warning SMS sent to customer 22leona [] []
[2020-11-21 10:30:03] Credit Warning SMS Yellow Zone log.INFO: Sending credit warning SMS to customer 23leona [] []
[2020-11-21 10:30:03] Credit Warning SMS Yellow Zone log.INFO: Credit warning SMS sent to customer 23leona [] []
[2020-11-21 10:30:03] Credit Warning SMS Yellow Zone log.INFO: Sending credit warning SMS to customer 94leona [] []
[2020-11-21 10:30:03] Credit Warning SMS Yellow Zone log.INFO: Credit warning SMS sent to customer 94leona [] []
[2020-11-21 10:30:03] Credit Warning SMS Yellow Zone log.INFO: Sending credit warning SMS to customer 102charlotte [] []
[2020-11-21 10:30:03] Credit Warning SMS Yellow Zone log.INFO: Credit warning SMS sent to customer 102charlotte [] []
[2020-11-21 10:30:03] Credit Warning SMS Yellow Zone log.INFO: Sending credit warning SMS to customer 42charlotte [] []
[2020-11-21 10:30:03] Credit Warning SMS Yellow Zone log.INFO: Credit warning SMS sent to customer 42charlotte [] []
[2020-11-21 10:30:03] Credit Warning SMS Yellow Zone log.INFO: Sending credit warning SMS to customer 56charlotte [] []
[2020-11-21 10:30:04] Credit Warning SMS Yellow Zone log.INFO: Credit warning SMS sent to customer 56charlotte [] []
[2020-11-21 10:30:04] Credit Warning SMS Yellow Zone log.INFO: Sending credit warning SMS to customer 80charlotte [] []
[2020-11-21 10:30:04] Credit Warning SMS Yellow Zone log.INFO: Credit warning SMS sent to customer 80charlotte [] []
[2020-11-21 10:30:04] Credit Warning SMS Yellow Zone log.INFO: Sending credit warning SMS to customer 112charlotte [] []
[2020-11-21 10:30:04] Credit Warning SMS Yellow Zone log.INFO: Credit warning SMS sent to customer 112charlotte [] []
[2020-11-21 10:30:04] Credit Warning SMS Yellow Zone log.INFO: Sending credit warning SMS to customer 7charlotte [] []
[2020-11-21 10:30:04] Credit Warning SMS Yellow Zone log.INFO: Credit warning SMS sent to customer 7charlotte [] []
[2020-11-21 10:30:04] Credit Warning SMS Yellow Zone log.INFO: Sending credit warning SMS to customer 108charlotte [] []
[2020-11-21 10:30:04] Credit Warning SMS Yellow Zone log.INFO: Credit warning SMS sent to customer 108charlotte [] []
[2020-11-21 10:30:04] Credit Warning SMS Yellow Zone log.INFO: Sending credit warning SMS to customer 38bridgefield [] []
[2020-11-21 10:30:04] Credit Warning SMS Yellow Zone log.INFO: Credit warning SMS sent to customer 38bridgefield [] []
[2020-11-21 10:30:04] Credit Warning SMS Yellow Zone log.INFO: Sending credit warning SMS to customer 52bridgefield [] []
[2020-11-21 10:30:04] Credit Warning SMS Yellow Zone log.INFO: Credit warning SMS sent to customer 52bridgefield [] []
[2020-11-21 10:30:04] Credit Warning SMS Yellow Zone log.INFO: Sending credit warning SMS to customer 71bridgefield [] []
[2020-11-21 10:30:04] Credit Warning SMS Yellow Zone log.INFO: Credit warning SMS sent to customer 71bridgefield [] []
[2020-11-21 10:30:04] Credit Warning SMS Yellow Zone log.INFO: Sending credit warning SMS to customer 78bridgefield [] []
[2020-11-21 10:30:04] Credit Warning SMS Yellow Zone log.INFO: Credit warning SMS sent to customer 78bridgefield [] []
[2020-11-21 10:30:04] Credit Warning SMS Yellow Zone log.INFO: Sending credit warning SMS to customer 73bridgefield [] []
[2020-11-21 10:30:04] Credit Warning SMS Yellow Zone log.INFO: Credit warning SMS sent to customer 73bridgefield [] []
[2020-11-21 10:30:04] Credit Warning SMS Yellow Zone log.INFO: Sending credit warning SMS to customer 101bridgefield [] []
[2020-11-21 10:30:04] Credit Warning SMS Yellow Zone log.INFO: Credit warning SMS sent to customer 101bridgefield [] []
[2020-11-21 10:30:04] Credit Warning SMS Yellow Zone log.INFO: Sending credit warning SMS to customer 132bridgefield [] []
[2020-11-21 10:30:04] Credit Warning SMS Yellow Zone log.INFO: Credit warning SMS sent to customer 132bridgefield [] []
[2020-11-21 10:30:04] Credit Warning SMS Yellow Zone log.INFO: Sending credit warning SMS to customer 162bridgefield [] []
[2020-11-21 10:30:04] Credit Warning SMS Yellow Zone log.INFO: Credit warning SMS sent to customer 162bridgefield [] []
[2020-11-21 10:30:04] Credit Warning SMS Yellow Zone log.INFO: Sending credit warning SMS to customer 197bridgefield [] []
[2020-11-21 10:30:04] Credit Warning SMS Yellow Zone log.INFO: Credit warning SMS sent to customer 197bridgefield [] []
[2020-11-21 10:30:04] Credit Warning SMS Yellow Zone log.INFO: Sending credit warning SMS to customer 112bridgefield [] []
[2020-11-21 10:30:04] Credit Warning SMS Yellow Zone log.INFO: Credit warning SMS sent to customer 112bridgefield [] []
[2020-11-21 10:30:04] Credit Warning SMS Yellow Zone log.INFO: Sending credit warning SMS to customer 68bridgefield [] []
[2020-11-21 10:30:04] Credit Warning SMS Yellow Zone log.INFO: Credit warning SMS sent to customer 68bridgefield [] []
[2020-11-21 10:30:04] Credit Warning SMS Yellow Zone log.INFO: Sending credit warning SMS to customer 5pappan [] []
[2020-11-21 10:30:04] Credit Warning SMS Yellow Zone log.INFO: Credit warning SMS sent to customer 5pappan [] []
[2020-11-21 10:30:04] Credit Warning SMS Yellow Zone log.INFO: Sending credit warning SMS to customer 16pappan [] []
[2020-11-21 10:30:04] Credit Warning SMS Yellow Zone log.INFO: Credit warning SMS sent to customer 16pappan [] []
[2020-11-21 10:30:04] Credit Warning SMS Yellow Zone log.INFO: Sending credit warning SMS to customer 116fairways [] []
[2020-11-21 10:30:04] Credit Warning SMS Yellow Zone log.INFO: Credit warning SMS sent to customer 116fairways [] []
[2020-11-21 10:30:04] Credit Warning SMS Yellow Zone log.INFO: Sending credit warning SMS to customer 154fairways [] []
[2020-11-21 10:30:04] Credit Warning SMS Yellow Zone log.INFO: Credit warning SMS sent to customer 154fairways [] []
[2020-11-21 10:30:04] Credit Warning SMS Yellow Zone log.INFO: Sending credit warning SMS to customer 2fairways [] []
[2020-11-21 10:30:04] Credit Warning SMS Yellow Zone log.INFO: Credit warning SMS sent to customer 2fairways [] []
[2020-11-21 10:30:04] Credit Warning SMS Yellow Zone log.INFO: Sending credit warning SMS to customer 10fairways [] []
[2020-11-21 10:30:04] Credit Warning SMS Yellow Zone log.INFO: Credit warning SMS sent to customer 10fairways [] []
[2020-11-21 10:30:04] Credit Warning SMS Yellow Zone log.INFO: Sending credit warning SMS to customer 3fairways [] []
[2020-11-21 10:30:04] Credit Warning SMS Yellow Zone log.INFO: Credit warning SMS sent to customer 3fairways [] []
[2020-11-21 10:30:04] Credit Warning SMS Yellow Zone log.INFO: Sending credit warning SMS to customer 38fairways [] []
[2020-11-21 10:30:04] Credit Warning SMS Yellow Zone log.INFO: Credit warning SMS sent to customer 38fairways [] []
[2020-11-21 10:30:04] Credit Warning SMS Yellow Zone log.INFO: Sending credit warning SMS to customer 84fairways [] []
[2020-11-21 10:30:04] Credit Warning SMS Yellow Zone log.INFO: Credit warning SMS sent to customer 84fairways [] []
[2020-11-21 10:30:04] Credit Warning SMS Yellow Zone log.INFO: Sending credit warning SMS to customer 54herberthill [] []
[2020-11-21 10:30:04] Credit Warning SMS Yellow Zone log.INFO: Credit warning SMS sent to customer 54herberthill [] []
[2020-11-21 10:30:04] Credit Warning SMS Yellow Zone log.INFO: Sending credit warning SMS to customer 63herberthill [] []
[2020-11-21 10:30:05] Credit Warning SMS Yellow Zone log.INFO: Credit warning SMS sent to customer 63herberthill [] []
[2020-11-21 10:30:05] Credit Warning SMS Yellow Zone log.INFO: Sending credit warning SMS to customer 60herberthill [] []
[2020-11-21 10:30:05] Credit Warning SMS Yellow Zone log.INFO: Credit warning SMS sent to customer 60herberthill [] []
[2020-11-21 10:30:05] Credit Warning SMS Yellow Zone log.INFO: Sending credit warning SMS to customer 3herberthill [] []
[2020-11-21 10:30:05] Credit Warning SMS Yellow Zone log.INFO: Credit warning SMS sent to customer 3herberthill [] []
[2020-11-21 10:30:05] Credit Warning SMS Yellow Zone log.INFO: Sending credit warning SMS to customer 83herberthill [] []
[2020-11-21 10:30:05] Credit Warning SMS Yellow Zone log.INFO: Credit warning SMS sent to customer 83herberthill [] []
[2020-11-21 10:30:05] Credit Warning SMS Yellow Zone log.INFO: Sending credit warning SMS to customer 61herberthill [] []
[2020-11-21 10:30:05] Credit Warning SMS Yellow Zone log.INFO: Credit warning SMS sent to customer 61herberthill [] []
[2020-11-21 10:30:05] Credit Warning SMS Yellow Zone log.INFO: Sending credit warning SMS to customer 11herberthill [] []
[2020-11-21 10:30:05] Credit Warning SMS Yellow Zone log.INFO: Credit warning SMS sent to customer 11herberthill [] []
[2020-11-21 10:30:05] Credit Warning SMS Yellow Zone log.INFO: Sending credit warning SMS to customer 46herberthill [] []
[2020-11-21 10:30:05] Credit Warning SMS Yellow Zone log.INFO: Credit warning SMS sent to customer 46herberthill [] []
[2020-11-21 10:30:05] Credit Warning SMS Yellow Zone log.INFO: Sent Credit warning SMS to 76 customers! [] []
