[2020-12-12 10:30:02] Credit Warning SMS Yellow Zone log.INFO: Sending credit warning SMS to customer 12brackenview [] []
[2020-12-12 10:30:02] Credit Warning SMS Yellow Zone log.INFO: Credit warning SMS sent to customer 12brackenview [] []
[2020-12-12 10:30:02] Credit Warning SMS Yellow Zone log.INFO: Sending credit warning SMS to customer 8Emerald [] []
[2020-12-12 10:30:02] Credit Warning SMS Yellow Zone log.INFO: Credit warning SMS sent to customer 8Emerald [] []
[2020-12-12 10:30:02] Credit Warning SMS Yellow Zone log.INFO: Sending credit warning SMS to customer 6Emerald [] []
[2020-12-12 10:30:02] Credit Warning SMS Yellow Zone log.INFO: Credit warning SMS sent to customer 6Emerald [] []
[2020-12-12 10:30:02] Credit Warning SMS Yellow Zone log.INFO: Sending credit warning SMS to customer 117Neptune [] []
[2020-12-12 10:30:02] Credit Warning SMS Yellow Zone log.INFO: Credit warning SMS sent to customer 117Neptune [] []
[2020-12-12 10:30:02] Credit Warning SMS Yellow Zone log.INFO: Sending credit warning SMS to customer 157Neptune [] []
[2020-12-12 10:30:02] Credit Warning SMS Yellow Zone log.INFO: Credit warning SMS sent to customer 157Neptune [] []
[2020-12-12 10:30:02] Credit Warning SMS Yellow Zone log.INFO: Sending credit warning SMS to customer 101Neptune [] []
[2020-12-12 10:30:02] Credit Warning SMS Yellow Zone log.INFO: Credit warning SMS sent to customer 101Neptune [] []
[2020-12-12 10:30:02] Credit Warning SMS Yellow Zone log.INFO: Sending credit warning SMS to customer 140Neptune [] []
[2020-12-12 10:30:02] Credit Warning SMS Yellow Zone log.INFO: Credit warning SMS sent to customer 140Neptune [] []
[2020-12-12 10:30:02] Credit Warning SMS Yellow Zone log.INFO: Sending credit warning SMS to customer 186neptune [] []
[2020-12-12 10:30:02] Credit Warning SMS Yellow Zone log.INFO: Credit warning SMS sent to customer 186neptune [] []
[2020-12-12 10:30:02] Credit Warning SMS Yellow Zone log.INFO: Sending credit warning SMS to customer 170neptune [] []
[2020-12-12 10:30:02] Credit Warning SMS Yellow Zone log.INFO: Credit warning SMS sent to customer 170neptune [] []
[2020-12-12 10:30:02] Credit Warning SMS Yellow Zone log.INFO: Sending credit warning SMS to customer 94Neptune [] []
[2020-12-12 10:30:02] Credit Warning SMS Yellow Zone log.INFO: Credit warning SMS sent to customer 94Neptune [] []
[2020-12-12 10:30:02] Credit Warning SMS Yellow Zone log.INFO: Sending credit warning SMS to customer 116Neptune [] []
[2020-12-12 10:30:02] Credit Warning SMS Yellow Zone log.INFO: Credit warning SMS sent to customer 116Neptune [] []
[2020-12-12 10:30:02] Credit Warning SMS Yellow Zone log.INFO: Sending credit warning SMS to customer 12Abbott [] []
[2020-12-12 10:30:02] Credit Warning SMS Yellow Zone log.INFO: Credit warning SMS sent to customer 12Abbott [] []
[2020-12-12 10:30:02] Credit Warning SMS Yellow Zone log.INFO: Sending credit warning SMS to customer 17Abbott [] []
[2020-12-12 10:30:03] Credit Warning SMS Yellow Zone log.INFO: Credit warning SMS sent to customer 17Abbott [] []
[2020-12-12 10:30:03] Credit Warning SMS Yellow Zone log.INFO: Sending credit warning SMS to customer 31Abbott [] []
[2020-12-12 10:30:03] Credit Warning SMS Yellow Zone log.INFO: Credit warning SMS sent to customer 31Abbott [] []
[2020-12-12 10:30:03] Credit Warning SMS Yellow Zone log.INFO: Sending credit warning SMS to customer 37Abbott [] []
[2020-12-12 10:30:03] Credit Warning SMS Yellow Zone log.INFO: Credit warning SMS sent to customer 37Abbott [] []
[2020-12-12 10:30:03] Credit Warning SMS Yellow Zone log.INFO: Sending credit warning SMS to customer 76Abbott [] []
[2020-12-12 10:30:03] Credit Warning SMS Yellow Zone log.INFO: Credit warning SMS sent to customer 76Abbott [] []
[2020-12-12 10:30:03] Credit Warning SMS Yellow Zone log.INFO: Sending credit warning SMS to customer 71Abbott [] []
[2020-12-12 10:30:03] Credit Warning SMS Yellow Zone log.INFO: Credit warning SMS sent to customer 71Abbott [] []
[2020-12-12 10:30:03] Credit Warning SMS Yellow Zone log.INFO: Sending credit warning SMS to customer 105Abbott [] []
[2020-12-12 10:30:03] Credit Warning SMS Yellow Zone log.INFO: Credit warning SMS sent to customer 105Abbott [] []
[2020-12-12 10:30:03] Credit Warning SMS Yellow Zone log.INFO: Sending credit warning SMS to customer 109Abbott [] []
[2020-12-12 10:30:03] Credit Warning SMS Yellow Zone log.INFO: Credit warning SMS sent to customer 109Abbott [] []
[2020-12-12 10:30:03] Credit Warning SMS Yellow Zone log.INFO: Sending credit warning SMS to customer 119Abbott [] []
[2020-12-12 10:30:03] Credit Warning SMS Yellow Zone log.INFO: Credit warning SMS sent to customer 119Abbott [] []
[2020-12-12 10:30:03] Credit Warning SMS Yellow Zone log.INFO: Sending credit warning SMS to customer 98Abbott [] []
[2020-12-12 10:30:03] Credit Warning SMS Yellow Zone log.INFO: Credit warning SMS sent to customer 98Abbott [] []
[2020-12-12 10:30:03] Credit Warning SMS Yellow Zone log.INFO: Sending credit warning SMS to customer 163abbott [] []
[2020-12-12 10:30:03] Credit Warning SMS Yellow Zone log.INFO: Credit warning SMS sent to customer 163abbott [] []
[2020-12-12 10:30:03] Credit Warning SMS Yellow Zone log.INFO: Sending credit warning SMS to customer 184abbott [] []
[2020-12-12 10:30:03] Credit Warning SMS Yellow Zone log.INFO: Credit warning SMS sent to customer 184abbott [] []
[2020-12-12 10:30:03] Credit Warning SMS Yellow Zone log.INFO: Sending credit warning SMS to customer 151abbott [] []
[2020-12-12 10:30:03] Credit Warning SMS Yellow Zone log.INFO: Credit warning SMS sent to customer 151abbott [] []
[2020-12-12 10:30:03] Credit Warning SMS Yellow Zone log.INFO: Sending credit warning SMS to customer 21eustace [] []
[2020-12-12 10:30:03] Credit Warning SMS Yellow Zone log.INFO: Credit warning SMS sent to customer 21eustace [] []
[2020-12-12 10:30:03] Credit Warning SMS Yellow Zone log.INFO: Sending credit warning SMS to customer 33eustace [] []
[2020-12-12 10:30:03] Credit Warning SMS Yellow Zone log.INFO: Credit warning SMS sent to customer 33eustace [] []
[2020-12-12 10:30:03] Credit Warning SMS Yellow Zone log.INFO: Sending credit warning SMS to customer 74eustace [] []
[2020-12-12 10:30:03] Credit Warning SMS Yellow Zone log.INFO: Credit warning SMS sent to customer 74eustace [] []
[2020-12-12 10:30:03] Credit Warning SMS Yellow Zone log.INFO: Sending credit warning SMS to customer 23leona [] []
[2020-12-12 10:30:03] Credit Warning SMS Yellow Zone log.INFO: Credit warning SMS sent to customer 23leona [] []
[2020-12-12 10:30:03] Credit Warning SMS Yellow Zone log.INFO: Sending credit warning SMS to customer 120leona [] []
[2020-12-12 10:30:03] Credit Warning SMS Yellow Zone log.INFO: Credit warning SMS sent to customer 120leona [] []
[2020-12-12 10:30:03] Credit Warning SMS Yellow Zone log.INFO: Sending credit warning SMS to customer 39leona [] []
[2020-12-12 10:30:03] Credit Warning SMS Yellow Zone log.INFO: Credit warning SMS sent to customer 39leona [] []
[2020-12-12 10:30:03] Credit Warning SMS Yellow Zone log.INFO: Sending credit warning SMS to customer 83leona [] []
[2020-12-12 10:30:03] Credit Warning SMS Yellow Zone log.INFO: Credit warning SMS sent to customer 83leona [] []
[2020-12-12 10:30:03] Credit Warning SMS Yellow Zone log.INFO: Sending credit warning SMS to customer 97leona [] []
[2020-12-12 10:30:03] Credit Warning SMS Yellow Zone log.INFO: Credit warning SMS sent to customer 97leona [] []
[2020-12-12 10:30:03] Credit Warning SMS Yellow Zone log.INFO: Sending credit warning SMS to customer 41leona [] []
[2020-12-12 10:30:03] Credit Warning SMS Yellow Zone log.INFO: Credit warning SMS sent to customer 41leona [] []
[2020-12-12 10:30:03] Credit Warning SMS Yellow Zone log.INFO: Sending credit warning SMS to customer 52leona [] []
[2020-12-12 10:30:03] Credit Warning SMS Yellow Zone log.INFO: Credit warning SMS sent to customer 52leona [] []
[2020-12-12 10:30:03] Credit Warning SMS Yellow Zone log.INFO: Sending credit warning SMS to customer 129leona [] []
[2020-12-12 10:30:04] Credit Warning SMS Yellow Zone log.INFO: Credit warning SMS sent to customer 129leona [] []
[2020-12-12 10:30:04] Credit Warning SMS Yellow Zone log.INFO: Sending credit warning SMS to customer 46leona [] []
[2020-12-12 10:30:04] Credit Warning SMS Yellow Zone log.INFO: Credit warning SMS sent to customer 46leona [] []
[2020-12-12 10:30:04] Credit Warning SMS Yellow Zone log.INFO: Sending credit warning SMS to customer 138charlotte [] []
[2020-12-12 10:30:04] Credit Warning SMS Yellow Zone log.INFO: Credit warning SMS sent to customer 138charlotte [] []
[2020-12-12 10:30:04] Credit Warning SMS Yellow Zone log.INFO: Sending credit warning SMS to customer 159charlotte [] []
[2020-12-12 10:30:04] Credit Warning SMS Yellow Zone log.INFO: Credit warning SMS sent to customer 159charlotte [] []
[2020-12-12 10:30:04] Credit Warning SMS Yellow Zone log.INFO: Sending credit warning SMS to customer 103charlotte [] []
[2020-12-12 10:30:04] Credit Warning SMS Yellow Zone log.INFO: Credit warning SMS sent to customer 103charlotte [] []
[2020-12-12 10:30:04] Credit Warning SMS Yellow Zone log.INFO: Sending credit warning SMS to customer 102charlotte [] []
[2020-12-12 10:30:04] Credit Warning SMS Yellow Zone log.INFO: Credit warning SMS sent to customer 102charlotte [] []
[2020-12-12 10:30:04] Credit Warning SMS Yellow Zone log.INFO: Sending credit warning SMS to customer 13charlotte [] []
[2020-12-12 10:30:04] Credit Warning SMS Yellow Zone log.INFO: Credit warning SMS sent to customer 13charlotte [] []
[2020-12-12 10:30:04] Credit Warning SMS Yellow Zone log.INFO: Sending credit warning SMS to customer 87charlotte [] []
[2020-12-12 10:30:04] Credit Warning SMS Yellow Zone log.INFO: Credit warning SMS sent to customer 87charlotte [] []
[2020-12-12 10:30:04] Credit Warning SMS Yellow Zone log.INFO: Sending credit warning SMS to customer 45charlotte [] []
[2020-12-12 10:30:04] Credit Warning SMS Yellow Zone log.INFO: Credit warning SMS sent to customer 45charlotte [] []
[2020-12-12 10:30:04] Credit Warning SMS Yellow Zone log.INFO: Sending credit warning SMS to customer 68charlotte [] []
[2020-12-12 10:30:04] Credit Warning SMS Yellow Zone log.INFO: Credit warning SMS sent to customer 68charlotte [] []
[2020-12-12 10:30:04] Credit Warning SMS Yellow Zone log.INFO: Sending credit warning SMS to customer 14charlotte [] []
[2020-12-12 10:30:04] Credit Warning SMS Yellow Zone log.INFO: Credit warning SMS sent to customer 14charlotte [] []
[2020-12-12 10:30:04] Credit Warning SMS Yellow Zone log.INFO: Sending credit warning SMS to customer 21bridgefield [] []
[2020-12-12 10:30:04] Credit Warning SMS Yellow Zone log.INFO: Credit warning SMS sent to customer 21bridgefield [] []
[2020-12-12 10:30:04] Credit Warning SMS Yellow Zone log.INFO: Sending credit warning SMS to customer 20bridgefield [] []
[2020-12-12 10:30:04] Credit Warning SMS Yellow Zone log.INFO: Credit warning SMS sent to customer 20bridgefield [] []
[2020-12-12 10:30:04] Credit Warning SMS Yellow Zone log.INFO: Sending credit warning SMS to customer 33bridgefield [] []
[2020-12-12 10:30:04] Credit Warning SMS Yellow Zone log.INFO: Credit warning SMS sent to customer 33bridgefield [] []
[2020-12-12 10:30:04] Credit Warning SMS Yellow Zone log.INFO: Sending credit warning SMS to customer 72bridgefield [] []
[2020-12-12 10:30:04] Credit Warning SMS Yellow Zone log.INFO: Credit warning SMS sent to customer 72bridgefield [] []
[2020-12-12 10:30:04] Credit Warning SMS Yellow Zone log.INFO: Sending credit warning SMS to customer 78bridgefield [] []
[2020-12-12 10:30:04] Credit Warning SMS Yellow Zone log.INFO: Credit warning SMS sent to customer 78bridgefield [] []
[2020-12-12 10:30:04] Credit Warning SMS Yellow Zone log.INFO: Sending credit warning SMS to customer 104bridgefield [] []
[2020-12-12 10:30:04] Credit Warning SMS Yellow Zone log.INFO: Credit warning SMS sent to customer 104bridgefield [] []
[2020-12-12 10:30:04] Credit Warning SMS Yellow Zone log.INFO: Sending credit warning SMS to customer 88bridgefield [] []
[2020-12-12 10:30:04] Credit Warning SMS Yellow Zone log.INFO: Credit warning SMS sent to customer 88bridgefield [] []
[2020-12-12 10:30:04] Credit Warning SMS Yellow Zone log.INFO: Sending credit warning SMS to customer 185bridgefield [] []
[2020-12-12 10:30:04] Credit Warning SMS Yellow Zone log.INFO: Credit warning SMS sent to customer 185bridgefield [] []
[2020-12-12 10:30:04] Credit Warning SMS Yellow Zone log.INFO: Sending credit warning SMS to customer 51bridgefield [] []
[2020-12-12 10:30:04] Credit Warning SMS Yellow Zone log.INFO: Credit warning SMS sent to customer 51bridgefield [] []
[2020-12-12 10:30:04] Credit Warning SMS Yellow Zone log.INFO: Sending credit warning SMS to customer 208bridgefield [] []
[2020-12-12 10:30:04] Credit Warning SMS Yellow Zone log.INFO: Credit warning SMS sent to customer 208bridgefield [] []
[2020-12-12 10:30:04] Credit Warning SMS Yellow Zone log.INFO: Sending credit warning SMS to customer 126bridgefield [] []
[2020-12-12 10:30:04] Credit Warning SMS Yellow Zone log.INFO: Credit warning SMS sent to customer 126bridgefield [] []
[2020-12-12 10:30:04] Credit Warning SMS Yellow Zone log.INFO: Sending credit warning SMS to customer 140bridgefield [] []
[2020-12-12 10:30:04] Credit Warning SMS Yellow Zone log.INFO: Credit warning SMS sent to customer 140bridgefield [] []
[2020-12-12 10:30:04] Credit Warning SMS Yellow Zone log.INFO: Sending credit warning SMS to customer 111bridgefield [] []
[2020-12-12 10:30:04] Credit Warning SMS Yellow Zone log.INFO: Credit warning SMS sent to customer 111bridgefield [] []
[2020-12-12 10:30:04] Credit Warning SMS Yellow Zone log.INFO: Sending credit warning SMS to customer 143bridgefield [] []
[2020-12-12 10:30:04] Credit Warning SMS Yellow Zone log.INFO: Credit warning SMS sent to customer 143bridgefield [] []
[2020-12-12 10:30:04] Credit Warning SMS Yellow Zone log.INFO: Sending credit warning SMS to customer 23pappan [] []
[2020-12-12 10:30:04] Credit Warning SMS Yellow Zone log.INFO: Credit warning SMS sent to customer 23pappan [] []
[2020-12-12 10:30:04] Credit Warning SMS Yellow Zone log.INFO: Sending credit warning SMS to customer 5pappan [] []
[2020-12-12 10:30:04] Credit Warning SMS Yellow Zone log.INFO: Credit warning SMS sent to customer 5pappan [] []
[2020-12-12 10:30:04] Credit Warning SMS Yellow Zone log.INFO: Sending credit warning SMS to customer 16pappan [] []
[2020-12-12 10:30:05] Credit Warning SMS Yellow Zone log.INFO: Credit warning SMS sent to customer 16pappan [] []
[2020-12-12 10:30:05] Credit Warning SMS Yellow Zone log.INFO: Sending credit warning SMS to customer 7pappan [] []
[2020-12-12 10:30:05] Credit Warning SMS Yellow Zone log.INFO: Credit warning SMS sent to customer 7pappan [] []
[2020-12-12 10:30:05] Credit Warning SMS Yellow Zone log.INFO: Sending credit warning SMS to customer 73fairways [] []
[2020-12-12 10:30:05] Credit Warning SMS Yellow Zone log.INFO: Credit warning SMS sent to customer 73fairways [] []
[2020-12-12 10:30:05] Credit Warning SMS Yellow Zone log.INFO: Sending credit warning SMS to customer 140fairways [] []
[2020-12-12 10:30:05] Credit Warning SMS Yellow Zone log.INFO: Credit warning SMS sent to customer 140fairways [] []
[2020-12-12 10:30:05] Credit Warning SMS Yellow Zone log.INFO: Sending credit warning SMS to customer h10fairways [] []
[2020-12-12 10:30:05] Credit Warning SMS Yellow Zone log.INFO: Credit warning SMS sent to customer h10fairways [] []
[2020-12-12 10:30:05] Credit Warning SMS Yellow Zone log.INFO: Sending credit warning SMS to customer h33fairways [] []
[2020-12-12 10:30:05] Credit Warning SMS Yellow Zone log.INFO: Credit warning SMS sent to customer h33fairways [] []
[2020-12-12 10:30:05] Credit Warning SMS Yellow Zone log.INFO: Sending credit warning SMS to customer h23fairways [] []
[2020-12-12 10:30:05] Credit Warning SMS Yellow Zone log.INFO: Credit warning SMS sent to customer h23fairways [] []
[2020-12-12 10:30:05] Credit Warning SMS Yellow Zone log.INFO: Sending credit warning SMS to customer 63fairways [] []
[2020-12-12 10:30:05] Credit Warning SMS Yellow Zone log.INFO: Credit warning SMS sent to customer 63fairways [] []
[2020-12-12 10:30:05] Credit Warning SMS Yellow Zone log.INFO: Sending credit warning SMS to customer 72fairways [] []
[2020-12-12 10:30:05] Credit Warning SMS Yellow Zone log.INFO: Credit warning SMS sent to customer 72fairways [] []
[2020-12-12 10:30:05] Credit Warning SMS Yellow Zone log.INFO: Sending credit warning SMS to customer 103fairways [] []
[2020-12-12 10:30:05] Credit Warning SMS Yellow Zone log.INFO: Credit warning SMS sent to customer 103fairways [] []
[2020-12-12 10:30:05] Credit Warning SMS Yellow Zone log.INFO: Sending credit warning SMS to customer 54herberthill [] []
[2020-12-12 10:30:05] Credit Warning SMS Yellow Zone log.INFO: Credit warning SMS sent to customer 54herberthill [] []
[2020-12-12 10:30:05] Credit Warning SMS Yellow Zone log.INFO: Sending credit warning SMS to customer 73herberthill [] []
[2020-12-12 10:30:05] Credit Warning SMS Yellow Zone log.INFO: Credit warning SMS sent to customer 73herberthill [] []
[2020-12-12 10:30:05] Credit Warning SMS Yellow Zone log.INFO: Sending credit warning SMS to customer 60herberthill [] []
[2020-12-12 10:30:05] Credit Warning SMS Yellow Zone log.INFO: Credit warning SMS sent to customer 60herberthill [] []
[2020-12-12 10:30:05] Credit Warning SMS Yellow Zone log.INFO: Sending credit warning SMS to customer 61herberthill [] []
[2020-12-12 10:30:05] Credit Warning SMS Yellow Zone log.INFO: Credit warning SMS sent to customer 61herberthill [] []
[2020-12-12 10:30:05] Credit Warning SMS Yellow Zone log.INFO: Sending credit warning SMS to customer 41marina [] []
[2020-12-12 10:30:05] Credit Warning SMS Yellow Zone log.INFO: Credit warning SMS sent to customer 41marina [] []
[2020-12-12 10:30:05] Credit Warning SMS Yellow Zone log.INFO: Sending credit warning SMS to customer 76bracken [] []
[2020-12-12 10:30:05] Credit Warning SMS Yellow Zone log.INFO: Credit warning SMS sent to customer 76bracken [] []
[2020-12-12 10:30:05] Credit Warning SMS Yellow Zone log.INFO: Sent Credit warning SMS to 77 customers! [] []
