[2020-09-01 08:00:01] Credit Warning SMS Yellow Zone log.INFO: Sending credit warning SMS to customer 12sundayswell [] []
[2020-09-01 08:00:01] Credit Warning SMS Yellow Zone log.INFO: Credit warning SMS sent to customer 12sundayswell [] []
[2020-09-01 08:00:01] Credit Warning SMS Yellow Zone log.INFO: Sending credit warning SMS to customer 2garryknock [] []
[2020-09-01 08:00:01] Credit Warning SMS Yellow Zone log.INFO: Credit warning SMS sent to customer 2garryknock [] []
[2020-09-01 08:00:01] Credit Warning SMS Yellow Zone log.INFO: Sending credit warning SMS to customer 6garryknock [] []
[2020-09-01 08:00:01] Credit Warning SMS Yellow Zone log.INFO: Credit warning SMS sent to customer 6garryknock [] []
[2020-09-01 08:00:01] Credit Warning SMS Yellow Zone log.INFO: Sending credit warning SMS to customer 9brackenview [] []
[2020-09-01 08:00:01] Credit Warning SMS Yellow Zone log.INFO: Credit warning SMS sent to customer 9brackenview [] []
[2020-09-01 08:00:01] Credit Warning SMS Yellow Zone log.INFO: Sending credit warning SMS to customer 4sundayswell [] []
[2020-09-01 08:00:01] Credit Warning SMS Yellow Zone log.INFO: Credit warning SMS sent to customer 4sundayswell [] []
[2020-09-01 08:00:01] Credit Warning SMS Yellow Zone log.INFO: Sending credit warning SMS to customer 2brackenview [] []
[2020-09-01 08:00:01] Credit Warning SMS Yellow Zone log.INFO: Credit warning SMS sent to customer 2brackenview [] []
[2020-09-01 08:00:01] Credit Warning SMS Yellow Zone log.INFO: Sending credit warning SMS to customer 37Emerald [] []
[2020-09-01 08:00:02] Credit Warning SMS Yellow Zone log.INFO: Credit warning SMS sent to customer 37Emerald [] []
[2020-09-01 08:00:02] Credit Warning SMS Yellow Zone log.INFO: Sending credit warning SMS to customer 42Emerald [] []
[2020-09-01 08:00:02] Credit Warning SMS Yellow Zone log.INFO: Credit warning SMS sent to customer 42Emerald [] []
[2020-09-01 08:00:02] Credit Warning SMS Yellow Zone log.INFO: Sending credit warning SMS to customer 1Emerald [] []
[2020-09-01 08:00:02] Credit Warning SMS Yellow Zone log.INFO: Credit warning SMS sent to customer 1Emerald [] []
[2020-09-01 08:00:02] Credit Warning SMS Yellow Zone log.INFO: Sending credit warning SMS to customer 50Emerald [] []
[2020-09-01 08:00:02] Credit Warning SMS Yellow Zone log.INFO: Credit warning SMS sent to customer 50Emerald [] []
[2020-09-01 08:00:02] Credit Warning SMS Yellow Zone log.INFO: Sending credit warning SMS to customer 25Emerald [] []
[2020-09-01 08:00:02] Credit Warning SMS Yellow Zone log.INFO: Credit warning SMS sent to customer 25Emerald [] []
[2020-09-01 08:00:02] Credit Warning SMS Yellow Zone log.INFO: Sending credit warning SMS to customer 19Emerald [] []
[2020-09-01 08:00:02] Credit Warning SMS Yellow Zone log.INFO: Credit warning SMS sent to customer 19Emerald [] []
[2020-09-01 08:00:02] Credit Warning SMS Yellow Zone log.INFO: Sending credit warning SMS to customer 16neptune [] []
[2020-09-01 08:00:02] Credit Warning SMS Yellow Zone log.INFO: Credit warning SMS sent to customer 16neptune [] []
[2020-09-01 08:00:02] Credit Warning SMS Yellow Zone log.INFO: Sending credit warning SMS to customer 17neptune [] []
[2020-09-01 08:00:02] Credit Warning SMS Yellow Zone log.INFO: Credit warning SMS sent to customer 17neptune [] []
[2020-09-01 08:00:02] Credit Warning SMS Yellow Zone log.INFO: Sending credit warning SMS to customer 151Neptune [] []
[2020-09-01 08:00:02] Credit Warning SMS Yellow Zone log.INFO: Credit warning SMS sent to customer 151Neptune [] []
[2020-09-01 08:00:02] Credit Warning SMS Yellow Zone log.INFO: Sending credit warning SMS to customer 157Neptune [] []
[2020-09-01 08:00:02] Credit Warning SMS Yellow Zone log.INFO: Credit warning SMS sent to customer 157Neptune [] []
[2020-09-01 08:00:02] Credit Warning SMS Yellow Zone log.INFO: Sending credit warning SMS to customer 124Neptune [] []
[2020-09-01 08:00:02] Credit Warning SMS Yellow Zone log.INFO: Credit warning SMS sent to customer 124Neptune [] []
[2020-09-01 08:00:02] Credit Warning SMS Yellow Zone log.INFO: Sending credit warning SMS to customer 153Neptune [] []
[2020-09-01 08:00:02] Credit Warning SMS Yellow Zone log.INFO: Credit warning SMS sent to customer 153Neptune [] []
[2020-09-01 08:00:02] Credit Warning SMS Yellow Zone log.INFO: Sending credit warning SMS to customer 72neptune [] []
[2020-09-01 08:00:02] Credit Warning SMS Yellow Zone log.INFO: Credit warning SMS sent to customer 72neptune [] []
[2020-09-01 08:00:02] Credit Warning SMS Yellow Zone log.INFO: Sending credit warning SMS to customer 140Neptune [] []
[2020-09-01 08:00:02] Credit Warning SMS Yellow Zone log.INFO: Credit warning SMS sent to customer 140Neptune [] []
[2020-09-01 08:00:02] Credit Warning SMS Yellow Zone log.INFO: Sending credit warning SMS to customer 134Neptune [] []
[2020-09-01 08:00:02] Credit Warning SMS Yellow Zone log.INFO: Credit warning SMS sent to customer 134Neptune [] []
[2020-09-01 08:00:02] Credit Warning SMS Yellow Zone log.INFO: Sending credit warning SMS to customer 189neptune [] []
[2020-09-01 08:00:02] Credit Warning SMS Yellow Zone log.INFO: Credit warning SMS sent to customer 189neptune [] []
[2020-09-01 08:00:02] Credit Warning SMS Yellow Zone log.INFO: Sending credit warning SMS to customer 165neptune [] []
[2020-09-01 08:00:02] Credit Warning SMS Yellow Zone log.INFO: Credit warning SMS sent to customer 165neptune [] []
[2020-09-01 08:00:02] Credit Warning SMS Yellow Zone log.INFO: Sending credit warning SMS to customer 59Neptune [] []
[2020-09-01 08:00:02] Credit Warning SMS Yellow Zone log.INFO: Credit warning SMS sent to customer 59Neptune [] []
[2020-09-01 08:00:02] Credit Warning SMS Yellow Zone log.INFO: Sending credit warning SMS to customer 170neptune [] []
[2020-09-01 08:00:02] Credit Warning SMS Yellow Zone log.INFO: Credit warning SMS sent to customer 170neptune [] []
[2020-09-01 08:00:02] Credit Warning SMS Yellow Zone log.INFO: Sending credit warning SMS to customer 22neptune [] []
[2020-09-01 08:00:02] Credit Warning SMS Yellow Zone log.INFO: Credit warning SMS sent to customer 22neptune [] []
[2020-09-01 08:00:02] Credit Warning SMS Yellow Zone log.INFO: Sending credit warning SMS to customer 1Abbott [] []
[2020-09-01 08:00:02] Credit Warning SMS Yellow Zone log.INFO: Credit warning SMS sent to customer 1Abbott [] []
[2020-09-01 08:00:02] Credit Warning SMS Yellow Zone log.INFO: Sending credit warning SMS to customer 13Abbott [] []
[2020-09-01 08:00:02] Credit Warning SMS Yellow Zone log.INFO: Credit warning SMS sent to customer 13Abbott [] []
[2020-09-01 08:00:02] Credit Warning SMS Yellow Zone log.INFO: Sending credit warning SMS to customer 29abbott [] []
[2020-09-01 08:00:02] Credit Warning SMS Yellow Zone log.INFO: Credit warning SMS sent to customer 29abbott [] []
[2020-09-01 08:00:02] Credit Warning SMS Yellow Zone log.INFO: Sending credit warning SMS to customer 59Abbott [] []
[2020-09-01 08:00:02] Credit Warning SMS Yellow Zone log.INFO: Credit warning SMS sent to customer 59Abbott [] []
[2020-09-01 08:00:02] Credit Warning SMS Yellow Zone log.INFO: Sending credit warning SMS to customer 85Abbott [] []
[2020-09-01 08:00:03] Credit Warning SMS Yellow Zone log.INFO: Credit warning SMS sent to customer 85Abbott [] []
[2020-09-01 08:00:03] Credit Warning SMS Yellow Zone log.INFO: Sending credit warning SMS to customer 87Abbott [] []
[2020-09-01 08:00:03] Credit Warning SMS Yellow Zone log.INFO: Credit warning SMS sent to customer 87Abbott [] []
[2020-09-01 08:00:03] Credit Warning SMS Yellow Zone log.INFO: Sending credit warning SMS to customer 84Abbott [] []
[2020-09-01 08:00:03] Credit Warning SMS Yellow Zone log.INFO: Credit warning SMS sent to customer 84Abbott [] []
[2020-09-01 08:00:03] Credit Warning SMS Yellow Zone log.INFO: Sending credit warning SMS to customer 69Abbott [] []
[2020-09-01 08:00:03] Credit Warning SMS Yellow Zone log.INFO: Credit warning SMS sent to customer 69Abbott [] []
[2020-09-01 08:00:03] Credit Warning SMS Yellow Zone log.INFO: Sending credit warning SMS to customer 71Abbott [] []
[2020-09-01 08:00:03] Credit Warning SMS Yellow Zone log.INFO: Credit warning SMS sent to customer 71Abbott [] []
[2020-09-01 08:00:03] Credit Warning SMS Yellow Zone log.INFO: Sending credit warning SMS to customer 95Abbott [] []
[2020-09-01 08:00:03] Credit Warning SMS Yellow Zone log.INFO: Credit warning SMS sent to customer 95Abbott [] []
[2020-09-01 08:00:03] Credit Warning SMS Yellow Zone log.INFO: Sending credit warning SMS to customer 124Abbott [] []
[2020-09-01 08:00:03] Credit Warning SMS Yellow Zone log.INFO: Credit warning SMS sent to customer 124Abbott [] []
[2020-09-01 08:00:03] Credit Warning SMS Yellow Zone log.INFO: Sending credit warning SMS to customer 141abbott [] []
[2020-09-01 08:00:03] Credit Warning SMS Yellow Zone log.INFO: Credit warning SMS sent to customer 141abbott [] []
[2020-09-01 08:00:03] Credit Warning SMS Yellow Zone log.INFO: Sending credit warning SMS to customer 44Abbott [] []
[2020-09-01 08:00:03] Credit Warning SMS Yellow Zone log.INFO: Credit warning SMS sent to customer 44Abbott [] []
[2020-09-01 08:00:03] Credit Warning SMS Yellow Zone log.INFO: Sending credit warning SMS to customer 66eustace [] []
[2020-09-01 08:00:03] Credit Warning SMS Yellow Zone log.INFO: Credit warning SMS sent to customer 66eustace [] []
[2020-09-01 08:00:03] Credit Warning SMS Yellow Zone log.INFO: Sending credit warning SMS to customer 137leona [] []
[2020-09-01 08:00:03] Credit Warning SMS Yellow Zone log.INFO: Credit warning SMS sent to customer 137leona [] []
[2020-09-01 08:00:03] Credit Warning SMS Yellow Zone log.INFO: Sending credit warning SMS to customer 22leona [] []
[2020-09-01 08:00:03] Credit Warning SMS Yellow Zone log.INFO: Credit warning SMS sent to customer 22leona [] []
[2020-09-01 08:00:03] Credit Warning SMS Yellow Zone log.INFO: Sending credit warning SMS to customer 70leona [] []
[2020-09-01 08:00:03] Credit Warning SMS Yellow Zone log.INFO: Credit warning SMS sent to customer 70leona [] []
[2020-09-01 08:00:03] Credit Warning SMS Yellow Zone log.INFO: Sending credit warning SMS to customer 36leona [] []
[2020-09-01 08:00:03] Credit Warning SMS Yellow Zone log.INFO: Credit warning SMS sent to customer 36leona [] []
[2020-09-01 08:00:03] Credit Warning SMS Yellow Zone log.INFO: Sending credit warning SMS to customer 82leona [] []
[2020-09-01 08:00:03] Credit Warning SMS Yellow Zone log.INFO: Credit warning SMS sent to customer 82leona [] []
[2020-09-01 08:00:03] Credit Warning SMS Yellow Zone log.INFO: Sending credit warning SMS to customer 103charlotte [] []
[2020-09-01 08:00:03] Credit Warning SMS Yellow Zone log.INFO: Credit warning SMS sent to customer 103charlotte [] []
[2020-09-01 08:00:03] Credit Warning SMS Yellow Zone log.INFO: Sending credit warning SMS to customer 114charlotte [] []
[2020-09-01 08:00:03] Credit Warning SMS Yellow Zone log.INFO: Credit warning SMS sent to customer 114charlotte [] []
[2020-09-01 08:00:03] Credit Warning SMS Yellow Zone log.INFO: Sending credit warning SMS to customer 84charlotte [] []
[2020-09-01 08:00:03] Credit Warning SMS Yellow Zone log.INFO: Credit warning SMS sent to customer 84charlotte [] []
[2020-09-01 08:00:03] Credit Warning SMS Yellow Zone log.INFO: Sending credit warning SMS to customer 7bridgefield [] []
[2020-09-01 08:00:03] Credit Warning SMS Yellow Zone log.INFO: Credit warning SMS sent to customer 7bridgefield [] []
[2020-09-01 08:00:03] Credit Warning SMS Yellow Zone log.INFO: Sending credit warning SMS to customer 30bridgefield [] []
[2020-09-01 08:00:03] Credit Warning SMS Yellow Zone log.INFO: Credit warning SMS sent to customer 30bridgefield [] []
[2020-09-01 08:00:03] Credit Warning SMS Yellow Zone log.INFO: Sending credit warning SMS to customer 29bridgefield [] []
[2020-09-01 08:00:03] Credit Warning SMS Yellow Zone log.INFO: Credit warning SMS sent to customer 29bridgefield [] []
[2020-09-01 08:00:03] Credit Warning SMS Yellow Zone log.INFO: Sending credit warning SMS to customer 32bridgefield [] []
[2020-09-01 08:00:03] Credit Warning SMS Yellow Zone log.INFO: Credit warning SMS sent to customer 32bridgefield [] []
[2020-09-01 08:00:03] Credit Warning SMS Yellow Zone log.INFO: Sending credit warning SMS to customer 194bridgefield [] []
[2020-09-01 08:00:03] Credit Warning SMS Yellow Zone log.INFO: Credit warning SMS sent to customer 194bridgefield [] []
[2020-09-01 08:00:03] Credit Warning SMS Yellow Zone log.INFO: Sending credit warning SMS to customer 105bridgefield [] []
[2020-09-01 08:00:03] Credit Warning SMS Yellow Zone log.INFO: Credit warning SMS sent to customer 105bridgefield [] []
[2020-09-01 08:00:03] Credit Warning SMS Yellow Zone log.INFO: Sending credit warning SMS to customer 168bridgefield [] []
[2020-09-01 08:00:04] Credit Warning SMS Yellow Zone log.INFO: Credit warning SMS sent to customer 168bridgefield [] []
[2020-09-01 08:00:04] Credit Warning SMS Yellow Zone log.INFO: Sending credit warning SMS to customer 157bridgefield [] []
[2020-09-01 08:00:04] Credit Warning SMS Yellow Zone log.INFO: Credit warning SMS sent to customer 157bridgefield [] []
[2020-09-01 08:00:04] Credit Warning SMS Yellow Zone log.INFO: Sending credit warning SMS to customer 110fairways [] []
[2020-09-01 08:00:04] Credit Warning SMS Yellow Zone log.INFO: Credit warning SMS sent to customer 110fairways [] []
[2020-09-01 08:00:04] Credit Warning SMS Yellow Zone log.INFO: Sending credit warning SMS to customer 121fairways [] []
[2020-09-01 08:00:04] Credit Warning SMS Yellow Zone log.INFO: Credit warning SMS sent to customer 121fairways [] []
[2020-09-01 08:00:04] Credit Warning SMS Yellow Zone log.INFO: Sending credit warning SMS to customer 130fairways [] []
[2020-09-01 08:00:04] Credit Warning SMS Yellow Zone log.INFO: Credit warning SMS sent to customer 130fairways [] []
[2020-09-01 08:00:04] Credit Warning SMS Yellow Zone log.INFO: Sending credit warning SMS to customer h10fairways [] []
[2020-09-01 08:00:04] Credit Warning SMS Yellow Zone log.INFO: Credit warning SMS sent to customer h10fairways [] []
[2020-09-01 08:00:04] Credit Warning SMS Yellow Zone log.INFO: Sending credit warning SMS to customer 73herberthill [] []
[2020-09-01 08:00:04] Credit Warning SMS Yellow Zone log.INFO: Credit warning SMS sent to customer 73herberthill [] []
[2020-09-01 08:00:04] Credit Warning SMS Yellow Zone log.INFO: Sending credit warning SMS to customer 3herberthill [] []
[2020-09-01 08:00:04] Credit Warning SMS Yellow Zone log.INFO: Credit warning SMS sent to customer 3herberthill [] []
[2020-09-01 08:00:04] Credit Warning SMS Yellow Zone log.INFO: Sending credit warning SMS to customer 24herberthill [] []
[2020-09-01 08:00:04] Credit Warning SMS Yellow Zone log.INFO: Credit warning SMS sent to customer 24herberthill [] []
[2020-09-01 08:00:04] Credit Warning SMS Yellow Zone log.INFO: Sending credit warning SMS to customer 11herberthill [] []
[2020-09-01 08:00:04] Credit Warning SMS Yellow Zone log.INFO: Credit warning SMS sent to customer 11herberthill [] []
[2020-09-01 08:00:04] Credit Warning SMS Yellow Zone log.INFO: Sent Credit warning SMS to 64 customers! [] []
