[2020-08-10 08:00:02] Credit Warning SMS Yellow Zone log.INFO: Sending credit warning SMS to customer 15brackenview [] []
[2020-08-10 08:00:02] Credit Warning SMS Yellow Zone log.INFO: Credit warning SMS sent to customer 15brackenview [] []
[2020-08-10 08:00:02] Credit Warning SMS Yellow Zone log.INFO: Sending credit warning SMS to customer 2brackenview [] []
[2020-08-10 08:00:02] Credit Warning SMS Yellow Zone log.INFO: Credit warning SMS sent to customer 2brackenview [] []
[2020-08-10 08:00:02] Credit Warning SMS Yellow Zone log.INFO: Sending credit warning SMS to customer 12Emerald [] []
[2020-08-10 08:00:02] Credit Warning SMS Yellow Zone log.INFO: Credit warning SMS sent to customer 12Emerald [] []
[2020-08-10 08:00:02] Credit Warning SMS Yellow Zone log.INFO: Sending credit warning SMS to customer 1Emerald [] []
[2020-08-10 08:00:02] Credit Warning SMS Yellow Zone log.INFO: Credit warning SMS sent to customer 1Emerald [] []
[2020-08-10 08:00:02] Credit Warning SMS Yellow Zone log.INFO: Sending credit warning SMS to customer 50Emerald [] []
[2020-08-10 08:00:02] Credit Warning SMS Yellow Zone log.INFO: Credit warning SMS sent to customer 50Emerald [] []
[2020-08-10 08:00:02] Credit Warning SMS Yellow Zone log.INFO: Sending credit warning SMS to customer 24Emerald [] []
[2020-08-10 08:00:02] Credit Warning SMS Yellow Zone log.INFO: Credit warning SMS sent to customer 24Emerald [] []
[2020-08-10 08:00:02] Credit Warning SMS Yellow Zone log.INFO: Sending credit warning SMS to customer 18Emerald [] []
[2020-08-10 08:00:02] Credit Warning SMS Yellow Zone log.INFO: Credit warning SMS sent to customer 18Emerald [] []
[2020-08-10 08:00:02] Credit Warning SMS Yellow Zone log.INFO: Sending credit warning SMS to customer 13Emerald [] []
[2020-08-10 08:00:02] Credit Warning SMS Yellow Zone log.INFO: Credit warning SMS sent to customer 13Emerald [] []
[2020-08-10 08:00:02] Credit Warning SMS Yellow Zone log.INFO: Sending credit warning SMS to customer 168neptune [] []
[2020-08-10 08:00:02] Credit Warning SMS Yellow Zone log.INFO: Credit warning SMS sent to customer 168neptune [] []
[2020-08-10 08:00:02] Credit Warning SMS Yellow Zone log.INFO: Sending credit warning SMS to customer 115Neptune [] []
[2020-08-10 08:00:03] Credit Warning SMS Yellow Zone log.INFO: Credit warning SMS sent to customer 115Neptune [] []
[2020-08-10 08:00:03] Credit Warning SMS Yellow Zone log.INFO: Sending credit warning SMS to customer 117Neptune [] []
[2020-08-10 08:00:03] Credit Warning SMS Yellow Zone log.INFO: Credit warning SMS sent to customer 117Neptune [] []
[2020-08-10 08:00:03] Credit Warning SMS Yellow Zone log.INFO: Sending credit warning SMS to customer 153Neptune [] []
[2020-08-10 08:00:03] Credit Warning SMS Yellow Zone log.INFO: Credit warning SMS sent to customer 153Neptune [] []
[2020-08-10 08:00:03] Credit Warning SMS Yellow Zone log.INFO: Sending credit warning SMS to customer 27neptune [] []
[2020-08-10 08:00:03] Credit Warning SMS Yellow Zone log.INFO: Credit warning SMS sent to customer 27neptune [] []
[2020-08-10 08:00:03] Credit Warning SMS Yellow Zone log.INFO: Sending credit warning SMS to customer 140Neptune [] []
[2020-08-10 08:00:03] Credit Warning SMS Yellow Zone log.INFO: Credit warning SMS sent to customer 140Neptune [] []
[2020-08-10 08:00:03] Credit Warning SMS Yellow Zone log.INFO: Sending credit warning SMS to customer 35neptune [] []
[2020-08-10 08:00:03] Credit Warning SMS Yellow Zone log.INFO: Credit warning SMS sent to customer 35neptune [] []
[2020-08-10 08:00:03] Credit Warning SMS Yellow Zone log.INFO: Sending credit warning SMS to customer 134Neptune [] []
[2020-08-10 08:00:03] Credit Warning SMS Yellow Zone log.INFO: Credit warning SMS sent to customer 134Neptune [] []
[2020-08-10 08:00:03] Credit Warning SMS Yellow Zone log.INFO: Sending credit warning SMS to customer 114Neptune [] []
[2020-08-10 08:00:03] Credit Warning SMS Yellow Zone log.INFO: Credit warning SMS sent to customer 114Neptune [] []
[2020-08-10 08:00:03] Credit Warning SMS Yellow Zone log.INFO: Sending credit warning SMS to customer 111Neptune [] []
[2020-08-10 08:00:03] Credit Warning SMS Yellow Zone log.INFO: Credit warning SMS sent to customer 111Neptune [] []
[2020-08-10 08:00:03] Credit Warning SMS Yellow Zone log.INFO: Sending credit warning SMS to customer 170neptune [] []
[2020-08-10 08:00:03] Credit Warning SMS Yellow Zone log.INFO: Credit warning SMS sent to customer 170neptune [] []
[2020-08-10 08:00:03] Credit Warning SMS Yellow Zone log.INFO: Sending credit warning SMS to customer 196neptune [] []
[2020-08-10 08:00:03] Credit Warning SMS Yellow Zone log.INFO: Credit warning SMS sent to customer 196neptune [] []
[2020-08-10 08:00:03] Credit Warning SMS Yellow Zone log.INFO: Sending credit warning SMS to customer 10Abbott [] []
[2020-08-10 08:00:03] Credit Warning SMS Yellow Zone log.INFO: Credit warning SMS sent to customer 10Abbott [] []
[2020-08-10 08:00:03] Credit Warning SMS Yellow Zone log.INFO: Sending credit warning SMS to customer 21Abbott [] []
[2020-08-10 08:00:03] Credit Warning SMS Yellow Zone log.INFO: Credit warning SMS sent to customer 21Abbott [] []
[2020-08-10 08:00:03] Credit Warning SMS Yellow Zone log.INFO: Sending credit warning SMS to customer 28Abbott [] []
[2020-08-10 08:00:03] Credit Warning SMS Yellow Zone log.INFO: Credit warning SMS sent to customer 28Abbott [] []
[2020-08-10 08:00:03] Credit Warning SMS Yellow Zone log.INFO: Sending credit warning SMS to customer 85Abbott [] []
[2020-08-10 08:00:03] Credit Warning SMS Yellow Zone log.INFO: Credit warning SMS sent to customer 85Abbott [] []
[2020-08-10 08:00:03] Credit Warning SMS Yellow Zone log.INFO: Sending credit warning SMS to customer 69Abbott [] []
[2020-08-10 08:00:03] Credit Warning SMS Yellow Zone log.INFO: Credit warning SMS sent to customer 69Abbott [] []
[2020-08-10 08:00:03] Credit Warning SMS Yellow Zone log.INFO: Sending credit warning SMS to customer 91Abbott [] []
[2020-08-10 08:00:03] Credit Warning SMS Yellow Zone log.INFO: Credit warning SMS sent to customer 91Abbott [] []
[2020-08-10 08:00:03] Credit Warning SMS Yellow Zone log.INFO: Sending credit warning SMS to customer 115Abbott [] []
[2020-08-10 08:00:03] Credit Warning SMS Yellow Zone log.INFO: Credit warning SMS sent to customer 115Abbott [] []
[2020-08-10 08:00:03] Credit Warning SMS Yellow Zone log.INFO: Sending credit warning SMS to customer 118Abbott [] []
[2020-08-10 08:00:03] Credit Warning SMS Yellow Zone log.INFO: Credit warning SMS sent to customer 118Abbott [] []
[2020-08-10 08:00:03] Credit Warning SMS Yellow Zone log.INFO: Sending credit warning SMS to customer 95Abbott [] []
[2020-08-10 08:00:03] Credit Warning SMS Yellow Zone log.INFO: Credit warning SMS sent to customer 95Abbott [] []
[2020-08-10 08:00:03] Credit Warning SMS Yellow Zone log.INFO: Sending credit warning SMS to customer 141abbott [] []
[2020-08-10 08:00:03] Credit Warning SMS Yellow Zone log.INFO: Credit warning SMS sent to customer 141abbott [] []
[2020-08-10 08:00:03] Credit Warning SMS Yellow Zone log.INFO: Sending credit warning SMS to customer 150abbott [] []
[2020-08-10 08:00:03] Credit Warning SMS Yellow Zone log.INFO: Credit warning SMS sent to customer 150abbott [] []
[2020-08-10 08:00:03] Credit Warning SMS Yellow Zone log.INFO: Sending credit warning SMS to customer 143abbott [] []
[2020-08-10 08:00:03] Credit Warning SMS Yellow Zone log.INFO: Credit warning SMS sent to customer 143abbott [] []
[2020-08-10 08:00:03] Credit Warning SMS Yellow Zone log.INFO: Sending credit warning SMS to customer 18GreenBank [] []
[2020-08-10 08:00:03] Credit Warning SMS Yellow Zone log.INFO: Credit warning SMS sent to customer 18GreenBank [] []
[2020-08-10 08:00:03] Credit Warning SMS Yellow Zone log.INFO: Sending credit warning SMS to customer 149abbott [] []
[2020-08-10 08:00:03] Credit Warning SMS Yellow Zone log.INFO: Credit warning SMS sent to customer 149abbott [] []
[2020-08-10 08:00:03] Credit Warning SMS Yellow Zone log.INFO: Sending credit warning SMS to customer 104Abbott [] []
[2020-08-10 08:00:03] Credit Warning SMS Yellow Zone log.INFO: Credit warning SMS sent to customer 104Abbott [] []
[2020-08-10 08:00:03] Credit Warning SMS Yellow Zone log.INFO: Sending credit warning SMS to customer 21GreenBank [] []
[2020-08-10 08:00:03] Credit Warning SMS Yellow Zone log.INFO: Credit warning SMS sent to customer 21GreenBank [] []
[2020-08-10 08:00:03] Credit Warning SMS Yellow Zone log.INFO: Sending credit warning SMS to customer 91eustace [] []
[2020-08-10 08:00:03] Credit Warning SMS Yellow Zone log.INFO: Credit warning SMS sent to customer 91eustace [] []
[2020-08-10 08:00:03] Credit Warning SMS Yellow Zone log.INFO: Sending credit warning SMS to customer 67eustace [] []
[2020-08-10 08:00:03] Credit Warning SMS Yellow Zone log.INFO: Credit warning SMS sent to customer 67eustace [] []
[2020-08-10 08:00:03] Credit Warning SMS Yellow Zone log.INFO: Sending credit warning SMS to customer 27leona [] []
[2020-08-10 08:00:04] Credit Warning SMS Yellow Zone log.INFO: Credit warning SMS sent to customer 27leona [] []
[2020-08-10 08:00:04] Credit Warning SMS Yellow Zone log.INFO: Sending credit warning SMS to customer 5leona [] []
[2020-08-10 08:00:04] Credit Warning SMS Yellow Zone log.INFO: Credit warning SMS sent to customer 5leona [] []
[2020-08-10 08:00:04] Credit Warning SMS Yellow Zone log.INFO: Sending credit warning SMS to customer 60leona [] []
[2020-08-10 08:00:04] Credit Warning SMS Yellow Zone log.INFO: Credit warning SMS sent to customer 60leona [] []
[2020-08-10 08:00:04] Credit Warning SMS Yellow Zone log.INFO: Sending credit warning SMS to customer 31leona [] []
[2020-08-10 08:00:04] Credit Warning SMS Yellow Zone log.INFO: Credit warning SMS sent to customer 31leona [] []
[2020-08-10 08:00:04] Credit Warning SMS Yellow Zone log.INFO: Sending credit warning SMS to customer 7leona [] []
[2020-08-10 08:00:04] Credit Warning SMS Yellow Zone log.INFO: Credit warning SMS sent to customer 7leona [] []
[2020-08-10 08:00:04] Credit Warning SMS Yellow Zone log.INFO: Sending credit warning SMS to customer 82leona [] []
[2020-08-10 08:00:04] Credit Warning SMS Yellow Zone log.INFO: Credit warning SMS sent to customer 82leona [] []
[2020-08-10 08:00:04] Credit Warning SMS Yellow Zone log.INFO: Sending credit warning SMS to customer 103charlotte [] []
[2020-08-10 08:00:04] Credit Warning SMS Yellow Zone log.INFO: Credit warning SMS sent to customer 103charlotte [] []
[2020-08-10 08:00:04] Credit Warning SMS Yellow Zone log.INFO: Sending credit warning SMS to customer 13charlotte [] []
[2020-08-10 08:00:04] Credit Warning SMS Yellow Zone log.INFO: Credit warning SMS sent to customer 13charlotte [] []
[2020-08-10 08:00:04] Credit Warning SMS Yellow Zone log.INFO: Sending credit warning SMS to customer 37charlotte [] []
[2020-08-10 08:00:04] Credit Warning SMS Yellow Zone log.INFO: Credit warning SMS sent to customer 37charlotte [] []
[2020-08-10 08:00:04] Credit Warning SMS Yellow Zone log.INFO: Sending credit warning SMS to customer 39charlotte [] []
[2020-08-10 08:00:04] Credit Warning SMS Yellow Zone log.INFO: Credit warning SMS sent to customer 39charlotte [] []
[2020-08-10 08:00:04] Credit Warning SMS Yellow Zone log.INFO: Sending credit warning SMS to customer 67charlotte [] []
[2020-08-10 08:00:04] Credit Warning SMS Yellow Zone log.INFO: Credit warning SMS sent to customer 67charlotte [] []
[2020-08-10 08:00:04] Credit Warning SMS Yellow Zone log.INFO: Sending credit warning SMS to customer 21bridgefield [] []
[2020-08-10 08:00:04] Credit Warning SMS Yellow Zone log.INFO: Credit warning SMS sent to customer 21bridgefield [] []
[2020-08-10 08:00:04] Credit Warning SMS Yellow Zone log.INFO: Sending credit warning SMS to customer 20bridgefield [] []
[2020-08-10 08:00:04] Credit Warning SMS Yellow Zone log.INFO: Credit warning SMS sent to customer 20bridgefield [] []
[2020-08-10 08:00:04] Credit Warning SMS Yellow Zone log.INFO: Sending credit warning SMS to customer 7bridgefield [] []
[2020-08-10 08:00:04] Credit Warning SMS Yellow Zone log.INFO: Credit warning SMS sent to customer 7bridgefield [] []
[2020-08-10 08:00:04] Credit Warning SMS Yellow Zone log.INFO: Sending credit warning SMS to customer 30bridgefield [] []
[2020-08-10 08:00:04] Credit Warning SMS Yellow Zone log.INFO: Credit warning SMS sent to customer 30bridgefield [] []
[2020-08-10 08:00:04] Credit Warning SMS Yellow Zone log.INFO: Sending credit warning SMS to customer 32bridgefield [] []
[2020-08-10 08:00:04] Credit Warning SMS Yellow Zone log.INFO: Credit warning SMS sent to customer 32bridgefield [] []
[2020-08-10 08:00:04] Credit Warning SMS Yellow Zone log.INFO: Sending credit warning SMS to customer 46bridgefield [] []
[2020-08-10 08:00:04] Credit Warning SMS Yellow Zone log.INFO: Credit warning SMS sent to customer 46bridgefield [] []
[2020-08-10 08:00:04] Credit Warning SMS Yellow Zone log.INFO: Sending credit warning SMS to customer 71bridgefield [] []
[2020-08-10 08:00:04] Credit Warning SMS Yellow Zone log.INFO: Credit warning SMS sent to customer 71bridgefield [] []
[2020-08-10 08:00:04] Credit Warning SMS Yellow Zone log.INFO: Sending credit warning SMS to customer 32pappan [] []
[2020-08-10 08:00:04] Credit Warning SMS Yellow Zone log.INFO: Credit warning SMS sent to customer 32pappan [] []
[2020-08-10 08:00:04] Credit Warning SMS Yellow Zone log.INFO: Sending credit warning SMS to customer 33pappan [] []
[2020-08-10 08:00:04] Credit Warning SMS Yellow Zone log.INFO: Credit warning SMS sent to customer 33pappan [] []
[2020-08-10 08:00:04] Credit Warning SMS Yellow Zone log.INFO: Sending credit warning SMS to customer 21pappan [] []
[2020-08-10 08:00:04] Credit Warning SMS Yellow Zone log.INFO: Credit warning SMS sent to customer 21pappan [] []
[2020-08-10 08:00:04] Credit Warning SMS Yellow Zone log.INFO: Sending credit warning SMS to customer 2pappan [] []
[2020-08-10 08:00:04] Credit Warning SMS Yellow Zone log.INFO: Credit warning SMS sent to customer 2pappan [] []
[2020-08-10 08:00:04] Credit Warning SMS Yellow Zone log.INFO: Sending credit warning SMS to customer 16pappan [] []
[2020-08-10 08:00:04] Credit Warning SMS Yellow Zone log.INFO: Credit warning SMS sent to customer 16pappan [] []
[2020-08-10 08:00:04] Credit Warning SMS Yellow Zone log.INFO: Sending credit warning SMS to customer 142fairways [] []
[2020-08-10 08:00:04] Credit Warning SMS Yellow Zone log.INFO: Credit warning SMS sent to customer 142fairways [] []
[2020-08-10 08:00:04] Credit Warning SMS Yellow Zone log.INFO: Sending credit warning SMS to customer 143fairways [] []
[2020-08-10 08:00:04] Credit Warning SMS Yellow Zone log.INFO: Credit warning SMS sent to customer 143fairways [] []
[2020-08-10 08:00:04] Credit Warning SMS Yellow Zone log.INFO: Sending credit warning SMS to customer 42fairways [] []
[2020-08-10 08:00:04] Credit Warning SMS Yellow Zone log.INFO: Credit warning SMS sent to customer 42fairways [] []
[2020-08-10 08:00:04] Credit Warning SMS Yellow Zone log.INFO: Sending credit warning SMS to customer h35fairways [] []
[2020-08-10 08:00:04] Credit Warning SMS Yellow Zone log.INFO: Credit warning SMS sent to customer h35fairways [] []
[2020-08-10 08:00:04] Credit Warning SMS Yellow Zone log.INFO: Sending credit warning SMS to customer h18fairways [] []
[2020-08-10 08:00:04] Credit Warning SMS Yellow Zone log.INFO: Credit warning SMS sent to customer h18fairways [] []
[2020-08-10 08:00:04] Credit Warning SMS Yellow Zone log.INFO: Sending credit warning SMS to customer h11fairways [] []
[2020-08-10 08:00:04] Credit Warning SMS Yellow Zone log.INFO: Credit warning SMS sent to customer h11fairways [] []
[2020-08-10 08:00:04] Credit Warning SMS Yellow Zone log.INFO: Sending credit warning SMS to customer 4herberthill [] []
[2020-08-10 08:00:05] Credit Warning SMS Yellow Zone log.INFO: Credit warning SMS sent to customer 4herberthill [] []
[2020-08-10 08:00:05] Credit Warning SMS Yellow Zone log.INFO: Sending credit warning SMS to customer 54herberthill [] []
[2020-08-10 08:00:05] Credit Warning SMS Yellow Zone log.INFO: Credit warning SMS sent to customer 54herberthill [] []
[2020-08-10 08:00:05] Credit Warning SMS Yellow Zone log.INFO: Sending credit warning SMS to customer 27herberthill [] []
[2020-08-10 08:00:05] Credit Warning SMS Yellow Zone log.INFO: Credit warning SMS sent to customer 27herberthill [] []
[2020-08-10 08:00:05] Credit Warning SMS Yellow Zone log.INFO: Sending credit warning SMS to customer 55herberthill [] []
[2020-08-10 08:00:05] Credit Warning SMS Yellow Zone log.INFO: Credit warning SMS sent to customer 55herberthill [] []
[2020-08-10 08:00:05] Credit Warning SMS Yellow Zone log.INFO: Sending credit warning SMS to customer 3herberthill [] []
[2020-08-10 08:00:05] Credit Warning SMS Yellow Zone log.INFO: Credit warning SMS sent to customer 3herberthill [] []
[2020-08-10 08:00:05] Credit Warning SMS Yellow Zone log.INFO: Sending credit warning SMS to customer 82herberthill [] []
[2020-08-10 08:00:05] Credit Warning SMS Yellow Zone log.INFO: Credit warning SMS sent to customer 82herberthill [] []
[2020-08-10 08:00:05] Credit Warning SMS Yellow Zone log.INFO: Sending credit warning SMS to customer 61herberthill [] []
[2020-08-10 08:00:05] Credit Warning SMS Yellow Zone log.INFO: Credit warning SMS sent to customer 61herberthill [] []
[2020-08-10 08:00:05] Credit Warning SMS Yellow Zone log.INFO: Sending credit warning SMS to customer 11herberthill [] []
[2020-08-10 08:00:05] Credit Warning SMS Yellow Zone log.INFO: Credit warning SMS sent to customer 11herberthill [] []
[2020-08-10 08:00:05] Credit Warning SMS Yellow Zone log.INFO: Sent Credit warning SMS to 75 customers! [] []
