[2020-09-29 00:00:02] default.INFO:   -- Open Account Queue -- [] []
[2020-09-29 00:00:02] default.INFO: 0 customers found in queue..   [] []
[2020-09-29 01:00:04] default.INFO:   -- Open Account Queue -- [] []
[2020-09-29 01:00:04] default.INFO: 0 customers found in queue..   [] []
[2020-09-29 02:00:03] default.INFO:   -- Open Account Queue -- [] []
[2020-09-29 02:00:03] default.INFO: 0 customers found in queue..   [] []
[2020-09-29 03:00:03] default.INFO:   -- Open Account Queue -- [] []
[2020-09-29 03:00:03] default.INFO: 0 customers found in queue..   [] []
[2020-09-29 04:00:02] default.INFO:   -- Open Account Queue -- [] []
[2020-09-29 04:00:02] default.INFO: 0 customers found in queue..   [] []
[2020-09-29 05:00:02] default.INFO:   -- Open Account Queue -- [] []
[2020-09-29 05:00:02] default.INFO: 0 customers found in queue..   [] []
[2020-09-29 06:00:02] default.INFO:   -- Open Account Queue -- [] []
[2020-09-29 06:00:02] default.INFO: 0 customers found in queue..   [] []
[2020-09-29 07:00:01] default.INFO:   -- Open Account Queue -- [] []
[2020-09-29 07:00:01] default.INFO: 0 customers found in queue..   [] []
[2020-09-29 08:00:02] default.INFO:   -- Open Account Queue -- [] []
[2020-09-29 08:00:02] default.INFO: 0 customers found in queue..   [] []
[2020-09-29 09:00:01] default.INFO:   -- Open Account Queue -- [] []
[2020-09-29 09:00:01] default.INFO: 0 customers found in queue..   [] []
[2020-09-29 10:00:01] default.INFO:   -- Open Account Queue -- [] []
[2020-09-29 10:00:01] default.INFO: 0 customers found in queue..   [] []
[2020-09-29 11:00:01] default.INFO:   -- Open Account Queue -- [] []
[2020-09-29 11:00:01] default.INFO: 0 customers found in queue..   [] []
[2020-09-29 11:53:21] default.INFO:   -- Open Account Queue -- [] []
[2020-09-29 11:53:21] default.INFO: 0 customers found in queue..   [] []
[2020-09-29 11:53:24] default.INFO:   -- Open Account Queue -- [] []
[2020-09-29 11:53:24] default.INFO: 0 customers found in queue..   [] []
[2020-09-29 11:54:04] default.INFO:   -- Open Account Queue -- [] []
[2020-09-29 11:54:04] default.INFO: 0 customers found in queue..   [] []
[2020-09-29 11:54:07] default.INFO:   -- Open Account Queue -- [] []
[2020-09-29 11:54:07] default.INFO: Skipping customer Queue #1.. Setup due for 2020-09-26 (3 day(s) left).. [] []
[2020-09-29 11:54:07] default.INFO:    [] []
[2020-09-29 11:54:07] default.INFO: Customer in queue #1 already exists as customer #2552..skipping. [] []
[2020-09-29 11:54:07] default.INFO:    [] []
[2020-09-29 11:55:26] default.INFO:   -- Open Account Queue -- [] []
[2020-09-29 11:55:26] default.INFO: Skipping customer Queue #1.. Setup due for 2020-09-26 (3 day(s) left).. [] []
[2020-09-29 11:55:26] default.INFO:    [] []
[2020-09-29 11:55:26] default.INFO: Customer in queue #1 already exists as customer #2552..skipping. [] []
[2020-09-29 11:55:26] default.INFO:    [] []
[2020-09-29 12:00:01] default.INFO:   -- Open Account Queue -- [] []
[2020-09-29 12:00:01] default.INFO: 0 customers found in queue..   [] []
[2020-09-29 13:00:01] default.INFO:   -- Open Account Queue -- [] []
[2020-09-29 13:00:01] default.INFO: 0 customers found in queue..   [] []
[2020-09-29 14:00:01] default.INFO:   -- Open Account Queue -- [] []
[2020-09-29 14:00:01] default.INFO: 0 customers found in queue..   [] []
[2020-09-29 15:00:01] default.INFO:   -- Open Account Queue -- [] []
[2020-09-29 15:00:01] default.INFO: 0 customers found in queue..   [] []
[2020-09-29 16:00:01] default.INFO:   -- Open Account Queue -- [] []
[2020-09-29 16:00:01] default.INFO: 0 customers found in queue..   [] []
[2020-09-29 17:00:01] default.INFO:   -- Open Account Queue -- [] []
[2020-09-29 17:00:01] default.INFO: 0 customers found in queue..   [] []
[2020-09-29 18:00:01] default.INFO:   -- Open Account Queue -- [] []
[2020-09-29 18:00:01] default.INFO: 0 customers found in queue..   [] []
[2020-09-29 19:00:01] default.INFO:   -- Open Account Queue -- [] []
[2020-09-29 19:00:01] default.INFO: 0 customers found in queue..   [] []
[2020-09-29 20:00:01] default.INFO:   -- Open Account Queue -- [] []
[2020-09-29 20:00:02] default.INFO: 0 customers found in queue..   [] []
[2020-09-29 21:00:02] default.INFO:   -- Open Account Queue -- [] []
[2020-09-29 21:00:02] default.INFO: 0 customers found in queue..   [] []
[2020-09-29 22:00:02] default.INFO:   -- Open Account Queue -- [] []
[2020-09-29 22:00:02] default.INFO: 0 customers found in queue..   [] []
[2020-09-29 23:00:02] default.INFO:   -- Open Account Queue -- [] []
[2020-09-29 23:00:02] default.INFO: 0 customers found in queue..   [] []
