[2019-08-16 08:00:01] Credit Warning SMS Yellow Zone log.INFO: Sending credit warning SMS to customer 6sundayswell [] []
[2019-08-16 08:00:01] Credit Warning SMS Yellow Zone log.INFO: Credit warning SMS sent to customer 6sundayswell [] []
[2019-08-16 08:00:01] Credit Warning SMS Yellow Zone log.INFO: Sending credit warning SMS to customer 2garryknock [] []
[2019-08-16 08:00:01] Credit Warning SMS Yellow Zone log.INFO: Credit warning SMS sent to customer 2garryknock [] []
[2019-08-16 08:00:01] Credit Warning SMS Yellow Zone log.INFO: Sending credit warning SMS to customer 21garryknock [] []
[2019-08-16 08:00:01] Credit Warning SMS Yellow Zone log.INFO: Credit warning SMS sent to customer 21garryknock [] []
[2019-08-16 08:00:01] Credit Warning SMS Yellow Zone log.INFO: Sending credit warning SMS to customer 24garryknock [] []
[2019-08-16 08:00:01] Credit Warning SMS Yellow Zone log.INFO: Credit warning SMS sent to customer 24garryknock [] []
[2019-08-16 08:00:01] Credit Warning SMS Yellow Zone log.INFO: Sending credit warning SMS to customer 19garryknock [] []
[2019-08-16 08:00:01] Credit Warning SMS Yellow Zone log.INFO: Credit warning SMS sent to customer 19garryknock [] []
[2019-08-16 08:00:01] Credit Warning SMS Yellow Zone log.INFO: Sending credit warning SMS to customer 13sundayswell [] []
[2019-08-16 08:00:01] Credit Warning SMS Yellow Zone log.INFO: Credit warning SMS sent to customer 13sundayswell [] []
[2019-08-16 08:00:01] Credit Warning SMS Yellow Zone log.INFO: Sending credit warning SMS to customer 2brackenview [] []
[2019-08-16 08:00:01] Credit Warning SMS Yellow Zone log.INFO: Credit warning SMS sent to customer 2brackenview [] []
[2019-08-16 08:00:01] Credit Warning SMS Yellow Zone log.INFO: Sending credit warning SMS to customer 5Emerald [] []
[2019-08-16 08:00:01] Credit Warning SMS Yellow Zone log.INFO: Credit warning SMS sent to customer 5Emerald [] []
[2019-08-16 08:00:01] Credit Warning SMS Yellow Zone log.INFO: Sending credit warning SMS to customer 45Emerald [] []
[2019-08-16 08:00:01] Credit Warning SMS Yellow Zone log.INFO: Credit warning SMS sent to customer 45Emerald [] []
[2019-08-16 08:00:01] Credit Warning SMS Yellow Zone log.INFO: Sending credit warning SMS to customer 166neptune [] []
[2019-08-16 08:00:01] Credit Warning SMS Yellow Zone log.INFO: Credit warning SMS sent to customer 166neptune [] []
[2019-08-16 08:00:01] Credit Warning SMS Yellow Zone log.INFO: Sending credit warning SMS to customer 148Neptune [] []
[2019-08-16 08:00:01] Credit Warning SMS Yellow Zone log.INFO: Credit warning SMS sent to customer 148Neptune [] []
[2019-08-16 08:00:01] Credit Warning SMS Yellow Zone log.INFO: Sending credit warning SMS to customer 147Neptune [] []
[2019-08-16 08:00:01] Credit Warning SMS Yellow Zone log.INFO: Credit warning SMS sent to customer 147Neptune [] []
[2019-08-16 08:00:01] Credit Warning SMS Yellow Zone log.INFO: Sending credit warning SMS to customer 12neptune [] []
[2019-08-16 08:00:01] Credit Warning SMS Yellow Zone log.INFO: Credit warning SMS sent to customer 12neptune [] []
[2019-08-16 08:00:01] Credit Warning SMS Yellow Zone log.INFO: Sending credit warning SMS to customer 153Neptune [] []
[2019-08-16 08:00:01] Credit Warning SMS Yellow Zone log.INFO: Credit warning SMS sent to customer 153Neptune [] []
[2019-08-16 08:00:01] Credit Warning SMS Yellow Zone log.INFO: Sending credit warning SMS to customer 77Neptune [] []
[2019-08-16 08:00:01] Credit Warning SMS Yellow Zone log.INFO: Credit warning SMS sent to customer 77Neptune [] []
[2019-08-16 08:00:01] Credit Warning SMS Yellow Zone log.INFO: Sending credit warning SMS to customer 183neptune [] []
[2019-08-16 08:00:01] Credit Warning SMS Yellow Zone log.INFO: Credit warning SMS sent to customer 183neptune [] []
[2019-08-16 08:00:01] Credit Warning SMS Yellow Zone log.INFO: Sending credit warning SMS to customer 108Neptune [] []
[2019-08-16 08:00:01] Credit Warning SMS Yellow Zone log.INFO: Credit warning SMS sent to customer 108Neptune [] []
[2019-08-16 08:00:01] Credit Warning SMS Yellow Zone log.INFO: Sending credit warning SMS to customer 165neptune [] []
[2019-08-16 08:00:02] Credit Warning SMS Yellow Zone log.INFO: Credit warning SMS sent to customer 165neptune [] []
[2019-08-16 08:00:02] Credit Warning SMS Yellow Zone log.INFO: Sending credit warning SMS to customer 23neptune [] []
[2019-08-16 08:00:02] Credit Warning SMS Yellow Zone log.INFO: Credit warning SMS sent to customer 23neptune [] []
[2019-08-16 08:00:02] Credit Warning SMS Yellow Zone log.INFO: Sending credit warning SMS to customer 1Abbott [] []
[2019-08-16 08:00:02] Credit Warning SMS Yellow Zone log.INFO: Credit warning SMS sent to customer 1Abbott [] []
[2019-08-16 08:00:02] Credit Warning SMS Yellow Zone log.INFO: Sending credit warning SMS to customer 10Abbott [] []
[2019-08-16 08:00:02] Credit Warning SMS Yellow Zone log.INFO: Credit warning SMS sent to customer 10Abbott [] []
[2019-08-16 08:00:02] Credit Warning SMS Yellow Zone log.INFO: Sending credit warning SMS to customer 15Abbott [] []
[2019-08-16 08:00:02] Credit Warning SMS Yellow Zone log.INFO: Credit warning SMS sent to customer 15Abbott [] []
[2019-08-16 08:00:02] Credit Warning SMS Yellow Zone log.INFO: Sending credit warning SMS to customer 17Abbott [] []
[2019-08-16 08:00:02] Credit Warning SMS Yellow Zone log.INFO: Credit warning SMS sent to customer 17Abbott [] []
[2019-08-16 08:00:02] Credit Warning SMS Yellow Zone log.INFO: Sending credit warning SMS to customer 21Abbott [] []
[2019-08-16 08:00:02] Credit Warning SMS Yellow Zone log.INFO: Credit warning SMS sent to customer 21Abbott [] []
[2019-08-16 08:00:02] Credit Warning SMS Yellow Zone log.INFO: Sending credit warning SMS to customer 59Abbott [] []
[2019-08-16 08:00:02] Credit Warning SMS Yellow Zone log.INFO: Credit warning SMS sent to customer 59Abbott [] []
[2019-08-16 08:00:02] Credit Warning SMS Yellow Zone log.INFO: Sending credit warning SMS to customer 82Abbott [] []
[2019-08-16 08:00:02] Credit Warning SMS Yellow Zone log.INFO: Credit warning SMS sent to customer 82Abbott [] []
[2019-08-16 08:00:02] Credit Warning SMS Yellow Zone log.INFO: Sending credit warning SMS to customer 69Abbott [] []
[2019-08-16 08:00:02] Credit Warning SMS Yellow Zone log.INFO: Credit warning SMS sent to customer 69Abbott [] []
[2019-08-16 08:00:02] Credit Warning SMS Yellow Zone log.INFO: Sending credit warning SMS to customer 105Abbott [] []
[2019-08-16 08:00:02] Credit Warning SMS Yellow Zone log.INFO: Credit warning SMS sent to customer 105Abbott [] []
[2019-08-16 08:00:02] Credit Warning SMS Yellow Zone log.INFO: Sending credit warning SMS to customer 111Abbott [] []
[2019-08-16 08:00:02] Credit Warning SMS Yellow Zone log.INFO: Credit warning SMS sent to customer 111Abbott [] []
[2019-08-16 08:00:02] Credit Warning SMS Yellow Zone log.INFO: Sending credit warning SMS to customer 112abbott [] []
[2019-08-16 08:00:02] Credit Warning SMS Yellow Zone log.INFO: Credit warning SMS sent to customer 112abbott [] []
[2019-08-16 08:00:02] Credit Warning SMS Yellow Zone log.INFO: Sending credit warning SMS to customer 119Abbott [] []
[2019-08-16 08:00:02] Credit Warning SMS Yellow Zone log.INFO: Credit warning SMS sent to customer 119Abbott [] []
[2019-08-16 08:00:02] Credit Warning SMS Yellow Zone log.INFO: Sending credit warning SMS to customer 97Abbott [] []
[2019-08-16 08:00:02] Credit Warning SMS Yellow Zone log.INFO: Credit warning SMS sent to customer 97Abbott [] []
[2019-08-16 08:00:02] Credit Warning SMS Yellow Zone log.INFO: Sending credit warning SMS to customer 81Abbott [] []
[2019-08-16 08:00:02] Credit Warning SMS Yellow Zone log.INFO: Credit warning SMS sent to customer 81Abbott [] []
[2019-08-16 08:00:02] Credit Warning SMS Yellow Zone log.INFO: Sending credit warning SMS to customer 93Abbott [] []
[2019-08-16 08:00:02] Credit Warning SMS Yellow Zone log.INFO: Credit warning SMS sent to customer 93Abbott [] []
[2019-08-16 08:00:02] Credit Warning SMS Yellow Zone log.INFO: Sending credit warning SMS to customer 151abbott [] []
[2019-08-16 08:00:02] Credit Warning SMS Yellow Zone log.INFO: Credit warning SMS sent to customer 151abbott [] []
[2019-08-16 08:00:02] Credit Warning SMS Yellow Zone log.INFO: Sending credit warning SMS to customer 168abbott [] []
[2019-08-16 08:00:02] Credit Warning SMS Yellow Zone log.INFO: Credit warning SMS sent to customer 168abbott [] []
[2019-08-16 08:00:02] Credit Warning SMS Yellow Zone log.INFO: Sending credit warning SMS to customer 18GreenBank [] []
[2019-08-16 08:00:02] Credit Warning SMS Yellow Zone log.INFO: Credit warning SMS sent to customer 18GreenBank [] []
[2019-08-16 08:00:02] Credit Warning SMS Yellow Zone log.INFO: Sending credit warning SMS to customer 132abbott [] []
[2019-08-16 08:00:02] Credit Warning SMS Yellow Zone log.INFO: Credit warning SMS sent to customer 132abbott [] []
[2019-08-16 08:00:02] Credit Warning SMS Yellow Zone log.INFO: Sending credit warning SMS to customer 15GreenBank [] []
[2019-08-16 08:00:02] Credit Warning SMS Yellow Zone log.INFO: Credit warning SMS sent to customer 15GreenBank [] []
[2019-08-16 08:00:02] Credit Warning SMS Yellow Zone log.INFO: Sending credit warning SMS to customer 28GreenBank [] []
[2019-08-16 08:00:02] Credit Warning SMS Yellow Zone log.INFO: Credit warning SMS sent to customer 28GreenBank [] []
[2019-08-16 08:00:02] Credit Warning SMS Yellow Zone log.INFO: Sending credit warning SMS to customer 130abbott [] []
[2019-08-16 08:00:02] Credit Warning SMS Yellow Zone log.INFO: Credit warning SMS sent to customer 130abbott [] []
[2019-08-16 08:00:02] Credit Warning SMS Yellow Zone log.INFO: Sending credit warning SMS to customer 66eustace [] []
[2019-08-16 08:00:02] Credit Warning SMS Yellow Zone log.INFO: Credit warning SMS sent to customer 66eustace [] []
[2019-08-16 08:00:02] Credit Warning SMS Yellow Zone log.INFO: Sending credit warning SMS to customer 91eustace [] []
[2019-08-16 08:00:02] Credit Warning SMS Yellow Zone log.INFO: Credit warning SMS sent to customer 91eustace [] []
[2019-08-16 08:00:02] Credit Warning SMS Yellow Zone log.INFO: Sending credit warning SMS to customer 36eustace [] []
[2019-08-16 08:00:02] Credit Warning SMS Yellow Zone log.INFO: Credit warning SMS sent to customer 36eustace [] []
[2019-08-16 08:00:02] Credit Warning SMS Yellow Zone log.INFO: Sending credit warning SMS to customer 33eustace [] []
[2019-08-16 08:00:02] Credit Warning SMS Yellow Zone log.INFO: Credit warning SMS sent to customer 33eustace [] []
[2019-08-16 08:00:02] Credit Warning SMS Yellow Zone log.INFO: Sending credit warning SMS to customer 20eustace [] []
[2019-08-16 08:00:02] Credit Warning SMS Yellow Zone log.INFO: Credit warning SMS sent to customer 20eustace [] []
[2019-08-16 08:00:02] Credit Warning SMS Yellow Zone log.INFO: Sending credit warning SMS to customer 28leona [] []
[2019-08-16 08:00:02] Credit Warning SMS Yellow Zone log.INFO: Credit warning SMS sent to customer 28leona [] []
[2019-08-16 08:00:02] Credit Warning SMS Yellow Zone log.INFO: Sending credit warning SMS to customer 3leona [] []
[2019-08-16 08:00:02] Credit Warning SMS Yellow Zone log.INFO: Credit warning SMS sent to customer 3leona [] []
[2019-08-16 08:00:02] Credit Warning SMS Yellow Zone log.INFO: Sending credit warning SMS to customer 151leona [] []
[2019-08-16 08:00:02] Credit Warning SMS Yellow Zone log.INFO: Credit warning SMS sent to customer 151leona [] []
[2019-08-16 08:00:02] Credit Warning SMS Yellow Zone log.INFO: Sending credit warning SMS to customer 58leona [] []
[2019-08-16 08:00:03] Credit Warning SMS Yellow Zone log.INFO: Credit warning SMS sent to customer 58leona [] []
[2019-08-16 08:00:03] Credit Warning SMS Yellow Zone log.INFO: Sending credit warning SMS to customer 56leona [] []
[2019-08-16 08:00:03] Credit Warning SMS Yellow Zone log.INFO: Credit warning SMS sent to customer 56leona [] []
[2019-08-16 08:00:03] Credit Warning SMS Yellow Zone log.INFO: Sending credit warning SMS to customer 68leona [] []
[2019-08-16 08:00:03] Credit Warning SMS Yellow Zone log.INFO: Credit warning SMS sent to customer 68leona [] []
[2019-08-16 08:00:03] Credit Warning SMS Yellow Zone log.INFO: Sending credit warning SMS to customer 38leona [] []
[2019-08-16 08:00:03] Credit Warning SMS Yellow Zone log.INFO: Credit warning SMS sent to customer 38leona [] []
[2019-08-16 08:00:03] Credit Warning SMS Yellow Zone log.INFO: Sending credit warning SMS to customer 107leona [] []
[2019-08-16 08:00:03] Credit Warning SMS Yellow Zone log.INFO: Credit warning SMS sent to customer 107leona [] []
[2019-08-16 08:00:03] Credit Warning SMS Yellow Zone log.INFO: Sending credit warning SMS to customer 112leona [] []
[2019-08-16 08:00:03] Credit Warning SMS Yellow Zone log.INFO: Credit warning SMS sent to customer 112leona [] []
[2019-08-16 08:00:03] Credit Warning SMS Yellow Zone log.INFO: Sending credit warning SMS to customer 104leona [] []
[2019-08-16 08:00:03] Credit Warning SMS Yellow Zone log.INFO: Credit warning SMS sent to customer 104leona [] []
[2019-08-16 08:00:03] Credit Warning SMS Yellow Zone log.INFO: Sending credit warning SMS to customer 10leona [] []
[2019-08-16 08:00:03] Credit Warning SMS Yellow Zone log.INFO: Credit warning SMS sent to customer 10leona [] []
[2019-08-16 08:00:03] Credit Warning SMS Yellow Zone log.INFO: Sending credit warning SMS to customer 16leona [] []
[2019-08-16 08:00:03] Credit Warning SMS Yellow Zone log.INFO: Credit warning SMS sent to customer 16leona [] []
[2019-08-16 08:00:03] Credit Warning SMS Yellow Zone log.INFO: Sending credit warning SMS to customer 140leona [] []
[2019-08-16 08:00:03] Credit Warning SMS Yellow Zone log.INFO: Credit warning SMS sent to customer 140leona [] []
[2019-08-16 08:00:03] Credit Warning SMS Yellow Zone log.INFO: Sending credit warning SMS to customer 155leona [] []
[2019-08-16 08:00:03] Credit Warning SMS Yellow Zone log.INFO: Credit warning SMS sent to customer 155leona [] []
[2019-08-16 08:00:03] Credit Warning SMS Yellow Zone log.INFO: Sending credit warning SMS to customer 97leona [] []
[2019-08-16 08:00:03] Credit Warning SMS Yellow Zone log.INFO: Credit warning SMS sent to customer 97leona [] []
[2019-08-16 08:00:03] Credit Warning SMS Yellow Zone log.INFO: Sending credit warning SMS to customer 115charlotte [] []
[2019-08-16 08:00:03] Credit Warning SMS Yellow Zone log.INFO: Credit warning SMS sent to customer 115charlotte [] []
[2019-08-16 08:00:03] Credit Warning SMS Yellow Zone log.INFO: Sending credit warning SMS to customer 127charlotte [] []
[2019-08-16 08:00:03] Credit Warning SMS Yellow Zone log.INFO: Credit warning SMS sent to customer 127charlotte [] []
[2019-08-16 08:00:03] Credit Warning SMS Yellow Zone log.INFO: Sending credit warning SMS to customer 142charlotte [] []
[2019-08-16 08:00:03] Credit Warning SMS Yellow Zone log.INFO: Credit warning SMS sent to customer 142charlotte [] []
[2019-08-16 08:00:03] Credit Warning SMS Yellow Zone log.INFO: Sending credit warning SMS to customer 151charlotte [] []
[2019-08-16 08:00:03] Credit Warning SMS Yellow Zone log.INFO: Credit warning SMS sent to customer 151charlotte [] []
[2019-08-16 08:00:03] Credit Warning SMS Yellow Zone log.INFO: Sending credit warning SMS to customer 107charlotte [] []
[2019-08-16 08:00:03] Credit Warning SMS Yellow Zone log.INFO: Credit warning SMS sent to customer 107charlotte [] []
[2019-08-16 08:00:03] Credit Warning SMS Yellow Zone log.INFO: Sending credit warning SMS to customer 124charlotte [] []
[2019-08-16 08:00:03] Credit Warning SMS Yellow Zone log.INFO: Credit warning SMS sent to customer 124charlotte [] []
[2019-08-16 08:00:03] Credit Warning SMS Yellow Zone log.INFO: Sending credit warning SMS to customer 28charlotte [] []
[2019-08-16 08:00:03] Credit Warning SMS Yellow Zone log.INFO: Credit warning SMS sent to customer 28charlotte [] []
[2019-08-16 08:00:03] Credit Warning SMS Yellow Zone log.INFO: Sending credit warning SMS to customer 29charlotte [] []
[2019-08-16 08:00:03] Credit Warning SMS Yellow Zone log.INFO: Credit warning SMS sent to customer 29charlotte [] []
[2019-08-16 08:00:03] Credit Warning SMS Yellow Zone log.INFO: Sending credit warning SMS to customer 52charlotte [] []
[2019-08-16 08:00:03] Credit Warning SMS Yellow Zone log.INFO: Credit warning SMS sent to customer 52charlotte [] []
[2019-08-16 08:00:03] Credit Warning SMS Yellow Zone log.INFO: Sending credit warning SMS to customer 13charlotte [] []
[2019-08-16 08:00:03] Credit Warning SMS Yellow Zone log.INFO: Credit warning SMS sent to customer 13charlotte [] []
[2019-08-16 08:00:03] Credit Warning SMS Yellow Zone log.INFO: Sending credit warning SMS to customer 39charlotte [] []
[2019-08-16 08:00:03] Credit Warning SMS Yellow Zone log.INFO: Credit warning SMS sent to customer 39charlotte [] []
[2019-08-16 08:00:03] Credit Warning SMS Yellow Zone log.INFO: Sending credit warning SMS to customer 66charlotte [] []
[2019-08-16 08:00:03] Credit Warning SMS Yellow Zone log.INFO: Credit warning SMS sent to customer 66charlotte [] []
[2019-08-16 08:00:03] Credit Warning SMS Yellow Zone log.INFO: Sending credit warning SMS to customer 73charlotte [] []
[2019-08-16 08:00:03] Credit Warning SMS Yellow Zone log.INFO: Credit warning SMS sent to customer 73charlotte [] []
[2019-08-16 08:00:03] Credit Warning SMS Yellow Zone log.INFO: Sent Credit warning SMS to 74 customers! [] []
