[2019-12-22 10:30:01] Credit Warning SMS Yellow Zone log.INFO: Sending credit warning SMS to customer 12sundayswell [] []
[2019-12-22 10:30:01] Credit Warning SMS Yellow Zone log.INFO: Credit warning SMS sent to customer 12sundayswell [] []
[2019-12-22 10:30:01] Credit Warning SMS Yellow Zone log.INFO: Sending credit warning SMS to customer 15sundayswell [] []
[2019-12-22 10:30:02] Credit Warning SMS Yellow Zone log.INFO: Credit warning SMS sent to customer 15sundayswell [] []
[2019-12-22 10:30:02] Credit Warning SMS Yellow Zone log.INFO: Sending credit warning SMS to customer 11sundayswell [] []
[2019-12-22 10:30:02] Credit Warning SMS Yellow Zone log.INFO: Credit warning SMS sent to customer 11sundayswell [] []
[2019-12-22 10:30:02] Credit Warning SMS Yellow Zone log.INFO: Sending credit warning SMS to customer 26garryknock [] []
[2019-12-22 10:30:02] Credit Warning SMS Yellow Zone log.INFO: Credit warning SMS sent to customer 26garryknock [] []
[2019-12-22 10:30:02] Credit Warning SMS Yellow Zone log.INFO: Sending credit warning SMS to customer 5brackenview [] []
[2019-12-22 10:30:02] Credit Warning SMS Yellow Zone log.INFO: Credit warning SMS sent to customer 5brackenview [] []
[2019-12-22 10:30:02] Credit Warning SMS Yellow Zone log.INFO: Sending credit warning SMS to customer 2brackenview [] []
[2019-12-22 10:30:02] Credit Warning SMS Yellow Zone log.INFO: Credit warning SMS sent to customer 2brackenview [] []
[2019-12-22 10:30:02] Credit Warning SMS Yellow Zone log.INFO: Sending credit warning SMS to customer 15Emerald [] []
[2019-12-22 10:30:02] Credit Warning SMS Yellow Zone log.INFO: Credit warning SMS sent to customer 15Emerald [] []
[2019-12-22 10:30:02] Credit Warning SMS Yellow Zone log.INFO: Sending credit warning SMS to customer 19Emerald [] []
[2019-12-22 10:30:02] Credit Warning SMS Yellow Zone log.INFO: Credit warning SMS sent to customer 19Emerald [] []
[2019-12-22 10:30:02] Credit Warning SMS Yellow Zone log.INFO: Sending credit warning SMS to customer 24Emerald [] []
[2019-12-22 10:30:02] Credit Warning SMS Yellow Zone log.INFO: Credit warning SMS sent to customer 24Emerald [] []
[2019-12-22 10:30:02] Credit Warning SMS Yellow Zone log.INFO: Sending credit warning SMS to customer 10Emerald [] []
[2019-12-22 10:30:02] Credit Warning SMS Yellow Zone log.INFO: Credit warning SMS sent to customer 10Emerald [] []
[2019-12-22 10:30:02] Credit Warning SMS Yellow Zone log.INFO: Sending credit warning SMS to customer 51Emerald [] []
[2019-12-22 10:30:02] Credit Warning SMS Yellow Zone log.INFO: Credit warning SMS sent to customer 51Emerald [] []
[2019-12-22 10:30:02] Credit Warning SMS Yellow Zone log.INFO: Sending credit warning SMS to customer 4Emerald [] []
[2019-12-22 10:30:02] Credit Warning SMS Yellow Zone log.INFO: Credit warning SMS sent to customer 4Emerald [] []
[2019-12-22 10:30:02] Credit Warning SMS Yellow Zone log.INFO: Sending credit warning SMS to customer 13Emerald [] []
[2019-12-22 10:30:02] Credit Warning SMS Yellow Zone log.INFO: Credit warning SMS sent to customer 13Emerald [] []
[2019-12-22 10:30:02] Credit Warning SMS Yellow Zone log.INFO: Sending credit warning SMS to customer 23Emerald [] []
[2019-12-22 10:30:02] Credit Warning SMS Yellow Zone log.INFO: Credit warning SMS sent to customer 23Emerald [] []
[2019-12-22 10:30:02] Credit Warning SMS Yellow Zone log.INFO: Sending credit warning SMS to customer 6Emerald [] []
[2019-12-22 10:30:02] Credit Warning SMS Yellow Zone log.INFO: Credit warning SMS sent to customer 6Emerald [] []
[2019-12-22 10:30:02] Credit Warning SMS Yellow Zone log.INFO: Sending credit warning SMS to customer 176neptune [] []
[2019-12-22 10:30:02] Credit Warning SMS Yellow Zone log.INFO: Credit warning SMS sent to customer 176neptune [] []
[2019-12-22 10:30:02] Credit Warning SMS Yellow Zone log.INFO: Sending credit warning SMS to customer 116Neptune [] []
[2019-12-22 10:30:02] Credit Warning SMS Yellow Zone log.INFO: Credit warning SMS sent to customer 116Neptune [] []
[2019-12-22 10:30:02] Credit Warning SMS Yellow Zone log.INFO: Sending credit warning SMS to customer 126Neptune [] []
[2019-12-22 10:30:02] Credit Warning SMS Yellow Zone log.INFO: Credit warning SMS sent to customer 126Neptune [] []
[2019-12-22 10:30:02] Credit Warning SMS Yellow Zone log.INFO: Sending credit warning SMS to customer 27neptune [] []
[2019-12-22 10:30:02] Credit Warning SMS Yellow Zone log.INFO: Credit warning SMS sent to customer 27neptune [] []
[2019-12-22 10:30:02] Credit Warning SMS Yellow Zone log.INFO: Sending credit warning SMS to customer 140Neptune [] []
[2019-12-22 10:30:02] Credit Warning SMS Yellow Zone log.INFO: Credit warning SMS sent to customer 140Neptune [] []
[2019-12-22 10:30:02] Credit Warning SMS Yellow Zone log.INFO: Sending credit warning SMS to customer 186neptune [] []
[2019-12-22 10:30:02] Credit Warning SMS Yellow Zone log.INFO: Credit warning SMS sent to customer 186neptune [] []
[2019-12-22 10:30:02] Credit Warning SMS Yellow Zone log.INFO: Sending credit warning SMS to customer 178neptune [] []
[2019-12-22 10:30:02] Credit Warning SMS Yellow Zone log.INFO: Credit warning SMS sent to customer 178neptune [] []
[2019-12-22 10:30:02] Credit Warning SMS Yellow Zone log.INFO: Sending credit warning SMS to customer 108Neptune [] []
[2019-12-22 10:30:02] Credit Warning SMS Yellow Zone log.INFO: Credit warning SMS sent to customer 108Neptune [] []
[2019-12-22 10:30:02] Credit Warning SMS Yellow Zone log.INFO: Sending credit warning SMS to customer 32neptune [] []
[2019-12-22 10:30:02] Credit Warning SMS Yellow Zone log.INFO: Credit warning SMS sent to customer 32neptune [] []
[2019-12-22 10:30:02] Credit Warning SMS Yellow Zone log.INFO: Sending credit warning SMS to customer 75Neptune [] []
[2019-12-22 10:30:02] Credit Warning SMS Yellow Zone log.INFO: Credit warning SMS sent to customer 75Neptune [] []
[2019-12-22 10:30:02] Credit Warning SMS Yellow Zone log.INFO: Sending credit warning SMS to customer 13neptune [] []
[2019-12-22 10:30:02] Credit Warning SMS Yellow Zone log.INFO: Credit warning SMS sent to customer 13neptune [] []
[2019-12-22 10:30:02] Credit Warning SMS Yellow Zone log.INFO: Sending credit warning SMS to customer 71Neptune [] []
[2019-12-22 10:30:02] Credit Warning SMS Yellow Zone log.INFO: Credit warning SMS sent to customer 71Neptune [] []
[2019-12-22 10:30:02] Credit Warning SMS Yellow Zone log.INFO: Sending credit warning SMS to customer 62Neptune [] []
[2019-12-22 10:30:02] Credit Warning SMS Yellow Zone log.INFO: Credit warning SMS sent to customer 62Neptune [] []
[2019-12-22 10:30:02] Credit Warning SMS Yellow Zone log.INFO: Sending credit warning SMS to customer 40neptune [] []
[2019-12-22 10:30:02] Credit Warning SMS Yellow Zone log.INFO: Credit warning SMS sent to customer 40neptune [] []
[2019-12-22 10:30:02] Credit Warning SMS Yellow Zone log.INFO: Sending credit warning SMS to customer 10Abbott [] []
[2019-12-22 10:30:03] Credit Warning SMS Yellow Zone log.INFO: Credit warning SMS sent to customer 10Abbott [] []
[2019-12-22 10:30:03] Credit Warning SMS Yellow Zone log.INFO: Sending credit warning SMS to customer 21Abbott [] []
[2019-12-22 10:30:03] Credit Warning SMS Yellow Zone log.INFO: Credit warning SMS sent to customer 21Abbott [] []
[2019-12-22 10:30:03] Credit Warning SMS Yellow Zone log.INFO: Sending credit warning SMS to customer 24Abbott [] []
[2019-12-22 10:30:03] Credit Warning SMS Yellow Zone log.INFO: Credit warning SMS sent to customer 24Abbott [] []
[2019-12-22 10:30:03] Credit Warning SMS Yellow Zone log.INFO: Sending credit warning SMS to customer 73Abbott [] []
[2019-12-22 10:30:03] Credit Warning SMS Yellow Zone log.INFO: Credit warning SMS sent to customer 73Abbott [] []
[2019-12-22 10:30:03] Credit Warning SMS Yellow Zone log.INFO: Sending credit warning SMS to customer 59Abbott [] []
[2019-12-22 10:30:03] Credit Warning SMS Yellow Zone log.INFO: Credit warning SMS sent to customer 59Abbott [] []
[2019-12-22 10:30:03] Credit Warning SMS Yellow Zone log.INFO: Sending credit warning SMS to customer 62Abbott [] []
[2019-12-22 10:30:03] Credit Warning SMS Yellow Zone log.INFO: Credit warning SMS sent to customer 62Abbott [] []
[2019-12-22 10:30:03] Credit Warning SMS Yellow Zone log.INFO: Sending credit warning SMS to customer 70Abbott [] []
[2019-12-22 10:30:03] Credit Warning SMS Yellow Zone log.INFO: Credit warning SMS sent to customer 70Abbott [] []
[2019-12-22 10:30:03] Credit Warning SMS Yellow Zone log.INFO: Sending credit warning SMS to customer 84Abbott [] []
[2019-12-22 10:30:03] Credit Warning SMS Yellow Zone log.INFO: Credit warning SMS sent to customer 84Abbott [] []
[2019-12-22 10:30:03] Credit Warning SMS Yellow Zone log.INFO: Sending credit warning SMS to customer 44Abbott [] []
[2019-12-22 10:30:03] Credit Warning SMS Yellow Zone log.INFO: Credit warning SMS sent to customer 44Abbott [] []
[2019-12-22 10:30:03] Credit Warning SMS Yellow Zone log.INFO: Sending credit warning SMS to customer 71Abbott [] []
[2019-12-22 10:30:03] Credit Warning SMS Yellow Zone log.INFO: Credit warning SMS sent to customer 71Abbott [] []
[2019-12-22 10:30:03] Credit Warning SMS Yellow Zone log.INFO: Sending credit warning SMS to customer 100Abbott [] []
[2019-12-22 10:30:03] Credit Warning SMS Yellow Zone log.INFO: Credit warning SMS sent to customer 100Abbott [] []
[2019-12-22 10:30:03] Credit Warning SMS Yellow Zone log.INFO: Sending credit warning SMS to customer 105Abbott [] []
[2019-12-22 10:30:03] Credit Warning SMS Yellow Zone log.INFO: Credit warning SMS sent to customer 105Abbott [] []
[2019-12-22 10:30:03] Credit Warning SMS Yellow Zone log.INFO: Sending credit warning SMS to customer 119Abbott [] []
[2019-12-22 10:30:03] Credit Warning SMS Yellow Zone log.INFO: Credit warning SMS sent to customer 119Abbott [] []
[2019-12-22 10:30:03] Credit Warning SMS Yellow Zone log.INFO: Sending credit warning SMS to customer 98Abbott [] []
[2019-12-22 10:30:03] Credit Warning SMS Yellow Zone log.INFO: Credit warning SMS sent to customer 98Abbott [] []
[2019-12-22 10:30:03] Credit Warning SMS Yellow Zone log.INFO: Sending credit warning SMS to customer 115Abbott [] []
[2019-12-22 10:30:03] Credit Warning SMS Yellow Zone log.INFO: Credit warning SMS sent to customer 115Abbott [] []
[2019-12-22 10:30:03] Credit Warning SMS Yellow Zone log.INFO: Sending credit warning SMS to customer 116Abbott [] []
[2019-12-22 10:30:03] Credit Warning SMS Yellow Zone log.INFO: Credit warning SMS sent to customer 116Abbott [] []
[2019-12-22 10:30:03] Credit Warning SMS Yellow Zone log.INFO: Sending credit warning SMS to customer 191abbott [] []
[2019-12-22 10:30:03] Credit Warning SMS Yellow Zone log.INFO: Credit warning SMS sent to customer 191abbott [] []
[2019-12-22 10:30:03] Credit Warning SMS Yellow Zone log.INFO: Sending credit warning SMS to customer 146abbott [] []
[2019-12-22 10:30:03] Credit Warning SMS Yellow Zone log.INFO: Credit warning SMS sent to customer 146abbott [] []
[2019-12-22 10:30:03] Credit Warning SMS Yellow Zone log.INFO: Sending credit warning SMS to customer 129abbott [] []
[2019-12-22 10:30:03] Credit Warning SMS Yellow Zone log.INFO: Credit warning SMS sent to customer 129abbott [] []
[2019-12-22 10:30:03] Credit Warning SMS Yellow Zone log.INFO: Sending credit warning SMS to customer 10GreenBank [] []
[2019-12-22 10:30:03] Credit Warning SMS Yellow Zone log.INFO: Credit warning SMS sent to customer 10GreenBank [] []
[2019-12-22 10:30:03] Credit Warning SMS Yellow Zone log.INFO: Sending credit warning SMS to customer 91eustace [] []
[2019-12-22 10:30:03] Credit Warning SMS Yellow Zone log.INFO: Credit warning SMS sent to customer 91eustace [] []
[2019-12-22 10:30:03] Credit Warning SMS Yellow Zone log.INFO: Sending credit warning SMS to customer 13eustace [] []
[2019-12-22 10:30:03] Credit Warning SMS Yellow Zone log.INFO: Credit warning SMS sent to customer 13eustace [] []
[2019-12-22 10:30:03] Credit Warning SMS Yellow Zone log.INFO: Sending credit warning SMS to customer 74eustace [] []
[2019-12-22 10:30:03] Credit Warning SMS Yellow Zone log.INFO: Credit warning SMS sent to customer 74eustace [] []
[2019-12-22 10:30:03] Credit Warning SMS Yellow Zone log.INFO: Sending credit warning SMS to customer 67eustace [] []
[2019-12-22 10:30:03] Credit Warning SMS Yellow Zone log.INFO: Credit warning SMS sent to customer 67eustace [] []
[2019-12-22 10:30:03] Credit Warning SMS Yellow Zone log.INFO: Sending credit warning SMS to customer 53eustace [] []
[2019-12-22 10:30:03] Credit Warning SMS Yellow Zone log.INFO: Credit warning SMS sent to customer 53eustace [] []
[2019-12-22 10:30:03] Credit Warning SMS Yellow Zone log.INFO: Sending credit warning SMS to customer 144leona [] []
[2019-12-22 10:30:03] Credit Warning SMS Yellow Zone log.INFO: Credit warning SMS sent to customer 144leona [] []
[2019-12-22 10:30:03] Credit Warning SMS Yellow Zone log.INFO: Sending credit warning SMS to customer 149leona [] []
[2019-12-22 10:30:03] Credit Warning SMS Yellow Zone log.INFO: Credit warning SMS sent to customer 149leona [] []
[2019-12-22 10:30:03] Credit Warning SMS Yellow Zone log.INFO: Sending credit warning SMS to customer 131leona [] []
[2019-12-22 10:30:03] Credit Warning SMS Yellow Zone log.INFO: Credit warning SMS sent to customer 131leona [] []
[2019-12-22 10:30:03] Credit Warning SMS Yellow Zone log.INFO: Sending credit warning SMS to customer 148leona [] []
[2019-12-22 10:30:04] Credit Warning SMS Yellow Zone log.INFO: Credit warning SMS sent to customer 148leona [] []
[2019-12-22 10:30:04] Credit Warning SMS Yellow Zone log.INFO: Sending credit warning SMS to customer 153leona [] []
[2019-12-22 10:30:04] Credit Warning SMS Yellow Zone log.INFO: Credit warning SMS sent to customer 153leona [] []
[2019-12-22 10:30:04] Credit Warning SMS Yellow Zone log.INFO: Sending credit warning SMS to customer 58leona [] []
[2019-12-22 10:30:04] Credit Warning SMS Yellow Zone log.INFO: Credit warning SMS sent to customer 58leona [] []
[2019-12-22 10:30:04] Credit Warning SMS Yellow Zone log.INFO: Sending credit warning SMS to customer 60leona [] []
[2019-12-22 10:30:04] Credit Warning SMS Yellow Zone log.INFO: Credit warning SMS sent to customer 60leona [] []
[2019-12-22 10:30:04] Credit Warning SMS Yellow Zone log.INFO: Sending credit warning SMS to customer 125leona [] []
[2019-12-22 10:30:04] Credit Warning SMS Yellow Zone log.INFO: Credit warning SMS sent to customer 125leona [] []
[2019-12-22 10:30:04] Credit Warning SMS Yellow Zone log.INFO: Sending credit warning SMS to customer 56leona [] []
[2019-12-22 10:30:04] Credit Warning SMS Yellow Zone log.INFO: Credit warning SMS sent to customer 56leona [] []
[2019-12-22 10:30:04] Credit Warning SMS Yellow Zone log.INFO: Sending credit warning SMS to customer 53leona [] []
[2019-12-22 10:30:04] Credit Warning SMS Yellow Zone log.INFO: Credit warning SMS sent to customer 53leona [] []
[2019-12-22 10:30:04] Credit Warning SMS Yellow Zone log.INFO: Sending credit warning SMS to customer 79leona [] []
[2019-12-22 10:30:04] Credit Warning SMS Yellow Zone log.INFO: Credit warning SMS sent to customer 79leona [] []
[2019-12-22 10:30:04] Credit Warning SMS Yellow Zone log.INFO: Sending credit warning SMS to customer 95leona [] []
[2019-12-22 10:30:04] Credit Warning SMS Yellow Zone log.INFO: Credit warning SMS sent to customer 95leona [] []
[2019-12-22 10:30:04] Credit Warning SMS Yellow Zone log.INFO: Sending credit warning SMS to customer 94leona [] []
[2019-12-22 10:30:04] Credit Warning SMS Yellow Zone log.INFO: Credit warning SMS sent to customer 94leona [] []
[2019-12-22 10:30:04] Credit Warning SMS Yellow Zone log.INFO: Sending credit warning SMS to customer 82leona [] []
[2019-12-22 10:30:04] Credit Warning SMS Yellow Zone log.INFO: Credit warning SMS sent to customer 82leona [] []
[2019-12-22 10:30:04] Credit Warning SMS Yellow Zone log.INFO: Sending credit warning SMS to customer 31leona [] []
[2019-12-22 10:30:04] Credit Warning SMS Yellow Zone log.INFO: Credit warning SMS sent to customer 31leona [] []
[2019-12-22 10:30:04] Credit Warning SMS Yellow Zone log.INFO: Sending credit warning SMS to customer 30leona [] []
[2019-12-22 10:30:04] Credit Warning SMS Yellow Zone log.INFO: Credit warning SMS sent to customer 30leona [] []
[2019-12-22 10:30:04] Credit Warning SMS Yellow Zone log.INFO: Sending credit warning SMS to customer 76leona [] []
[2019-12-22 10:30:04] Credit Warning SMS Yellow Zone log.INFO: Credit warning SMS sent to customer 76leona [] []
[2019-12-22 10:30:04] Credit Warning SMS Yellow Zone log.INFO: Sending credit warning SMS to customer 147leona [] []
[2019-12-22 10:30:04] Credit Warning SMS Yellow Zone log.INFO: Credit warning SMS sent to customer 147leona [] []
[2019-12-22 10:30:04] Credit Warning SMS Yellow Zone log.INFO: Sending credit warning SMS to customer 108charlotte [] []
[2019-12-22 10:30:04] Credit Warning SMS Yellow Zone log.INFO: Credit warning SMS sent to customer 108charlotte [] []
[2019-12-22 10:30:04] Credit Warning SMS Yellow Zone log.INFO: Sending credit warning SMS to customer 127charlotte [] []
[2019-12-22 10:30:04] Credit Warning SMS Yellow Zone log.INFO: Credit warning SMS sent to customer 127charlotte [] []
[2019-12-22 10:30:04] Credit Warning SMS Yellow Zone log.INFO: Sending credit warning SMS to customer 149charlotte [] []
[2019-12-22 10:30:04] Credit Warning SMS Yellow Zone log.INFO: Credit warning SMS sent to customer 149charlotte [] []
[2019-12-22 10:30:04] Credit Warning SMS Yellow Zone log.INFO: Sending credit warning SMS to customer 143charlotte [] []
[2019-12-22 10:30:04] Credit Warning SMS Yellow Zone log.INFO: Credit warning SMS sent to customer 143charlotte [] []
[2019-12-22 10:30:04] Credit Warning SMS Yellow Zone log.INFO: Sending credit warning SMS to customer 111charlotte [] []
[2019-12-22 10:30:04] Credit Warning SMS Yellow Zone log.INFO: Credit warning SMS sent to customer 111charlotte [] []
[2019-12-22 10:30:04] Credit Warning SMS Yellow Zone log.INFO: Sending credit warning SMS to customer 15charlotte [] []
[2019-12-22 10:30:04] Credit Warning SMS Yellow Zone log.INFO: Credit warning SMS sent to customer 15charlotte [] []
[2019-12-22 10:30:04] Credit Warning SMS Yellow Zone log.INFO: Sending credit warning SMS to customer 42charlotte [] []
[2019-12-22 10:30:04] Credit Warning SMS Yellow Zone log.INFO: Credit warning SMS sent to customer 42charlotte [] []
[2019-12-22 10:30:04] Credit Warning SMS Yellow Zone log.INFO: Sending credit warning SMS to customer 18charlotte [] []
[2019-12-22 10:30:04] Credit Warning SMS Yellow Zone log.INFO: Credit warning SMS sent to customer 18charlotte [] []
[2019-12-22 10:30:04] Credit Warning SMS Yellow Zone log.INFO: Sending credit warning SMS to customer 28charlotte [] []
[2019-12-22 10:30:04] Credit Warning SMS Yellow Zone log.INFO: Credit warning SMS sent to customer 28charlotte [] []
[2019-12-22 10:30:04] Credit Warning SMS Yellow Zone log.INFO: Sending credit warning SMS to customer 29charlotte [] []
[2019-12-22 10:30:04] Credit Warning SMS Yellow Zone log.INFO: Credit warning SMS sent to customer 29charlotte [] []
[2019-12-22 10:30:04] Credit Warning SMS Yellow Zone log.INFO: Sending credit warning SMS to customer 52charlotte [] []
[2019-12-22 10:30:04] Credit Warning SMS Yellow Zone log.INFO: Credit warning SMS sent to customer 52charlotte [] []
[2019-12-22 10:30:04] Credit Warning SMS Yellow Zone log.INFO: Sending credit warning SMS to customer 13charlotte [] []
[2019-12-22 10:30:04] Credit Warning SMS Yellow Zone log.INFO: Credit warning SMS sent to customer 13charlotte [] []
[2019-12-22 10:30:04] Credit Warning SMS Yellow Zone log.INFO: Sending credit warning SMS to customer 37charlotte [] []
[2019-12-22 10:30:04] Credit Warning SMS Yellow Zone log.INFO: Credit warning SMS sent to customer 37charlotte [] []
[2019-12-22 10:30:04] Credit Warning SMS Yellow Zone log.INFO: Sending credit warning SMS to customer 80charlotte [] []
[2019-12-22 10:30:04] Credit Warning SMS Yellow Zone log.INFO: Credit warning SMS sent to customer 80charlotte [] []
[2019-12-22 10:30:04] Credit Warning SMS Yellow Zone log.INFO: Sending credit warning SMS to customer 76charlotte [] []
[2019-12-22 10:30:04] Credit Warning SMS Yellow Zone log.INFO: Credit warning SMS sent to customer 76charlotte [] []
[2019-12-22 10:30:04] Credit Warning SMS Yellow Zone log.INFO: Sending credit warning SMS to customer 93charlotte [] []
[2019-12-22 10:30:04] Credit Warning SMS Yellow Zone log.INFO: Credit warning SMS sent to customer 93charlotte [] []
[2019-12-22 10:30:04] Credit Warning SMS Yellow Zone log.INFO: Sending credit warning SMS to customer 118charlotte [] []
[2019-12-22 10:30:05] Credit Warning SMS Yellow Zone log.INFO: Credit warning SMS sent to customer 118charlotte [] []
[2019-12-22 10:30:05] Credit Warning SMS Yellow Zone log.INFO: Sending credit warning SMS to customer 135charlotte [] []
[2019-12-22 10:30:05] Credit Warning SMS Yellow Zone log.INFO: Credit warning SMS sent to customer 135charlotte [] []
[2019-12-22 10:30:05] Credit Warning SMS Yellow Zone log.INFO: Sending credit warning SMS to customer 84charlotte [] []
[2019-12-22 10:30:05] Credit Warning SMS Yellow Zone log.INFO: Credit warning SMS sent to customer 84charlotte [] []
[2019-12-22 10:30:05] Credit Warning SMS Yellow Zone log.INFO: Sending credit warning SMS to customer 4bridgefield [] []
[2019-12-22 10:30:05] Credit Warning SMS Yellow Zone log.INFO: Credit warning SMS sent to customer 4bridgefield [] []
[2019-12-22 10:30:05] Credit Warning SMS Yellow Zone log.INFO: Sending credit warning SMS to customer 6bridgefield [] []
[2019-12-22 10:30:05] Credit Warning SMS Yellow Zone log.INFO: Credit warning SMS sent to customer 6bridgefield [] []
[2019-12-22 10:30:05] Credit Warning SMS Yellow Zone log.INFO: Sending credit warning SMS to customer 20bridgefield [] []
[2019-12-22 10:30:05] Credit Warning SMS Yellow Zone log.INFO: Credit warning SMS sent to customer 20bridgefield [] []
[2019-12-22 10:30:05] Credit Warning SMS Yellow Zone log.INFO: Sending credit warning SMS to customer 7bridgefield [] []
[2019-12-22 10:30:05] Credit Warning SMS Yellow Zone log.INFO: Credit warning SMS sent to customer 7bridgefield [] []
[2019-12-22 10:30:05] Credit Warning SMS Yellow Zone log.INFO: Sending credit warning SMS to customer 66bridgefield [] []
[2019-12-22 10:30:05] Credit Warning SMS Yellow Zone log.INFO: Credit warning SMS sent to customer 66bridgefield [] []
[2019-12-22 10:30:05] Credit Warning SMS Yellow Zone log.INFO: Sending credit warning SMS to customer 69bridgefield [] []
[2019-12-22 10:30:05] Credit Warning SMS Yellow Zone log.INFO: Credit warning SMS sent to customer 69bridgefield [] []
[2019-12-22 10:30:05] Credit Warning SMS Yellow Zone log.INFO: Sending credit warning SMS to customer 77bridgefield [] []
[2019-12-22 10:30:05] Credit Warning SMS Yellow Zone log.INFO: Credit warning SMS sent to customer 77bridgefield [] []
[2019-12-22 10:30:05] Credit Warning SMS Yellow Zone log.INFO: Sending credit warning SMS to customer 113fairways [] []
[2019-12-22 10:30:05] Credit Warning SMS Yellow Zone log.INFO: Credit warning SMS sent to customer 113fairways [] []
[2019-12-22 10:30:05] Credit Warning SMS Yellow Zone log.INFO: Sending credit warning SMS to customer 119fairways [] []
[2019-12-22 10:30:05] Credit Warning SMS Yellow Zone log.INFO: Credit warning SMS sent to customer 119fairways [] []
[2019-12-22 10:30:05] Credit Warning SMS Yellow Zone log.INFO: Sending credit warning SMS to customer 118fairways [] []
[2019-12-22 10:30:05] Credit Warning SMS Yellow Zone log.INFO: Credit warning SMS sent to customer 118fairways [] []
[2019-12-22 10:30:05] Credit Warning SMS Yellow Zone log.INFO: Sending credit warning SMS to customer 54herberthill [] []
[2019-12-22 10:30:05] Credit Warning SMS Yellow Zone log.INFO: Credit warning SMS sent to customer 54herberthill [] []
[2019-12-22 10:30:05] Credit Warning SMS Yellow Zone log.INFO: Sending credit warning SMS to customer 44marina [] []
[2019-12-22 10:30:05] Credit Warning SMS Yellow Zone log.INFO: Credit warning SMS sent to customer 44marina [] []
[2019-12-22 10:30:05] Credit Warning SMS Yellow Zone log.INFO: Sent Credit warning SMS to 103 customers! [] []
