[2019-04-09 08:00:01] Credit Warning SMS Yellow Zone log.INFO: Sending credit warning SMS to customer 15sundayswell [] []
[2019-04-09 08:00:02] Credit Warning SMS Yellow Zone log.INFO: Credit warning SMS sent to customer 15sundayswell [] []
[2019-04-09 08:00:02] Credit Warning SMS Yellow Zone log.INFO: Sending credit warning SMS to customer 7garryknock [] []
[2019-04-09 08:00:02] Credit Warning SMS Yellow Zone log.INFO: Credit warning SMS sent to customer 7garryknock [] []
[2019-04-09 08:00:02] Credit Warning SMS Yellow Zone log.INFO: Sending credit warning SMS to customer 15garryknock [] []
[2019-04-09 08:00:02] Credit Warning SMS Yellow Zone log.INFO: Credit warning SMS sent to customer 15garryknock [] []
[2019-04-09 08:00:02] Credit Warning SMS Yellow Zone log.INFO: Sending credit warning SMS to customer 9sundayswell [] []
[2019-04-09 08:00:02] Credit Warning SMS Yellow Zone log.INFO: Credit warning SMS sent to customer 9sundayswell [] []
[2019-04-09 08:00:02] Credit Warning SMS Yellow Zone log.INFO: Sending credit warning SMS to customer 2sundayswell [] []
[2019-04-09 08:00:02] Credit Warning SMS Yellow Zone log.INFO: Credit warning SMS sent to customer 2sundayswell [] []
[2019-04-09 08:00:02] Credit Warning SMS Yellow Zone log.INFO: Sending credit warning SMS to customer 7Emerald [] []
[2019-04-09 08:00:02] Credit Warning SMS Yellow Zone log.INFO: Credit warning SMS sent to customer 7Emerald [] []
[2019-04-09 08:00:02] Credit Warning SMS Yellow Zone log.INFO: Sending credit warning SMS to customer 45Emerald [] []
[2019-04-09 08:00:02] Credit Warning SMS Yellow Zone log.INFO: Credit warning SMS sent to customer 45Emerald [] []
[2019-04-09 08:00:02] Credit Warning SMS Yellow Zone log.INFO: Sending credit warning SMS to customer 18Emerald [] []
[2019-04-09 08:00:02] Credit Warning SMS Yellow Zone log.INFO: Credit warning SMS sent to customer 18Emerald [] []
[2019-04-09 08:00:02] Credit Warning SMS Yellow Zone log.INFO: Sending credit warning SMS to customer 163neptune [] []
[2019-04-09 08:00:02] Credit Warning SMS Yellow Zone log.INFO: Credit warning SMS sent to customer 163neptune [] []
[2019-04-09 08:00:02] Credit Warning SMS Yellow Zone log.INFO: Sending credit warning SMS to customer 10neptune [] []
[2019-04-09 08:00:02] Credit Warning SMS Yellow Zone log.INFO: Credit warning SMS sent to customer 10neptune [] []
[2019-04-09 08:00:02] Credit Warning SMS Yellow Zone log.INFO: Sending credit warning SMS to customer 168neptune [] []
[2019-04-09 08:00:02] Credit Warning SMS Yellow Zone log.INFO: Credit warning SMS sent to customer 168neptune [] []
[2019-04-09 08:00:02] Credit Warning SMS Yellow Zone log.INFO: Sending credit warning SMS to customer 146Neptune [] []
[2019-04-09 08:00:02] Credit Warning SMS Yellow Zone log.INFO: Credit warning SMS sent to customer 146Neptune [] []
[2019-04-09 08:00:02] Credit Warning SMS Yellow Zone log.INFO: Sending credit warning SMS to customer 115Neptune [] []
[2019-04-09 08:00:02] Credit Warning SMS Yellow Zone log.INFO: Credit warning SMS sent to customer 115Neptune [] []
[2019-04-09 08:00:02] Credit Warning SMS Yellow Zone log.INFO: Sending credit warning SMS to customer 117Neptune [] []
[2019-04-09 08:00:02] Credit Warning SMS Yellow Zone log.INFO: Credit warning SMS sent to customer 117Neptune [] []
[2019-04-09 08:00:02] Credit Warning SMS Yellow Zone log.INFO: Sending credit warning SMS to customer 151Neptune [] []
[2019-04-09 08:00:02] Credit Warning SMS Yellow Zone log.INFO: Credit warning SMS sent to customer 151Neptune [] []
[2019-04-09 08:00:02] Credit Warning SMS Yellow Zone log.INFO: Sending credit warning SMS to customer 132Neptune [] []
[2019-04-09 08:00:02] Credit Warning SMS Yellow Zone log.INFO: Credit warning SMS sent to customer 132Neptune [] []
[2019-04-09 08:00:02] Credit Warning SMS Yellow Zone log.INFO: Sending credit warning SMS to customer 149Neptune [] []
[2019-04-09 08:00:02] Credit Warning SMS Yellow Zone log.INFO: Credit warning SMS sent to customer 149Neptune [] []
[2019-04-09 08:00:02] Credit Warning SMS Yellow Zone log.INFO: Sending credit warning SMS to customer 99Neptune [] []
[2019-04-09 08:00:02] Credit Warning SMS Yellow Zone log.INFO: Credit warning SMS sent to customer 99Neptune [] []
[2019-04-09 08:00:02] Credit Warning SMS Yellow Zone log.INFO: Sending credit warning SMS to customer 80Neptune [] []
[2019-04-09 08:00:02] Credit Warning SMS Yellow Zone log.INFO: Credit warning SMS sent to customer 80Neptune [] []
[2019-04-09 08:00:02] Credit Warning SMS Yellow Zone log.INFO: Sending credit warning SMS to customer 145Neptune [] []
[2019-04-09 08:00:03] Credit Warning SMS Yellow Zone log.INFO: Credit warning SMS sent to customer 145Neptune [] []
[2019-04-09 08:00:03] Credit Warning SMS Yellow Zone log.INFO: Sending credit warning SMS to customer 33neptune [] []
[2019-04-09 08:00:03] Credit Warning SMS Yellow Zone log.INFO: Credit warning SMS sent to customer 33neptune [] []
[2019-04-09 08:00:03] Credit Warning SMS Yellow Zone log.INFO: Sending credit warning SMS to customer 39neptune [] []
[2019-04-09 08:00:03] Credit Warning SMS Yellow Zone log.INFO: Credit warning SMS sent to customer 39neptune [] []
[2019-04-09 08:00:03] Credit Warning SMS Yellow Zone log.INFO: Sending credit warning SMS to customer 165neptune [] []
[2019-04-09 08:00:03] Credit Warning SMS Yellow Zone log.INFO: Credit warning SMS sent to customer 165neptune [] []
[2019-04-09 08:00:03] Credit Warning SMS Yellow Zone log.INFO: Sending credit warning SMS to customer 121Neptune [] []
[2019-04-09 08:00:03] Credit Warning SMS Yellow Zone log.INFO: Credit warning SMS sent to customer 121Neptune [] []
[2019-04-09 08:00:03] Credit Warning SMS Yellow Zone log.INFO: Sending credit warning SMS to customer 1Abbott [] []
[2019-04-09 08:00:03] Credit Warning SMS Yellow Zone log.INFO: Credit warning SMS sent to customer 1Abbott [] []
[2019-04-09 08:00:03] Credit Warning SMS Yellow Zone log.INFO: Sending credit warning SMS to customer 15Abbott [] []
[2019-04-09 08:00:03] Credit Warning SMS Yellow Zone log.INFO: Credit warning SMS sent to customer 15Abbott [] []
[2019-04-09 08:00:03] Credit Warning SMS Yellow Zone log.INFO: Sending credit warning SMS to customer 25Abbott [] []
[2019-04-09 08:00:03] Credit Warning SMS Yellow Zone log.INFO: Credit warning SMS sent to customer 25Abbott [] []
[2019-04-09 08:00:03] Credit Warning SMS Yellow Zone log.INFO: Sending credit warning SMS to customer 37Abbott [] []
[2019-04-09 08:00:03] Credit Warning SMS Yellow Zone log.INFO: Credit warning SMS sent to customer 37Abbott [] []
[2019-04-09 08:00:03] Credit Warning SMS Yellow Zone log.INFO: Sending credit warning SMS to customer 39Abbott [] []
[2019-04-09 08:00:03] Credit Warning SMS Yellow Zone log.INFO: Credit warning SMS sent to customer 39Abbott [] []
[2019-04-09 08:00:03] Credit Warning SMS Yellow Zone log.INFO: Sending credit warning SMS to customer 13Abbott [] []
[2019-04-09 08:00:04] Credit Warning SMS Yellow Zone log.INFO: Credit warning SMS sent to customer 13Abbott [] []
[2019-04-09 08:00:04] Credit Warning SMS Yellow Zone log.INFO: Sending credit warning SMS to customer 29abbott [] []
[2019-04-09 08:00:04] Credit Warning SMS Yellow Zone log.INFO: Credit warning SMS sent to customer 29abbott [] []
[2019-04-09 08:00:04] Credit Warning SMS Yellow Zone log.INFO: Sending credit warning SMS to customer 59Abbott [] []
[2019-04-09 08:00:04] Credit Warning SMS Yellow Zone log.INFO: Credit warning SMS sent to customer 59Abbott [] []
[2019-04-09 08:00:04] Credit Warning SMS Yellow Zone log.INFO: Sending credit warning SMS to customer 68Abbott [] []
[2019-04-09 08:00:04] Credit Warning SMS Yellow Zone log.INFO: Credit warning SMS sent to customer 68Abbott [] []
[2019-04-09 08:00:04] Credit Warning SMS Yellow Zone log.INFO: Sending credit warning SMS to customer 82Abbott [] []
[2019-04-09 08:00:04] Credit Warning SMS Yellow Zone log.INFO: Credit warning SMS sent to customer 82Abbott [] []
[2019-04-09 08:00:04] Credit Warning SMS Yellow Zone log.INFO: Sending credit warning SMS to customer 65Abbott [] []
[2019-04-09 08:00:04] Credit Warning SMS Yellow Zone log.INFO: Credit warning SMS sent to customer 65Abbott [] []
[2019-04-09 08:00:04] Credit Warning SMS Yellow Zone log.INFO: Sending credit warning SMS to customer 71Abbott [] []
[2019-04-09 08:00:04] Credit Warning SMS Yellow Zone log.INFO: Credit warning SMS sent to customer 71Abbott [] []
[2019-04-09 08:00:04] Credit Warning SMS Yellow Zone log.INFO: Sending credit warning SMS to customer 109Abbott [] []
[2019-04-09 08:00:04] Credit Warning SMS Yellow Zone log.INFO: Credit warning SMS sent to customer 109Abbott [] []
[2019-04-09 08:00:04] Credit Warning SMS Yellow Zone log.INFO: Sending credit warning SMS to customer 121Abbott [] []
[2019-04-09 08:00:04] Credit Warning SMS Yellow Zone log.INFO: Credit warning SMS sent to customer 121Abbott [] []
[2019-04-09 08:00:04] Credit Warning SMS Yellow Zone log.INFO: Sending credit warning SMS to customer 98Abbott [] []
[2019-04-09 08:00:04] Credit Warning SMS Yellow Zone log.INFO: Credit warning SMS sent to customer 98Abbott [] []
[2019-04-09 08:00:04] Credit Warning SMS Yellow Zone log.INFO: Sending credit warning SMS to customer 4GreenBank [] []
[2019-04-09 08:00:04] Credit Warning SMS Yellow Zone log.INFO: Credit warning SMS sent to customer 4GreenBank [] []
[2019-04-09 08:00:04] Credit Warning SMS Yellow Zone log.INFO: Sending credit warning SMS to customer 191abbott [] []
[2019-04-09 08:00:04] Credit Warning SMS Yellow Zone log.INFO: Credit warning SMS sent to customer 191abbott [] []
[2019-04-09 08:00:04] Credit Warning SMS Yellow Zone log.INFO: Sending credit warning SMS to customer 1GreenBank [] []
[2019-04-09 08:00:04] Credit Warning SMS Yellow Zone log.INFO: Credit warning SMS sent to customer 1GreenBank [] []
[2019-04-09 08:00:04] Credit Warning SMS Yellow Zone log.INFO: Sending credit warning SMS to customer 187abbott [] []
[2019-04-09 08:00:04] Credit Warning SMS Yellow Zone log.INFO: Credit warning SMS sent to customer 187abbott [] []
[2019-04-09 08:00:04] Credit Warning SMS Yellow Zone log.INFO: Sending credit warning SMS to customer 142abbott [] []
[2019-04-09 08:00:04] Credit Warning SMS Yellow Zone log.INFO: Credit warning SMS sent to customer 142abbott [] []
[2019-04-09 08:00:04] Credit Warning SMS Yellow Zone log.INFO: Sending credit warning SMS to customer 79eustace [] []
[2019-04-09 08:00:04] Credit Warning SMS Yellow Zone log.INFO: Credit warning SMS sent to customer 79eustace [] []
[2019-04-09 08:00:04] Credit Warning SMS Yellow Zone log.INFO: Sending credit warning SMS to customer 55eustace [] []
[2019-04-09 08:00:04] Credit Warning SMS Yellow Zone log.INFO: Credit warning SMS sent to customer 55eustace [] []
[2019-04-09 08:00:04] Credit Warning SMS Yellow Zone log.INFO: Sending credit warning SMS to customer 16eustace [] []
[2019-04-09 08:00:04] Credit Warning SMS Yellow Zone log.INFO: Credit warning SMS sent to customer 16eustace [] []
[2019-04-09 08:00:04] Credit Warning SMS Yellow Zone log.INFO: Sending credit warning SMS to customer 14eustace [] []
[2019-04-09 08:00:04] Credit Warning SMS Yellow Zone log.INFO: Credit warning SMS sent to customer 14eustace [] []
[2019-04-09 08:00:04] Credit Warning SMS Yellow Zone log.INFO: Sending credit warning SMS to customer 29eustace [] []
[2019-04-09 08:00:04] Credit Warning SMS Yellow Zone log.INFO: Credit warning SMS sent to customer 29eustace [] []
[2019-04-09 08:00:04] Credit Warning SMS Yellow Zone log.INFO: Sending credit warning SMS to customer 158leona [] []
[2019-04-09 08:00:05] Credit Warning SMS Yellow Zone log.INFO: Credit warning SMS sent to customer 158leona [] []
[2019-04-09 08:00:05] Credit Warning SMS Yellow Zone log.INFO: Sending credit warning SMS to customer 19leona [] []
[2019-04-09 08:00:05] Credit Warning SMS Yellow Zone log.INFO: Credit warning SMS sent to customer 19leona [] []
[2019-04-09 08:00:05] Credit Warning SMS Yellow Zone log.INFO: Sending credit warning SMS to customer 140leona [] []
[2019-04-09 08:00:05] Credit Warning SMS Yellow Zone log.INFO: Credit warning SMS sent to customer 140leona [] []
[2019-04-09 08:00:05] Credit Warning SMS Yellow Zone log.INFO: Sending credit warning SMS to customer 141leona [] []
[2019-04-09 08:00:05] Credit Warning SMS Yellow Zone log.INFO: Credit warning SMS sent to customer 141leona [] []
[2019-04-09 08:00:05] Credit Warning SMS Yellow Zone log.INFO: Sending credit warning SMS to customer 60leona [] []
[2019-04-09 08:00:05] Credit Warning SMS Yellow Zone log.INFO: Credit warning SMS sent to customer 60leona [] []
[2019-04-09 08:00:05] Credit Warning SMS Yellow Zone log.INFO: Sending credit warning SMS to customer 63leona [] []
[2019-04-09 08:00:05] Credit Warning SMS Yellow Zone log.INFO: Credit warning SMS sent to customer 63leona [] []
[2019-04-09 08:00:05] Credit Warning SMS Yellow Zone log.INFO: Sending credit warning SMS to customer 36leona [] []
[2019-04-09 08:00:05] Credit Warning SMS Yellow Zone log.INFO: Credit warning SMS sent to customer 36leona [] []
[2019-04-09 08:00:05] Credit Warning SMS Yellow Zone log.INFO: Sending credit warning SMS to customer 105leona [] []
[2019-04-09 08:00:05] Credit Warning SMS Yellow Zone log.INFO: Credit warning SMS sent to customer 105leona [] []
