[2019-08-13 08:00:01] Credit Warning SMS Yellow Zone log.INFO: Sending credit warning SMS to customer 6garryknock [] []
[2019-08-13 08:00:01] Credit Warning SMS Yellow Zone log.INFO: Credit warning SMS sent to customer 6garryknock [] []
[2019-08-13 08:00:01] Credit Warning SMS Yellow Zone log.INFO: Sending credit warning SMS to customer 21garryknock [] []
[2019-08-13 08:00:01] Credit Warning SMS Yellow Zone log.INFO: Credit warning SMS sent to customer 21garryknock [] []
[2019-08-13 08:00:01] Credit Warning SMS Yellow Zone log.INFO: Sending credit warning SMS to customer 20garryknock [] []
[2019-08-13 08:00:01] Credit Warning SMS Yellow Zone log.INFO: Credit warning SMS sent to customer 20garryknock [] []
[2019-08-13 08:00:01] Credit Warning SMS Yellow Zone log.INFO: Sending credit warning SMS to customer 8Emerald [] []
[2019-08-13 08:00:01] Credit Warning SMS Yellow Zone log.INFO: Credit warning SMS sent to customer 8Emerald [] []
[2019-08-13 08:00:01] Credit Warning SMS Yellow Zone log.INFO: Sending credit warning SMS to customer 28Emerald [] []
[2019-08-13 08:00:01] Credit Warning SMS Yellow Zone log.INFO: Credit warning SMS sent to customer 28Emerald [] []
[2019-08-13 08:00:01] Credit Warning SMS Yellow Zone log.INFO: Sending credit warning SMS to customer 39Emerald [] []
[2019-08-13 08:00:01] Credit Warning SMS Yellow Zone log.INFO: Credit warning SMS sent to customer 39Emerald [] []
[2019-08-13 08:00:01] Credit Warning SMS Yellow Zone log.INFO: Sending credit warning SMS to customer 43Emerald [] []
[2019-08-13 08:00:01] Credit Warning SMS Yellow Zone log.INFO: Credit warning SMS sent to customer 43Emerald [] []
[2019-08-13 08:00:01] Credit Warning SMS Yellow Zone log.INFO: Sending credit warning SMS to customer 5Emerald [] []
[2019-08-13 08:00:01] Credit Warning SMS Yellow Zone log.INFO: Credit warning SMS sent to customer 5Emerald [] []
[2019-08-13 08:00:01] Credit Warning SMS Yellow Zone log.INFO: Sending credit warning SMS to customer 19Emerald [] []
[2019-08-13 08:00:01] Credit Warning SMS Yellow Zone log.INFO: Credit warning SMS sent to customer 19Emerald [] []
[2019-08-13 08:00:01] Credit Warning SMS Yellow Zone log.INFO: Sending credit warning SMS to customer 49Emerald [] []
[2019-08-13 08:00:01] Credit Warning SMS Yellow Zone log.INFO: Credit warning SMS sent to customer 49Emerald [] []
[2019-08-13 08:00:01] Credit Warning SMS Yellow Zone log.INFO: Sending credit warning SMS to customer 17Emerald [] []
[2019-08-13 08:00:01] Credit Warning SMS Yellow Zone log.INFO: Credit warning SMS sent to customer 17Emerald [] []
[2019-08-13 08:00:01] Credit Warning SMS Yellow Zone log.INFO: Sending credit warning SMS to customer 18Emerald [] []
[2019-08-13 08:00:02] Credit Warning SMS Yellow Zone log.INFO: Credit warning SMS sent to customer 18Emerald [] []
[2019-08-13 08:00:02] Credit Warning SMS Yellow Zone log.INFO: Sending credit warning SMS to customer 13Emerald [] []
[2019-08-13 08:00:02] Credit Warning SMS Yellow Zone log.INFO: Credit warning SMS sent to customer 13Emerald [] []
[2019-08-13 08:00:02] Credit Warning SMS Yellow Zone log.INFO: Sending credit warning SMS to customer 163neptune [] []
[2019-08-13 08:00:02] Credit Warning SMS Yellow Zone log.INFO: Credit warning SMS sent to customer 163neptune [] []
[2019-08-13 08:00:02] Credit Warning SMS Yellow Zone log.INFO: Sending credit warning SMS to customer 151Neptune [] []
[2019-08-13 08:00:02] Credit Warning SMS Yellow Zone log.INFO: Credit warning SMS sent to customer 151Neptune [] []
[2019-08-13 08:00:02] Credit Warning SMS Yellow Zone log.INFO: Sending credit warning SMS to customer 129neptune [] []
[2019-08-13 08:00:02] Credit Warning SMS Yellow Zone log.INFO: Credit warning SMS sent to customer 129neptune [] []
[2019-08-13 08:00:02] Credit Warning SMS Yellow Zone log.INFO: Sending credit warning SMS to customer 184neptune [] []
[2019-08-13 08:00:02] Credit Warning SMS Yellow Zone log.INFO: Credit warning SMS sent to customer 184neptune [] []
[2019-08-13 08:00:02] Credit Warning SMS Yellow Zone log.INFO: Sending credit warning SMS to customer 118Neptune [] []
[2019-08-13 08:00:02] Credit Warning SMS Yellow Zone log.INFO: Credit warning SMS sent to customer 118Neptune [] []
[2019-08-13 08:00:02] Credit Warning SMS Yellow Zone log.INFO: Sending credit warning SMS to customer 57Neptune [] []
[2019-08-13 08:00:02] Credit Warning SMS Yellow Zone log.INFO: Credit warning SMS sent to customer 57Neptune [] []
[2019-08-13 08:00:02] Credit Warning SMS Yellow Zone log.INFO: Sending credit warning SMS to customer 196neptune [] []
[2019-08-13 08:00:02] Credit Warning SMS Yellow Zone log.INFO: Credit warning SMS sent to customer 196neptune [] []
[2019-08-13 08:00:02] Credit Warning SMS Yellow Zone log.INFO: Sending credit warning SMS to customer 33neptune [] []
[2019-08-13 08:00:02] Credit Warning SMS Yellow Zone log.INFO: Credit warning SMS sent to customer 33neptune [] []
[2019-08-13 08:00:02] Credit Warning SMS Yellow Zone log.INFO: Sending credit warning SMS to customer 104Neptune [] []
[2019-08-13 08:00:02] Credit Warning SMS Yellow Zone log.INFO: Credit warning SMS sent to customer 104Neptune [] []
[2019-08-13 08:00:02] Credit Warning SMS Yellow Zone log.INFO: Sending credit warning SMS to customer 108Neptune [] []
[2019-08-13 08:00:02] Credit Warning SMS Yellow Zone log.INFO: Credit warning SMS sent to customer 108Neptune [] []
[2019-08-13 08:00:02] Credit Warning SMS Yellow Zone log.INFO: Sending credit warning SMS to customer 64Neptune [] []
[2019-08-13 08:00:02] Credit Warning SMS Yellow Zone log.INFO: Credit warning SMS sent to customer 64Neptune [] []
[2019-08-13 08:00:02] Credit Warning SMS Yellow Zone log.INFO: Sending credit warning SMS to customer 152Neptune [] []
[2019-08-13 08:00:02] Credit Warning SMS Yellow Zone log.INFO: Credit warning SMS sent to customer 152Neptune [] []
[2019-08-13 08:00:02] Credit Warning SMS Yellow Zone log.INFO: Sending credit warning SMS to customer 13neptune [] []
[2019-08-13 08:00:02] Credit Warning SMS Yellow Zone log.INFO: Credit warning SMS sent to customer 13neptune [] []
[2019-08-13 08:00:02] Credit Warning SMS Yellow Zone log.INFO: Sending credit warning SMS to customer 1Abbott [] []
[2019-08-13 08:00:02] Credit Warning SMS Yellow Zone log.INFO: Credit warning SMS sent to customer 1Abbott [] []
[2019-08-13 08:00:02] Credit Warning SMS Yellow Zone log.INFO: Sending credit warning SMS to customer 10Abbott [] []
[2019-08-13 08:00:02] Credit Warning SMS Yellow Zone log.INFO: Credit warning SMS sent to customer 10Abbott [] []
[2019-08-13 08:00:02] Credit Warning SMS Yellow Zone log.INFO: Sending credit warning SMS to customer 15Abbott [] []
[2019-08-13 08:00:02] Credit Warning SMS Yellow Zone log.INFO: Credit warning SMS sent to customer 15Abbott [] []
[2019-08-13 08:00:02] Credit Warning SMS Yellow Zone log.INFO: Sending credit warning SMS to customer 21Abbott [] []
[2019-08-13 08:00:02] Credit Warning SMS Yellow Zone log.INFO: Credit warning SMS sent to customer 21Abbott [] []
[2019-08-13 08:00:02] Credit Warning SMS Yellow Zone log.INFO: Sending credit warning SMS to customer 24Abbott [] []
[2019-08-13 08:00:02] Credit Warning SMS Yellow Zone log.INFO: Credit warning SMS sent to customer 24Abbott [] []
[2019-08-13 08:00:02] Credit Warning SMS Yellow Zone log.INFO: Sending credit warning SMS to customer 45Abbott [] []
[2019-08-13 08:00:02] Credit Warning SMS Yellow Zone log.INFO: Credit warning SMS sent to customer 45Abbott [] []
[2019-08-13 08:00:02] Credit Warning SMS Yellow Zone log.INFO: Sending credit warning SMS to customer 64Abbott [] []
[2019-08-13 08:00:02] Credit Warning SMS Yellow Zone log.INFO: Credit warning SMS sent to customer 64Abbott [] []
[2019-08-13 08:00:02] Credit Warning SMS Yellow Zone log.INFO: Sending credit warning SMS to customer 76Abbott [] []
[2019-08-13 08:00:02] Credit Warning SMS Yellow Zone log.INFO: Credit warning SMS sent to customer 76Abbott [] []
[2019-08-13 08:00:02] Credit Warning SMS Yellow Zone log.INFO: Sending credit warning SMS to customer 44Abbott [] []
[2019-08-13 08:00:02] Credit Warning SMS Yellow Zone log.INFO: Credit warning SMS sent to customer 44Abbott [] []
[2019-08-13 08:00:02] Credit Warning SMS Yellow Zone log.INFO: Sending credit warning SMS to customer 65Abbott [] []
[2019-08-13 08:00:02] Credit Warning SMS Yellow Zone log.INFO: Credit warning SMS sent to customer 65Abbott [] []
[2019-08-13 08:00:02] Credit Warning SMS Yellow Zone log.INFO: Sending credit warning SMS to customer 71Abbott [] []
[2019-08-13 08:00:02] Credit Warning SMS Yellow Zone log.INFO: Credit warning SMS sent to customer 71Abbott [] []
[2019-08-13 08:00:02] Credit Warning SMS Yellow Zone log.INFO: Sending credit warning SMS to customer 105Abbott [] []
[2019-08-13 08:00:02] Credit Warning SMS Yellow Zone log.INFO: Credit warning SMS sent to customer 105Abbott [] []
[2019-08-13 08:00:02] Credit Warning SMS Yellow Zone log.INFO: Sending credit warning SMS to customer 111Abbott [] []
[2019-08-13 08:00:02] Credit Warning SMS Yellow Zone log.INFO: Credit warning SMS sent to customer 111Abbott [] []
[2019-08-13 08:00:02] Credit Warning SMS Yellow Zone log.INFO: Sending credit warning SMS to customer 112abbott [] []
[2019-08-13 08:00:02] Credit Warning SMS Yellow Zone log.INFO: Credit warning SMS sent to customer 112abbott [] []
[2019-08-13 08:00:02] Credit Warning SMS Yellow Zone log.INFO: Sending credit warning SMS to customer 119Abbott [] []
[2019-08-13 08:00:02] Credit Warning SMS Yellow Zone log.INFO: Credit warning SMS sent to customer 119Abbott [] []
[2019-08-13 08:00:02] Credit Warning SMS Yellow Zone log.INFO: Sending credit warning SMS to customer 98Abbott [] []
[2019-08-13 08:00:02] Credit Warning SMS Yellow Zone log.INFO: Credit warning SMS sent to customer 98Abbott [] []
[2019-08-13 08:00:02] Credit Warning SMS Yellow Zone log.INFO: Sending credit warning SMS to customer 93Abbott [] []
[2019-08-13 08:00:02] Credit Warning SMS Yellow Zone log.INFO: Credit warning SMS sent to customer 93Abbott [] []
[2019-08-13 08:00:02] Credit Warning SMS Yellow Zone log.INFO: Sending credit warning SMS to customer 118Abbott [] []
[2019-08-13 08:00:02] Credit Warning SMS Yellow Zone log.INFO: Credit warning SMS sent to customer 118Abbott [] []
[2019-08-13 08:00:02] Credit Warning SMS Yellow Zone log.INFO: Sending credit warning SMS to customer 127abbott [] []
[2019-08-13 08:00:03] Credit Warning SMS Yellow Zone log.INFO: Credit warning SMS sent to customer 127abbott [] []
[2019-08-13 08:00:03] Credit Warning SMS Yellow Zone log.INFO: Sending credit warning SMS to customer 18GreenBank [] []
[2019-08-13 08:00:03] Credit Warning SMS Yellow Zone log.INFO: Credit warning SMS sent to customer 18GreenBank [] []
[2019-08-13 08:00:03] Credit Warning SMS Yellow Zone log.INFO: Sending credit warning SMS to customer 1GreenBank [] []
[2019-08-13 08:00:03] Credit Warning SMS Yellow Zone log.INFO: Credit warning SMS sent to customer 1GreenBank [] []
[2019-08-13 08:00:03] Credit Warning SMS Yellow Zone log.INFO: Sending credit warning SMS to customer 14GreenBank [] []
[2019-08-13 08:00:03] Credit Warning SMS Yellow Zone log.INFO: Credit warning SMS sent to customer 14GreenBank [] []
[2019-08-13 08:00:03] Credit Warning SMS Yellow Zone log.INFO: Sending credit warning SMS to customer 157abbott [] []
[2019-08-13 08:00:03] Credit Warning SMS Yellow Zone log.INFO: Credit warning SMS sent to customer 157abbott [] []
[2019-08-13 08:00:03] Credit Warning SMS Yellow Zone log.INFO: Sending credit warning SMS to customer 130abbott [] []
[2019-08-13 08:00:03] Credit Warning SMS Yellow Zone log.INFO: Credit warning SMS sent to customer 130abbott [] []
[2019-08-13 08:00:03] Credit Warning SMS Yellow Zone log.INFO: Sending credit warning SMS to customer 31GreenBank [] []
[2019-08-13 08:00:03] Credit Warning SMS Yellow Zone log.INFO: Credit warning SMS sent to customer 31GreenBank [] []
[2019-08-13 08:00:03] Credit Warning SMS Yellow Zone log.INFO: Sending credit warning SMS to customer 33Abbott [] []
[2019-08-13 08:00:03] Credit Warning SMS Yellow Zone log.INFO: Credit warning SMS sent to customer 33Abbott [] []
[2019-08-13 08:00:03] Credit Warning SMS Yellow Zone log.INFO: Sending credit warning SMS to customer 70eustace [] []
[2019-08-13 08:00:03] Credit Warning SMS Yellow Zone log.INFO: Credit warning SMS sent to customer 70eustace [] []
[2019-08-13 08:00:03] Credit Warning SMS Yellow Zone log.INFO: Sending credit warning SMS to customer 90eustace [] []
[2019-08-13 08:00:03] Credit Warning SMS Yellow Zone log.INFO: Credit warning SMS sent to customer 90eustace [] []
[2019-08-13 08:00:03] Credit Warning SMS Yellow Zone log.INFO: Sending credit warning SMS to customer 67eustace [] []
[2019-08-13 08:00:03] Credit Warning SMS Yellow Zone log.INFO: Credit warning SMS sent to customer 67eustace [] []
[2019-08-13 08:00:03] Credit Warning SMS Yellow Zone log.INFO: Sending credit warning SMS to customer 61eustace [] []
[2019-08-13 08:00:03] Credit Warning SMS Yellow Zone log.INFO: Credit warning SMS sent to customer 61eustace [] []
[2019-08-13 08:00:03] Credit Warning SMS Yellow Zone log.INFO: Sending credit warning SMS to customer 139leona [] []
[2019-08-13 08:00:03] Credit Warning SMS Yellow Zone log.INFO: Credit warning SMS sent to customer 139leona [] []
[2019-08-13 08:00:03] Credit Warning SMS Yellow Zone log.INFO: Sending credit warning SMS to customer 28leona [] []
[2019-08-13 08:00:03] Credit Warning SMS Yellow Zone log.INFO: Credit warning SMS sent to customer 28leona [] []
[2019-08-13 08:00:03] Credit Warning SMS Yellow Zone log.INFO: Sending credit warning SMS to customer 58leona [] []
[2019-08-13 08:00:03] Credit Warning SMS Yellow Zone log.INFO: Credit warning SMS sent to customer 58leona [] []
[2019-08-13 08:00:03] Credit Warning SMS Yellow Zone log.INFO: Sending credit warning SMS to customer 68leona [] []
[2019-08-13 08:00:03] Credit Warning SMS Yellow Zone log.INFO: Credit warning SMS sent to customer 68leona [] []
[2019-08-13 08:00:03] Credit Warning SMS Yellow Zone log.INFO: Sending credit warning SMS to customer 97leona [] []
[2019-08-13 08:00:03] Credit Warning SMS Yellow Zone log.INFO: Credit warning SMS sent to customer 97leona [] []
[2019-08-13 08:00:03] Credit Warning SMS Yellow Zone log.INFO: Sending credit warning SMS to customer 112leona [] []
[2019-08-13 08:00:03] Credit Warning SMS Yellow Zone log.INFO: Credit warning SMS sent to customer 112leona [] []
[2019-08-13 08:00:03] Credit Warning SMS Yellow Zone log.INFO: Sending credit warning SMS to customer 16leona [] []
[2019-08-13 08:00:03] Credit Warning SMS Yellow Zone log.INFO: Credit warning SMS sent to customer 16leona [] []
[2019-08-13 08:00:03] Credit Warning SMS Yellow Zone log.INFO: Sending credit warning SMS to customer 122charlotte [] []
[2019-08-13 08:00:03] Credit Warning SMS Yellow Zone log.INFO: Credit warning SMS sent to customer 122charlotte [] []
[2019-08-13 08:00:03] Credit Warning SMS Yellow Zone log.INFO: Sending credit warning SMS to customer 153charlotte [] []
[2019-08-13 08:00:03] Credit Warning SMS Yellow Zone log.INFO: Credit warning SMS sent to customer 153charlotte [] []
[2019-08-13 08:00:03] Credit Warning SMS Yellow Zone log.INFO: Sending credit warning SMS to customer 107charlotte [] []
[2019-08-13 08:00:03] Credit Warning SMS Yellow Zone log.INFO: Credit warning SMS sent to customer 107charlotte [] []
[2019-08-13 08:00:03] Credit Warning SMS Yellow Zone log.INFO: Sending credit warning SMS to customer 40charlotte [] []
[2019-08-13 08:00:03] Credit Warning SMS Yellow Zone log.INFO: Credit warning SMS sent to customer 40charlotte [] []
[2019-08-13 08:00:03] Credit Warning SMS Yellow Zone log.INFO: Sending credit warning SMS to customer 24charlotte [] []
[2019-08-13 08:00:03] Credit Warning SMS Yellow Zone log.INFO: Credit warning SMS sent to customer 24charlotte [] []
[2019-08-13 08:00:03] Credit Warning SMS Yellow Zone log.INFO: Sending credit warning SMS to customer 28charlotte [] []
[2019-08-13 08:00:03] Credit Warning SMS Yellow Zone log.INFO: Credit warning SMS sent to customer 28charlotte [] []
[2019-08-13 08:00:03] Credit Warning SMS Yellow Zone log.INFO: Sending credit warning SMS to customer 110charlotte [] []
[2019-08-13 08:00:03] Credit Warning SMS Yellow Zone log.INFO: Credit warning SMS sent to customer 110charlotte [] []
[2019-08-13 08:00:03] Credit Warning SMS Yellow Zone log.INFO: Sending credit warning SMS to customer 29charlotte [] []
[2019-08-13 08:00:03] Credit Warning SMS Yellow Zone log.INFO: Credit warning SMS sent to customer 29charlotte [] []
[2019-08-13 08:00:03] Credit Warning SMS Yellow Zone log.INFO: Sending credit warning SMS to customer 52charlotte [] []
[2019-08-13 08:00:03] Credit Warning SMS Yellow Zone log.INFO: Credit warning SMS sent to customer 52charlotte [] []
[2019-08-13 08:00:03] Credit Warning SMS Yellow Zone log.INFO: Sending credit warning SMS to customer 57charlotte [] []
[2019-08-13 08:00:03] Credit Warning SMS Yellow Zone log.INFO: Credit warning SMS sent to customer 57charlotte [] []
[2019-08-13 08:00:03] Credit Warning SMS Yellow Zone log.INFO: Sending credit warning SMS to customer 66charlotte [] []
[2019-08-13 08:00:03] Credit Warning SMS Yellow Zone log.INFO: Credit warning SMS sent to customer 66charlotte [] []
[2019-08-13 08:00:03] Credit Warning SMS Yellow Zone log.INFO: Sending credit warning SMS to customer 85charlotte [] []
[2019-08-13 08:00:03] Credit Warning SMS Yellow Zone log.INFO: Credit warning SMS sent to customer 85charlotte [] []
[2019-08-13 08:00:03] Credit Warning SMS Yellow Zone log.INFO: Sending credit warning SMS to customer 96charlotte [] []
[2019-08-13 08:00:04] Credit Warning SMS Yellow Zone log.INFO: Credit warning SMS sent to customer 96charlotte [] []
[2019-08-13 08:00:04] Credit Warning SMS Yellow Zone log.INFO: Sending credit warning SMS to customer 109charlotte [] []
[2019-08-13 08:00:04] Credit Warning SMS Yellow Zone log.INFO: Credit warning SMS sent to customer 109charlotte [] []
[2019-08-13 08:00:04] Credit Warning SMS Yellow Zone log.INFO: Sent Credit warning SMS to 77 customers! [] []
