[2019-12-20 08:00:01] Credit Warning SMS Yellow Zone log.INFO: Sending credit warning SMS to customer 12sundayswell [] []
[2019-12-20 08:00:01] Credit Warning SMS Yellow Zone log.INFO: Credit warning SMS sent to customer 12sundayswell [] []
[2019-12-20 08:00:01] Credit Warning SMS Yellow Zone log.INFO: Sending credit warning SMS to customer 15sundayswell [] []
[2019-12-20 08:00:02] Credit Warning SMS Yellow Zone log.INFO: Credit warning SMS sent to customer 15sundayswell [] []
[2019-12-20 08:00:02] Credit Warning SMS Yellow Zone log.INFO: Sending credit warning SMS to customer 6garryknock [] []
[2019-12-20 08:00:03] Credit Warning SMS Yellow Zone log.INFO: Credit warning SMS sent to customer 6garryknock [] []
[2019-12-20 08:00:03] Credit Warning SMS Yellow Zone log.INFO: Sending credit warning SMS to customer 18garryknock [] []
[2019-12-20 08:00:06] Credit Warning SMS Yellow Zone log.INFO: Credit warning SMS sent to customer 18garryknock [] []
[2019-12-20 08:00:06] Credit Warning SMS Yellow Zone log.INFO: Sending credit warning SMS to customer 13sundayswell [] []
[2019-12-20 08:00:06] Credit Warning SMS Yellow Zone log.INFO: Credit warning SMS sent to customer 13sundayswell [] []
[2019-12-20 08:00:06] Credit Warning SMS Yellow Zone log.INFO: Sending credit warning SMS to customer 26garryknock [] []
[2019-12-20 08:00:06] Credit Warning SMS Yellow Zone log.INFO: Credit warning SMS sent to customer 26garryknock [] []
[2019-12-20 08:00:06] Credit Warning SMS Yellow Zone log.INFO: Sending credit warning SMS to customer 16brackenview [] []
[2019-12-20 08:00:06] Credit Warning SMS Yellow Zone log.INFO: Credit warning SMS sent to customer 16brackenview [] []
[2019-12-20 08:00:06] Credit Warning SMS Yellow Zone log.INFO: Sending credit warning SMS to customer 15Emerald [] []
[2019-12-20 08:00:06] Credit Warning SMS Yellow Zone log.INFO: Credit warning SMS sent to customer 15Emerald [] []
[2019-12-20 08:00:06] Credit Warning SMS Yellow Zone log.INFO: Sending credit warning SMS to customer 10neptune [] []
[2019-12-20 08:00:07] Credit Warning SMS Yellow Zone log.INFO: Credit warning SMS sent to customer 10neptune [] []
[2019-12-20 08:00:07] Credit Warning SMS Yellow Zone log.INFO: Sending credit warning SMS to customer 153Neptune [] []
[2019-12-20 08:00:07] Credit Warning SMS Yellow Zone log.INFO: Credit warning SMS sent to customer 153Neptune [] []
[2019-12-20 08:00:07] Credit Warning SMS Yellow Zone log.INFO: Sending credit warning SMS to customer 131Neptune [] []
[2019-12-20 08:00:07] Credit Warning SMS Yellow Zone log.INFO: Credit warning SMS sent to customer 131Neptune [] []
[2019-12-20 08:00:07] Credit Warning SMS Yellow Zone log.INFO: Sending credit warning SMS to customer 32neptune [] []
[2019-12-20 08:00:07] Credit Warning SMS Yellow Zone log.INFO: Credit warning SMS sent to customer 32neptune [] []
[2019-12-20 08:00:07] Credit Warning SMS Yellow Zone log.INFO: Sending credit warning SMS to customer 3neptune [] []
[2019-12-20 08:00:07] Credit Warning SMS Yellow Zone log.INFO: Credit warning SMS sent to customer 3neptune [] []
[2019-12-20 08:00:07] Credit Warning SMS Yellow Zone log.INFO: Sending credit warning SMS to customer 48Neptune [] []
[2019-12-20 08:00:07] Credit Warning SMS Yellow Zone log.INFO: Credit warning SMS sent to customer 48Neptune [] []
[2019-12-20 08:00:07] Credit Warning SMS Yellow Zone log.INFO: Sending credit warning SMS to customer 41neptune [] []
[2019-12-20 08:00:07] Credit Warning SMS Yellow Zone log.INFO: Credit warning SMS sent to customer 41neptune [] []
[2019-12-20 08:00:07] Credit Warning SMS Yellow Zone log.INFO: Sending credit warning SMS to customer 62Neptune [] []
[2019-12-20 08:00:07] Credit Warning SMS Yellow Zone log.INFO: Credit warning SMS sent to customer 62Neptune [] []
[2019-12-20 08:00:07] Credit Warning SMS Yellow Zone log.INFO: Sending credit warning SMS to customer 40neptune [] []
[2019-12-20 08:00:07] Credit Warning SMS Yellow Zone log.INFO: Credit warning SMS sent to customer 40neptune [] []
[2019-12-20 08:00:07] Credit Warning SMS Yellow Zone log.INFO: Sending credit warning SMS to customer 10Abbott [] []
[2019-12-20 08:00:07] Credit Warning SMS Yellow Zone log.INFO: Credit warning SMS sent to customer 10Abbott [] []
[2019-12-20 08:00:07] Credit Warning SMS Yellow Zone log.INFO: Sending credit warning SMS to customer 21Abbott [] []
[2019-12-20 08:00:07] Credit Warning SMS Yellow Zone log.INFO: Credit warning SMS sent to customer 21Abbott [] []
[2019-12-20 08:00:07] Credit Warning SMS Yellow Zone log.INFO: Sending credit warning SMS to customer 25Abbott [] []
[2019-12-20 08:00:07] Credit Warning SMS Yellow Zone log.INFO: Credit warning SMS sent to customer 25Abbott [] []
[2019-12-20 08:00:07] Credit Warning SMS Yellow Zone log.INFO: Sending credit warning SMS to customer 36Abbott [] []
[2019-12-20 08:00:07] Credit Warning SMS Yellow Zone log.INFO: Credit warning SMS sent to customer 36Abbott [] []
[2019-12-20 08:00:07] Credit Warning SMS Yellow Zone log.INFO: Sending credit warning SMS to customer 73Abbott [] []
[2019-12-20 08:00:07] Credit Warning SMS Yellow Zone log.INFO: Credit warning SMS sent to customer 73Abbott [] []
[2019-12-20 08:00:07] Credit Warning SMS Yellow Zone log.INFO: Sending credit warning SMS to customer 74Abbott [] []
[2019-12-20 08:00:07] Credit Warning SMS Yellow Zone log.INFO: Credit warning SMS sent to customer 74Abbott [] []
[2019-12-20 08:00:07] Credit Warning SMS Yellow Zone log.INFO: Sending credit warning SMS to customer 59Abbott [] []
[2019-12-20 08:00:07] Credit Warning SMS Yellow Zone log.INFO: Credit warning SMS sent to customer 59Abbott [] []
[2019-12-20 08:00:07] Credit Warning SMS Yellow Zone log.INFO: Sending credit warning SMS to customer 70Abbott [] []
[2019-12-20 08:00:07] Credit Warning SMS Yellow Zone log.INFO: Credit warning SMS sent to customer 70Abbott [] []
[2019-12-20 08:00:07] Credit Warning SMS Yellow Zone log.INFO: Sending credit warning SMS to customer 69Abbott [] []
[2019-12-20 08:00:07] Credit Warning SMS Yellow Zone log.INFO: Credit warning SMS sent to customer 69Abbott [] []
[2019-12-20 08:00:07] Credit Warning SMS Yellow Zone log.INFO: Sending credit warning SMS to customer 44Abbott [] []
[2019-12-20 08:00:07] Credit Warning SMS Yellow Zone log.INFO: Credit warning SMS sent to customer 44Abbott [] []
[2019-12-20 08:00:07] Credit Warning SMS Yellow Zone log.INFO: Sending credit warning SMS to customer 92Abbott [] []
[2019-12-20 08:00:07] Credit Warning SMS Yellow Zone log.INFO: Credit warning SMS sent to customer 92Abbott [] []
[2019-12-20 08:00:07] Credit Warning SMS Yellow Zone log.INFO: Sending credit warning SMS to customer 71Abbott [] []
[2019-12-20 08:00:07] Credit Warning SMS Yellow Zone log.INFO: Credit warning SMS sent to customer 71Abbott [] []
[2019-12-20 08:00:07] Credit Warning SMS Yellow Zone log.INFO: Sending credit warning SMS to customer 105Abbott [] []
[2019-12-20 08:00:07] Credit Warning SMS Yellow Zone log.INFO: Credit warning SMS sent to customer 105Abbott [] []
[2019-12-20 08:00:07] Credit Warning SMS Yellow Zone log.INFO: Sending credit warning SMS to customer 111Abbott [] []
[2019-12-20 08:00:07] Credit Warning SMS Yellow Zone log.INFO: Credit warning SMS sent to customer 111Abbott [] []
[2019-12-20 08:00:07] Credit Warning SMS Yellow Zone log.INFO: Sending credit warning SMS to customer 119Abbott [] []
[2019-12-20 08:00:07] Credit Warning SMS Yellow Zone log.INFO: Credit warning SMS sent to customer 119Abbott [] []
[2019-12-20 08:00:07] Credit Warning SMS Yellow Zone log.INFO: Sending credit warning SMS to customer 98Abbott [] []
[2019-12-20 08:00:07] Credit Warning SMS Yellow Zone log.INFO: Credit warning SMS sent to customer 98Abbott [] []
[2019-12-20 08:00:07] Credit Warning SMS Yellow Zone log.INFO: Sending credit warning SMS to customer 115Abbott [] []
[2019-12-20 08:00:07] Credit Warning SMS Yellow Zone log.INFO: Credit warning SMS sent to customer 115Abbott [] []
[2019-12-20 08:00:07] Credit Warning SMS Yellow Zone log.INFO: Sending credit warning SMS to customer 116Abbott [] []
[2019-12-20 08:00:07] Credit Warning SMS Yellow Zone log.INFO: Credit warning SMS sent to customer 116Abbott [] []
[2019-12-20 08:00:07] Credit Warning SMS Yellow Zone log.INFO: Sending credit warning SMS to customer 126abbott [] []
[2019-12-20 08:00:07] Credit Warning SMS Yellow Zone log.INFO: Credit warning SMS sent to customer 126abbott [] []
[2019-12-20 08:00:07] Credit Warning SMS Yellow Zone log.INFO: Sending credit warning SMS to customer 145abbott [] []
[2019-12-20 08:00:07] Credit Warning SMS Yellow Zone log.INFO: Credit warning SMS sent to customer 145abbott [] []
[2019-12-20 08:00:07] Credit Warning SMS Yellow Zone log.INFO: Sending credit warning SMS to customer 127abbott [] []
[2019-12-20 08:00:08] Credit Warning SMS Yellow Zone log.INFO: Credit warning SMS sent to customer 127abbott [] []
[2019-12-20 08:00:08] Credit Warning SMS Yellow Zone log.INFO: Sending credit warning SMS to customer 146abbott [] []
[2019-12-20 08:00:08] Credit Warning SMS Yellow Zone log.INFO: Credit warning SMS sent to customer 146abbott [] []
[2019-12-20 08:00:08] Credit Warning SMS Yellow Zone log.INFO: Sending credit warning SMS to customer 132abbott [] []
[2019-12-20 08:00:08] Credit Warning SMS Yellow Zone log.INFO: Credit warning SMS sent to customer 132abbott [] []
[2019-12-20 08:00:08] Credit Warning SMS Yellow Zone log.INFO: Sending credit warning SMS to customer 175abbott [] []
[2019-12-20 08:00:08] Credit Warning SMS Yellow Zone log.INFO: Credit warning SMS sent to customer 175abbott [] []
[2019-12-20 08:00:08] Credit Warning SMS Yellow Zone log.INFO: Sending credit warning SMS to customer 17eustace [] []
[2019-12-20 08:00:08] Credit Warning SMS Yellow Zone log.INFO: Credit warning SMS sent to customer 17eustace [] []
[2019-12-20 08:00:08] Credit Warning SMS Yellow Zone log.INFO: Sending credit warning SMS to customer 139leona [] []
[2019-12-20 08:00:08] Credit Warning SMS Yellow Zone log.INFO: Credit warning SMS sent to customer 139leona [] []
[2019-12-20 08:00:08] Credit Warning SMS Yellow Zone log.INFO: Sending credit warning SMS to customer 144leona [] []
[2019-12-20 08:00:08] Credit Warning SMS Yellow Zone log.INFO: Credit warning SMS sent to customer 144leona [] []
[2019-12-20 08:00:08] Credit Warning SMS Yellow Zone log.INFO: Sending credit warning SMS to customer 34leona [] []
[2019-12-20 08:00:08] Credit Warning SMS Yellow Zone log.INFO: Credit warning SMS sent to customer 34leona [] []
[2019-12-20 08:00:08] Credit Warning SMS Yellow Zone log.INFO: Sending credit warning SMS to customer 3leona [] []
[2019-12-20 08:00:08] Credit Warning SMS Yellow Zone log.INFO: Credit warning SMS sent to customer 3leona [] []
[2019-12-20 08:00:08] Credit Warning SMS Yellow Zone log.INFO: Sending credit warning SMS to customer 142leona [] []
[2019-12-20 08:00:08] Credit Warning SMS Yellow Zone log.INFO: Credit warning SMS sent to customer 142leona [] []
[2019-12-20 08:00:08] Credit Warning SMS Yellow Zone log.INFO: Sending credit warning SMS to customer 23leona [] []
[2019-12-20 08:00:08] Credit Warning SMS Yellow Zone log.INFO: Credit warning SMS sent to customer 23leona [] []
[2019-12-20 08:00:08] Credit Warning SMS Yellow Zone log.INFO: Sending credit warning SMS to customer 58leona [] []
[2019-12-20 08:00:08] Credit Warning SMS Yellow Zone log.INFO: Credit warning SMS sent to customer 58leona [] []
[2019-12-20 08:00:08] Credit Warning SMS Yellow Zone log.INFO: Sending credit warning SMS to customer 125leona [] []
[2019-12-20 08:00:08] Credit Warning SMS Yellow Zone log.INFO: Credit warning SMS sent to customer 125leona [] []
[2019-12-20 08:00:08] Credit Warning SMS Yellow Zone log.INFO: Sending credit warning SMS to customer 63leona [] []
[2019-12-20 08:00:08] Credit Warning SMS Yellow Zone log.INFO: Credit warning SMS sent to customer 63leona [] []
[2019-12-20 08:00:08] Credit Warning SMS Yellow Zone log.INFO: Sending credit warning SMS to customer 117leona [] []
[2019-12-20 08:00:08] Credit Warning SMS Yellow Zone log.INFO: Credit warning SMS sent to customer 117leona [] []
[2019-12-20 08:00:08] Credit Warning SMS Yellow Zone log.INFO: Sending credit warning SMS to customer 31leona [] []
[2019-12-20 08:00:08] Credit Warning SMS Yellow Zone log.INFO: Credit warning SMS sent to customer 31leona [] []
[2019-12-20 08:00:08] Credit Warning SMS Yellow Zone log.INFO: Sending credit warning SMS to customer 119leona [] []
[2019-12-20 08:00:08] Credit Warning SMS Yellow Zone log.INFO: Credit warning SMS sent to customer 119leona [] []
[2019-12-20 08:00:08] Credit Warning SMS Yellow Zone log.INFO: Sending credit warning SMS to customer 68leona [] []
[2019-12-20 08:00:08] Credit Warning SMS Yellow Zone log.INFO: Credit warning SMS sent to customer 68leona [] []
[2019-12-20 08:00:08] Credit Warning SMS Yellow Zone log.INFO: Sending credit warning SMS to customer 147leona [] []
[2019-12-20 08:00:08] Credit Warning SMS Yellow Zone log.INFO: Credit warning SMS sent to customer 147leona [] []
[2019-12-20 08:00:08] Credit Warning SMS Yellow Zone log.INFO: Sending credit warning SMS to customer 122charlotte [] []
[2019-12-20 08:00:08] Credit Warning SMS Yellow Zone log.INFO: Credit warning SMS sent to customer 122charlotte [] []
[2019-12-20 08:00:08] Credit Warning SMS Yellow Zone log.INFO: Sending credit warning SMS to customer 127charlotte [] []
[2019-12-20 08:00:08] Credit Warning SMS Yellow Zone log.INFO: Credit warning SMS sent to customer 127charlotte [] []
[2019-12-20 08:00:08] Credit Warning SMS Yellow Zone log.INFO: Sending credit warning SMS to customer 144charlotte [] []
[2019-12-20 08:00:08] Credit Warning SMS Yellow Zone log.INFO: Credit warning SMS sent to customer 144charlotte [] []
[2019-12-20 08:00:08] Credit Warning SMS Yellow Zone log.INFO: Sending credit warning SMS to customer 16charlotte [] []
[2019-12-20 08:00:08] Credit Warning SMS Yellow Zone log.INFO: Credit warning SMS sent to customer 16charlotte [] []
[2019-12-20 08:00:08] Credit Warning SMS Yellow Zone log.INFO: Sending credit warning SMS to customer 43charlotte [] []
[2019-12-20 08:00:08] Credit Warning SMS Yellow Zone log.INFO: Credit warning SMS sent to customer 43charlotte [] []
[2019-12-20 08:00:08] Credit Warning SMS Yellow Zone log.INFO: Sending credit warning SMS to customer 42charlotte [] []
[2019-12-20 08:00:08] Credit Warning SMS Yellow Zone log.INFO: Credit warning SMS sent to customer 42charlotte [] []
[2019-12-20 08:00:08] Credit Warning SMS Yellow Zone log.INFO: Sending credit warning SMS to customer 18charlotte [] []
[2019-12-20 08:00:08] Credit Warning SMS Yellow Zone log.INFO: Credit warning SMS sent to customer 18charlotte [] []
[2019-12-20 08:00:08] Credit Warning SMS Yellow Zone log.INFO: Sending credit warning SMS to customer 52charlotte [] []
[2019-12-20 08:00:08] Credit Warning SMS Yellow Zone log.INFO: Credit warning SMS sent to customer 52charlotte [] []
[2019-12-20 08:00:08] Credit Warning SMS Yellow Zone log.INFO: Sending credit warning SMS to customer 66charlotte [] []
[2019-12-20 08:00:08] Credit Warning SMS Yellow Zone log.INFO: Credit warning SMS sent to customer 66charlotte [] []
[2019-12-20 08:00:08] Credit Warning SMS Yellow Zone log.INFO: Sending credit warning SMS to customer 82charlotte [] []
[2019-12-20 08:00:08] Credit Warning SMS Yellow Zone log.INFO: Credit warning SMS sent to customer 82charlotte [] []
[2019-12-20 08:00:08] Credit Warning SMS Yellow Zone log.INFO: Sending credit warning SMS to customer 85charlotte [] []
[2019-12-20 08:00:08] Credit Warning SMS Yellow Zone log.INFO: Credit warning SMS sent to customer 85charlotte [] []
[2019-12-20 08:00:08] Credit Warning SMS Yellow Zone log.INFO: Sending credit warning SMS to customer 9charlotte [] []
[2019-12-20 08:00:09] Credit Warning SMS Yellow Zone log.INFO: Credit warning SMS sent to customer 9charlotte [] []
[2019-12-20 08:00:09] Credit Warning SMS Yellow Zone log.INFO: Sending credit warning SMS to customer 4bridgefield [] []
[2019-12-20 08:00:09] Credit Warning SMS Yellow Zone log.INFO: Credit warning SMS sent to customer 4bridgefield [] []
[2019-12-20 08:00:09] Credit Warning SMS Yellow Zone log.INFO: Sending credit warning SMS to customer 19bridgefield [] []
[2019-12-20 08:00:09] Credit Warning SMS Yellow Zone log.INFO: Credit warning SMS sent to customer 19bridgefield [] []
[2019-12-20 08:00:09] Credit Warning SMS Yellow Zone log.INFO: Sending credit warning SMS to customer 66bridgefield [] []
[2019-12-20 08:00:09] Credit Warning SMS Yellow Zone log.INFO: Credit warning SMS sent to customer 66bridgefield [] []
[2019-12-20 08:00:09] Credit Warning SMS Yellow Zone log.INFO: Sending credit warning SMS to customer 70fairways [] []
[2019-12-20 08:00:09] Credit Warning SMS Yellow Zone log.INFO: Credit warning SMS sent to customer 70fairways [] []
[2019-12-20 08:00:09] Credit Warning SMS Yellow Zone log.INFO: Sending credit warning SMS to customer 81fairways [] []
[2019-12-20 08:00:09] Credit Warning SMS Yellow Zone log.INFO: Credit warning SMS sent to customer 81fairways [] []
[2019-12-20 08:00:09] Credit Warning SMS Yellow Zone log.INFO: Sending credit warning SMS to customer 121fairways [] []
[2019-12-20 08:00:09] Credit Warning SMS Yellow Zone log.INFO: Credit warning SMS sent to customer 121fairways [] []
[2019-12-20 08:00:09] Credit Warning SMS Yellow Zone log.INFO: Sending credit warning SMS to customer 89fairways [] []
[2019-12-20 08:00:09] Credit Warning SMS Yellow Zone log.INFO: Credit warning SMS sent to customer 89fairways [] []
[2019-12-20 08:00:09] Credit Warning SMS Yellow Zone log.INFO: Sending credit warning SMS to customer 105fairways [] []
[2019-12-20 08:00:09] Credit Warning SMS Yellow Zone log.INFO: Credit warning SMS sent to customer 105fairways [] []
[2019-12-20 08:00:09] Credit Warning SMS Yellow Zone log.INFO: Sending credit warning SMS to customer 97fairways [] []
[2019-12-20 08:00:09] Credit Warning SMS Yellow Zone log.INFO: Credit warning SMS sent to customer 97fairways [] []
[2019-12-20 08:00:09] Credit Warning SMS Yellow Zone log.INFO: Sending credit warning SMS to customer 150fairways [] []
[2019-12-20 08:00:09] Credit Warning SMS Yellow Zone log.INFO: Credit warning SMS sent to customer 150fairways [] []
[2019-12-20 08:00:09] Credit Warning SMS Yellow Zone log.INFO: Sending credit warning SMS to customer 1herberthill [] []
[2019-12-20 08:00:09] Credit Warning SMS Yellow Zone log.INFO: Credit warning SMS sent to customer 1herberthill [] []
[2019-12-20 08:00:09] Credit Warning SMS Yellow Zone log.INFO: Sending credit warning SMS to customer 85herberthill [] []
[2019-12-20 08:00:09] Credit Warning SMS Yellow Zone log.INFO: Credit warning SMS sent to customer 85herberthill [] []
[2019-12-20 08:00:09] Credit Warning SMS Yellow Zone log.INFO: Sending credit warning SMS to customer 52marina [] []
[2019-12-20 08:00:09] Credit Warning SMS Yellow Zone log.INFO: Credit warning SMS sent to customer 52marina [] []
[2019-12-20 08:00:09] Credit Warning SMS Yellow Zone log.INFO: Sending credit warning SMS to customer 31marina [] []
[2019-12-20 08:00:09] Credit Warning SMS Yellow Zone log.INFO: Credit warning SMS sent to customer 31marina [] []
[2019-12-20 08:00:09] Credit Warning SMS Yellow Zone log.INFO: Sending credit warning SMS to customer 44marina [] []
[2019-12-20 08:00:09] Credit Warning SMS Yellow Zone log.INFO: Credit warning SMS sent to customer 44marina [] []
[2019-12-20 08:00:09] Credit Warning SMS Yellow Zone log.INFO: Sent Credit warning SMS to 83 customers! [] []
