[2019-08-23 08:00:01] Credit Warning SMS Yellow Zone log.INFO: Sending credit warning SMS to customer 8brackenview [] []
[2019-08-23 08:00:01] Credit Warning SMS Yellow Zone log.INFO: Credit warning SMS sent to customer 8brackenview [] []
[2019-08-23 08:00:01] Credit Warning SMS Yellow Zone log.INFO: Sending credit warning SMS to customer 14sundayswell [] []
[2019-08-23 08:00:01] Credit Warning SMS Yellow Zone log.INFO: Credit warning SMS sent to customer 14sundayswell [] []
[2019-08-23 08:00:01] Credit Warning SMS Yellow Zone log.INFO: Sending credit warning SMS to customer 18brackenview [] []
[2019-08-23 08:00:01] Credit Warning SMS Yellow Zone log.INFO: Credit warning SMS sent to customer 18brackenview [] []
[2019-08-23 08:00:01] Credit Warning SMS Yellow Zone log.INFO: Sending credit warning SMS to customer 5garryknock [] []
[2019-08-23 08:00:01] Credit Warning SMS Yellow Zone log.INFO: Credit warning SMS sent to customer 5garryknock [] []
[2019-08-23 08:00:01] Credit Warning SMS Yellow Zone log.INFO: Sending credit warning SMS to customer 41Emerald [] []
[2019-08-23 08:00:01] Credit Warning SMS Yellow Zone log.INFO: Credit warning SMS sent to customer 41Emerald [] []
[2019-08-23 08:00:01] Credit Warning SMS Yellow Zone log.INFO: Sending credit warning SMS to customer 194neptune [] []
[2019-08-23 08:00:01] Credit Warning SMS Yellow Zone log.INFO: Credit warning SMS sent to customer 194neptune [] []
[2019-08-23 08:00:01] Credit Warning SMS Yellow Zone log.INFO: Sending credit warning SMS to customer 17neptune [] []
[2019-08-23 08:00:01] Credit Warning SMS Yellow Zone log.INFO: Credit warning SMS sent to customer 17neptune [] []
[2019-08-23 08:00:01] Credit Warning SMS Yellow Zone log.INFO: Sending credit warning SMS to customer 117Neptune [] []
[2019-08-23 08:00:01] Credit Warning SMS Yellow Zone log.INFO: Credit warning SMS sent to customer 117Neptune [] []
[2019-08-23 08:00:01] Credit Warning SMS Yellow Zone log.INFO: Sending credit warning SMS to customer 26neptune [] []
[2019-08-23 08:00:01] Credit Warning SMS Yellow Zone log.INFO: Credit warning SMS sent to customer 26neptune [] []
[2019-08-23 08:00:01] Credit Warning SMS Yellow Zone log.INFO: Sending credit warning SMS to customer 25neptune [] []
[2019-08-23 08:00:01] Credit Warning SMS Yellow Zone log.INFO: Credit warning SMS sent to customer 25neptune [] []
[2019-08-23 08:00:01] Credit Warning SMS Yellow Zone log.INFO: Sending credit warning SMS to customer 60Neptune [] []
[2019-08-23 08:00:01] Credit Warning SMS Yellow Zone log.INFO: Credit warning SMS sent to customer 60Neptune [] []
[2019-08-23 08:00:01] Credit Warning SMS Yellow Zone log.INFO: Sending credit warning SMS to customer 27neptune [] []
[2019-08-23 08:00:01] Credit Warning SMS Yellow Zone log.INFO: Credit warning SMS sent to customer 27neptune [] []
[2019-08-23 08:00:01] Credit Warning SMS Yellow Zone log.INFO: Sending credit warning SMS to customer 195neptune [] []
[2019-08-23 08:00:01] Credit Warning SMS Yellow Zone log.INFO: Credit warning SMS sent to customer 195neptune [] []
[2019-08-23 08:00:01] Credit Warning SMS Yellow Zone log.INFO: Sending credit warning SMS to customer 140Neptune [] []
[2019-08-23 08:00:01] Credit Warning SMS Yellow Zone log.INFO: Credit warning SMS sent to customer 140Neptune [] []
[2019-08-23 08:00:01] Credit Warning SMS Yellow Zone log.INFO: Sending credit warning SMS to customer 32neptune [] []
[2019-08-23 08:00:01] Credit Warning SMS Yellow Zone log.INFO: Credit warning SMS sent to customer 32neptune [] []
[2019-08-23 08:00:01] Credit Warning SMS Yellow Zone log.INFO: Sending credit warning SMS to customer 121Neptune [] []
[2019-08-23 08:00:01] Credit Warning SMS Yellow Zone log.INFO: Credit warning SMS sent to customer 121Neptune [] []
[2019-08-23 08:00:01] Credit Warning SMS Yellow Zone log.INFO: Sending credit warning SMS to customer 20neptune [] []
[2019-08-23 08:00:02] Credit Warning SMS Yellow Zone log.INFO: Credit warning SMS sent to customer 20neptune [] []
[2019-08-23 08:00:02] Credit Warning SMS Yellow Zone log.INFO: Sending credit warning SMS to customer 152Neptune [] []
[2019-08-23 08:00:02] Credit Warning SMS Yellow Zone log.INFO: Credit warning SMS sent to customer 152Neptune [] []
[2019-08-23 08:00:02] Credit Warning SMS Yellow Zone log.INFO: Sending credit warning SMS to customer 87Neptune [] []
[2019-08-23 08:00:02] Credit Warning SMS Yellow Zone log.INFO: Credit warning SMS sent to customer 87Neptune [] []
[2019-08-23 08:00:02] Credit Warning SMS Yellow Zone log.INFO: Sending credit warning SMS to customer 1Abbott [] []
[2019-08-23 08:00:02] Credit Warning SMS Yellow Zone log.INFO: Credit warning SMS sent to customer 1Abbott [] []
[2019-08-23 08:00:02] Credit Warning SMS Yellow Zone log.INFO: Sending credit warning SMS to customer 10Abbott [] []
[2019-08-23 08:00:02] Credit Warning SMS Yellow Zone log.INFO: Credit warning SMS sent to customer 10Abbott [] []
[2019-08-23 08:00:02] Credit Warning SMS Yellow Zone log.INFO: Sending credit warning SMS to customer 15Abbott [] []
[2019-08-23 08:00:02] Credit Warning SMS Yellow Zone log.INFO: Credit warning SMS sent to customer 15Abbott [] []
[2019-08-23 08:00:02] Credit Warning SMS Yellow Zone log.INFO: Sending credit warning SMS to customer 21Abbott [] []
[2019-08-23 08:00:02] Credit Warning SMS Yellow Zone log.INFO: Credit warning SMS sent to customer 21Abbott [] []
[2019-08-23 08:00:02] Credit Warning SMS Yellow Zone log.INFO: Sending credit warning SMS to customer 28Abbott [] []
[2019-08-23 08:00:02] Credit Warning SMS Yellow Zone log.INFO: Credit warning SMS sent to customer 28Abbott [] []
[2019-08-23 08:00:02] Credit Warning SMS Yellow Zone log.INFO: Sending credit warning SMS to customer 36Abbott [] []
[2019-08-23 08:00:02] Credit Warning SMS Yellow Zone log.INFO: Credit warning SMS sent to customer 36Abbott [] []
[2019-08-23 08:00:02] Credit Warning SMS Yellow Zone log.INFO: Sending credit warning SMS to customer 46Abbott [] []
[2019-08-23 08:00:02] Credit Warning SMS Yellow Zone log.INFO: Credit warning SMS sent to customer 46Abbott [] []
[2019-08-23 08:00:02] Credit Warning SMS Yellow Zone log.INFO: Sending credit warning SMS to customer 29abbott [] []
[2019-08-23 08:00:02] Credit Warning SMS Yellow Zone log.INFO: Credit warning SMS sent to customer 29abbott [] []
[2019-08-23 08:00:02] Credit Warning SMS Yellow Zone log.INFO: Sending credit warning SMS to customer 73Abbott [] []
[2019-08-23 08:00:02] Credit Warning SMS Yellow Zone log.INFO: Credit warning SMS sent to customer 73Abbott [] []
[2019-08-23 08:00:02] Credit Warning SMS Yellow Zone log.INFO: Sending credit warning SMS to customer 64Abbott [] []
[2019-08-23 08:00:02] Credit Warning SMS Yellow Zone log.INFO: Credit warning SMS sent to customer 64Abbott [] []
[2019-08-23 08:00:02] Credit Warning SMS Yellow Zone log.INFO: Sending credit warning SMS to customer 62Abbott [] []
[2019-08-23 08:00:02] Credit Warning SMS Yellow Zone log.INFO: Credit warning SMS sent to customer 62Abbott [] []
[2019-08-23 08:00:02] Credit Warning SMS Yellow Zone log.INFO: Sending credit warning SMS to customer 89Abbott [] []
[2019-08-23 08:00:02] Credit Warning SMS Yellow Zone log.INFO: Credit warning SMS sent to customer 89Abbott [] []
[2019-08-23 08:00:02] Credit Warning SMS Yellow Zone log.INFO: Sending credit warning SMS to customer 100Abbott [] []
[2019-08-23 08:00:02] Credit Warning SMS Yellow Zone log.INFO: Credit warning SMS sent to customer 100Abbott [] []
[2019-08-23 08:00:02] Credit Warning SMS Yellow Zone log.INFO: Sending credit warning SMS to customer 105Abbott [] []
[2019-08-23 08:00:02] Credit Warning SMS Yellow Zone log.INFO: Credit warning SMS sent to customer 105Abbott [] []
[2019-08-23 08:00:02] Credit Warning SMS Yellow Zone log.INFO: Sending credit warning SMS to customer 111Abbott [] []
[2019-08-23 08:00:02] Credit Warning SMS Yellow Zone log.INFO: Credit warning SMS sent to customer 111Abbott [] []
[2019-08-23 08:00:02] Credit Warning SMS Yellow Zone log.INFO: Sending credit warning SMS to customer 117Abbott [] []
[2019-08-23 08:00:02] Credit Warning SMS Yellow Zone log.INFO: Credit warning SMS sent to customer 117Abbott [] []
[2019-08-23 08:00:02] Credit Warning SMS Yellow Zone log.INFO: Sending credit warning SMS to customer 98Abbott [] []
[2019-08-23 08:00:02] Credit Warning SMS Yellow Zone log.INFO: Credit warning SMS sent to customer 98Abbott [] []
[2019-08-23 08:00:02] Credit Warning SMS Yellow Zone log.INFO: Sending credit warning SMS to customer 97Abbott [] []
[2019-08-23 08:00:02] Credit Warning SMS Yellow Zone log.INFO: Credit warning SMS sent to customer 97Abbott [] []
[2019-08-23 08:00:02] Credit Warning SMS Yellow Zone log.INFO: Sending credit warning SMS to customer 141abbott [] []
[2019-08-23 08:00:02] Credit Warning SMS Yellow Zone log.INFO: Credit warning SMS sent to customer 141abbott [] []
[2019-08-23 08:00:02] Credit Warning SMS Yellow Zone log.INFO: Sending credit warning SMS to customer 133abbott [] []
[2019-08-23 08:00:02] Credit Warning SMS Yellow Zone log.INFO: Credit warning SMS sent to customer 133abbott [] []
[2019-08-23 08:00:02] Credit Warning SMS Yellow Zone log.INFO: Sending credit warning SMS to customer 167abbott [] []
[2019-08-23 08:00:02] Credit Warning SMS Yellow Zone log.INFO: Credit warning SMS sent to customer 167abbott [] []
[2019-08-23 08:00:02] Credit Warning SMS Yellow Zone log.INFO: Sending credit warning SMS to customer 164abbott [] []
[2019-08-23 08:00:02] Credit Warning SMS Yellow Zone log.INFO: Credit warning SMS sent to customer 164abbott [] []
[2019-08-23 08:00:02] Credit Warning SMS Yellow Zone log.INFO: Sending credit warning SMS to customer 19GreenBank [] []
[2019-08-23 08:00:02] Credit Warning SMS Yellow Zone log.INFO: Credit warning SMS sent to customer 19GreenBank [] []
[2019-08-23 08:00:02] Credit Warning SMS Yellow Zone log.INFO: Sending credit warning SMS to customer 54Abbott [] []
[2019-08-23 08:00:02] Credit Warning SMS Yellow Zone log.INFO: Credit warning SMS sent to customer 54Abbott [] []
[2019-08-23 08:00:02] Credit Warning SMS Yellow Zone log.INFO: Sending credit warning SMS to customer 187abbott [] []
[2019-08-23 08:00:02] Credit Warning SMS Yellow Zone log.INFO: Credit warning SMS sent to customer 187abbott [] []
[2019-08-23 08:00:02] Credit Warning SMS Yellow Zone log.INFO: Sending credit warning SMS to customer 21GreenBank [] []
[2019-08-23 08:00:02] Credit Warning SMS Yellow Zone log.INFO: Credit warning SMS sent to customer 21GreenBank [] []
[2019-08-23 08:00:02] Credit Warning SMS Yellow Zone log.INFO: Sending credit warning SMS to customer 7GreenBank [] []
[2019-08-23 08:00:03] Credit Warning SMS Yellow Zone log.INFO: Credit warning SMS sent to customer 7GreenBank [] []
[2019-08-23 08:00:03] Credit Warning SMS Yellow Zone log.INFO: Sending credit warning SMS to customer 9eustace [] []
[2019-08-23 08:00:03] Credit Warning SMS Yellow Zone log.INFO: Credit warning SMS sent to customer 9eustace [] []
[2019-08-23 08:00:03] Credit Warning SMS Yellow Zone log.INFO: Sending credit warning SMS to customer 74eustace [] []
[2019-08-23 08:00:03] Credit Warning SMS Yellow Zone log.INFO: Credit warning SMS sent to customer 74eustace [] []
[2019-08-23 08:00:03] Credit Warning SMS Yellow Zone log.INFO: Sending credit warning SMS to customer 13leona [] []
[2019-08-23 08:00:03] Credit Warning SMS Yellow Zone log.INFO: Credit warning SMS sent to customer 13leona [] []
[2019-08-23 08:00:03] Credit Warning SMS Yellow Zone log.INFO: Sending credit warning SMS to customer 5leona [] []
[2019-08-23 08:00:03] Credit Warning SMS Yellow Zone log.INFO: Credit warning SMS sent to customer 5leona [] []
[2019-08-23 08:00:03] Credit Warning SMS Yellow Zone log.INFO: Sending credit warning SMS to customer 23leona [] []
[2019-08-23 08:00:03] Credit Warning SMS Yellow Zone log.INFO: Credit warning SMS sent to customer 23leona [] []
[2019-08-23 08:00:03] Credit Warning SMS Yellow Zone log.INFO: Sending credit warning SMS to customer 141leona [] []
[2019-08-23 08:00:03] Credit Warning SMS Yellow Zone log.INFO: Credit warning SMS sent to customer 141leona [] []
[2019-08-23 08:00:03] Credit Warning SMS Yellow Zone log.INFO: Sending credit warning SMS to customer 37leona [] []
[2019-08-23 08:00:03] Credit Warning SMS Yellow Zone log.INFO: Credit warning SMS sent to customer 37leona [] []
[2019-08-23 08:00:03] Credit Warning SMS Yellow Zone log.INFO: Sending credit warning SMS to customer 35leona [] []
[2019-08-23 08:00:03] Credit Warning SMS Yellow Zone log.INFO: Credit warning SMS sent to customer 35leona [] []
[2019-08-23 08:00:03] Credit Warning SMS Yellow Zone log.INFO: Sending credit warning SMS to customer 102leona [] []
[2019-08-23 08:00:03] Credit Warning SMS Yellow Zone log.INFO: Credit warning SMS sent to customer 102leona [] []
[2019-08-23 08:00:03] Credit Warning SMS Yellow Zone log.INFO: Sending credit warning SMS to customer 31leona [] []
[2019-08-23 08:00:03] Credit Warning SMS Yellow Zone log.INFO: Credit warning SMS sent to customer 31leona [] []
[2019-08-23 08:00:03] Credit Warning SMS Yellow Zone log.INFO: Sending credit warning SMS to customer 105leona [] []
[2019-08-23 08:00:03] Credit Warning SMS Yellow Zone log.INFO: Credit warning SMS sent to customer 105leona [] []
[2019-08-23 08:00:03] Credit Warning SMS Yellow Zone log.INFO: Sending credit warning SMS to customer 119leona [] []
[2019-08-23 08:00:03] Credit Warning SMS Yellow Zone log.INFO: Credit warning SMS sent to customer 119leona [] []
[2019-08-23 08:00:03] Credit Warning SMS Yellow Zone log.INFO: Sending credit warning SMS to customer 59leona [] []
[2019-08-23 08:00:03] Credit Warning SMS Yellow Zone log.INFO: Credit warning SMS sent to customer 59leona [] []
[2019-08-23 08:00:03] Credit Warning SMS Yellow Zone log.INFO: Sending credit warning SMS to customer 142charlotte [] []
[2019-08-23 08:00:03] Credit Warning SMS Yellow Zone log.INFO: Credit warning SMS sent to customer 142charlotte [] []
[2019-08-23 08:00:03] Credit Warning SMS Yellow Zone log.INFO: Sending credit warning SMS to customer 116charlotte [] []
[2019-08-23 08:00:03] Credit Warning SMS Yellow Zone log.INFO: Credit warning SMS sent to customer 116charlotte [] []
[2019-08-23 08:00:03] Credit Warning SMS Yellow Zone log.INFO: Sending credit warning SMS to customer 117charlotte [] []
[2019-08-23 08:00:03] Credit Warning SMS Yellow Zone log.INFO: Credit warning SMS sent to customer 117charlotte [] []
[2019-08-23 08:00:03] Credit Warning SMS Yellow Zone log.INFO: Sending credit warning SMS to customer 144charlotte [] []
[2019-08-23 08:00:03] Credit Warning SMS Yellow Zone log.INFO: Credit warning SMS sent to customer 144charlotte [] []
[2019-08-23 08:00:03] Credit Warning SMS Yellow Zone log.INFO: Sending credit warning SMS to customer 23charlotte [] []
[2019-08-23 08:00:03] Credit Warning SMS Yellow Zone log.INFO: Credit warning SMS sent to customer 23charlotte [] []
[2019-08-23 08:00:03] Credit Warning SMS Yellow Zone log.INFO: Sending credit warning SMS to customer 18charlotte [] []
[2019-08-23 08:00:03] Credit Warning SMS Yellow Zone log.INFO: Credit warning SMS sent to customer 18charlotte [] []
[2019-08-23 08:00:03] Credit Warning SMS Yellow Zone log.INFO: Sending credit warning SMS to customer 39charlotte [] []
[2019-08-23 08:00:03] Credit Warning SMS Yellow Zone log.INFO: Credit warning SMS sent to customer 39charlotte [] []
[2019-08-23 08:00:03] Credit Warning SMS Yellow Zone log.INFO: Sending credit warning SMS to customer 71charlotte [] []
[2019-08-23 08:00:03] Credit Warning SMS Yellow Zone log.INFO: Credit warning SMS sent to customer 71charlotte [] []
[2019-08-23 08:00:03] Credit Warning SMS Yellow Zone log.INFO: Sending credit warning SMS to customer 82charlotte [] []
[2019-08-23 08:00:03] Credit Warning SMS Yellow Zone log.INFO: Credit warning SMS sent to customer 82charlotte [] []
[2019-08-23 08:00:03] Credit Warning SMS Yellow Zone log.INFO: Sending credit warning SMS to customer 92charlotte [] []
[2019-08-23 08:00:03] Credit Warning SMS Yellow Zone log.INFO: Credit warning SMS sent to customer 92charlotte [] []
[2019-08-23 08:00:03] Credit Warning SMS Yellow Zone log.INFO: Sending credit warning SMS to customer 85charlotte [] []
[2019-08-23 08:00:03] Credit Warning SMS Yellow Zone log.INFO: Credit warning SMS sent to customer 85charlotte [] []
[2019-08-23 08:00:03] Credit Warning SMS Yellow Zone log.INFO: Sent Credit warning SMS to 70 customers! [] []
