[2019-10-16 08:00:01] Credit Warning SMS Yellow Zone log.INFO: Sending credit warning SMS to customer 7garryknock [] []
[2019-10-16 08:00:01] Credit Warning SMS Yellow Zone log.INFO: Credit warning SMS sent to customer 7garryknock [] []
[2019-10-16 08:00:01] Credit Warning SMS Yellow Zone log.INFO: Sending credit warning SMS to customer 27garryknock [] []
[2019-10-16 08:00:01] Credit Warning SMS Yellow Zone log.INFO: Credit warning SMS sent to customer 27garryknock [] []
[2019-10-16 08:00:01] Credit Warning SMS Yellow Zone log.INFO: Sending credit warning SMS to customer 14brackenview [] []
[2019-10-16 08:00:01] Credit Warning SMS Yellow Zone log.INFO: Credit warning SMS sent to customer 14brackenview [] []
[2019-10-16 08:00:01] Credit Warning SMS Yellow Zone log.INFO: Sending credit warning SMS to customer 39Emerald [] []
[2019-10-16 08:00:01] Credit Warning SMS Yellow Zone log.INFO: Credit warning SMS sent to customer 39Emerald [] []
[2019-10-16 08:00:01] Credit Warning SMS Yellow Zone log.INFO: Sending credit warning SMS to customer 40Emerald [] []
[2019-10-16 08:00:01] Credit Warning SMS Yellow Zone log.INFO: Credit warning SMS sent to customer 40Emerald [] []
[2019-10-16 08:00:01] Credit Warning SMS Yellow Zone log.INFO: Sending credit warning SMS to customer 16Emerald [] []
[2019-10-16 08:00:01] Credit Warning SMS Yellow Zone log.INFO: Credit warning SMS sent to customer 16Emerald [] []
[2019-10-16 08:00:01] Credit Warning SMS Yellow Zone log.INFO: Sending credit warning SMS to customer 30Emerald [] []
[2019-10-16 08:00:01] Credit Warning SMS Yellow Zone log.INFO: Credit warning SMS sent to customer 30Emerald [] []
[2019-10-16 08:00:01] Credit Warning SMS Yellow Zone log.INFO: Sending credit warning SMS to customer 7Emerald [] []
[2019-10-16 08:00:01] Credit Warning SMS Yellow Zone log.INFO: Credit warning SMS sent to customer 7Emerald [] []
[2019-10-16 08:00:01] Credit Warning SMS Yellow Zone log.INFO: Sending credit warning SMS to customer 194neptune [] []
[2019-10-16 08:00:01] Credit Warning SMS Yellow Zone log.INFO: Credit warning SMS sent to customer 194neptune [] []
[2019-10-16 08:00:01] Credit Warning SMS Yellow Zone log.INFO: Sending credit warning SMS to customer 177neptune [] []
[2019-10-16 08:00:01] Credit Warning SMS Yellow Zone log.INFO: Credit warning SMS sent to customer 177neptune [] []
[2019-10-16 08:00:01] Credit Warning SMS Yellow Zone log.INFO: Sending credit warning SMS to customer 117Neptune [] []
[2019-10-16 08:00:01] Credit Warning SMS Yellow Zone log.INFO: Credit warning SMS sent to customer 117Neptune [] []
[2019-10-16 08:00:01] Credit Warning SMS Yellow Zone log.INFO: Sending credit warning SMS to customer 184neptune [] []
[2019-10-16 08:00:01] Credit Warning SMS Yellow Zone log.INFO: Credit warning SMS sent to customer 184neptune [] []
[2019-10-16 08:00:01] Credit Warning SMS Yellow Zone log.INFO: Sending credit warning SMS to customer 102Neptune [] []
[2019-10-16 08:00:01] Credit Warning SMS Yellow Zone log.INFO: Credit warning SMS sent to customer 102Neptune [] []
[2019-10-16 08:00:01] Credit Warning SMS Yellow Zone log.INFO: Sending credit warning SMS to customer 69Neptune [] []
[2019-10-16 08:00:01] Credit Warning SMS Yellow Zone log.INFO: Credit warning SMS sent to customer 69Neptune [] []
[2019-10-16 08:00:01] Credit Warning SMS Yellow Zone log.INFO: Sending credit warning SMS to customer 153Neptune [] []
[2019-10-16 08:00:01] Credit Warning SMS Yellow Zone log.INFO: Credit warning SMS sent to customer 153Neptune [] []
[2019-10-16 08:00:01] Credit Warning SMS Yellow Zone log.INFO: Sending credit warning SMS to customer 94Neptune [] []
[2019-10-16 08:00:01] Credit Warning SMS Yellow Zone log.INFO: Credit warning SMS sent to customer 94Neptune [] []
[2019-10-16 08:00:01] Credit Warning SMS Yellow Zone log.INFO: Sending credit warning SMS to customer 145Neptune [] []
[2019-10-16 08:00:01] Credit Warning SMS Yellow Zone log.INFO: Credit warning SMS sent to customer 145Neptune [] []
[2019-10-16 08:00:01] Credit Warning SMS Yellow Zone log.INFO: Sending credit warning SMS to customer 43neptune [] []
[2019-10-16 08:00:01] Credit Warning SMS Yellow Zone log.INFO: Credit warning SMS sent to customer 43neptune [] []
[2019-10-16 08:00:01] Credit Warning SMS Yellow Zone log.INFO: Sending credit warning SMS to customer 42neptune [] []
[2019-10-16 08:00:02] Credit Warning SMS Yellow Zone log.INFO: Credit warning SMS sent to customer 42neptune [] []
[2019-10-16 08:00:02] Credit Warning SMS Yellow Zone log.INFO: Sending credit warning SMS to customer 104Neptune [] []
[2019-10-16 08:00:02] Credit Warning SMS Yellow Zone log.INFO: Credit warning SMS sent to customer 104Neptune [] []
[2019-10-16 08:00:02] Credit Warning SMS Yellow Zone log.INFO: Sending credit warning SMS to customer 82Neptune [] []
[2019-10-16 08:00:02] Credit Warning SMS Yellow Zone log.INFO: Credit warning SMS sent to customer 82Neptune [] []
[2019-10-16 08:00:02] Credit Warning SMS Yellow Zone log.INFO: Sending credit warning SMS to customer 53Neptune [] []
[2019-10-16 08:00:02] Credit Warning SMS Yellow Zone log.INFO: Credit warning SMS sent to customer 53Neptune [] []
[2019-10-16 08:00:02] Credit Warning SMS Yellow Zone log.INFO: Sending credit warning SMS to customer 152Neptune [] []
[2019-10-16 08:00:02] Credit Warning SMS Yellow Zone log.INFO: Credit warning SMS sent to customer 152Neptune [] []
[2019-10-16 08:00:02] Credit Warning SMS Yellow Zone log.INFO: Sending credit warning SMS to customer 1Abbott [] []
[2019-10-16 08:00:02] Credit Warning SMS Yellow Zone log.INFO: Credit warning SMS sent to customer 1Abbott [] []
[2019-10-16 08:00:02] Credit Warning SMS Yellow Zone log.INFO: Sending credit warning SMS to customer 5Abbott [] []
[2019-10-16 08:00:02] Credit Warning SMS Yellow Zone log.INFO: Credit warning SMS sent to customer 5Abbott [] []
[2019-10-16 08:00:02] Credit Warning SMS Yellow Zone log.INFO: Sending credit warning SMS to customer 15Abbott [] []
[2019-10-16 08:00:02] Credit Warning SMS Yellow Zone log.INFO: Credit warning SMS sent to customer 15Abbott [] []
[2019-10-16 08:00:02] Credit Warning SMS Yellow Zone log.INFO: Sending credit warning SMS to customer 17Abbott [] []
[2019-10-16 08:00:02] Credit Warning SMS Yellow Zone log.INFO: Credit warning SMS sent to customer 17Abbott [] []
[2019-10-16 08:00:02] Credit Warning SMS Yellow Zone log.INFO: Sending credit warning SMS to customer 24Abbott [] []
[2019-10-16 08:00:02] Credit Warning SMS Yellow Zone log.INFO: Credit warning SMS sent to customer 24Abbott [] []
[2019-10-16 08:00:02] Credit Warning SMS Yellow Zone log.INFO: Sending credit warning SMS to customer 25Abbott [] []
[2019-10-16 08:00:02] Credit Warning SMS Yellow Zone log.INFO: Credit warning SMS sent to customer 25Abbott [] []
[2019-10-16 08:00:02] Credit Warning SMS Yellow Zone log.INFO: Sending credit warning SMS to customer 36Abbott [] []
[2019-10-16 08:00:02] Credit Warning SMS Yellow Zone log.INFO: Credit warning SMS sent to customer 36Abbott [] []
[2019-10-16 08:00:02] Credit Warning SMS Yellow Zone log.INFO: Sending credit warning SMS to customer 76Abbott [] []
[2019-10-16 08:00:02] Credit Warning SMS Yellow Zone log.INFO: Credit warning SMS sent to customer 76Abbott [] []
[2019-10-16 08:00:02] Credit Warning SMS Yellow Zone log.INFO: Sending credit warning SMS to customer 84Abbott [] []
[2019-10-16 08:00:02] Credit Warning SMS Yellow Zone log.INFO: Credit warning SMS sent to customer 84Abbott [] []
[2019-10-16 08:00:02] Credit Warning SMS Yellow Zone log.INFO: Sending credit warning SMS to customer 44Abbott [] []
[2019-10-16 08:00:02] Credit Warning SMS Yellow Zone log.INFO: Credit warning SMS sent to customer 44Abbott [] []
[2019-10-16 08:00:02] Credit Warning SMS Yellow Zone log.INFO: Sending credit warning SMS to customer 71Abbott [] []
[2019-10-16 08:00:02] Credit Warning SMS Yellow Zone log.INFO: Credit warning SMS sent to customer 71Abbott [] []
[2019-10-16 08:00:02] Credit Warning SMS Yellow Zone log.INFO: Sending credit warning SMS to customer 100Abbott [] []
[2019-10-16 08:00:02] Credit Warning SMS Yellow Zone log.INFO: Credit warning SMS sent to customer 100Abbott [] []
[2019-10-16 08:00:02] Credit Warning SMS Yellow Zone log.INFO: Sending credit warning SMS to customer 105Abbott [] []
[2019-10-16 08:00:02] Credit Warning SMS Yellow Zone log.INFO: Credit warning SMS sent to customer 105Abbott [] []
[2019-10-16 08:00:02] Credit Warning SMS Yellow Zone log.INFO: Sending credit warning SMS to customer 108Abbott [] []
[2019-10-16 08:00:02] Credit Warning SMS Yellow Zone log.INFO: Credit warning SMS sent to customer 108Abbott [] []
[2019-10-16 08:00:02] Credit Warning SMS Yellow Zone log.INFO: Sending credit warning SMS to customer 112abbott [] []
[2019-10-16 08:00:02] Credit Warning SMS Yellow Zone log.INFO: Credit warning SMS sent to customer 112abbott [] []
[2019-10-16 08:00:02] Credit Warning SMS Yellow Zone log.INFO: Sending credit warning SMS to customer 119Abbott [] []
[2019-10-16 08:00:02] Credit Warning SMS Yellow Zone log.INFO: Credit warning SMS sent to customer 119Abbott [] []
[2019-10-16 08:00:02] Credit Warning SMS Yellow Zone log.INFO: Sending credit warning SMS to customer 98Abbott [] []
[2019-10-16 08:00:02] Credit Warning SMS Yellow Zone log.INFO: Credit warning SMS sent to customer 98Abbott [] []
[2019-10-16 08:00:02] Credit Warning SMS Yellow Zone log.INFO: Sending credit warning SMS to customer 144abbott [] []
[2019-10-16 08:00:02] Credit Warning SMS Yellow Zone log.INFO: Credit warning SMS sent to customer 144abbott [] []
[2019-10-16 08:00:02] Credit Warning SMS Yellow Zone log.INFO: Sending credit warning SMS to customer 154abbott [] []
[2019-10-16 08:00:02] Credit Warning SMS Yellow Zone log.INFO: Credit warning SMS sent to customer 154abbott [] []
[2019-10-16 08:00:02] Credit Warning SMS Yellow Zone log.INFO: Sending credit warning SMS to customer 159abbott [] []
[2019-10-16 08:00:02] Credit Warning SMS Yellow Zone log.INFO: Credit warning SMS sent to customer 159abbott [] []
[2019-10-16 08:00:02] Credit Warning SMS Yellow Zone log.INFO: Sending credit warning SMS to customer 174abbott [] []
[2019-10-16 08:00:02] Credit Warning SMS Yellow Zone log.INFO: Credit warning SMS sent to customer 174abbott [] []
[2019-10-16 08:00:02] Credit Warning SMS Yellow Zone log.INFO: Sending credit warning SMS to customer 142abbott [] []
[2019-10-16 08:00:02] Credit Warning SMS Yellow Zone log.INFO: Credit warning SMS sent to customer 142abbott [] []
[2019-10-16 08:00:02] Credit Warning SMS Yellow Zone log.INFO: Sending credit warning SMS to customer 170abbott [] []
[2019-10-16 08:00:02] Credit Warning SMS Yellow Zone log.INFO: Credit warning SMS sent to customer 170abbott [] []
[2019-10-16 08:00:02] Credit Warning SMS Yellow Zone log.INFO: Sending credit warning SMS to customer 19GreenBank [] []
[2019-10-16 08:00:02] Credit Warning SMS Yellow Zone log.INFO: Credit warning SMS sent to customer 19GreenBank [] []
[2019-10-16 08:00:02] Credit Warning SMS Yellow Zone log.INFO: Sending credit warning SMS to customer 61eustace [] []
[2019-10-16 08:00:02] Credit Warning SMS Yellow Zone log.INFO: Credit warning SMS sent to customer 61eustace [] []
[2019-10-16 08:00:02] Credit Warning SMS Yellow Zone log.INFO: Sending credit warning SMS to customer 13leona [] []
[2019-10-16 08:00:02] Credit Warning SMS Yellow Zone log.INFO: Credit warning SMS sent to customer 13leona [] []
[2019-10-16 08:00:02] Credit Warning SMS Yellow Zone log.INFO: Sending credit warning SMS to customer 66leona [] []
[2019-10-16 08:00:02] Credit Warning SMS Yellow Zone log.INFO: Credit warning SMS sent to customer 66leona [] []
[2019-10-16 08:00:02] Credit Warning SMS Yellow Zone log.INFO: Sending credit warning SMS to customer 121leona [] []
[2019-10-16 08:00:02] Credit Warning SMS Yellow Zone log.INFO: Credit warning SMS sent to customer 121leona [] []
[2019-10-16 08:00:02] Credit Warning SMS Yellow Zone log.INFO: Sending credit warning SMS to customer 43leona [] []
[2019-10-16 08:00:02] Credit Warning SMS Yellow Zone log.INFO: Credit warning SMS sent to customer 43leona [] []
[2019-10-16 08:00:02] Credit Warning SMS Yellow Zone log.INFO: Sending credit warning SMS to customer 94leona [] []
[2019-10-16 08:00:03] Credit Warning SMS Yellow Zone log.INFO: Credit warning SMS sent to customer 94leona [] []
[2019-10-16 08:00:03] Credit Warning SMS Yellow Zone log.INFO: Sending credit warning SMS to customer 31leona [] []
[2019-10-16 08:00:03] Credit Warning SMS Yellow Zone log.INFO: Credit warning SMS sent to customer 31leona [] []
[2019-10-16 08:00:03] Credit Warning SMS Yellow Zone log.INFO: Sending credit warning SMS to customer 128leona [] []
[2019-10-16 08:00:03] Credit Warning SMS Yellow Zone log.INFO: Credit warning SMS sent to customer 128leona [] []
[2019-10-16 08:00:03] Credit Warning SMS Yellow Zone log.INFO: Sending credit warning SMS to customer 112charlotte [] []
[2019-10-16 08:00:03] Credit Warning SMS Yellow Zone log.INFO: Credit warning SMS sent to customer 112charlotte [] []
[2019-10-16 08:00:03] Credit Warning SMS Yellow Zone log.INFO: Sending credit warning SMS to customer 153charlotte [] []
[2019-10-16 08:00:03] Credit Warning SMS Yellow Zone log.INFO: Credit warning SMS sent to customer 153charlotte [] []
[2019-10-16 08:00:03] Credit Warning SMS Yellow Zone log.INFO: Sending credit warning SMS to customer 2charlotte [] []
[2019-10-16 08:00:03] Credit Warning SMS Yellow Zone log.INFO: Credit warning SMS sent to customer 2charlotte [] []
[2019-10-16 08:00:03] Credit Warning SMS Yellow Zone log.INFO: Sending credit warning SMS to customer 42charlotte [] []
[2019-10-16 08:00:03] Credit Warning SMS Yellow Zone log.INFO: Credit warning SMS sent to customer 42charlotte [] []
[2019-10-16 08:00:03] Credit Warning SMS Yellow Zone log.INFO: Sending credit warning SMS to customer 18charlotte [] []
[2019-10-16 08:00:03] Credit Warning SMS Yellow Zone log.INFO: Credit warning SMS sent to customer 18charlotte [] []
[2019-10-16 08:00:03] Credit Warning SMS Yellow Zone log.INFO: Sending credit warning SMS to customer 66charlotte [] []
[2019-10-16 08:00:03] Credit Warning SMS Yellow Zone log.INFO: Credit warning SMS sent to customer 66charlotte [] []
[2019-10-16 08:00:03] Credit Warning SMS Yellow Zone log.INFO: Sending credit warning SMS to customer 76charlotte [] []
[2019-10-16 08:00:03] Credit Warning SMS Yellow Zone log.INFO: Credit warning SMS sent to customer 76charlotte [] []
[2019-10-16 08:00:03] Credit Warning SMS Yellow Zone log.INFO: Sending credit warning SMS to customer 137charlotte [] []
[2019-10-16 08:00:03] Credit Warning SMS Yellow Zone log.INFO: Credit warning SMS sent to customer 137charlotte [] []
[2019-10-16 08:00:03] Credit Warning SMS Yellow Zone log.INFO: Sending credit warning SMS to customer 140charlotte [] []
[2019-10-16 08:00:03] Credit Warning SMS Yellow Zone log.INFO: Credit warning SMS sent to customer 140charlotte [] []
[2019-10-16 08:00:03] Credit Warning SMS Yellow Zone log.INFO: Sending credit warning SMS to customer 115charlotte [] []
[2019-10-16 08:00:03] Credit Warning SMS Yellow Zone log.INFO: Credit warning SMS sent to customer 115charlotte [] []
[2019-10-16 08:00:03] Credit Warning SMS Yellow Zone log.INFO: Sending credit warning SMS to customer 124charlotte [] []
[2019-10-16 08:00:03] Credit Warning SMS Yellow Zone log.INFO: Credit warning SMS sent to customer 124charlotte [] []
[2019-10-16 08:00:03] Credit Warning SMS Yellow Zone log.INFO: Sending credit warning SMS to customer 135charlotte [] []
[2019-10-16 08:00:03] Credit Warning SMS Yellow Zone log.INFO: Credit warning SMS sent to customer 135charlotte [] []
[2019-10-16 08:00:03] Credit Warning SMS Yellow Zone log.INFO: Sending credit warning SMS to customer 14bridgefield [] []
[2019-10-16 08:00:03] Credit Warning SMS Yellow Zone log.INFO: Credit warning SMS sent to customer 14bridgefield [] []
[2019-10-16 08:00:03] Credit Warning SMS Yellow Zone log.INFO: Sending credit warning SMS to customer 8bridgefield [] []
[2019-10-16 08:00:03] Credit Warning SMS Yellow Zone log.INFO: Credit warning SMS sent to customer 8bridgefield [] []
[2019-10-16 08:00:03] Credit Warning SMS Yellow Zone log.INFO: Sending credit warning SMS to customer 5bridgefield [] []
[2019-10-16 08:00:03] Credit Warning SMS Yellow Zone log.INFO: Credit warning SMS sent to customer 5bridgefield [] []
[2019-10-16 08:00:03] Credit Warning SMS Yellow Zone log.INFO: Sending credit warning SMS to customer 9bridgefield [] []
[2019-10-16 08:00:03] Credit Warning SMS Yellow Zone log.INFO: Credit warning SMS sent to customer 9bridgefield [] []
[2019-10-16 08:00:03] Credit Warning SMS Yellow Zone log.INFO: Sending credit warning SMS to customer 73fairways [] []
[2019-10-16 08:00:03] Credit Warning SMS Yellow Zone log.INFO: Credit warning SMS sent to customer 73fairways [] []
[2019-10-16 08:00:03] Credit Warning SMS Yellow Zone log.INFO: Sending credit warning SMS to customer 103fairways [] []
[2019-10-16 08:00:03] Credit Warning SMS Yellow Zone log.INFO: Credit warning SMS sent to customer 103fairways [] []
[2019-10-16 08:00:03] Credit Warning SMS Yellow Zone log.INFO: Sending credit warning SMS to customer 108fairways [] []
[2019-10-16 08:00:03] Credit Warning SMS Yellow Zone log.INFO: Credit warning SMS sent to customer 108fairways [] []
[2019-10-16 08:00:03] Credit Warning SMS Yellow Zone log.INFO: Sending credit warning SMS to customer 117fairways [] []
[2019-10-16 08:00:03] Credit Warning SMS Yellow Zone log.INFO: Credit warning SMS sent to customer 117fairways [] []
[2019-10-16 08:00:03] Credit Warning SMS Yellow Zone log.INFO: Sending credit warning SMS to customer 130fairways [] []
[2019-10-16 08:00:03] Credit Warning SMS Yellow Zone log.INFO: Credit warning SMS sent to customer 130fairways [] []
[2019-10-16 08:00:03] Credit Warning SMS Yellow Zone log.INFO: Sending credit warning SMS to customer 119fairways [] []
[2019-10-16 08:00:03] Credit Warning SMS Yellow Zone log.INFO: Credit warning SMS sent to customer 119fairways [] []
[2019-10-16 08:00:03] Credit Warning SMS Yellow Zone log.INFO: Sent Credit warning SMS to 77 customers! [] []
