[2019-06-10 08:00:02] Credit Warning SMS Yellow Zone log.INFO: Sending credit warning SMS to customer 13brackenview [] []
[2019-06-10 08:00:02] Credit Warning SMS Yellow Zone log.INFO: Credit warning SMS sent to customer 13brackenview [] []
[2019-06-10 08:00:02] Credit Warning SMS Yellow Zone log.INFO: Sending credit warning SMS to customer 9garryknock [] []
[2019-06-10 08:00:02] Credit Warning SMS Yellow Zone log.INFO: Credit warning SMS sent to customer 9garryknock [] []
[2019-06-10 08:00:02] Credit Warning SMS Yellow Zone log.INFO: Sending credit warning SMS to customer 14garryknock [] []
[2019-06-10 08:00:02] Credit Warning SMS Yellow Zone log.INFO: Credit warning SMS sent to customer 14garryknock [] []
[2019-06-10 08:00:02] Credit Warning SMS Yellow Zone log.INFO: Sending credit warning SMS to customer 9sundayswell [] []
[2019-06-10 08:00:02] Credit Warning SMS Yellow Zone log.INFO: Credit warning SMS sent to customer 9sundayswell [] []
[2019-06-10 08:00:02] Credit Warning SMS Yellow Zone log.INFO: Sending credit warning SMS to customer 6Emerald [] []
[2019-06-10 08:00:02] Credit Warning SMS Yellow Zone log.INFO: Credit warning SMS sent to customer 6Emerald [] []
[2019-06-10 08:00:02] Credit Warning SMS Yellow Zone log.INFO: Sending credit warning SMS to customer 8Emerald [] []
[2019-06-10 08:00:02] Credit Warning SMS Yellow Zone log.INFO: Credit warning SMS sent to customer 8Emerald [] []
[2019-06-10 08:00:02] Credit Warning SMS Yellow Zone log.INFO: Sending credit warning SMS to customer 26Emerald [] []
[2019-06-10 08:00:02] Credit Warning SMS Yellow Zone log.INFO: Credit warning SMS sent to customer 26Emerald [] []
[2019-06-10 08:00:02] Credit Warning SMS Yellow Zone log.INFO: Sending credit warning SMS to customer 7Emerald [] []
[2019-06-10 08:00:02] Credit Warning SMS Yellow Zone log.INFO: Credit warning SMS sent to customer 7Emerald [] []
[2019-06-10 08:00:02] Credit Warning SMS Yellow Zone log.INFO: Sending credit warning SMS to customer 170neptune [] []
[2019-06-10 08:00:02] Credit Warning SMS Yellow Zone log.INFO: Credit warning SMS sent to customer 170neptune [] []
[2019-06-10 08:00:02] Credit Warning SMS Yellow Zone log.INFO: Sending credit warning SMS to customer 8neptune [] []
[2019-06-10 08:00:02] Credit Warning SMS Yellow Zone log.INFO: Credit warning SMS sent to customer 8neptune [] []
[2019-06-10 08:00:02] Credit Warning SMS Yellow Zone log.INFO: Sending credit warning SMS to customer 167neptune [] []
[2019-06-10 08:00:02] Credit Warning SMS Yellow Zone log.INFO: Credit warning SMS sent to customer 167neptune [] []
[2019-06-10 08:00:02] Credit Warning SMS Yellow Zone log.INFO: Sending credit warning SMS to customer 116Neptune [] []
[2019-06-10 08:00:02] Credit Warning SMS Yellow Zone log.INFO: Credit warning SMS sent to customer 116Neptune [] []
[2019-06-10 08:00:02] Credit Warning SMS Yellow Zone log.INFO: Sending credit warning SMS to customer 184neptune [] []
[2019-06-10 08:00:02] Credit Warning SMS Yellow Zone log.INFO: Credit warning SMS sent to customer 184neptune [] []
[2019-06-10 08:00:02] Credit Warning SMS Yellow Zone log.INFO: Sending credit warning SMS to customer 94Neptune [] []
[2019-06-10 08:00:02] Credit Warning SMS Yellow Zone log.INFO: Credit warning SMS sent to customer 94Neptune [] []
[2019-06-10 08:00:02] Credit Warning SMS Yellow Zone log.INFO: Sending credit warning SMS to customer 27neptune [] []
[2019-06-10 08:00:02] Credit Warning SMS Yellow Zone log.INFO: Credit warning SMS sent to customer 27neptune [] []
[2019-06-10 08:00:02] Credit Warning SMS Yellow Zone log.INFO: Sending credit warning SMS to customer 83Neptune [] []
[2019-06-10 08:00:02] Credit Warning SMS Yellow Zone log.INFO: Credit warning SMS sent to customer 83Neptune [] []
[2019-06-10 08:00:02] Credit Warning SMS Yellow Zone log.INFO: Sending credit warning SMS to customer 104Neptune [] []
[2019-06-10 08:00:02] Credit Warning SMS Yellow Zone log.INFO: Credit warning SMS sent to customer 104Neptune [] []
[2019-06-10 08:00:02] Credit Warning SMS Yellow Zone log.INFO: Sending credit warning SMS to customer 111Neptune [] []
[2019-06-10 08:00:02] Credit Warning SMS Yellow Zone log.INFO: Credit warning SMS sent to customer 111Neptune [] []
[2019-06-10 08:00:02] Credit Warning SMS Yellow Zone log.INFO: Sending credit warning SMS to customer 125Neptune [] []
[2019-06-10 08:00:03] Credit Warning SMS Yellow Zone log.INFO: Credit warning SMS sent to customer 125Neptune [] []
[2019-06-10 08:00:03] Credit Warning SMS Yellow Zone log.INFO: Sending credit warning SMS to customer 8Abbott [] []
[2019-06-10 08:00:03] Credit Warning SMS Yellow Zone log.INFO: Credit warning SMS sent to customer 8Abbott [] []
[2019-06-10 08:00:03] Credit Warning SMS Yellow Zone log.INFO: Sending credit warning SMS to customer 15Abbott [] []
[2019-06-10 08:00:03] Credit Warning SMS Yellow Zone log.INFO: Credit warning SMS sent to customer 15Abbott [] []
[2019-06-10 08:00:03] Credit Warning SMS Yellow Zone log.INFO: Sending credit warning SMS to customer 40Abbott [] []
[2019-06-10 08:00:03] Credit Warning SMS Yellow Zone log.INFO: Credit warning SMS sent to customer 40Abbott [] []
[2019-06-10 08:00:03] Credit Warning SMS Yellow Zone log.INFO: Sending credit warning SMS to customer 45Abbott [] []
[2019-06-10 08:00:03] Credit Warning SMS Yellow Zone log.INFO: Credit warning SMS sent to customer 45Abbott [] []
[2019-06-10 08:00:03] Credit Warning SMS Yellow Zone log.INFO: Sending credit warning SMS to customer 30Abbott [] []
[2019-06-10 08:00:03] Credit Warning SMS Yellow Zone log.INFO: Credit warning SMS sent to customer 30Abbott [] []
[2019-06-10 08:00:03] Credit Warning SMS Yellow Zone log.INFO: Sending credit warning SMS to customer 6Abbott [] []
[2019-06-10 08:00:03] Credit Warning SMS Yellow Zone log.INFO: Credit warning SMS sent to customer 6Abbott [] []
[2019-06-10 08:00:03] Credit Warning SMS Yellow Zone log.INFO: Sending credit warning SMS to customer 74Abbott [] []
[2019-06-10 08:00:03] Credit Warning SMS Yellow Zone log.INFO: Credit warning SMS sent to customer 74Abbott [] []
[2019-06-10 08:00:03] Credit Warning SMS Yellow Zone log.INFO: Sending credit warning SMS to customer 64Abbott [] []
[2019-06-10 08:00:03] Credit Warning SMS Yellow Zone log.INFO: Credit warning SMS sent to customer 64Abbott [] []
[2019-06-10 08:00:03] Credit Warning SMS Yellow Zone log.INFO: Sending credit warning SMS to customer 89Abbott [] []
[2019-06-10 08:00:03] Credit Warning SMS Yellow Zone log.INFO: Credit warning SMS sent to customer 89Abbott [] []
[2019-06-10 08:00:03] Credit Warning SMS Yellow Zone log.INFO: Sending credit warning SMS to customer 82Abbott [] []
[2019-06-10 08:00:03] Credit Warning SMS Yellow Zone log.INFO: Credit warning SMS sent to customer 82Abbott [] []
[2019-06-10 08:00:03] Credit Warning SMS Yellow Zone log.INFO: Sending credit warning SMS to customer 69Abbott [] []
[2019-06-10 08:00:03] Credit Warning SMS Yellow Zone log.INFO: Credit warning SMS sent to customer 69Abbott [] []
[2019-06-10 08:00:03] Credit Warning SMS Yellow Zone log.INFO: Sending credit warning SMS to customer 71Abbott [] []
[2019-06-10 08:00:03] Credit Warning SMS Yellow Zone log.INFO: Credit warning SMS sent to customer 71Abbott [] []
[2019-06-10 08:00:03] Credit Warning SMS Yellow Zone log.INFO: Sending credit warning SMS to customer 105Abbott [] []
[2019-06-10 08:00:03] Credit Warning SMS Yellow Zone log.INFO: Credit warning SMS sent to customer 105Abbott [] []
[2019-06-10 08:00:03] Credit Warning SMS Yellow Zone log.INFO: Sending credit warning SMS to customer 117Abbott [] []
[2019-06-10 08:00:03] Credit Warning SMS Yellow Zone log.INFO: Credit warning SMS sent to customer 117Abbott [] []
[2019-06-10 08:00:03] Credit Warning SMS Yellow Zone log.INFO: Sending credit warning SMS to customer 119Abbott [] []
[2019-06-10 08:00:03] Credit Warning SMS Yellow Zone log.INFO: Credit warning SMS sent to customer 119Abbott [] []
[2019-06-10 08:00:03] Credit Warning SMS Yellow Zone log.INFO: Sending credit warning SMS to customer 98Abbott [] []
[2019-06-10 08:00:03] Credit Warning SMS Yellow Zone log.INFO: Credit warning SMS sent to customer 98Abbott [] []
[2019-06-10 08:00:03] Credit Warning SMS Yellow Zone log.INFO: Sending credit warning SMS to customer 115Abbott [] []
[2019-06-10 08:00:03] Credit Warning SMS Yellow Zone log.INFO: Credit warning SMS sent to customer 115Abbott [] []
[2019-06-10 08:00:03] Credit Warning SMS Yellow Zone log.INFO: Sending credit warning SMS to customer 118Abbott [] []
[2019-06-10 08:00:03] Credit Warning SMS Yellow Zone log.INFO: Credit warning SMS sent to customer 118Abbott [] []
[2019-06-10 08:00:03] Credit Warning SMS Yellow Zone log.INFO: Sending credit warning SMS to customer 134abbott [] []
[2019-06-10 08:00:03] Credit Warning SMS Yellow Zone log.INFO: Credit warning SMS sent to customer 134abbott [] []
[2019-06-10 08:00:03] Credit Warning SMS Yellow Zone log.INFO: Sending credit warning SMS to customer 146abbott [] []
[2019-06-10 08:00:03] Credit Warning SMS Yellow Zone log.INFO: Credit warning SMS sent to customer 146abbott [] []
[2019-06-10 08:00:03] Credit Warning SMS Yellow Zone log.INFO: Sending credit warning SMS to customer 143abbott [] []
[2019-06-10 08:00:03] Credit Warning SMS Yellow Zone log.INFO: Credit warning SMS sent to customer 143abbott [] []
[2019-06-10 08:00:03] Credit Warning SMS Yellow Zone log.INFO: Sending credit warning SMS to customer 184abbott [] []
[2019-06-10 08:00:03] Credit Warning SMS Yellow Zone log.INFO: Credit warning SMS sent to customer 184abbott [] []
[2019-06-10 08:00:03] Credit Warning SMS Yellow Zone log.INFO: Sending credit warning SMS to customer 175abbott [] []
[2019-06-10 08:00:03] Credit Warning SMS Yellow Zone log.INFO: Credit warning SMS sent to customer 175abbott [] []
[2019-06-10 08:00:03] Credit Warning SMS Yellow Zone log.INFO: Sending credit warning SMS to customer 130abbott [] []
[2019-06-10 08:00:03] Credit Warning SMS Yellow Zone log.INFO: Credit warning SMS sent to customer 130abbott [] []
[2019-06-10 08:00:03] Credit Warning SMS Yellow Zone log.INFO: Sending credit warning SMS to customer 165abbott [] []
[2019-06-10 08:00:03] Credit Warning SMS Yellow Zone log.INFO: Credit warning SMS sent to customer 165abbott [] []
[2019-06-10 08:00:03] Credit Warning SMS Yellow Zone log.INFO: Sending credit warning SMS to customer 29eustace [] []
[2019-06-10 08:00:04] Credit Warning SMS Yellow Zone log.INFO: Credit warning SMS sent to customer 29eustace [] []
[2019-06-10 08:00:04] Credit Warning SMS Yellow Zone log.INFO: Sending credit warning SMS to customer 30leona [] []
[2019-06-10 08:00:04] Credit Warning SMS Yellow Zone log.INFO: Credit warning SMS sent to customer 30leona [] []
[2019-06-10 08:00:04] Credit Warning SMS Yellow Zone log.INFO: Sending credit warning SMS to customer 32leona [] []
[2019-06-10 08:00:04] Credit Warning SMS Yellow Zone log.INFO: Credit warning SMS sent to customer 32leona [] []
[2019-06-10 08:00:04] Credit Warning SMS Yellow Zone log.INFO: Sending credit warning SMS to customer 144leona [] []
[2019-06-10 08:00:04] Credit Warning SMS Yellow Zone log.INFO: Credit warning SMS sent to customer 144leona [] []
[2019-06-10 08:00:04] Credit Warning SMS Yellow Zone log.INFO: Sending credit warning SMS to customer 28leona [] []
[2019-06-10 08:00:04] Credit Warning SMS Yellow Zone log.INFO: Credit warning SMS sent to customer 28leona [] []
[2019-06-10 08:00:04] Credit Warning SMS Yellow Zone log.INFO: Sending credit warning SMS to customer 20leona [] []
[2019-06-10 08:00:04] Credit Warning SMS Yellow Zone log.INFO: Credit warning SMS sent to customer 20leona [] []
[2019-06-10 08:00:04] Credit Warning SMS Yellow Zone log.INFO: Sending credit warning SMS to customer 50leona [] []
[2019-06-10 08:00:04] Credit Warning SMS Yellow Zone log.INFO: Credit warning SMS sent to customer 50leona [] []
[2019-06-10 08:00:04] Credit Warning SMS Yellow Zone log.INFO: Sending credit warning SMS to customer 97leona [] []
[2019-06-10 08:00:04] Credit Warning SMS Yellow Zone log.INFO: Credit warning SMS sent to customer 97leona [] []
[2019-06-10 08:00:04] Credit Warning SMS Yellow Zone log.INFO: Sending credit warning SMS to customer 100leona [] []
[2019-06-10 08:00:04] Credit Warning SMS Yellow Zone log.INFO: Credit warning SMS sent to customer 100leona [] []
[2019-06-10 08:00:04] Credit Warning SMS Yellow Zone log.INFO: Sending credit warning SMS to customer 115leona [] []
[2019-06-10 08:00:04] Credit Warning SMS Yellow Zone log.INFO: Credit warning SMS sent to customer 115leona [] []
[2019-06-10 08:00:04] Credit Warning SMS Yellow Zone log.INFO: Sending credit warning SMS to customer 31leona [] []
[2019-06-10 08:00:04] Credit Warning SMS Yellow Zone log.INFO: Credit warning SMS sent to customer 31leona [] []
[2019-06-10 08:00:04] Credit Warning SMS Yellow Zone log.INFO: Sending credit warning SMS to customer 112charlotte [] []
[2019-06-10 08:00:04] Credit Warning SMS Yellow Zone log.INFO: Credit warning SMS sent to customer 112charlotte [] []
[2019-06-10 08:00:04] Credit Warning SMS Yellow Zone log.INFO: Sending credit warning SMS to customer 134charlotte [] []
[2019-06-10 08:00:04] Credit Warning SMS Yellow Zone log.INFO: Credit warning SMS sent to customer 134charlotte [] []
[2019-06-10 08:00:04] Credit Warning SMS Yellow Zone log.INFO: Sending credit warning SMS to customer 40charlotte [] []
[2019-06-10 08:00:04] Credit Warning SMS Yellow Zone log.INFO: Credit warning SMS sent to customer 40charlotte [] []
[2019-06-10 08:00:04] Credit Warning SMS Yellow Zone log.INFO: Sending credit warning SMS to customer 28charlotte [] []
[2019-06-10 08:00:04] Credit Warning SMS Yellow Zone log.INFO: Credit warning SMS sent to customer 28charlotte [] []
[2019-06-10 08:00:04] Credit Warning SMS Yellow Zone log.INFO: Sending credit warning SMS to customer 82charlotte [] []
[2019-06-10 08:00:04] Credit Warning SMS Yellow Zone log.INFO: Credit warning SMS sent to customer 82charlotte [] []
[2019-06-10 08:00:04] Credit Warning SMS Yellow Zone log.INFO: Sending credit warning SMS to customer 72charlotte [] []
[2019-06-10 08:00:04] Credit Warning SMS Yellow Zone log.INFO: Credit warning SMS sent to customer 72charlotte [] []
