[2019-02-24 10:30:01] Credit Warning SMS Yellow Zone log.INFO: Sending credit warning SMS to customer 18Emerald [] []
[2019-02-24 10:30:01] Credit Warning SMS Yellow Zone log.INFO: Credit warning SMS sent to customer 18Emerald [] []
[2019-02-24 10:30:01] Credit Warning SMS Yellow Zone log.INFO: Sending credit warning SMS to customer 5Emerald [] []
[2019-02-24 10:30:01] Credit Warning SMS Yellow Zone log.INFO: Credit warning SMS sent to customer 5Emerald [] []
[2019-02-24 10:30:01] Credit Warning SMS Yellow Zone log.INFO: Sending credit warning SMS to customer 49Emerald [] []
[2019-02-24 10:30:01] Credit Warning SMS Yellow Zone log.INFO: Credit warning SMS sent to customer 49Emerald [] []
[2019-02-24 10:30:02] Credit Warning SMS Yellow Zone log.INFO: Sending credit warning SMS to customer 16neptune [] []
[2019-02-24 10:30:02] Credit Warning SMS Yellow Zone log.INFO: Credit warning SMS sent to customer 16neptune [] []
[2019-02-24 10:30:02] Credit Warning SMS Yellow Zone log.INFO: Sending credit warning SMS to customer 170neptune [] []
[2019-02-24 10:30:02] Credit Warning SMS Yellow Zone log.INFO: Credit warning SMS sent to customer 170neptune [] []
[2019-02-24 10:30:02] Credit Warning SMS Yellow Zone log.INFO: Sending credit warning SMS to customer 168neptune [] []
[2019-02-24 10:30:02] Credit Warning SMS Yellow Zone log.INFO: Credit warning SMS sent to customer 168neptune [] []
[2019-02-24 10:30:02] Credit Warning SMS Yellow Zone log.INFO: Sending credit warning SMS to customer 115Neptune [] []
[2019-02-24 10:30:02] Credit Warning SMS Yellow Zone log.INFO: Credit warning SMS sent to customer 115Neptune [] []
[2019-02-24 10:30:02] Credit Warning SMS Yellow Zone log.INFO: Sending credit warning SMS to customer 151Neptune [] []
[2019-02-24 10:30:02] Credit Warning SMS Yellow Zone log.INFO: Credit warning SMS sent to customer 151Neptune [] []
[2019-02-24 10:30:02] Credit Warning SMS Yellow Zone log.INFO: Sending credit warning SMS to customer 154Neptune [] []
[2019-02-24 10:30:02] Credit Warning SMS Yellow Zone log.INFO: Credit warning SMS sent to customer 154Neptune [] []
[2019-02-24 10:30:02] Credit Warning SMS Yellow Zone log.INFO: Sending credit warning SMS to customer 102Neptune [] []
[2019-02-24 10:30:02] Credit Warning SMS Yellow Zone log.INFO: Credit warning SMS sent to customer 102Neptune [] []
[2019-02-24 10:30:02] Credit Warning SMS Yellow Zone log.INFO: Sending credit warning SMS to customer 159Neptune [] []
[2019-02-24 10:30:02] Credit Warning SMS Yellow Zone log.INFO: Credit warning SMS sent to customer 159Neptune [] []
[2019-02-24 10:30:02] Credit Warning SMS Yellow Zone log.INFO: Sending credit warning SMS to customer 52Neptune [] []
[2019-02-24 10:30:02] Credit Warning SMS Yellow Zone log.INFO: Credit warning SMS sent to customer 52Neptune [] []
[2019-02-24 10:30:02] Credit Warning SMS Yellow Zone log.INFO: Sending credit warning SMS to customer 40neptune [] []
[2019-02-24 10:30:02] Credit Warning SMS Yellow Zone log.INFO: Credit warning SMS sent to customer 40neptune [] []
[2019-02-24 10:30:02] Credit Warning SMS Yellow Zone log.INFO: Sending credit warning SMS to customer 75Neptune [] []
[2019-02-24 10:30:02] Credit Warning SMS Yellow Zone log.INFO: Credit warning SMS sent to customer 75Neptune [] []
[2019-02-24 10:30:02] Credit Warning SMS Yellow Zone log.INFO: Sending credit warning SMS to customer 56Neptune [] []
[2019-02-24 10:30:02] Credit Warning SMS Yellow Zone log.INFO: Credit warning SMS sent to customer 56Neptune [] []
[2019-02-24 10:30:02] Credit Warning SMS Yellow Zone log.INFO: Sending credit warning SMS to customer 85Neptune [] []
[2019-02-24 10:30:02] Credit Warning SMS Yellow Zone log.INFO: Credit warning SMS sent to customer 85Neptune [] []
[2019-02-24 10:30:02] Credit Warning SMS Yellow Zone log.INFO: Sending credit warning SMS to customer 108Neptune [] []
[2019-02-24 10:30:02] Credit Warning SMS Yellow Zone log.INFO: Credit warning SMS sent to customer 108Neptune [] []
[2019-02-24 10:30:02] Credit Warning SMS Yellow Zone log.INFO: Sending credit warning SMS to customer 12Abbott [] []
[2019-02-24 10:30:02] Credit Warning SMS Yellow Zone log.INFO: Credit warning SMS sent to customer 12Abbott [] []
[2019-02-24 10:30:02] Credit Warning SMS Yellow Zone log.INFO: Sending credit warning SMS to customer 15Abbott [] []
[2019-02-24 10:30:02] Credit Warning SMS Yellow Zone log.INFO: Credit warning SMS sent to customer 15Abbott [] []
[2019-02-24 10:30:02] Credit Warning SMS Yellow Zone log.INFO: Sending credit warning SMS to customer 21Abbott [] []
[2019-02-24 10:30:02] Credit Warning SMS Yellow Zone log.INFO: Credit warning SMS sent to customer 21Abbott [] []
[2019-02-24 10:30:02] Credit Warning SMS Yellow Zone log.INFO: Sending credit warning SMS to customer 24Abbott [] []
[2019-02-24 10:30:02] Credit Warning SMS Yellow Zone log.INFO: Credit warning SMS sent to customer 24Abbott [] []
[2019-02-24 10:30:02] Credit Warning SMS Yellow Zone log.INFO: Sending credit warning SMS to customer 74Abbott [] []
[2019-02-24 10:30:02] Credit Warning SMS Yellow Zone log.INFO: Credit warning SMS sent to customer 74Abbott [] []
[2019-02-24 10:30:02] Credit Warning SMS Yellow Zone log.INFO: Sending credit warning SMS to customer 85Abbott [] []
[2019-02-24 10:30:02] Credit Warning SMS Yellow Zone log.INFO: Credit warning SMS sent to customer 85Abbott [] []
[2019-02-24 10:30:02] Credit Warning SMS Yellow Zone log.INFO: Sending credit warning SMS to customer 87Abbott [] []
[2019-02-24 10:30:02] Credit Warning SMS Yellow Zone log.INFO: Credit warning SMS sent to customer 87Abbott [] []
[2019-02-24 10:30:02] Credit Warning SMS Yellow Zone log.INFO: Sending credit warning SMS to customer 89Abbott [] []
[2019-02-24 10:30:02] Credit Warning SMS Yellow Zone log.INFO: Credit warning SMS sent to customer 89Abbott [] []
[2019-02-24 10:30:02] Credit Warning SMS Yellow Zone log.INFO: Sending credit warning SMS to customer 69Abbott [] []
[2019-02-24 10:30:02] Credit Warning SMS Yellow Zone log.INFO: Credit warning SMS sent to customer 69Abbott [] []
[2019-02-24 10:30:02] Credit Warning SMS Yellow Zone log.INFO: Sending credit warning SMS to customer 94Abbott [] []
[2019-02-24 10:30:02] Credit Warning SMS Yellow Zone log.INFO: Credit warning SMS sent to customer 94Abbott [] []
[2019-02-24 10:30:02] Credit Warning SMS Yellow Zone log.INFO: Sending credit warning SMS to customer 124Abbott [] []
[2019-02-24 10:30:02] Credit Warning SMS Yellow Zone log.INFO: Credit warning SMS sent to customer 124Abbott [] []
[2019-02-24 10:30:02] Credit Warning SMS Yellow Zone log.INFO: Sending credit warning SMS to customer 131abbott [] []
[2019-02-24 10:30:02] Credit Warning SMS Yellow Zone log.INFO: Credit warning SMS sent to customer 131abbott [] []
[2019-02-24 10:30:02] Credit Warning SMS Yellow Zone log.INFO: Sending credit warning SMS to customer 171abbott [] []
[2019-02-24 10:30:02] Credit Warning SMS Yellow Zone log.INFO: Credit warning SMS sent to customer 171abbott [] []
[2019-02-24 10:30:02] Credit Warning SMS Yellow Zone log.INFO: Sending credit warning SMS to customer 180abbott [] []
[2019-02-24 10:30:02] Credit Warning SMS Yellow Zone log.INFO: Credit warning SMS sent to customer 180abbott [] []
[2019-02-24 10:30:02] Credit Warning SMS Yellow Zone log.INFO: Sending credit warning SMS to customer 179abbott [] []
[2019-02-24 10:30:03] Credit Warning SMS Yellow Zone log.INFO: Credit warning SMS sent to customer 179abbott [] []
[2019-02-24 10:30:03] Credit Warning SMS Yellow Zone log.INFO: Sending credit warning SMS to customer 175abbott [] []
[2019-02-24 10:30:03] Credit Warning SMS Yellow Zone log.INFO: Credit warning SMS sent to customer 175abbott [] []
[2019-02-24 10:30:03] Credit Warning SMS Yellow Zone log.INFO: Sending credit warning SMS to customer 79eustace [] []
[2019-02-24 10:30:03] Credit Warning SMS Yellow Zone log.INFO: Credit warning SMS sent to customer 79eustace [] []
[2019-02-24 10:30:03] Credit Warning SMS Yellow Zone log.INFO: Sending credit warning SMS to customer 16eustace [] []
[2019-02-24 10:30:03] Credit Warning SMS Yellow Zone log.INFO: Credit warning SMS sent to customer 16eustace [] []
[2019-02-24 10:30:03] Credit Warning SMS Yellow Zone log.INFO: Sending credit warning SMS to customer 29eustace [] []
[2019-02-24 10:30:03] Credit Warning SMS Yellow Zone log.INFO: Credit warning SMS sent to customer 29eustace [] []
[2019-02-24 10:30:03] Credit Warning SMS Yellow Zone log.INFO: Sending credit warning SMS to customer 140leona [] []
[2019-02-24 10:30:03] Credit Warning SMS Yellow Zone log.INFO: Credit warning SMS sent to customer 140leona [] []
[2019-02-24 10:30:03] Credit Warning SMS Yellow Zone log.INFO: Sending credit warning SMS to customer 13leona [] []
[2019-02-24 10:30:03] Credit Warning SMS Yellow Zone log.INFO: Credit warning SMS sent to customer 13leona [] []
[2019-02-24 10:30:03] Credit Warning SMS Yellow Zone log.INFO: Sending credit warning SMS to customer 14leona [] []
[2019-02-24 10:30:03] Credit Warning SMS Yellow Zone log.INFO: Credit warning SMS sent to customer 14leona [] []
[2019-02-24 10:30:03] Credit Warning SMS Yellow Zone log.INFO: Sending credit warning SMS to customer 153leona [] []
[2019-02-24 10:30:03] Credit Warning SMS Yellow Zone log.INFO: Credit warning SMS sent to customer 153leona [] []
[2019-02-24 10:30:03] Credit Warning SMS Yellow Zone log.INFO: Sending credit warning SMS to customer 7leona [] []
[2019-02-24 10:30:03] Credit Warning SMS Yellow Zone log.INFO: Credit warning SMS sent to customer 7leona [] []
[2019-02-24 10:30:03] Credit Warning SMS Yellow Zone log.INFO: Sending credit warning SMS to customer 60leona [] []
[2019-02-24 10:30:03] Credit Warning SMS Yellow Zone log.INFO: Credit warning SMS sent to customer 60leona [] []
[2019-02-24 10:30:03] Credit Warning SMS Yellow Zone log.INFO: Sending credit warning SMS to customer 125leona [] []
[2019-02-24 10:30:03] Credit Warning SMS Yellow Zone log.INFO: Credit warning SMS sent to customer 125leona [] []
[2019-02-24 10:30:03] Credit Warning SMS Yellow Zone log.INFO: Sending credit warning SMS to customer 53leona [] []
[2019-02-24 10:30:03] Credit Warning SMS Yellow Zone log.INFO: Credit warning SMS sent to customer 53leona [] []
[2019-02-24 10:30:03] Credit Warning SMS Yellow Zone log.INFO: Sending credit warning SMS to customer 64leona [] []
[2019-02-24 10:30:03] Credit Warning SMS Yellow Zone log.INFO: Credit warning SMS sent to customer 64leona [] []
[2019-02-24 10:30:03] Credit Warning SMS Yellow Zone log.INFO: Sending credit warning SMS to customer 118leona [] []
[2019-02-24 10:30:03] Credit Warning SMS Yellow Zone log.INFO: Credit warning SMS sent to customer 118leona [] []
[2019-02-24 10:30:03] Credit Warning SMS Yellow Zone log.INFO: Sending credit warning SMS to customer 65leona [] []
[2019-02-24 10:30:03] Credit Warning SMS Yellow Zone log.INFO: Credit warning SMS sent to customer 65leona [] []
[2019-02-24 10:30:03] Credit Warning SMS Yellow Zone log.INFO: Sending credit warning SMS to customer 97leona [] []
[2019-02-24 10:30:03] Credit Warning SMS Yellow Zone log.INFO: Credit warning SMS sent to customer 97leona [] []
[2019-02-24 10:30:03] Credit Warning SMS Yellow Zone log.INFO: Sending credit warning SMS to customer 112leona [] []
[2019-02-24 10:30:03] Credit Warning SMS Yellow Zone log.INFO: Credit warning SMS sent to customer 112leona [] []
[2019-02-24 10:30:03] Credit Warning SMS Yellow Zone log.INFO: Sending credit warning SMS to customer 115leona [] []
[2019-02-24 10:30:03] Credit Warning SMS Yellow Zone log.INFO: Credit warning SMS sent to customer 115leona [] []
[2019-02-24 10:30:03] Credit Warning SMS Yellow Zone log.INFO: Sending credit warning SMS to customer 112charlotte [] []
[2019-02-24 10:30:03] Credit Warning SMS Yellow Zone log.INFO: Credit warning SMS sent to customer 112charlotte [] []
[2019-02-24 10:30:03] Credit Warning SMS Yellow Zone log.INFO: Sending credit warning SMS to customer 122charlotte [] []
[2019-02-24 10:30:03] Credit Warning SMS Yellow Zone log.INFO: Credit warning SMS sent to customer 122charlotte [] []
[2019-02-24 10:30:03] Credit Warning SMS Yellow Zone log.INFO: Sending credit warning SMS to customer 104charlotte [] []
[2019-02-24 10:30:03] Credit Warning SMS Yellow Zone log.INFO: Credit warning SMS sent to customer 104charlotte [] []
[2019-02-24 10:30:03] Credit Warning SMS Yellow Zone log.INFO: Sending credit warning SMS to customer 107charlotte [] []
[2019-02-24 10:30:03] Credit Warning SMS Yellow Zone log.INFO: Credit warning SMS sent to customer 107charlotte [] []
[2019-02-24 10:30:03] Credit Warning SMS Yellow Zone log.INFO: Sending credit warning SMS to customer 15charlotte [] []
[2019-02-24 10:30:03] Credit Warning SMS Yellow Zone log.INFO: Credit warning SMS sent to customer 15charlotte [] []
[2019-02-24 10:30:03] Credit Warning SMS Yellow Zone log.INFO: Sending credit warning SMS to customer 45charlotte [] []
[2019-02-24 10:30:03] Credit Warning SMS Yellow Zone log.INFO: Credit warning SMS sent to customer 45charlotte [] []
[2019-02-24 10:30:03] Credit Warning SMS Yellow Zone log.INFO: Sending credit warning SMS to customer 9charlotte [] []
[2019-02-24 10:30:03] Credit Warning SMS Yellow Zone log.INFO: Credit warning SMS sent to customer 9charlotte [] []
[2019-02-24 10:30:03] Credit Warning SMS Yellow Zone log.INFO: Sending credit warning SMS to customer 18charlotte [] []
[2019-02-24 10:30:03] Credit Warning SMS Yellow Zone log.INFO: Credit warning SMS sent to customer 18charlotte [] []
[2019-02-24 10:30:03] Credit Warning SMS Yellow Zone log.INFO: Sending credit warning SMS to customer 25charlotte [] []
[2019-02-24 10:30:03] Credit Warning SMS Yellow Zone log.INFO: Credit warning SMS sent to customer 25charlotte [] []
[2019-02-24 10:30:03] Credit Warning SMS Yellow Zone log.INFO: Sending credit warning SMS to customer 30charlotte [] []
[2019-02-24 10:30:03] Credit Warning SMS Yellow Zone log.INFO: Credit warning SMS sent to customer 30charlotte [] []
[2019-02-24 10:30:03] Credit Warning SMS Yellow Zone log.INFO: Sending credit warning SMS to customer 13charlotte [] []
[2019-02-24 10:30:03] Credit Warning SMS Yellow Zone log.INFO: Credit warning SMS sent to customer 13charlotte [] []
[2019-02-24 10:30:03] Credit Warning SMS Yellow Zone log.INFO: Sending credit warning SMS to customer 39charlotte [] []
[2019-02-24 10:30:03] Credit Warning SMS Yellow Zone log.INFO: Credit warning SMS sent to customer 39charlotte [] []
[2019-02-24 10:30:03] Credit Warning SMS Yellow Zone log.INFO: Sending credit warning SMS to customer 56charlotte [] []
[2019-02-24 10:30:04] Credit Warning SMS Yellow Zone log.INFO: Credit warning SMS sent to customer 56charlotte [] []
[2019-02-24 10:30:04] Credit Warning SMS Yellow Zone log.INFO: Sending credit warning SMS to customer 82charlotte [] []
[2019-02-24 10:30:04] Credit Warning SMS Yellow Zone log.INFO: Credit warning SMS sent to customer 82charlotte [] []
[2019-02-24 10:30:04] Credit Warning SMS Yellow Zone log.INFO: Sending credit warning SMS to customer 92charlotte [] []
[2019-02-24 10:30:04] Credit Warning SMS Yellow Zone log.INFO: Credit warning SMS sent to customer 92charlotte [] []
