[2019-07-31 08:00:01] Credit Warning SMS Yellow Zone log.INFO: Sending credit warning SMS to customer 8brackenview [] []
[2019-07-31 08:00:01] Credit Warning SMS Yellow Zone log.INFO: Credit warning SMS sent to customer 8brackenview [] []
[2019-07-31 08:00:01] Credit Warning SMS Yellow Zone log.INFO: Sending credit warning SMS to customer 9garryknock [] []
[2019-07-31 08:00:01] Credit Warning SMS Yellow Zone log.INFO: Credit warning SMS sent to customer 9garryknock [] []
[2019-07-31 08:00:01] Credit Warning SMS Yellow Zone log.INFO: Sending credit warning SMS to customer 18garryknock [] []
[2019-07-31 08:00:01] Credit Warning SMS Yellow Zone log.INFO: Credit warning SMS sent to customer 18garryknock [] []
[2019-07-31 08:00:01] Credit Warning SMS Yellow Zone log.INFO: Sending credit warning SMS to customer 5garryknock [] []
[2019-07-31 08:00:01] Credit Warning SMS Yellow Zone log.INFO: Credit warning SMS sent to customer 5garryknock [] []
[2019-07-31 08:00:01] Credit Warning SMS Yellow Zone log.INFO: Sending credit warning SMS to customer 16sundayswell [] []
[2019-07-31 08:00:01] Credit Warning SMS Yellow Zone log.INFO: Credit warning SMS sent to customer 16sundayswell [] []
[2019-07-31 08:00:01] Credit Warning SMS Yellow Zone log.INFO: Sending credit warning SMS to customer 9brackenview [] []
[2019-07-31 08:00:01] Credit Warning SMS Yellow Zone log.INFO: Credit warning SMS sent to customer 9brackenview [] []
[2019-07-31 08:00:01] Credit Warning SMS Yellow Zone log.INFO: Sending credit warning SMS to customer 10Emerald [] []
[2019-07-31 08:00:01] Credit Warning SMS Yellow Zone log.INFO: Credit warning SMS sent to customer 10Emerald [] []
[2019-07-31 08:00:01] Credit Warning SMS Yellow Zone log.INFO: Sending credit warning SMS to customer 45Emerald [] []
[2019-07-31 08:00:02] Credit Warning SMS Yellow Zone log.INFO: Credit warning SMS sent to customer 45Emerald [] []
[2019-07-31 08:00:02] Credit Warning SMS Yellow Zone log.INFO: Sending credit warning SMS to customer 46Emerald [] []
[2019-07-31 08:00:02] Credit Warning SMS Yellow Zone log.INFO: Credit warning SMS sent to customer 46Emerald [] []
[2019-07-31 08:00:02] Credit Warning SMS Yellow Zone log.INFO: Sending credit warning SMS to customer 16neptune [] []
[2019-07-31 08:00:02] Credit Warning SMS Yellow Zone log.INFO: Credit warning SMS sent to customer 16neptune [] []
[2019-07-31 08:00:02] Credit Warning SMS Yellow Zone log.INFO: Sending credit warning SMS to customer 194neptune [] []
[2019-07-31 08:00:02] Credit Warning SMS Yellow Zone log.INFO: Credit warning SMS sent to customer 194neptune [] []
[2019-07-31 08:00:02] Credit Warning SMS Yellow Zone log.INFO: Sending credit warning SMS to customer 128Neptune [] []
[2019-07-31 08:00:02] Credit Warning SMS Yellow Zone log.INFO: Credit warning SMS sent to customer 128Neptune [] []
[2019-07-31 08:00:02] Credit Warning SMS Yellow Zone log.INFO: Sending credit warning SMS to customer 167neptune [] []
[2019-07-31 08:00:02] Credit Warning SMS Yellow Zone log.INFO: Credit warning SMS sent to customer 167neptune [] []
[2019-07-31 08:00:02] Credit Warning SMS Yellow Zone log.INFO: Sending credit warning SMS to customer 135Neptune [] []
[2019-07-31 08:00:02] Credit Warning SMS Yellow Zone log.INFO: Credit warning SMS sent to customer 135Neptune [] []
[2019-07-31 08:00:02] Credit Warning SMS Yellow Zone log.INFO: Sending credit warning SMS to customer 82Neptune [] []
[2019-07-31 08:00:02] Credit Warning SMS Yellow Zone log.INFO: Credit warning SMS sent to customer 82Neptune [] []
[2019-07-31 08:00:02] Credit Warning SMS Yellow Zone log.INFO: Sending credit warning SMS to customer 69Neptune [] []
[2019-07-31 08:00:02] Credit Warning SMS Yellow Zone log.INFO: Credit warning SMS sent to customer 69Neptune [] []
[2019-07-31 08:00:02] Credit Warning SMS Yellow Zone log.INFO: Sending credit warning SMS to customer 48Neptune [] []
[2019-07-31 08:00:02] Credit Warning SMS Yellow Zone log.INFO: Credit warning SMS sent to customer 48Neptune [] []
[2019-07-31 08:00:02] Credit Warning SMS Yellow Zone log.INFO: Sending credit warning SMS to customer 88Neptune [] []
[2019-07-31 08:00:02] Credit Warning SMS Yellow Zone log.INFO: Credit warning SMS sent to customer 88Neptune [] []
[2019-07-31 08:00:02] Credit Warning SMS Yellow Zone log.INFO: Sending credit warning SMS to customer 94Neptune [] []
[2019-07-31 08:00:02] Credit Warning SMS Yellow Zone log.INFO: Credit warning SMS sent to customer 94Neptune [] []
[2019-07-31 08:00:02] Credit Warning SMS Yellow Zone log.INFO: Sending credit warning SMS to customer 140Neptune [] []
[2019-07-31 08:00:02] Credit Warning SMS Yellow Zone log.INFO: Credit warning SMS sent to customer 140Neptune [] []
[2019-07-31 08:00:02] Credit Warning SMS Yellow Zone log.INFO: Sending credit warning SMS to customer 183neptune [] []
[2019-07-31 08:00:02] Credit Warning SMS Yellow Zone log.INFO: Credit warning SMS sent to customer 183neptune [] []
[2019-07-31 08:00:02] Credit Warning SMS Yellow Zone log.INFO: Sending credit warning SMS to customer 104Neptune [] []
[2019-07-31 08:00:02] Credit Warning SMS Yellow Zone log.INFO: Credit warning SMS sent to customer 104Neptune [] []
[2019-07-31 08:00:02] Credit Warning SMS Yellow Zone log.INFO: Sending credit warning SMS to customer 23neptune [] []
[2019-07-31 08:00:02] Credit Warning SMS Yellow Zone log.INFO: Credit warning SMS sent to customer 23neptune [] []
[2019-07-31 08:00:02] Credit Warning SMS Yellow Zone log.INFO: Sending credit warning SMS to customer 8Abbott [] []
[2019-07-31 08:00:02] Credit Warning SMS Yellow Zone log.INFO: Credit warning SMS sent to customer 8Abbott [] []
[2019-07-31 08:00:02] Credit Warning SMS Yellow Zone log.INFO: Sending credit warning SMS to customer 3Abbott [] []
[2019-07-31 08:00:02] Credit Warning SMS Yellow Zone log.INFO: Credit warning SMS sent to customer 3Abbott [] []
[2019-07-31 08:00:02] Credit Warning SMS Yellow Zone log.INFO: Sending credit warning SMS to customer 10Abbott [] []
[2019-07-31 08:00:02] Credit Warning SMS Yellow Zone log.INFO: Credit warning SMS sent to customer 10Abbott [] []
[2019-07-31 08:00:02] Credit Warning SMS Yellow Zone log.INFO: Sending credit warning SMS to customer 24Abbott [] []
[2019-07-31 08:00:02] Credit Warning SMS Yellow Zone log.INFO: Credit warning SMS sent to customer 24Abbott [] []
[2019-07-31 08:00:02] Credit Warning SMS Yellow Zone log.INFO: Sending credit warning SMS to customer 32Abbott [] []
[2019-07-31 08:00:02] Credit Warning SMS Yellow Zone log.INFO: Credit warning SMS sent to customer 32Abbott [] []
[2019-07-31 08:00:02] Credit Warning SMS Yellow Zone log.INFO: Sending credit warning SMS to customer 74Abbott [] []
[2019-07-31 08:00:02] Credit Warning SMS Yellow Zone log.INFO: Credit warning SMS sent to customer 74Abbott [] []
[2019-07-31 08:00:02] Credit Warning SMS Yellow Zone log.INFO: Sending credit warning SMS to customer 59Abbott [] []
[2019-07-31 08:00:02] Credit Warning SMS Yellow Zone log.INFO: Credit warning SMS sent to customer 59Abbott [] []
[2019-07-31 08:00:02] Credit Warning SMS Yellow Zone log.INFO: Sending credit warning SMS to customer 68Abbott [] []
[2019-07-31 08:00:02] Credit Warning SMS Yellow Zone log.INFO: Credit warning SMS sent to customer 68Abbott [] []
[2019-07-31 08:00:02] Credit Warning SMS Yellow Zone log.INFO: Sending credit warning SMS to customer 44Abbott [] []
[2019-07-31 08:00:02] Credit Warning SMS Yellow Zone log.INFO: Credit warning SMS sent to customer 44Abbott [] []
[2019-07-31 08:00:02] Credit Warning SMS Yellow Zone log.INFO: Sending credit warning SMS to customer 71Abbott [] []
[2019-07-31 08:00:02] Credit Warning SMS Yellow Zone log.INFO: Credit warning SMS sent to customer 71Abbott [] []
[2019-07-31 08:00:02] Credit Warning SMS Yellow Zone log.INFO: Sending credit warning SMS to customer 105Abbott [] []
[2019-07-31 08:00:02] Credit Warning SMS Yellow Zone log.INFO: Credit warning SMS sent to customer 105Abbott [] []
[2019-07-31 08:00:02] Credit Warning SMS Yellow Zone log.INFO: Sending credit warning SMS to customer 117Abbott [] []
[2019-07-31 08:00:02] Credit Warning SMS Yellow Zone log.INFO: Credit warning SMS sent to customer 117Abbott [] []
[2019-07-31 08:00:02] Credit Warning SMS Yellow Zone log.INFO: Sending credit warning SMS to customer 119Abbott [] []
[2019-07-31 08:00:02] Credit Warning SMS Yellow Zone log.INFO: Credit warning SMS sent to customer 119Abbott [] []
[2019-07-31 08:00:02] Credit Warning SMS Yellow Zone log.INFO: Sending credit warning SMS to customer 98Abbott [] []
[2019-07-31 08:00:02] Credit Warning SMS Yellow Zone log.INFO: Credit warning SMS sent to customer 98Abbott [] []
[2019-07-31 08:00:02] Credit Warning SMS Yellow Zone log.INFO: Sending credit warning SMS to customer 81Abbott [] []
[2019-07-31 08:00:03] Credit Warning SMS Yellow Zone log.INFO: Credit warning SMS sent to customer 81Abbott [] []
[2019-07-31 08:00:03] Credit Warning SMS Yellow Zone log.INFO: Sending credit warning SMS to customer 141abbott [] []
[2019-07-31 08:00:03] Credit Warning SMS Yellow Zone log.INFO: Credit warning SMS sent to customer 141abbott [] []
[2019-07-31 08:00:03] Credit Warning SMS Yellow Zone log.INFO: Sending credit warning SMS to customer 177abbott [] []
[2019-07-31 08:00:03] Credit Warning SMS Yellow Zone log.INFO: Credit warning SMS sent to customer 177abbott [] []
[2019-07-31 08:00:03] Credit Warning SMS Yellow Zone log.INFO: Sending credit warning SMS to customer 191abbott [] []
[2019-07-31 08:00:03] Credit Warning SMS Yellow Zone log.INFO: Credit warning SMS sent to customer 191abbott [] []
[2019-07-31 08:00:03] Credit Warning SMS Yellow Zone log.INFO: Sending credit warning SMS to customer 134abbott [] []
[2019-07-31 08:00:03] Credit Warning SMS Yellow Zone log.INFO: Credit warning SMS sent to customer 134abbott [] []
[2019-07-31 08:00:03] Credit Warning SMS Yellow Zone log.INFO: Sending credit warning SMS to customer 8GreenBank [] []
[2019-07-31 08:00:03] Credit Warning SMS Yellow Zone log.INFO: Credit warning SMS sent to customer 8GreenBank [] []
[2019-07-31 08:00:03] Credit Warning SMS Yellow Zone log.INFO: Sending credit warning SMS to customer 175abbott [] []
[2019-07-31 08:00:03] Credit Warning SMS Yellow Zone log.INFO: Credit warning SMS sent to customer 175abbott [] []
[2019-07-31 08:00:03] Credit Warning SMS Yellow Zone log.INFO: Sending credit warning SMS to customer 91eustace [] []
[2019-07-31 08:00:03] Credit Warning SMS Yellow Zone log.INFO: Credit warning SMS sent to customer 91eustace [] []
[2019-07-31 08:00:03] Credit Warning SMS Yellow Zone log.INFO: Sending credit warning SMS to customer 74eustace [] []
[2019-07-31 08:00:03] Credit Warning SMS Yellow Zone log.INFO: Credit warning SMS sent to customer 74eustace [] []
[2019-07-31 08:00:03] Credit Warning SMS Yellow Zone log.INFO: Sending credit warning SMS to customer 23leona [] []
[2019-07-31 08:00:03] Credit Warning SMS Yellow Zone log.INFO: Credit warning SMS sent to customer 23leona [] []
[2019-07-31 08:00:03] Credit Warning SMS Yellow Zone log.INFO: Sending credit warning SMS to customer 56leona [] []
[2019-07-31 08:00:03] Credit Warning SMS Yellow Zone log.INFO: Credit warning SMS sent to customer 56leona [] []
[2019-07-31 08:00:03] Credit Warning SMS Yellow Zone log.INFO: Sending credit warning SMS to customer 69leona [] []
[2019-07-31 08:00:03] Credit Warning SMS Yellow Zone log.INFO: Credit warning SMS sent to customer 69leona [] []
[2019-07-31 08:00:03] Credit Warning SMS Yellow Zone log.INFO: Sending credit warning SMS to customer 104leona [] []
[2019-07-31 08:00:03] Credit Warning SMS Yellow Zone log.INFO: Credit warning SMS sent to customer 104leona [] []
[2019-07-31 08:00:03] Credit Warning SMS Yellow Zone log.INFO: Sending credit warning SMS to customer 50leona [] []
[2019-07-31 08:00:03] Credit Warning SMS Yellow Zone log.INFO: Credit warning SMS sent to customer 50leona [] []
[2019-07-31 08:00:03] Credit Warning SMS Yellow Zone log.INFO: Sending credit warning SMS to customer 122charlotte [] []
[2019-07-31 08:00:03] Credit Warning SMS Yellow Zone log.INFO: Credit warning SMS sent to customer 122charlotte [] []
[2019-07-31 08:00:03] Credit Warning SMS Yellow Zone log.INFO: Sending credit warning SMS to customer 142charlotte [] []
[2019-07-31 08:00:03] Credit Warning SMS Yellow Zone log.INFO: Credit warning SMS sent to customer 142charlotte [] []
[2019-07-31 08:00:03] Credit Warning SMS Yellow Zone log.INFO: Sending credit warning SMS to customer 154charlotte [] []
[2019-07-31 08:00:03] Credit Warning SMS Yellow Zone log.INFO: Credit warning SMS sent to customer 154charlotte [] []
[2019-07-31 08:00:03] Credit Warning SMS Yellow Zone log.INFO: Sending credit warning SMS to customer 117charlotte [] []
[2019-07-31 08:00:03] Credit Warning SMS Yellow Zone log.INFO: Credit warning SMS sent to customer 117charlotte [] []
[2019-07-31 08:00:03] Credit Warning SMS Yellow Zone log.INFO: Sending credit warning SMS to customer 144charlotte [] []
[2019-07-31 08:00:03] Credit Warning SMS Yellow Zone log.INFO: Credit warning SMS sent to customer 144charlotte [] []
[2019-07-31 08:00:03] Credit Warning SMS Yellow Zone log.INFO: Sending credit warning SMS to customer 12charlotte [] []
[2019-07-31 08:00:03] Credit Warning SMS Yellow Zone log.INFO: Credit warning SMS sent to customer 12charlotte [] []
[2019-07-31 08:00:03] Credit Warning SMS Yellow Zone log.INFO: Sending credit warning SMS to customer 14charlotte [] []
[2019-07-31 08:00:03] Credit Warning SMS Yellow Zone log.INFO: Credit warning SMS sent to customer 14charlotte [] []
[2019-07-31 08:00:03] Credit Warning SMS Yellow Zone log.INFO: Sending credit warning SMS to customer 42charlotte [] []
[2019-07-31 08:00:03] Credit Warning SMS Yellow Zone log.INFO: Credit warning SMS sent to customer 42charlotte [] []
[2019-07-31 08:00:03] Credit Warning SMS Yellow Zone log.INFO: Sending credit warning SMS to customer 48charlotte [] []
[2019-07-31 08:00:03] Credit Warning SMS Yellow Zone log.INFO: Credit warning SMS sent to customer 48charlotte [] []
[2019-07-31 08:00:03] Credit Warning SMS Yellow Zone log.INFO: Sending credit warning SMS to customer 13charlotte [] []
[2019-07-31 08:00:03] Credit Warning SMS Yellow Zone log.INFO: Credit warning SMS sent to customer 13charlotte [] []
[2019-07-31 08:00:03] Credit Warning SMS Yellow Zone log.INFO: Sending credit warning SMS to customer 95charlotte [] []
[2019-07-31 08:00:03] Credit Warning SMS Yellow Zone log.INFO: Credit warning SMS sent to customer 95charlotte [] []
[2019-07-31 08:00:03] Credit Warning SMS Yellow Zone log.INFO: Sending credit warning SMS to customer 88charlotte [] []
[2019-07-31 08:00:03] Credit Warning SMS Yellow Zone log.INFO: Credit warning SMS sent to customer 88charlotte [] []
[2019-07-31 08:00:03] Credit Warning SMS Yellow Zone log.INFO: Sending credit warning SMS to customer 85charlotte [] []
[2019-07-31 08:00:03] Credit Warning SMS Yellow Zone log.INFO: Credit warning SMS sent to customer 85charlotte [] []
[2019-07-31 08:00:03] Credit Warning SMS Yellow Zone log.INFO: Sending credit warning SMS to customer 97charlotte [] []
[2019-07-31 08:00:03] Credit Warning SMS Yellow Zone log.INFO: Credit warning SMS sent to customer 97charlotte [] []
[2019-07-31 08:00:03] Credit Warning SMS Yellow Zone log.INFO: Sent Credit warning SMS to 65 customers! [] []
