[2019-04-06 10:30:01] Credit Warning SMS Yellow Zone log.INFO: Sending credit warning SMS to customer 15sundayswell [] []
[2019-04-06 10:30:02] Credit Warning SMS Yellow Zone log.INFO: Credit warning SMS sent to customer 15sundayswell [] []
[2019-04-06 10:30:02] Credit Warning SMS Yellow Zone log.INFO: Sending credit warning SMS to customer 2garryknock [] []
[2019-04-06 10:30:02] Credit Warning SMS Yellow Zone log.INFO: Credit warning SMS sent to customer 2garryknock [] []
[2019-04-06 10:30:02] Credit Warning SMS Yellow Zone log.INFO: Sending credit warning SMS to customer 26garryknock [] []
[2019-04-06 10:30:02] Credit Warning SMS Yellow Zone log.INFO: Credit warning SMS sent to customer 26garryknock [] []
[2019-04-06 10:30:02] Credit Warning SMS Yellow Zone log.INFO: Sending credit warning SMS to customer 7Emerald [] []
[2019-04-06 10:30:02] Credit Warning SMS Yellow Zone log.INFO: Credit warning SMS sent to customer 7Emerald [] []
[2019-04-06 10:30:02] Credit Warning SMS Yellow Zone log.INFO: Sending credit warning SMS to customer 194neptune [] []
[2019-04-06 10:30:02] Credit Warning SMS Yellow Zone log.INFO: Credit warning SMS sent to customer 194neptune [] []
[2019-04-06 10:30:02] Credit Warning SMS Yellow Zone log.INFO: Sending credit warning SMS to customer 128Neptune [] []
[2019-04-06 10:30:02] Credit Warning SMS Yellow Zone log.INFO: Credit warning SMS sent to customer 128Neptune [] []
[2019-04-06 10:30:02] Credit Warning SMS Yellow Zone log.INFO: Sending credit warning SMS to customer 148Neptune [] []
[2019-04-06 10:30:02] Credit Warning SMS Yellow Zone log.INFO: Credit warning SMS sent to customer 148Neptune [] []
[2019-04-06 10:30:02] Credit Warning SMS Yellow Zone log.INFO: Sending credit warning SMS to customer 136Neptune [] []
[2019-04-06 10:30:02] Credit Warning SMS Yellow Zone log.INFO: Credit warning SMS sent to customer 136Neptune [] []
[2019-04-06 10:30:02] Credit Warning SMS Yellow Zone log.INFO: Sending credit warning SMS to customer 143Neptune [] []
[2019-04-06 10:30:02] Credit Warning SMS Yellow Zone log.INFO: Credit warning SMS sent to customer 143Neptune [] []
[2019-04-06 10:30:02] Credit Warning SMS Yellow Zone log.INFO: Sending credit warning SMS to customer 184neptune [] []
[2019-04-06 10:30:02] Credit Warning SMS Yellow Zone log.INFO: Credit warning SMS sent to customer 184neptune [] []
[2019-04-06 10:30:02] Credit Warning SMS Yellow Zone log.INFO: Sending credit warning SMS to customer 159Neptune [] []
[2019-04-06 10:30:02] Credit Warning SMS Yellow Zone log.INFO: Credit warning SMS sent to customer 159Neptune [] []
[2019-04-06 10:30:02] Credit Warning SMS Yellow Zone log.INFO: Sending credit warning SMS to customer 153Neptune [] []
[2019-04-06 10:30:02] Credit Warning SMS Yellow Zone log.INFO: Credit warning SMS sent to customer 153Neptune [] []
[2019-04-06 10:30:02] Credit Warning SMS Yellow Zone log.INFO: Sending credit warning SMS to customer 88Neptune [] []
[2019-04-06 10:30:02] Credit Warning SMS Yellow Zone log.INFO: Credit warning SMS sent to customer 88Neptune [] []
[2019-04-06 10:30:02] Credit Warning SMS Yellow Zone log.INFO: Sending credit warning SMS to customer 47Neptune [] []
[2019-04-06 10:30:02] Credit Warning SMS Yellow Zone log.INFO: Credit warning SMS sent to customer 47Neptune [] []
[2019-04-06 10:30:02] Credit Warning SMS Yellow Zone log.INFO: Sending credit warning SMS to customer 30neptune [] []
[2019-04-06 10:30:02] Credit Warning SMS Yellow Zone log.INFO: Credit warning SMS sent to customer 30neptune [] []
[2019-04-06 10:30:02] Credit Warning SMS Yellow Zone log.INFO: Sending credit warning SMS to customer 39neptune [] []
[2019-04-06 10:30:02] Credit Warning SMS Yellow Zone log.INFO: Credit warning SMS sent to customer 39neptune [] []
[2019-04-06 10:30:02] Credit Warning SMS Yellow Zone log.INFO: Sending credit warning SMS to customer 24Abbott [] []
[2019-04-06 10:30:02] Credit Warning SMS Yellow Zone log.INFO: Credit warning SMS sent to customer 24Abbott [] []
[2019-04-06 10:30:02] Credit Warning SMS Yellow Zone log.INFO: Sending credit warning SMS to customer 45Abbott [] []
[2019-04-06 10:30:02] Credit Warning SMS Yellow Zone log.INFO: Credit warning SMS sent to customer 45Abbott [] []
[2019-04-06 10:30:02] Credit Warning SMS Yellow Zone log.INFO: Sending credit warning SMS to customer 13Abbott [] []
[2019-04-06 10:30:02] Credit Warning SMS Yellow Zone log.INFO: Credit warning SMS sent to customer 13Abbott [] []
[2019-04-06 10:30:02] Credit Warning SMS Yellow Zone log.INFO: Sending credit warning SMS to customer 29abbott [] []
[2019-04-06 10:30:02] Credit Warning SMS Yellow Zone log.INFO: Credit warning SMS sent to customer 29abbott [] []
[2019-04-06 10:30:02] Credit Warning SMS Yellow Zone log.INFO: Sending credit warning SMS to customer 6Abbott [] []
[2019-04-06 10:30:02] Credit Warning SMS Yellow Zone log.INFO: Credit warning SMS sent to customer 6Abbott [] []
[2019-04-06 10:30:02] Credit Warning SMS Yellow Zone log.INFO: Sending credit warning SMS to customer 59Abbott [] []
[2019-04-06 10:30:02] Credit Warning SMS Yellow Zone log.INFO: Credit warning SMS sent to customer 59Abbott [] []
[2019-04-06 10:30:02] Credit Warning SMS Yellow Zone log.INFO: Sending credit warning SMS to customer 90Abbott [] []
[2019-04-06 10:30:02] Credit Warning SMS Yellow Zone log.INFO: Credit warning SMS sent to customer 90Abbott [] []
[2019-04-06 10:30:02] Credit Warning SMS Yellow Zone log.INFO: Sending credit warning SMS to customer 84Abbott [] []
[2019-04-06 10:30:02] Credit Warning SMS Yellow Zone log.INFO: Credit warning SMS sent to customer 84Abbott [] []
[2019-04-06 10:30:02] Credit Warning SMS Yellow Zone log.INFO: Sending credit warning SMS to customer 105Abbott [] []
[2019-04-06 10:30:02] Credit Warning SMS Yellow Zone log.INFO: Credit warning SMS sent to customer 105Abbott [] []
[2019-04-06 10:30:02] Credit Warning SMS Yellow Zone log.INFO: Sending credit warning SMS to customer 109Abbott [] []
[2019-04-06 10:30:03] Credit Warning SMS Yellow Zone log.INFO: Credit warning SMS sent to customer 109Abbott [] []
[2019-04-06 10:30:03] Credit Warning SMS Yellow Zone log.INFO: Sending credit warning SMS to customer 111Abbott [] []
[2019-04-06 10:30:03] Credit Warning SMS Yellow Zone log.INFO: Credit warning SMS sent to customer 111Abbott [] []
[2019-04-06 10:30:03] Credit Warning SMS Yellow Zone log.INFO: Sending credit warning SMS to customer 117Abbott [] []
[2019-04-06 10:30:03] Credit Warning SMS Yellow Zone log.INFO: Credit warning SMS sent to customer 117Abbott [] []
[2019-04-06 10:30:03] Credit Warning SMS Yellow Zone log.INFO: Sending credit warning SMS to customer 119Abbott [] []
[2019-04-06 10:30:03] Credit Warning SMS Yellow Zone log.INFO: Credit warning SMS sent to customer 119Abbott [] []
[2019-04-06 10:30:03] Credit Warning SMS Yellow Zone log.INFO: Sending credit warning SMS to customer 118Abbott [] []
[2019-04-06 10:30:03] Credit Warning SMS Yellow Zone log.INFO: Credit warning SMS sent to customer 118Abbott [] []
[2019-04-06 10:30:03] Credit Warning SMS Yellow Zone log.INFO: Sending credit warning SMS to customer 99Abbott [] []
[2019-04-06 10:30:03] Credit Warning SMS Yellow Zone log.INFO: Credit warning SMS sent to customer 99Abbott [] []
[2019-04-06 10:30:03] Credit Warning SMS Yellow Zone log.INFO: Sending credit warning SMS to customer 146abbott [] []
[2019-04-06 10:30:03] Credit Warning SMS Yellow Zone log.INFO: Credit warning SMS sent to customer 146abbott [] []
[2019-04-06 10:30:03] Credit Warning SMS Yellow Zone log.INFO: Sending credit warning SMS to customer 150abbott [] []
[2019-04-06 10:30:03] Credit Warning SMS Yellow Zone log.INFO: Credit warning SMS sent to customer 150abbott [] []
[2019-04-06 10:30:03] Credit Warning SMS Yellow Zone log.INFO: Sending credit warning SMS to customer 184abbott [] []
[2019-04-06 10:30:03] Credit Warning SMS Yellow Zone log.INFO: Credit warning SMS sent to customer 184abbott [] []
[2019-04-06 10:30:03] Credit Warning SMS Yellow Zone log.INFO: Sending credit warning SMS to customer 35GreenBank [] []
[2019-04-06 10:30:03] Credit Warning SMS Yellow Zone log.INFO: Credit warning SMS sent to customer 35GreenBank [] []
[2019-04-06 10:30:03] Credit Warning SMS Yellow Zone log.INFO: Sending credit warning SMS to customer 130abbott [] []
[2019-04-06 10:30:03] Credit Warning SMS Yellow Zone log.INFO: Credit warning SMS sent to customer 130abbott [] []
[2019-04-06 10:30:03] Credit Warning SMS Yellow Zone log.INFO: Sending credit warning SMS to customer 21GreenBank [] []
[2019-04-06 10:30:03] Credit Warning SMS Yellow Zone log.INFO: Credit warning SMS sent to customer 21GreenBank [] []
[2019-04-06 10:30:03] Credit Warning SMS Yellow Zone log.INFO: Sending credit warning SMS to customer 36eustace [] []
[2019-04-06 10:30:03] Credit Warning SMS Yellow Zone log.INFO: Credit warning SMS sent to customer 36eustace [] []
[2019-04-06 10:30:03] Credit Warning SMS Yellow Zone log.INFO: Sending credit warning SMS to customer 9eustace [] []
[2019-04-06 10:30:03] Credit Warning SMS Yellow Zone log.INFO: Credit warning SMS sent to customer 9eustace [] []
[2019-04-06 10:30:03] Credit Warning SMS Yellow Zone log.INFO: Sending credit warning SMS to customer 29leona [] []
[2019-04-06 10:30:03] Credit Warning SMS Yellow Zone log.INFO: Credit warning SMS sent to customer 29leona [] []
[2019-04-06 10:30:03] Credit Warning SMS Yellow Zone log.INFO: Sending credit warning SMS to customer 147leona [] []
[2019-04-06 10:30:03] Credit Warning SMS Yellow Zone log.INFO: Credit warning SMS sent to customer 147leona [] []
[2019-04-06 10:30:03] Credit Warning SMS Yellow Zone log.INFO: Sending credit warning SMS to customer 25leona [] []
[2019-04-06 10:30:03] Credit Warning SMS Yellow Zone log.INFO: Credit warning SMS sent to customer 25leona [] []
[2019-04-06 10:30:03] Credit Warning SMS Yellow Zone log.INFO: Sending credit warning SMS to customer 13leona [] []
[2019-04-06 10:30:03] Credit Warning SMS Yellow Zone log.INFO: Credit warning SMS sent to customer 13leona [] []
[2019-04-06 10:30:03] Credit Warning SMS Yellow Zone log.INFO: Sending credit warning SMS to customer 9leona [] []
[2019-04-06 10:30:03] Credit Warning SMS Yellow Zone log.INFO: Credit warning SMS sent to customer 9leona [] []
[2019-04-06 10:30:03] Credit Warning SMS Yellow Zone log.INFO: Sending credit warning SMS to customer 26leona [] []
[2019-04-06 10:30:03] Credit Warning SMS Yellow Zone log.INFO: Credit warning SMS sent to customer 26leona [] []
[2019-04-06 10:30:03] Credit Warning SMS Yellow Zone log.INFO: Sending credit warning SMS to customer 45leona [] []
[2019-04-06 10:30:03] Credit Warning SMS Yellow Zone log.INFO: Credit warning SMS sent to customer 45leona [] []
[2019-04-06 10:30:03] Credit Warning SMS Yellow Zone log.INFO: Sending credit warning SMS to customer 102leona [] []
[2019-04-06 10:30:03] Credit Warning SMS Yellow Zone log.INFO: Credit warning SMS sent to customer 102leona [] []
[2019-04-06 10:30:03] Credit Warning SMS Yellow Zone log.INFO: Sending credit warning SMS to customer 82leona [] []
[2019-04-06 10:30:03] Credit Warning SMS Yellow Zone log.INFO: Credit warning SMS sent to customer 82leona [] []
[2019-04-06 10:30:03] Credit Warning SMS Yellow Zone log.INFO: Sending credit warning SMS to customer 118charlotte [] []
[2019-04-06 10:30:03] Credit Warning SMS Yellow Zone log.INFO: Credit warning SMS sent to customer 118charlotte [] []
[2019-04-06 10:30:03] Credit Warning SMS Yellow Zone log.INFO: Sending credit warning SMS to customer 122charlotte [] []
[2019-04-06 10:30:03] Credit Warning SMS Yellow Zone log.INFO: Credit warning SMS sent to customer 122charlotte [] []
[2019-04-06 10:30:03] Credit Warning SMS Yellow Zone log.INFO: Sending credit warning SMS to customer 127charlotte [] []
[2019-04-06 10:30:03] Credit Warning SMS Yellow Zone log.INFO: Credit warning SMS sent to customer 127charlotte [] []
[2019-04-06 10:30:03] Credit Warning SMS Yellow Zone log.INFO: Sending credit warning SMS to customer 149charlotte [] []
[2019-04-06 10:30:03] Credit Warning SMS Yellow Zone log.INFO: Credit warning SMS sent to customer 149charlotte [] []
[2019-04-06 10:30:03] Credit Warning SMS Yellow Zone log.INFO: Sending credit warning SMS to customer 153charlotte [] []
[2019-04-06 10:30:03] Credit Warning SMS Yellow Zone log.INFO: Credit warning SMS sent to customer 153charlotte [] []
[2019-04-06 10:30:03] Credit Warning SMS Yellow Zone log.INFO: Sending credit warning SMS to customer 159charlotte [] []
[2019-04-06 10:30:03] Credit Warning SMS Yellow Zone log.INFO: Credit warning SMS sent to customer 159charlotte [] []
[2019-04-06 10:30:03] Credit Warning SMS Yellow Zone log.INFO: Sending credit warning SMS to customer 134charlotte [] []
[2019-04-06 10:30:03] Credit Warning SMS Yellow Zone log.INFO: Credit warning SMS sent to customer 134charlotte [] []
[2019-04-06 10:30:03] Credit Warning SMS Yellow Zone log.INFO: Sending credit warning SMS to customer 144charlotte [] []
[2019-04-06 10:30:04] Credit Warning SMS Yellow Zone log.INFO: Credit warning SMS sent to customer 144charlotte [] []
[2019-04-06 10:30:04] Credit Warning SMS Yellow Zone log.INFO: Sending credit warning SMS to customer 10charlotte [] []
[2019-04-06 10:30:04] Credit Warning SMS Yellow Zone log.INFO: Credit warning SMS sent to customer 10charlotte [] []
[2019-04-06 10:30:04] Credit Warning SMS Yellow Zone log.INFO: Sending credit warning SMS to customer 28charlotte [] []
[2019-04-06 10:30:04] Credit Warning SMS Yellow Zone log.INFO: Credit warning SMS sent to customer 28charlotte [] []
[2019-04-06 10:30:04] Credit Warning SMS Yellow Zone log.INFO: Sending credit warning SMS to customer 52charlotte [] []
[2019-04-06 10:30:04] Credit Warning SMS Yellow Zone log.INFO: Credit warning SMS sent to customer 52charlotte [] []
[2019-04-06 10:30:04] Credit Warning SMS Yellow Zone log.INFO: Sending credit warning SMS to customer 55charlotte [] []
[2019-04-06 10:30:04] Credit Warning SMS Yellow Zone log.INFO: Credit warning SMS sent to customer 55charlotte [] []
[2019-04-06 10:30:04] Credit Warning SMS Yellow Zone log.INFO: Sending credit warning SMS to customer 39charlotte [] []
[2019-04-06 10:30:04] Credit Warning SMS Yellow Zone log.INFO: Credit warning SMS sent to customer 39charlotte [] []
[2019-04-06 10:30:04] Credit Warning SMS Yellow Zone log.INFO: Sending credit warning SMS to customer 54charlotte [] []
[2019-04-06 10:30:04] Credit Warning SMS Yellow Zone log.INFO: Credit warning SMS sent to customer 54charlotte [] []
[2019-04-06 10:30:04] Credit Warning SMS Yellow Zone log.INFO: Sending credit warning SMS to customer 85charlotte [] []
[2019-04-06 10:30:04] Credit Warning SMS Yellow Zone log.INFO: Credit warning SMS sent to customer 85charlotte [] []
