[2019-04-18 08:00:01] Credit Warning SMS Yellow Zone log.INFO: Sending credit warning SMS to customer 13brackenview [] []
[2019-04-18 08:00:02] Credit Warning SMS Yellow Zone log.INFO: Credit warning SMS sent to customer 13brackenview [] []
[2019-04-18 08:00:02] Credit Warning SMS Yellow Zone log.INFO: Sending credit warning SMS to customer 8brackenview [] []
[2019-04-18 08:00:02] Credit Warning SMS Yellow Zone log.INFO: Credit warning SMS sent to customer 8brackenview [] []
[2019-04-18 08:00:02] Credit Warning SMS Yellow Zone log.INFO: Sending credit warning SMS to customer 12sundayswell [] []
[2019-04-18 08:00:02] Credit Warning SMS Yellow Zone log.INFO: Credit warning SMS sent to customer 12sundayswell [] []
[2019-04-18 08:00:02] Credit Warning SMS Yellow Zone log.INFO: Sending credit warning SMS to customer 9garryknock [] []
[2019-04-18 08:00:02] Credit Warning SMS Yellow Zone log.INFO: Credit warning SMS sent to customer 9garryknock [] []
[2019-04-18 08:00:02] Credit Warning SMS Yellow Zone log.INFO: Sending credit warning SMS to customer 2garryknock [] []
[2019-04-18 08:00:02] Credit Warning SMS Yellow Zone log.INFO: Credit warning SMS sent to customer 2garryknock [] []
[2019-04-18 08:00:02] Credit Warning SMS Yellow Zone log.INFO: Sending credit warning SMS to customer 7garryknock [] []
[2019-04-18 08:00:02] Credit Warning SMS Yellow Zone log.INFO: Credit warning SMS sent to customer 7garryknock [] []
[2019-04-18 08:00:02] Credit Warning SMS Yellow Zone log.INFO: Sending credit warning SMS to customer 27garryknock [] []
[2019-04-18 08:00:02] Credit Warning SMS Yellow Zone log.INFO: Credit warning SMS sent to customer 27garryknock [] []
[2019-04-18 08:00:02] Credit Warning SMS Yellow Zone log.INFO: Sending credit warning SMS to customer 13sundayswell [] []
[2019-04-18 08:00:02] Credit Warning SMS Yellow Zone log.INFO: Credit warning SMS sent to customer 13sundayswell [] []
[2019-04-18 08:00:02] Credit Warning SMS Yellow Zone log.INFO: Sending credit warning SMS to customer 2brackenview [] []
[2019-04-18 08:00:02] Credit Warning SMS Yellow Zone log.INFO: Credit warning SMS sent to customer 2brackenview [] []
[2019-04-18 08:00:02] Credit Warning SMS Yellow Zone log.INFO: Sending credit warning SMS to customer 6Emerald [] []
[2019-04-18 08:00:02] Credit Warning SMS Yellow Zone log.INFO: Credit warning SMS sent to customer 6Emerald [] []
[2019-04-18 08:00:02] Credit Warning SMS Yellow Zone log.INFO: Sending credit warning SMS to customer 1Emerald [] []
[2019-04-18 08:00:02] Credit Warning SMS Yellow Zone log.INFO: Credit warning SMS sent to customer 1Emerald [] []
[2019-04-18 08:00:02] Credit Warning SMS Yellow Zone log.INFO: Sending credit warning SMS to customer 22Emerald [] []
[2019-04-18 08:00:02] Credit Warning SMS Yellow Zone log.INFO: Credit warning SMS sent to customer 22Emerald [] []
[2019-04-18 08:00:02] Credit Warning SMS Yellow Zone log.INFO: Sending credit warning SMS to customer 19Emerald [] []
[2019-04-18 08:00:02] Credit Warning SMS Yellow Zone log.INFO: Credit warning SMS sent to customer 19Emerald [] []
[2019-04-18 08:00:02] Credit Warning SMS Yellow Zone log.INFO: Sending credit warning SMS to customer 51Emerald [] []
[2019-04-18 08:00:02] Credit Warning SMS Yellow Zone log.INFO: Credit warning SMS sent to customer 51Emerald [] []
[2019-04-18 08:00:02] Credit Warning SMS Yellow Zone log.INFO: Sending credit warning SMS to customer 26neptune [] []
[2019-04-18 08:00:02] Credit Warning SMS Yellow Zone log.INFO: Credit warning SMS sent to customer 26neptune [] []
[2019-04-18 08:00:02] Credit Warning SMS Yellow Zone log.INFO: Sending credit warning SMS to customer 132Neptune [] []
[2019-04-18 08:00:03] Credit Warning SMS Yellow Zone log.INFO: Credit warning SMS sent to customer 132Neptune [] []
[2019-04-18 08:00:03] Credit Warning SMS Yellow Zone log.INFO: Sending credit warning SMS to customer 48Neptune [] []
[2019-04-18 08:00:03] Credit Warning SMS Yellow Zone log.INFO: Credit warning SMS sent to customer 48Neptune [] []
[2019-04-18 08:00:03] Credit Warning SMS Yellow Zone log.INFO: Sending credit warning SMS to customer 153Neptune [] []
[2019-04-18 08:00:03] Credit Warning SMS Yellow Zone log.INFO: Credit warning SMS sent to customer 153Neptune [] []
[2019-04-18 08:00:03] Credit Warning SMS Yellow Zone log.INFO: Sending credit warning SMS to customer 90Neptune [] []
[2019-04-18 08:00:03] Credit Warning SMS Yellow Zone log.INFO: Credit warning SMS sent to customer 90Neptune [] []
[2019-04-18 08:00:03] Credit Warning SMS Yellow Zone log.INFO: Sending credit warning SMS to customer 40neptune [] []
[2019-04-18 08:00:03] Credit Warning SMS Yellow Zone log.INFO: Credit warning SMS sent to customer 40neptune [] []
[2019-04-18 08:00:03] Credit Warning SMS Yellow Zone log.INFO: Sending credit warning SMS to customer 42neptune [] []
[2019-04-18 08:00:03] Credit Warning SMS Yellow Zone log.INFO: Credit warning SMS sent to customer 42neptune [] []
[2019-04-18 08:00:03] Credit Warning SMS Yellow Zone log.INFO: Sending credit warning SMS to customer 56Neptune [] []
[2019-04-18 08:00:03] Credit Warning SMS Yellow Zone log.INFO: Credit warning SMS sent to customer 56Neptune [] []
[2019-04-18 08:00:03] Credit Warning SMS Yellow Zone log.INFO: Sending credit warning SMS to customer 111Neptune [] []
[2019-04-18 08:00:03] Credit Warning SMS Yellow Zone log.INFO: Credit warning SMS sent to customer 111Neptune [] []
[2019-04-18 08:00:03] Credit Warning SMS Yellow Zone log.INFO: Sending credit warning SMS to customer 18neptune [] []
[2019-04-18 08:00:03] Credit Warning SMS Yellow Zone log.INFO: Credit warning SMS sent to customer 18neptune [] []
[2019-04-18 08:00:03] Credit Warning SMS Yellow Zone log.INFO: Sending credit warning SMS to customer 78Neptune [] []
[2019-04-18 08:00:03] Credit Warning SMS Yellow Zone log.INFO: Credit warning SMS sent to customer 78Neptune [] []
[2019-04-18 08:00:03] Credit Warning SMS Yellow Zone log.INFO: Sending credit warning SMS to customer 47Neptune [] []
[2019-04-18 08:00:03] Credit Warning SMS Yellow Zone log.INFO: Credit warning SMS sent to customer 47Neptune [] []
[2019-04-18 08:00:03] Credit Warning SMS Yellow Zone log.INFO: Sending credit warning SMS to customer 21neptune [] []
[2019-04-18 08:00:03] Credit Warning SMS Yellow Zone log.INFO: Credit warning SMS sent to customer 21neptune [] []
[2019-04-18 08:00:03] Credit Warning SMS Yellow Zone log.INFO: Sending credit warning SMS to customer 64Neptune [] []
[2019-04-18 08:00:03] Credit Warning SMS Yellow Zone log.INFO: Credit warning SMS sent to customer 64Neptune [] []
[2019-04-18 08:00:03] Credit Warning SMS Yellow Zone log.INFO: Sending credit warning SMS to customer 1Abbott [] []
[2019-04-18 08:00:03] Credit Warning SMS Yellow Zone log.INFO: Credit warning SMS sent to customer 1Abbott [] []
[2019-04-18 08:00:03] Credit Warning SMS Yellow Zone log.INFO: Sending credit warning SMS to customer 15Abbott [] []
[2019-04-18 08:00:03] Credit Warning SMS Yellow Zone log.INFO: Credit warning SMS sent to customer 15Abbott [] []
[2019-04-18 08:00:03] Credit Warning SMS Yellow Zone log.INFO: Sending credit warning SMS to customer 24Abbott [] []
[2019-04-18 08:00:03] Credit Warning SMS Yellow Zone log.INFO: Credit warning SMS sent to customer 24Abbott [] []
[2019-04-18 08:00:03] Credit Warning SMS Yellow Zone log.INFO: Sending credit warning SMS to customer 37Abbott [] []
[2019-04-18 08:00:03] Credit Warning SMS Yellow Zone log.INFO: Credit warning SMS sent to customer 37Abbott [] []
[2019-04-18 08:00:03] Credit Warning SMS Yellow Zone log.INFO: Sending credit warning SMS to customer 46Abbott [] []
[2019-04-18 08:00:03] Credit Warning SMS Yellow Zone log.INFO: Credit warning SMS sent to customer 46Abbott [] []
[2019-04-18 08:00:03] Credit Warning SMS Yellow Zone log.INFO: Sending credit warning SMS to customer 75Abbott [] []
[2019-04-18 08:00:03] Credit Warning SMS Yellow Zone log.INFO: Credit warning SMS sent to customer 75Abbott [] []
[2019-04-18 08:00:03] Credit Warning SMS Yellow Zone log.INFO: Sending credit warning SMS to customer 80Abbott [] []
[2019-04-18 08:00:03] Credit Warning SMS Yellow Zone log.INFO: Credit warning SMS sent to customer 80Abbott [] []
[2019-04-18 08:00:03] Credit Warning SMS Yellow Zone log.INFO: Sending credit warning SMS to customer 68Abbott [] []
[2019-04-18 08:00:03] Credit Warning SMS Yellow Zone log.INFO: Credit warning SMS sent to customer 68Abbott [] []
[2019-04-18 08:00:03] Credit Warning SMS Yellow Zone log.INFO: Sending credit warning SMS to customer 85Abbott [] []
[2019-04-18 08:00:03] Credit Warning SMS Yellow Zone log.INFO: Credit warning SMS sent to customer 85Abbott [] []
[2019-04-18 08:00:03] Credit Warning SMS Yellow Zone log.INFO: Sending credit warning SMS to customer 105Abbott [] []
[2019-04-18 08:00:03] Credit Warning SMS Yellow Zone log.INFO: Credit warning SMS sent to customer 105Abbott [] []
[2019-04-18 08:00:03] Credit Warning SMS Yellow Zone log.INFO: Sending credit warning SMS to customer 109Abbott [] []
[2019-04-18 08:00:03] Credit Warning SMS Yellow Zone log.INFO: Credit warning SMS sent to customer 109Abbott [] []
[2019-04-18 08:00:03] Credit Warning SMS Yellow Zone log.INFO: Sending credit warning SMS to customer 111Abbott [] []
[2019-04-18 08:00:03] Credit Warning SMS Yellow Zone log.INFO: Credit warning SMS sent to customer 111Abbott [] []
[2019-04-18 08:00:03] Credit Warning SMS Yellow Zone log.INFO: Sending credit warning SMS to customer 120Abbott [] []
[2019-04-18 08:00:03] Credit Warning SMS Yellow Zone log.INFO: Credit warning SMS sent to customer 120Abbott [] []
[2019-04-18 08:00:03] Credit Warning SMS Yellow Zone log.INFO: Sending credit warning SMS to customer 98Abbott [] []
[2019-04-18 08:00:03] Credit Warning SMS Yellow Zone log.INFO: Credit warning SMS sent to customer 98Abbott [] []
[2019-04-18 08:00:03] Credit Warning SMS Yellow Zone log.INFO: Sending credit warning SMS to customer 116Abbott [] []
[2019-04-18 08:00:03] Credit Warning SMS Yellow Zone log.INFO: Credit warning SMS sent to customer 116Abbott [] []
[2019-04-18 08:00:03] Credit Warning SMS Yellow Zone log.INFO: Sending credit warning SMS to customer 134abbott [] []
[2019-04-18 08:00:03] Credit Warning SMS Yellow Zone log.INFO: Credit warning SMS sent to customer 134abbott [] []
[2019-04-18 08:00:03] Credit Warning SMS Yellow Zone log.INFO: Sending credit warning SMS to customer 184abbott [] []
[2019-04-18 08:00:03] Credit Warning SMS Yellow Zone log.INFO: Credit warning SMS sent to customer 184abbott [] []
[2019-04-18 08:00:03] Credit Warning SMS Yellow Zone log.INFO: Sending credit warning SMS to customer 19GreenBank [] []
[2019-04-18 08:00:03] Credit Warning SMS Yellow Zone log.INFO: Credit warning SMS sent to customer 19GreenBank [] []
[2019-04-18 08:00:03] Credit Warning SMS Yellow Zone log.INFO: Sending credit warning SMS to customer 92eustace [] []
[2019-04-18 08:00:03] Credit Warning SMS Yellow Zone log.INFO: Credit warning SMS sent to customer 92eustace [] []
[2019-04-18 08:00:03] Credit Warning SMS Yellow Zone log.INFO: Sending credit warning SMS to customer 26eustace [] []
[2019-04-18 08:00:03] Credit Warning SMS Yellow Zone log.INFO: Credit warning SMS sent to customer 26eustace [] []
[2019-04-18 08:00:04] Credit Warning SMS Yellow Zone log.INFO: Sending credit warning SMS to customer 144leona [] []
[2019-04-18 08:00:04] Credit Warning SMS Yellow Zone log.INFO: Credit warning SMS sent to customer 144leona [] []
[2019-04-18 08:00:04] Credit Warning SMS Yellow Zone log.INFO: Sending credit warning SMS to customer 146leona [] []
[2019-04-18 08:00:04] Credit Warning SMS Yellow Zone log.INFO: Credit warning SMS sent to customer 146leona [] []
[2019-04-18 08:00:04] Credit Warning SMS Yellow Zone log.INFO: Sending credit warning SMS to customer 5leona [] []
[2019-04-18 08:00:04] Credit Warning SMS Yellow Zone log.INFO: Credit warning SMS sent to customer 5leona [] []
[2019-04-18 08:00:04] Credit Warning SMS Yellow Zone log.INFO: Sending credit warning SMS to customer 23leona [] []
[2019-04-18 08:00:04] Credit Warning SMS Yellow Zone log.INFO: Credit warning SMS sent to customer 23leona [] []
[2019-04-18 08:00:04] Credit Warning SMS Yellow Zone log.INFO: Sending credit warning SMS to customer 58leona [] []
[2019-04-18 08:00:04] Credit Warning SMS Yellow Zone log.INFO: Credit warning SMS sent to customer 58leona [] []
[2019-04-18 08:00:04] Credit Warning SMS Yellow Zone log.INFO: Sending credit warning SMS to customer 130leona [] []
[2019-04-18 08:00:04] Credit Warning SMS Yellow Zone log.INFO: Credit warning SMS sent to customer 130leona [] []
[2019-04-18 08:00:04] Credit Warning SMS Yellow Zone log.INFO: Sending credit warning SMS to customer 121leona [] []
[2019-04-18 08:00:04] Credit Warning SMS Yellow Zone log.INFO: Credit warning SMS sent to customer 121leona [] []
[2019-04-18 08:00:04] Credit Warning SMS Yellow Zone log.INFO: Sending credit warning SMS to customer 109leona [] []
[2019-04-18 08:00:04] Credit Warning SMS Yellow Zone log.INFO: Credit warning SMS sent to customer 109leona [] []
[2019-04-18 08:00:04] Credit Warning SMS Yellow Zone log.INFO: Sending credit warning SMS to customer 113charlotte [] []
[2019-04-18 08:00:04] Credit Warning SMS Yellow Zone log.INFO: Credit warning SMS sent to customer 113charlotte [] []
[2019-04-18 08:00:04] Credit Warning SMS Yellow Zone log.INFO: Sending credit warning SMS to customer 122charlotte [] []
[2019-04-18 08:00:04] Credit Warning SMS Yellow Zone log.INFO: Credit warning SMS sent to customer 122charlotte [] []
[2019-04-18 08:00:04] Credit Warning SMS Yellow Zone log.INFO: Sending credit warning SMS to customer 125charlotte [] []
[2019-04-18 08:00:04] Credit Warning SMS Yellow Zone log.INFO: Credit warning SMS sent to customer 125charlotte [] []
[2019-04-18 08:00:04] Credit Warning SMS Yellow Zone log.INFO: Sending credit warning SMS to customer 42charlotte [] []
[2019-04-18 08:00:04] Credit Warning SMS Yellow Zone log.INFO: Credit warning SMS sent to customer 42charlotte [] []
[2019-04-18 08:00:04] Credit Warning SMS Yellow Zone log.INFO: Sending credit warning SMS to customer 46charlotte [] []
[2019-04-18 08:00:04] Credit Warning SMS Yellow Zone log.INFO: Credit warning SMS sent to customer 46charlotte [] []
[2019-04-18 08:00:04] Credit Warning SMS Yellow Zone log.INFO: Sending credit warning SMS to customer 52charlotte [] []
[2019-04-18 08:00:04] Credit Warning SMS Yellow Zone log.INFO: Credit warning SMS sent to customer 52charlotte [] []
[2019-04-18 08:00:04] Credit Warning SMS Yellow Zone log.INFO: Sending credit warning SMS to customer 37charlotte [] []
[2019-04-18 08:00:04] Credit Warning SMS Yellow Zone log.INFO: Credit warning SMS sent to customer 37charlotte [] []
[2019-04-18 08:00:04] Credit Warning SMS Yellow Zone log.INFO: Sending credit warning SMS to customer 82charlotte [] []
[2019-04-18 08:00:04] Credit Warning SMS Yellow Zone log.INFO: Credit warning SMS sent to customer 82charlotte [] []
[2019-04-18 08:00:04] Credit Warning SMS Yellow Zone log.INFO: Sending credit warning SMS to customer 87charlotte [] []
[2019-04-18 08:00:04] Credit Warning SMS Yellow Zone log.INFO: Credit warning SMS sent to customer 87charlotte [] []
[2019-04-18 08:00:04] Credit Warning SMS Yellow Zone log.INFO: Sending credit warning SMS to customer 140charlotte [] []
[2019-04-18 08:00:04] Credit Warning SMS Yellow Zone log.INFO: Credit warning SMS sent to customer 140charlotte [] []
[2019-04-18 08:00:04] Credit Warning SMS Yellow Zone log.INFO: Sending credit warning SMS to customer 97charlotte [] []
[2019-04-18 08:00:04] Credit Warning SMS Yellow Zone log.INFO: Credit warning SMS sent to customer 97charlotte [] []
