[2019-04-29 08:00:01] Credit Warning SMS Yellow Zone log.INFO: Sending credit warning SMS to customer 19brackenview [] []
[2019-04-29 08:00:02] Credit Warning SMS Yellow Zone log.INFO: Credit warning SMS sent to customer 19brackenview [] []
[2019-04-29 08:00:02] Credit Warning SMS Yellow Zone log.INFO: Sending credit warning SMS to customer 12sundayswell [] []
[2019-04-29 08:00:02] Credit Warning SMS Yellow Zone log.INFO: Credit warning SMS sent to customer 12sundayswell [] []
[2019-04-29 08:00:02] Credit Warning SMS Yellow Zone log.INFO: Sending credit warning SMS to customer 5sundayswell [] []
[2019-04-29 08:00:02] Credit Warning SMS Yellow Zone log.INFO: Credit warning SMS sent to customer 5sundayswell [] []
[2019-04-29 08:00:02] Credit Warning SMS Yellow Zone log.INFO: Sending credit warning SMS to customer 1garryknock [] []
[2019-04-29 08:00:02] Credit Warning SMS Yellow Zone log.INFO: Credit warning SMS sent to customer 1garryknock [] []
[2019-04-29 08:00:02] Credit Warning SMS Yellow Zone log.INFO: Sending credit warning SMS to customer 4garryknock [] []
[2019-04-29 08:00:02] Credit Warning SMS Yellow Zone log.INFO: Credit warning SMS sent to customer 4garryknock [] []
[2019-04-29 08:00:02] Credit Warning SMS Yellow Zone log.INFO: Sending credit warning SMS to customer 21garryknock [] []
[2019-04-29 08:00:02] Credit Warning SMS Yellow Zone log.INFO: Credit warning SMS sent to customer 21garryknock [] []
[2019-04-29 08:00:02] Credit Warning SMS Yellow Zone log.INFO: Sending credit warning SMS to customer 9sundayswell [] []
[2019-04-29 08:00:02] Credit Warning SMS Yellow Zone log.INFO: Credit warning SMS sent to customer 9sundayswell [] []
[2019-04-29 08:00:02] Credit Warning SMS Yellow Zone log.INFO: Sending credit warning SMS to customer 44Emerald [] []
[2019-04-29 08:00:02] Credit Warning SMS Yellow Zone log.INFO: Credit warning SMS sent to customer 44Emerald [] []
[2019-04-29 08:00:02] Credit Warning SMS Yellow Zone log.INFO: Sending credit warning SMS to customer 7Emerald [] []
[2019-04-29 08:00:02] Credit Warning SMS Yellow Zone log.INFO: Credit warning SMS sent to customer 7Emerald [] []
[2019-04-29 08:00:02] Credit Warning SMS Yellow Zone log.INFO: Sending credit warning SMS to customer 10Emerald [] []
[2019-04-29 08:00:02] Credit Warning SMS Yellow Zone log.INFO: Credit warning SMS sent to customer 10Emerald [] []
[2019-04-29 08:00:02] Credit Warning SMS Yellow Zone log.INFO: Sending credit warning SMS to customer 142Neptune [] []
[2019-04-29 08:00:02] Credit Warning SMS Yellow Zone log.INFO: Credit warning SMS sent to customer 142Neptune [] []
[2019-04-29 08:00:02] Credit Warning SMS Yellow Zone log.INFO: Sending credit warning SMS to customer 25neptune [] []
[2019-04-29 08:00:03] Credit Warning SMS Yellow Zone log.INFO: Credit warning SMS sent to customer 25neptune [] []
[2019-04-29 08:00:03] Credit Warning SMS Yellow Zone log.INFO: Sending credit warning SMS to customer 149Neptune [] []
[2019-04-29 08:00:03] Credit Warning SMS Yellow Zone log.INFO: Credit warning SMS sent to customer 149Neptune [] []
[2019-04-29 08:00:03] Credit Warning SMS Yellow Zone log.INFO: Sending credit warning SMS to customer 93Neptune [] []
[2019-04-29 08:00:03] Credit Warning SMS Yellow Zone log.INFO: Credit warning SMS sent to customer 93Neptune [] []
[2019-04-29 08:00:03] Credit Warning SMS Yellow Zone log.INFO: Sending credit warning SMS to customer 69Neptune [] []
[2019-04-29 08:00:03] Credit Warning SMS Yellow Zone log.INFO: Credit warning SMS sent to customer 69Neptune [] []
[2019-04-29 08:00:03] Credit Warning SMS Yellow Zone log.INFO: Sending credit warning SMS to customer 99Neptune [] []
[2019-04-29 08:00:03] Credit Warning SMS Yellow Zone log.INFO: Credit warning SMS sent to customer 99Neptune [] []
[2019-04-29 08:00:03] Credit Warning SMS Yellow Zone log.INFO: Sending credit warning SMS to customer 153Neptune [] []
[2019-04-29 08:00:03] Credit Warning SMS Yellow Zone log.INFO: Credit warning SMS sent to customer 153Neptune [] []
[2019-04-29 08:00:03] Credit Warning SMS Yellow Zone log.INFO: Sending credit warning SMS to customer 80Neptune [] []
[2019-04-29 08:00:03] Credit Warning SMS Yellow Zone log.INFO: Credit warning SMS sent to customer 80Neptune [] []
[2019-04-29 08:00:03] Credit Warning SMS Yellow Zone log.INFO: Sending credit warning SMS to customer 7neptune [] []
[2019-04-29 08:00:03] Credit Warning SMS Yellow Zone log.INFO: Credit warning SMS sent to customer 7neptune [] []
[2019-04-29 08:00:03] Credit Warning SMS Yellow Zone log.INFO: Sending credit warning SMS to customer 196neptune [] []
[2019-04-29 08:00:03] Credit Warning SMS Yellow Zone log.INFO: Credit warning SMS sent to customer 196neptune [] []
[2019-04-29 08:00:03] Credit Warning SMS Yellow Zone log.INFO: Sending credit warning SMS to customer 139Neptune [] []
[2019-04-29 08:00:03] Credit Warning SMS Yellow Zone log.INFO: Credit warning SMS sent to customer 139Neptune [] []
[2019-04-29 08:00:03] Credit Warning SMS Yellow Zone log.INFO: Sending credit warning SMS to customer 140Neptune [] []
[2019-04-29 08:00:03] Credit Warning SMS Yellow Zone log.INFO: Credit warning SMS sent to customer 140Neptune [] []
[2019-04-29 08:00:03] Credit Warning SMS Yellow Zone log.INFO: Sending credit warning SMS to customer 186neptune [] []
[2019-04-29 08:00:03] Credit Warning SMS Yellow Zone log.INFO: Credit warning SMS sent to customer 186neptune [] []
[2019-04-29 08:00:03] Credit Warning SMS Yellow Zone log.INFO: Sending credit warning SMS to customer 152Neptune [] []
[2019-04-29 08:00:03] Credit Warning SMS Yellow Zone log.INFO: Credit warning SMS sent to customer 152Neptune [] []
[2019-04-29 08:00:03] Credit Warning SMS Yellow Zone log.INFO: Sending credit warning SMS to customer 32neptune [] []
[2019-04-29 08:00:03] Credit Warning SMS Yellow Zone log.INFO: Credit warning SMS sent to customer 32neptune [] []
[2019-04-29 08:00:03] Credit Warning SMS Yellow Zone log.INFO: Sending credit warning SMS to customer 105Neptune [] []
[2019-04-29 08:00:03] Credit Warning SMS Yellow Zone log.INFO: Credit warning SMS sent to customer 105Neptune [] []
[2019-04-29 08:00:03] Credit Warning SMS Yellow Zone log.INFO: Sending credit warning SMS to customer 41Abbott [] []
[2019-04-29 08:00:03] Credit Warning SMS Yellow Zone log.INFO: Credit warning SMS sent to customer 41Abbott [] []
[2019-04-29 08:00:03] Credit Warning SMS Yellow Zone log.INFO: Sending credit warning SMS to customer 15Abbott [] []
[2019-04-29 08:00:03] Credit Warning SMS Yellow Zone log.INFO: Credit warning SMS sent to customer 15Abbott [] []
[2019-04-29 08:00:03] Credit Warning SMS Yellow Zone log.INFO: Sending credit warning SMS to customer 21Abbott [] []
[2019-04-29 08:00:03] Credit Warning SMS Yellow Zone log.INFO: Credit warning SMS sent to customer 21Abbott [] []
[2019-04-29 08:00:03] Credit Warning SMS Yellow Zone log.INFO: Sending credit warning SMS to customer 24Abbott [] []
[2019-04-29 08:00:03] Credit Warning SMS Yellow Zone log.INFO: Credit warning SMS sent to customer 24Abbott [] []
[2019-04-29 08:00:03] Credit Warning SMS Yellow Zone log.INFO: Sending credit warning SMS to customer 28Abbott [] []
[2019-04-29 08:00:03] Credit Warning SMS Yellow Zone log.INFO: Credit warning SMS sent to customer 28Abbott [] []
[2019-04-29 08:00:03] Credit Warning SMS Yellow Zone log.INFO: Sending credit warning SMS to customer 6Abbott [] []
[2019-04-29 08:00:03] Credit Warning SMS Yellow Zone log.INFO: Credit warning SMS sent to customer 6Abbott [] []
[2019-04-29 08:00:03] Credit Warning SMS Yellow Zone log.INFO: Sending credit warning SMS to customer 62Abbott [] []
[2019-04-29 08:00:03] Credit Warning SMS Yellow Zone log.INFO: Credit warning SMS sent to customer 62Abbott [] []
[2019-04-29 08:00:03] Credit Warning SMS Yellow Zone log.INFO: Sending credit warning SMS to customer 89Abbott [] []
[2019-04-29 08:00:03] Credit Warning SMS Yellow Zone log.INFO: Credit warning SMS sent to customer 89Abbott [] []
[2019-04-29 08:00:03] Credit Warning SMS Yellow Zone log.INFO: Sending credit warning SMS to customer 82Abbott [] []
[2019-04-29 08:00:03] Credit Warning SMS Yellow Zone log.INFO: Credit warning SMS sent to customer 82Abbott [] []
[2019-04-29 08:00:03] Credit Warning SMS Yellow Zone log.INFO: Sending credit warning SMS to customer 105Abbott [] []
[2019-04-29 08:00:03] Credit Warning SMS Yellow Zone log.INFO: Credit warning SMS sent to customer 105Abbott [] []
[2019-04-29 08:00:03] Credit Warning SMS Yellow Zone log.INFO: Sending credit warning SMS to customer 109Abbott [] []
[2019-04-29 08:00:03] Credit Warning SMS Yellow Zone log.INFO: Credit warning SMS sent to customer 109Abbott [] []
[2019-04-29 08:00:03] Credit Warning SMS Yellow Zone log.INFO: Sending credit warning SMS to customer 119Abbott [] []
[2019-04-29 08:00:03] Credit Warning SMS Yellow Zone log.INFO: Credit warning SMS sent to customer 119Abbott [] []
[2019-04-29 08:00:03] Credit Warning SMS Yellow Zone log.INFO: Sending credit warning SMS to customer 98Abbott [] []
[2019-04-29 08:00:03] Credit Warning SMS Yellow Zone log.INFO: Credit warning SMS sent to customer 98Abbott [] []
[2019-04-29 08:00:03] Credit Warning SMS Yellow Zone log.INFO: Sending credit warning SMS to customer 99Abbott [] []
[2019-04-29 08:00:03] Credit Warning SMS Yellow Zone log.INFO: Credit warning SMS sent to customer 99Abbott [] []
[2019-04-29 08:00:03] Credit Warning SMS Yellow Zone log.INFO: Sending credit warning SMS to customer 124Abbott [] []
[2019-04-29 08:00:03] Credit Warning SMS Yellow Zone log.INFO: Credit warning SMS sent to customer 124Abbott [] []
[2019-04-29 08:00:03] Credit Warning SMS Yellow Zone log.INFO: Sending credit warning SMS to customer 34GreenBank [] []
[2019-04-29 08:00:03] Credit Warning SMS Yellow Zone log.INFO: Credit warning SMS sent to customer 34GreenBank [] []
[2019-04-29 08:00:03] Credit Warning SMS Yellow Zone log.INFO: Sending credit warning SMS to customer 190abbott [] []
[2019-04-29 08:00:03] Credit Warning SMS Yellow Zone log.INFO: Credit warning SMS sent to customer 190abbott [] []
[2019-04-29 08:00:03] Credit Warning SMS Yellow Zone log.INFO: Sending credit warning SMS to customer 143abbott [] []
[2019-04-29 08:00:04] Credit Warning SMS Yellow Zone log.INFO: Credit warning SMS sent to customer 143abbott [] []
[2019-04-29 08:00:04] Credit Warning SMS Yellow Zone log.INFO: Sending credit warning SMS to customer 129abbott [] []
[2019-04-29 08:00:04] Credit Warning SMS Yellow Zone log.INFO: Credit warning SMS sent to customer 129abbott [] []
[2019-04-29 08:00:04] Credit Warning SMS Yellow Zone log.INFO: Sending credit warning SMS to customer 17GreenBank [] []
[2019-04-29 08:00:04] Credit Warning SMS Yellow Zone log.INFO: Credit warning SMS sent to customer 17GreenBank [] []
[2019-04-29 08:00:04] Credit Warning SMS Yellow Zone log.INFO: Sending credit warning SMS to customer 21GreenBank [] []
[2019-04-29 08:00:04] Credit Warning SMS Yellow Zone log.INFO: Credit warning SMS sent to customer 21GreenBank [] []
[2019-04-29 08:00:04] Credit Warning SMS Yellow Zone log.INFO: Sending credit warning SMS to customer 143leona [] []
[2019-04-29 08:00:04] Credit Warning SMS Yellow Zone log.INFO: Credit warning SMS sent to customer 143leona [] []
[2019-04-29 08:00:04] Credit Warning SMS Yellow Zone log.INFO: Sending credit warning SMS to customer 19leona [] []
[2019-04-29 08:00:04] Credit Warning SMS Yellow Zone log.INFO: Credit warning SMS sent to customer 19leona [] []
[2019-04-29 08:00:04] Credit Warning SMS Yellow Zone log.INFO: Sending credit warning SMS to customer 33leona [] []
[2019-04-29 08:00:04] Credit Warning SMS Yellow Zone log.INFO: Credit warning SMS sent to customer 33leona [] []
[2019-04-29 08:00:04] Credit Warning SMS Yellow Zone log.INFO: Sending credit warning SMS to customer 140leona [] []
[2019-04-29 08:00:04] Credit Warning SMS Yellow Zone log.INFO: Credit warning SMS sent to customer 140leona [] []
[2019-04-29 08:00:04] Credit Warning SMS Yellow Zone log.INFO: Sending credit warning SMS to customer 13leona [] []
[2019-04-29 08:00:04] Credit Warning SMS Yellow Zone log.INFO: Credit warning SMS sent to customer 13leona [] []
[2019-04-29 08:00:04] Credit Warning SMS Yellow Zone log.INFO: Sending credit warning SMS to customer 26leona [] []
[2019-04-29 08:00:04] Credit Warning SMS Yellow Zone log.INFO: Credit warning SMS sent to customer 26leona [] []
[2019-04-29 08:00:04] Credit Warning SMS Yellow Zone log.INFO: Sending credit warning SMS to customer 153leona [] []
[2019-04-29 08:00:04] Credit Warning SMS Yellow Zone log.INFO: Credit warning SMS sent to customer 153leona [] []
[2019-04-29 08:00:04] Credit Warning SMS Yellow Zone log.INFO: Sending credit warning SMS to customer 42leona [] []
[2019-04-29 08:00:04] Credit Warning SMS Yellow Zone log.INFO: Credit warning SMS sent to customer 42leona [] []
[2019-04-29 08:00:04] Credit Warning SMS Yellow Zone log.INFO: Sending credit warning SMS to customer 60leona [] []
[2019-04-29 08:00:06] Credit Warning SMS Yellow Zone log.INFO: Credit warning SMS sent to customer 60leona [] []
[2019-04-29 08:00:06] Credit Warning SMS Yellow Zone log.INFO: Sending credit warning SMS to customer 125leona [] []
[2019-04-29 08:00:06] Credit Warning SMS Yellow Zone log.INFO: Credit warning SMS sent to customer 125leona [] []
[2019-04-29 08:00:06] Credit Warning SMS Yellow Zone log.INFO: Sending credit warning SMS to customer 36leona [] []
[2019-04-29 08:00:06] Credit Warning SMS Yellow Zone log.INFO: Credit warning SMS sent to customer 36leona [] []
[2019-04-29 08:00:06] Credit Warning SMS Yellow Zone log.INFO: Sending credit warning SMS to customer 96leona [] []
[2019-04-29 08:00:06] Credit Warning SMS Yellow Zone log.INFO: Credit warning SMS sent to customer 96leona [] []
[2019-04-29 08:00:06] Credit Warning SMS Yellow Zone log.INFO: Sending credit warning SMS to customer 94leona [] []
[2019-04-29 08:00:06] Credit Warning SMS Yellow Zone log.INFO: Credit warning SMS sent to customer 94leona [] []
[2019-04-29 08:00:06] Credit Warning SMS Yellow Zone log.INFO: Sending credit warning SMS to customer 93leona [] []
[2019-04-29 08:00:06] Credit Warning SMS Yellow Zone log.INFO: Credit warning SMS sent to customer 93leona [] []
[2019-04-29 08:00:06] Credit Warning SMS Yellow Zone log.INFO: Sending credit warning SMS to customer 112leona [] []
[2019-04-29 08:00:06] Credit Warning SMS Yellow Zone log.INFO: Credit warning SMS sent to customer 112leona [] []
[2019-04-29 08:00:06] Credit Warning SMS Yellow Zone log.INFO: Sending credit warning SMS to customer 117leona [] []
[2019-04-29 08:00:06] Credit Warning SMS Yellow Zone log.INFO: Credit warning SMS sent to customer 117leona [] []
[2019-04-29 08:00:06] Credit Warning SMS Yellow Zone log.INFO: Sending credit warning SMS to customer 108charlotte [] []
[2019-04-29 08:00:06] Credit Warning SMS Yellow Zone log.INFO: Credit warning SMS sent to customer 108charlotte [] []
[2019-04-29 08:00:06] Credit Warning SMS Yellow Zone log.INFO: Sending credit warning SMS to customer 122charlotte [] []
[2019-04-29 08:00:06] Credit Warning SMS Yellow Zone log.INFO: Credit warning SMS sent to customer 122charlotte [] []
[2019-04-29 08:00:06] Credit Warning SMS Yellow Zone log.INFO: Sending credit warning SMS to customer 123charlotte [] []
[2019-04-29 08:00:06] Credit Warning SMS Yellow Zone log.INFO: Credit warning SMS sent to customer 123charlotte [] []
[2019-04-29 08:00:06] Credit Warning SMS Yellow Zone log.INFO: Sending credit warning SMS to customer 135charlotte [] []
[2019-04-29 08:00:07] Credit Warning SMS Yellow Zone log.INFO: Credit warning SMS sent to customer 135charlotte [] []
[2019-04-29 08:00:07] Credit Warning SMS Yellow Zone log.INFO: Sending credit warning SMS to customer 2charlotte [] []
[2019-04-29 08:00:07] Credit Warning SMS Yellow Zone log.INFO: Credit warning SMS sent to customer 2charlotte [] []
[2019-04-29 08:00:07] Credit Warning SMS Yellow Zone log.INFO: Sending credit warning SMS to customer 34charlotte [] []
[2019-04-29 08:00:07] Credit Warning SMS Yellow Zone log.INFO: Credit warning SMS sent to customer 34charlotte [] []
[2019-04-29 08:00:07] Credit Warning SMS Yellow Zone log.INFO: Sending credit warning SMS to customer 24charlotte [] []
[2019-04-29 08:00:07] Credit Warning SMS Yellow Zone log.INFO: Credit warning SMS sent to customer 24charlotte [] []
[2019-04-29 08:00:07] Credit Warning SMS Yellow Zone log.INFO: Sending credit warning SMS to customer 49charlotte [] []
[2019-04-29 08:00:07] Credit Warning SMS Yellow Zone log.INFO: Credit warning SMS sent to customer 49charlotte [] []
[2019-04-29 08:00:07] Credit Warning SMS Yellow Zone log.INFO: Sending credit warning SMS to customer 9charlotte [] []
[2019-04-29 08:00:07] Credit Warning SMS Yellow Zone log.INFO: Credit warning SMS sent to customer 9charlotte [] []
[2019-04-29 08:00:07] Credit Warning SMS Yellow Zone log.INFO: Sending credit warning SMS to customer 7charlotte [] []
[2019-04-29 08:00:07] Credit Warning SMS Yellow Zone log.INFO: Credit warning SMS sent to customer 7charlotte [] []
[2019-04-29 08:00:07] Credit Warning SMS Yellow Zone log.INFO: Sending credit warning SMS to customer 57charlotte [] []
[2019-04-29 08:00:07] Credit Warning SMS Yellow Zone log.INFO: Credit warning SMS sent to customer 57charlotte [] []
[2019-04-29 08:00:07] Credit Warning SMS Yellow Zone log.INFO: Sending credit warning SMS to customer 93charlotte [] []
[2019-04-29 08:00:07] Credit Warning SMS Yellow Zone log.INFO: Credit warning SMS sent to customer 93charlotte [] []
[2019-04-29 08:00:07] Credit Warning SMS Yellow Zone log.INFO: Sending credit warning SMS to customer 63charlotte [] []
[2019-04-29 08:00:07] Credit Warning SMS Yellow Zone log.INFO: Credit warning SMS sent to customer 63charlotte [] []
[2019-04-29 08:00:07] Credit Warning SMS Yellow Zone log.INFO: Sending credit warning SMS to customer 109charlotte [] []
[2019-04-29 08:00:07] Credit Warning SMS Yellow Zone log.INFO: Credit warning SMS sent to customer 109charlotte [] []
