[2019-08-12 08:00:01] Credit Warning SMS Yellow Zone log.INFO: Sending credit warning SMS to customer 12sundayswell [] []
[2019-08-12 08:00:01] Credit Warning SMS Yellow Zone log.INFO: Credit warning SMS sent to customer 12sundayswell [] []
[2019-08-12 08:00:01] Credit Warning SMS Yellow Zone log.INFO: Sending credit warning SMS to customer 6garryknock [] []
[2019-08-12 08:00:01] Credit Warning SMS Yellow Zone log.INFO: Credit warning SMS sent to customer 6garryknock [] []
[2019-08-12 08:00:01] Credit Warning SMS Yellow Zone log.INFO: Sending credit warning SMS to customer 21garryknock [] []
[2019-08-12 08:00:01] Credit Warning SMS Yellow Zone log.INFO: Credit warning SMS sent to customer 21garryknock [] []
[2019-08-12 08:00:01] Credit Warning SMS Yellow Zone log.INFO: Sending credit warning SMS to customer 3garryknock [] []
[2019-08-12 08:00:01] Credit Warning SMS Yellow Zone log.INFO: Credit warning SMS sent to customer 3garryknock [] []
[2019-08-12 08:00:01] Credit Warning SMS Yellow Zone log.INFO: Sending credit warning SMS to customer 27garryknock [] []
[2019-08-12 08:00:01] Credit Warning SMS Yellow Zone log.INFO: Credit warning SMS sent to customer 27garryknock [] []
[2019-08-12 08:00:01] Credit Warning SMS Yellow Zone log.INFO: Sending credit warning SMS to customer 23garryknock [] []
[2019-08-12 08:00:02] Credit Warning SMS Yellow Zone log.INFO: Credit warning SMS sent to customer 23garryknock [] []
[2019-08-12 08:00:02] Credit Warning SMS Yellow Zone log.INFO: Sending credit warning SMS to customer 16brackenview [] []
[2019-08-12 08:00:02] Credit Warning SMS Yellow Zone log.INFO: Credit warning SMS sent to customer 16brackenview [] []
[2019-08-12 08:00:02] Credit Warning SMS Yellow Zone log.INFO: Sending credit warning SMS to customer 8Emerald [] []
[2019-08-12 08:00:02] Credit Warning SMS Yellow Zone log.INFO: Credit warning SMS sent to customer 8Emerald [] []
[2019-08-12 08:00:02] Credit Warning SMS Yellow Zone log.INFO: Sending credit warning SMS to customer 3Emerald [] []
[2019-08-12 08:00:02] Credit Warning SMS Yellow Zone log.INFO: Credit warning SMS sent to customer 3Emerald [] []
[2019-08-12 08:00:02] Credit Warning SMS Yellow Zone log.INFO: Sending credit warning SMS to customer 22Emerald [] []
[2019-08-12 08:00:02] Credit Warning SMS Yellow Zone log.INFO: Credit warning SMS sent to customer 22Emerald [] []
[2019-08-12 08:00:02] Credit Warning SMS Yellow Zone log.INFO: Sending credit warning SMS to customer 44Emerald [] []
[2019-08-12 08:00:02] Credit Warning SMS Yellow Zone log.INFO: Credit warning SMS sent to customer 44Emerald [] []
[2019-08-12 08:00:02] Credit Warning SMS Yellow Zone log.INFO: Sending credit warning SMS to customer 43Emerald [] []
[2019-08-12 08:00:02] Credit Warning SMS Yellow Zone log.INFO: Credit warning SMS sent to customer 43Emerald [] []
[2019-08-12 08:00:02] Credit Warning SMS Yellow Zone log.INFO: Sending credit warning SMS to customer 49Emerald [] []
[2019-08-12 08:00:02] Credit Warning SMS Yellow Zone log.INFO: Credit warning SMS sent to customer 49Emerald [] []
[2019-08-12 08:00:02] Credit Warning SMS Yellow Zone log.INFO: Sending credit warning SMS to customer 17Emerald [] []
[2019-08-12 08:00:02] Credit Warning SMS Yellow Zone log.INFO: Credit warning SMS sent to customer 17Emerald [] []
[2019-08-12 08:00:02] Credit Warning SMS Yellow Zone log.INFO: Sending credit warning SMS to customer 18Emerald [] []
[2019-08-12 08:00:02] Credit Warning SMS Yellow Zone log.INFO: Credit warning SMS sent to customer 18Emerald [] []
[2019-08-12 08:00:02] Credit Warning SMS Yellow Zone log.INFO: Sending credit warning SMS to customer 180neptune [] []
[2019-08-12 08:00:02] Credit Warning SMS Yellow Zone log.INFO: Credit warning SMS sent to customer 180neptune [] []
[2019-08-12 08:00:02] Credit Warning SMS Yellow Zone log.INFO: Sending credit warning SMS to customer 151Neptune [] []
[2019-08-12 08:00:02] Credit Warning SMS Yellow Zone log.INFO: Credit warning SMS sent to customer 151Neptune [] []
[2019-08-12 08:00:02] Credit Warning SMS Yellow Zone log.INFO: Sending credit warning SMS to customer 136Neptune [] []
[2019-08-12 08:00:02] Credit Warning SMS Yellow Zone log.INFO: Credit warning SMS sent to customer 136Neptune [] []
[2019-08-12 08:00:02] Credit Warning SMS Yellow Zone log.INFO: Sending credit warning SMS to customer 184neptune [] []
[2019-08-12 08:00:02] Credit Warning SMS Yellow Zone log.INFO: Credit warning SMS sent to customer 184neptune [] []
[2019-08-12 08:00:02] Credit Warning SMS Yellow Zone log.INFO: Sending credit warning SMS to customer 102Neptune [] []
[2019-08-12 08:00:02] Credit Warning SMS Yellow Zone log.INFO: Credit warning SMS sent to customer 102Neptune [] []
[2019-08-12 08:00:02] Credit Warning SMS Yellow Zone log.INFO: Sending credit warning SMS to customer 81Neptune [] []
[2019-08-12 08:00:02] Credit Warning SMS Yellow Zone log.INFO: Credit warning SMS sent to customer 81Neptune [] []
[2019-08-12 08:00:02] Credit Warning SMS Yellow Zone log.INFO: Sending credit warning SMS to customer 196neptune [] []
[2019-08-12 08:00:02] Credit Warning SMS Yellow Zone log.INFO: Credit warning SMS sent to customer 196neptune [] []
[2019-08-12 08:00:02] Credit Warning SMS Yellow Zone log.INFO: Sending credit warning SMS to customer 33neptune [] []
[2019-08-12 08:00:02] Credit Warning SMS Yellow Zone log.INFO: Credit warning SMS sent to customer 33neptune [] []
[2019-08-12 08:00:02] Credit Warning SMS Yellow Zone log.INFO: Sending credit warning SMS to customer 103Neptune [] []
[2019-08-12 08:00:02] Credit Warning SMS Yellow Zone log.INFO: Credit warning SMS sent to customer 103Neptune [] []
[2019-08-12 08:00:02] Credit Warning SMS Yellow Zone log.INFO: Sending credit warning SMS to customer 28neptune [] []
[2019-08-12 08:00:02] Credit Warning SMS Yellow Zone log.INFO: Credit warning SMS sent to customer 28neptune [] []
[2019-08-12 08:00:02] Credit Warning SMS Yellow Zone log.INFO: Sending credit warning SMS to customer 104Neptune [] []
[2019-08-12 08:00:02] Credit Warning SMS Yellow Zone log.INFO: Credit warning SMS sent to customer 104Neptune [] []
[2019-08-12 08:00:02] Credit Warning SMS Yellow Zone log.INFO: Sending credit warning SMS to customer 131Neptune [] []
[2019-08-12 08:00:02] Credit Warning SMS Yellow Zone log.INFO: Credit warning SMS sent to customer 131Neptune [] []
[2019-08-12 08:00:02] Credit Warning SMS Yellow Zone log.INFO: Sending credit warning SMS to customer 187neptune [] []
[2019-08-12 08:00:02] Credit Warning SMS Yellow Zone log.INFO: Credit warning SMS sent to customer 187neptune [] []
[2019-08-12 08:00:02] Credit Warning SMS Yellow Zone log.INFO: Sending credit warning SMS to customer 152Neptune [] []
[2019-08-12 08:00:02] Credit Warning SMS Yellow Zone log.INFO: Credit warning SMS sent to customer 152Neptune [] []
[2019-08-12 08:00:02] Credit Warning SMS Yellow Zone log.INFO: Sending credit warning SMS to customer 13neptune [] []
[2019-08-12 08:00:02] Credit Warning SMS Yellow Zone log.INFO: Credit warning SMS sent to customer 13neptune [] []
[2019-08-12 08:00:02] Credit Warning SMS Yellow Zone log.INFO: Sending credit warning SMS to customer 15Abbott [] []
[2019-08-12 08:00:02] Credit Warning SMS Yellow Zone log.INFO: Credit warning SMS sent to customer 15Abbott [] []
[2019-08-12 08:00:02] Credit Warning SMS Yellow Zone log.INFO: Sending credit warning SMS to customer 24Abbott [] []
[2019-08-12 08:00:02] Credit Warning SMS Yellow Zone log.INFO: Credit warning SMS sent to customer 24Abbott [] []
[2019-08-12 08:00:02] Credit Warning SMS Yellow Zone log.INFO: Sending credit warning SMS to customer 45Abbott [] []
[2019-08-12 08:00:02] Credit Warning SMS Yellow Zone log.INFO: Credit warning SMS sent to customer 45Abbott [] []
[2019-08-12 08:00:02] Credit Warning SMS Yellow Zone log.INFO: Sending credit warning SMS to customer 76Abbott [] []
[2019-08-12 08:00:02] Credit Warning SMS Yellow Zone log.INFO: Credit warning SMS sent to customer 76Abbott [] []
[2019-08-12 08:00:02] Credit Warning SMS Yellow Zone log.INFO: Sending credit warning SMS to customer 82Abbott [] []
[2019-08-12 08:00:02] Credit Warning SMS Yellow Zone log.INFO: Credit warning SMS sent to customer 82Abbott [] []
[2019-08-12 08:00:02] Credit Warning SMS Yellow Zone log.INFO: Sending credit warning SMS to customer 84Abbott [] []
[2019-08-12 08:00:02] Credit Warning SMS Yellow Zone log.INFO: Credit warning SMS sent to customer 84Abbott [] []
[2019-08-12 08:00:02] Credit Warning SMS Yellow Zone log.INFO: Sending credit warning SMS to customer 44Abbott [] []
[2019-08-12 08:00:02] Credit Warning SMS Yellow Zone log.INFO: Credit warning SMS sent to customer 44Abbott [] []
[2019-08-12 08:00:02] Credit Warning SMS Yellow Zone log.INFO: Sending credit warning SMS to customer 65Abbott [] []
[2019-08-12 08:00:03] Credit Warning SMS Yellow Zone log.INFO: Credit warning SMS sent to customer 65Abbott [] []
[2019-08-12 08:00:03] Credit Warning SMS Yellow Zone log.INFO: Sending credit warning SMS to customer 71Abbott [] []
[2019-08-12 08:00:03] Credit Warning SMS Yellow Zone log.INFO: Credit warning SMS sent to customer 71Abbott [] []
[2019-08-12 08:00:03] Credit Warning SMS Yellow Zone log.INFO: Sending credit warning SMS to customer 105Abbott [] []
[2019-08-12 08:00:03] Credit Warning SMS Yellow Zone log.INFO: Credit warning SMS sent to customer 105Abbott [] []
[2019-08-12 08:00:03] Credit Warning SMS Yellow Zone log.INFO: Sending credit warning SMS to customer 106Abbott [] []
[2019-08-12 08:00:03] Credit Warning SMS Yellow Zone log.INFO: Credit warning SMS sent to customer 106Abbott [] []
[2019-08-12 08:00:03] Credit Warning SMS Yellow Zone log.INFO: Sending credit warning SMS to customer 111Abbott [] []
[2019-08-12 08:00:03] Credit Warning SMS Yellow Zone log.INFO: Credit warning SMS sent to customer 111Abbott [] []
[2019-08-12 08:00:03] Credit Warning SMS Yellow Zone log.INFO: Sending credit warning SMS to customer 119Abbott [] []
[2019-08-12 08:00:03] Credit Warning SMS Yellow Zone log.INFO: Credit warning SMS sent to customer 119Abbott [] []
[2019-08-12 08:00:03] Credit Warning SMS Yellow Zone log.INFO: Sending credit warning SMS to customer 98Abbott [] []
[2019-08-12 08:00:03] Credit Warning SMS Yellow Zone log.INFO: Credit warning SMS sent to customer 98Abbott [] []
[2019-08-12 08:00:03] Credit Warning SMS Yellow Zone log.INFO: Sending credit warning SMS to customer 155abbott [] []
[2019-08-12 08:00:03] Credit Warning SMS Yellow Zone log.INFO: Credit warning SMS sent to customer 155abbott [] []
[2019-08-12 08:00:03] Credit Warning SMS Yellow Zone log.INFO: Sending credit warning SMS to customer 126abbott [] []
[2019-08-12 08:00:03] Credit Warning SMS Yellow Zone log.INFO: Credit warning SMS sent to customer 126abbott [] []
[2019-08-12 08:00:03] Credit Warning SMS Yellow Zone log.INFO: Sending credit warning SMS to customer 127abbott [] []
[2019-08-12 08:00:03] Credit Warning SMS Yellow Zone log.INFO: Credit warning SMS sent to customer 127abbott [] []
[2019-08-12 08:00:03] Credit Warning SMS Yellow Zone log.INFO: Sending credit warning SMS to customer 176abbott [] []
[2019-08-12 08:00:03] Credit Warning SMS Yellow Zone log.INFO: Credit warning SMS sent to customer 176abbott [] []
[2019-08-12 08:00:03] Credit Warning SMS Yellow Zone log.INFO: Sending credit warning SMS to customer 1GreenBank [] []
[2019-08-12 08:00:03] Credit Warning SMS Yellow Zone log.INFO: Credit warning SMS sent to customer 1GreenBank [] []
[2019-08-12 08:00:03] Credit Warning SMS Yellow Zone log.INFO: Sending credit warning SMS to customer 14GreenBank [] []
[2019-08-12 08:00:03] Credit Warning SMS Yellow Zone log.INFO: Credit warning SMS sent to customer 14GreenBank [] []
[2019-08-12 08:00:03] Credit Warning SMS Yellow Zone log.INFO: Sending credit warning SMS to customer 157abbott [] []
[2019-08-12 08:00:03] Credit Warning SMS Yellow Zone log.INFO: Credit warning SMS sent to customer 157abbott [] []
[2019-08-12 08:00:03] Credit Warning SMS Yellow Zone log.INFO: Sending credit warning SMS to customer 33Abbott [] []
[2019-08-12 08:00:03] Credit Warning SMS Yellow Zone log.INFO: Credit warning SMS sent to customer 33Abbott [] []
[2019-08-12 08:00:03] Credit Warning SMS Yellow Zone log.INFO: Sending credit warning SMS to customer 67eustace [] []
[2019-08-12 08:00:03] Credit Warning SMS Yellow Zone log.INFO: Credit warning SMS sent to customer 67eustace [] []
[2019-08-12 08:00:03] Credit Warning SMS Yellow Zone log.INFO: Sending credit warning SMS to customer 61eustace [] []
[2019-08-12 08:00:03] Credit Warning SMS Yellow Zone log.INFO: Credit warning SMS sent to customer 61eustace [] []
[2019-08-12 08:00:03] Credit Warning SMS Yellow Zone log.INFO: Sending credit warning SMS to customer 2leona [] []
[2019-08-12 08:00:03] Credit Warning SMS Yellow Zone log.INFO: Credit warning SMS sent to customer 2leona [] []
[2019-08-12 08:00:03] Credit Warning SMS Yellow Zone log.INFO: Sending credit warning SMS to customer 20leona [] []
[2019-08-12 08:00:03] Credit Warning SMS Yellow Zone log.INFO: Credit warning SMS sent to customer 20leona [] []
[2019-08-12 08:00:03] Credit Warning SMS Yellow Zone log.INFO: Sending credit warning SMS to customer 58leona [] []
[2019-08-12 08:00:03] Credit Warning SMS Yellow Zone log.INFO: Credit warning SMS sent to customer 58leona [] []
[2019-08-12 08:00:03] Credit Warning SMS Yellow Zone log.INFO: Sending credit warning SMS to customer 67leona [] []
[2019-08-12 08:00:03] Credit Warning SMS Yellow Zone log.INFO: Credit warning SMS sent to customer 67leona [] []
[2019-08-12 08:00:03] Credit Warning SMS Yellow Zone log.INFO: Sending credit warning SMS to customer 125leona [] []
[2019-08-12 08:00:03] Credit Warning SMS Yellow Zone log.INFO: Credit warning SMS sent to customer 125leona [] []
[2019-08-12 08:00:03] Credit Warning SMS Yellow Zone log.INFO: Sending credit warning SMS to customer 69leona [] []
[2019-08-12 08:00:03] Credit Warning SMS Yellow Zone log.INFO: Credit warning SMS sent to customer 69leona [] []
[2019-08-12 08:00:03] Credit Warning SMS Yellow Zone log.INFO: Sending credit warning SMS to customer 97leona [] []
[2019-08-12 08:00:03] Credit Warning SMS Yellow Zone log.INFO: Credit warning SMS sent to customer 97leona [] []
[2019-08-12 08:00:03] Credit Warning SMS Yellow Zone log.INFO: Sending credit warning SMS to customer 112leona [] []
[2019-08-12 08:00:03] Credit Warning SMS Yellow Zone log.INFO: Credit warning SMS sent to customer 112leona [] []
[2019-08-12 08:00:03] Credit Warning SMS Yellow Zone log.INFO: Sending credit warning SMS to customer 115leona [] []
[2019-08-12 08:00:03] Credit Warning SMS Yellow Zone log.INFO: Credit warning SMS sent to customer 115leona [] []
[2019-08-12 08:00:03] Credit Warning SMS Yellow Zone log.INFO: Sending credit warning SMS to customer 16leona [] []
[2019-08-12 08:00:03] Credit Warning SMS Yellow Zone log.INFO: Credit warning SMS sent to customer 16leona [] []
[2019-08-12 08:00:03] Credit Warning SMS Yellow Zone log.INFO: Sending credit warning SMS to customer 39leona [] []
[2019-08-12 08:00:03] Credit Warning SMS Yellow Zone log.INFO: Credit warning SMS sent to customer 39leona [] []
[2019-08-12 08:00:03] Credit Warning SMS Yellow Zone log.INFO: Sending credit warning SMS to customer 122charlotte [] []
[2019-08-12 08:00:03] Credit Warning SMS Yellow Zone log.INFO: Credit warning SMS sent to customer 122charlotte [] []
[2019-08-12 08:00:03] Credit Warning SMS Yellow Zone log.INFO: Sending credit warning SMS to customer 153charlotte [] []
[2019-08-12 08:00:03] Credit Warning SMS Yellow Zone log.INFO: Credit warning SMS sent to customer 153charlotte [] []
[2019-08-12 08:00:03] Credit Warning SMS Yellow Zone log.INFO: Sending credit warning SMS to customer 111charlotte [] []
[2019-08-12 08:00:03] Credit Warning SMS Yellow Zone log.INFO: Credit warning SMS sent to customer 111charlotte [] []
[2019-08-12 08:00:03] Credit Warning SMS Yellow Zone log.INFO: Sending credit warning SMS to customer 24charlotte [] []
[2019-08-12 08:00:03] Credit Warning SMS Yellow Zone log.INFO: Credit warning SMS sent to customer 24charlotte [] []
[2019-08-12 08:00:03] Credit Warning SMS Yellow Zone log.INFO: Sending credit warning SMS to customer 28charlotte [] []
[2019-08-12 08:00:04] Credit Warning SMS Yellow Zone log.INFO: Credit warning SMS sent to customer 28charlotte [] []
[2019-08-12 08:00:04] Credit Warning SMS Yellow Zone log.INFO: Sending credit warning SMS to customer 41charlotte [] []
[2019-08-12 08:00:04] Credit Warning SMS Yellow Zone log.INFO: Credit warning SMS sent to customer 41charlotte [] []
[2019-08-12 08:00:04] Credit Warning SMS Yellow Zone log.INFO: Sending credit warning SMS to customer 110charlotte [] []
[2019-08-12 08:00:04] Credit Warning SMS Yellow Zone log.INFO: Credit warning SMS sent to customer 110charlotte [] []
[2019-08-12 08:00:04] Credit Warning SMS Yellow Zone log.INFO: Sending credit warning SMS to customer 29charlotte [] []
[2019-08-12 08:00:04] Credit Warning SMS Yellow Zone log.INFO: Credit warning SMS sent to customer 29charlotte [] []
[2019-08-12 08:00:04] Credit Warning SMS Yellow Zone log.INFO: Sending credit warning SMS to customer 52charlotte [] []
[2019-08-12 08:00:04] Credit Warning SMS Yellow Zone log.INFO: Credit warning SMS sent to customer 52charlotte [] []
[2019-08-12 08:00:04] Credit Warning SMS Yellow Zone log.INFO: Sending credit warning SMS to customer 57charlotte [] []
[2019-08-12 08:00:04] Credit Warning SMS Yellow Zone log.INFO: Credit warning SMS sent to customer 57charlotte [] []
[2019-08-12 08:00:04] Credit Warning SMS Yellow Zone log.INFO: Sending credit warning SMS to customer 66charlotte [] []
[2019-08-12 08:00:04] Credit Warning SMS Yellow Zone log.INFO: Credit warning SMS sent to customer 66charlotte [] []
[2019-08-12 08:00:04] Credit Warning SMS Yellow Zone log.INFO: Sending credit warning SMS to customer 63charlotte [] []
[2019-08-12 08:00:04] Credit Warning SMS Yellow Zone log.INFO: Credit warning SMS sent to customer 63charlotte [] []
[2019-08-12 08:00:04] Credit Warning SMS Yellow Zone log.INFO: Sending credit warning SMS to customer 85charlotte [] []
[2019-08-12 08:00:04] Credit Warning SMS Yellow Zone log.INFO: Credit warning SMS sent to customer 85charlotte [] []
[2019-08-12 08:00:04] Credit Warning SMS Yellow Zone log.INFO: Sending credit warning SMS to customer 96charlotte [] []
[2019-08-12 08:00:04] Credit Warning SMS Yellow Zone log.INFO: Credit warning SMS sent to customer 96charlotte [] []
[2019-08-12 08:00:04] Credit Warning SMS Yellow Zone log.INFO: Sending credit warning SMS to customer 109charlotte [] []
[2019-08-12 08:00:04] Credit Warning SMS Yellow Zone log.INFO: Credit warning SMS sent to customer 109charlotte [] []
[2019-08-12 08:00:04] Credit Warning SMS Yellow Zone log.INFO: Sending credit warning SMS to customer 157charlotte [] []
[2019-08-12 08:00:04] Credit Warning SMS Yellow Zone log.INFO: Credit warning SMS sent to customer 157charlotte [] []
[2019-08-12 08:00:04] Credit Warning SMS Yellow Zone log.INFO: Sent Credit warning SMS to 81 customers! [] []
