[2019-12-15 10:30:01] Credit Warning SMS Yellow Zone log.INFO: Sending credit warning SMS to customer 8brackenview [] []
[2019-12-15 10:30:01] Credit Warning SMS Yellow Zone log.INFO: Credit warning SMS sent to customer 8brackenview [] []
[2019-12-15 10:30:01] Credit Warning SMS Yellow Zone log.INFO: Sending credit warning SMS to customer 3garryknock [] []
[2019-12-15 10:30:01] Credit Warning SMS Yellow Zone log.INFO: Credit warning SMS sent to customer 3garryknock [] []
[2019-12-15 10:30:01] Credit Warning SMS Yellow Zone log.INFO: Sending credit warning SMS to customer 50Emerald [] []
[2019-12-15 10:30:02] Credit Warning SMS Yellow Zone log.INFO: Credit warning SMS sent to customer 50Emerald [] []
[2019-12-15 10:30:02] Credit Warning SMS Yellow Zone log.INFO: Sending credit warning SMS to customer 19Emerald [] []
[2019-12-15 10:30:02] Credit Warning SMS Yellow Zone log.INFO: Credit warning SMS sent to customer 19Emerald [] []
[2019-12-15 10:30:02] Credit Warning SMS Yellow Zone log.INFO: Sending credit warning SMS to customer 24Emerald [] []
[2019-12-15 10:30:02] Credit Warning SMS Yellow Zone log.INFO: Credit warning SMS sent to customer 24Emerald [] []
[2019-12-15 10:30:02] Credit Warning SMS Yellow Zone log.INFO: Sending credit warning SMS to customer 7Emerald [] []
[2019-12-15 10:30:02] Credit Warning SMS Yellow Zone log.INFO: Credit warning SMS sent to customer 7Emerald [] []
[2019-12-15 10:30:02] Credit Warning SMS Yellow Zone log.INFO: Sending credit warning SMS to customer 177neptune [] []
[2019-12-15 10:30:02] Credit Warning SMS Yellow Zone log.INFO: Credit warning SMS sent to customer 177neptune [] []
[2019-12-15 10:30:02] Credit Warning SMS Yellow Zone log.INFO: Sending credit warning SMS to customer 155Neptune [] []
[2019-12-15 10:30:02] Credit Warning SMS Yellow Zone log.INFO: Credit warning SMS sent to customer 155Neptune [] []
[2019-12-15 10:30:02] Credit Warning SMS Yellow Zone log.INFO: Sending credit warning SMS to customer 129neptune [] []
[2019-12-15 10:30:02] Credit Warning SMS Yellow Zone log.INFO: Credit warning SMS sent to customer 129neptune [] []
[2019-12-15 10:30:02] Credit Warning SMS Yellow Zone log.INFO: Sending credit warning SMS to customer 69Neptune [] []
[2019-12-15 10:30:02] Credit Warning SMS Yellow Zone log.INFO: Credit warning SMS sent to customer 69Neptune [] []
[2019-12-15 10:30:02] Credit Warning SMS Yellow Zone log.INFO: Sending credit warning SMS to customer 99Neptune [] []
[2019-12-15 10:30:02] Credit Warning SMS Yellow Zone log.INFO: Credit warning SMS sent to customer 99Neptune [] []
[2019-12-15 10:30:02] Credit Warning SMS Yellow Zone log.INFO: Sending credit warning SMS to customer 73Neptune [] []
[2019-12-15 10:30:02] Credit Warning SMS Yellow Zone log.INFO: Credit warning SMS sent to customer 73Neptune [] []
[2019-12-15 10:30:02] Credit Warning SMS Yellow Zone log.INFO: Sending credit warning SMS to customer 195neptune [] []
[2019-12-15 10:30:02] Credit Warning SMS Yellow Zone log.INFO: Credit warning SMS sent to customer 195neptune [] []
[2019-12-15 10:30:02] Credit Warning SMS Yellow Zone log.INFO: Sending credit warning SMS to customer 54Neptune [] []
[2019-12-15 10:30:02] Credit Warning SMS Yellow Zone log.INFO: Credit warning SMS sent to customer 54Neptune [] []
[2019-12-15 10:30:02] Credit Warning SMS Yellow Zone log.INFO: Sending credit warning SMS to customer 114Neptune [] []
[2019-12-15 10:30:02] Credit Warning SMS Yellow Zone log.INFO: Credit warning SMS sent to customer 114Neptune [] []
[2019-12-15 10:30:02] Credit Warning SMS Yellow Zone log.INFO: Sending credit warning SMS to customer 56Neptune [] []
[2019-12-15 10:30:02] Credit Warning SMS Yellow Zone log.INFO: Credit warning SMS sent to customer 56Neptune [] []
[2019-12-15 10:30:02] Credit Warning SMS Yellow Zone log.INFO: Sending credit warning SMS to customer 185neptune [] []
[2019-12-15 10:30:02] Credit Warning SMS Yellow Zone log.INFO: Credit warning SMS sent to customer 185neptune [] []
[2019-12-15 10:30:02] Credit Warning SMS Yellow Zone log.INFO: Sending credit warning SMS to customer 187neptune [] []
[2019-12-15 10:30:02] Credit Warning SMS Yellow Zone log.INFO: Credit warning SMS sent to customer 187neptune [] []
[2019-12-15 10:30:02] Credit Warning SMS Yellow Zone log.INFO: Sending credit warning SMS to customer 9neptune [] []
[2019-12-15 10:30:02] Credit Warning SMS Yellow Zone log.INFO: Credit warning SMS sent to customer 9neptune [] []
[2019-12-15 10:30:02] Credit Warning SMS Yellow Zone log.INFO: Sending credit warning SMS to customer 20neptune [] []
[2019-12-15 10:30:02] Credit Warning SMS Yellow Zone log.INFO: Credit warning SMS sent to customer 20neptune [] []
[2019-12-15 10:30:02] Credit Warning SMS Yellow Zone log.INFO: Sending credit warning SMS to customer 23neptune [] []
[2019-12-15 10:30:02] Credit Warning SMS Yellow Zone log.INFO: Credit warning SMS sent to customer 23neptune [] []
[2019-12-15 10:30:02] Credit Warning SMS Yellow Zone log.INFO: Sending credit warning SMS to customer 10Abbott [] []
[2019-12-15 10:30:02] Credit Warning SMS Yellow Zone log.INFO: Credit warning SMS sent to customer 10Abbott [] []
[2019-12-15 10:30:02] Credit Warning SMS Yellow Zone log.INFO: Sending credit warning SMS to customer 21Abbott [] []
[2019-12-15 10:30:02] Credit Warning SMS Yellow Zone log.INFO: Credit warning SMS sent to customer 21Abbott [] []
[2019-12-15 10:30:02] Credit Warning SMS Yellow Zone log.INFO: Sending credit warning SMS to customer 74Abbott [] []
[2019-12-15 10:30:02] Credit Warning SMS Yellow Zone log.INFO: Credit warning SMS sent to customer 74Abbott [] []
[2019-12-15 10:30:02] Credit Warning SMS Yellow Zone log.INFO: Sending credit warning SMS to customer 59Abbott [] []
[2019-12-15 10:30:02] Credit Warning SMS Yellow Zone log.INFO: Credit warning SMS sent to customer 59Abbott [] []
[2019-12-15 10:30:02] Credit Warning SMS Yellow Zone log.INFO: Sending credit warning SMS to customer 62Abbott [] []
[2019-12-15 10:30:02] Credit Warning SMS Yellow Zone log.INFO: Credit warning SMS sent to customer 62Abbott [] []
[2019-12-15 10:30:02] Credit Warning SMS Yellow Zone log.INFO: Sending credit warning SMS to customer 87Abbott [] []
[2019-12-15 10:30:02] Credit Warning SMS Yellow Zone log.INFO: Credit warning SMS sent to customer 87Abbott [] []
[2019-12-15 10:30:02] Credit Warning SMS Yellow Zone log.INFO: Sending credit warning SMS to customer 70Abbott [] []
[2019-12-15 10:30:02] Credit Warning SMS Yellow Zone log.INFO: Credit warning SMS sent to customer 70Abbott [] []
[2019-12-15 10:30:02] Credit Warning SMS Yellow Zone log.INFO: Sending credit warning SMS to customer 84Abbott [] []
[2019-12-15 10:30:02] Credit Warning SMS Yellow Zone log.INFO: Credit warning SMS sent to customer 84Abbott [] []
[2019-12-15 10:30:02] Credit Warning SMS Yellow Zone log.INFO: Sending credit warning SMS to customer 44Abbott [] []
[2019-12-15 10:30:02] Credit Warning SMS Yellow Zone log.INFO: Credit warning SMS sent to customer 44Abbott [] []
[2019-12-15 10:30:02] Credit Warning SMS Yellow Zone log.INFO: Sending credit warning SMS to customer 92Abbott [] []
[2019-12-15 10:30:03] Credit Warning SMS Yellow Zone log.INFO: Credit warning SMS sent to customer 92Abbott [] []
[2019-12-15 10:30:03] Credit Warning SMS Yellow Zone log.INFO: Sending credit warning SMS to customer 71Abbott [] []
[2019-12-15 10:30:03] Credit Warning SMS Yellow Zone log.INFO: Credit warning SMS sent to customer 71Abbott [] []
[2019-12-15 10:30:03] Credit Warning SMS Yellow Zone log.INFO: Sending credit warning SMS to customer 105Abbott [] []
[2019-12-15 10:30:03] Credit Warning SMS Yellow Zone log.INFO: Credit warning SMS sent to customer 105Abbott [] []
[2019-12-15 10:30:03] Credit Warning SMS Yellow Zone log.INFO: Sending credit warning SMS to customer 117Abbott [] []
[2019-12-15 10:30:03] Credit Warning SMS Yellow Zone log.INFO: Credit warning SMS sent to customer 117Abbott [] []
[2019-12-15 10:30:03] Credit Warning SMS Yellow Zone log.INFO: Sending credit warning SMS to customer 119Abbott [] []
[2019-12-15 10:30:03] Credit Warning SMS Yellow Zone log.INFO: Credit warning SMS sent to customer 119Abbott [] []
[2019-12-15 10:30:03] Credit Warning SMS Yellow Zone log.INFO: Sending credit warning SMS to customer 98Abbott [] []
[2019-12-15 10:30:03] Credit Warning SMS Yellow Zone log.INFO: Credit warning SMS sent to customer 98Abbott [] []
[2019-12-15 10:30:03] Credit Warning SMS Yellow Zone log.INFO: Sending credit warning SMS to customer 155abbott [] []
[2019-12-15 10:30:03] Credit Warning SMS Yellow Zone log.INFO: Credit warning SMS sent to customer 155abbott [] []
[2019-12-15 10:30:03] Credit Warning SMS Yellow Zone log.INFO: Sending credit warning SMS to customer 141abbott [] []
[2019-12-15 10:30:03] Credit Warning SMS Yellow Zone log.INFO: Credit warning SMS sent to customer 141abbott [] []
[2019-12-15 10:30:03] Credit Warning SMS Yellow Zone log.INFO: Sending credit warning SMS to customer 167abbott [] []
[2019-12-15 10:30:03] Credit Warning SMS Yellow Zone log.INFO: Credit warning SMS sent to customer 167abbott [] []
[2019-12-15 10:30:03] Credit Warning SMS Yellow Zone log.INFO: Sending credit warning SMS to customer 149abbott [] []
[2019-12-15 10:30:03] Credit Warning SMS Yellow Zone log.INFO: Credit warning SMS sent to customer 149abbott [] []
[2019-12-15 10:30:03] Credit Warning SMS Yellow Zone log.INFO: Sending credit warning SMS to customer 1GreenBank [] []
[2019-12-15 10:30:03] Credit Warning SMS Yellow Zone log.INFO: Credit warning SMS sent to customer 1GreenBank [] []
[2019-12-15 10:30:03] Credit Warning SMS Yellow Zone log.INFO: Sending credit warning SMS to customer 15GreenBank [] []
[2019-12-15 10:30:03] Credit Warning SMS Yellow Zone log.INFO: Credit warning SMS sent to customer 15GreenBank [] []
[2019-12-15 10:30:03] Credit Warning SMS Yellow Zone log.INFO: Sending credit warning SMS to customer 128abbott [] []
[2019-12-15 10:30:03] Credit Warning SMS Yellow Zone log.INFO: Credit warning SMS sent to customer 128abbott [] []
[2019-12-15 10:30:03] Credit Warning SMS Yellow Zone log.INFO: Sending credit warning SMS to customer 125abbott [] []
[2019-12-15 10:30:03] Credit Warning SMS Yellow Zone log.INFO: Credit warning SMS sent to customer 125abbott [] []
[2019-12-15 10:30:03] Credit Warning SMS Yellow Zone log.INFO: Sending credit warning SMS to customer 90eustace [] []
[2019-12-15 10:30:03] Credit Warning SMS Yellow Zone log.INFO: Credit warning SMS sent to customer 90eustace [] []
[2019-12-15 10:30:03] Credit Warning SMS Yellow Zone log.INFO: Sending credit warning SMS to customer 55eustace [] []
[2019-12-15 10:30:03] Credit Warning SMS Yellow Zone log.INFO: Credit warning SMS sent to customer 55eustace [] []
[2019-12-15 10:30:03] Credit Warning SMS Yellow Zone log.INFO: Sending credit warning SMS to customer 88eustace [] []
[2019-12-15 10:30:03] Credit Warning SMS Yellow Zone log.INFO: Credit warning SMS sent to customer 88eustace [] []
[2019-12-15 10:30:03] Credit Warning SMS Yellow Zone log.INFO: Sending credit warning SMS to customer 57eustace [] []
[2019-12-15 10:30:03] Credit Warning SMS Yellow Zone log.INFO: Credit warning SMS sent to customer 57eustace [] []
[2019-12-15 10:30:03] Credit Warning SMS Yellow Zone log.INFO: Sending credit warning SMS to customer 92eustace [] []
[2019-12-15 10:30:03] Credit Warning SMS Yellow Zone log.INFO: Credit warning SMS sent to customer 92eustace [] []
[2019-12-15 10:30:03] Credit Warning SMS Yellow Zone log.INFO: Sending credit warning SMS to customer 82eustace [] []
[2019-12-15 10:30:03] Credit Warning SMS Yellow Zone log.INFO: Credit warning SMS sent to customer 82eustace [] []
[2019-12-15 10:30:03] Credit Warning SMS Yellow Zone log.INFO: Sending credit warning SMS to customer 19leona [] []
[2019-12-15 10:30:03] Credit Warning SMS Yellow Zone log.INFO: Credit warning SMS sent to customer 19leona [] []
[2019-12-15 10:30:03] Credit Warning SMS Yellow Zone log.INFO: Sending credit warning SMS to customer 33leona [] []
[2019-12-15 10:30:03] Credit Warning SMS Yellow Zone log.INFO: Credit warning SMS sent to customer 33leona [] []
[2019-12-15 10:30:03] Credit Warning SMS Yellow Zone log.INFO: Sending credit warning SMS to customer 27leona [] []
[2019-12-15 10:30:03] Credit Warning SMS Yellow Zone log.INFO: Credit warning SMS sent to customer 27leona [] []
[2019-12-15 10:30:03] Credit Warning SMS Yellow Zone log.INFO: Sending credit warning SMS to customer 5leona [] []
[2019-12-15 10:30:03] Credit Warning SMS Yellow Zone log.INFO: Credit warning SMS sent to customer 5leona [] []
[2019-12-15 10:30:03] Credit Warning SMS Yellow Zone log.INFO: Sending credit warning SMS to customer 141leona [] []
[2019-12-15 10:30:03] Credit Warning SMS Yellow Zone log.INFO: Credit warning SMS sent to customer 141leona [] []
[2019-12-15 10:30:03] Credit Warning SMS Yellow Zone log.INFO: Sending credit warning SMS to customer 135leona [] []
[2019-12-15 10:30:03] Credit Warning SMS Yellow Zone log.INFO: Credit warning SMS sent to customer 135leona [] []
[2019-12-15 10:30:03] Credit Warning SMS Yellow Zone log.INFO: Sending credit warning SMS to customer 120leona [] []
[2019-12-15 10:30:03] Credit Warning SMS Yellow Zone log.INFO: Credit warning SMS sent to customer 120leona [] []
[2019-12-15 10:30:03] Credit Warning SMS Yellow Zone log.INFO: Sending credit warning SMS to customer 52leona [] []
[2019-12-15 10:30:03] Credit Warning SMS Yellow Zone log.INFO: Credit warning SMS sent to customer 52leona [] []
[2019-12-15 10:30:03] Credit Warning SMS Yellow Zone log.INFO: Sending credit warning SMS to customer 121leona [] []
[2019-12-15 10:30:03] Credit Warning SMS Yellow Zone log.INFO: Credit warning SMS sent to customer 121leona [] []
[2019-12-15 10:30:03] Credit Warning SMS Yellow Zone log.INFO: Sending credit warning SMS to customer 105leona [] []
[2019-12-15 10:30:04] Credit Warning SMS Yellow Zone log.INFO: Credit warning SMS sent to customer 105leona [] []
[2019-12-15 10:30:04] Credit Warning SMS Yellow Zone log.INFO: Sending credit warning SMS to customer 45leona [] []
[2019-12-15 10:30:04] Credit Warning SMS Yellow Zone log.INFO: Credit warning SMS sent to customer 45leona [] []
[2019-12-15 10:30:04] Credit Warning SMS Yellow Zone log.INFO: Sending credit warning SMS to customer 68leona [] []
[2019-12-15 10:30:04] Credit Warning SMS Yellow Zone log.INFO: Credit warning SMS sent to customer 68leona [] []
[2019-12-15 10:30:04] Credit Warning SMS Yellow Zone log.INFO: Sending credit warning SMS to customer 20leona [] []
[2019-12-15 10:30:04] Credit Warning SMS Yellow Zone log.INFO: Credit warning SMS sent to customer 20leona [] []
[2019-12-15 10:30:04] Credit Warning SMS Yellow Zone log.INFO: Sending credit warning SMS to customer 85leona [] []
[2019-12-15 10:30:04] Credit Warning SMS Yellow Zone log.INFO: Credit warning SMS sent to customer 85leona [] []
[2019-12-15 10:30:04] Credit Warning SMS Yellow Zone log.INFO: Sending credit warning SMS to customer 37leona [] []
[2019-12-15 10:30:04] Credit Warning SMS Yellow Zone log.INFO: Credit warning SMS sent to customer 37leona [] []
[2019-12-15 10:30:04] Credit Warning SMS Yellow Zone log.INFO: Sending credit warning SMS to customer 117charlotte [] []
[2019-12-15 10:30:04] Credit Warning SMS Yellow Zone log.INFO: Credit warning SMS sent to customer 117charlotte [] []
[2019-12-15 10:30:04] Credit Warning SMS Yellow Zone log.INFO: Sending credit warning SMS to customer 43charlotte [] []
[2019-12-15 10:30:04] Credit Warning SMS Yellow Zone log.INFO: Credit warning SMS sent to customer 43charlotte [] []
[2019-12-15 10:30:04] Credit Warning SMS Yellow Zone log.INFO: Sending credit warning SMS to customer 40charlotte [] []
[2019-12-15 10:30:04] Credit Warning SMS Yellow Zone log.INFO: Credit warning SMS sent to customer 40charlotte [] []
[2019-12-15 10:30:04] Credit Warning SMS Yellow Zone log.INFO: Sending credit warning SMS to customer 18charlotte [] []
[2019-12-15 10:30:04] Credit Warning SMS Yellow Zone log.INFO: Credit warning SMS sent to customer 18charlotte [] []
[2019-12-15 10:30:04] Credit Warning SMS Yellow Zone log.INFO: Sending credit warning SMS to customer 54charlotte [] []
[2019-12-15 10:30:04] Credit Warning SMS Yellow Zone log.INFO: Credit warning SMS sent to customer 54charlotte [] []
[2019-12-15 10:30:04] Credit Warning SMS Yellow Zone log.INFO: Sending credit warning SMS to customer 60charlotte [] []
[2019-12-15 10:30:04] Credit Warning SMS Yellow Zone log.INFO: Credit warning SMS sent to customer 60charlotte [] []
[2019-12-15 10:30:04] Credit Warning SMS Yellow Zone log.INFO: Sending credit warning SMS to customer 82charlotte [] []
[2019-12-15 10:30:04] Credit Warning SMS Yellow Zone log.INFO: Credit warning SMS sent to customer 82charlotte [] []
[2019-12-15 10:30:04] Credit Warning SMS Yellow Zone log.INFO: Sending credit warning SMS to customer 124charlotte [] []
[2019-12-15 10:30:04] Credit Warning SMS Yellow Zone log.INFO: Credit warning SMS sent to customer 124charlotte [] []
[2019-12-15 10:30:04] Credit Warning SMS Yellow Zone log.INFO: Sending credit warning SMS to customer 135charlotte [] []
[2019-12-15 10:30:04] Credit Warning SMS Yellow Zone log.INFO: Credit warning SMS sent to customer 135charlotte [] []
[2019-12-15 10:30:04] Credit Warning SMS Yellow Zone log.INFO: Sending credit warning SMS to customer 6bridgefield [] []
[2019-12-15 10:30:04] Credit Warning SMS Yellow Zone log.INFO: Credit warning SMS sent to customer 6bridgefield [] []
[2019-12-15 10:30:04] Credit Warning SMS Yellow Zone log.INFO: Sending credit warning SMS to customer 21pappan [] []
[2019-12-15 10:30:04] Credit Warning SMS Yellow Zone log.INFO: Credit warning SMS sent to customer 21pappan [] []
[2019-12-15 10:30:04] Credit Warning SMS Yellow Zone log.INFO: Sending credit warning SMS to customer 28pappan [] []
[2019-12-15 10:30:04] Credit Warning SMS Yellow Zone log.INFO: Credit warning SMS sent to customer 28pappan [] []
[2019-12-15 10:30:04] Credit Warning SMS Yellow Zone log.INFO: Sending credit warning SMS to customer 77fairways [] []
[2019-12-15 10:30:04] Credit Warning SMS Yellow Zone log.INFO: Credit warning SMS sent to customer 77fairways [] []
[2019-12-15 10:30:04] Credit Warning SMS Yellow Zone log.INFO: Sending credit warning SMS to customer 83fairways [] []
[2019-12-15 10:30:04] Credit Warning SMS Yellow Zone log.INFO: Credit warning SMS sent to customer 83fairways [] []
[2019-12-15 10:30:04] Credit Warning SMS Yellow Zone log.INFO: Sending credit warning SMS to customer 87fairways [] []
[2019-12-15 10:30:04] Credit Warning SMS Yellow Zone log.INFO: Credit warning SMS sent to customer 87fairways [] []
[2019-12-15 10:30:04] Credit Warning SMS Yellow Zone log.INFO: Sending credit warning SMS to customer 99fairways [] []
[2019-12-15 10:30:04] Credit Warning SMS Yellow Zone log.INFO: Credit warning SMS sent to customer 99fairways [] []
[2019-12-15 10:30:04] Credit Warning SMS Yellow Zone log.INFO: Sending credit warning SMS to customer 153fairways [] []
[2019-12-15 10:30:04] Credit Warning SMS Yellow Zone log.INFO: Credit warning SMS sent to customer 153fairways [] []
[2019-12-15 10:30:04] Credit Warning SMS Yellow Zone log.INFO: Sending credit warning SMS to customer 157fairways [] []
[2019-12-15 10:30:04] Credit Warning SMS Yellow Zone log.INFO: Credit warning SMS sent to customer 157fairways [] []
[2019-12-15 10:30:04] Credit Warning SMS Yellow Zone log.INFO: Sending credit warning SMS to customer 12fairways [] []
[2019-12-15 10:30:04] Credit Warning SMS Yellow Zone log.INFO: Credit warning SMS sent to customer 12fairways [] []
[2019-12-15 10:30:04] Credit Warning SMS Yellow Zone log.INFO: Sending credit warning SMS to customer 21fairways [] []
[2019-12-15 10:30:04] Credit Warning SMS Yellow Zone log.INFO: Credit warning SMS sent to customer 21fairways [] []
[2019-12-15 10:30:04] Credit Warning SMS Yellow Zone log.INFO: Sending credit warning SMS to customer 34fairways [] []
[2019-12-15 10:30:04] Credit Warning SMS Yellow Zone log.INFO: Credit warning SMS sent to customer 34fairways [] []
[2019-12-15 10:30:04] Credit Warning SMS Yellow Zone log.INFO: Sending credit warning SMS to customer 39fairways [] []
[2019-12-15 10:30:04] Credit Warning SMS Yellow Zone log.INFO: Credit warning SMS sent to customer 39fairways [] []
[2019-12-15 10:30:04] Credit Warning SMS Yellow Zone log.INFO: Sending credit warning SMS to customer 45fairways [] []
[2019-12-15 10:30:04] Credit Warning SMS Yellow Zone log.INFO: Credit warning SMS sent to customer 45fairways [] []
[2019-12-15 10:30:04] Credit Warning SMS Yellow Zone log.INFO: Sending credit warning SMS to customer 52fairways [] []
[2019-12-15 10:30:05] Credit Warning SMS Yellow Zone log.INFO: Credit warning SMS sent to customer 52fairways [] []
[2019-12-15 10:30:05] Credit Warning SMS Yellow Zone log.INFO: Sending credit warning SMS to customer 57fairways [] []
[2019-12-15 10:30:05] Credit Warning SMS Yellow Zone log.INFO: Credit warning SMS sent to customer 57fairways [] []
[2019-12-15 10:30:05] Credit Warning SMS Yellow Zone log.INFO: Sending credit warning SMS to customer 81marina [] []
[2019-12-15 10:30:05] Credit Warning SMS Yellow Zone log.INFO: Credit warning SMS sent to customer 81marina [] []
[2019-12-15 10:30:05] Credit Warning SMS Yellow Zone log.INFO: Sending credit warning SMS to customer 89marina [] []
[2019-12-15 10:30:05] Credit Warning SMS Yellow Zone log.INFO: Credit warning SMS sent to customer 89marina [] []
[2019-12-15 10:30:05] Credit Warning SMS Yellow Zone log.INFO: Sending credit warning SMS to customer 38marina [] []
[2019-12-15 10:30:05] Credit Warning SMS Yellow Zone log.INFO: Credit warning SMS sent to customer 38marina [] []
[2019-12-15 10:30:05] Credit Warning SMS Yellow Zone log.INFO: Sent Credit warning SMS to 93 customers! [] []
