[2019-11-29 08:00:01] Credit Warning SMS Yellow Zone log.INFO: Sending credit warning SMS to customer 8brackenview [] []
[2019-11-29 08:00:01] Credit Warning SMS Yellow Zone log.INFO: Credit warning SMS sent to customer 8brackenview [] []
[2019-11-29 08:00:01] Credit Warning SMS Yellow Zone log.INFO: Sending credit warning SMS to customer 2garryknock [] []
[2019-11-29 08:00:01] Credit Warning SMS Yellow Zone log.INFO: Credit warning SMS sent to customer 2garryknock [] []
[2019-11-29 08:00:01] Credit Warning SMS Yellow Zone log.INFO: Sending credit warning SMS to customer 15brackenview [] []
[2019-11-29 08:00:01] Credit Warning SMS Yellow Zone log.INFO: Credit warning SMS sent to customer 15brackenview [] []
[2019-11-29 08:00:01] Credit Warning SMS Yellow Zone log.INFO: Sending credit warning SMS to customer 2brackenview [] []
[2019-11-29 08:00:01] Credit Warning SMS Yellow Zone log.INFO: Credit warning SMS sent to customer 2brackenview [] []
[2019-11-29 08:00:01] Credit Warning SMS Yellow Zone log.INFO: Sending credit warning SMS to customer 42Emerald [] []
[2019-11-29 08:00:01] Credit Warning SMS Yellow Zone log.INFO: Credit warning SMS sent to customer 42Emerald [] []
[2019-11-29 08:00:01] Credit Warning SMS Yellow Zone log.INFO: Sending credit warning SMS to customer 32Emerald [] []
[2019-11-29 08:00:02] Credit Warning SMS Yellow Zone log.INFO: Credit warning SMS sent to customer 32Emerald [] []
[2019-11-29 08:00:02] Credit Warning SMS Yellow Zone log.INFO: Sending credit warning SMS to customer 19Emerald [] []
[2019-11-29 08:00:02] Credit Warning SMS Yellow Zone log.INFO: Credit warning SMS sent to customer 19Emerald [] []
[2019-11-29 08:00:02] Credit Warning SMS Yellow Zone log.INFO: Sending credit warning SMS to customer 24Emerald [] []
[2019-11-29 08:00:02] Credit Warning SMS Yellow Zone log.INFO: Credit warning SMS sent to customer 24Emerald [] []
[2019-11-29 08:00:02] Credit Warning SMS Yellow Zone log.INFO: Sending credit warning SMS to customer 49Emerald [] []
[2019-11-29 08:00:02] Credit Warning SMS Yellow Zone log.INFO: Credit warning SMS sent to customer 49Emerald [] []
[2019-11-29 08:00:02] Credit Warning SMS Yellow Zone log.INFO: Sending credit warning SMS to customer 7Emerald [] []
[2019-11-29 08:00:02] Credit Warning SMS Yellow Zone log.INFO: Credit warning SMS sent to customer 7Emerald [] []
[2019-11-29 08:00:02] Credit Warning SMS Yellow Zone log.INFO: Sending credit warning SMS to customer 157Neptune [] []
[2019-11-29 08:00:02] Credit Warning SMS Yellow Zone log.INFO: Credit warning SMS sent to customer 157Neptune [] []
[2019-11-29 08:00:02] Credit Warning SMS Yellow Zone log.INFO: Sending credit warning SMS to customer 136Neptune [] []
[2019-11-29 08:00:02] Credit Warning SMS Yellow Zone log.INFO: Credit warning SMS sent to customer 136Neptune [] []
[2019-11-29 08:00:02] Credit Warning SMS Yellow Zone log.INFO: Sending credit warning SMS to customer 142Neptune [] []
[2019-11-29 08:00:02] Credit Warning SMS Yellow Zone log.INFO: Credit warning SMS sent to customer 142Neptune [] []
[2019-11-29 08:00:02] Credit Warning SMS Yellow Zone log.INFO: Sending credit warning SMS to customer 110Neptune [] []
[2019-11-29 08:00:02] Credit Warning SMS Yellow Zone log.INFO: Credit warning SMS sent to customer 110Neptune [] []
[2019-11-29 08:00:02] Credit Warning SMS Yellow Zone log.INFO: Sending credit warning SMS to customer 118Neptune [] []
[2019-11-29 08:00:02] Credit Warning SMS Yellow Zone log.INFO: Credit warning SMS sent to customer 118Neptune [] []
[2019-11-29 08:00:02] Credit Warning SMS Yellow Zone log.INFO: Sending credit warning SMS to customer 99Neptune [] []
[2019-11-29 08:00:02] Credit Warning SMS Yellow Zone log.INFO: Credit warning SMS sent to customer 99Neptune [] []
[2019-11-29 08:00:02] Credit Warning SMS Yellow Zone log.INFO: Sending credit warning SMS to customer 88Neptune [] []
[2019-11-29 08:00:02] Credit Warning SMS Yellow Zone log.INFO: Credit warning SMS sent to customer 88Neptune [] []
[2019-11-29 08:00:02] Credit Warning SMS Yellow Zone log.INFO: Sending credit warning SMS to customer 196neptune [] []
[2019-11-29 08:00:02] Credit Warning SMS Yellow Zone log.INFO: Credit warning SMS sent to customer 196neptune [] []
[2019-11-29 08:00:02] Credit Warning SMS Yellow Zone log.INFO: Sending credit warning SMS to customer 33neptune [] []
[2019-11-29 08:00:02] Credit Warning SMS Yellow Zone log.INFO: Credit warning SMS sent to customer 33neptune [] []
[2019-11-29 08:00:02] Credit Warning SMS Yellow Zone log.INFO: Sending credit warning SMS to customer 66Neptune [] []
[2019-11-29 08:00:02] Credit Warning SMS Yellow Zone log.INFO: Credit warning SMS sent to customer 66Neptune [] []
[2019-11-29 08:00:02] Credit Warning SMS Yellow Zone log.INFO: Sending credit warning SMS to customer 64Neptune [] []
[2019-11-29 08:00:02] Credit Warning SMS Yellow Zone log.INFO: Credit warning SMS sent to customer 64Neptune [] []
[2019-11-29 08:00:02] Credit Warning SMS Yellow Zone log.INFO: Sending credit warning SMS to customer 165neptune [] []
[2019-11-29 08:00:02] Credit Warning SMS Yellow Zone log.INFO: Credit warning SMS sent to customer 165neptune [] []
[2019-11-29 08:00:02] Credit Warning SMS Yellow Zone log.INFO: Sending credit warning SMS to customer 45Neptune [] []
[2019-11-29 08:00:02] Credit Warning SMS Yellow Zone log.INFO: Credit warning SMS sent to customer 45Neptune [] []
[2019-11-29 08:00:02] Credit Warning SMS Yellow Zone log.INFO: Sending credit warning SMS to customer 8neptune [] []
[2019-11-29 08:00:02] Credit Warning SMS Yellow Zone log.INFO: Credit warning SMS sent to customer 8neptune [] []
[2019-11-29 08:00:02] Credit Warning SMS Yellow Zone log.INFO: Sending credit warning SMS to customer 13neptune [] []
[2019-11-29 08:00:02] Credit Warning SMS Yellow Zone log.INFO: Credit warning SMS sent to customer 13neptune [] []
[2019-11-29 08:00:02] Credit Warning SMS Yellow Zone log.INFO: Sending credit warning SMS to customer 71Neptune [] []
[2019-11-29 08:00:02] Credit Warning SMS Yellow Zone log.INFO: Credit warning SMS sent to customer 71Neptune [] []
[2019-11-29 08:00:02] Credit Warning SMS Yellow Zone log.INFO: Sending credit warning SMS to customer 63Neptune [] []
[2019-11-29 08:00:02] Credit Warning SMS Yellow Zone log.INFO: Credit warning SMS sent to customer 63Neptune [] []
[2019-11-29 08:00:02] Credit Warning SMS Yellow Zone log.INFO: Sending credit warning SMS to customer 5Abbott [] []
[2019-11-29 08:00:02] Credit Warning SMS Yellow Zone log.INFO: Credit warning SMS sent to customer 5Abbott [] []
[2019-11-29 08:00:02] Credit Warning SMS Yellow Zone log.INFO: Sending credit warning SMS to customer 10Abbott [] []
[2019-11-29 08:00:02] Credit Warning SMS Yellow Zone log.INFO: Credit warning SMS sent to customer 10Abbott [] []
[2019-11-29 08:00:02] Credit Warning SMS Yellow Zone log.INFO: Sending credit warning SMS to customer 24Abbott [] []
[2019-11-29 08:00:02] Credit Warning SMS Yellow Zone log.INFO: Credit warning SMS sent to customer 24Abbott [] []
[2019-11-29 08:00:02] Credit Warning SMS Yellow Zone log.INFO: Sending credit warning SMS to customer 28Abbott [] []
[2019-11-29 08:00:02] Credit Warning SMS Yellow Zone log.INFO: Credit warning SMS sent to customer 28Abbott [] []
[2019-11-29 08:00:02] Credit Warning SMS Yellow Zone log.INFO: Sending credit warning SMS to customer 31Abbott [] []
[2019-11-29 08:00:02] Credit Warning SMS Yellow Zone log.INFO: Credit warning SMS sent to customer 31Abbott [] []
[2019-11-29 08:00:02] Credit Warning SMS Yellow Zone log.INFO: Sending credit warning SMS to customer 35Abbott [] []
[2019-11-29 08:00:02] Credit Warning SMS Yellow Zone log.INFO: Credit warning SMS sent to customer 35Abbott [] []
[2019-11-29 08:00:02] Credit Warning SMS Yellow Zone log.INFO: Sending credit warning SMS to customer 74Abbott [] []
[2019-11-29 08:00:03] Credit Warning SMS Yellow Zone log.INFO: Credit warning SMS sent to customer 74Abbott [] []
[2019-11-29 08:00:03] Credit Warning SMS Yellow Zone log.INFO: Sending credit warning SMS to customer 88Abbott [] []
[2019-11-29 08:00:03] Credit Warning SMS Yellow Zone log.INFO: Credit warning SMS sent to customer 88Abbott [] []
[2019-11-29 08:00:03] Credit Warning SMS Yellow Zone log.INFO: Sending credit warning SMS to customer 84Abbott [] []
[2019-11-29 08:00:03] Credit Warning SMS Yellow Zone log.INFO: Credit warning SMS sent to customer 84Abbott [] []
[2019-11-29 08:00:03] Credit Warning SMS Yellow Zone log.INFO: Sending credit warning SMS to customer 69Abbott [] []
[2019-11-29 08:00:03] Credit Warning SMS Yellow Zone log.INFO: Credit warning SMS sent to customer 69Abbott [] []
[2019-11-29 08:00:03] Credit Warning SMS Yellow Zone log.INFO: Sending credit warning SMS to customer 91Abbott [] []
[2019-11-29 08:00:03] Credit Warning SMS Yellow Zone log.INFO: Credit warning SMS sent to customer 91Abbott [] []
[2019-11-29 08:00:03] Credit Warning SMS Yellow Zone log.INFO: Sending credit warning SMS to customer 105Abbott [] []
[2019-11-29 08:00:03] Credit Warning SMS Yellow Zone log.INFO: Credit warning SMS sent to customer 105Abbott [] []
[2019-11-29 08:00:03] Credit Warning SMS Yellow Zone log.INFO: Sending credit warning SMS to customer 111Abbott [] []
[2019-11-29 08:00:03] Credit Warning SMS Yellow Zone log.INFO: Credit warning SMS sent to customer 111Abbott [] []
[2019-11-29 08:00:03] Credit Warning SMS Yellow Zone log.INFO: Sending credit warning SMS to customer 117Abbott [] []
[2019-11-29 08:00:03] Credit Warning SMS Yellow Zone log.INFO: Credit warning SMS sent to customer 117Abbott [] []
[2019-11-29 08:00:03] Credit Warning SMS Yellow Zone log.INFO: Sending credit warning SMS to customer 131abbott [] []
[2019-11-29 08:00:03] Credit Warning SMS Yellow Zone log.INFO: Credit warning SMS sent to customer 131abbott [] []
[2019-11-29 08:00:03] Credit Warning SMS Yellow Zone log.INFO: Sending credit warning SMS to customer 139abbott [] []
[2019-11-29 08:00:03] Credit Warning SMS Yellow Zone log.INFO: Credit warning SMS sent to customer 139abbott [] []
[2019-11-29 08:00:03] Credit Warning SMS Yellow Zone log.INFO: Sending credit warning SMS to customer 141abbott [] []
[2019-11-29 08:00:03] Credit Warning SMS Yellow Zone log.INFO: Credit warning SMS sent to customer 141abbott [] []
[2019-11-29 08:00:03] Credit Warning SMS Yellow Zone log.INFO: Sending credit warning SMS to customer 135abbott [] []
[2019-11-29 08:00:03] Credit Warning SMS Yellow Zone log.INFO: Credit warning SMS sent to customer 135abbott [] []
[2019-11-29 08:00:03] Credit Warning SMS Yellow Zone log.INFO: Sending credit warning SMS to customer 143abbott [] []
[2019-11-29 08:00:03] Credit Warning SMS Yellow Zone log.INFO: Credit warning SMS sent to customer 143abbott [] []
[2019-11-29 08:00:03] Credit Warning SMS Yellow Zone log.INFO: Sending credit warning SMS to customer 184abbott [] []
[2019-11-29 08:00:03] Credit Warning SMS Yellow Zone log.INFO: Credit warning SMS sent to customer 184abbott [] []
[2019-11-29 08:00:03] Credit Warning SMS Yellow Zone log.INFO: Sending credit warning SMS to customer 11GreenBank [] []
[2019-11-29 08:00:03] Credit Warning SMS Yellow Zone log.INFO: Credit warning SMS sent to customer 11GreenBank [] []
[2019-11-29 08:00:03] Credit Warning SMS Yellow Zone log.INFO: Sending credit warning SMS to customer 170abbott [] []
[2019-11-29 08:00:03] Credit Warning SMS Yellow Zone log.INFO: Credit warning SMS sent to customer 170abbott [] []
[2019-11-29 08:00:03] Credit Warning SMS Yellow Zone log.INFO: Sending credit warning SMS to customer 70eustace [] []
[2019-11-29 08:00:03] Credit Warning SMS Yellow Zone log.INFO: Credit warning SMS sent to customer 70eustace [] []
[2019-11-29 08:00:03] Credit Warning SMS Yellow Zone log.INFO: Sending credit warning SMS to customer 17eustace [] []
[2019-11-29 08:00:03] Credit Warning SMS Yellow Zone log.INFO: Credit warning SMS sent to customer 17eustace [] []
[2019-11-29 08:00:03] Credit Warning SMS Yellow Zone log.INFO: Sending credit warning SMS to customer 9eustace [] []
[2019-11-29 08:00:03] Credit Warning SMS Yellow Zone log.INFO: Credit warning SMS sent to customer 9eustace [] []
[2019-11-29 08:00:03] Credit Warning SMS Yellow Zone log.INFO: Sending credit warning SMS to customer 37eustace [] []
[2019-11-29 08:00:03] Credit Warning SMS Yellow Zone log.INFO: Credit warning SMS sent to customer 37eustace [] []
[2019-11-29 08:00:03] Credit Warning SMS Yellow Zone log.INFO: Sending credit warning SMS to customer 12leona [] []
[2019-11-29 08:00:03] Credit Warning SMS Yellow Zone log.INFO: Credit warning SMS sent to customer 12leona [] []
[2019-11-29 08:00:03] Credit Warning SMS Yellow Zone log.INFO: Sending credit warning SMS to customer 5leona [] []
[2019-11-29 08:00:03] Credit Warning SMS Yellow Zone log.INFO: Credit warning SMS sent to customer 5leona [] []
[2019-11-29 08:00:03] Credit Warning SMS Yellow Zone log.INFO: Sending credit warning SMS to customer 63leona [] []
[2019-11-29 08:00:03] Credit Warning SMS Yellow Zone log.INFO: Credit warning SMS sent to customer 63leona [] []
[2019-11-29 08:00:03] Credit Warning SMS Yellow Zone log.INFO: Sending credit warning SMS to customer 53leona [] []
[2019-11-29 08:00:03] Credit Warning SMS Yellow Zone log.INFO: Credit warning SMS sent to customer 53leona [] []
[2019-11-29 08:00:03] Credit Warning SMS Yellow Zone log.INFO: Sending credit warning SMS to customer 47leona [] []
[2019-11-29 08:00:03] Credit Warning SMS Yellow Zone log.INFO: Credit warning SMS sent to customer 47leona [] []
[2019-11-29 08:00:03] Credit Warning SMS Yellow Zone log.INFO: Sending credit warning SMS to customer 82leona [] []
[2019-11-29 08:00:03] Credit Warning SMS Yellow Zone log.INFO: Credit warning SMS sent to customer 82leona [] []
[2019-11-29 08:00:03] Credit Warning SMS Yellow Zone log.INFO: Sending credit warning SMS to customer 39leona [] []
[2019-11-29 08:00:03] Credit Warning SMS Yellow Zone log.INFO: Credit warning SMS sent to customer 39leona [] []
[2019-11-29 08:00:03] Credit Warning SMS Yellow Zone log.INFO: Sending credit warning SMS to customer 118leona [] []
[2019-11-29 08:00:03] Credit Warning SMS Yellow Zone log.INFO: Credit warning SMS sent to customer 118leona [] []
[2019-11-29 08:00:03] Credit Warning SMS Yellow Zone log.INFO: Sending credit warning SMS to customer 128leona [] []
[2019-11-29 08:00:03] Credit Warning SMS Yellow Zone log.INFO: Credit warning SMS sent to customer 128leona [] []
[2019-11-29 08:00:03] Credit Warning SMS Yellow Zone log.INFO: Sending credit warning SMS to customer 147leona [] []
[2019-11-29 08:00:03] Credit Warning SMS Yellow Zone log.INFO: Credit warning SMS sent to customer 147leona [] []
[2019-11-29 08:00:03] Credit Warning SMS Yellow Zone log.INFO: Sending credit warning SMS to customer 85leona [] []
[2019-11-29 08:00:03] Credit Warning SMS Yellow Zone log.INFO: Credit warning SMS sent to customer 85leona [] []
[2019-11-29 08:00:03] Credit Warning SMS Yellow Zone log.INFO: Sending credit warning SMS to customer 153charlotte [] []
[2019-11-29 08:00:03] Credit Warning SMS Yellow Zone log.INFO: Credit warning SMS sent to customer 153charlotte [] []
[2019-11-29 08:00:03] Credit Warning SMS Yellow Zone log.INFO: Sending credit warning SMS to customer 103charlotte [] []
[2019-11-29 08:00:04] Credit Warning SMS Yellow Zone log.INFO: Credit warning SMS sent to customer 103charlotte [] []
[2019-11-29 08:00:04] Credit Warning SMS Yellow Zone log.INFO: Sending credit warning SMS to customer 18charlotte [] []
[2019-11-29 08:00:04] Credit Warning SMS Yellow Zone log.INFO: Credit warning SMS sent to customer 18charlotte [] []
[2019-11-29 08:00:04] Credit Warning SMS Yellow Zone log.INFO: Sending credit warning SMS to customer 47charlotte [] []
[2019-11-29 08:00:04] Credit Warning SMS Yellow Zone log.INFO: Credit warning SMS sent to customer 47charlotte [] []
[2019-11-29 08:00:04] Credit Warning SMS Yellow Zone log.INFO: Sending credit warning SMS to customer 29charlotte [] []
[2019-11-29 08:00:04] Credit Warning SMS Yellow Zone log.INFO: Credit warning SMS sent to customer 29charlotte [] []
[2019-11-29 08:00:04] Credit Warning SMS Yellow Zone log.INFO: Sending credit warning SMS to customer 92charlotte [] []
[2019-11-29 08:00:04] Credit Warning SMS Yellow Zone log.INFO: Credit warning SMS sent to customer 92charlotte [] []
[2019-11-29 08:00:04] Credit Warning SMS Yellow Zone log.INFO: Sending credit warning SMS to customer 98charlotte [] []
[2019-11-29 08:00:04] Credit Warning SMS Yellow Zone log.INFO: Credit warning SMS sent to customer 98charlotte [] []
[2019-11-29 08:00:04] Credit Warning SMS Yellow Zone log.INFO: Sending credit warning SMS to customer 9charlotte [] []
[2019-11-29 08:00:04] Credit Warning SMS Yellow Zone log.INFO: Credit warning SMS sent to customer 9charlotte [] []
[2019-11-29 08:00:04] Credit Warning SMS Yellow Zone log.INFO: Sending credit warning SMS to customer 38charlotte [] []
[2019-11-29 08:00:04] Credit Warning SMS Yellow Zone log.INFO: Credit warning SMS sent to customer 38charlotte [] []
[2019-11-29 08:00:04] Credit Warning SMS Yellow Zone log.INFO: Sending credit warning SMS to customer 1bridgefield [] []
[2019-11-29 08:00:04] Credit Warning SMS Yellow Zone log.INFO: Credit warning SMS sent to customer 1bridgefield [] []
[2019-11-29 08:00:04] Credit Warning SMS Yellow Zone log.INFO: Sending credit warning SMS to customer 38bridgefield [] []
[2019-11-29 08:00:04] Credit Warning SMS Yellow Zone log.INFO: Credit warning SMS sent to customer 38bridgefield [] []
[2019-11-29 08:00:04] Credit Warning SMS Yellow Zone log.INFO: Sending credit warning SMS to customer 33bridgefield [] []
[2019-11-29 08:00:04] Credit Warning SMS Yellow Zone log.INFO: Credit warning SMS sent to customer 33bridgefield [] []
[2019-11-29 08:00:04] Credit Warning SMS Yellow Zone log.INFO: Sending credit warning SMS to customer 40bridgefield [] []
[2019-11-29 08:00:04] Credit Warning SMS Yellow Zone log.INFO: Credit warning SMS sent to customer 40bridgefield [] []
[2019-11-29 08:00:04] Credit Warning SMS Yellow Zone log.INFO: Sending credit warning SMS to customer 83fairways [] []
[2019-11-29 08:00:04] Credit Warning SMS Yellow Zone log.INFO: Credit warning SMS sent to customer 83fairways [] []
[2019-11-29 08:00:04] Credit Warning SMS Yellow Zone log.INFO: Sending credit warning SMS to customer 90fairways [] []
[2019-11-29 08:00:04] Credit Warning SMS Yellow Zone log.INFO: Credit warning SMS sent to customer 90fairways [] []
[2019-11-29 08:00:04] Credit Warning SMS Yellow Zone log.INFO: Sending credit warning SMS to customer 121fairways [] []
[2019-11-29 08:00:04] Credit Warning SMS Yellow Zone log.INFO: Credit warning SMS sent to customer 121fairways [] []
[2019-11-29 08:00:04] Credit Warning SMS Yellow Zone log.INFO: Sending credit warning SMS to customer 91fairways [] []
[2019-11-29 08:00:04] Credit Warning SMS Yellow Zone log.INFO: Credit warning SMS sent to customer 91fairways [] []
[2019-11-29 08:00:04] Credit Warning SMS Yellow Zone log.INFO: Sending credit warning SMS to customer 108fairways [] []
[2019-11-29 08:00:04] Credit Warning SMS Yellow Zone log.INFO: Credit warning SMS sent to customer 108fairways [] []
[2019-11-29 08:00:04] Credit Warning SMS Yellow Zone log.INFO: Sending credit warning SMS to customer 102fairways [] []
[2019-11-29 08:00:04] Credit Warning SMS Yellow Zone log.INFO: Credit warning SMS sent to customer 102fairways [] []
[2019-11-29 08:00:04] Credit Warning SMS Yellow Zone log.INFO: Sent Credit warning SMS to 83 customers! [] []
