[2019-02-15 08:00:02] Credit Warning SMS Yellow Zone log.INFO: Sending credit warning SMS to customer 50Emerald [] []
[2019-02-15 08:00:02] Credit Warning SMS Yellow Zone log.INFO: Credit warning SMS sent to customer 50Emerald [] []
[2019-02-15 08:00:02] Credit Warning SMS Yellow Zone log.INFO: Sending credit warning SMS to customer 176neptune [] []
[2019-02-15 08:00:02] Credit Warning SMS Yellow Zone log.INFO: Credit warning SMS sent to customer 176neptune [] []
[2019-02-15 08:00:02] Credit Warning SMS Yellow Zone log.INFO: Sending credit warning SMS to customer 190neptune [] []
[2019-02-15 08:00:02] Credit Warning SMS Yellow Zone log.INFO: Credit warning SMS sent to customer 190neptune [] []
[2019-02-15 08:00:02] Credit Warning SMS Yellow Zone log.INFO: Sending credit warning SMS to customer 26neptune [] []
[2019-02-15 08:00:02] Credit Warning SMS Yellow Zone log.INFO: Credit warning SMS sent to customer 26neptune [] []
[2019-02-15 08:00:02] Credit Warning SMS Yellow Zone log.INFO: Sending credit warning SMS to customer 129neptune [] []
[2019-02-15 08:00:02] Credit Warning SMS Yellow Zone log.INFO: Credit warning SMS sent to customer 129neptune [] []
[2019-02-15 08:00:02] Credit Warning SMS Yellow Zone log.INFO: Sending credit warning SMS to customer 135Neptune [] []
[2019-02-15 08:00:02] Credit Warning SMS Yellow Zone log.INFO: Credit warning SMS sent to customer 135Neptune [] []
[2019-02-15 08:00:02] Credit Warning SMS Yellow Zone log.INFO: Sending credit warning SMS to customer 99Neptune [] []
[2019-02-15 08:00:03] Credit Warning SMS Yellow Zone log.INFO: Credit warning SMS sent to customer 99Neptune [] []
[2019-02-15 08:00:03] Credit Warning SMS Yellow Zone log.INFO: Sending credit warning SMS to customer 48Neptune [] []
[2019-02-15 08:00:03] Credit Warning SMS Yellow Zone log.INFO: Credit warning SMS sent to customer 48Neptune [] []
[2019-02-15 08:00:03] Credit Warning SMS Yellow Zone log.INFO: Sending credit warning SMS to customer 81Neptune [] []
[2019-02-15 08:00:03] Credit Warning SMS Yellow Zone log.INFO: Credit warning SMS sent to customer 81Neptune [] []
[2019-02-15 08:00:03] Credit Warning SMS Yellow Zone log.INFO: Sending credit warning SMS to customer 55Neptune [] []
[2019-02-15 08:00:03] Credit Warning SMS Yellow Zone log.INFO: Credit warning SMS sent to customer 55Neptune [] []
[2019-02-15 08:00:03] Credit Warning SMS Yellow Zone log.INFO: Sending credit warning SMS to customer 94Neptune [] []
[2019-02-15 08:00:03] Credit Warning SMS Yellow Zone log.INFO: Credit warning SMS sent to customer 94Neptune [] []
[2019-02-15 08:00:03] Credit Warning SMS Yellow Zone log.INFO: Sending credit warning SMS to customer 107Neptune [] []
[2019-02-15 08:00:03] Credit Warning SMS Yellow Zone log.INFO: Credit warning SMS sent to customer 107Neptune [] []
[2019-02-15 08:00:03] Credit Warning SMS Yellow Zone log.INFO: Sending credit warning SMS to customer 111Neptune [] []
[2019-02-15 08:00:03] Credit Warning SMS Yellow Zone log.INFO: Credit warning SMS sent to customer 111Neptune [] []
[2019-02-15 08:00:03] Credit Warning SMS Yellow Zone log.INFO: Sending credit warning SMS to customer 38neptune [] []
[2019-02-15 08:00:03] Credit Warning SMS Yellow Zone log.INFO: Credit warning SMS sent to customer 38neptune [] []
[2019-02-15 08:00:03] Credit Warning SMS Yellow Zone log.INFO: Sending credit warning SMS to customer 192neptune [] []
[2019-02-15 08:00:03] Credit Warning SMS Yellow Zone log.INFO: Credit warning SMS sent to customer 192neptune [] []
[2019-02-15 08:00:03] Credit Warning SMS Yellow Zone log.INFO: Sending credit warning SMS to customer 32neptune [] []
[2019-02-15 08:00:03] Credit Warning SMS Yellow Zone log.INFO: Credit warning SMS sent to customer 32neptune [] []
[2019-02-15 08:00:03] Credit Warning SMS Yellow Zone log.INFO: Sending credit warning SMS to customer 14Abbott [] []
[2019-02-15 08:00:03] Credit Warning SMS Yellow Zone log.INFO: Credit warning SMS sent to customer 14Abbott [] []
[2019-02-15 08:00:03] Credit Warning SMS Yellow Zone log.INFO: Sending credit warning SMS to customer 46Abbott [] []
[2019-02-15 08:00:03] Credit Warning SMS Yellow Zone log.INFO: Credit warning SMS sent to customer 46Abbott [] []
[2019-02-15 08:00:03] Credit Warning SMS Yellow Zone log.INFO: Sending credit warning SMS to customer 84Abbott [] []
[2019-02-15 08:00:03] Credit Warning SMS Yellow Zone log.INFO: Credit warning SMS sent to customer 84Abbott [] []
[2019-02-15 08:00:03] Credit Warning SMS Yellow Zone log.INFO: Sending credit warning SMS to customer 71Abbott [] []
[2019-02-15 08:00:03] Credit Warning SMS Yellow Zone log.INFO: Credit warning SMS sent to customer 71Abbott [] []
[2019-02-15 08:00:03] Credit Warning SMS Yellow Zone log.INFO: Sending credit warning SMS to customer 111Abbott [] []
[2019-02-15 08:00:03] Credit Warning SMS Yellow Zone log.INFO: Credit warning SMS sent to customer 111Abbott [] []
[2019-02-15 08:00:03] Credit Warning SMS Yellow Zone log.INFO: Sending credit warning SMS to customer 119Abbott [] []
[2019-02-15 08:00:03] Credit Warning SMS Yellow Zone log.INFO: Credit warning SMS sent to customer 119Abbott [] []
[2019-02-15 08:00:03] Credit Warning SMS Yellow Zone log.INFO: Sending credit warning SMS to customer 81Abbott [] []
[2019-02-15 08:00:03] Credit Warning SMS Yellow Zone log.INFO: Credit warning SMS sent to customer 81Abbott [] []
[2019-02-15 08:00:03] Credit Warning SMS Yellow Zone log.INFO: Sending credit warning SMS to customer 95Abbott [] []
[2019-02-15 08:00:03] Credit Warning SMS Yellow Zone log.INFO: Credit warning SMS sent to customer 95Abbott [] []
[2019-02-15 08:00:03] Credit Warning SMS Yellow Zone log.INFO: Sending credit warning SMS to customer 143abbott [] []
[2019-02-15 08:00:03] Credit Warning SMS Yellow Zone log.INFO: Credit warning SMS sent to customer 143abbott [] []
[2019-02-15 08:00:03] Credit Warning SMS Yellow Zone log.INFO: Sending credit warning SMS to customer 163abbott [] []
[2019-02-15 08:00:03] Credit Warning SMS Yellow Zone log.INFO: Credit warning SMS sent to customer 163abbott [] []
[2019-02-15 08:00:03] Credit Warning SMS Yellow Zone log.INFO: Sending credit warning SMS to customer 159abbott [] []
[2019-02-15 08:00:03] Credit Warning SMS Yellow Zone log.INFO: Credit warning SMS sent to customer 159abbott [] []
[2019-02-15 08:00:03] Credit Warning SMS Yellow Zone log.INFO: Sending credit warning SMS to customer 156leona [] []
[2019-02-15 08:00:03] Credit Warning SMS Yellow Zone log.INFO: Credit warning SMS sent to customer 156leona [] []
[2019-02-15 08:00:03] Credit Warning SMS Yellow Zone log.INFO: Sending credit warning SMS to customer 149leona [] []
[2019-02-15 08:00:03] Credit Warning SMS Yellow Zone log.INFO: Credit warning SMS sent to customer 149leona [] []
[2019-02-15 08:00:03] Credit Warning SMS Yellow Zone log.INFO: Sending credit warning SMS to customer 148leona [] []
[2019-02-15 08:00:03] Credit Warning SMS Yellow Zone log.INFO: Credit warning SMS sent to customer 148leona [] []
[2019-02-15 08:00:03] Credit Warning SMS Yellow Zone log.INFO: Sending credit warning SMS to customer 21leona [] []
[2019-02-15 08:00:03] Credit Warning SMS Yellow Zone log.INFO: Credit warning SMS sent to customer 21leona [] []
[2019-02-15 08:00:03] Credit Warning SMS Yellow Zone log.INFO: Sending credit warning SMS to customer 56leona [] []
[2019-02-15 08:00:03] Credit Warning SMS Yellow Zone log.INFO: Credit warning SMS sent to customer 56leona [] []
[2019-02-15 08:00:03] Credit Warning SMS Yellow Zone log.INFO: Sending credit warning SMS to customer 65leona [] []
[2019-02-15 08:00:03] Credit Warning SMS Yellow Zone log.INFO: Credit warning SMS sent to customer 65leona [] []
[2019-02-15 08:00:03] Credit Warning SMS Yellow Zone log.INFO: Sending credit warning SMS to customer 88leona [] []
[2019-02-15 08:00:03] Credit Warning SMS Yellow Zone log.INFO: Credit warning SMS sent to customer 88leona [] []
[2019-02-15 08:00:03] Credit Warning SMS Yellow Zone log.INFO: Sending credit warning SMS to customer 123charlotte [] []
[2019-02-15 08:00:04] Credit Warning SMS Yellow Zone log.INFO: Credit warning SMS sent to customer 123charlotte [] []
[2019-02-15 08:00:04] Credit Warning SMS Yellow Zone log.INFO: Sending credit warning SMS to customer 153charlotte [] []
[2019-02-15 08:00:04] Credit Warning SMS Yellow Zone log.INFO: Credit warning SMS sent to customer 153charlotte [] []
[2019-02-15 08:00:04] Credit Warning SMS Yellow Zone log.INFO: Sending credit warning SMS to customer 29charlotte [] []
[2019-02-15 08:00:04] Credit Warning SMS Yellow Zone log.INFO: Credit warning SMS sent to customer 29charlotte [] []
[2019-02-15 08:00:04] Credit Warning SMS Yellow Zone log.INFO: Sending credit warning SMS to customer 3charlotte [] []
[2019-02-15 08:00:04] Credit Warning SMS Yellow Zone log.INFO: Credit warning SMS sent to customer 3charlotte [] []
[2019-02-15 08:00:04] Credit Warning SMS Yellow Zone log.INFO: Sending credit warning SMS to customer 90charlotte [] []
[2019-02-15 08:00:04] Credit Warning SMS Yellow Zone log.INFO: Credit warning SMS sent to customer 90charlotte [] []
[2019-02-15 08:00:04] Credit Warning SMS Yellow Zone log.INFO: Sending credit warning SMS to customer 100charlotte [] []
[2019-02-15 08:00:04] Credit Warning SMS Yellow Zone log.INFO: Credit warning SMS sent to customer 100charlotte [] []
