[2019-04-03 08:00:01] Credit Warning SMS Yellow Zone log.INFO: Sending credit warning SMS to customer 13brackenview [] []
[2019-04-03 08:00:01] Credit Warning SMS Yellow Zone log.INFO: Credit warning SMS sent to customer 13brackenview [] []
[2019-04-03 08:00:01] Credit Warning SMS Yellow Zone log.INFO: Sending credit warning SMS to customer 12brackenview [] []
[2019-04-03 08:00:01] Credit Warning SMS Yellow Zone log.INFO: Credit warning SMS sent to customer 12brackenview [] []
[2019-04-03 08:00:01] Credit Warning SMS Yellow Zone log.INFO: Sending credit warning SMS to customer 16sundayswell [] []
[2019-04-03 08:00:02] Credit Warning SMS Yellow Zone log.INFO: Credit warning SMS sent to customer 16sundayswell [] []
[2019-04-03 08:00:02] Credit Warning SMS Yellow Zone log.INFO: Sending credit warning SMS to customer 20garryknock [] []
[2019-04-03 08:00:02] Credit Warning SMS Yellow Zone log.INFO: Credit warning SMS sent to customer 20garryknock [] []
[2019-04-03 08:00:02] Credit Warning SMS Yellow Zone log.INFO: Sending credit warning SMS to customer 8Emerald [] []
[2019-04-03 08:00:02] Credit Warning SMS Yellow Zone log.INFO: Credit warning SMS sent to customer 8Emerald [] []
[2019-04-03 08:00:02] Credit Warning SMS Yellow Zone log.INFO: Sending credit warning SMS to customer 1Emerald [] []
[2019-04-03 08:00:02] Credit Warning SMS Yellow Zone log.INFO: Credit warning SMS sent to customer 1Emerald [] []
[2019-04-03 08:00:02] Credit Warning SMS Yellow Zone log.INFO: Sending credit warning SMS to customer 19Emerald [] []
[2019-04-03 08:00:02] Credit Warning SMS Yellow Zone log.INFO: Credit warning SMS sent to customer 19Emerald [] []
[2019-04-03 08:00:02] Credit Warning SMS Yellow Zone log.INFO: Sending credit warning SMS to customer 40Emerald [] []
[2019-04-03 08:00:02] Credit Warning SMS Yellow Zone log.INFO: Credit warning SMS sent to customer 40Emerald [] []
[2019-04-03 08:00:02] Credit Warning SMS Yellow Zone log.INFO: Sending credit warning SMS to customer 112Neptune [] []
[2019-04-03 08:00:02] Credit Warning SMS Yellow Zone log.INFO: Credit warning SMS sent to customer 112Neptune [] []
[2019-04-03 08:00:02] Credit Warning SMS Yellow Zone log.INFO: Sending credit warning SMS to customer 124Neptune [] []
[2019-04-03 08:00:02] Credit Warning SMS Yellow Zone log.INFO: Credit warning SMS sent to customer 124Neptune [] []
[2019-04-03 08:00:02] Credit Warning SMS Yellow Zone log.INFO: Sending credit warning SMS to customer 96Neptune [] []
[2019-04-03 08:00:02] Credit Warning SMS Yellow Zone log.INFO: Credit warning SMS sent to customer 96Neptune [] []
[2019-04-03 08:00:02] Credit Warning SMS Yellow Zone log.INFO: Sending credit warning SMS to customer 81Neptune [] []
[2019-04-03 08:00:02] Credit Warning SMS Yellow Zone log.INFO: Credit warning SMS sent to customer 81Neptune [] []
[2019-04-03 08:00:02] Credit Warning SMS Yellow Zone log.INFO: Sending credit warning SMS to customer 83Neptune [] []
[2019-04-03 08:00:02] Credit Warning SMS Yellow Zone log.INFO: Credit warning SMS sent to customer 83Neptune [] []
[2019-04-03 08:00:02] Credit Warning SMS Yellow Zone log.INFO: Sending credit warning SMS to customer 114Neptune [] []
[2019-04-03 08:00:02] Credit Warning SMS Yellow Zone log.INFO: Credit warning SMS sent to customer 114Neptune [] []
[2019-04-03 08:00:02] Credit Warning SMS Yellow Zone log.INFO: Sending credit warning SMS to customer 152Neptune [] []
[2019-04-03 08:00:02] Credit Warning SMS Yellow Zone log.INFO: Credit warning SMS sent to customer 152Neptune [] []
[2019-04-03 08:00:02] Credit Warning SMS Yellow Zone log.INFO: Sending credit warning SMS to customer 131Neptune [] []
[2019-04-03 08:00:02] Credit Warning SMS Yellow Zone log.INFO: Credit warning SMS sent to customer 131Neptune [] []
[2019-04-03 08:00:02] Credit Warning SMS Yellow Zone log.INFO: Sending credit warning SMS to customer 10Abbott [] []
[2019-04-03 08:00:02] Credit Warning SMS Yellow Zone log.INFO: Credit warning SMS sent to customer 10Abbott [] []
[2019-04-03 08:00:02] Credit Warning SMS Yellow Zone log.INFO: Sending credit warning SMS to customer 28Abbott [] []
[2019-04-03 08:00:02] Credit Warning SMS Yellow Zone log.INFO: Credit warning SMS sent to customer 28Abbott [] []
[2019-04-03 08:00:02] Credit Warning SMS Yellow Zone log.INFO: Sending credit warning SMS to customer 31Abbott [] []
[2019-04-03 08:00:02] Credit Warning SMS Yellow Zone log.INFO: Credit warning SMS sent to customer 31Abbott [] []
[2019-04-03 08:00:02] Credit Warning SMS Yellow Zone log.INFO: Sending credit warning SMS to customer 32Abbott [] []
[2019-04-03 08:00:02] Credit Warning SMS Yellow Zone log.INFO: Credit warning SMS sent to customer 32Abbott [] []
[2019-04-03 08:00:02] Credit Warning SMS Yellow Zone log.INFO: Sending credit warning SMS to customer 37Abbott [] []
[2019-04-03 08:00:02] Credit Warning SMS Yellow Zone log.INFO: Credit warning SMS sent to customer 37Abbott [] []
[2019-04-03 08:00:02] Credit Warning SMS Yellow Zone log.INFO: Sending credit warning SMS to customer 45Abbott [] []
[2019-04-03 08:00:02] Credit Warning SMS Yellow Zone log.INFO: Credit warning SMS sent to customer 45Abbott [] []
[2019-04-03 08:00:02] Credit Warning SMS Yellow Zone log.INFO: Sending credit warning SMS to customer 6Abbott [] []
[2019-04-03 08:00:02] Credit Warning SMS Yellow Zone log.INFO: Credit warning SMS sent to customer 6Abbott [] []
[2019-04-03 08:00:02] Credit Warning SMS Yellow Zone log.INFO: Sending credit warning SMS to customer 64Abbott [] []
[2019-04-03 08:00:02] Credit Warning SMS Yellow Zone log.INFO: Credit warning SMS sent to customer 64Abbott [] []
[2019-04-03 08:00:02] Credit Warning SMS Yellow Zone log.INFO: Sending credit warning SMS to customer 68Abbott [] []
[2019-04-03 08:00:02] Credit Warning SMS Yellow Zone log.INFO: Credit warning SMS sent to customer 68Abbott [] []
[2019-04-03 08:00:02] Credit Warning SMS Yellow Zone log.INFO: Sending credit warning SMS to customer 62Abbott [] []
[2019-04-03 08:00:02] Credit Warning SMS Yellow Zone log.INFO: Credit warning SMS sent to customer 62Abbott [] []
[2019-04-03 08:00:02] Credit Warning SMS Yellow Zone log.INFO: Sending credit warning SMS to customer 87Abbott [] []
[2019-04-03 08:00:02] Credit Warning SMS Yellow Zone log.INFO: Credit warning SMS sent to customer 87Abbott [] []
[2019-04-03 08:00:02] Credit Warning SMS Yellow Zone log.INFO: Sending credit warning SMS to customer 82Abbott [] []
[2019-04-03 08:00:02] Credit Warning SMS Yellow Zone log.INFO: Credit warning SMS sent to customer 82Abbott [] []
[2019-04-03 08:00:02] Credit Warning SMS Yellow Zone log.INFO: Sending credit warning SMS to customer 120Abbott [] []
[2019-04-03 08:00:02] Credit Warning SMS Yellow Zone log.INFO: Credit warning SMS sent to customer 120Abbott [] []
[2019-04-03 08:00:02] Credit Warning SMS Yellow Zone log.INFO: Sending credit warning SMS to customer 95Abbott [] []
[2019-04-03 08:00:02] Credit Warning SMS Yellow Zone log.INFO: Credit warning SMS sent to customer 95Abbott [] []
[2019-04-03 08:00:02] Credit Warning SMS Yellow Zone log.INFO: Sending credit warning SMS to customer 124Abbott [] []
[2019-04-03 08:00:02] Credit Warning SMS Yellow Zone log.INFO: Credit warning SMS sent to customer 124Abbott [] []
[2019-04-03 08:00:02] Credit Warning SMS Yellow Zone log.INFO: Sending credit warning SMS to customer 155abbott [] []
[2019-04-03 08:00:02] Credit Warning SMS Yellow Zone log.INFO: Credit warning SMS sent to customer 155abbott [] []
[2019-04-03 08:00:02] Credit Warning SMS Yellow Zone log.INFO: Sending credit warning SMS to customer 171abbott [] []
[2019-04-03 08:00:02] Credit Warning SMS Yellow Zone log.INFO: Credit warning SMS sent to customer 171abbott [] []
[2019-04-03 08:00:02] Credit Warning SMS Yellow Zone log.INFO: Sending credit warning SMS to customer 154abbott [] []
[2019-04-03 08:00:03] Credit Warning SMS Yellow Zone log.INFO: Credit warning SMS sent to customer 154abbott [] []
[2019-04-03 08:00:03] Credit Warning SMS Yellow Zone log.INFO: Sending credit warning SMS to customer 177abbott [] []
[2019-04-03 08:00:03] Credit Warning SMS Yellow Zone log.INFO: Credit warning SMS sent to customer 177abbott [] []
[2019-04-03 08:00:03] Credit Warning SMS Yellow Zone log.INFO: Sending credit warning SMS to customer 180abbott [] []
[2019-04-03 08:00:03] Credit Warning SMS Yellow Zone log.INFO: Credit warning SMS sent to customer 180abbott [] []
[2019-04-03 08:00:03] Credit Warning SMS Yellow Zone log.INFO: Sending credit warning SMS to customer 170abbott [] []
[2019-04-03 08:00:03] Credit Warning SMS Yellow Zone log.INFO: Credit warning SMS sent to customer 170abbott [] []
[2019-04-03 08:00:03] Credit Warning SMS Yellow Zone log.INFO: Sending credit warning SMS to customer 134abbott [] []
[2019-04-03 08:00:03] Credit Warning SMS Yellow Zone log.INFO: Credit warning SMS sent to customer 134abbott [] []
[2019-04-03 08:00:03] Credit Warning SMS Yellow Zone log.INFO: Sending credit warning SMS to customer 164abbott [] []
[2019-04-03 08:00:03] Credit Warning SMS Yellow Zone log.INFO: Credit warning SMS sent to customer 164abbott [] []
[2019-04-03 08:00:03] Credit Warning SMS Yellow Zone log.INFO: Sending credit warning SMS to customer 148abbott [] []
[2019-04-03 08:00:03] Credit Warning SMS Yellow Zone log.INFO: Credit warning SMS sent to customer 148abbott [] []
[2019-04-03 08:00:03] Credit Warning SMS Yellow Zone log.INFO: Sending credit warning SMS to customer 77eustace [] []
[2019-04-03 08:00:03] Credit Warning SMS Yellow Zone log.INFO: Credit warning SMS sent to customer 77eustace [] []
[2019-04-03 08:00:03] Credit Warning SMS Yellow Zone log.INFO: Sending credit warning SMS to customer 143leona [] []
[2019-04-03 08:00:03] Credit Warning SMS Yellow Zone log.INFO: Credit warning SMS sent to customer 143leona [] []
[2019-04-03 08:00:03] Credit Warning SMS Yellow Zone log.INFO: Sending credit warning SMS to customer 156leona [] []
[2019-04-03 08:00:03] Credit Warning SMS Yellow Zone log.INFO: Credit warning SMS sent to customer 156leona [] []
[2019-04-03 08:00:03] Credit Warning SMS Yellow Zone log.INFO: Sending credit warning SMS to customer 149leona [] []
[2019-04-03 08:00:03] Credit Warning SMS Yellow Zone log.INFO: Credit warning SMS sent to customer 149leona [] []
[2019-04-03 08:00:03] Credit Warning SMS Yellow Zone log.INFO: Sending credit warning SMS to customer 3leona [] []
[2019-04-03 08:00:03] Credit Warning SMS Yellow Zone log.INFO: Credit warning SMS sent to customer 3leona [] []
[2019-04-03 08:00:03] Credit Warning SMS Yellow Zone log.INFO: Sending credit warning SMS to customer 10leona [] []
[2019-04-03 08:00:03] Credit Warning SMS Yellow Zone log.INFO: Credit warning SMS sent to customer 10leona [] []
[2019-04-03 08:00:03] Credit Warning SMS Yellow Zone log.INFO: Sending credit warning SMS to customer 5leona [] []
[2019-04-03 08:00:03] Credit Warning SMS Yellow Zone log.INFO: Credit warning SMS sent to customer 5leona [] []
[2019-04-03 08:00:03] Credit Warning SMS Yellow Zone log.INFO: Sending credit warning SMS to customer 68leona [] []
[2019-04-03 08:00:03] Credit Warning SMS Yellow Zone log.INFO: Credit warning SMS sent to customer 68leona [] []
[2019-04-03 08:00:03] Credit Warning SMS Yellow Zone log.INFO: Sending credit warning SMS to customer 62leona [] []
[2019-04-03 08:00:03] Credit Warning SMS Yellow Zone log.INFO: Credit warning SMS sent to customer 62leona [] []
[2019-04-03 08:00:03] Credit Warning SMS Yellow Zone log.INFO: Sending credit warning SMS to customer 118leona [] []
[2019-04-03 08:00:03] Credit Warning SMS Yellow Zone log.INFO: Credit warning SMS sent to customer 118leona [] []
[2019-04-03 08:00:03] Credit Warning SMS Yellow Zone log.INFO: Sending credit warning SMS to customer 38leona [] []
[2019-04-03 08:00:03] Credit Warning SMS Yellow Zone log.INFO: Credit warning SMS sent to customer 38leona [] []
[2019-04-03 08:00:03] Credit Warning SMS Yellow Zone log.INFO: Sending credit warning SMS to customer 103leona [] []
[2019-04-03 08:00:03] Credit Warning SMS Yellow Zone log.INFO: Credit warning SMS sent to customer 103leona [] []
[2019-04-03 08:00:03] Credit Warning SMS Yellow Zone log.INFO: Sending credit warning SMS to customer 104leona [] []
[2019-04-03 08:00:03] Credit Warning SMS Yellow Zone log.INFO: Credit warning SMS sent to customer 104leona [] []
[2019-04-03 08:00:03] Credit Warning SMS Yellow Zone log.INFO: Sending credit warning SMS to customer 15leona [] []
[2019-04-03 08:00:03] Credit Warning SMS Yellow Zone log.INFO: Credit warning SMS sent to customer 15leona [] []
[2019-04-03 08:00:03] Credit Warning SMS Yellow Zone log.INFO: Sending credit warning SMS to customer 131charlotte [] []
[2019-04-03 08:00:03] Credit Warning SMS Yellow Zone log.INFO: Credit warning SMS sent to customer 131charlotte [] []
[2019-04-03 08:00:03] Credit Warning SMS Yellow Zone log.INFO: Sending credit warning SMS to customer 114charlotte [] []
[2019-04-03 08:00:03] Credit Warning SMS Yellow Zone log.INFO: Credit warning SMS sent to customer 114charlotte [] []
[2019-04-03 08:00:03] Credit Warning SMS Yellow Zone log.INFO: Sending credit warning SMS to customer 116charlotte [] []
[2019-04-03 08:00:03] Credit Warning SMS Yellow Zone log.INFO: Credit warning SMS sent to customer 116charlotte [] []
[2019-04-03 08:00:03] Credit Warning SMS Yellow Zone log.INFO: Sending credit warning SMS to customer 2charlotte [] []
[2019-04-03 08:00:03] Credit Warning SMS Yellow Zone log.INFO: Credit warning SMS sent to customer 2charlotte [] []
[2019-04-03 08:00:03] Credit Warning SMS Yellow Zone log.INFO: Sending credit warning SMS to customer 125charlotte [] []
[2019-04-03 08:00:03] Credit Warning SMS Yellow Zone log.INFO: Credit warning SMS sent to customer 125charlotte [] []
[2019-04-03 08:00:03] Credit Warning SMS Yellow Zone log.INFO: Sending credit warning SMS to customer 38charlotte [] []
[2019-04-03 08:00:03] Credit Warning SMS Yellow Zone log.INFO: Credit warning SMS sent to customer 38charlotte [] []
[2019-04-03 08:00:03] Credit Warning SMS Yellow Zone log.INFO: Sending credit warning SMS to customer 29charlotte [] []
[2019-04-03 08:00:04] Credit Warning SMS Yellow Zone log.INFO: Credit warning SMS sent to customer 29charlotte [] []
[2019-04-03 08:00:04] Credit Warning SMS Yellow Zone log.INFO: Sending credit warning SMS to customer 93charlotte [] []
[2019-04-03 08:00:04] Credit Warning SMS Yellow Zone log.INFO: Credit warning SMS sent to customer 93charlotte [] []
