[2019-03-10 10:30:02] Credit Warning SMS Yellow Zone log.INFO: Sending credit warning SMS to customer 12brackenview [] []
[2019-03-10 10:30:02] Credit Warning SMS Yellow Zone log.INFO: Credit warning SMS sent to customer 12brackenview [] []
[2019-03-10 10:30:02] Credit Warning SMS Yellow Zone log.INFO: Sending credit warning SMS to customer 23brackenview [] []
[2019-03-10 10:30:02] Credit Warning SMS Yellow Zone log.INFO: Credit warning SMS sent to customer 23brackenview [] []
[2019-03-10 10:30:02] Credit Warning SMS Yellow Zone log.INFO: Sending credit warning SMS to customer 1garryknock [] []
[2019-03-10 10:30:02] Credit Warning SMS Yellow Zone log.INFO: Credit warning SMS sent to customer 1garryknock [] []
[2019-03-10 10:30:02] Credit Warning SMS Yellow Zone log.INFO: Sending credit warning SMS to customer 27garryknock [] []
[2019-03-10 10:30:02] Credit Warning SMS Yellow Zone log.INFO: Credit warning SMS sent to customer 27garryknock [] []
[2019-03-10 10:30:02] Credit Warning SMS Yellow Zone log.INFO: Sending credit warning SMS to customer 19garryknock [] []
[2019-03-10 10:30:02] Credit Warning SMS Yellow Zone log.INFO: Credit warning SMS sent to customer 19garryknock [] []
[2019-03-10 10:30:02] Credit Warning SMS Yellow Zone log.INFO: Sending credit warning SMS to customer 13sundayswell [] []
[2019-03-10 10:30:02] Credit Warning SMS Yellow Zone log.INFO: Credit warning SMS sent to customer 13sundayswell [] []
[2019-03-10 10:30:02] Credit Warning SMS Yellow Zone log.INFO: Sending credit warning SMS to customer 2brackenview [] []
[2019-03-10 10:30:02] Credit Warning SMS Yellow Zone log.INFO: Credit warning SMS sent to customer 2brackenview [] []
[2019-03-10 10:30:02] Credit Warning SMS Yellow Zone log.INFO: Sending credit warning SMS to customer 21brackenview [] []
[2019-03-10 10:30:02] Credit Warning SMS Yellow Zone log.INFO: Credit warning SMS sent to customer 21brackenview [] []
[2019-03-10 10:30:02] Credit Warning SMS Yellow Zone log.INFO: Sending credit warning SMS to customer 18Emerald [] []
[2019-03-10 10:30:02] Credit Warning SMS Yellow Zone log.INFO: Credit warning SMS sent to customer 18Emerald [] []
[2019-03-10 10:30:02] Credit Warning SMS Yellow Zone log.INFO: Sending credit warning SMS to customer 16neptune [] []
[2019-03-10 10:30:02] Credit Warning SMS Yellow Zone log.INFO: Credit warning SMS sent to customer 16neptune [] []
[2019-03-10 10:30:02] Credit Warning SMS Yellow Zone log.INFO: Sending credit warning SMS to customer 118Neptune [] []
[2019-03-10 10:30:02] Credit Warning SMS Yellow Zone log.INFO: Credit warning SMS sent to customer 118Neptune [] []
[2019-03-10 10:30:02] Credit Warning SMS Yellow Zone log.INFO: Sending credit warning SMS to customer 48Neptune [] []
[2019-03-10 10:30:02] Credit Warning SMS Yellow Zone log.INFO: Credit warning SMS sent to customer 48Neptune [] []
[2019-03-10 10:30:02] Credit Warning SMS Yellow Zone log.INFO: Sending credit warning SMS to customer 153Neptune [] []
[2019-03-10 10:30:02] Credit Warning SMS Yellow Zone log.INFO: Credit warning SMS sent to customer 153Neptune [] []
[2019-03-10 10:30:02] Credit Warning SMS Yellow Zone log.INFO: Sending credit warning SMS to customer 68Neptune [] []
[2019-03-10 10:30:02] Credit Warning SMS Yellow Zone log.INFO: Credit warning SMS sent to customer 68Neptune [] []
[2019-03-10 10:30:02] Credit Warning SMS Yellow Zone log.INFO: Sending credit warning SMS to customer 80Neptune [] []
[2019-03-10 10:30:02] Credit Warning SMS Yellow Zone log.INFO: Credit warning SMS sent to customer 80Neptune [] []
[2019-03-10 10:30:02] Credit Warning SMS Yellow Zone log.INFO: Sending credit warning SMS to customer 27neptune [] []
[2019-03-10 10:30:02] Credit Warning SMS Yellow Zone log.INFO: Credit warning SMS sent to customer 27neptune [] []
[2019-03-10 10:30:02] Credit Warning SMS Yellow Zone log.INFO: Sending credit warning SMS to customer 169neptune [] []
[2019-03-10 10:30:02] Credit Warning SMS Yellow Zone log.INFO: Credit warning SMS sent to customer 169neptune [] []
[2019-03-10 10:30:02] Credit Warning SMS Yellow Zone log.INFO: Sending credit warning SMS to customer 121Neptune [] []
[2019-03-10 10:30:02] Credit Warning SMS Yellow Zone log.INFO: Credit warning SMS sent to customer 121Neptune [] []
[2019-03-10 10:30:02] Credit Warning SMS Yellow Zone log.INFO: Sending credit warning SMS to customer 20neptune [] []
[2019-03-10 10:30:02] Credit Warning SMS Yellow Zone log.INFO: Credit warning SMS sent to customer 20neptune [] []
[2019-03-10 10:30:02] Credit Warning SMS Yellow Zone log.INFO: Sending credit warning SMS to customer 19Abbott [] []
[2019-03-10 10:30:02] Credit Warning SMS Yellow Zone log.INFO: Credit warning SMS sent to customer 19Abbott [] []
[2019-03-10 10:30:02] Credit Warning SMS Yellow Zone log.INFO: Sending credit warning SMS to customer 6Abbott [] []
[2019-03-10 10:30:02] Credit Warning SMS Yellow Zone log.INFO: Credit warning SMS sent to customer 6Abbott [] []
[2019-03-10 10:30:02] Credit Warning SMS Yellow Zone log.INFO: Sending credit warning SMS to customer 68Abbott [] []
[2019-03-10 10:30:02] Credit Warning SMS Yellow Zone log.INFO: Credit warning SMS sent to customer 68Abbott [] []
[2019-03-10 10:30:02] Credit Warning SMS Yellow Zone log.INFO: Sending credit warning SMS to customer 62Abbott [] []
[2019-03-10 10:30:02] Credit Warning SMS Yellow Zone log.INFO: Credit warning SMS sent to customer 62Abbott [] []
[2019-03-10 10:30:02] Credit Warning SMS Yellow Zone log.INFO: Sending credit warning SMS to customer 89Abbott [] []
[2019-03-10 10:30:02] Credit Warning SMS Yellow Zone log.INFO: Credit warning SMS sent to customer 89Abbott [] []
[2019-03-10 10:30:02] Credit Warning SMS Yellow Zone log.INFO: Sending credit warning SMS to customer 44Abbott [] []
[2019-03-10 10:30:02] Credit Warning SMS Yellow Zone log.INFO: Credit warning SMS sent to customer 44Abbott [] []
[2019-03-10 10:30:02] Credit Warning SMS Yellow Zone log.INFO: Sending credit warning SMS to customer 109Abbott [] []
[2019-03-10 10:30:02] Credit Warning SMS Yellow Zone log.INFO: Credit warning SMS sent to customer 109Abbott [] []
[2019-03-10 10:30:02] Credit Warning SMS Yellow Zone log.INFO: Sending credit warning SMS to customer 121Abbott [] []
[2019-03-10 10:30:02] Credit Warning SMS Yellow Zone log.INFO: Credit warning SMS sent to customer 121Abbott [] []
[2019-03-10 10:30:02] Credit Warning SMS Yellow Zone log.INFO: Sending credit warning SMS to customer 98Abbott [] []
[2019-03-10 10:30:03] Credit Warning SMS Yellow Zone log.INFO: Credit warning SMS sent to customer 98Abbott [] []
[2019-03-10 10:30:03] Credit Warning SMS Yellow Zone log.INFO: Sending credit warning SMS to customer 115Abbott [] []
[2019-03-10 10:30:03] Credit Warning SMS Yellow Zone log.INFO: Credit warning SMS sent to customer 115Abbott [] []
[2019-03-10 10:30:03] Credit Warning SMS Yellow Zone log.INFO: Sending credit warning SMS to customer 81Abbott [] []
[2019-03-10 10:30:03] Credit Warning SMS Yellow Zone log.INFO: Credit warning SMS sent to customer 81Abbott [] []
[2019-03-10 10:30:03] Credit Warning SMS Yellow Zone log.INFO: Sending credit warning SMS to customer 118Abbott [] []
[2019-03-10 10:30:03] Credit Warning SMS Yellow Zone log.INFO: Credit warning SMS sent to customer 118Abbott [] []
[2019-03-10 10:30:03] Credit Warning SMS Yellow Zone log.INFO: Sending credit warning SMS to customer 148abbott [] []
[2019-03-10 10:30:03] Credit Warning SMS Yellow Zone log.INFO: Credit warning SMS sent to customer 148abbott [] []
[2019-03-10 10:30:03] Credit Warning SMS Yellow Zone log.INFO: Sending credit warning SMS to customer 1GreenBank [] []
[2019-03-10 10:30:03] Credit Warning SMS Yellow Zone log.INFO: Credit warning SMS sent to customer 1GreenBank [] []
[2019-03-10 10:30:03] Credit Warning SMS Yellow Zone log.INFO: Sending credit warning SMS to customer 11GreenBank [] []
[2019-03-10 10:30:03] Credit Warning SMS Yellow Zone log.INFO: Credit warning SMS sent to customer 11GreenBank [] []
[2019-03-10 10:30:03] Credit Warning SMS Yellow Zone log.INFO: Sending credit warning SMS to customer 130abbott [] []
[2019-03-10 10:30:03] Credit Warning SMS Yellow Zone log.INFO: Credit warning SMS sent to customer 130abbott [] []
[2019-03-10 10:30:03] Credit Warning SMS Yellow Zone log.INFO: Sending credit warning SMS to customer 21GreenBank [] []
[2019-03-10 10:30:03] Credit Warning SMS Yellow Zone log.INFO: Credit warning SMS sent to customer 21GreenBank [] []
[2019-03-10 10:30:03] Credit Warning SMS Yellow Zone log.INFO: Sending credit warning SMS to customer 138abbott [] []
[2019-03-10 10:30:03] Credit Warning SMS Yellow Zone log.INFO: Credit warning SMS sent to customer 138abbott [] []
[2019-03-10 10:30:03] Credit Warning SMS Yellow Zone log.INFO: Sending credit warning SMS to customer 36eustace [] []
[2019-03-10 10:30:03] Credit Warning SMS Yellow Zone log.INFO: Credit warning SMS sent to customer 36eustace [] []
[2019-03-10 10:30:03] Credit Warning SMS Yellow Zone log.INFO: Sending credit warning SMS to customer 8eustace [] []
[2019-03-10 10:30:03] Credit Warning SMS Yellow Zone log.INFO: Credit warning SMS sent to customer 8eustace [] []
[2019-03-10 10:30:03] Credit Warning SMS Yellow Zone log.INFO: Sending credit warning SMS to customer 15eustace [] []
[2019-03-10 10:30:03] Credit Warning SMS Yellow Zone log.INFO: Credit warning SMS sent to customer 15eustace [] []
[2019-03-10 10:30:03] Credit Warning SMS Yellow Zone log.INFO: Sending credit warning SMS to customer 158leona [] []
[2019-03-10 10:30:03] Credit Warning SMS Yellow Zone log.INFO: Credit warning SMS sent to customer 158leona [] []
[2019-03-10 10:30:03] Credit Warning SMS Yellow Zone log.INFO: Sending credit warning SMS to customer 148leona [] []
[2019-03-10 10:30:03] Credit Warning SMS Yellow Zone log.INFO: Credit warning SMS sent to customer 148leona [] []
[2019-03-10 10:30:03] Credit Warning SMS Yellow Zone log.INFO: Sending credit warning SMS to customer 58leona [] []
[2019-03-10 10:30:03] Credit Warning SMS Yellow Zone log.INFO: Credit warning SMS sent to customer 58leona [] []
[2019-03-10 10:30:03] Credit Warning SMS Yellow Zone log.INFO: Sending credit warning SMS to customer 102leona [] []
[2019-03-10 10:30:03] Credit Warning SMS Yellow Zone log.INFO: Credit warning SMS sent to customer 102leona [] []
[2019-03-10 10:30:03] Credit Warning SMS Yellow Zone log.INFO: Sending credit warning SMS to customer 73leona [] []
[2019-03-10 10:30:03] Credit Warning SMS Yellow Zone log.INFO: Credit warning SMS sent to customer 73leona [] []
[2019-03-10 10:30:03] Credit Warning SMS Yellow Zone log.INFO: Sending credit warning SMS to customer 105charlotte [] []
[2019-03-10 10:30:03] Credit Warning SMS Yellow Zone log.INFO: Credit warning SMS sent to customer 105charlotte [] []
[2019-03-10 10:30:03] Credit Warning SMS Yellow Zone log.INFO: Sending credit warning SMS to customer 127charlotte [] []
[2019-03-10 10:30:03] Credit Warning SMS Yellow Zone log.INFO: Credit warning SMS sent to customer 127charlotte [] []
[2019-03-10 10:30:03] Credit Warning SMS Yellow Zone log.INFO: Sending credit warning SMS to customer 52charlotte [] []
[2019-03-10 10:30:03] Credit Warning SMS Yellow Zone log.INFO: Credit warning SMS sent to customer 52charlotte [] []
[2019-03-10 10:30:03] Credit Warning SMS Yellow Zone log.INFO: Sending credit warning SMS to customer 7charlotte [] []
[2019-03-10 10:30:03] Credit Warning SMS Yellow Zone log.INFO: Credit warning SMS sent to customer 7charlotte [] []
