[2019-06-05 08:00:02] Credit Warning SMS Yellow Zone log.INFO: Sending credit warning SMS to customer 15sundayswell [] []
[2019-06-05 08:00:02] Credit Warning SMS Yellow Zone log.INFO: Credit warning SMS sent to customer 15sundayswell [] []
[2019-06-05 08:00:02] Credit Warning SMS Yellow Zone log.INFO: Sending credit warning SMS to customer 7garryknock [] []
[2019-06-05 08:00:02] Credit Warning SMS Yellow Zone log.INFO: Credit warning SMS sent to customer 7garryknock [] []
[2019-06-05 08:00:02] Credit Warning SMS Yellow Zone log.INFO: Sending credit warning SMS to customer 16garryknock [] []
[2019-06-05 08:00:02] Credit Warning SMS Yellow Zone log.INFO: Credit warning SMS sent to customer 16garryknock [] []
[2019-06-05 08:00:02] Credit Warning SMS Yellow Zone log.INFO: Sending credit warning SMS to customer 20garryknock [] []
[2019-06-05 08:00:02] Credit Warning SMS Yellow Zone log.INFO: Credit warning SMS sent to customer 20garryknock [] []
[2019-06-05 08:00:02] Credit Warning SMS Yellow Zone log.INFO: Sending credit warning SMS to customer 27Emerald [] []
[2019-06-05 08:00:02] Credit Warning SMS Yellow Zone log.INFO: Credit warning SMS sent to customer 27Emerald [] []
[2019-06-05 08:00:02] Credit Warning SMS Yellow Zone log.INFO: Sending credit warning SMS to customer 8Emerald [] []
[2019-06-05 08:00:02] Credit Warning SMS Yellow Zone log.INFO: Credit warning SMS sent to customer 8Emerald [] []
[2019-06-05 08:00:02] Credit Warning SMS Yellow Zone log.INFO: Sending credit warning SMS to customer 4Emerald [] []
[2019-06-05 08:00:02] Credit Warning SMS Yellow Zone log.INFO: Credit warning SMS sent to customer 4Emerald [] []
[2019-06-05 08:00:02] Credit Warning SMS Yellow Zone log.INFO: Sending credit warning SMS to customer 49Emerald [] []
[2019-06-05 08:00:02] Credit Warning SMS Yellow Zone log.INFO: Credit warning SMS sent to customer 49Emerald [] []
[2019-06-05 08:00:02] Credit Warning SMS Yellow Zone log.INFO: Sending credit warning SMS to customer 45Emerald [] []
[2019-06-05 08:00:02] Credit Warning SMS Yellow Zone log.INFO: Credit warning SMS sent to customer 45Emerald [] []
[2019-06-05 08:00:02] Credit Warning SMS Yellow Zone log.INFO: Sending credit warning SMS to customer 13Emerald [] []
[2019-06-05 08:00:02] Credit Warning SMS Yellow Zone log.INFO: Credit warning SMS sent to customer 13Emerald [] []
[2019-06-05 08:00:02] Credit Warning SMS Yellow Zone log.INFO: Sending credit warning SMS to customer 46Emerald [] []
[2019-06-05 08:00:02] Credit Warning SMS Yellow Zone log.INFO: Credit warning SMS sent to customer 46Emerald [] []
[2019-06-05 08:00:02] Credit Warning SMS Yellow Zone log.INFO: Sending credit warning SMS to customer 147Neptune [] []
[2019-06-05 08:00:02] Credit Warning SMS Yellow Zone log.INFO: Credit warning SMS sent to customer 147Neptune [] []
[2019-06-05 08:00:02] Credit Warning SMS Yellow Zone log.INFO: Sending credit warning SMS to customer 73Neptune [] []
[2019-06-05 08:00:02] Credit Warning SMS Yellow Zone log.INFO: Credit warning SMS sent to customer 73Neptune [] []
[2019-06-05 08:00:02] Credit Warning SMS Yellow Zone log.INFO: Sending credit warning SMS to customer 80Neptune [] []
[2019-06-05 08:00:02] Credit Warning SMS Yellow Zone log.INFO: Credit warning SMS sent to customer 80Neptune [] []
[2019-06-05 08:00:02] Credit Warning SMS Yellow Zone log.INFO: Sending credit warning SMS to customer 75Neptune [] []
[2019-06-05 08:00:02] Credit Warning SMS Yellow Zone log.INFO: Credit warning SMS sent to customer 75Neptune [] []
[2019-06-05 08:00:02] Credit Warning SMS Yellow Zone log.INFO: Sending credit warning SMS to customer 169neptune [] []
[2019-06-05 08:00:02] Credit Warning SMS Yellow Zone log.INFO: Credit warning SMS sent to customer 169neptune [] []
[2019-06-05 08:00:02] Credit Warning SMS Yellow Zone log.INFO: Sending credit warning SMS to customer 83Neptune [] []
[2019-06-05 08:00:02] Credit Warning SMS Yellow Zone log.INFO: Credit warning SMS sent to customer 83Neptune [] []
[2019-06-05 08:00:02] Credit Warning SMS Yellow Zone log.INFO: Sending credit warning SMS to customer 47Neptune [] []
[2019-06-05 08:00:02] Credit Warning SMS Yellow Zone log.INFO: Credit warning SMS sent to customer 47Neptune [] []
[2019-06-05 08:00:02] Credit Warning SMS Yellow Zone log.INFO: Sending credit warning SMS to customer 20Abbott [] []
[2019-06-05 08:00:02] Credit Warning SMS Yellow Zone log.INFO: Credit warning SMS sent to customer 20Abbott [] []
[2019-06-05 08:00:02] Credit Warning SMS Yellow Zone log.INFO: Sending credit warning SMS to customer 1Abbott [] []
[2019-06-05 08:00:02] Credit Warning SMS Yellow Zone log.INFO: Credit warning SMS sent to customer 1Abbott [] []
[2019-06-05 08:00:02] Credit Warning SMS Yellow Zone log.INFO: Sending credit warning SMS to customer 4Abbott [] []
[2019-06-05 08:00:02] Credit Warning SMS Yellow Zone log.INFO: Credit warning SMS sent to customer 4Abbott [] []
[2019-06-05 08:00:02] Credit Warning SMS Yellow Zone log.INFO: Sending credit warning SMS to customer 10Abbott [] []
[2019-06-05 08:00:02] Credit Warning SMS Yellow Zone log.INFO: Credit warning SMS sent to customer 10Abbott [] []
[2019-06-05 08:00:02] Credit Warning SMS Yellow Zone log.INFO: Sending credit warning SMS to customer 37Abbott [] []
[2019-06-05 08:00:02] Credit Warning SMS Yellow Zone log.INFO: Credit warning SMS sent to customer 37Abbott [] []
[2019-06-05 08:00:02] Credit Warning SMS Yellow Zone log.INFO: Sending credit warning SMS to customer 40Abbott [] []
[2019-06-05 08:00:02] Credit Warning SMS Yellow Zone log.INFO: Credit warning SMS sent to customer 40Abbott [] []
[2019-06-05 08:00:02] Credit Warning SMS Yellow Zone log.INFO: Sending credit warning SMS to customer 13Abbott [] []
[2019-06-05 08:00:02] Credit Warning SMS Yellow Zone log.INFO: Credit warning SMS sent to customer 13Abbott [] []
[2019-06-05 08:00:03] Credit Warning SMS Yellow Zone log.INFO: Sending credit warning SMS to customer 76Abbott [] []
[2019-06-05 08:00:03] Credit Warning SMS Yellow Zone log.INFO: Credit warning SMS sent to customer 76Abbott [] []
[2019-06-05 08:00:03] Credit Warning SMS Yellow Zone log.INFO: Sending credit warning SMS to customer 44Abbott [] []
[2019-06-05 08:00:03] Credit Warning SMS Yellow Zone log.INFO: Credit warning SMS sent to customer 44Abbott [] []
[2019-06-05 08:00:03] Credit Warning SMS Yellow Zone log.INFO: Sending credit warning SMS to customer 92Abbott [] []
[2019-06-05 08:00:03] Credit Warning SMS Yellow Zone log.INFO: Credit warning SMS sent to customer 92Abbott [] []
[2019-06-05 08:00:03] Credit Warning SMS Yellow Zone log.INFO: Sending credit warning SMS to customer 105Abbott [] []
[2019-06-05 08:00:03] Credit Warning SMS Yellow Zone log.INFO: Credit warning SMS sent to customer 105Abbott [] []
[2019-06-05 08:00:03] Credit Warning SMS Yellow Zone log.INFO: Sending credit warning SMS to customer 111Abbott [] []
[2019-06-05 08:00:03] Credit Warning SMS Yellow Zone log.INFO: Credit warning SMS sent to customer 111Abbott [] []
[2019-06-05 08:00:03] Credit Warning SMS Yellow Zone log.INFO: Sending credit warning SMS to customer 98Abbott [] []
[2019-06-05 08:00:03] Credit Warning SMS Yellow Zone log.INFO: Credit warning SMS sent to customer 98Abbott [] []
[2019-06-05 08:00:03] Credit Warning SMS Yellow Zone log.INFO: Sending credit warning SMS to customer 81Abbott [] []
[2019-06-05 08:00:03] Credit Warning SMS Yellow Zone log.INFO: Credit warning SMS sent to customer 81Abbott [] []
[2019-06-05 08:00:03] Credit Warning SMS Yellow Zone log.INFO: Sending credit warning SMS to customer 4GreenBank [] []
[2019-06-05 08:00:03] Credit Warning SMS Yellow Zone log.INFO: Credit warning SMS sent to customer 4GreenBank [] []
[2019-06-05 08:00:03] Credit Warning SMS Yellow Zone log.INFO: Sending credit warning SMS to customer 155abbott [] []
[2019-06-05 08:00:03] Credit Warning SMS Yellow Zone log.INFO: Credit warning SMS sent to customer 155abbott [] []
[2019-06-05 08:00:03] Credit Warning SMS Yellow Zone log.INFO: Sending credit warning SMS to customer 161abbott [] []
[2019-06-05 08:00:03] Credit Warning SMS Yellow Zone log.INFO: Credit warning SMS sent to customer 161abbott [] []
[2019-06-05 08:00:03] Credit Warning SMS Yellow Zone log.INFO: Sending credit warning SMS to customer 143abbott [] []
[2019-06-05 08:00:03] Credit Warning SMS Yellow Zone log.INFO: Credit warning SMS sent to customer 143abbott [] []
[2019-06-05 08:00:03] Credit Warning SMS Yellow Zone log.INFO: Sending credit warning SMS to customer 187abbott [] []
[2019-06-05 08:00:03] Credit Warning SMS Yellow Zone log.INFO: Credit warning SMS sent to customer 187abbott [] []
[2019-06-05 08:00:03] Credit Warning SMS Yellow Zone log.INFO: Sending credit warning SMS to customer 79eustace [] []
[2019-06-05 08:00:03] Credit Warning SMS Yellow Zone log.INFO: Credit warning SMS sent to customer 79eustace [] []
[2019-06-05 08:00:03] Credit Warning SMS Yellow Zone log.INFO: Sending credit warning SMS to customer 35eustace [] []
[2019-06-05 08:00:03] Credit Warning SMS Yellow Zone log.INFO: Credit warning SMS sent to customer 35eustace [] []
[2019-06-05 08:00:03] Credit Warning SMS Yellow Zone log.INFO: Sending credit warning SMS to customer 32leona [] []
[2019-06-05 08:00:03] Credit Warning SMS Yellow Zone log.INFO: Credit warning SMS sent to customer 32leona [] []
[2019-06-05 08:00:03] Credit Warning SMS Yellow Zone log.INFO: Sending credit warning SMS to customer 28leona [] []
[2019-06-05 08:00:03] Credit Warning SMS Yellow Zone log.INFO: Credit warning SMS sent to customer 28leona [] []
[2019-06-05 08:00:03] Credit Warning SMS Yellow Zone log.INFO: Sending credit warning SMS to customer 3leona [] []
[2019-06-05 08:00:03] Credit Warning SMS Yellow Zone log.INFO: Credit warning SMS sent to customer 3leona [] []
[2019-06-05 08:00:03] Credit Warning SMS Yellow Zone log.INFO: Sending credit warning SMS to customer 5leona [] []
[2019-06-05 08:00:03] Credit Warning SMS Yellow Zone log.INFO: Credit warning SMS sent to customer 5leona [] []
[2019-06-05 08:00:03] Credit Warning SMS Yellow Zone log.INFO: Sending credit warning SMS to customer 130leona [] []
[2019-06-05 08:00:03] Credit Warning SMS Yellow Zone log.INFO: Credit warning SMS sent to customer 130leona [] []
[2019-06-05 08:00:03] Credit Warning SMS Yellow Zone log.INFO: Sending credit warning SMS to customer 63leona [] []
[2019-06-05 08:00:03] Credit Warning SMS Yellow Zone log.INFO: Credit warning SMS sent to customer 63leona [] []
[2019-06-05 08:00:03] Credit Warning SMS Yellow Zone log.INFO: Sending credit warning SMS to customer 116leona [] []
[2019-06-05 08:00:03] Credit Warning SMS Yellow Zone log.INFO: Credit warning SMS sent to customer 116leona [] []
[2019-06-05 08:00:03] Credit Warning SMS Yellow Zone log.INFO: Sending credit warning SMS to customer 79leona [] []
[2019-06-05 08:00:03] Credit Warning SMS Yellow Zone log.INFO: Credit warning SMS sent to customer 79leona [] []
[2019-06-05 08:00:03] Credit Warning SMS Yellow Zone log.INFO: Sending credit warning SMS to customer 100leona [] []
[2019-06-05 08:00:03] Credit Warning SMS Yellow Zone log.INFO: Credit warning SMS sent to customer 100leona [] []
[2019-06-05 08:00:03] Credit Warning SMS Yellow Zone log.INFO: Sending credit warning SMS to customer 127charlotte [] []
[2019-06-05 08:00:03] Credit Warning SMS Yellow Zone log.INFO: Credit warning SMS sent to customer 127charlotte [] []
[2019-06-05 08:00:03] Credit Warning SMS Yellow Zone log.INFO: Sending credit warning SMS to customer 142charlotte [] []
[2019-06-05 08:00:03] Credit Warning SMS Yellow Zone log.INFO: Credit warning SMS sent to customer 142charlotte [] []
[2019-06-05 08:00:03] Credit Warning SMS Yellow Zone log.INFO: Sending credit warning SMS to customer 153charlotte [] []
[2019-06-05 08:00:03] Credit Warning SMS Yellow Zone log.INFO: Credit warning SMS sent to customer 153charlotte [] []
[2019-06-05 08:00:03] Credit Warning SMS Yellow Zone log.INFO: Sending credit warning SMS to customer 157charlotte [] []
[2019-06-05 08:00:03] Credit Warning SMS Yellow Zone log.INFO: Credit warning SMS sent to customer 157charlotte [] []
[2019-06-05 08:00:03] Credit Warning SMS Yellow Zone log.INFO: Sending credit warning SMS to customer 117charlotte [] []
[2019-06-05 08:00:03] Credit Warning SMS Yellow Zone log.INFO: Credit warning SMS sent to customer 117charlotte [] []
[2019-06-05 08:00:03] Credit Warning SMS Yellow Zone log.INFO: Sending credit warning SMS to customer 34charlotte [] []
[2019-06-05 08:00:03] Credit Warning SMS Yellow Zone log.INFO: Credit warning SMS sent to customer 34charlotte [] []
[2019-06-05 08:00:03] Credit Warning SMS Yellow Zone log.INFO: Sending credit warning SMS to customer 38charlotte [] []
[2019-06-05 08:00:03] Credit Warning SMS Yellow Zone log.INFO: Credit warning SMS sent to customer 38charlotte [] []
[2019-06-05 08:00:03] Credit Warning SMS Yellow Zone log.INFO: Sending credit warning SMS to customer 35charlotte [] []
[2019-06-05 08:00:03] Credit Warning SMS Yellow Zone log.INFO: Credit warning SMS sent to customer 35charlotte [] []
[2019-06-05 08:00:03] Credit Warning SMS Yellow Zone log.INFO: Sending credit warning SMS to customer 81charlotte [] []
[2019-06-05 08:00:03] Credit Warning SMS Yellow Zone log.INFO: Credit warning SMS sent to customer 81charlotte [] []
