[2019-12-30 08:00:01] Credit Warning SMS Yellow Zone log.INFO: Sending credit warning SMS to customer 12sundayswell [] []
[2019-12-30 08:00:01] Credit Warning SMS Yellow Zone log.INFO: Credit warning SMS sent to customer 12sundayswell [] []
[2019-12-30 08:00:01] Credit Warning SMS Yellow Zone log.INFO: Sending credit warning SMS to customer 9garryknock [] []
[2019-12-30 08:00:01] Credit Warning SMS Yellow Zone log.INFO: Credit warning SMS sent to customer 9garryknock [] []
[2019-12-30 08:00:01] Credit Warning SMS Yellow Zone log.INFO: Sending credit warning SMS to customer 6garryknock [] []
[2019-12-30 08:00:01] Credit Warning SMS Yellow Zone log.INFO: Credit warning SMS sent to customer 6garryknock [] []
[2019-12-30 08:00:01] Credit Warning SMS Yellow Zone log.INFO: Sending credit warning SMS to customer 24garryknock [] []
[2019-12-30 08:00:01] Credit Warning SMS Yellow Zone log.INFO: Credit warning SMS sent to customer 24garryknock [] []
[2019-12-30 08:00:01] Credit Warning SMS Yellow Zone log.INFO: Sending credit warning SMS to customer 48Emerald [] []
[2019-12-30 08:00:01] Credit Warning SMS Yellow Zone log.INFO: Credit warning SMS sent to customer 48Emerald [] []
[2019-12-30 08:00:01] Credit Warning SMS Yellow Zone log.INFO: Sending credit warning SMS to customer 50Emerald [] []
[2019-12-30 08:00:01] Credit Warning SMS Yellow Zone log.INFO: Credit warning SMS sent to customer 50Emerald [] []
[2019-12-30 08:00:01] Credit Warning SMS Yellow Zone log.INFO: Sending credit warning SMS to customer 7Emerald [] []
[2019-12-30 08:00:01] Credit Warning SMS Yellow Zone log.INFO: Credit warning SMS sent to customer 7Emerald [] []
[2019-12-30 08:00:01] Credit Warning SMS Yellow Zone log.INFO: Sending credit warning SMS to customer 16neptune [] []
[2019-12-30 08:00:02] Credit Warning SMS Yellow Zone log.INFO: Credit warning SMS sent to customer 16neptune [] []
[2019-12-30 08:00:02] Credit Warning SMS Yellow Zone log.INFO: Sending credit warning SMS to customer 117Neptune [] []
[2019-12-30 08:00:02] Credit Warning SMS Yellow Zone log.INFO: Credit warning SMS sent to customer 117Neptune [] []
[2019-12-30 08:00:02] Credit Warning SMS Yellow Zone log.INFO: Sending credit warning SMS to customer 124Neptune [] []
[2019-12-30 08:00:02] Credit Warning SMS Yellow Zone log.INFO: Credit warning SMS sent to customer 124Neptune [] []
[2019-12-30 08:00:02] Credit Warning SMS Yellow Zone log.INFO: Sending credit warning SMS to customer 26neptune [] []
[2019-12-30 08:00:02] Credit Warning SMS Yellow Zone log.INFO: Credit warning SMS sent to customer 26neptune [] []
[2019-12-30 08:00:02] Credit Warning SMS Yellow Zone log.INFO: Sending credit warning SMS to customer 101Neptune [] []
[2019-12-30 08:00:02] Credit Warning SMS Yellow Zone log.INFO: Credit warning SMS sent to customer 101Neptune [] []
[2019-12-30 08:00:02] Credit Warning SMS Yellow Zone log.INFO: Sending credit warning SMS to customer 99Neptune [] []
[2019-12-30 08:00:02] Credit Warning SMS Yellow Zone log.INFO: Credit warning SMS sent to customer 99Neptune [] []
[2019-12-30 08:00:02] Credit Warning SMS Yellow Zone log.INFO: Sending credit warning SMS to customer 153Neptune [] []
[2019-12-30 08:00:02] Credit Warning SMS Yellow Zone log.INFO: Credit warning SMS sent to customer 153Neptune [] []
[2019-12-30 08:00:02] Credit Warning SMS Yellow Zone log.INFO: Sending credit warning SMS to customer 74Neptune [] []
[2019-12-30 08:00:02] Credit Warning SMS Yellow Zone log.INFO: Credit warning SMS sent to customer 74Neptune [] []
[2019-12-30 08:00:02] Credit Warning SMS Yellow Zone log.INFO: Sending credit warning SMS to customer 196neptune [] []
[2019-12-30 08:00:02] Credit Warning SMS Yellow Zone log.INFO: Credit warning SMS sent to customer 196neptune [] []
[2019-12-30 08:00:02] Credit Warning SMS Yellow Zone log.INFO: Sending credit warning SMS to customer 104Neptune [] []
[2019-12-30 08:00:02] Credit Warning SMS Yellow Zone log.INFO: Credit warning SMS sent to customer 104Neptune [] []
[2019-12-30 08:00:02] Credit Warning SMS Yellow Zone log.INFO: Sending credit warning SMS to customer 178neptune [] []
[2019-12-30 08:00:02] Credit Warning SMS Yellow Zone log.INFO: Credit warning SMS sent to customer 178neptune [] []
[2019-12-30 08:00:02] Credit Warning SMS Yellow Zone log.INFO: Sending credit warning SMS to customer 39neptune [] []
[2019-12-30 08:00:02] Credit Warning SMS Yellow Zone log.INFO: Credit warning SMS sent to customer 39neptune [] []
[2019-12-30 08:00:02] Credit Warning SMS Yellow Zone log.INFO: Sending credit warning SMS to customer 45Neptune [] []
[2019-12-30 08:00:02] Credit Warning SMS Yellow Zone log.INFO: Credit warning SMS sent to customer 45Neptune [] []
[2019-12-30 08:00:02] Credit Warning SMS Yellow Zone log.INFO: Sending credit warning SMS to customer 48Neptune [] []
[2019-12-30 08:00:02] Credit Warning SMS Yellow Zone log.INFO: Credit warning SMS sent to customer 48Neptune [] []
[2019-12-30 08:00:02] Credit Warning SMS Yellow Zone log.INFO: Sending credit warning SMS to customer 53Neptune [] []
[2019-12-30 08:00:02] Credit Warning SMS Yellow Zone log.INFO: Credit warning SMS sent to customer 53Neptune [] []
[2019-12-30 08:00:02] Credit Warning SMS Yellow Zone log.INFO: Sending credit warning SMS to customer 41Abbott [] []
[2019-12-30 08:00:02] Credit Warning SMS Yellow Zone log.INFO: Credit warning SMS sent to customer 41Abbott [] []
[2019-12-30 08:00:02] Credit Warning SMS Yellow Zone log.INFO: Sending credit warning SMS to customer 3Abbott [] []
[2019-12-30 08:00:02] Credit Warning SMS Yellow Zone log.INFO: Credit warning SMS sent to customer 3Abbott [] []
[2019-12-30 08:00:02] Credit Warning SMS Yellow Zone log.INFO: Sending credit warning SMS to customer 10Abbott [] []
[2019-12-30 08:00:02] Credit Warning SMS Yellow Zone log.INFO: Credit warning SMS sent to customer 10Abbott [] []
[2019-12-30 08:00:02] Credit Warning SMS Yellow Zone log.INFO: Sending credit warning SMS to customer 21Abbott [] []
[2019-12-30 08:00:02] Credit Warning SMS Yellow Zone log.INFO: Credit warning SMS sent to customer 21Abbott [] []
[2019-12-30 08:00:02] Credit Warning SMS Yellow Zone log.INFO: Sending credit warning SMS to customer 31Abbott [] []
[2019-12-30 08:00:02] Credit Warning SMS Yellow Zone log.INFO: Credit warning SMS sent to customer 31Abbott [] []
[2019-12-30 08:00:02] Credit Warning SMS Yellow Zone log.INFO: Sending credit warning SMS to customer 36Abbott [] []
[2019-12-30 08:00:02] Credit Warning SMS Yellow Zone log.INFO: Credit warning SMS sent to customer 36Abbott [] []
[2019-12-30 08:00:02] Credit Warning SMS Yellow Zone log.INFO: Sending credit warning SMS to customer 73Abbott [] []
[2019-12-30 08:00:02] Credit Warning SMS Yellow Zone log.INFO: Credit warning SMS sent to customer 73Abbott [] []
[2019-12-30 08:00:02] Credit Warning SMS Yellow Zone log.INFO: Sending credit warning SMS to customer 59Abbott [] []
[2019-12-30 08:00:02] Credit Warning SMS Yellow Zone log.INFO: Credit warning SMS sent to customer 59Abbott [] []
[2019-12-30 08:00:02] Credit Warning SMS Yellow Zone log.INFO: Sending credit warning SMS to customer 62Abbott [] []
[2019-12-30 08:00:02] Credit Warning SMS Yellow Zone log.INFO: Credit warning SMS sent to customer 62Abbott [] []
[2019-12-30 08:00:02] Credit Warning SMS Yellow Zone log.INFO: Sending credit warning SMS to customer 70Abbott [] []
[2019-12-30 08:00:02] Credit Warning SMS Yellow Zone log.INFO: Credit warning SMS sent to customer 70Abbott [] []
[2019-12-30 08:00:02] Credit Warning SMS Yellow Zone log.INFO: Sending credit warning SMS to customer 82Abbott [] []
[2019-12-30 08:00:03] Credit Warning SMS Yellow Zone log.INFO: Credit warning SMS sent to customer 82Abbott [] []
[2019-12-30 08:00:03] Credit Warning SMS Yellow Zone log.INFO: Sending credit warning SMS to customer 84Abbott [] []
[2019-12-30 08:00:03] Credit Warning SMS Yellow Zone log.INFO: Credit warning SMS sent to customer 84Abbott [] []
[2019-12-30 08:00:03] Credit Warning SMS Yellow Zone log.INFO: Sending credit warning SMS to customer 69Abbott [] []
[2019-12-30 08:00:03] Credit Warning SMS Yellow Zone log.INFO: Credit warning SMS sent to customer 69Abbott [] []
[2019-12-30 08:00:03] Credit Warning SMS Yellow Zone log.INFO: Sending credit warning SMS to customer 44Abbott [] []
[2019-12-30 08:00:03] Credit Warning SMS Yellow Zone log.INFO: Credit warning SMS sent to customer 44Abbott [] []
[2019-12-30 08:00:03] Credit Warning SMS Yellow Zone log.INFO: Sending credit warning SMS to customer 91Abbott [] []
[2019-12-30 08:00:03] Credit Warning SMS Yellow Zone log.INFO: Credit warning SMS sent to customer 91Abbott [] []
[2019-12-30 08:00:03] Credit Warning SMS Yellow Zone log.INFO: Sending credit warning SMS to customer 92Abbott [] []
[2019-12-30 08:00:03] Credit Warning SMS Yellow Zone log.INFO: Credit warning SMS sent to customer 92Abbott [] []
[2019-12-30 08:00:03] Credit Warning SMS Yellow Zone log.INFO: Sending credit warning SMS to customer 65Abbott [] []
[2019-12-30 08:00:03] Credit Warning SMS Yellow Zone log.INFO: Credit warning SMS sent to customer 65Abbott [] []
[2019-12-30 08:00:03] Credit Warning SMS Yellow Zone log.INFO: Sending credit warning SMS to customer 71Abbott [] []
[2019-12-30 08:00:03] Credit Warning SMS Yellow Zone log.INFO: Credit warning SMS sent to customer 71Abbott [] []
[2019-12-30 08:00:03] Credit Warning SMS Yellow Zone log.INFO: Sending credit warning SMS to customer 105Abbott [] []
[2019-12-30 08:00:03] Credit Warning SMS Yellow Zone log.INFO: Credit warning SMS sent to customer 105Abbott [] []
[2019-12-30 08:00:03] Credit Warning SMS Yellow Zone log.INFO: Sending credit warning SMS to customer 111Abbott [] []
[2019-12-30 08:00:03] Credit Warning SMS Yellow Zone log.INFO: Credit warning SMS sent to customer 111Abbott [] []
[2019-12-30 08:00:03] Credit Warning SMS Yellow Zone log.INFO: Sending credit warning SMS to customer 119Abbott [] []
[2019-12-30 08:00:03] Credit Warning SMS Yellow Zone log.INFO: Credit warning SMS sent to customer 119Abbott [] []
[2019-12-30 08:00:03] Credit Warning SMS Yellow Zone log.INFO: Sending credit warning SMS to customer 98Abbott [] []
[2019-12-30 08:00:03] Credit Warning SMS Yellow Zone log.INFO: Credit warning SMS sent to customer 98Abbott [] []
[2019-12-30 08:00:03] Credit Warning SMS Yellow Zone log.INFO: Sending credit warning SMS to customer 115Abbott [] []
[2019-12-30 08:00:03] Credit Warning SMS Yellow Zone log.INFO: Credit warning SMS sent to customer 115Abbott [] []
[2019-12-30 08:00:03] Credit Warning SMS Yellow Zone log.INFO: Sending credit warning SMS to customer 131abbott [] []
[2019-12-30 08:00:03] Credit Warning SMS Yellow Zone log.INFO: Credit warning SMS sent to customer 131abbott [] []
[2019-12-30 08:00:03] Credit Warning SMS Yellow Zone log.INFO: Sending credit warning SMS to customer 179abbott [] []
[2019-12-30 08:00:03] Credit Warning SMS Yellow Zone log.INFO: Credit warning SMS sent to customer 179abbott [] []
[2019-12-30 08:00:03] Credit Warning SMS Yellow Zone log.INFO: Sending credit warning SMS to customer 188abbott [] []
[2019-12-30 08:00:03] Credit Warning SMS Yellow Zone log.INFO: Credit warning SMS sent to customer 188abbott [] []
[2019-12-30 08:00:03] Credit Warning SMS Yellow Zone log.INFO: Sending credit warning SMS to customer 176abbott [] []
[2019-12-30 08:00:03] Credit Warning SMS Yellow Zone log.INFO: Credit warning SMS sent to customer 176abbott [] []
[2019-12-30 08:00:03] Credit Warning SMS Yellow Zone log.INFO: Sending credit warning SMS to customer 184abbott [] []
[2019-12-30 08:00:03] Credit Warning SMS Yellow Zone log.INFO: Credit warning SMS sent to customer 184abbott [] []
[2019-12-30 08:00:03] Credit Warning SMS Yellow Zone log.INFO: Sending credit warning SMS to customer 174abbott [] []
[2019-12-30 08:00:03] Credit Warning SMS Yellow Zone log.INFO: Credit warning SMS sent to customer 174abbott [] []
[2019-12-30 08:00:03] Credit Warning SMS Yellow Zone log.INFO: Sending credit warning SMS to customer 14GreenBank [] []
[2019-12-30 08:00:03] Credit Warning SMS Yellow Zone log.INFO: Credit warning SMS sent to customer 14GreenBank [] []
[2019-12-30 08:00:03] Credit Warning SMS Yellow Zone log.INFO: Sending credit warning SMS to customer 187abbott [] []
[2019-12-30 08:00:03] Credit Warning SMS Yellow Zone log.INFO: Credit warning SMS sent to customer 187abbott [] []
[2019-12-30 08:00:03] Credit Warning SMS Yellow Zone log.INFO: Sending credit warning SMS to customer 138abbott [] []
[2019-12-30 08:00:03] Credit Warning SMS Yellow Zone log.INFO: Credit warning SMS sent to customer 138abbott [] []
[2019-12-30 08:00:03] Credit Warning SMS Yellow Zone log.INFO: Sending credit warning SMS to customer 185abbott [] []
[2019-12-30 08:00:03] Credit Warning SMS Yellow Zone log.INFO: Credit warning SMS sent to customer 185abbott [] []
[2019-12-30 08:00:03] Credit Warning SMS Yellow Zone log.INFO: Sending credit warning SMS to customer 128abbott [] []
[2019-12-30 08:00:03] Credit Warning SMS Yellow Zone log.INFO: Credit warning SMS sent to customer 128abbott [] []
[2019-12-30 08:00:03] Credit Warning SMS Yellow Zone log.INFO: Sending credit warning SMS to customer 70eustace [] []
[2019-12-30 08:00:03] Credit Warning SMS Yellow Zone log.INFO: Credit warning SMS sent to customer 70eustace [] []
[2019-12-30 08:00:03] Credit Warning SMS Yellow Zone log.INFO: Sending credit warning SMS to customer 17eustace [] []
[2019-12-30 08:00:03] Credit Warning SMS Yellow Zone log.INFO: Credit warning SMS sent to customer 17eustace [] []
[2019-12-30 08:00:03] Credit Warning SMS Yellow Zone log.INFO: Sending credit warning SMS to customer 33eustace [] []
[2019-12-30 08:00:04] Credit Warning SMS Yellow Zone log.INFO: Credit warning SMS sent to customer 33eustace [] []
[2019-12-30 08:00:04] Credit Warning SMS Yellow Zone log.INFO: Sending credit warning SMS to customer 3eustace [] []
[2019-12-30 08:00:04] Credit Warning SMS Yellow Zone log.INFO: Credit warning SMS sent to customer 3eustace [] []
[2019-12-30 08:00:04] Credit Warning SMS Yellow Zone log.INFO: Sending credit warning SMS to customer 40eustace [] []
[2019-12-30 08:00:04] Credit Warning SMS Yellow Zone log.INFO: Credit warning SMS sent to customer 40eustace [] []
[2019-12-30 08:00:04] Credit Warning SMS Yellow Zone log.INFO: Sending credit warning SMS to customer 45eustace [] []
[2019-12-30 08:00:04] Credit Warning SMS Yellow Zone log.INFO: Credit warning SMS sent to customer 45eustace [] []
[2019-12-30 08:00:04] Credit Warning SMS Yellow Zone log.INFO: Sending credit warning SMS to customer 52eustace [] []
[2019-12-30 08:00:04] Credit Warning SMS Yellow Zone log.INFO: Credit warning SMS sent to customer 52eustace [] []
[2019-12-30 08:00:04] Credit Warning SMS Yellow Zone log.INFO: Sending credit warning SMS to customer 144leona [] []
[2019-12-30 08:00:04] Credit Warning SMS Yellow Zone log.INFO: Credit warning SMS sent to customer 144leona [] []
[2019-12-30 08:00:04] Credit Warning SMS Yellow Zone log.INFO: Sending credit warning SMS to customer 28leona [] []
[2019-12-30 08:00:04] Credit Warning SMS Yellow Zone log.INFO: Credit warning SMS sent to customer 28leona [] []
[2019-12-30 08:00:04] Credit Warning SMS Yellow Zone log.INFO: Sending credit warning SMS to customer 5leona [] []
[2019-12-30 08:00:04] Credit Warning SMS Yellow Zone log.INFO: Credit warning SMS sent to customer 5leona [] []
[2019-12-30 08:00:04] Credit Warning SMS Yellow Zone log.INFO: Sending credit warning SMS to customer 23leona [] []
[2019-12-30 08:00:04] Credit Warning SMS Yellow Zone log.INFO: Credit warning SMS sent to customer 23leona [] []
[2019-12-30 08:00:04] Credit Warning SMS Yellow Zone log.INFO: Sending credit warning SMS to customer 141leona [] []
[2019-12-30 08:00:04] Credit Warning SMS Yellow Zone log.INFO: Credit warning SMS sent to customer 141leona [] []
[2019-12-30 08:00:04] Credit Warning SMS Yellow Zone log.INFO: Sending credit warning SMS to customer 62leona [] []
[2019-12-30 08:00:04] Credit Warning SMS Yellow Zone log.INFO: Credit warning SMS sent to customer 62leona [] []
[2019-12-30 08:00:04] Credit Warning SMS Yellow Zone log.INFO: Sending credit warning SMS to customer 126leona [] []
[2019-12-30 08:00:04] Credit Warning SMS Yellow Zone log.INFO: Credit warning SMS sent to customer 126leona [] []
[2019-12-30 08:00:04] Credit Warning SMS Yellow Zone log.INFO: Sending credit warning SMS to customer 80leona [] []
[2019-12-30 08:00:04] Credit Warning SMS Yellow Zone log.INFO: Credit warning SMS sent to customer 80leona [] []
[2019-12-30 08:00:04] Credit Warning SMS Yellow Zone log.INFO: Sending credit warning SMS to customer 102leona [] []
[2019-12-30 08:00:04] Credit Warning SMS Yellow Zone log.INFO: Credit warning SMS sent to customer 102leona [] []
[2019-12-30 08:00:04] Credit Warning SMS Yellow Zone log.INFO: Sending credit warning SMS to customer 64leona [] []
[2019-12-30 08:00:04] Credit Warning SMS Yellow Zone log.INFO: Credit warning SMS sent to customer 64leona [] []
[2019-12-30 08:00:04] Credit Warning SMS Yellow Zone log.INFO: Sending credit warning SMS to customer 10leona [] []
[2019-12-30 08:00:04] Credit Warning SMS Yellow Zone log.INFO: Credit warning SMS sent to customer 10leona [] []
[2019-12-30 08:00:04] Credit Warning SMS Yellow Zone log.INFO: Sending credit warning SMS to customer 39leona [] []
[2019-12-30 08:00:04] Credit Warning SMS Yellow Zone log.INFO: Credit warning SMS sent to customer 39leona [] []
[2019-12-30 08:00:04] Credit Warning SMS Yellow Zone log.INFO: Sending credit warning SMS to customer 73leona [] []
[2019-12-30 08:00:04] Credit Warning SMS Yellow Zone log.INFO: Credit warning SMS sent to customer 73leona [] []
[2019-12-30 08:00:04] Credit Warning SMS Yellow Zone log.INFO: Sending credit warning SMS to customer 37leona [] []
[2019-12-30 08:00:04] Credit Warning SMS Yellow Zone log.INFO: Credit warning SMS sent to customer 37leona [] []
[2019-12-30 08:00:04] Credit Warning SMS Yellow Zone log.INFO: Sending credit warning SMS to customer 122charlotte [] []
[2019-12-30 08:00:04] Credit Warning SMS Yellow Zone log.INFO: Credit warning SMS sent to customer 122charlotte [] []
[2019-12-30 08:00:04] Credit Warning SMS Yellow Zone log.INFO: Sending credit warning SMS to customer 15charlotte [] []
[2019-12-30 08:00:04] Credit Warning SMS Yellow Zone log.INFO: Credit warning SMS sent to customer 15charlotte [] []
[2019-12-30 08:00:04] Credit Warning SMS Yellow Zone log.INFO: Sending credit warning SMS to customer 66charlotte [] []
[2019-12-30 08:00:04] Credit Warning SMS Yellow Zone log.INFO: Credit warning SMS sent to customer 66charlotte [] []
[2019-12-30 08:00:04] Credit Warning SMS Yellow Zone log.INFO: Sending credit warning SMS to customer 106charlotte [] []
[2019-12-30 08:00:04] Credit Warning SMS Yellow Zone log.INFO: Credit warning SMS sent to customer 106charlotte [] []
[2019-12-30 08:00:04] Credit Warning SMS Yellow Zone log.INFO: Sending credit warning SMS to customer 115charlotte [] []
[2019-12-30 08:00:04] Credit Warning SMS Yellow Zone log.INFO: Credit warning SMS sent to customer 115charlotte [] []
[2019-12-30 08:00:04] Credit Warning SMS Yellow Zone log.INFO: Sending credit warning SMS to customer 124charlotte [] []
[2019-12-30 08:00:04] Credit Warning SMS Yellow Zone log.INFO: Credit warning SMS sent to customer 124charlotte [] []
[2019-12-30 08:00:04] Credit Warning SMS Yellow Zone log.INFO: Sending credit warning SMS to customer 45charlotte [] []
[2019-12-30 08:00:04] Credit Warning SMS Yellow Zone log.INFO: Credit warning SMS sent to customer 45charlotte [] []
[2019-12-30 08:00:04] Credit Warning SMS Yellow Zone log.INFO: Sending credit warning SMS to customer 12charlotte [] []
[2019-12-30 08:00:04] Credit Warning SMS Yellow Zone log.INFO: Credit warning SMS sent to customer 12charlotte [] []
[2019-12-30 08:00:04] Credit Warning SMS Yellow Zone log.INFO: Sending credit warning SMS to customer 24bridgefield [] []
[2019-12-30 08:00:04] Credit Warning SMS Yellow Zone log.INFO: Credit warning SMS sent to customer 24bridgefield [] []
[2019-12-30 08:00:04] Credit Warning SMS Yellow Zone log.INFO: Sending credit warning SMS to customer 5bridgefield [] []
[2019-12-30 08:00:05] Credit Warning SMS Yellow Zone log.INFO: Credit warning SMS sent to customer 5bridgefield [] []
[2019-12-30 08:00:05] Credit Warning SMS Yellow Zone log.INFO: Sending credit warning SMS to customer 9bridgefield [] []
[2019-12-30 08:00:05] Credit Warning SMS Yellow Zone log.INFO: Credit warning SMS sent to customer 9bridgefield [] []
[2019-12-30 08:00:05] Credit Warning SMS Yellow Zone log.INFO: Sending credit warning SMS to customer 1pappan [] []
[2019-12-30 08:00:05] Credit Warning SMS Yellow Zone log.INFO: Credit warning SMS sent to customer 1pappan [] []
[2019-12-30 08:00:05] Credit Warning SMS Yellow Zone log.INFO: Sending credit warning SMS to customer 2pappan [] []
[2019-12-30 08:00:05] Credit Warning SMS Yellow Zone log.INFO: Credit warning SMS sent to customer 2pappan [] []
[2019-12-30 08:00:05] Credit Warning SMS Yellow Zone log.INFO: Sending credit warning SMS to customer 19pappan [] []
[2019-12-30 08:00:05] Credit Warning SMS Yellow Zone log.INFO: Credit warning SMS sent to customer 19pappan [] []
[2019-12-30 08:00:05] Credit Warning SMS Yellow Zone log.INFO: Sending credit warning SMS to customer 152fairways [] []
[2019-12-30 08:00:05] Credit Warning SMS Yellow Zone log.INFO: Credit warning SMS sent to customer 152fairways [] []
[2019-12-30 08:00:05] Credit Warning SMS Yellow Zone log.INFO: Sending credit warning SMS to customer 57fairways [] []
[2019-12-30 08:00:05] Credit Warning SMS Yellow Zone log.INFO: Credit warning SMS sent to customer 57fairways [] []
[2019-12-30 08:00:05] Credit Warning SMS Yellow Zone log.INFO: Sending credit warning SMS to customer 1herberthill [] []
[2019-12-30 08:00:05] Credit Warning SMS Yellow Zone log.INFO: Credit warning SMS sent to customer 1herberthill [] []
[2019-12-30 08:00:05] Credit Warning SMS Yellow Zone log.INFO: Sent Credit warning SMS to 94 customers! [] []
