[2019-08-21 08:00:01] Credit Warning SMS Yellow Zone log.INFO: Sending credit warning SMS to customer 1brackenview [] []
[2019-08-21 08:00:01] Credit Warning SMS Yellow Zone log.INFO: Credit warning SMS sent to customer 1brackenview [] []
[2019-08-21 08:00:01] Credit Warning SMS Yellow Zone log.INFO: Sending credit warning SMS to customer 11sundayswell [] []
[2019-08-21 08:00:01] Credit Warning SMS Yellow Zone log.INFO: Credit warning SMS sent to customer 11sundayswell [] []
[2019-08-21 08:00:01] Credit Warning SMS Yellow Zone log.INFO: Sending credit warning SMS to customer 5garryknock [] []
[2019-08-21 08:00:01] Credit Warning SMS Yellow Zone log.INFO: Credit warning SMS sent to customer 5garryknock [] []
[2019-08-21 08:00:01] Credit Warning SMS Yellow Zone log.INFO: Sending credit warning SMS to customer 19sundayswell [] []
[2019-08-21 08:00:01] Credit Warning SMS Yellow Zone log.INFO: Credit warning SMS sent to customer 19sundayswell [] []
[2019-08-21 08:00:01] Credit Warning SMS Yellow Zone log.INFO: Sending credit warning SMS to customer 6Emerald [] []
[2019-08-21 08:00:01] Credit Warning SMS Yellow Zone log.INFO: Credit warning SMS sent to customer 6Emerald [] []
[2019-08-21 08:00:01] Credit Warning SMS Yellow Zone log.INFO: Sending credit warning SMS to customer 30Emerald [] []
[2019-08-21 08:00:01] Credit Warning SMS Yellow Zone log.INFO: Credit warning SMS sent to customer 30Emerald [] []
[2019-08-21 08:00:01] Credit Warning SMS Yellow Zone log.INFO: Sending credit warning SMS to customer 1neptune [] []
[2019-08-21 08:00:01] Credit Warning SMS Yellow Zone log.INFO: Credit warning SMS sent to customer 1neptune [] []
[2019-08-21 08:00:01] Credit Warning SMS Yellow Zone log.INFO: Sending credit warning SMS to customer 194neptune [] []
[2019-08-21 08:00:01] Credit Warning SMS Yellow Zone log.INFO: Credit warning SMS sent to customer 194neptune [] []
[2019-08-21 08:00:01] Credit Warning SMS Yellow Zone log.INFO: Sending credit warning SMS to customer 115Neptune [] []
[2019-08-21 08:00:01] Credit Warning SMS Yellow Zone log.INFO: Credit warning SMS sent to customer 115Neptune [] []
[2019-08-21 08:00:01] Credit Warning SMS Yellow Zone log.INFO: Sending credit warning SMS to customer 117Neptune [] []
[2019-08-21 08:00:01] Credit Warning SMS Yellow Zone log.INFO: Credit warning SMS sent to customer 117Neptune [] []
[2019-08-21 08:00:01] Credit Warning SMS Yellow Zone log.INFO: Sending credit warning SMS to customer 157Neptune [] []
[2019-08-21 08:00:01] Credit Warning SMS Yellow Zone log.INFO: Credit warning SMS sent to customer 157Neptune [] []
[2019-08-21 08:00:01] Credit Warning SMS Yellow Zone log.INFO: Sending credit warning SMS to customer 26neptune [] []
[2019-08-21 08:00:01] Credit Warning SMS Yellow Zone log.INFO: Credit warning SMS sent to customer 26neptune [] []
[2019-08-21 08:00:01] Credit Warning SMS Yellow Zone log.INFO: Sending credit warning SMS to customer 63Neptune [] []
[2019-08-21 08:00:02] Credit Warning SMS Yellow Zone log.INFO: Credit warning SMS sent to customer 63Neptune [] []
[2019-08-21 08:00:02] Credit Warning SMS Yellow Zone log.INFO: Sending credit warning SMS to customer 60Neptune [] []
[2019-08-21 08:00:02] Credit Warning SMS Yellow Zone log.INFO: Credit warning SMS sent to customer 60Neptune [] []
[2019-08-21 08:00:02] Credit Warning SMS Yellow Zone log.INFO: Sending credit warning SMS to customer 77Neptune [] []
[2019-08-21 08:00:02] Credit Warning SMS Yellow Zone log.INFO: Credit warning SMS sent to customer 77Neptune [] []
[2019-08-21 08:00:02] Credit Warning SMS Yellow Zone log.INFO: Sending credit warning SMS to customer 160Neptune [] []
[2019-08-21 08:00:02] Credit Warning SMS Yellow Zone log.INFO: Credit warning SMS sent to customer 160Neptune [] []
[2019-08-21 08:00:02] Credit Warning SMS Yellow Zone log.INFO: Sending credit warning SMS to customer 140Neptune [] []
[2019-08-21 08:00:02] Credit Warning SMS Yellow Zone log.INFO: Credit warning SMS sent to customer 140Neptune [] []
[2019-08-21 08:00:02] Credit Warning SMS Yellow Zone log.INFO: Sending credit warning SMS to customer 78Neptune [] []
[2019-08-21 08:00:02] Credit Warning SMS Yellow Zone log.INFO: Credit warning SMS sent to customer 78Neptune [] []
[2019-08-21 08:00:02] Credit Warning SMS Yellow Zone log.INFO: Sending credit warning SMS to customer 21neptune [] []
[2019-08-21 08:00:02] Credit Warning SMS Yellow Zone log.INFO: Credit warning SMS sent to customer 21neptune [] []
[2019-08-21 08:00:02] Credit Warning SMS Yellow Zone log.INFO: Sending credit warning SMS to customer 32neptune [] []
[2019-08-21 08:00:02] Credit Warning SMS Yellow Zone log.INFO: Credit warning SMS sent to customer 32neptune [] []
[2019-08-21 08:00:02] Credit Warning SMS Yellow Zone log.INFO: Sending credit warning SMS to customer 121Neptune [] []
[2019-08-21 08:00:02] Credit Warning SMS Yellow Zone log.INFO: Credit warning SMS sent to customer 121Neptune [] []
[2019-08-21 08:00:02] Credit Warning SMS Yellow Zone log.INFO: Sending credit warning SMS to customer 20neptune [] []
[2019-08-21 08:00:02] Credit Warning SMS Yellow Zone log.INFO: Credit warning SMS sent to customer 20neptune [] []
[2019-08-21 08:00:02] Credit Warning SMS Yellow Zone log.INFO: Sending credit warning SMS to customer 87Neptune [] []
[2019-08-21 08:00:02] Credit Warning SMS Yellow Zone log.INFO: Credit warning SMS sent to customer 87Neptune [] []
[2019-08-21 08:00:02] Credit Warning SMS Yellow Zone log.INFO: Sending credit warning SMS to customer 8Abbott [] []
[2019-08-21 08:00:02] Credit Warning SMS Yellow Zone log.INFO: Credit warning SMS sent to customer 8Abbott [] []
[2019-08-21 08:00:02] Credit Warning SMS Yellow Zone log.INFO: Sending credit warning SMS to customer 20Abbott [] []
[2019-08-21 08:00:02] Credit Warning SMS Yellow Zone log.INFO: Credit warning SMS sent to customer 20Abbott [] []
[2019-08-21 08:00:02] Credit Warning SMS Yellow Zone log.INFO: Sending credit warning SMS to customer 1Abbott [] []
[2019-08-21 08:00:02] Credit Warning SMS Yellow Zone log.INFO: Credit warning SMS sent to customer 1Abbott [] []
[2019-08-21 08:00:02] Credit Warning SMS Yellow Zone log.INFO: Sending credit warning SMS to customer 5Abbott [] []
[2019-08-21 08:00:02] Credit Warning SMS Yellow Zone log.INFO: Credit warning SMS sent to customer 5Abbott [] []
[2019-08-21 08:00:02] Credit Warning SMS Yellow Zone log.INFO: Sending credit warning SMS to customer 10Abbott [] []
[2019-08-21 08:00:02] Credit Warning SMS Yellow Zone log.INFO: Credit warning SMS sent to customer 10Abbott [] []
[2019-08-21 08:00:02] Credit Warning SMS Yellow Zone log.INFO: Sending credit warning SMS to customer 15Abbott [] []
[2019-08-21 08:00:02] Credit Warning SMS Yellow Zone log.INFO: Credit warning SMS sent to customer 15Abbott [] []
[2019-08-21 08:00:02] Credit Warning SMS Yellow Zone log.INFO: Sending credit warning SMS to customer 21Abbott [] []
[2019-08-21 08:00:02] Credit Warning SMS Yellow Zone log.INFO: Credit warning SMS sent to customer 21Abbott [] []
[2019-08-21 08:00:02] Credit Warning SMS Yellow Zone log.INFO: Sending credit warning SMS to customer 24Abbott [] []
[2019-08-21 08:00:02] Credit Warning SMS Yellow Zone log.INFO: Credit warning SMS sent to customer 24Abbott [] []
[2019-08-21 08:00:02] Credit Warning SMS Yellow Zone log.INFO: Sending credit warning SMS to customer 28Abbott [] []
[2019-08-21 08:00:02] Credit Warning SMS Yellow Zone log.INFO: Credit warning SMS sent to customer 28Abbott [] []
[2019-08-21 08:00:02] Credit Warning SMS Yellow Zone log.INFO: Sending credit warning SMS to customer 36Abbott [] []
[2019-08-21 08:00:02] Credit Warning SMS Yellow Zone log.INFO: Credit warning SMS sent to customer 36Abbott [] []
[2019-08-21 08:00:02] Credit Warning SMS Yellow Zone log.INFO: Sending credit warning SMS to customer 46Abbott [] []
[2019-08-21 08:00:02] Credit Warning SMS Yellow Zone log.INFO: Credit warning SMS sent to customer 46Abbott [] []
[2019-08-21 08:00:02] Credit Warning SMS Yellow Zone log.INFO: Sending credit warning SMS to customer 64Abbott [] []
[2019-08-21 08:00:02] Credit Warning SMS Yellow Zone log.INFO: Credit warning SMS sent to customer 64Abbott [] []
[2019-08-21 08:00:02] Credit Warning SMS Yellow Zone log.INFO: Sending credit warning SMS to customer 68Abbott [] []
[2019-08-21 08:00:02] Credit Warning SMS Yellow Zone log.INFO: Credit warning SMS sent to customer 68Abbott [] []
[2019-08-21 08:00:02] Credit Warning SMS Yellow Zone log.INFO: Sending credit warning SMS to customer 62Abbott [] []
[2019-08-21 08:00:02] Credit Warning SMS Yellow Zone log.INFO: Credit warning SMS sent to customer 62Abbott [] []
[2019-08-21 08:00:02] Credit Warning SMS Yellow Zone log.INFO: Sending credit warning SMS to customer 88Abbott [] []
[2019-08-21 08:00:02] Credit Warning SMS Yellow Zone log.INFO: Credit warning SMS sent to customer 88Abbott [] []
[2019-08-21 08:00:02] Credit Warning SMS Yellow Zone log.INFO: Sending credit warning SMS to customer 61Abbott [] []
[2019-08-21 08:00:02] Credit Warning SMS Yellow Zone log.INFO: Credit warning SMS sent to customer 61Abbott [] []
[2019-08-21 08:00:02] Credit Warning SMS Yellow Zone log.INFO: Sending credit warning SMS to customer 100Abbott [] []
[2019-08-21 08:00:02] Credit Warning SMS Yellow Zone log.INFO: Credit warning SMS sent to customer 100Abbott [] []
[2019-08-21 08:00:02] Credit Warning SMS Yellow Zone log.INFO: Sending credit warning SMS to customer 105Abbott [] []
[2019-08-21 08:00:02] Credit Warning SMS Yellow Zone log.INFO: Credit warning SMS sent to customer 105Abbott [] []
[2019-08-21 08:00:02] Credit Warning SMS Yellow Zone log.INFO: Sending credit warning SMS to customer 111Abbott [] []
[2019-08-21 08:00:02] Credit Warning SMS Yellow Zone log.INFO: Credit warning SMS sent to customer 111Abbott [] []
[2019-08-21 08:00:02] Credit Warning SMS Yellow Zone log.INFO: Sending credit warning SMS to customer 112abbott [] []
[2019-08-21 08:00:03] Credit Warning SMS Yellow Zone log.INFO: Credit warning SMS sent to customer 112abbott [] []
[2019-08-21 08:00:03] Credit Warning SMS Yellow Zone log.INFO: Sending credit warning SMS to customer 117Abbott [] []
[2019-08-21 08:00:03] Credit Warning SMS Yellow Zone log.INFO: Credit warning SMS sent to customer 117Abbott [] []
[2019-08-21 08:00:03] Credit Warning SMS Yellow Zone log.INFO: Sending credit warning SMS to customer 98Abbott [] []
[2019-08-21 08:00:03] Credit Warning SMS Yellow Zone log.INFO: Credit warning SMS sent to customer 98Abbott [] []
[2019-08-21 08:00:03] Credit Warning SMS Yellow Zone log.INFO: Sending credit warning SMS to customer 97Abbott [] []
[2019-08-21 08:00:03] Credit Warning SMS Yellow Zone log.INFO: Credit warning SMS sent to customer 97Abbott [] []
[2019-08-21 08:00:03] Credit Warning SMS Yellow Zone log.INFO: Sending credit warning SMS to customer 99Abbott [] []
[2019-08-21 08:00:03] Credit Warning SMS Yellow Zone log.INFO: Credit warning SMS sent to customer 99Abbott [] []
[2019-08-21 08:00:03] Credit Warning SMS Yellow Zone log.INFO: Sending credit warning SMS to customer 141abbott [] []
[2019-08-21 08:00:03] Credit Warning SMS Yellow Zone log.INFO: Credit warning SMS sent to customer 141abbott [] []
[2019-08-21 08:00:03] Credit Warning SMS Yellow Zone log.INFO: Sending credit warning SMS to customer 151abbott [] []
[2019-08-21 08:00:03] Credit Warning SMS Yellow Zone log.INFO: Credit warning SMS sent to customer 151abbott [] []
[2019-08-21 08:00:03] Credit Warning SMS Yellow Zone log.INFO: Sending credit warning SMS to customer 11GreenBank [] []
[2019-08-21 08:00:03] Credit Warning SMS Yellow Zone log.INFO: Credit warning SMS sent to customer 11GreenBank [] []
[2019-08-21 08:00:03] Credit Warning SMS Yellow Zone log.INFO: Sending credit warning SMS to customer 19GreenBank [] []
[2019-08-21 08:00:03] Credit Warning SMS Yellow Zone log.INFO: Credit warning SMS sent to customer 19GreenBank [] []
[2019-08-21 08:00:03] Credit Warning SMS Yellow Zone log.INFO: Sending credit warning SMS to customer 142abbott [] []
[2019-08-21 08:00:03] Credit Warning SMS Yellow Zone log.INFO: Credit warning SMS sent to customer 142abbott [] []
[2019-08-21 08:00:03] Credit Warning SMS Yellow Zone log.INFO: Sending credit warning SMS to customer 128abbott [] []
[2019-08-21 08:00:03] Credit Warning SMS Yellow Zone log.INFO: Credit warning SMS sent to customer 128abbott [] []
[2019-08-21 08:00:03] Credit Warning SMS Yellow Zone log.INFO: Sending credit warning SMS to customer 33eustace [] []
[2019-08-21 08:00:03] Credit Warning SMS Yellow Zone log.INFO: Credit warning SMS sent to customer 33eustace [] []
[2019-08-21 08:00:03] Credit Warning SMS Yellow Zone log.INFO: Sending credit warning SMS to customer 74eustace [] []
[2019-08-21 08:00:03] Credit Warning SMS Yellow Zone log.INFO: Credit warning SMS sent to customer 74eustace [] []
[2019-08-21 08:00:03] Credit Warning SMS Yellow Zone log.INFO: Sending credit warning SMS to customer 13leona [] []
[2019-08-21 08:00:03] Credit Warning SMS Yellow Zone log.INFO: Credit warning SMS sent to customer 13leona [] []
[2019-08-21 08:00:03] Credit Warning SMS Yellow Zone log.INFO: Sending credit warning SMS to customer 5leona [] []
[2019-08-21 08:00:03] Credit Warning SMS Yellow Zone log.INFO: Credit warning SMS sent to customer 5leona [] []
[2019-08-21 08:00:03] Credit Warning SMS Yellow Zone log.INFO: Sending credit warning SMS to customer 23leona [] []
[2019-08-21 08:00:03] Credit Warning SMS Yellow Zone log.INFO: Credit warning SMS sent to customer 23leona [] []
[2019-08-21 08:00:03] Credit Warning SMS Yellow Zone log.INFO: Sending credit warning SMS to customer 141leona [] []
[2019-08-21 08:00:03] Credit Warning SMS Yellow Zone log.INFO: Credit warning SMS sent to customer 141leona [] []
[2019-08-21 08:00:03] Credit Warning SMS Yellow Zone log.INFO: Sending credit warning SMS to customer 37leona [] []
[2019-08-21 08:00:03] Credit Warning SMS Yellow Zone log.INFO: Credit warning SMS sent to customer 37leona [] []
[2019-08-21 08:00:03] Credit Warning SMS Yellow Zone log.INFO: Sending credit warning SMS to customer 102leona [] []
[2019-08-21 08:00:03] Credit Warning SMS Yellow Zone log.INFO: Credit warning SMS sent to customer 102leona [] []
[2019-08-21 08:00:03] Credit Warning SMS Yellow Zone log.INFO: Sending credit warning SMS to customer 94leona [] []
[2019-08-21 08:00:03] Credit Warning SMS Yellow Zone log.INFO: Credit warning SMS sent to customer 94leona [] []
[2019-08-21 08:00:03] Credit Warning SMS Yellow Zone log.INFO: Sending credit warning SMS to customer 87leona [] []
[2019-08-21 08:00:03] Credit Warning SMS Yellow Zone log.INFO: Credit warning SMS sent to customer 87leona [] []
[2019-08-21 08:00:03] Credit Warning SMS Yellow Zone log.INFO: Sending credit warning SMS to customer 119leona [] []
[2019-08-21 08:00:03] Credit Warning SMS Yellow Zone log.INFO: Credit warning SMS sent to customer 119leona [] []
[2019-08-21 08:00:03] Credit Warning SMS Yellow Zone log.INFO: Sending credit warning SMS to customer 73leona [] []
[2019-08-21 08:00:03] Credit Warning SMS Yellow Zone log.INFO: Credit warning SMS sent to customer 73leona [] []
[2019-08-21 08:00:03] Credit Warning SMS Yellow Zone log.INFO: Sending credit warning SMS to customer 59leona [] []
[2019-08-21 08:00:03] Credit Warning SMS Yellow Zone log.INFO: Credit warning SMS sent to customer 59leona [] []
[2019-08-21 08:00:03] Credit Warning SMS Yellow Zone log.INFO: Sending credit warning SMS to customer 142charlotte [] []
[2019-08-21 08:00:03] Credit Warning SMS Yellow Zone log.INFO: Credit warning SMS sent to customer 142charlotte [] []
[2019-08-21 08:00:03] Credit Warning SMS Yellow Zone log.INFO: Sending credit warning SMS to customer 42charlotte [] []
[2019-08-21 08:00:03] Credit Warning SMS Yellow Zone log.INFO: Credit warning SMS sent to customer 42charlotte [] []
[2019-08-21 08:00:03] Credit Warning SMS Yellow Zone log.INFO: Sending credit warning SMS to customer 26charlotte [] []
[2019-08-21 08:00:03] Credit Warning SMS Yellow Zone log.INFO: Credit warning SMS sent to customer 26charlotte [] []
[2019-08-21 08:00:03] Credit Warning SMS Yellow Zone log.INFO: Sending credit warning SMS to customer 71charlotte [] []
[2019-08-21 08:00:03] Credit Warning SMS Yellow Zone log.INFO: Credit warning SMS sent to customer 71charlotte [] []
[2019-08-21 08:00:03] Credit Warning SMS Yellow Zone log.INFO: Sending credit warning SMS to customer 82charlotte [] []
[2019-08-21 08:00:03] Credit Warning SMS Yellow Zone log.INFO: Credit warning SMS sent to customer 82charlotte [] []
[2019-08-21 08:00:03] Credit Warning SMS Yellow Zone log.INFO: Sending credit warning SMS to customer 87charlotte [] []
[2019-08-21 08:00:03] Credit Warning SMS Yellow Zone log.INFO: Credit warning SMS sent to customer 87charlotte [] []
[2019-08-21 08:00:03] Credit Warning SMS Yellow Zone log.INFO: Sending credit warning SMS to customer 100charlotte [] []
[2019-08-21 08:00:03] Credit Warning SMS Yellow Zone log.INFO: Credit warning SMS sent to customer 100charlotte [] []
[2019-08-21 08:00:03] Credit Warning SMS Yellow Zone log.INFO: Sending credit warning SMS to customer 154charlotte [] []
[2019-08-21 08:00:03] Credit Warning SMS Yellow Zone log.INFO: Credit warning SMS sent to customer 154charlotte [] []
[2019-08-21 08:00:04] Credit Warning SMS Yellow Zone log.INFO: Sent Credit warning SMS to 74 customers! [] []
