[2020-10-19 08:00:02] Credit Warning SMS Yellow Zone log.INFO: Sending credit warning SMS to customer 4brackenview [] []
[2020-10-19 08:00:02] Credit Warning SMS Yellow Zone log.INFO: Credit warning SMS sent to customer 4brackenview [] []
[2020-10-19 08:00:02] Credit Warning SMS Yellow Zone log.INFO: Sending credit warning SMS to customer 16garryknock [] []
[2020-10-19 08:00:02] Credit Warning SMS Yellow Zone log.INFO: Credit warning SMS sent to customer 16garryknock [] []
[2020-10-19 08:00:02] Credit Warning SMS Yellow Zone log.INFO: Sending credit warning SMS to customer 39Emerald [] []
[2020-10-19 08:00:02] Credit Warning SMS Yellow Zone log.INFO: Credit warning SMS sent to customer 39Emerald [] []
[2020-10-19 08:00:02] Credit Warning SMS Yellow Zone log.INFO: Sending credit warning SMS to customer 19Emerald [] []
[2020-10-19 08:00:02] Credit Warning SMS Yellow Zone log.INFO: Credit warning SMS sent to customer 19Emerald [] []
[2020-10-19 08:00:02] Credit Warning SMS Yellow Zone log.INFO: Sending credit warning SMS to customer 10Emerald [] []
[2020-10-19 08:00:02] Credit Warning SMS Yellow Zone log.INFO: Credit warning SMS sent to customer 10Emerald [] []
[2020-10-19 08:00:02] Credit Warning SMS Yellow Zone log.INFO: Sending credit warning SMS to customer 166neptune [] []
[2020-10-19 08:00:02] Credit Warning SMS Yellow Zone log.INFO: Credit warning SMS sent to customer 166neptune [] []
[2020-10-19 08:00:02] Credit Warning SMS Yellow Zone log.INFO: Sending credit warning SMS to customer 117Neptune [] []
[2020-10-19 08:00:02] Credit Warning SMS Yellow Zone log.INFO: Credit warning SMS sent to customer 117Neptune [] []
[2020-10-19 08:00:02] Credit Warning SMS Yellow Zone log.INFO: Sending credit warning SMS to customer 140Neptune [] []
[2020-10-19 08:00:02] Credit Warning SMS Yellow Zone log.INFO: Credit warning SMS sent to customer 140Neptune [] []
[2020-10-19 08:00:02] Credit Warning SMS Yellow Zone log.INFO: Sending credit warning SMS to customer 61Neptune [] []
[2020-10-19 08:00:02] Credit Warning SMS Yellow Zone log.INFO: Credit warning SMS sent to customer 61Neptune [] []
[2020-10-19 08:00:02] Credit Warning SMS Yellow Zone log.INFO: Sending credit warning SMS to customer 178neptune [] []
[2020-10-19 08:00:02] Credit Warning SMS Yellow Zone log.INFO: Credit warning SMS sent to customer 178neptune [] []
[2020-10-19 08:00:02] Credit Warning SMS Yellow Zone log.INFO: Sending credit warning SMS to customer 66Neptune [] []
[2020-10-19 08:00:02] Credit Warning SMS Yellow Zone log.INFO: Credit warning SMS sent to customer 66Neptune [] []
[2020-10-19 08:00:02] Credit Warning SMS Yellow Zone log.INFO: Sending credit warning SMS to customer 13neptune [] []
[2020-10-19 08:00:02] Credit Warning SMS Yellow Zone log.INFO: Credit warning SMS sent to customer 13neptune [] []
[2020-10-19 08:00:02] Credit Warning SMS Yellow Zone log.INFO: Sending credit warning SMS to customer 71Neptune [] []
[2020-10-19 08:00:02] Credit Warning SMS Yellow Zone log.INFO: Credit warning SMS sent to customer 71Neptune [] []
[2020-10-19 08:00:02] Credit Warning SMS Yellow Zone log.INFO: Sending credit warning SMS to customer 73Neptune [] []
[2020-10-19 08:00:02] Credit Warning SMS Yellow Zone log.INFO: Credit warning SMS sent to customer 73Neptune [] []
[2020-10-19 08:00:02] Credit Warning SMS Yellow Zone log.INFO: Sending credit warning SMS to customer 3Abbott [] []
[2020-10-19 08:00:02] Credit Warning SMS Yellow Zone log.INFO: Credit warning SMS sent to customer 3Abbott [] []
[2020-10-19 08:00:02] Credit Warning SMS Yellow Zone log.INFO: Sending credit warning SMS to customer 10Abbott [] []
[2020-10-19 08:00:02] Credit Warning SMS Yellow Zone log.INFO: Credit warning SMS sent to customer 10Abbott [] []
[2020-10-19 08:00:02] Credit Warning SMS Yellow Zone log.INFO: Sending credit warning SMS to customer 21Abbott [] []
[2020-10-19 08:00:02] Credit Warning SMS Yellow Zone log.INFO: Credit warning SMS sent to customer 21Abbott [] []
[2020-10-19 08:00:02] Credit Warning SMS Yellow Zone log.INFO: Sending credit warning SMS to customer 28Abbott [] []
[2020-10-19 08:00:02] Credit Warning SMS Yellow Zone log.INFO: Credit warning SMS sent to customer 28Abbott [] []
[2020-10-19 08:00:02] Credit Warning SMS Yellow Zone log.INFO: Sending credit warning SMS to customer 31Abbott [] []
[2020-10-19 08:00:02] Credit Warning SMS Yellow Zone log.INFO: Credit warning SMS sent to customer 31Abbott [] []
[2020-10-19 08:00:02] Credit Warning SMS Yellow Zone log.INFO: Sending credit warning SMS to customer 36Abbott [] []
[2020-10-19 08:00:03] Credit Warning SMS Yellow Zone log.INFO: Credit warning SMS sent to customer 36Abbott [] []
[2020-10-19 08:00:03] Credit Warning SMS Yellow Zone log.INFO: Sending credit warning SMS to customer 64Abbott [] []
[2020-10-19 08:00:03] Credit Warning SMS Yellow Zone log.INFO: Credit warning SMS sent to customer 64Abbott [] []
[2020-10-19 08:00:03] Credit Warning SMS Yellow Zone log.INFO: Sending credit warning SMS to customer 69Abbott [] []
[2020-10-19 08:00:03] Credit Warning SMS Yellow Zone log.INFO: Credit warning SMS sent to customer 69Abbott [] []
[2020-10-19 08:00:03] Credit Warning SMS Yellow Zone log.INFO: Sending credit warning SMS to customer 100Abbott [] []
[2020-10-19 08:00:03] Credit Warning SMS Yellow Zone log.INFO: Credit warning SMS sent to customer 100Abbott [] []
[2020-10-19 08:00:03] Credit Warning SMS Yellow Zone log.INFO: Sending credit warning SMS to customer 119Abbott [] []
[2020-10-19 08:00:03] Credit Warning SMS Yellow Zone log.INFO: Credit warning SMS sent to customer 119Abbott [] []
[2020-10-19 08:00:03] Credit Warning SMS Yellow Zone log.INFO: Sending credit warning SMS to customer 98Abbott [] []
[2020-10-19 08:00:03] Credit Warning SMS Yellow Zone log.INFO: Credit warning SMS sent to customer 98Abbott [] []
[2020-10-19 08:00:03] Credit Warning SMS Yellow Zone log.INFO: Sending credit warning SMS to customer 118Abbott [] []
[2020-10-19 08:00:03] Credit Warning SMS Yellow Zone log.INFO: Credit warning SMS sent to customer 118Abbott [] []
[2020-10-19 08:00:03] Credit Warning SMS Yellow Zone log.INFO: Sending credit warning SMS to customer 144abbott [] []
[2020-10-19 08:00:03] Credit Warning SMS Yellow Zone log.INFO: Credit warning SMS sent to customer 144abbott [] []
[2020-10-19 08:00:03] Credit Warning SMS Yellow Zone log.INFO: Sending credit warning SMS to customer 126abbott [] []
[2020-10-19 08:00:03] Credit Warning SMS Yellow Zone log.INFO: Credit warning SMS sent to customer 126abbott [] []
[2020-10-19 08:00:03] Credit Warning SMS Yellow Zone log.INFO: Sending credit warning SMS to customer 143abbott [] []
[2020-10-19 08:00:03] Credit Warning SMS Yellow Zone log.INFO: Credit warning SMS sent to customer 143abbott [] []
[2020-10-19 08:00:03] Credit Warning SMS Yellow Zone log.INFO: Sending credit warning SMS to customer 149abbott [] []
[2020-10-19 08:00:03] Credit Warning SMS Yellow Zone log.INFO: Credit warning SMS sent to customer 149abbott [] []
[2020-10-19 08:00:03] Credit Warning SMS Yellow Zone log.INFO: Sending credit warning SMS to customer 158abbott [] []
[2020-10-19 08:00:03] Credit Warning SMS Yellow Zone log.INFO: Credit warning SMS sent to customer 158abbott [] []
[2020-10-19 08:00:03] Credit Warning SMS Yellow Zone log.INFO: Sending credit warning SMS to customer 11GreenBank [] []
[2020-10-19 08:00:03] Credit Warning SMS Yellow Zone log.INFO: Credit warning SMS sent to customer 11GreenBank [] []
[2020-10-19 08:00:03] Credit Warning SMS Yellow Zone log.INFO: Sending credit warning SMS to customer 120leona [] []
[2020-10-19 08:00:03] Credit Warning SMS Yellow Zone log.INFO: Credit warning SMS sent to customer 120leona [] []
[2020-10-19 08:00:03] Credit Warning SMS Yellow Zone log.INFO: Sending credit warning SMS to customer 144leona [] []
[2020-10-19 08:00:03] Credit Warning SMS Yellow Zone log.INFO: Credit warning SMS sent to customer 144leona [] []
[2020-10-19 08:00:03] Credit Warning SMS Yellow Zone log.INFO: Sending credit warning SMS to customer 149leona [] []
[2020-10-19 08:00:03] Credit Warning SMS Yellow Zone log.INFO: Credit warning SMS sent to customer 149leona [] []
[2020-10-19 08:00:03] Credit Warning SMS Yellow Zone log.INFO: Sending credit warning SMS to customer 58leona [] []
[2020-10-19 08:00:03] Credit Warning SMS Yellow Zone log.INFO: Credit warning SMS sent to customer 58leona [] []
[2020-10-19 08:00:03] Credit Warning SMS Yellow Zone log.INFO: Sending credit warning SMS to customer 153charlotte [] []
[2020-10-19 08:00:03] Credit Warning SMS Yellow Zone log.INFO: Credit warning SMS sent to customer 153charlotte [] []
[2020-10-19 08:00:03] Credit Warning SMS Yellow Zone log.INFO: Sending credit warning SMS to customer 117charlotte [] []
[2020-10-19 08:00:03] Credit Warning SMS Yellow Zone log.INFO: Credit warning SMS sent to customer 117charlotte [] []
[2020-10-19 08:00:03] Credit Warning SMS Yellow Zone log.INFO: Sending credit warning SMS to customer 16charlotte [] []
[2020-10-19 08:00:03] Credit Warning SMS Yellow Zone log.INFO: Credit warning SMS sent to customer 16charlotte [] []
[2020-10-19 08:00:03] Credit Warning SMS Yellow Zone log.INFO: Sending credit warning SMS to customer 48charlotte [] []
[2020-10-19 08:00:03] Credit Warning SMS Yellow Zone log.INFO: Credit warning SMS sent to customer 48charlotte [] []
[2020-10-19 08:00:03] Credit Warning SMS Yellow Zone log.INFO: Sending credit warning SMS to customer 21bridgefield [] []
[2020-10-19 08:00:03] Credit Warning SMS Yellow Zone log.INFO: Credit warning SMS sent to customer 21bridgefield [] []
[2020-10-19 08:00:03] Credit Warning SMS Yellow Zone log.INFO: Sending credit warning SMS to customer 34bridgefield [] []
[2020-10-19 08:00:03] Credit Warning SMS Yellow Zone log.INFO: Credit warning SMS sent to customer 34bridgefield [] []
[2020-10-19 08:00:03] Credit Warning SMS Yellow Zone log.INFO: Sending credit warning SMS to customer 67bridgefield [] []
[2020-10-19 08:00:03] Credit Warning SMS Yellow Zone log.INFO: Credit warning SMS sent to customer 67bridgefield [] []
[2020-10-19 08:00:03] Credit Warning SMS Yellow Zone log.INFO: Sending credit warning SMS to customer 185bridgefield [] []
[2020-10-19 08:00:03] Credit Warning SMS Yellow Zone log.INFO: Credit warning SMS sent to customer 185bridgefield [] []
[2020-10-19 08:00:03] Credit Warning SMS Yellow Zone log.INFO: Sending credit warning SMS to customer 188bridgefield [] []
[2020-10-19 08:00:03] Credit Warning SMS Yellow Zone log.INFO: Credit warning SMS sent to customer 188bridgefield [] []
[2020-10-19 08:00:03] Credit Warning SMS Yellow Zone log.INFO: Sending credit warning SMS to customer 196bridgefield [] []
[2020-10-19 08:00:03] Credit Warning SMS Yellow Zone log.INFO: Credit warning SMS sent to customer 196bridgefield [] []
[2020-10-19 08:00:03] Credit Warning SMS Yellow Zone log.INFO: Sending credit warning SMS to customer 194bridgefield [] []
[2020-10-19 08:00:03] Credit Warning SMS Yellow Zone log.INFO: Credit warning SMS sent to customer 194bridgefield [] []
[2020-10-19 08:00:03] Credit Warning SMS Yellow Zone log.INFO: Sending credit warning SMS to customer 186bridgefield [] []
[2020-10-19 08:00:04] Credit Warning SMS Yellow Zone log.INFO: Credit warning SMS sent to customer 186bridgefield [] []
[2020-10-19 08:00:04] Credit Warning SMS Yellow Zone log.INFO: Sending credit warning SMS to customer 112bridgefield [] []
[2020-10-19 08:00:04] Credit Warning SMS Yellow Zone log.INFO: Credit warning SMS sent to customer 112bridgefield [] []
[2020-10-19 08:00:04] Credit Warning SMS Yellow Zone log.INFO: Sending credit warning SMS to customer 167bridgefield [] []
[2020-10-19 08:00:04] Credit Warning SMS Yellow Zone log.INFO: Credit warning SMS sent to customer 167bridgefield [] []
[2020-10-19 08:00:04] Credit Warning SMS Yellow Zone log.INFO: Sending credit warning SMS to customer 107bridgefield [] []
[2020-10-19 08:00:04] Credit Warning SMS Yellow Zone log.INFO: Credit warning SMS sent to customer 107bridgefield [] []
[2020-10-19 08:00:04] Credit Warning SMS Yellow Zone log.INFO: Sending credit warning SMS to customer 68bridgefield [] []
[2020-10-19 08:00:04] Credit Warning SMS Yellow Zone log.INFO: Credit warning SMS sent to customer 68bridgefield [] []
[2020-10-19 08:00:04] Credit Warning SMS Yellow Zone log.INFO: Sending credit warning SMS to customer 171bridgefield [] []
[2020-10-19 08:00:04] Credit Warning SMS Yellow Zone log.INFO: Credit warning SMS sent to customer 171bridgefield [] []
[2020-10-19 08:00:04] Credit Warning SMS Yellow Zone log.INFO: Sending credit warning SMS to customer 22pappan [] []
[2020-10-19 08:00:04] Credit Warning SMS Yellow Zone log.INFO: Credit warning SMS sent to customer 22pappan [] []
[2020-10-19 08:00:04] Credit Warning SMS Yellow Zone log.INFO: Sending credit warning SMS to customer 5pappan [] []
[2020-10-19 08:00:04] Credit Warning SMS Yellow Zone log.INFO: Credit warning SMS sent to customer 5pappan [] []
[2020-10-19 08:00:04] Credit Warning SMS Yellow Zone log.INFO: Sending credit warning SMS to customer 20pappan [] []
[2020-10-19 08:00:04] Credit Warning SMS Yellow Zone log.INFO: Credit warning SMS sent to customer 20pappan [] []
[2020-10-19 08:00:04] Credit Warning SMS Yellow Zone log.INFO: Sending credit warning SMS to customer 16pappan [] []
[2020-10-19 08:00:04] Credit Warning SMS Yellow Zone log.INFO: Credit warning SMS sent to customer 16pappan [] []
[2020-10-19 08:00:04] Credit Warning SMS Yellow Zone log.INFO: Sending credit warning SMS to customer 84fairways [] []
[2020-10-19 08:00:04] Credit Warning SMS Yellow Zone log.INFO: Credit warning SMS sent to customer 84fairways [] []
[2020-10-19 08:00:04] Credit Warning SMS Yellow Zone log.INFO: Sending credit warning SMS to customer 109fairways [] []
[2020-10-19 08:00:04] Credit Warning SMS Yellow Zone log.INFO: Credit warning SMS sent to customer 109fairways [] []
[2020-10-19 08:00:04] Credit Warning SMS Yellow Zone log.INFO: Sending credit warning SMS to customer 110fairways [] []
[2020-10-19 08:00:04] Credit Warning SMS Yellow Zone log.INFO: Credit warning SMS sent to customer 110fairways [] []
[2020-10-19 08:00:04] Credit Warning SMS Yellow Zone log.INFO: Sending credit warning SMS to customer 103fairways [] []
[2020-10-19 08:00:04] Credit Warning SMS Yellow Zone log.INFO: Credit warning SMS sent to customer 103fairways [] []
[2020-10-19 08:00:04] Credit Warning SMS Yellow Zone log.INFO: Sending credit warning SMS to customer 118fairways [] []
[2020-10-19 08:00:04] Credit Warning SMS Yellow Zone log.INFO: Credit warning SMS sent to customer 118fairways [] []
[2020-10-19 08:00:04] Credit Warning SMS Yellow Zone log.INFO: Sending credit warning SMS to customer 28fairways [] []
[2020-10-19 08:00:04] Credit Warning SMS Yellow Zone log.INFO: Credit warning SMS sent to customer 28fairways [] []
[2020-10-19 08:00:04] Credit Warning SMS Yellow Zone log.INFO: Sending credit warning SMS to customer h16fairways [] []
[2020-10-19 08:00:04] Credit Warning SMS Yellow Zone log.INFO: Credit warning SMS sent to customer h16fairways [] []
[2020-10-19 08:00:04] Credit Warning SMS Yellow Zone log.INFO: Sending credit warning SMS to customer h19fairways [] []
[2020-10-19 08:00:04] Credit Warning SMS Yellow Zone log.INFO: Credit warning SMS sent to customer h19fairways [] []
[2020-10-19 08:00:04] Credit Warning SMS Yellow Zone log.INFO: Sending credit warning SMS to customer 37fairways [] []
[2020-10-19 08:00:04] Credit Warning SMS Yellow Zone log.INFO: Credit warning SMS sent to customer 37fairways [] []
[2020-10-19 08:00:04] Credit Warning SMS Yellow Zone log.INFO: Sending credit warning SMS to customer h25fairways [] []
[2020-10-19 08:00:04] Credit Warning SMS Yellow Zone log.INFO: Credit warning SMS sent to customer h25fairways [] []
[2020-10-19 08:00:04] Credit Warning SMS Yellow Zone log.INFO: Sending credit warning SMS to customer 66fairways [] []
[2020-10-19 08:00:04] Credit Warning SMS Yellow Zone log.INFO: Credit warning SMS sent to customer 66fairways [] []
[2020-10-19 08:00:04] Credit Warning SMS Yellow Zone log.INFO: Sending credit warning SMS to customer 63herberthill [] []
[2020-10-19 08:00:04] Credit Warning SMS Yellow Zone log.INFO: Credit warning SMS sent to customer 63herberthill [] []
[2020-10-19 08:00:04] Credit Warning SMS Yellow Zone log.INFO: Sending credit warning SMS to customer 87herberthill [] []
[2020-10-19 08:00:04] Credit Warning SMS Yellow Zone log.INFO: Credit warning SMS sent to customer 87herberthill [] []
[2020-10-19 08:00:04] Credit Warning SMS Yellow Zone log.INFO: Sending credit warning SMS to customer 38herberthill [] []
[2020-10-19 08:00:04] Credit Warning SMS Yellow Zone log.INFO: Credit warning SMS sent to customer 38herberthill [] []
[2020-10-19 08:00:04] Credit Warning SMS Yellow Zone log.INFO: Sending credit warning SMS to customer 27herberthill [] []
[2020-10-19 08:00:04] Credit Warning SMS Yellow Zone log.INFO: Credit warning SMS sent to customer 27herberthill [] []
[2020-10-19 08:00:04] Credit Warning SMS Yellow Zone log.INFO: Sending credit warning SMS to customer 79herberthill [] []
[2020-10-19 08:00:04] Credit Warning SMS Yellow Zone log.INFO: Credit warning SMS sent to customer 79herberthill [] []
[2020-10-19 08:00:04] Credit Warning SMS Yellow Zone log.INFO: Sending credit warning SMS to customer 57herberthill [] []
[2020-10-19 08:00:04] Credit Warning SMS Yellow Zone log.INFO: Credit warning SMS sent to customer 57herberthill [] []
[2020-10-19 08:00:04] Credit Warning SMS Yellow Zone log.INFO: Sending credit warning SMS to customer 5herberthill [] []
[2020-10-19 08:00:04] Credit Warning SMS Yellow Zone log.INFO: Credit warning SMS sent to customer 5herberthill [] []
[2020-10-19 08:00:04] Credit Warning SMS Yellow Zone log.INFO: Sending credit warning SMS to customer 61herberthill [] []
[2020-10-19 08:00:04] Credit Warning SMS Yellow Zone log.INFO: Credit warning SMS sent to customer 61herberthill [] []
[2020-10-19 08:00:04] Credit Warning SMS Yellow Zone log.INFO: Sending credit warning SMS to customer 17marina [] []
[2020-10-19 08:00:05] Credit Warning SMS Yellow Zone log.INFO: Credit warning SMS sent to customer 17marina [] []
[2020-10-19 08:00:05] Credit Warning SMS Yellow Zone log.INFO: Sending credit warning SMS to customer 2marina [] []
[2020-10-19 08:00:05] Credit Warning SMS Yellow Zone log.INFO: Credit warning SMS sent to customer 2marina [] []
[2020-10-19 08:00:05] Credit Warning SMS Yellow Zone log.INFO: Sent Credit warning SMS to 78 customers! [] []
