[2020-10-31 10:30:02] Credit Warning SMS Yellow Zone log.INFO: Sending credit warning SMS to customer 7sundayswell [] []
[2020-10-31 10:30:02] Credit Warning SMS Yellow Zone log.INFO: Credit warning SMS sent to customer 7sundayswell [] []
[2020-10-31 10:30:02] Credit Warning SMS Yellow Zone log.INFO: Sending credit warning SMS to customer 15sundayswell [] []
[2020-10-31 10:30:02] Credit Warning SMS Yellow Zone log.INFO: Credit warning SMS sent to customer 15sundayswell [] []
[2020-10-31 10:30:02] Credit Warning SMS Yellow Zone log.INFO: Sending credit warning SMS to customer 18garryknock [] []
[2020-10-31 10:30:02] Credit Warning SMS Yellow Zone log.INFO: Credit warning SMS sent to customer 18garryknock [] []
[2020-10-31 10:30:02] Credit Warning SMS Yellow Zone log.INFO: Sending credit warning SMS to customer 48Emerald [] []
[2020-10-31 10:30:02] Credit Warning SMS Yellow Zone log.INFO: Credit warning SMS sent to customer 48Emerald [] []
[2020-10-31 10:30:02] Credit Warning SMS Yellow Zone log.INFO: Sending credit warning SMS to customer 7Emerald [] []
[2020-10-31 10:30:02] Credit Warning SMS Yellow Zone log.INFO: Credit warning SMS sent to customer 7Emerald [] []
[2020-10-31 10:30:02] Credit Warning SMS Yellow Zone log.INFO: Sending credit warning SMS to customer 151Neptune [] []
[2020-10-31 10:30:02] Credit Warning SMS Yellow Zone log.INFO: Credit warning SMS sent to customer 151Neptune [] []
[2020-10-31 10:30:02] Credit Warning SMS Yellow Zone log.INFO: Sending credit warning SMS to customer 159Neptune [] []
[2020-10-31 10:30:02] Credit Warning SMS Yellow Zone log.INFO: Credit warning SMS sent to customer 159Neptune [] []
[2020-10-31 10:30:02] Credit Warning SMS Yellow Zone log.INFO: Sending credit warning SMS to customer 140Neptune [] []
[2020-10-31 10:30:02] Credit Warning SMS Yellow Zone log.INFO: Credit warning SMS sent to customer 140Neptune [] []
[2020-10-31 10:30:02] Credit Warning SMS Yellow Zone log.INFO: Sending credit warning SMS to customer 64Neptune [] []
[2020-10-31 10:30:02] Credit Warning SMS Yellow Zone log.INFO: Credit warning SMS sent to customer 64Neptune [] []
[2020-10-31 10:30:02] Credit Warning SMS Yellow Zone log.INFO: Sending credit warning SMS to customer 32neptune [] []
[2020-10-31 10:30:02] Credit Warning SMS Yellow Zone log.INFO: Credit warning SMS sent to customer 32neptune [] []
[2020-10-31 10:30:02] Credit Warning SMS Yellow Zone log.INFO: Sending credit warning SMS to customer 92Neptune [] []
[2020-10-31 10:30:02] Credit Warning SMS Yellow Zone log.INFO: Credit warning SMS sent to customer 92Neptune [] []
[2020-10-31 10:30:02] Credit Warning SMS Yellow Zone log.INFO: Sending credit warning SMS to customer 91Neptune [] []
[2020-10-31 10:30:02] Credit Warning SMS Yellow Zone log.INFO: Credit warning SMS sent to customer 91Neptune [] []
[2020-10-31 10:30:02] Credit Warning SMS Yellow Zone log.INFO: Sending credit warning SMS to customer 40neptune [] []
[2020-10-31 10:30:02] Credit Warning SMS Yellow Zone log.INFO: Credit warning SMS sent to customer 40neptune [] []
[2020-10-31 10:30:02] Credit Warning SMS Yellow Zone log.INFO: Sending credit warning SMS to customer 184neptune [] []
[2020-10-31 10:30:02] Credit Warning SMS Yellow Zone log.INFO: Credit warning SMS sent to customer 184neptune [] []
[2020-10-31 10:30:02] Credit Warning SMS Yellow Zone log.INFO: Sending credit warning SMS to customer 15neptune [] []
[2020-10-31 10:30:02] Credit Warning SMS Yellow Zone log.INFO: Credit warning SMS sent to customer 15neptune [] []
[2020-10-31 10:30:02] Credit Warning SMS Yellow Zone log.INFO: Sending credit warning SMS to customer 21Abbott [] []
[2020-10-31 10:30:02] Credit Warning SMS Yellow Zone log.INFO: Credit warning SMS sent to customer 21Abbott [] []
[2020-10-31 10:30:02] Credit Warning SMS Yellow Zone log.INFO: Sending credit warning SMS to customer 13Abbott [] []
[2020-10-31 10:30:02] Credit Warning SMS Yellow Zone log.INFO: Credit warning SMS sent to customer 13Abbott [] []
[2020-10-31 10:30:02] Credit Warning SMS Yellow Zone log.INFO: Sending credit warning SMS to customer 82Abbott [] []
[2020-10-31 10:30:03] Credit Warning SMS Yellow Zone log.INFO: Credit warning SMS sent to customer 82Abbott [] []
[2020-10-31 10:30:03] Credit Warning SMS Yellow Zone log.INFO: Sending credit warning SMS to customer 84Abbott [] []
[2020-10-31 10:30:03] Credit Warning SMS Yellow Zone log.INFO: Credit warning SMS sent to customer 84Abbott [] []
[2020-10-31 10:30:03] Credit Warning SMS Yellow Zone log.INFO: Sending credit warning SMS to customer 71Abbott [] []
[2020-10-31 10:30:03] Credit Warning SMS Yellow Zone log.INFO: Credit warning SMS sent to customer 71Abbott [] []
[2020-10-31 10:30:03] Credit Warning SMS Yellow Zone log.INFO: Sending credit warning SMS to customer 100Abbott [] []
[2020-10-31 10:30:03] Credit Warning SMS Yellow Zone log.INFO: Credit warning SMS sent to customer 100Abbott [] []
[2020-10-31 10:30:03] Credit Warning SMS Yellow Zone log.INFO: Sending credit warning SMS to customer 105Abbott [] []
[2020-10-31 10:30:03] Credit Warning SMS Yellow Zone log.INFO: Credit warning SMS sent to customer 105Abbott [] []
[2020-10-31 10:30:03] Credit Warning SMS Yellow Zone log.INFO: Sending credit warning SMS to customer 119Abbott [] []
[2020-10-31 10:30:03] Credit Warning SMS Yellow Zone log.INFO: Credit warning SMS sent to customer 119Abbott [] []
[2020-10-31 10:30:03] Credit Warning SMS Yellow Zone log.INFO: Sending credit warning SMS to customer 98Abbott [] []
[2020-10-31 10:30:03] Credit Warning SMS Yellow Zone log.INFO: Credit warning SMS sent to customer 98Abbott [] []
[2020-10-31 10:30:03] Credit Warning SMS Yellow Zone log.INFO: Sending credit warning SMS to customer 115Abbott [] []
[2020-10-31 10:30:03] Credit Warning SMS Yellow Zone log.INFO: Credit warning SMS sent to customer 115Abbott [] []
[2020-10-31 10:30:03] Credit Warning SMS Yellow Zone log.INFO: Sending credit warning SMS to customer 124Abbott [] []
[2020-10-31 10:30:03] Credit Warning SMS Yellow Zone log.INFO: Credit warning SMS sent to customer 124Abbott [] []
[2020-10-31 10:30:03] Credit Warning SMS Yellow Zone log.INFO: Sending credit warning SMS to customer 141abbott [] []
[2020-10-31 10:30:03] Credit Warning SMS Yellow Zone log.INFO: Credit warning SMS sent to customer 141abbott [] []
[2020-10-31 10:30:03] Credit Warning SMS Yellow Zone log.INFO: Sending credit warning SMS to customer 154abbott [] []
[2020-10-31 10:30:03] Credit Warning SMS Yellow Zone log.INFO: Credit warning SMS sent to customer 154abbott [] []
[2020-10-31 10:30:03] Credit Warning SMS Yellow Zone log.INFO: Sending credit warning SMS to customer 177abbott [] []
[2020-10-31 10:30:03] Credit Warning SMS Yellow Zone log.INFO: Credit warning SMS sent to customer 177abbott [] []
[2020-10-31 10:30:03] Credit Warning SMS Yellow Zone log.INFO: Sending credit warning SMS to customer 187abbott [] []
[2020-10-31 10:30:03] Credit Warning SMS Yellow Zone log.INFO: Credit warning SMS sent to customer 187abbott [] []
[2020-10-31 10:30:03] Credit Warning SMS Yellow Zone log.INFO: Sending credit warning SMS to customer 21eustace [] []
[2020-10-31 10:30:03] Credit Warning SMS Yellow Zone log.INFO: Credit warning SMS sent to customer 21eustace [] []
[2020-10-31 10:30:03] Credit Warning SMS Yellow Zone log.INFO: Sending credit warning SMS to customer 33eustace [] []
[2020-10-31 10:30:03] Credit Warning SMS Yellow Zone log.INFO: Credit warning SMS sent to customer 33eustace [] []
[2020-10-31 10:30:03] Credit Warning SMS Yellow Zone log.INFO: Sending credit warning SMS to customer 26leona [] []
[2020-10-31 10:30:03] Credit Warning SMS Yellow Zone log.INFO: Credit warning SMS sent to customer 26leona [] []
[2020-10-31 10:30:03] Credit Warning SMS Yellow Zone log.INFO: Sending credit warning SMS to customer 38leona [] []
[2020-10-31 10:30:03] Credit Warning SMS Yellow Zone log.INFO: Credit warning SMS sent to customer 38leona [] []
[2020-10-31 10:30:03] Credit Warning SMS Yellow Zone log.INFO: Sending credit warning SMS to customer 123leona [] []
[2020-10-31 10:30:03] Credit Warning SMS Yellow Zone log.INFO: Credit warning SMS sent to customer 123leona [] []
[2020-10-31 10:30:03] Credit Warning SMS Yellow Zone log.INFO: Sending credit warning SMS to customer 39leona [] []
[2020-10-31 10:30:03] Credit Warning SMS Yellow Zone log.INFO: Credit warning SMS sent to customer 39leona [] []
[2020-10-31 10:30:03] Credit Warning SMS Yellow Zone log.INFO: Sending credit warning SMS to customer 20leona [] []
[2020-10-31 10:30:03] Credit Warning SMS Yellow Zone log.INFO: Credit warning SMS sent to customer 20leona [] []
[2020-10-31 10:30:03] Credit Warning SMS Yellow Zone log.INFO: Sending credit warning SMS to customer 129leona [] []
[2020-10-31 10:30:03] Credit Warning SMS Yellow Zone log.INFO: Credit warning SMS sent to customer 129leona [] []
[2020-10-31 10:30:03] Credit Warning SMS Yellow Zone log.INFO: Sending credit warning SMS to customer 18leona [] []
[2020-10-31 10:30:03] Credit Warning SMS Yellow Zone log.INFO: Credit warning SMS sent to customer 18leona [] []
[2020-10-31 10:30:03] Credit Warning SMS Yellow Zone log.INFO: Sending credit warning SMS to customer 122charlotte [] []
[2020-10-31 10:30:03] Credit Warning SMS Yellow Zone log.INFO: Credit warning SMS sent to customer 122charlotte [] []
[2020-10-31 10:30:03] Credit Warning SMS Yellow Zone log.INFO: Sending credit warning SMS to customer 143charlotte [] []
[2020-10-31 10:30:03] Credit Warning SMS Yellow Zone log.INFO: Credit warning SMS sent to customer 143charlotte [] []
[2020-10-31 10:30:03] Credit Warning SMS Yellow Zone log.INFO: Sending credit warning SMS to customer 134charlotte [] []
[2020-10-31 10:30:03] Credit Warning SMS Yellow Zone log.INFO: Credit warning SMS sent to customer 134charlotte [] []
[2020-10-31 10:30:03] Credit Warning SMS Yellow Zone log.INFO: Sending credit warning SMS to customer 117charlotte [] []
[2020-10-31 10:30:03] Credit Warning SMS Yellow Zone log.INFO: Credit warning SMS sent to customer 117charlotte [] []
[2020-10-31 10:30:03] Credit Warning SMS Yellow Zone log.INFO: Sending credit warning SMS to customer 144charlotte [] []
[2020-10-31 10:30:03] Credit Warning SMS Yellow Zone log.INFO: Credit warning SMS sent to customer 144charlotte [] []
[2020-10-31 10:30:03] Credit Warning SMS Yellow Zone log.INFO: Sending credit warning SMS to customer 44charlotte [] []
[2020-10-31 10:30:04] Credit Warning SMS Yellow Zone log.INFO: Credit warning SMS sent to customer 44charlotte [] []
[2020-10-31 10:30:04] Credit Warning SMS Yellow Zone log.INFO: Sending credit warning SMS to customer 66charlotte [] []
[2020-10-31 10:30:04] Credit Warning SMS Yellow Zone log.INFO: Credit warning SMS sent to customer 66charlotte [] []
[2020-10-31 10:30:04] Credit Warning SMS Yellow Zone log.INFO: Sending credit warning SMS to customer 3charlotte [] []
[2020-10-31 10:30:04] Credit Warning SMS Yellow Zone log.INFO: Credit warning SMS sent to customer 3charlotte [] []
[2020-10-31 10:30:04] Credit Warning SMS Yellow Zone log.INFO: Sending credit warning SMS to customer 64charlotte [] []
[2020-10-31 10:30:04] Credit Warning SMS Yellow Zone log.INFO: Credit warning SMS sent to customer 64charlotte [] []
[2020-10-31 10:30:04] Credit Warning SMS Yellow Zone log.INFO: Sending credit warning SMS to customer 8bridgefield [] []
[2020-10-31 10:30:04] Credit Warning SMS Yellow Zone log.INFO: Credit warning SMS sent to customer 8bridgefield [] []
[2020-10-31 10:30:04] Credit Warning SMS Yellow Zone log.INFO: Sending credit warning SMS to customer 21bridgefield [] []
[2020-10-31 10:30:04] Credit Warning SMS Yellow Zone log.INFO: Credit warning SMS sent to customer 21bridgefield [] []
[2020-10-31 10:30:04] Credit Warning SMS Yellow Zone log.INFO: Sending credit warning SMS to customer 71bridgefield [] []
[2020-10-31 10:30:04] Credit Warning SMS Yellow Zone log.INFO: Credit warning SMS sent to customer 71bridgefield [] []
[2020-10-31 10:30:04] Credit Warning SMS Yellow Zone log.INFO: Sending credit warning SMS to customer 35bridgefield [] []
[2020-10-31 10:30:04] Credit Warning SMS Yellow Zone log.INFO: Credit warning SMS sent to customer 35bridgefield [] []
[2020-10-31 10:30:04] Credit Warning SMS Yellow Zone log.INFO: Sending credit warning SMS to customer 67bridgefield [] []
[2020-10-31 10:30:04] Credit Warning SMS Yellow Zone log.INFO: Credit warning SMS sent to customer 67bridgefield [] []
[2020-10-31 10:30:04] Credit Warning SMS Yellow Zone log.INFO: Sending credit warning SMS to customer 183bridgefield [] []
[2020-10-31 10:30:04] Credit Warning SMS Yellow Zone log.INFO: Credit warning SMS sent to customer 183bridgefield [] []
[2020-10-31 10:30:04] Credit Warning SMS Yellow Zone log.INFO: Sending credit warning SMS to customer 51bridgefield [] []
[2020-10-31 10:30:04] Credit Warning SMS Yellow Zone log.INFO: Credit warning SMS sent to customer 51bridgefield [] []
[2020-10-31 10:30:04] Credit Warning SMS Yellow Zone log.INFO: Sending credit warning SMS to customer 186bridgefield [] []
[2020-10-31 10:30:04] Credit Warning SMS Yellow Zone log.INFO: Credit warning SMS sent to customer 186bridgefield [] []
[2020-10-31 10:30:04] Credit Warning SMS Yellow Zone log.INFO: Sending credit warning SMS to customer 105bridgefield [] []
[2020-10-31 10:30:04] Credit Warning SMS Yellow Zone log.INFO: Credit warning SMS sent to customer 105bridgefield [] []
[2020-10-31 10:30:04] Credit Warning SMS Yellow Zone log.INFO: Sending credit warning SMS to customer 28bridgefield [] []
[2020-10-31 10:30:04] Credit Warning SMS Yellow Zone log.INFO: Credit warning SMS sent to customer 28bridgefield [] []
[2020-10-31 10:30:04] Credit Warning SMS Yellow Zone log.INFO: Sending credit warning SMS to customer 210bridgefield [] []
[2020-10-31 10:30:04] Credit Warning SMS Yellow Zone log.INFO: Credit warning SMS sent to customer 210bridgefield [] []
[2020-10-31 10:30:04] Credit Warning SMS Yellow Zone log.INFO: Sending credit warning SMS to customer 126bridgefield [] []
[2020-10-31 10:30:04] Credit Warning SMS Yellow Zone log.INFO: Credit warning SMS sent to customer 126bridgefield [] []
[2020-10-31 10:30:04] Credit Warning SMS Yellow Zone log.INFO: Sending credit warning SMS to customer 107bridgefield [] []
[2020-10-31 10:30:04] Credit Warning SMS Yellow Zone log.INFO: Credit warning SMS sent to customer 107bridgefield [] []
[2020-10-31 10:30:04] Credit Warning SMS Yellow Zone log.INFO: Sending credit warning SMS to customer 157bridgefield [] []
[2020-10-31 10:30:04] Credit Warning SMS Yellow Zone log.INFO: Credit warning SMS sent to customer 157bridgefield [] []
[2020-10-31 10:30:04] Credit Warning SMS Yellow Zone log.INFO: Sending credit warning SMS to customer 113bridgefield [] []
[2020-10-31 10:30:04] Credit Warning SMS Yellow Zone log.INFO: Credit warning SMS sent to customer 113bridgefield [] []
[2020-10-31 10:30:04] Credit Warning SMS Yellow Zone log.INFO: Sending credit warning SMS to customer 27bridgefield [] []
[2020-10-31 10:30:04] Credit Warning SMS Yellow Zone log.INFO: Credit warning SMS sent to customer 27bridgefield [] []
[2020-10-31 10:30:04] Credit Warning SMS Yellow Zone log.INFO: Sending credit warning SMS to customer 108bridgefield [] []
[2020-10-31 10:30:04] Credit Warning SMS Yellow Zone log.INFO: Credit warning SMS sent to customer 108bridgefield [] []
[2020-10-31 10:30:04] Credit Warning SMS Yellow Zone log.INFO: Sending credit warning SMS to customer 21pappan [] []
[2020-10-31 10:30:04] Credit Warning SMS Yellow Zone log.INFO: Credit warning SMS sent to customer 21pappan [] []
[2020-10-31 10:30:04] Credit Warning SMS Yellow Zone log.INFO: Sending credit warning SMS to customer 125fairways [] []
[2020-10-31 10:30:04] Credit Warning SMS Yellow Zone log.INFO: Credit warning SMS sent to customer 125fairways [] []
[2020-10-31 10:30:04] Credit Warning SMS Yellow Zone log.INFO: Sending credit warning SMS to customer 142fairways [] []
[2020-10-31 10:30:04] Credit Warning SMS Yellow Zone log.INFO: Credit warning SMS sent to customer 142fairways [] []
[2020-10-31 10:30:04] Credit Warning SMS Yellow Zone log.INFO: Sending credit warning SMS to customer 76fairways [] []
[2020-10-31 10:30:04] Credit Warning SMS Yellow Zone log.INFO: Credit warning SMS sent to customer 76fairways [] []
[2020-10-31 10:30:04] Credit Warning SMS Yellow Zone log.INFO: Sending credit warning SMS to customer 26fairways [] []
[2020-10-31 10:30:04] Credit Warning SMS Yellow Zone log.INFO: Credit warning SMS sent to customer 26fairways [] []
[2020-10-31 10:30:04] Credit Warning SMS Yellow Zone log.INFO: Sending credit warning SMS to customer h35fairways [] []
[2020-10-31 10:30:04] Credit Warning SMS Yellow Zone log.INFO: Credit warning SMS sent to customer h35fairways [] []
[2020-10-31 10:30:04] Credit Warning SMS Yellow Zone log.INFO: Sending credit warning SMS to customer 37fairways [] []
[2020-10-31 10:30:04] Credit Warning SMS Yellow Zone log.INFO: Credit warning SMS sent to customer 37fairways [] []
[2020-10-31 10:30:04] Credit Warning SMS Yellow Zone log.INFO: Sending credit warning SMS to customer h13fairways [] []
[2020-10-31 10:30:05] Credit Warning SMS Yellow Zone log.INFO: Credit warning SMS sent to customer h13fairways [] []
[2020-10-31 10:30:05] Credit Warning SMS Yellow Zone log.INFO: Sending credit warning SMS to customer 66fairways [] []
[2020-10-31 10:30:05] Credit Warning SMS Yellow Zone log.INFO: Credit warning SMS sent to customer 66fairways [] []
[2020-10-31 10:30:05] Credit Warning SMS Yellow Zone log.INFO: Sending credit warning SMS to customer 8herberthill [] []
[2020-10-31 10:30:05] Credit Warning SMS Yellow Zone log.INFO: Credit warning SMS sent to customer 8herberthill [] []
[2020-10-31 10:30:05] Credit Warning SMS Yellow Zone log.INFO: Sending credit warning SMS to customer 36herberthill [] []
[2020-10-31 10:30:05] Credit Warning SMS Yellow Zone log.INFO: Credit warning SMS sent to customer 36herberthill [] []
[2020-10-31 10:30:05] Credit Warning SMS Yellow Zone log.INFO: Sending credit warning SMS to customer 27herberthill [] []
[2020-10-31 10:30:05] Credit Warning SMS Yellow Zone log.INFO: Credit warning SMS sent to customer 27herberthill [] []
[2020-10-31 10:30:05] Credit Warning SMS Yellow Zone log.INFO: Sending credit warning SMS to customer 70herberthill [] []
[2020-10-31 10:30:05] Credit Warning SMS Yellow Zone log.INFO: Credit warning SMS sent to customer 70herberthill [] []
[2020-10-31 10:30:05] Credit Warning SMS Yellow Zone log.INFO: Sending credit warning SMS to customer 58herberthill [] []
[2020-10-31 10:30:05] Credit Warning SMS Yellow Zone log.INFO: Credit warning SMS sent to customer 58herberthill [] []
[2020-10-31 10:30:05] Credit Warning SMS Yellow Zone log.INFO: Sending credit warning SMS to customer 2marina [] []
[2020-10-31 10:30:05] Credit Warning SMS Yellow Zone log.INFO: Credit warning SMS sent to customer 2marina [] []
[2020-10-31 10:30:05] Credit Warning SMS Yellow Zone log.INFO: Sending credit warning SMS to customer 22marina [] []
[2020-10-31 10:30:05] Credit Warning SMS Yellow Zone log.INFO: Credit warning SMS sent to customer 22marina [] []
[2020-10-31 10:30:05] Credit Warning SMS Yellow Zone log.INFO: Sent Credit warning SMS to 81 customers! [] []
