[2020-10-06 08:00:01] Credit Warning SMS Yellow Zone log.INFO: Sending credit warning SMS to customer 8sundayswell [] []
[2020-10-06 08:00:02] Credit Warning SMS Yellow Zone log.INFO: Credit warning SMS sent to customer 8sundayswell [] []
[2020-10-06 08:00:02] Credit Warning SMS Yellow Zone log.INFO: Sending credit warning SMS to customer 6garryknock [] []
[2020-10-06 08:00:02] Credit Warning SMS Yellow Zone log.INFO: Credit warning SMS sent to customer 6garryknock [] []
[2020-10-06 08:00:02] Credit Warning SMS Yellow Zone log.INFO: Sending credit warning SMS to customer 3garryknock [] []
[2020-10-06 08:00:02] Credit Warning SMS Yellow Zone log.INFO: Credit warning SMS sent to customer 3garryknock [] []
[2020-10-06 08:00:02] Credit Warning SMS Yellow Zone log.INFO: Sending credit warning SMS to customer 42Emerald [] []
[2020-10-06 08:00:02] Credit Warning SMS Yellow Zone log.INFO: Credit warning SMS sent to customer 42Emerald [] []
[2020-10-06 08:00:02] Credit Warning SMS Yellow Zone log.INFO: Sending credit warning SMS to customer 8Emerald [] []
[2020-10-06 08:00:02] Credit Warning SMS Yellow Zone log.INFO: Credit warning SMS sent to customer 8Emerald [] []
[2020-10-06 08:00:02] Credit Warning SMS Yellow Zone log.INFO: Sending credit warning SMS to customer 52Emerald [] []
[2020-10-06 08:00:02] Credit Warning SMS Yellow Zone log.INFO: Credit warning SMS sent to customer 52Emerald [] []
[2020-10-06 08:00:02] Credit Warning SMS Yellow Zone log.INFO: Sending credit warning SMS to customer 7Emerald [] []
[2020-10-06 08:00:02] Credit Warning SMS Yellow Zone log.INFO: Credit warning SMS sent to customer 7Emerald [] []
[2020-10-06 08:00:02] Credit Warning SMS Yellow Zone log.INFO: Sending credit warning SMS to customer 163neptune [] []
[2020-10-06 08:00:02] Credit Warning SMS Yellow Zone log.INFO: Credit warning SMS sent to customer 163neptune [] []
[2020-10-06 08:00:02] Credit Warning SMS Yellow Zone log.INFO: Sending credit warning SMS to customer 16neptune [] []
[2020-10-06 08:00:02] Credit Warning SMS Yellow Zone log.INFO: Credit warning SMS sent to customer 16neptune [] []
[2020-10-06 08:00:02] Credit Warning SMS Yellow Zone log.INFO: Sending credit warning SMS to customer 15neptune [] []
[2020-10-06 08:00:02] Credit Warning SMS Yellow Zone log.INFO: Credit warning SMS sent to customer 15neptune [] []
[2020-10-06 08:00:02] Credit Warning SMS Yellow Zone log.INFO: Sending credit warning SMS to customer 17neptune [] []
[2020-10-06 08:00:02] Credit Warning SMS Yellow Zone log.INFO: Credit warning SMS sent to customer 17neptune [] []
[2020-10-06 08:00:02] Credit Warning SMS Yellow Zone log.INFO: Sending credit warning SMS to customer 193neptune [] []
[2020-10-06 08:00:02] Credit Warning SMS Yellow Zone log.INFO: Credit warning SMS sent to customer 193neptune [] []
[2020-10-06 08:00:02] Credit Warning SMS Yellow Zone log.INFO: Sending credit warning SMS to customer 104Neptune [] []
[2020-10-06 08:00:02] Credit Warning SMS Yellow Zone log.INFO: Credit warning SMS sent to customer 104Neptune [] []
[2020-10-06 08:00:02] Credit Warning SMS Yellow Zone log.INFO: Sending credit warning SMS to customer 20neptune [] []
[2020-10-06 08:00:02] Credit Warning SMS Yellow Zone log.INFO: Credit warning SMS sent to customer 20neptune [] []
[2020-10-06 08:00:02] Credit Warning SMS Yellow Zone log.INFO: Sending credit warning SMS to customer 146Neptune [] []
[2020-10-06 08:00:02] Credit Warning SMS Yellow Zone log.INFO: Credit warning SMS sent to customer 146Neptune [] []
[2020-10-06 08:00:02] Credit Warning SMS Yellow Zone log.INFO: Sending credit warning SMS to customer 90Neptune [] []
[2020-10-06 08:00:02] Credit Warning SMS Yellow Zone log.INFO: Credit warning SMS sent to customer 90Neptune [] []
[2020-10-06 08:00:02] Credit Warning SMS Yellow Zone log.INFO: Sending credit warning SMS to customer 75Neptune [] []
[2020-10-06 08:00:02] Credit Warning SMS Yellow Zone log.INFO: Credit warning SMS sent to customer 75Neptune [] []
[2020-10-06 08:00:02] Credit Warning SMS Yellow Zone log.INFO: Sending credit warning SMS to customer 53Neptune [] []
[2020-10-06 08:00:02] Credit Warning SMS Yellow Zone log.INFO: Credit warning SMS sent to customer 53Neptune [] []
[2020-10-06 08:00:02] Credit Warning SMS Yellow Zone log.INFO: Sending credit warning SMS to customer 136Neptune [] []
[2020-10-06 08:00:02] Credit Warning SMS Yellow Zone log.INFO: Credit warning SMS sent to customer 136Neptune [] []
[2020-10-06 08:00:02] Credit Warning SMS Yellow Zone log.INFO: Sending credit warning SMS to customer 73Neptune [] []
[2020-10-06 08:00:02] Credit Warning SMS Yellow Zone log.INFO: Credit warning SMS sent to customer 73Neptune [] []
[2020-10-06 08:00:02] Credit Warning SMS Yellow Zone log.INFO: Sending credit warning SMS to customer 173neptune [] []
[2020-10-06 08:00:02] Credit Warning SMS Yellow Zone log.INFO: Credit warning SMS sent to customer 173neptune [] []
[2020-10-06 08:00:02] Credit Warning SMS Yellow Zone log.INFO: Sending credit warning SMS to customer 116Neptune [] []
[2020-10-06 08:00:02] Credit Warning SMS Yellow Zone log.INFO: Credit warning SMS sent to customer 116Neptune [] []
[2020-10-06 08:00:02] Credit Warning SMS Yellow Zone log.INFO: Sending credit warning SMS to customer 21Abbott [] []
[2020-10-06 08:00:02] Credit Warning SMS Yellow Zone log.INFO: Credit warning SMS sent to customer 21Abbott [] []
[2020-10-06 08:00:02] Credit Warning SMS Yellow Zone log.INFO: Sending credit warning SMS to customer 28Abbott [] []
[2020-10-06 08:00:02] Credit Warning SMS Yellow Zone log.INFO: Credit warning SMS sent to customer 28Abbott [] []
[2020-10-06 08:00:02] Credit Warning SMS Yellow Zone log.INFO: Sending credit warning SMS to customer 74Abbott [] []
[2020-10-06 08:00:03] Credit Warning SMS Yellow Zone log.INFO: Credit warning SMS sent to customer 74Abbott [] []
[2020-10-06 08:00:03] Credit Warning SMS Yellow Zone log.INFO: Sending credit warning SMS to customer 59Abbott [] []
[2020-10-06 08:00:03] Credit Warning SMS Yellow Zone log.INFO: Credit warning SMS sent to customer 59Abbott [] []
[2020-10-06 08:00:03] Credit Warning SMS Yellow Zone log.INFO: Sending credit warning SMS to customer 85Abbott [] []
[2020-10-06 08:00:03] Credit Warning SMS Yellow Zone log.INFO: Credit warning SMS sent to customer 85Abbott [] []
[2020-10-06 08:00:03] Credit Warning SMS Yellow Zone log.INFO: Sending credit warning SMS to customer 90Abbott [] []
[2020-10-06 08:00:03] Credit Warning SMS Yellow Zone log.INFO: Credit warning SMS sent to customer 90Abbott [] []
[2020-10-06 08:00:03] Credit Warning SMS Yellow Zone log.INFO: Sending credit warning SMS to customer 84Abbott [] []
[2020-10-06 08:00:03] Credit Warning SMS Yellow Zone log.INFO: Credit warning SMS sent to customer 84Abbott [] []
[2020-10-06 08:00:03] Credit Warning SMS Yellow Zone log.INFO: Sending credit warning SMS to customer 91Abbott [] []
[2020-10-06 08:00:03] Credit Warning SMS Yellow Zone log.INFO: Credit warning SMS sent to customer 91Abbott [] []
[2020-10-06 08:00:03] Credit Warning SMS Yellow Zone log.INFO: Sending credit warning SMS to customer 105Abbott [] []
[2020-10-06 08:00:03] Credit Warning SMS Yellow Zone log.INFO: Credit warning SMS sent to customer 105Abbott [] []
[2020-10-06 08:00:03] Credit Warning SMS Yellow Zone log.INFO: Sending credit warning SMS to customer 106Abbott [] []
[2020-10-06 08:00:03] Credit Warning SMS Yellow Zone log.INFO: Credit warning SMS sent to customer 106Abbott [] []
[2020-10-06 08:00:03] Credit Warning SMS Yellow Zone log.INFO: Sending credit warning SMS to customer 111Abbott [] []
[2020-10-06 08:00:03] Credit Warning SMS Yellow Zone log.INFO: Credit warning SMS sent to customer 111Abbott [] []
[2020-10-06 08:00:03] Credit Warning SMS Yellow Zone log.INFO: Sending credit warning SMS to customer 115Abbott [] []
[2020-10-06 08:00:03] Credit Warning SMS Yellow Zone log.INFO: Credit warning SMS sent to customer 115Abbott [] []
[2020-10-06 08:00:03] Credit Warning SMS Yellow Zone log.INFO: Sending credit warning SMS to customer 95Abbott [] []
[2020-10-06 08:00:03] Credit Warning SMS Yellow Zone log.INFO: Credit warning SMS sent to customer 95Abbott [] []
[2020-10-06 08:00:03] Credit Warning SMS Yellow Zone log.INFO: Sending credit warning SMS to customer 140abbott [] []
[2020-10-06 08:00:03] Credit Warning SMS Yellow Zone log.INFO: Credit warning SMS sent to customer 140abbott [] []
[2020-10-06 08:00:03] Credit Warning SMS Yellow Zone log.INFO: Sending credit warning SMS to customer 145abbott [] []
[2020-10-06 08:00:03] Credit Warning SMS Yellow Zone log.INFO: Credit warning SMS sent to customer 145abbott [] []
[2020-10-06 08:00:03] Credit Warning SMS Yellow Zone log.INFO: Sending credit warning SMS to customer 191abbott [] []
[2020-10-06 08:00:03] Credit Warning SMS Yellow Zone log.INFO: Credit warning SMS sent to customer 191abbott [] []
[2020-10-06 08:00:03] Credit Warning SMS Yellow Zone log.INFO: Sending credit warning SMS to customer 150abbott [] []
[2020-10-06 08:00:03] Credit Warning SMS Yellow Zone log.INFO: Credit warning SMS sent to customer 150abbott [] []
[2020-10-06 08:00:03] Credit Warning SMS Yellow Zone log.INFO: Sending credit warning SMS to customer 164abbott [] []
[2020-10-06 08:00:03] Credit Warning SMS Yellow Zone log.INFO: Credit warning SMS sent to customer 164abbott [] []
[2020-10-06 08:00:03] Credit Warning SMS Yellow Zone log.INFO: Sending credit warning SMS to customer 15GreenBank [] []
[2020-10-06 08:00:03] Credit Warning SMS Yellow Zone log.INFO: Credit warning SMS sent to customer 15GreenBank [] []
[2020-10-06 08:00:03] Credit Warning SMS Yellow Zone log.INFO: Sending credit warning SMS to customer 138abbott [] []
[2020-10-06 08:00:03] Credit Warning SMS Yellow Zone log.INFO: Credit warning SMS sent to customer 138abbott [] []
[2020-10-06 08:00:03] Credit Warning SMS Yellow Zone log.INFO: Sending credit warning SMS to customer 92eustace [] []
[2020-10-06 08:00:03] Credit Warning SMS Yellow Zone log.INFO: Credit warning SMS sent to customer 92eustace [] []
[2020-10-06 08:00:03] Credit Warning SMS Yellow Zone log.INFO: Sending credit warning SMS to customer 55leona [] []
[2020-10-06 08:00:03] Credit Warning SMS Yellow Zone log.INFO: Credit warning SMS sent to customer 55leona [] []
[2020-10-06 08:00:03] Credit Warning SMS Yellow Zone log.INFO: Sending credit warning SMS to customer 94leona [] []
[2020-10-06 08:00:03] Credit Warning SMS Yellow Zone log.INFO: Credit warning SMS sent to customer 94leona [] []
[2020-10-06 08:00:03] Credit Warning SMS Yellow Zone log.INFO: Sending credit warning SMS to customer 31leona [] []
[2020-10-06 08:00:03] Credit Warning SMS Yellow Zone log.INFO: Credit warning SMS sent to customer 31leona [] []
[2020-10-06 08:00:03] Credit Warning SMS Yellow Zone log.INFO: Sending credit warning SMS to customer 108charlotte [] []
[2020-10-06 08:00:03] Credit Warning SMS Yellow Zone log.INFO: Credit warning SMS sent to customer 108charlotte [] []
[2020-10-06 08:00:03] Credit Warning SMS Yellow Zone log.INFO: Sending credit warning SMS to customer 134charlotte [] []
[2020-10-06 08:00:03] Credit Warning SMS Yellow Zone log.INFO: Credit warning SMS sent to customer 134charlotte [] []
[2020-10-06 08:00:03] Credit Warning SMS Yellow Zone log.INFO: Sending credit warning SMS to customer 34charlotte [] []
[2020-10-06 08:00:03] Credit Warning SMS Yellow Zone log.INFO: Credit warning SMS sent to customer 34charlotte [] []
[2020-10-06 08:00:03] Credit Warning SMS Yellow Zone log.INFO: Sending credit warning SMS to customer 18bridgefield [] []
[2020-10-06 08:00:03] Credit Warning SMS Yellow Zone log.INFO: Credit warning SMS sent to customer 18bridgefield [] []
[2020-10-06 08:00:03] Credit Warning SMS Yellow Zone log.INFO: Sending credit warning SMS to customer 20bridgefield [] []
[2020-10-06 08:00:04] Credit Warning SMS Yellow Zone log.INFO: Credit warning SMS sent to customer 20bridgefield [] []
[2020-10-06 08:00:04] Credit Warning SMS Yellow Zone log.INFO: Sending credit warning SMS to customer 29bridgefield [] []
[2020-10-06 08:00:04] Credit Warning SMS Yellow Zone log.INFO: Credit warning SMS sent to customer 29bridgefield [] []
[2020-10-06 08:00:04] Credit Warning SMS Yellow Zone log.INFO: Sending credit warning SMS to customer 73bridgefield [] []
[2020-10-06 08:00:04] Credit Warning SMS Yellow Zone log.INFO: Credit warning SMS sent to customer 73bridgefield [] []
[2020-10-06 08:00:04] Credit Warning SMS Yellow Zone log.INFO: Sending credit warning SMS to customer 56bridgefield [] []
[2020-10-06 08:00:04] Credit Warning SMS Yellow Zone log.INFO: Credit warning SMS sent to customer 56bridgefield [] []
[2020-10-06 08:00:04] Credit Warning SMS Yellow Zone log.INFO: Sending credit warning SMS to customer 51bridgefield [] []
[2020-10-06 08:00:04] Credit Warning SMS Yellow Zone log.INFO: Credit warning SMS sent to customer 51bridgefield [] []
[2020-10-06 08:00:04] Credit Warning SMS Yellow Zone log.INFO: Sending credit warning SMS to customer 168bridgefield [] []
[2020-10-06 08:00:04] Credit Warning SMS Yellow Zone log.INFO: Credit warning SMS sent to customer 168bridgefield [] []
[2020-10-06 08:00:04] Credit Warning SMS Yellow Zone log.INFO: Sending credit warning SMS to customer 28bridgefield [] []
[2020-10-06 08:00:04] Credit Warning SMS Yellow Zone log.INFO: Credit warning SMS sent to customer 28bridgefield [] []
[2020-10-06 08:00:04] Credit Warning SMS Yellow Zone log.INFO: Sending credit warning SMS to customer 211bridgefield [] []
[2020-10-06 08:00:04] Credit Warning SMS Yellow Zone log.INFO: Credit warning SMS sent to customer 211bridgefield [] []
[2020-10-06 08:00:04] Credit Warning SMS Yellow Zone log.INFO: Sending credit warning SMS to customer 9pappan [] []
[2020-10-06 08:00:04] Credit Warning SMS Yellow Zone log.INFO: Credit warning SMS sent to customer 9pappan [] []
[2020-10-06 08:00:04] Credit Warning SMS Yellow Zone log.INFO: Sending credit warning SMS to customer 29pappan [] []
[2020-10-06 08:00:04] Credit Warning SMS Yellow Zone log.INFO: Credit warning SMS sent to customer 29pappan [] []
[2020-10-06 08:00:04] Credit Warning SMS Yellow Zone log.INFO: Sending credit warning SMS to customer 16pappan [] []
[2020-10-06 08:00:04] Credit Warning SMS Yellow Zone log.INFO: Credit warning SMS sent to customer 16pappan [] []
[2020-10-06 08:00:04] Credit Warning SMS Yellow Zone log.INFO: Sending credit warning SMS to customer 73fairways [] []
[2020-10-06 08:00:04] Credit Warning SMS Yellow Zone log.INFO: Credit warning SMS sent to customer 73fairways [] []
[2020-10-06 08:00:04] Credit Warning SMS Yellow Zone log.INFO: Sending credit warning SMS to customer 133fairways [] []
[2020-10-06 08:00:04] Credit Warning SMS Yellow Zone log.INFO: Credit warning SMS sent to customer 133fairways [] []
[2020-10-06 08:00:04] Credit Warning SMS Yellow Zone log.INFO: Sending credit warning SMS to customer 123fairways [] []
[2020-10-06 08:00:04] Credit Warning SMS Yellow Zone log.INFO: Credit warning SMS sent to customer 123fairways [] []
[2020-10-06 08:00:04] Credit Warning SMS Yellow Zone log.INFO: Sending credit warning SMS to customer 153fairways [] []
[2020-10-06 08:00:04] Credit Warning SMS Yellow Zone log.INFO: Credit warning SMS sent to customer 153fairways [] []
[2020-10-06 08:00:04] Credit Warning SMS Yellow Zone log.INFO: Sending credit warning SMS to customer 8fairways [] []
[2020-10-06 08:00:04] Credit Warning SMS Yellow Zone log.INFO: Credit warning SMS sent to customer 8fairways [] []
[2020-10-06 08:00:04] Credit Warning SMS Yellow Zone log.INFO: Sending credit warning SMS to customer 15fairways [] []
[2020-10-06 08:00:04] Credit Warning SMS Yellow Zone log.INFO: Credit warning SMS sent to customer 15fairways [] []
[2020-10-06 08:00:04] Credit Warning SMS Yellow Zone log.INFO: Sending credit warning SMS to customer 66fairways [] []
[2020-10-06 08:00:04] Credit Warning SMS Yellow Zone log.INFO: Credit warning SMS sent to customer 66fairways [] []
[2020-10-06 08:00:04] Credit Warning SMS Yellow Zone log.INFO: Sending credit warning SMS to customer 98fairways [] []
[2020-10-06 08:00:04] Credit Warning SMS Yellow Zone log.INFO: Credit warning SMS sent to customer 98fairways [] []
[2020-10-06 08:00:04] Credit Warning SMS Yellow Zone log.INFO: Sending credit warning SMS to customer 73herberthill [] []
[2020-10-06 08:00:04] Credit Warning SMS Yellow Zone log.INFO: Credit warning SMS sent to customer 73herberthill [] []
[2020-10-06 08:00:04] Credit Warning SMS Yellow Zone log.INFO: Sending credit warning SMS to customer 23herberthill [] []
[2020-10-06 08:00:04] Credit Warning SMS Yellow Zone log.INFO: Credit warning SMS sent to customer 23herberthill [] []
[2020-10-06 08:00:04] Credit Warning SMS Yellow Zone log.INFO: Sending credit warning SMS to customer 60herberthill [] []
[2020-10-06 08:00:04] Credit Warning SMS Yellow Zone log.INFO: Credit warning SMS sent to customer 60herberthill [] []
[2020-10-06 08:00:04] Credit Warning SMS Yellow Zone log.INFO: Sending credit warning SMS to customer 79herberthill [] []
[2020-10-06 08:00:05] Credit Warning SMS Yellow Zone log.INFO: Credit warning SMS sent to customer 79herberthill [] []
[2020-10-06 08:00:05] Credit Warning SMS Yellow Zone log.INFO: Sending credit warning SMS to customer 22marina [] []
[2020-10-06 08:00:05] Credit Warning SMS Yellow Zone log.INFO: Credit warning SMS sent to customer 22marina [] []
[2020-10-06 08:00:05] Credit Warning SMS Yellow Zone log.INFO: Sent Credit warning SMS to 74 customers! [] []
