[2020-05-05 08:00:02] Credit Warning SMS Yellow Zone log.INFO: Sending credit warning SMS to customer 12sundayswell [] []
[2020-05-05 08:00:02] Credit Warning SMS Yellow Zone log.INFO: Credit warning SMS sent to customer 12sundayswell [] []
[2020-05-05 08:00:02] Credit Warning SMS Yellow Zone log.INFO: Sending credit warning SMS to customer 4garryknock [] []
[2020-05-05 08:00:02] Credit Warning SMS Yellow Zone log.INFO: Credit warning SMS sent to customer 4garryknock [] []
[2020-05-05 08:00:02] Credit Warning SMS Yellow Zone log.INFO: Sending credit warning SMS to customer 15garryknock [] []
[2020-05-05 08:00:02] Credit Warning SMS Yellow Zone log.INFO: Credit warning SMS sent to customer 15garryknock [] []
[2020-05-05 08:00:02] Credit Warning SMS Yellow Zone log.INFO: Sending credit warning SMS to customer 12Emerald [] []
[2020-05-05 08:00:02] Credit Warning SMS Yellow Zone log.INFO: Credit warning SMS sent to customer 12Emerald [] []
[2020-05-05 08:00:02] Credit Warning SMS Yellow Zone log.INFO: Sending credit warning SMS to customer 1Emerald [] []
[2020-05-05 08:00:02] Credit Warning SMS Yellow Zone log.INFO: Credit warning SMS sent to customer 1Emerald [] []
[2020-05-05 08:00:02] Credit Warning SMS Yellow Zone log.INFO: Sending credit warning SMS to customer 1neptune [] []
[2020-05-05 08:00:02] Credit Warning SMS Yellow Zone log.INFO: Credit warning SMS sent to customer 1neptune [] []
[2020-05-05 08:00:02] Credit Warning SMS Yellow Zone log.INFO: Sending credit warning SMS to customer 10neptune [] []
[2020-05-05 08:00:02] Credit Warning SMS Yellow Zone log.INFO: Credit warning SMS sent to customer 10neptune [] []
[2020-05-05 08:00:02] Credit Warning SMS Yellow Zone log.INFO: Sending credit warning SMS to customer 168neptune [] []
[2020-05-05 08:00:02] Credit Warning SMS Yellow Zone log.INFO: Credit warning SMS sent to customer 168neptune [] []
[2020-05-05 08:00:02] Credit Warning SMS Yellow Zone log.INFO: Sending credit warning SMS to customer 174neptune [] []
[2020-05-05 08:00:02] Credit Warning SMS Yellow Zone log.INFO: Credit warning SMS sent to customer 174neptune [] []
[2020-05-05 08:00:02] Credit Warning SMS Yellow Zone log.INFO: Sending credit warning SMS to customer 104Neptune [] []
[2020-05-05 08:00:02] Credit Warning SMS Yellow Zone log.INFO: Credit warning SMS sent to customer 104Neptune [] []
[2020-05-05 08:00:02] Credit Warning SMS Yellow Zone log.INFO: Sending credit warning SMS to customer 179neptune [] []
[2020-05-05 08:00:02] Credit Warning SMS Yellow Zone log.INFO: Credit warning SMS sent to customer 179neptune [] []
[2020-05-05 08:00:02] Credit Warning SMS Yellow Zone log.INFO: Sending credit warning SMS to customer 8neptune [] []
[2020-05-05 08:00:02] Credit Warning SMS Yellow Zone log.INFO: Credit warning SMS sent to customer 8neptune [] []
[2020-05-05 08:00:02] Credit Warning SMS Yellow Zone log.INFO: Sending credit warning SMS to customer 120Neptune [] []
[2020-05-05 08:00:02] Credit Warning SMS Yellow Zone log.INFO: Credit warning SMS sent to customer 120Neptune [] []
[2020-05-05 08:00:02] Credit Warning SMS Yellow Zone log.INFO: Sending credit warning SMS to customer 170neptune [] []
[2020-05-05 08:00:02] Credit Warning SMS Yellow Zone log.INFO: Credit warning SMS sent to customer 170neptune [] []
[2020-05-05 08:00:02] Credit Warning SMS Yellow Zone log.INFO: Sending credit warning SMS to customer 10Abbott [] []
[2020-05-05 08:00:02] Credit Warning SMS Yellow Zone log.INFO: Credit warning SMS sent to customer 10Abbott [] []
[2020-05-05 08:00:02] Credit Warning SMS Yellow Zone log.INFO: Sending credit warning SMS to customer 12Abbott [] []
[2020-05-05 08:00:02] Credit Warning SMS Yellow Zone log.INFO: Credit warning SMS sent to customer 12Abbott [] []
[2020-05-05 08:00:02] Credit Warning SMS Yellow Zone log.INFO: Sending credit warning SMS to customer 28Abbott [] []
[2020-05-05 08:00:02] Credit Warning SMS Yellow Zone log.INFO: Credit warning SMS sent to customer 28Abbott [] []
[2020-05-05 08:00:02] Credit Warning SMS Yellow Zone log.INFO: Sending credit warning SMS to customer 46Abbott [] []
[2020-05-05 08:00:03] Credit Warning SMS Yellow Zone log.INFO: Credit warning SMS sent to customer 46Abbott [] []
[2020-05-05 08:00:03] Credit Warning SMS Yellow Zone log.INFO: Sending credit warning SMS to customer 29abbott [] []
[2020-05-05 08:00:03] Credit Warning SMS Yellow Zone log.INFO: Credit warning SMS sent to customer 29abbott [] []
[2020-05-05 08:00:03] Credit Warning SMS Yellow Zone log.INFO: Sending credit warning SMS to customer 90Abbott [] []
[2020-05-05 08:00:03] Credit Warning SMS Yellow Zone log.INFO: Credit warning SMS sent to customer 90Abbott [] []
[2020-05-05 08:00:03] Credit Warning SMS Yellow Zone log.INFO: Sending credit warning SMS to customer 82Abbott [] []
[2020-05-05 08:00:03] Credit Warning SMS Yellow Zone log.INFO: Credit warning SMS sent to customer 82Abbott [] []
[2020-05-05 08:00:03] Credit Warning SMS Yellow Zone log.INFO: Sending credit warning SMS to customer 69Abbott [] []
[2020-05-05 08:00:03] Credit Warning SMS Yellow Zone log.INFO: Credit warning SMS sent to customer 69Abbott [] []
[2020-05-05 08:00:03] Credit Warning SMS Yellow Zone log.INFO: Sending credit warning SMS to customer 91Abbott [] []
[2020-05-05 08:00:03] Credit Warning SMS Yellow Zone log.INFO: Credit warning SMS sent to customer 91Abbott [] []
[2020-05-05 08:00:03] Credit Warning SMS Yellow Zone log.INFO: Sending credit warning SMS to customer 100Abbott [] []
[2020-05-05 08:00:03] Credit Warning SMS Yellow Zone log.INFO: Credit warning SMS sent to customer 100Abbott [] []
[2020-05-05 08:00:03] Credit Warning SMS Yellow Zone log.INFO: Sending credit warning SMS to customer 105Abbott [] []
[2020-05-05 08:00:03] Credit Warning SMS Yellow Zone log.INFO: Credit warning SMS sent to customer 105Abbott [] []
[2020-05-05 08:00:03] Credit Warning SMS Yellow Zone log.INFO: Sending credit warning SMS to customer 141abbott [] []
[2020-05-05 08:00:03] Credit Warning SMS Yellow Zone log.INFO: Credit warning SMS sent to customer 141abbott [] []
[2020-05-05 08:00:03] Credit Warning SMS Yellow Zone log.INFO: Sending credit warning SMS to customer 179abbott [] []
[2020-05-05 08:00:03] Credit Warning SMS Yellow Zone log.INFO: Credit warning SMS sent to customer 179abbott [] []
[2020-05-05 08:00:03] Credit Warning SMS Yellow Zone log.INFO: Sending credit warning SMS to customer 1GreenBank [] []
[2020-05-05 08:00:03] Credit Warning SMS Yellow Zone log.INFO: Credit warning SMS sent to customer 1GreenBank [] []
[2020-05-05 08:00:03] Credit Warning SMS Yellow Zone log.INFO: Sending credit warning SMS to customer 138abbott [] []
[2020-05-05 08:00:03] Credit Warning SMS Yellow Zone log.INFO: Credit warning SMS sent to customer 138abbott [] []
[2020-05-05 08:00:03] Credit Warning SMS Yellow Zone log.INFO: Sending credit warning SMS to customer 155abbott [] []
[2020-05-05 08:00:03] Credit Warning SMS Yellow Zone log.INFO: Credit warning SMS sent to customer 155abbott [] []
[2020-05-05 08:00:03] Credit Warning SMS Yellow Zone log.INFO: Sending credit warning SMS to customer 37eustace [] []
[2020-05-05 08:00:03] Credit Warning SMS Yellow Zone log.INFO: Credit warning SMS sent to customer 37eustace [] []
[2020-05-05 08:00:03] Credit Warning SMS Yellow Zone log.INFO: Sending credit warning SMS to customer 61eustace [] []
[2020-05-05 08:00:03] Credit Warning SMS Yellow Zone log.INFO: Credit warning SMS sent to customer 61eustace [] []
[2020-05-05 08:00:03] Credit Warning SMS Yellow Zone log.INFO: Sending credit warning SMS to customer 144leona [] []
[2020-05-05 08:00:03] Credit Warning SMS Yellow Zone log.INFO: Credit warning SMS sent to customer 144leona [] []
[2020-05-05 08:00:03] Credit Warning SMS Yellow Zone log.INFO: Sending credit warning SMS to customer 28leona [] []
[2020-05-05 08:00:03] Credit Warning SMS Yellow Zone log.INFO: Credit warning SMS sent to customer 28leona [] []
[2020-05-05 08:00:03] Credit Warning SMS Yellow Zone log.INFO: Sending credit warning SMS to customer 43leona [] []
[2020-05-05 08:00:03] Credit Warning SMS Yellow Zone log.INFO: Credit warning SMS sent to customer 43leona [] []
[2020-05-05 08:00:03] Credit Warning SMS Yellow Zone log.INFO: Sending credit warning SMS to customer 41leona [] []
[2020-05-05 08:00:03] Credit Warning SMS Yellow Zone log.INFO: Credit warning SMS sent to customer 41leona [] []
[2020-05-05 08:00:03] Credit Warning SMS Yellow Zone log.INFO: Sending credit warning SMS to customer 155leona [] []
[2020-05-05 08:00:03] Credit Warning SMS Yellow Zone log.INFO: Credit warning SMS sent to customer 155leona [] []
[2020-05-05 08:00:03] Credit Warning SMS Yellow Zone log.INFO: Sending credit warning SMS to customer 47leona [] []
[2020-05-05 08:00:03] Credit Warning SMS Yellow Zone log.INFO: Credit warning SMS sent to customer 47leona [] []
[2020-05-05 08:00:03] Credit Warning SMS Yellow Zone log.INFO: Sending credit warning SMS to customer 82leona [] []
[2020-05-05 08:00:03] Credit Warning SMS Yellow Zone log.INFO: Credit warning SMS sent to customer 82leona [] []
[2020-05-05 08:00:03] Credit Warning SMS Yellow Zone log.INFO: Sending credit warning SMS to customer 114charlotte [] []
[2020-05-05 08:00:03] Credit Warning SMS Yellow Zone log.INFO: Credit warning SMS sent to customer 114charlotte [] []
[2020-05-05 08:00:03] Credit Warning SMS Yellow Zone log.INFO: Sending credit warning SMS to customer 42charlotte [] []
[2020-05-05 08:00:03] Credit Warning SMS Yellow Zone log.INFO: Credit warning SMS sent to customer 42charlotte [] []
[2020-05-05 08:00:03] Credit Warning SMS Yellow Zone log.INFO: Sending credit warning SMS to customer 96charlotte [] []
[2020-05-05 08:00:03] Credit Warning SMS Yellow Zone log.INFO: Credit warning SMS sent to customer 96charlotte [] []
[2020-05-05 08:00:03] Credit Warning SMS Yellow Zone log.INFO: Sending credit warning SMS to customer 24bridgefield [] []
[2020-05-05 08:00:03] Credit Warning SMS Yellow Zone log.INFO: Credit warning SMS sent to customer 24bridgefield [] []
[2020-05-05 08:00:03] Credit Warning SMS Yellow Zone log.INFO: Sending credit warning SMS to customer 21bridgefield [] []
[2020-05-05 08:00:03] Credit Warning SMS Yellow Zone log.INFO: Credit warning SMS sent to customer 21bridgefield [] []
[2020-05-05 08:00:03] Credit Warning SMS Yellow Zone log.INFO: Sending credit warning SMS to customer 5bridgefield [] []
[2020-05-05 08:00:03] Credit Warning SMS Yellow Zone log.INFO: Credit warning SMS sent to customer 5bridgefield [] []
[2020-05-05 08:00:03] Credit Warning SMS Yellow Zone log.INFO: Sending credit warning SMS to customer 40bridgefield [] []
[2020-05-05 08:00:03] Credit Warning SMS Yellow Zone log.INFO: Credit warning SMS sent to customer 40bridgefield [] []
[2020-05-05 08:00:03] Credit Warning SMS Yellow Zone log.INFO: Sending credit warning SMS to customer 52bridgefield [] []
[2020-05-05 08:00:03] Credit Warning SMS Yellow Zone log.INFO: Credit warning SMS sent to customer 52bridgefield [] []
[2020-05-05 08:00:03] Credit Warning SMS Yellow Zone log.INFO: Sending credit warning SMS to customer 89bridgefield [] []
[2020-05-05 08:00:03] Credit Warning SMS Yellow Zone log.INFO: Credit warning SMS sent to customer 89bridgefield [] []
[2020-05-05 08:00:03] Credit Warning SMS Yellow Zone log.INFO: Sending credit warning SMS to customer 71bridgefield [] []
[2020-05-05 08:00:04] Credit Warning SMS Yellow Zone log.INFO: Credit warning SMS sent to customer 71bridgefield [] []
[2020-05-05 08:00:04] Credit Warning SMS Yellow Zone log.INFO: Sending credit warning SMS to customer 81bridgefield [] []
[2020-05-05 08:00:04] Credit Warning SMS Yellow Zone log.INFO: Credit warning SMS sent to customer 81bridgefield [] []
[2020-05-05 08:00:04] Credit Warning SMS Yellow Zone log.INFO: Sending credit warning SMS to customer 21pappan [] []
[2020-05-05 08:00:04] Credit Warning SMS Yellow Zone log.INFO: Credit warning SMS sent to customer 21pappan [] []
[2020-05-05 08:00:04] Credit Warning SMS Yellow Zone log.INFO: Sending credit warning SMS to customer 23pappan [] []
[2020-05-05 08:00:04] Credit Warning SMS Yellow Zone log.INFO: Credit warning SMS sent to customer 23pappan [] []
[2020-05-05 08:00:04] Credit Warning SMS Yellow Zone log.INFO: Sending credit warning SMS to customer 20pappan [] []
[2020-05-05 08:00:04] Credit Warning SMS Yellow Zone log.INFO: Credit warning SMS sent to customer 20pappan [] []
[2020-05-05 08:00:04] Credit Warning SMS Yellow Zone log.INFO: Sending credit warning SMS to customer 16pappan [] []
[2020-05-05 08:00:04] Credit Warning SMS Yellow Zone log.INFO: Credit warning SMS sent to customer 16pappan [] []
[2020-05-05 08:00:04] Credit Warning SMS Yellow Zone log.INFO: Sending credit warning SMS to customer 10pappan [] []
[2020-05-05 08:00:04] Credit Warning SMS Yellow Zone log.INFO: Credit warning SMS sent to customer 10pappan [] []
[2020-05-05 08:00:04] Credit Warning SMS Yellow Zone log.INFO: Sending credit warning SMS to customer 88fairways [] []
[2020-05-05 08:00:04] Credit Warning SMS Yellow Zone log.INFO: Credit warning SMS sent to customer 88fairways [] []
[2020-05-05 08:00:04] Credit Warning SMS Yellow Zone log.INFO: Sending credit warning SMS to customer 55fairways [] []
[2020-05-05 08:00:04] Credit Warning SMS Yellow Zone log.INFO: Credit warning SMS sent to customer 55fairways [] []
[2020-05-05 08:00:04] Credit Warning SMS Yellow Zone log.INFO: Sending credit warning SMS to customer h44fairways [] []
[2020-05-05 08:00:04] Credit Warning SMS Yellow Zone log.INFO: Credit warning SMS sent to customer h44fairways [] []
[2020-05-05 08:00:04] Credit Warning SMS Yellow Zone log.INFO: Sending credit warning SMS to customer h18fairways [] []
[2020-05-05 08:00:04] Credit Warning SMS Yellow Zone log.INFO: Credit warning SMS sent to customer h18fairways [] []
[2020-05-05 08:00:04] Credit Warning SMS Yellow Zone log.INFO: Sending credit warning SMS to customer 7herberthill [] []
[2020-05-05 08:00:04] Credit Warning SMS Yellow Zone log.INFO: Credit warning SMS sent to customer 7herberthill [] []
[2020-05-05 08:00:04] Credit Warning SMS Yellow Zone log.INFO: Sending credit warning SMS to customer 20herberthill [] []
[2020-05-05 08:00:04] Credit Warning SMS Yellow Zone log.INFO: Credit warning SMS sent to customer 20herberthill [] []
[2020-05-05 08:00:04] Credit Warning SMS Yellow Zone log.INFO: Sending credit warning SMS to customer 10herberthill [] []
[2020-05-05 08:00:04] Credit Warning SMS Yellow Zone log.INFO: Credit warning SMS sent to customer 10herberthill [] []
[2020-05-05 08:00:04] Credit Warning SMS Yellow Zone log.INFO: Sending credit warning SMS to customer 58herberthill [] []
[2020-05-05 08:00:04] Credit Warning SMS Yellow Zone log.INFO: Credit warning SMS sent to customer 58herberthill [] []
[2020-05-05 08:00:04] Credit Warning SMS Yellow Zone log.INFO: Sending credit warning SMS to customer 81herberthill [] []
[2020-05-05 08:00:04] Credit Warning SMS Yellow Zone log.INFO: Credit warning SMS sent to customer 81herberthill [] []
[2020-05-05 08:00:04] Credit Warning SMS Yellow Zone log.INFO: Sent Credit warning SMS to 64 customers! [] []
