[2020-12-11 08:00:02] Credit Warning SMS Yellow Zone log.INFO: Sending credit warning SMS to customer 12sundayswell [] []
[2020-12-11 08:00:02] Credit Warning SMS Yellow Zone log.INFO: Credit warning SMS sent to customer 12sundayswell [] []
[2020-12-11 08:00:02] Credit Warning SMS Yellow Zone log.INFO: Sending credit warning SMS to customer 3sundayswell [] []
[2020-12-11 08:00:02] Credit Warning SMS Yellow Zone log.INFO: Credit warning SMS sent to customer 3sundayswell [] []
[2020-12-11 08:00:02] Credit Warning SMS Yellow Zone log.INFO: Sending credit warning SMS to customer 14garryknock [] []
[2020-12-11 08:00:02] Credit Warning SMS Yellow Zone log.INFO: Credit warning SMS sent to customer 14garryknock [] []
[2020-12-11 08:00:02] Credit Warning SMS Yellow Zone log.INFO: Sending credit warning SMS to customer 171neptune [] []
[2020-12-11 08:00:02] Credit Warning SMS Yellow Zone log.INFO: Credit warning SMS sent to customer 171neptune [] []
[2020-12-11 08:00:02] Credit Warning SMS Yellow Zone log.INFO: Sending credit warning SMS to customer 117Neptune [] []
[2020-12-11 08:00:02] Credit Warning SMS Yellow Zone log.INFO: Credit warning SMS sent to customer 117Neptune [] []
[2020-12-11 08:00:02] Credit Warning SMS Yellow Zone log.INFO: Sending credit warning SMS to customer 157Neptune [] []
[2020-12-11 08:00:02] Credit Warning SMS Yellow Zone log.INFO: Credit warning SMS sent to customer 157Neptune [] []
[2020-12-11 08:00:02] Credit Warning SMS Yellow Zone log.INFO: Sending credit warning SMS to customer 128Neptune [] []
[2020-12-11 08:00:02] Credit Warning SMS Yellow Zone log.INFO: Credit warning SMS sent to customer 128Neptune [] []
[2020-12-11 08:00:02] Credit Warning SMS Yellow Zone log.INFO: Sending credit warning SMS to customer 27neptune [] []
[2020-12-11 08:00:02] Credit Warning SMS Yellow Zone log.INFO: Credit warning SMS sent to customer 27neptune [] []
[2020-12-11 08:00:02] Credit Warning SMS Yellow Zone log.INFO: Sending credit warning SMS to customer 108Neptune [] []
[2020-12-11 08:00:02] Credit Warning SMS Yellow Zone log.INFO: Credit warning SMS sent to customer 108Neptune [] []
[2020-12-11 08:00:02] Credit Warning SMS Yellow Zone log.INFO: Sending credit warning SMS to customer 82Neptune [] []
[2020-12-11 08:00:02] Credit Warning SMS Yellow Zone log.INFO: Credit warning SMS sent to customer 82Neptune [] []
[2020-12-11 08:00:02] Credit Warning SMS Yellow Zone log.INFO: Sending credit warning SMS to customer 94Neptune [] []
[2020-12-11 08:00:02] Credit Warning SMS Yellow Zone log.INFO: Credit warning SMS sent to customer 94Neptune [] []
[2020-12-11 08:00:02] Credit Warning SMS Yellow Zone log.INFO: Sending credit warning SMS to customer 184neptune [] []
[2020-12-11 08:00:02] Credit Warning SMS Yellow Zone log.INFO: Credit warning SMS sent to customer 184neptune [] []
[2020-12-11 08:00:02] Credit Warning SMS Yellow Zone log.INFO: Sending credit warning SMS to customer 38neptune [] []
[2020-12-11 08:00:02] Credit Warning SMS Yellow Zone log.INFO: Credit warning SMS sent to customer 38neptune [] []
[2020-12-11 08:00:02] Credit Warning SMS Yellow Zone log.INFO: Sending credit warning SMS to customer 21Abbott [] []
[2020-12-11 08:00:02] Credit Warning SMS Yellow Zone log.INFO: Credit warning SMS sent to customer 21Abbott [] []
[2020-12-11 08:00:02] Credit Warning SMS Yellow Zone log.INFO: Sending credit warning SMS to customer 31Abbott [] []
[2020-12-11 08:00:02] Credit Warning SMS Yellow Zone log.INFO: Credit warning SMS sent to customer 31Abbott [] []
[2020-12-11 08:00:02] Credit Warning SMS Yellow Zone log.INFO: Sending credit warning SMS to customer 37Abbott [] []
[2020-12-11 08:00:02] Credit Warning SMS Yellow Zone log.INFO: Credit warning SMS sent to customer 37Abbott [] []
[2020-12-11 08:00:02] Credit Warning SMS Yellow Zone log.INFO: Sending credit warning SMS to customer 86abbott [] []
[2020-12-11 08:00:03] Credit Warning SMS Yellow Zone log.INFO: Credit warning SMS sent to customer 86abbott [] []
[2020-12-11 08:00:03] Credit Warning SMS Yellow Zone log.INFO: Sending credit warning SMS to customer 71Abbott [] []
[2020-12-11 08:00:03] Credit Warning SMS Yellow Zone log.INFO: Credit warning SMS sent to customer 71Abbott [] []
[2020-12-11 08:00:03] Credit Warning SMS Yellow Zone log.INFO: Sending credit warning SMS to customer 105Abbott [] []
[2020-12-11 08:00:03] Credit Warning SMS Yellow Zone log.INFO: Credit warning SMS sent to customer 105Abbott [] []
[2020-12-11 08:00:03] Credit Warning SMS Yellow Zone log.INFO: Sending credit warning SMS to customer 119Abbott [] []
[2020-12-11 08:00:03] Credit Warning SMS Yellow Zone log.INFO: Credit warning SMS sent to customer 119Abbott [] []
[2020-12-11 08:00:03] Credit Warning SMS Yellow Zone log.INFO: Sending credit warning SMS to customer 98Abbott [] []
[2020-12-11 08:00:03] Credit Warning SMS Yellow Zone log.INFO: Credit warning SMS sent to customer 98Abbott [] []
[2020-12-11 08:00:03] Credit Warning SMS Yellow Zone log.INFO: Sending credit warning SMS to customer 115Abbott [] []
[2020-12-11 08:00:03] Credit Warning SMS Yellow Zone log.INFO: Credit warning SMS sent to customer 115Abbott [] []
[2020-12-11 08:00:03] Credit Warning SMS Yellow Zone log.INFO: Sending credit warning SMS to customer 118Abbott [] []
[2020-12-11 08:00:03] Credit Warning SMS Yellow Zone log.INFO: Credit warning SMS sent to customer 118Abbott [] []
[2020-12-11 08:00:03] Credit Warning SMS Yellow Zone log.INFO: Sending credit warning SMS to customer 4GreenBank [] []
[2020-12-11 08:00:03] Credit Warning SMS Yellow Zone log.INFO: Credit warning SMS sent to customer 4GreenBank [] []
[2020-12-11 08:00:03] Credit Warning SMS Yellow Zone log.INFO: Sending credit warning SMS to customer 184abbott [] []
[2020-12-11 08:00:03] Credit Warning SMS Yellow Zone log.INFO: Credit warning SMS sent to customer 184abbott [] []
[2020-12-11 08:00:03] Credit Warning SMS Yellow Zone log.INFO: Sending credit warning SMS to customer 151abbott [] []
[2020-12-11 08:00:03] Credit Warning SMS Yellow Zone log.INFO: Credit warning SMS sent to customer 151abbott [] []
[2020-12-11 08:00:03] Credit Warning SMS Yellow Zone log.INFO: Sending credit warning SMS to customer 66eustace [] []
[2020-12-11 08:00:03] Credit Warning SMS Yellow Zone log.INFO: Credit warning SMS sent to customer 66eustace [] []
[2020-12-11 08:00:03] Credit Warning SMS Yellow Zone log.INFO: Sending credit warning SMS to customer 33eustace [] []
[2020-12-11 08:00:03] Credit Warning SMS Yellow Zone log.INFO: Credit warning SMS sent to customer 33eustace [] []
[2020-12-11 08:00:03] Credit Warning SMS Yellow Zone log.INFO: Sending credit warning SMS to customer 74eustace [] []
[2020-12-11 08:00:03] Credit Warning SMS Yellow Zone log.INFO: Credit warning SMS sent to customer 74eustace [] []
[2020-12-11 08:00:03] Credit Warning SMS Yellow Zone log.INFO: Sending credit warning SMS to customer 67eustace [] []
[2020-12-11 08:00:03] Credit Warning SMS Yellow Zone log.INFO: Credit warning SMS sent to customer 67eustace [] []
[2020-12-11 08:00:03] Credit Warning SMS Yellow Zone log.INFO: Sending credit warning SMS to customer 120leona [] []
[2020-12-11 08:00:03] Credit Warning SMS Yellow Zone log.INFO: Credit warning SMS sent to customer 120leona [] []
[2020-12-11 08:00:03] Credit Warning SMS Yellow Zone log.INFO: Sending credit warning SMS to customer 39leona [] []
[2020-12-11 08:00:03] Credit Warning SMS Yellow Zone log.INFO: Credit warning SMS sent to customer 39leona [] []
[2020-12-11 08:00:03] Credit Warning SMS Yellow Zone log.INFO: Sending credit warning SMS to customer 97leona [] []
[2020-12-11 08:00:03] Credit Warning SMS Yellow Zone log.INFO: Credit warning SMS sent to customer 97leona [] []
[2020-12-11 08:00:03] Credit Warning SMS Yellow Zone log.INFO: Sending credit warning SMS to customer 41leona [] []
[2020-12-11 08:00:03] Credit Warning SMS Yellow Zone log.INFO: Credit warning SMS sent to customer 41leona [] []
[2020-12-11 08:00:03] Credit Warning SMS Yellow Zone log.INFO: Sending credit warning SMS to customer 138charlotte [] []
[2020-12-11 08:00:03] Credit Warning SMS Yellow Zone log.INFO: Credit warning SMS sent to customer 138charlotte [] []
[2020-12-11 08:00:03] Credit Warning SMS Yellow Zone log.INFO: Sending credit warning SMS to customer 159charlotte [] []
[2020-12-11 08:00:03] Credit Warning SMS Yellow Zone log.INFO: Credit warning SMS sent to customer 159charlotte [] []
[2020-12-11 08:00:03] Credit Warning SMS Yellow Zone log.INFO: Sending credit warning SMS to customer 103charlotte [] []
[2020-12-11 08:00:03] Credit Warning SMS Yellow Zone log.INFO: Credit warning SMS sent to customer 103charlotte [] []
[2020-12-11 08:00:03] Credit Warning SMS Yellow Zone log.INFO: Sending credit warning SMS to customer 36charlotte [] []
[2020-12-11 08:00:03] Credit Warning SMS Yellow Zone log.INFO: Credit warning SMS sent to customer 36charlotte [] []
[2020-12-11 08:00:03] Credit Warning SMS Yellow Zone log.INFO: Sending credit warning SMS to customer 87charlotte [] []
[2020-12-11 08:00:04] Credit Warning SMS Yellow Zone log.INFO: Credit warning SMS sent to customer 87charlotte [] []
[2020-12-11 08:00:04] Credit Warning SMS Yellow Zone log.INFO: Sending credit warning SMS to customer 21bridgefield [] []
[2020-12-11 08:00:04] Credit Warning SMS Yellow Zone log.INFO: Credit warning SMS sent to customer 21bridgefield [] []
[2020-12-11 08:00:04] Credit Warning SMS Yellow Zone log.INFO: Sending credit warning SMS to customer 33bridgefield [] []
[2020-12-11 08:00:04] Credit Warning SMS Yellow Zone log.INFO: Credit warning SMS sent to customer 33bridgefield [] []
[2020-12-11 08:00:04] Credit Warning SMS Yellow Zone log.INFO: Sending credit warning SMS to customer 42bridgefield [] []
[2020-12-11 08:00:04] Credit Warning SMS Yellow Zone log.INFO: Credit warning SMS sent to customer 42bridgefield [] []
[2020-12-11 08:00:04] Credit Warning SMS Yellow Zone log.INFO: Sending credit warning SMS to customer 83bridgefield [] []
[2020-12-11 08:00:04] Credit Warning SMS Yellow Zone log.INFO: Credit warning SMS sent to customer 83bridgefield [] []
[2020-12-11 08:00:04] Credit Warning SMS Yellow Zone log.INFO: Sending credit warning SMS to customer 72bridgefield [] []
[2020-12-11 08:00:04] Credit Warning SMS Yellow Zone log.INFO: Credit warning SMS sent to customer 72bridgefield [] []
[2020-12-11 08:00:04] Credit Warning SMS Yellow Zone log.INFO: Sending credit warning SMS to customer 73bridgefield [] []
[2020-12-11 08:00:04] Credit Warning SMS Yellow Zone log.INFO: Credit warning SMS sent to customer 73bridgefield [] []
[2020-12-11 08:00:04] Credit Warning SMS Yellow Zone log.INFO: Sending credit warning SMS to customer 101bridgefield [] []
[2020-12-11 08:00:04] Credit Warning SMS Yellow Zone log.INFO: Credit warning SMS sent to customer 101bridgefield [] []
[2020-12-11 08:00:04] Credit Warning SMS Yellow Zone log.INFO: Sending credit warning SMS to customer 185bridgefield [] []
[2020-12-11 08:00:04] Credit Warning SMS Yellow Zone log.INFO: Credit warning SMS sent to customer 185bridgefield [] []
[2020-12-11 08:00:04] Credit Warning SMS Yellow Zone log.INFO: Sending credit warning SMS to customer 51bridgefield [] []
[2020-12-11 08:00:04] Credit Warning SMS Yellow Zone log.INFO: Credit warning SMS sent to customer 51bridgefield [] []
[2020-12-11 08:00:04] Credit Warning SMS Yellow Zone log.INFO: Sending credit warning SMS to customer 208bridgefield [] []
[2020-12-11 08:00:04] Credit Warning SMS Yellow Zone log.INFO: Credit warning SMS sent to customer 208bridgefield [] []
[2020-12-11 08:00:04] Credit Warning SMS Yellow Zone log.INFO: Sending credit warning SMS to customer 126bridgefield [] []
[2020-12-11 08:00:04] Credit Warning SMS Yellow Zone log.INFO: Credit warning SMS sent to customer 126bridgefield [] []
[2020-12-11 08:00:04] Credit Warning SMS Yellow Zone log.INFO: Sending credit warning SMS to customer 195bridgefield [] []
[2020-12-11 08:00:04] Credit Warning SMS Yellow Zone log.INFO: Credit warning SMS sent to customer 195bridgefield [] []
[2020-12-11 08:00:04] Credit Warning SMS Yellow Zone log.INFO: Sending credit warning SMS to customer 111bridgefield [] []
[2020-12-11 08:00:04] Credit Warning SMS Yellow Zone log.INFO: Credit warning SMS sent to customer 111bridgefield [] []
[2020-12-11 08:00:04] Credit Warning SMS Yellow Zone log.INFO: Sending credit warning SMS to customer 18bridgefield [] []
[2020-12-11 08:00:04] Credit Warning SMS Yellow Zone log.INFO: Credit warning SMS sent to customer 18bridgefield [] []
[2020-12-11 08:00:04] Credit Warning SMS Yellow Zone log.INFO: Sending credit warning SMS to customer 1pappan [] []
[2020-12-11 08:00:04] Credit Warning SMS Yellow Zone log.INFO: Credit warning SMS sent to customer 1pappan [] []
[2020-12-11 08:00:04] Credit Warning SMS Yellow Zone log.INFO: Sending credit warning SMS to customer 21pappan [] []
[2020-12-11 08:00:04] Credit Warning SMS Yellow Zone log.INFO: Credit warning SMS sent to customer 21pappan [] []
[2020-12-11 08:00:04] Credit Warning SMS Yellow Zone log.INFO: Sending credit warning SMS to customer 5pappan [] []
[2020-12-11 08:00:04] Credit Warning SMS Yellow Zone log.INFO: Credit warning SMS sent to customer 5pappan [] []
[2020-12-11 08:00:04] Credit Warning SMS Yellow Zone log.INFO: Sending credit warning SMS to customer 16pappan [] []
[2020-12-11 08:00:04] Credit Warning SMS Yellow Zone log.INFO: Credit warning SMS sent to customer 16pappan [] []
[2020-12-11 08:00:04] Credit Warning SMS Yellow Zone log.INFO: Sending credit warning SMS to customer 122fairways [] []
[2020-12-11 08:00:04] Credit Warning SMS Yellow Zone log.INFO: Credit warning SMS sent to customer 122fairways [] []
[2020-12-11 08:00:04] Credit Warning SMS Yellow Zone log.INFO: Sending credit warning SMS to customer 156fairways [] []
[2020-12-11 08:00:04] Credit Warning SMS Yellow Zone log.INFO: Credit warning SMS sent to customer 156fairways [] []
[2020-12-11 08:00:04] Credit Warning SMS Yellow Zone log.INFO: Sending credit warning SMS to customer h33fairways [] []
[2020-12-11 08:00:04] Credit Warning SMS Yellow Zone log.INFO: Credit warning SMS sent to customer h33fairways [] []
[2020-12-11 08:00:04] Credit Warning SMS Yellow Zone log.INFO: Sending credit warning SMS to customer h23fairways [] []
[2020-12-11 08:00:04] Credit Warning SMS Yellow Zone log.INFO: Credit warning SMS sent to customer h23fairways [] []
[2020-12-11 08:00:04] Credit Warning SMS Yellow Zone log.INFO: Sending credit warning SMS to customer 63fairways [] []
[2020-12-11 08:00:04] Credit Warning SMS Yellow Zone log.INFO: Credit warning SMS sent to customer 63fairways [] []
[2020-12-11 08:00:04] Credit Warning SMS Yellow Zone log.INFO: Sending credit warning SMS to customer 66fairways [] []
[2020-12-11 08:00:04] Credit Warning SMS Yellow Zone log.INFO: Credit warning SMS sent to customer 66fairways [] []
[2020-12-11 08:00:04] Credit Warning SMS Yellow Zone log.INFO: Sending credit warning SMS to customer 154fairways [] []
[2020-12-11 08:00:04] Credit Warning SMS Yellow Zone log.INFO: Credit warning SMS sent to customer 154fairways [] []
[2020-12-11 08:00:04] Credit Warning SMS Yellow Zone log.INFO: Sending credit warning SMS to customer 73herberthill [] []
[2020-12-11 08:00:04] Credit Warning SMS Yellow Zone log.INFO: Credit warning SMS sent to customer 73herberthill [] []
[2020-12-11 08:00:04] Credit Warning SMS Yellow Zone log.INFO: Sending credit warning SMS to customer 60herberthill [] []
[2020-12-11 08:00:05] Credit Warning SMS Yellow Zone log.INFO: Credit warning SMS sent to customer 60herberthill [] []
[2020-12-11 08:00:05] Credit Warning SMS Yellow Zone log.INFO: Sending credit warning SMS to customer 5herberthill [] []
[2020-12-11 08:00:05] Credit Warning SMS Yellow Zone log.INFO: Credit warning SMS sent to customer 5herberthill [] []
[2020-12-11 08:00:05] Credit Warning SMS Yellow Zone log.INFO: Sending credit warning SMS to customer 22herberthill [] []
[2020-12-11 08:00:05] Credit Warning SMS Yellow Zone log.INFO: Credit warning SMS sent to customer 22herberthill [] []
[2020-12-11 08:00:05] Credit Warning SMS Yellow Zone log.INFO: Sending credit warning SMS to customer 28herberthill [] []
[2020-12-11 08:00:05] Credit Warning SMS Yellow Zone log.INFO: Credit warning SMS sent to customer 28herberthill [] []
[2020-12-11 08:00:05] Credit Warning SMS Yellow Zone log.INFO: Sending credit warning SMS to customer 92bracken [] []
[2020-12-11 08:00:05] Credit Warning SMS Yellow Zone log.INFO: Credit warning SMS sent to customer 92bracken [] []
[2020-12-11 08:00:05] Credit Warning SMS Yellow Zone log.INFO: Sent Credit warning SMS to 70 customers! [] []
