[2020-11-07 10:30:01] Credit Warning SMS Yellow Zone log.INFO: Sending credit warning SMS to customer 3sundayswell [] []
[2020-11-07 10:30:01] Credit Warning SMS Yellow Zone log.INFO: Credit warning SMS sent to customer 3sundayswell [] []
[2020-11-07 10:30:01] Credit Warning SMS Yellow Zone log.INFO: Sending credit warning SMS to customer 2garryknock [] []
[2020-11-07 10:30:01] Credit Warning SMS Yellow Zone log.INFO: Credit warning SMS sent to customer 2garryknock [] []
[2020-11-07 10:30:01] Credit Warning SMS Yellow Zone log.INFO: Sending credit warning SMS to customer 3garryknock [] []
[2020-11-07 10:30:01] Credit Warning SMS Yellow Zone log.INFO: Credit warning SMS sent to customer 3garryknock [] []
[2020-11-07 10:30:01] Credit Warning SMS Yellow Zone log.INFO: Sending credit warning SMS to customer 23garryknock [] []
[2020-11-07 10:30:02] Credit Warning SMS Yellow Zone log.INFO: Credit warning SMS sent to customer 23garryknock [] []
[2020-11-07 10:30:02] Credit Warning SMS Yellow Zone log.INFO: Sending credit warning SMS to customer 4sundayswell [] []
[2020-11-07 10:30:02] Credit Warning SMS Yellow Zone log.INFO: Credit warning SMS sent to customer 4sundayswell [] []
[2020-11-07 10:30:02] Credit Warning SMS Yellow Zone log.INFO: Sending credit warning SMS to customer 21Emerald [] []
[2020-11-07 10:30:02] Credit Warning SMS Yellow Zone log.INFO: Credit warning SMS sent to customer 21Emerald [] []
[2020-11-07 10:30:02] Credit Warning SMS Yellow Zone log.INFO: Sending credit warning SMS to customer 163neptune [] []
[2020-11-07 10:30:02] Credit Warning SMS Yellow Zone log.INFO: Credit warning SMS sent to customer 163neptune [] []
[2020-11-07 10:30:02] Credit Warning SMS Yellow Zone log.INFO: Sending credit warning SMS to customer 16neptune [] []
[2020-11-07 10:30:02] Credit Warning SMS Yellow Zone log.INFO: Credit warning SMS sent to customer 16neptune [] []
[2020-11-07 10:30:02] Credit Warning SMS Yellow Zone log.INFO: Sending credit warning SMS to customer 177neptune [] []
[2020-11-07 10:30:02] Credit Warning SMS Yellow Zone log.INFO: Credit warning SMS sent to customer 177neptune [] []
[2020-11-07 10:30:02] Credit Warning SMS Yellow Zone log.INFO: Sending credit warning SMS to customer 117Neptune [] []
[2020-11-07 10:30:02] Credit Warning SMS Yellow Zone log.INFO: Credit warning SMS sent to customer 117Neptune [] []
[2020-11-07 10:30:02] Credit Warning SMS Yellow Zone log.INFO: Sending credit warning SMS to customer 157Neptune [] []
[2020-11-07 10:30:02] Credit Warning SMS Yellow Zone log.INFO: Credit warning SMS sent to customer 157Neptune [] []
[2020-11-07 10:30:02] Credit Warning SMS Yellow Zone log.INFO: Sending credit warning SMS to customer 81Neptune [] []
[2020-11-07 10:30:02] Credit Warning SMS Yellow Zone log.INFO: Credit warning SMS sent to customer 81Neptune [] []
[2020-11-07 10:30:02] Credit Warning SMS Yellow Zone log.INFO: Sending credit warning SMS to customer 7neptune [] []
[2020-11-07 10:30:02] Credit Warning SMS Yellow Zone log.INFO: Credit warning SMS sent to customer 7neptune [] []
[2020-11-07 10:30:02] Credit Warning SMS Yellow Zone log.INFO: Sending credit warning SMS to customer 104Neptune [] []
[2020-11-07 10:30:02] Credit Warning SMS Yellow Zone log.INFO: Credit warning SMS sent to customer 104Neptune [] []
[2020-11-07 10:30:02] Credit Warning SMS Yellow Zone log.INFO: Sending credit warning SMS to customer 20neptune [] []
[2020-11-07 10:30:02] Credit Warning SMS Yellow Zone log.INFO: Credit warning SMS sent to customer 20neptune [] []
[2020-11-07 10:30:02] Credit Warning SMS Yellow Zone log.INFO: Sending credit warning SMS to customer 136Neptune [] []
[2020-11-07 10:30:02] Credit Warning SMS Yellow Zone log.INFO: Credit warning SMS sent to customer 136Neptune [] []
[2020-11-07 10:30:02] Credit Warning SMS Yellow Zone log.INFO: Sending credit warning SMS to customer 173neptune [] []
[2020-11-07 10:30:02] Credit Warning SMS Yellow Zone log.INFO: Credit warning SMS sent to customer 173neptune [] []
[2020-11-07 10:30:02] Credit Warning SMS Yellow Zone log.INFO: Sending credit warning SMS to customer 10Abbott [] []
[2020-11-07 10:30:02] Credit Warning SMS Yellow Zone log.INFO: Credit warning SMS sent to customer 10Abbott [] []
[2020-11-07 10:30:02] Credit Warning SMS Yellow Zone log.INFO: Sending credit warning SMS to customer 43Abbott [] []
[2020-11-07 10:30:02] Credit Warning SMS Yellow Zone log.INFO: Credit warning SMS sent to customer 43Abbott [] []
[2020-11-07 10:30:02] Credit Warning SMS Yellow Zone log.INFO: Sending credit warning SMS to customer 6Abbott [] []
[2020-11-07 10:30:02] Credit Warning SMS Yellow Zone log.INFO: Credit warning SMS sent to customer 6Abbott [] []
[2020-11-07 10:30:02] Credit Warning SMS Yellow Zone log.INFO: Sending credit warning SMS to customer 68Abbott [] []
[2020-11-07 10:30:02] Credit Warning SMS Yellow Zone log.INFO: Credit warning SMS sent to customer 68Abbott [] []
[2020-11-07 10:30:02] Credit Warning SMS Yellow Zone log.INFO: Sending credit warning SMS to customer 69Abbott [] []
[2020-11-07 10:30:02] Credit Warning SMS Yellow Zone log.INFO: Credit warning SMS sent to customer 69Abbott [] []
[2020-11-07 10:30:02] Credit Warning SMS Yellow Zone log.INFO: Sending credit warning SMS to customer 91Abbott [] []
[2020-11-07 10:30:02] Credit Warning SMS Yellow Zone log.INFO: Credit warning SMS sent to customer 91Abbott [] []
[2020-11-07 10:30:02] Credit Warning SMS Yellow Zone log.INFO: Sending credit warning SMS to customer 71Abbott [] []
[2020-11-07 10:30:02] Credit Warning SMS Yellow Zone log.INFO: Credit warning SMS sent to customer 71Abbott [] []
[2020-11-07 10:30:02] Credit Warning SMS Yellow Zone log.INFO: Sending credit warning SMS to customer 105Abbott [] []
[2020-11-07 10:30:02] Credit Warning SMS Yellow Zone log.INFO: Credit warning SMS sent to customer 105Abbott [] []
[2020-11-07 10:30:02] Credit Warning SMS Yellow Zone log.INFO: Sending credit warning SMS to customer 98Abbott [] []
[2020-11-07 10:30:02] Credit Warning SMS Yellow Zone log.INFO: Credit warning SMS sent to customer 98Abbott [] []
[2020-11-07 10:30:02] Credit Warning SMS Yellow Zone log.INFO: Sending credit warning SMS to customer 150abbott [] []
[2020-11-07 10:30:02] Credit Warning SMS Yellow Zone log.INFO: Credit warning SMS sent to customer 150abbott [] []
[2020-11-07 10:30:02] Credit Warning SMS Yellow Zone log.INFO: Sending credit warning SMS to customer 164abbott [] []
[2020-11-07 10:30:02] Credit Warning SMS Yellow Zone log.INFO: Credit warning SMS sent to customer 164abbott [] []
[2020-11-07 10:30:02] Credit Warning SMS Yellow Zone log.INFO: Sending credit warning SMS to customer 155abbott [] []
[2020-11-07 10:30:02] Credit Warning SMS Yellow Zone log.INFO: Credit warning SMS sent to customer 155abbott [] []
[2020-11-07 10:30:02] Credit Warning SMS Yellow Zone log.INFO: Sending credit warning SMS to customer 181abbott [] []
[2020-11-07 10:30:02] Credit Warning SMS Yellow Zone log.INFO: Credit warning SMS sent to customer 181abbott [] []
[2020-11-07 10:30:02] Credit Warning SMS Yellow Zone log.INFO: Sending credit warning SMS to customer 135abbott [] []
[2020-11-07 10:30:02] Credit Warning SMS Yellow Zone log.INFO: Credit warning SMS sent to customer 135abbott [] []
[2020-11-07 10:30:02] Credit Warning SMS Yellow Zone log.INFO: Sending credit warning SMS to customer 189abbott [] []
[2020-11-07 10:30:03] Credit Warning SMS Yellow Zone log.INFO: Credit warning SMS sent to customer 189abbott [] []
[2020-11-07 10:30:03] Credit Warning SMS Yellow Zone log.INFO: Sending credit warning SMS to customer 23leona [] []
[2020-11-07 10:30:03] Credit Warning SMS Yellow Zone log.INFO: Credit warning SMS sent to customer 23leona [] []
[2020-11-07 10:30:03] Credit Warning SMS Yellow Zone log.INFO: Sending credit warning SMS to customer 144leona [] []
[2020-11-07 10:30:03] Credit Warning SMS Yellow Zone log.INFO: Credit warning SMS sent to customer 144leona [] []
[2020-11-07 10:30:03] Credit Warning SMS Yellow Zone log.INFO: Sending credit warning SMS to customer 58leona [] []
[2020-11-07 10:30:03] Credit Warning SMS Yellow Zone log.INFO: Credit warning SMS sent to customer 58leona [] []
[2020-11-07 10:30:03] Credit Warning SMS Yellow Zone log.INFO: Sending credit warning SMS to customer 118leona [] []
[2020-11-07 10:30:03] Credit Warning SMS Yellow Zone log.INFO: Credit warning SMS sent to customer 118leona [] []
[2020-11-07 10:30:03] Credit Warning SMS Yellow Zone log.INFO: Sending credit warning SMS to customer 119leona [] []
[2020-11-07 10:30:03] Credit Warning SMS Yellow Zone log.INFO: Credit warning SMS sent to customer 119leona [] []
[2020-11-07 10:30:03] Credit Warning SMS Yellow Zone log.INFO: Sending credit warning SMS to customer 153charlotte [] []
[2020-11-07 10:30:03] Credit Warning SMS Yellow Zone log.INFO: Credit warning SMS sent to customer 153charlotte [] []
[2020-11-07 10:30:03] Credit Warning SMS Yellow Zone log.INFO: Sending credit warning SMS to customer 104charlotte [] []
[2020-11-07 10:30:03] Credit Warning SMS Yellow Zone log.INFO: Credit warning SMS sent to customer 104charlotte [] []
[2020-11-07 10:30:03] Credit Warning SMS Yellow Zone log.INFO: Sending credit warning SMS to customer 103charlotte [] []
[2020-11-07 10:30:03] Credit Warning SMS Yellow Zone log.INFO: Credit warning SMS sent to customer 103charlotte [] []
[2020-11-07 10:30:03] Credit Warning SMS Yellow Zone log.INFO: Sending credit warning SMS to customer 117charlotte [] []
[2020-11-07 10:30:03] Credit Warning SMS Yellow Zone log.INFO: Credit warning SMS sent to customer 117charlotte [] []
[2020-11-07 10:30:03] Credit Warning SMS Yellow Zone log.INFO: Sending credit warning SMS to customer 100charlotte [] []
[2020-11-07 10:30:03] Credit Warning SMS Yellow Zone log.INFO: Credit warning SMS sent to customer 100charlotte [] []
[2020-11-07 10:30:03] Credit Warning SMS Yellow Zone log.INFO: Sending credit warning SMS to customer 109charlotte [] []
[2020-11-07 10:30:03] Credit Warning SMS Yellow Zone log.INFO: Credit warning SMS sent to customer 109charlotte [] []
[2020-11-07 10:30:03] Credit Warning SMS Yellow Zone log.INFO: Sending credit warning SMS to customer 115charlotte [] []
[2020-11-07 10:30:03] Credit Warning SMS Yellow Zone log.INFO: Credit warning SMS sent to customer 115charlotte [] []
[2020-11-07 10:30:03] Credit Warning SMS Yellow Zone log.INFO: Sending credit warning SMS to customer 27charlotte [] []
[2020-11-07 10:30:03] Credit Warning SMS Yellow Zone log.INFO: Credit warning SMS sent to customer 27charlotte [] []
[2020-11-07 10:30:03] Credit Warning SMS Yellow Zone log.INFO: Sending credit warning SMS to customer 18bridgefield [] []
[2020-11-07 10:30:03] Credit Warning SMS Yellow Zone log.INFO: Credit warning SMS sent to customer 18bridgefield [] []
[2020-11-07 10:30:03] Credit Warning SMS Yellow Zone log.INFO: Sending credit warning SMS to customer 14bridgefield [] []
[2020-11-07 10:30:03] Credit Warning SMS Yellow Zone log.INFO: Credit warning SMS sent to customer 14bridgefield [] []
[2020-11-07 10:30:03] Credit Warning SMS Yellow Zone log.INFO: Sending credit warning SMS to customer 16bridgefield [] []
[2020-11-07 10:30:03] Credit Warning SMS Yellow Zone log.INFO: Credit warning SMS sent to customer 16bridgefield [] []
[2020-11-07 10:30:03] Credit Warning SMS Yellow Zone log.INFO: Sending credit warning SMS to customer 40bridgefield [] []
[2020-11-07 10:30:03] Credit Warning SMS Yellow Zone log.INFO: Credit warning SMS sent to customer 40bridgefield [] []
[2020-11-07 10:30:03] Credit Warning SMS Yellow Zone log.INFO: Sending credit warning SMS to customer 61bridgefield [] []
[2020-11-07 10:30:03] Credit Warning SMS Yellow Zone log.INFO: Credit warning SMS sent to customer 61bridgefield [] []
[2020-11-07 10:30:03] Credit Warning SMS Yellow Zone log.INFO: Sending credit warning SMS to customer 118bridgefield [] []
[2020-11-07 10:30:03] Credit Warning SMS Yellow Zone log.INFO: Credit warning SMS sent to customer 118bridgefield [] []
[2020-11-07 10:30:03] Credit Warning SMS Yellow Zone log.INFO: Sending credit warning SMS to customer 125bridgefield [] []
[2020-11-07 10:30:03] Credit Warning SMS Yellow Zone log.INFO: Credit warning SMS sent to customer 125bridgefield [] []
[2020-11-07 10:30:03] Credit Warning SMS Yellow Zone log.INFO: Sending credit warning SMS to customer 196bridgefield [] []
[2020-11-07 10:30:03] Credit Warning SMS Yellow Zone log.INFO: Credit warning SMS sent to customer 196bridgefield [] []
[2020-11-07 10:30:03] Credit Warning SMS Yellow Zone log.INFO: Sending credit warning SMS to customer 145bridgefield [] []
[2020-11-07 10:30:03] Credit Warning SMS Yellow Zone log.INFO: Credit warning SMS sent to customer 145bridgefield [] []
[2020-11-07 10:30:03] Credit Warning SMS Yellow Zone log.INFO: Sending credit warning SMS to customer 168bridgefield [] []
[2020-11-07 10:30:03] Credit Warning SMS Yellow Zone log.INFO: Credit warning SMS sent to customer 168bridgefield [] []
[2020-11-07 10:30:03] Credit Warning SMS Yellow Zone log.INFO: Sending credit warning SMS to customer 77bridgefield [] []
[2020-11-07 10:30:03] Credit Warning SMS Yellow Zone log.INFO: Credit warning SMS sent to customer 77bridgefield [] []
[2020-11-07 10:30:03] Credit Warning SMS Yellow Zone log.INFO: Sending credit warning SMS to customer 26bridgefield [] []
[2020-11-07 10:30:03] Credit Warning SMS Yellow Zone log.INFO: Credit warning SMS sent to customer 26bridgefield [] []
[2020-11-07 10:30:03] Credit Warning SMS Yellow Zone log.INFO: Sending credit warning SMS to customer 169bridgefield [] []
[2020-11-07 10:30:03] Credit Warning SMS Yellow Zone log.INFO: Credit warning SMS sent to customer 169bridgefield [] []
[2020-11-07 10:30:03] Credit Warning SMS Yellow Zone log.INFO: Sending credit warning SMS to customer 111bridgefield [] []
[2020-11-07 10:30:04] Credit Warning SMS Yellow Zone log.INFO: Credit warning SMS sent to customer 111bridgefield [] []
[2020-11-07 10:30:04] Credit Warning SMS Yellow Zone log.INFO: Sending credit warning SMS to customer 16pappan [] []
[2020-11-07 10:30:04] Credit Warning SMS Yellow Zone log.INFO: Credit warning SMS sent to customer 16pappan [] []
[2020-11-07 10:30:04] Credit Warning SMS Yellow Zone log.INFO: Sending credit warning SMS to customer 6pappan [] []
[2020-11-07 10:30:04] Credit Warning SMS Yellow Zone log.INFO: Credit warning SMS sent to customer 6pappan [] []
[2020-11-07 10:30:04] Credit Warning SMS Yellow Zone log.INFO: Sending credit warning SMS to customer 122fairways [] []
[2020-11-07 10:30:04] Credit Warning SMS Yellow Zone log.INFO: Credit warning SMS sent to customer 122fairways [] []
[2020-11-07 10:30:04] Credit Warning SMS Yellow Zone log.INFO: Sending credit warning SMS to customer 118fairways [] []
[2020-11-07 10:30:04] Credit Warning SMS Yellow Zone log.INFO: Credit warning SMS sent to customer 118fairways [] []
[2020-11-07 10:30:04] Credit Warning SMS Yellow Zone log.INFO: Sending credit warning SMS to customer 143fairways [] []
[2020-11-07 10:30:04] Credit Warning SMS Yellow Zone log.INFO: Credit warning SMS sent to customer 143fairways [] []
[2020-11-07 10:30:04] Credit Warning SMS Yellow Zone log.INFO: Sending credit warning SMS to customer 54fairways [] []
[2020-11-07 10:30:04] Credit Warning SMS Yellow Zone log.INFO: Credit warning SMS sent to customer 54fairways [] []
[2020-11-07 10:30:04] Credit Warning SMS Yellow Zone log.INFO: Sending credit warning SMS to customer h16fairways [] []
[2020-11-07 10:30:04] Credit Warning SMS Yellow Zone log.INFO: Credit warning SMS sent to customer h16fairways [] []
[2020-11-07 10:30:04] Credit Warning SMS Yellow Zone log.INFO: Sending credit warning SMS to customer 73herberthill [] []
[2020-11-07 10:30:04] Credit Warning SMS Yellow Zone log.INFO: Credit warning SMS sent to customer 73herberthill [] []
[2020-11-07 10:30:04] Credit Warning SMS Yellow Zone log.INFO: Sending credit warning SMS to customer 27herberthill [] []
[2020-11-07 10:30:04] Credit Warning SMS Yellow Zone log.INFO: Credit warning SMS sent to customer 27herberthill [] []
[2020-11-07 10:30:04] Credit Warning SMS Yellow Zone log.INFO: Sending credit warning SMS to customer 59herberthill [] []
[2020-11-07 10:30:04] Credit Warning SMS Yellow Zone log.INFO: Credit warning SMS sent to customer 59herberthill [] []
[2020-11-07 10:30:04] Credit Warning SMS Yellow Zone log.INFO: Sending credit warning SMS to customer 83herberthill [] []
[2020-11-07 10:30:04] Credit Warning SMS Yellow Zone log.INFO: Credit warning SMS sent to customer 83herberthill [] []
[2020-11-07 10:30:04] Credit Warning SMS Yellow Zone log.INFO: Sending credit warning SMS to customer 37marina [] []
[2020-11-07 10:30:04] Credit Warning SMS Yellow Zone log.INFO: Credit warning SMS sent to customer 37marina [] []
[2020-11-07 10:30:04] Credit Warning SMS Yellow Zone log.INFO: Sending credit warning SMS to customer 91bracken [] []
[2020-11-07 10:30:04] Credit Warning SMS Yellow Zone log.INFO: Credit warning SMS sent to customer 91bracken [] []
[2020-11-07 10:30:04] Credit Warning SMS Yellow Zone log.INFO: Sending credit warning SMS to customer 92bracken [] []
[2020-11-07 10:30:04] Credit Warning SMS Yellow Zone log.INFO: Credit warning SMS sent to customer 92bracken [] []
[2020-11-07 10:30:04] Credit Warning SMS Yellow Zone log.INFO: Sent Credit warning SMS to 73 customers! [] []
