[2020-10-20 08:00:02] Credit Warning SMS Yellow Zone log.INFO: Sending credit warning SMS to customer 16garryknock [] []
[2020-10-20 08:00:02] Credit Warning SMS Yellow Zone log.INFO: Credit warning SMS sent to customer 16garryknock [] []
[2020-10-20 08:00:02] Credit Warning SMS Yellow Zone log.INFO: Sending credit warning SMS to customer 24garryknock [] []
[2020-10-20 08:00:02] Credit Warning SMS Yellow Zone log.INFO: Credit warning SMS sent to customer 24garryknock [] []
[2020-10-20 08:00:02] Credit Warning SMS Yellow Zone log.INFO: Sending credit warning SMS to customer 14brackenview [] []
[2020-10-20 08:00:02] Credit Warning SMS Yellow Zone log.INFO: Credit warning SMS sent to customer 14brackenview [] []
[2020-10-20 08:00:02] Credit Warning SMS Yellow Zone log.INFO: Sending credit warning SMS to customer 39Emerald [] []
[2020-10-20 08:00:02] Credit Warning SMS Yellow Zone log.INFO: Credit warning SMS sent to customer 39Emerald [] []
[2020-10-20 08:00:02] Credit Warning SMS Yellow Zone log.INFO: Sending credit warning SMS to customer 19Emerald [] []
[2020-10-20 08:00:02] Credit Warning SMS Yellow Zone log.INFO: Credit warning SMS sent to customer 19Emerald [] []
[2020-10-20 08:00:02] Credit Warning SMS Yellow Zone log.INFO: Sending credit warning SMS to customer 24Emerald [] []
[2020-10-20 08:00:02] Credit Warning SMS Yellow Zone log.INFO: Credit warning SMS sent to customer 24Emerald [] []
[2020-10-20 08:00:02] Credit Warning SMS Yellow Zone log.INFO: Sending credit warning SMS to customer 10Emerald [] []
[2020-10-20 08:00:02] Credit Warning SMS Yellow Zone log.INFO: Credit warning SMS sent to customer 10Emerald [] []
[2020-10-20 08:00:02] Credit Warning SMS Yellow Zone log.INFO: Sending credit warning SMS to customer 40Emerald [] []
[2020-10-20 08:00:02] Credit Warning SMS Yellow Zone log.INFO: Credit warning SMS sent to customer 40Emerald [] []
[2020-10-20 08:00:02] Credit Warning SMS Yellow Zone log.INFO: Sending credit warning SMS to customer 46Emerald [] []
[2020-10-20 08:00:02] Credit Warning SMS Yellow Zone log.INFO: Credit warning SMS sent to customer 46Emerald [] []
[2020-10-20 08:00:02] Credit Warning SMS Yellow Zone log.INFO: Sending credit warning SMS to customer 117Neptune [] []
[2020-10-20 08:00:02] Credit Warning SMS Yellow Zone log.INFO: Credit warning SMS sent to customer 117Neptune [] []
[2020-10-20 08:00:02] Credit Warning SMS Yellow Zone log.INFO: Sending credit warning SMS to customer 158Neptune [] []
[2020-10-20 08:00:02] Credit Warning SMS Yellow Zone log.INFO: Credit warning SMS sent to customer 158Neptune [] []
[2020-10-20 08:00:02] Credit Warning SMS Yellow Zone log.INFO: Sending credit warning SMS to customer 124Neptune [] []
[2020-10-20 08:00:02] Credit Warning SMS Yellow Zone log.INFO: Credit warning SMS sent to customer 124Neptune [] []
[2020-10-20 08:00:02] Credit Warning SMS Yellow Zone log.INFO: Sending credit warning SMS to customer 43neptune [] []
[2020-10-20 08:00:02] Credit Warning SMS Yellow Zone log.INFO: Credit warning SMS sent to customer 43neptune [] []
[2020-10-20 08:00:02] Credit Warning SMS Yellow Zone log.INFO: Sending credit warning SMS to customer 140Neptune [] []
[2020-10-20 08:00:02] Credit Warning SMS Yellow Zone log.INFO: Credit warning SMS sent to customer 140Neptune [] []
[2020-10-20 08:00:02] Credit Warning SMS Yellow Zone log.INFO: Sending credit warning SMS to customer 134Neptune [] []
[2020-10-20 08:00:02] Credit Warning SMS Yellow Zone log.INFO: Credit warning SMS sent to customer 134Neptune [] []
[2020-10-20 08:00:02] Credit Warning SMS Yellow Zone log.INFO: Sending credit warning SMS to customer 61Neptune [] []
[2020-10-20 08:00:02] Credit Warning SMS Yellow Zone log.INFO: Credit warning SMS sent to customer 61Neptune [] []
[2020-10-20 08:00:02] Credit Warning SMS Yellow Zone log.INFO: Sending credit warning SMS to customer 66Neptune [] []
[2020-10-20 08:00:02] Credit Warning SMS Yellow Zone log.INFO: Credit warning SMS sent to customer 66Neptune [] []
[2020-10-20 08:00:02] Credit Warning SMS Yellow Zone log.INFO: Sending credit warning SMS to customer 170neptune [] []
[2020-10-20 08:00:03] Credit Warning SMS Yellow Zone log.INFO: Credit warning SMS sent to customer 170neptune [] []
[2020-10-20 08:00:03] Credit Warning SMS Yellow Zone log.INFO: Sending credit warning SMS to customer 51Neptune [] []
[2020-10-20 08:00:03] Credit Warning SMS Yellow Zone log.INFO: Credit warning SMS sent to customer 51Neptune [] []
[2020-10-20 08:00:03] Credit Warning SMS Yellow Zone log.INFO: Sending credit warning SMS to customer 40neptune [] []
[2020-10-20 08:00:03] Credit Warning SMS Yellow Zone log.INFO: Credit warning SMS sent to customer 40neptune [] []
[2020-10-20 08:00:03] Credit Warning SMS Yellow Zone log.INFO: Sending credit warning SMS to customer 78Neptune [] []
[2020-10-20 08:00:03] Credit Warning SMS Yellow Zone log.INFO: Credit warning SMS sent to customer 78Neptune [] []
[2020-10-20 08:00:03] Credit Warning SMS Yellow Zone log.INFO: Sending credit warning SMS to customer 73Neptune [] []
[2020-10-20 08:00:03] Credit Warning SMS Yellow Zone log.INFO: Credit warning SMS sent to customer 73Neptune [] []
[2020-10-20 08:00:03] Credit Warning SMS Yellow Zone log.INFO: Sending credit warning SMS to customer 3Abbott [] []
[2020-10-20 08:00:03] Credit Warning SMS Yellow Zone log.INFO: Credit warning SMS sent to customer 3Abbott [] []
[2020-10-20 08:00:03] Credit Warning SMS Yellow Zone log.INFO: Sending credit warning SMS to customer 21Abbott [] []
[2020-10-20 08:00:03] Credit Warning SMS Yellow Zone log.INFO: Credit warning SMS sent to customer 21Abbott [] []
[2020-10-20 08:00:03] Credit Warning SMS Yellow Zone log.INFO: Sending credit warning SMS to customer 28Abbott [] []
[2020-10-20 08:00:03] Credit Warning SMS Yellow Zone log.INFO: Credit warning SMS sent to customer 28Abbott [] []
[2020-10-20 08:00:03] Credit Warning SMS Yellow Zone log.INFO: Sending credit warning SMS to customer 31Abbott [] []
[2020-10-20 08:00:03] Credit Warning SMS Yellow Zone log.INFO: Credit warning SMS sent to customer 31Abbott [] []
[2020-10-20 08:00:03] Credit Warning SMS Yellow Zone log.INFO: Sending credit warning SMS to customer 36Abbott [] []
[2020-10-20 08:00:03] Credit Warning SMS Yellow Zone log.INFO: Credit warning SMS sent to customer 36Abbott [] []
[2020-10-20 08:00:03] Credit Warning SMS Yellow Zone log.INFO: Sending credit warning SMS to customer 64Abbott [] []
[2020-10-20 08:00:03] Credit Warning SMS Yellow Zone log.INFO: Credit warning SMS sent to customer 64Abbott [] []
[2020-10-20 08:00:03] Credit Warning SMS Yellow Zone log.INFO: Sending credit warning SMS to customer 70Abbott [] []
[2020-10-20 08:00:03] Credit Warning SMS Yellow Zone log.INFO: Credit warning SMS sent to customer 70Abbott [] []
[2020-10-20 08:00:03] Credit Warning SMS Yellow Zone log.INFO: Sending credit warning SMS to customer 91Abbott [] []
[2020-10-20 08:00:03] Credit Warning SMS Yellow Zone log.INFO: Credit warning SMS sent to customer 91Abbott [] []
[2020-10-20 08:00:03] Credit Warning SMS Yellow Zone log.INFO: Sending credit warning SMS to customer 98Abbott [] []
[2020-10-20 08:00:03] Credit Warning SMS Yellow Zone log.INFO: Credit warning SMS sent to customer 98Abbott [] []
[2020-10-20 08:00:03] Credit Warning SMS Yellow Zone log.INFO: Sending credit warning SMS to customer 124Abbott [] []
[2020-10-20 08:00:03] Credit Warning SMS Yellow Zone log.INFO: Credit warning SMS sent to customer 124Abbott [] []
[2020-10-20 08:00:03] Credit Warning SMS Yellow Zone log.INFO: Sending credit warning SMS to customer 126abbott [] []
[2020-10-20 08:00:03] Credit Warning SMS Yellow Zone log.INFO: Credit warning SMS sent to customer 126abbott [] []
[2020-10-20 08:00:03] Credit Warning SMS Yellow Zone log.INFO: Sending credit warning SMS to customer 149abbott [] []
[2020-10-20 08:00:03] Credit Warning SMS Yellow Zone log.INFO: Credit warning SMS sent to customer 149abbott [] []
[2020-10-20 08:00:03] Credit Warning SMS Yellow Zone log.INFO: Sending credit warning SMS to customer 11GreenBank [] []
[2020-10-20 08:00:03] Credit Warning SMS Yellow Zone log.INFO: Credit warning SMS sent to customer 11GreenBank [] []
[2020-10-20 08:00:03] Credit Warning SMS Yellow Zone log.INFO: Sending credit warning SMS to customer 128abbott [] []
[2020-10-20 08:00:03] Credit Warning SMS Yellow Zone log.INFO: Credit warning SMS sent to customer 128abbott [] []
[2020-10-20 08:00:03] Credit Warning SMS Yellow Zone log.INFO: Sending credit warning SMS to customer 6eustace [] []
[2020-10-20 08:00:03] Credit Warning SMS Yellow Zone log.INFO: Credit warning SMS sent to customer 6eustace [] []
[2020-10-20 08:00:03] Credit Warning SMS Yellow Zone log.INFO: Sending credit warning SMS to customer 120leona [] []
[2020-10-20 08:00:03] Credit Warning SMS Yellow Zone log.INFO: Credit warning SMS sent to customer 120leona [] []
[2020-10-20 08:00:03] Credit Warning SMS Yellow Zone log.INFO: Sending credit warning SMS to customer 97leona [] []
[2020-10-20 08:00:03] Credit Warning SMS Yellow Zone log.INFO: Credit warning SMS sent to customer 97leona [] []
[2020-10-20 08:00:03] Credit Warning SMS Yellow Zone log.INFO: Sending credit warning SMS to customer 52leona [] []
[2020-10-20 08:00:04] Credit Warning SMS Yellow Zone log.INFO: Credit warning SMS sent to customer 52leona [] []
[2020-10-20 08:00:04] Credit Warning SMS Yellow Zone log.INFO: Sending credit warning SMS to customer 144leona [] []
[2020-10-20 08:00:04] Credit Warning SMS Yellow Zone log.INFO: Credit warning SMS sent to customer 144leona [] []
[2020-10-20 08:00:04] Credit Warning SMS Yellow Zone log.INFO: Sending credit warning SMS to customer 58leona [] []
[2020-10-20 08:00:04] Credit Warning SMS Yellow Zone log.INFO: Credit warning SMS sent to customer 58leona [] []
[2020-10-20 08:00:04] Credit Warning SMS Yellow Zone log.INFO: Sending credit warning SMS to customer 153charlotte [] []
[2020-10-20 08:00:04] Credit Warning SMS Yellow Zone log.INFO: Credit warning SMS sent to customer 153charlotte [] []
[2020-10-20 08:00:04] Credit Warning SMS Yellow Zone log.INFO: Sending credit warning SMS to customer 117charlotte [] []
[2020-10-20 08:00:04] Credit Warning SMS Yellow Zone log.INFO: Credit warning SMS sent to customer 117charlotte [] []
[2020-10-20 08:00:04] Credit Warning SMS Yellow Zone log.INFO: Sending credit warning SMS to customer 125charlotte [] []
[2020-10-20 08:00:04] Credit Warning SMS Yellow Zone log.INFO: Credit warning SMS sent to customer 125charlotte [] []
[2020-10-20 08:00:04] Credit Warning SMS Yellow Zone log.INFO: Sending credit warning SMS to customer 27charlotte [] []
[2020-10-20 08:00:04] Credit Warning SMS Yellow Zone log.INFO: Credit warning SMS sent to customer 27charlotte [] []
[2020-10-20 08:00:04] Credit Warning SMS Yellow Zone log.INFO: Sending credit warning SMS to customer 71bridgefield [] []
[2020-10-20 08:00:04] Credit Warning SMS Yellow Zone log.INFO: Credit warning SMS sent to customer 71bridgefield [] []
[2020-10-20 08:00:04] Credit Warning SMS Yellow Zone log.INFO: Sending credit warning SMS to customer 72bridgefield [] []
[2020-10-20 08:00:04] Credit Warning SMS Yellow Zone log.INFO: Credit warning SMS sent to customer 72bridgefield [] []
[2020-10-20 08:00:04] Credit Warning SMS Yellow Zone log.INFO: Sending credit warning SMS to customer 185bridgefield [] []
[2020-10-20 08:00:04] Credit Warning SMS Yellow Zone log.INFO: Credit warning SMS sent to customer 185bridgefield [] []
[2020-10-20 08:00:04] Credit Warning SMS Yellow Zone log.INFO: Sending credit warning SMS to customer 188bridgefield [] []
[2020-10-20 08:00:04] Credit Warning SMS Yellow Zone log.INFO: Credit warning SMS sent to customer 188bridgefield [] []
[2020-10-20 08:00:04] Credit Warning SMS Yellow Zone log.INFO: Sending credit warning SMS to customer 155bridgefield [] []
[2020-10-20 08:00:04] Credit Warning SMS Yellow Zone log.INFO: Credit warning SMS sent to customer 155bridgefield [] []
[2020-10-20 08:00:04] Credit Warning SMS Yellow Zone log.INFO: Sending credit warning SMS to customer 107bridgefield [] []
[2020-10-20 08:00:04] Credit Warning SMS Yellow Zone log.INFO: Credit warning SMS sent to customer 107bridgefield [] []
[2020-10-20 08:00:04] Credit Warning SMS Yellow Zone log.INFO: Sending credit warning SMS to customer 140bridgefield [] []
[2020-10-20 08:00:04] Credit Warning SMS Yellow Zone log.INFO: Credit warning SMS sent to customer 140bridgefield [] []
[2020-10-20 08:00:04] Credit Warning SMS Yellow Zone log.INFO: Sending credit warning SMS to customer 171bridgefield [] []
[2020-10-20 08:00:04] Credit Warning SMS Yellow Zone log.INFO: Credit warning SMS sent to customer 171bridgefield [] []
[2020-10-20 08:00:04] Credit Warning SMS Yellow Zone log.INFO: Sending credit warning SMS to customer 5pappan [] []
[2020-10-20 08:00:04] Credit Warning SMS Yellow Zone log.INFO: Credit warning SMS sent to customer 5pappan [] []
[2020-10-20 08:00:04] Credit Warning SMS Yellow Zone log.INFO: Sending credit warning SMS to customer 16pappan [] []
[2020-10-20 08:00:04] Credit Warning SMS Yellow Zone log.INFO: Credit warning SMS sent to customer 16pappan [] []
[2020-10-20 08:00:04] Credit Warning SMS Yellow Zone log.INFO: Sending credit warning SMS to customer 3pappan [] []
[2020-10-20 08:00:04] Credit Warning SMS Yellow Zone log.INFO: Credit warning SMS sent to customer 3pappan [] []
[2020-10-20 08:00:04] Credit Warning SMS Yellow Zone log.INFO: Sending credit warning SMS to customer 84fairways [] []
[2020-10-20 08:00:04] Credit Warning SMS Yellow Zone log.INFO: Credit warning SMS sent to customer 84fairways [] []
[2020-10-20 08:00:04] Credit Warning SMS Yellow Zone log.INFO: Sending credit warning SMS to customer 103fairways [] []
[2020-10-20 08:00:04] Credit Warning SMS Yellow Zone log.INFO: Credit warning SMS sent to customer 103fairways [] []
[2020-10-20 08:00:04] Credit Warning SMS Yellow Zone log.INFO: Sending credit warning SMS to customer 118fairways [] []
[2020-10-20 08:00:04] Credit Warning SMS Yellow Zone log.INFO: Credit warning SMS sent to customer 118fairways [] []
[2020-10-20 08:00:04] Credit Warning SMS Yellow Zone log.INFO: Sending credit warning SMS to customer 149fairways [] []
[2020-10-20 08:00:04] Credit Warning SMS Yellow Zone log.INFO: Credit warning SMS sent to customer 149fairways [] []
[2020-10-20 08:00:04] Credit Warning SMS Yellow Zone log.INFO: Sending credit warning SMS to customer 143fairways [] []
[2020-10-20 08:00:04] Credit Warning SMS Yellow Zone log.INFO: Credit warning SMS sent to customer 143fairways [] []
[2020-10-20 08:00:04] Credit Warning SMS Yellow Zone log.INFO: Sending credit warning SMS to customer h19fairways [] []
[2020-10-20 08:00:04] Credit Warning SMS Yellow Zone log.INFO: Credit warning SMS sent to customer h19fairways [] []
[2020-10-20 08:00:04] Credit Warning SMS Yellow Zone log.INFO: Sending credit warning SMS to customer h13fairways [] []
[2020-10-20 08:00:04] Credit Warning SMS Yellow Zone log.INFO: Credit warning SMS sent to customer h13fairways [] []
[2020-10-20 08:00:04] Credit Warning SMS Yellow Zone log.INFO: Sending credit warning SMS to customer h25fairways [] []
[2020-10-20 08:00:05] Credit Warning SMS Yellow Zone log.INFO: Credit warning SMS sent to customer h25fairways [] []
[2020-10-20 08:00:05] Credit Warning SMS Yellow Zone log.INFO: Sending credit warning SMS to customer h29fairways [] []
[2020-10-20 08:00:05] Credit Warning SMS Yellow Zone log.INFO: Credit warning SMS sent to customer h29fairways [] []
[2020-10-20 08:00:05] Credit Warning SMS Yellow Zone log.INFO: Sending credit warning SMS to customer 63herberthill [] []
[2020-10-20 08:00:05] Credit Warning SMS Yellow Zone log.INFO: Credit warning SMS sent to customer 63herberthill [] []
[2020-10-20 08:00:05] Credit Warning SMS Yellow Zone log.INFO: Sending credit warning SMS to customer 87herberthill [] []
[2020-10-20 08:00:05] Credit Warning SMS Yellow Zone log.INFO: Credit warning SMS sent to customer 87herberthill [] []
[2020-10-20 08:00:05] Credit Warning SMS Yellow Zone log.INFO: Sending credit warning SMS to customer 7herberthill [] []
[2020-10-20 08:00:05] Credit Warning SMS Yellow Zone log.INFO: Credit warning SMS sent to customer 7herberthill [] []
[2020-10-20 08:00:05] Credit Warning SMS Yellow Zone log.INFO: Sending credit warning SMS to customer 27herberthill [] []
[2020-10-20 08:00:05] Credit Warning SMS Yellow Zone log.INFO: Credit warning SMS sent to customer 27herberthill [] []
[2020-10-20 08:00:05] Credit Warning SMS Yellow Zone log.INFO: Sending credit warning SMS to customer 79herberthill [] []
[2020-10-20 08:00:05] Credit Warning SMS Yellow Zone log.INFO: Credit warning SMS sent to customer 79herberthill [] []
[2020-10-20 08:00:05] Credit Warning SMS Yellow Zone log.INFO: Sending credit warning SMS to customer 83herberthill [] []
[2020-10-20 08:00:05] Credit Warning SMS Yellow Zone log.INFO: Credit warning SMS sent to customer 83herberthill [] []
[2020-10-20 08:00:05] Credit Warning SMS Yellow Zone log.INFO: Sending credit warning SMS to customer 58herberthill [] []
[2020-10-20 08:00:05] Credit Warning SMS Yellow Zone log.INFO: Credit warning SMS sent to customer 58herberthill [] []
[2020-10-20 08:00:05] Credit Warning SMS Yellow Zone log.INFO: Sending credit warning SMS to customer 5herberthill [] []
[2020-10-20 08:00:05] Credit Warning SMS Yellow Zone log.INFO: Credit warning SMS sent to customer 5herberthill [] []
[2020-10-20 08:00:05] Credit Warning SMS Yellow Zone log.INFO: Sending credit warning SMS to customer 61herberthill [] []
[2020-10-20 08:00:05] Credit Warning SMS Yellow Zone log.INFO: Credit warning SMS sent to customer 61herberthill [] []
[2020-10-20 08:00:05] Credit Warning SMS Yellow Zone log.INFO: Sent Credit warning SMS to 75 customers! [] []
