[2020-02-12 08:00:02] Credit Warning SMS Yellow Zone log.INFO: Sending credit warning SMS to customer 22brackenview [] []
[2020-02-12 08:00:02] Credit Warning SMS Yellow Zone log.INFO: Credit warning SMS sent to customer 22brackenview [] []
[2020-02-12 08:00:02] Credit Warning SMS Yellow Zone log.INFO: Sending credit warning SMS to customer 15sundayswell [] []
[2020-02-12 08:00:02] Credit Warning SMS Yellow Zone log.INFO: Credit warning SMS sent to customer 15sundayswell [] []
[2020-02-12 08:00:02] Credit Warning SMS Yellow Zone log.INFO: Sending credit warning SMS to customer 19garryknock [] []
[2020-02-12 08:00:02] Credit Warning SMS Yellow Zone log.INFO: Credit warning SMS sent to customer 19garryknock [] []
[2020-02-12 08:00:02] Credit Warning SMS Yellow Zone log.INFO: Sending credit warning SMS to customer 17garryknock [] []
[2020-02-12 08:00:02] Credit Warning SMS Yellow Zone log.INFO: Credit warning SMS sent to customer 17garryknock [] []
[2020-02-12 08:00:02] Credit Warning SMS Yellow Zone log.INFO: Sending credit warning SMS to customer 6Emerald [] []
[2020-02-12 08:00:02] Credit Warning SMS Yellow Zone log.INFO: Credit warning SMS sent to customer 6Emerald [] []
[2020-02-12 08:00:02] Credit Warning SMS Yellow Zone log.INFO: Sending credit warning SMS to customer 16neptune [] []
[2020-02-12 08:00:02] Credit Warning SMS Yellow Zone log.INFO: Credit warning SMS sent to customer 16neptune [] []
[2020-02-12 08:00:02] Credit Warning SMS Yellow Zone log.INFO: Sending credit warning SMS to customer 17neptune [] []
[2020-02-12 08:00:02] Credit Warning SMS Yellow Zone log.INFO: Credit warning SMS sent to customer 17neptune [] []
[2020-02-12 08:00:02] Credit Warning SMS Yellow Zone log.INFO: Sending credit warning SMS to customer 177neptune [] []
[2020-02-12 08:00:02] Credit Warning SMS Yellow Zone log.INFO: Credit warning SMS sent to customer 177neptune [] []
[2020-02-12 08:00:02] Credit Warning SMS Yellow Zone log.INFO: Sending credit warning SMS to customer 26neptune [] []
[2020-02-12 08:00:02] Credit Warning SMS Yellow Zone log.INFO: Credit warning SMS sent to customer 26neptune [] []
[2020-02-12 08:00:02] Credit Warning SMS Yellow Zone log.INFO: Sending credit warning SMS to customer 101Neptune [] []
[2020-02-12 08:00:02] Credit Warning SMS Yellow Zone log.INFO: Credit warning SMS sent to customer 101Neptune [] []
[2020-02-12 08:00:02] Credit Warning SMS Yellow Zone log.INFO: Sending credit warning SMS to customer 97Neptune [] []
[2020-02-12 08:00:02] Credit Warning SMS Yellow Zone log.INFO: Credit warning SMS sent to customer 97Neptune [] []
[2020-02-12 08:00:02] Credit Warning SMS Yellow Zone log.INFO: Sending credit warning SMS to customer 159Neptune [] []
[2020-02-12 08:00:02] Credit Warning SMS Yellow Zone log.INFO: Credit warning SMS sent to customer 159Neptune [] []
[2020-02-12 08:00:02] Credit Warning SMS Yellow Zone log.INFO: Sending credit warning SMS to customer 123Neptune [] []
[2020-02-12 08:00:02] Credit Warning SMS Yellow Zone log.INFO: Credit warning SMS sent to customer 123Neptune [] []
[2020-02-12 08:00:02] Credit Warning SMS Yellow Zone log.INFO: Sending credit warning SMS to customer 72neptune [] []
[2020-02-12 08:00:02] Credit Warning SMS Yellow Zone log.INFO: Credit warning SMS sent to customer 72neptune [] []
[2020-02-12 08:00:02] Credit Warning SMS Yellow Zone log.INFO: Sending credit warning SMS to customer 140Neptune [] []
[2020-02-12 08:00:02] Credit Warning SMS Yellow Zone log.INFO: Credit warning SMS sent to customer 140Neptune [] []
[2020-02-12 08:00:02] Credit Warning SMS Yellow Zone log.INFO: Sending credit warning SMS to customer 107Neptune [] []
[2020-02-12 08:00:02] Credit Warning SMS Yellow Zone log.INFO: Credit warning SMS sent to customer 107Neptune [] []
[2020-02-12 08:00:02] Credit Warning SMS Yellow Zone log.INFO: Sending credit warning SMS to customer 183neptune [] []
[2020-02-12 08:00:02] Credit Warning SMS Yellow Zone log.INFO: Credit warning SMS sent to customer 183neptune [] []
[2020-02-12 08:00:02] Credit Warning SMS Yellow Zone log.INFO: Sending credit warning SMS to customer 134Neptune [] []
[2020-02-12 08:00:03] Credit Warning SMS Yellow Zone log.INFO: Credit warning SMS sent to customer 134Neptune [] []
[2020-02-12 08:00:03] Credit Warning SMS Yellow Zone log.INFO: Sending credit warning SMS to customer 104Neptune [] []
[2020-02-12 08:00:03] Credit Warning SMS Yellow Zone log.INFO: Credit warning SMS sent to customer 104Neptune [] []
[2020-02-12 08:00:03] Credit Warning SMS Yellow Zone log.INFO: Sending credit warning SMS to customer 105Neptune [] []
[2020-02-12 08:00:03] Credit Warning SMS Yellow Zone log.INFO: Credit warning SMS sent to customer 105Neptune [] []
[2020-02-12 08:00:03] Credit Warning SMS Yellow Zone log.INFO: Sending credit warning SMS to customer 20neptune [] []
[2020-02-12 08:00:03] Credit Warning SMS Yellow Zone log.INFO: Credit warning SMS sent to customer 20neptune [] []
[2020-02-12 08:00:03] Credit Warning SMS Yellow Zone log.INFO: Sending credit warning SMS to customer 13neptune [] []
[2020-02-12 08:00:03] Credit Warning SMS Yellow Zone log.INFO: Credit warning SMS sent to customer 13neptune [] []
[2020-02-12 08:00:03] Credit Warning SMS Yellow Zone log.INFO: Sending credit warning SMS to customer 87Neptune [] []
[2020-02-12 08:00:03] Credit Warning SMS Yellow Zone log.INFO: Credit warning SMS sent to customer 87Neptune [] []
[2020-02-12 08:00:03] Credit Warning SMS Yellow Zone log.INFO: Sending credit warning SMS to customer 41neptune [] []
[2020-02-12 08:00:03] Credit Warning SMS Yellow Zone log.INFO: Credit warning SMS sent to customer 41neptune [] []
[2020-02-12 08:00:03] Credit Warning SMS Yellow Zone log.INFO: Sending credit warning SMS to customer 38neptune [] []
[2020-02-12 08:00:03] Credit Warning SMS Yellow Zone log.INFO: Credit warning SMS sent to customer 38neptune [] []
[2020-02-12 08:00:03] Credit Warning SMS Yellow Zone log.INFO: Sending credit warning SMS to customer 1Abbott [] []
[2020-02-12 08:00:03] Credit Warning SMS Yellow Zone log.INFO: Credit warning SMS sent to customer 1Abbott [] []
[2020-02-12 08:00:03] Credit Warning SMS Yellow Zone log.INFO: Sending credit warning SMS to customer 3Abbott [] []
[2020-02-12 08:00:03] Credit Warning SMS Yellow Zone log.INFO: Credit warning SMS sent to customer 3Abbott [] []
[2020-02-12 08:00:03] Credit Warning SMS Yellow Zone log.INFO: Sending credit warning SMS to customer 10Abbott [] []
[2020-02-12 08:00:03] Credit Warning SMS Yellow Zone log.INFO: Credit warning SMS sent to customer 10Abbott [] []
[2020-02-12 08:00:03] Credit Warning SMS Yellow Zone log.INFO: Sending credit warning SMS to customer 21Abbott [] []
[2020-02-12 08:00:03] Credit Warning SMS Yellow Zone log.INFO: Credit warning SMS sent to customer 21Abbott [] []
[2020-02-12 08:00:03] Credit Warning SMS Yellow Zone log.INFO: Sending credit warning SMS to customer 28Abbott [] []
[2020-02-12 08:00:03] Credit Warning SMS Yellow Zone log.INFO: Credit warning SMS sent to customer 28Abbott [] []
[2020-02-12 08:00:03] Credit Warning SMS Yellow Zone log.INFO: Sending credit warning SMS to customer 37Abbott [] []
[2020-02-12 08:00:03] Credit Warning SMS Yellow Zone log.INFO: Credit warning SMS sent to customer 37Abbott [] []
[2020-02-12 08:00:03] Credit Warning SMS Yellow Zone log.INFO: Sending credit warning SMS to customer 40Abbott [] []
[2020-02-12 08:00:03] Credit Warning SMS Yellow Zone log.INFO: Credit warning SMS sent to customer 40Abbott [] []
[2020-02-12 08:00:03] Credit Warning SMS Yellow Zone log.INFO: Sending credit warning SMS to customer 13Abbott [] []
[2020-02-12 08:00:03] Credit Warning SMS Yellow Zone log.INFO: Credit warning SMS sent to customer 13Abbott [] []
[2020-02-12 08:00:03] Credit Warning SMS Yellow Zone log.INFO: Sending credit warning SMS to customer 74Abbott [] []
[2020-02-12 08:00:03] Credit Warning SMS Yellow Zone log.INFO: Credit warning SMS sent to customer 74Abbott [] []
[2020-02-12 08:00:03] Credit Warning SMS Yellow Zone log.INFO: Sending credit warning SMS to customer 89Abbott [] []
[2020-02-12 08:00:03] Credit Warning SMS Yellow Zone log.INFO: Credit warning SMS sent to customer 89Abbott [] []
[2020-02-12 08:00:03] Credit Warning SMS Yellow Zone log.INFO: Sending credit warning SMS to customer 82Abbott [] []
[2020-02-12 08:00:03] Credit Warning SMS Yellow Zone log.INFO: Credit warning SMS sent to customer 82Abbott [] []
[2020-02-12 08:00:03] Credit Warning SMS Yellow Zone log.INFO: Sending credit warning SMS to customer 44Abbott [] []
[2020-02-12 08:00:03] Credit Warning SMS Yellow Zone log.INFO: Credit warning SMS sent to customer 44Abbott [] []
[2020-02-12 08:00:03] Credit Warning SMS Yellow Zone log.INFO: Sending credit warning SMS to customer 61Abbott [] []
[2020-02-12 08:00:03] Credit Warning SMS Yellow Zone log.INFO: Credit warning SMS sent to customer 61Abbott [] []
[2020-02-12 08:00:03] Credit Warning SMS Yellow Zone log.INFO: Sending credit warning SMS to customer 91Abbott [] []
[2020-02-12 08:00:03] Credit Warning SMS Yellow Zone log.INFO: Credit warning SMS sent to customer 91Abbott [] []
[2020-02-12 08:00:03] Credit Warning SMS Yellow Zone log.INFO: Sending credit warning SMS to customer 65Abbott [] []
[2020-02-12 08:00:03] Credit Warning SMS Yellow Zone log.INFO: Credit warning SMS sent to customer 65Abbott [] []
[2020-02-12 08:00:03] Credit Warning SMS Yellow Zone log.INFO: Sending credit warning SMS to customer 71Abbott [] []
[2020-02-12 08:00:03] Credit Warning SMS Yellow Zone log.INFO: Credit warning SMS sent to customer 71Abbott [] []
[2020-02-12 08:00:03] Credit Warning SMS Yellow Zone log.INFO: Sending credit warning SMS to customer 100Abbott [] []
[2020-02-12 08:00:03] Credit Warning SMS Yellow Zone log.INFO: Credit warning SMS sent to customer 100Abbott [] []
[2020-02-12 08:00:03] Credit Warning SMS Yellow Zone log.INFO: Sending credit warning SMS to customer 105Abbott [] []
[2020-02-12 08:00:03] Credit Warning SMS Yellow Zone log.INFO: Credit warning SMS sent to customer 105Abbott [] []
[2020-02-12 08:00:03] Credit Warning SMS Yellow Zone log.INFO: Sending credit warning SMS to customer 108Abbott [] []
[2020-02-12 08:00:03] Credit Warning SMS Yellow Zone log.INFO: Credit warning SMS sent to customer 108Abbott [] []
[2020-02-12 08:00:03] Credit Warning SMS Yellow Zone log.INFO: Sending credit warning SMS to customer 111Abbott [] []
[2020-02-12 08:00:03] Credit Warning SMS Yellow Zone log.INFO: Credit warning SMS sent to customer 111Abbott [] []
[2020-02-12 08:00:03] Credit Warning SMS Yellow Zone log.INFO: Sending credit warning SMS to customer 119Abbott [] []
[2020-02-12 08:00:03] Credit Warning SMS Yellow Zone log.INFO: Credit warning SMS sent to customer 119Abbott [] []
[2020-02-12 08:00:03] Credit Warning SMS Yellow Zone log.INFO: Sending credit warning SMS to customer 98Abbott [] []
[2020-02-12 08:00:04] Credit Warning SMS Yellow Zone log.INFO: Credit warning SMS sent to customer 98Abbott [] []
[2020-02-12 08:00:04] Credit Warning SMS Yellow Zone log.INFO: Sending credit warning SMS to customer 81Abbott [] []
[2020-02-12 08:00:04] Credit Warning SMS Yellow Zone log.INFO: Credit warning SMS sent to customer 81Abbott [] []
[2020-02-12 08:00:04] Credit Warning SMS Yellow Zone log.INFO: Sending credit warning SMS to customer 136abbott [] []
[2020-02-12 08:00:04] Credit Warning SMS Yellow Zone log.INFO: Credit warning SMS sent to customer 136abbott [] []
[2020-02-12 08:00:04] Credit Warning SMS Yellow Zone log.INFO: Sending credit warning SMS to customer 191abbott [] []
[2020-02-12 08:00:04] Credit Warning SMS Yellow Zone log.INFO: Credit warning SMS sent to customer 191abbott [] []
[2020-02-12 08:00:04] Credit Warning SMS Yellow Zone log.INFO: Sending credit warning SMS to customer 127abbott [] []
[2020-02-12 08:00:04] Credit Warning SMS Yellow Zone log.INFO: Credit warning SMS sent to customer 127abbott [] []
[2020-02-12 08:00:04] Credit Warning SMS Yellow Zone log.INFO: Sending credit warning SMS to customer 173abbott [] []
[2020-02-12 08:00:04] Credit Warning SMS Yellow Zone log.INFO: Credit warning SMS sent to customer 173abbott [] []
[2020-02-12 08:00:04] Credit Warning SMS Yellow Zone log.INFO: Sending credit warning SMS to customer 184abbott [] []
[2020-02-12 08:00:04] Credit Warning SMS Yellow Zone log.INFO: Credit warning SMS sent to customer 184abbott [] []
[2020-02-12 08:00:04] Credit Warning SMS Yellow Zone log.INFO: Sending credit warning SMS to customer 132abbott [] []
[2020-02-12 08:00:04] Credit Warning SMS Yellow Zone log.INFO: Credit warning SMS sent to customer 132abbott [] []
[2020-02-12 08:00:04] Credit Warning SMS Yellow Zone log.INFO: Sending credit warning SMS to customer 14GreenBank [] []
[2020-02-12 08:00:04] Credit Warning SMS Yellow Zone log.INFO: Credit warning SMS sent to customer 14GreenBank [] []
[2020-02-12 08:00:04] Credit Warning SMS Yellow Zone log.INFO: Sending credit warning SMS to customer 25GreenBank [] []
[2020-02-12 08:00:04] Credit Warning SMS Yellow Zone log.INFO: Credit warning SMS sent to customer 25GreenBank [] []
[2020-02-12 08:00:04] Credit Warning SMS Yellow Zone log.INFO: Sending credit warning SMS to customer 87eustace [] []
[2020-02-12 08:00:04] Credit Warning SMS Yellow Zone log.INFO: Credit warning SMS sent to customer 87eustace [] []
[2020-02-12 08:00:04] Credit Warning SMS Yellow Zone log.INFO: Sending credit warning SMS to customer 2eustace [] []
[2020-02-12 08:00:04] Credit Warning SMS Yellow Zone log.INFO: Credit warning SMS sent to customer 2eustace [] []
[2020-02-12 08:00:04] Credit Warning SMS Yellow Zone log.INFO: Sending credit warning SMS to customer 85eustace [] []
[2020-02-12 08:00:04] Credit Warning SMS Yellow Zone log.INFO: Credit warning SMS sent to customer 85eustace [] []
[2020-02-12 08:00:04] Credit Warning SMS Yellow Zone log.INFO: Sending credit warning SMS to customer 33leona [] []
[2020-02-12 08:00:04] Credit Warning SMS Yellow Zone log.INFO: Credit warning SMS sent to customer 33leona [] []
[2020-02-12 08:00:04] Credit Warning SMS Yellow Zone log.INFO: Sending credit warning SMS to customer 58leona [] []
[2020-02-12 08:00:04] Credit Warning SMS Yellow Zone log.INFO: Credit warning SMS sent to customer 58leona [] []
[2020-02-12 08:00:04] Credit Warning SMS Yellow Zone log.INFO: Sending credit warning SMS to customer 62leona [] []
[2020-02-12 08:00:04] Credit Warning SMS Yellow Zone log.INFO: Credit warning SMS sent to customer 62leona [] []
[2020-02-12 08:00:04] Credit Warning SMS Yellow Zone log.INFO: Sending credit warning SMS to customer 38leona [] []
[2020-02-12 08:00:04] Credit Warning SMS Yellow Zone log.INFO: Credit warning SMS sent to customer 38leona [] []
[2020-02-12 08:00:04] Credit Warning SMS Yellow Zone log.INFO: Sending credit warning SMS to customer 31leona [] []
[2020-02-12 08:00:04] Credit Warning SMS Yellow Zone log.INFO: Credit warning SMS sent to customer 31leona [] []
[2020-02-12 08:00:04] Credit Warning SMS Yellow Zone log.INFO: Sending credit warning SMS to customer 134charlotte [] []
[2020-02-12 08:00:04] Credit Warning SMS Yellow Zone log.INFO: Credit warning SMS sent to customer 134charlotte [] []
[2020-02-12 08:00:04] Credit Warning SMS Yellow Zone log.INFO: Sending credit warning SMS to customer 114charlotte [] []
[2020-02-12 08:00:04] Credit Warning SMS Yellow Zone log.INFO: Credit warning SMS sent to customer 114charlotte [] []
[2020-02-12 08:00:04] Credit Warning SMS Yellow Zone log.INFO: Sending credit warning SMS to customer 111charlotte [] []
[2020-02-12 08:00:04] Credit Warning SMS Yellow Zone log.INFO: Credit warning SMS sent to customer 111charlotte [] []
[2020-02-12 08:00:04] Credit Warning SMS Yellow Zone log.INFO: Sending credit warning SMS to customer 13charlotte [] []
[2020-02-12 08:00:04] Credit Warning SMS Yellow Zone log.INFO: Credit warning SMS sent to customer 13charlotte [] []
[2020-02-12 08:00:04] Credit Warning SMS Yellow Zone log.INFO: Sending credit warning SMS to customer 82charlotte [] []
[2020-02-12 08:00:04] Credit Warning SMS Yellow Zone log.INFO: Credit warning SMS sent to customer 82charlotte [] []
[2020-02-12 08:00:04] Credit Warning SMS Yellow Zone log.INFO: Sending credit warning SMS to customer 9bridgefield [] []
[2020-02-12 08:00:04] Credit Warning SMS Yellow Zone log.INFO: Credit warning SMS sent to customer 9bridgefield [] []
[2020-02-12 08:00:04] Credit Warning SMS Yellow Zone log.INFO: Sending credit warning SMS to customer 52bridgefield [] []
[2020-02-12 08:00:04] Credit Warning SMS Yellow Zone log.INFO: Credit warning SMS sent to customer 52bridgefield [] []
[2020-02-12 08:00:04] Credit Warning SMS Yellow Zone log.INFO: Sending credit warning SMS to customer 95bridgefield [] []
[2020-02-12 08:00:04] Credit Warning SMS Yellow Zone log.INFO: Credit warning SMS sent to customer 95bridgefield [] []
[2020-02-12 08:00:04] Credit Warning SMS Yellow Zone log.INFO: Sending credit warning SMS to customer 133fairways [] []
[2020-02-12 08:00:04] Credit Warning SMS Yellow Zone log.INFO: Credit warning SMS sent to customer 133fairways [] []
[2020-02-12 08:00:04] Credit Warning SMS Yellow Zone log.INFO: Sending credit warning SMS to customer 118fairways [] []
[2020-02-12 08:00:04] Credit Warning SMS Yellow Zone log.INFO: Credit warning SMS sent to customer 118fairways [] []
[2020-02-12 08:00:04] Credit Warning SMS Yellow Zone log.INFO: Sending credit warning SMS to customer 145fairways [] []
[2020-02-12 08:00:04] Credit Warning SMS Yellow Zone log.INFO: Credit warning SMS sent to customer 145fairways [] []
[2020-02-12 08:00:04] Credit Warning SMS Yellow Zone log.INFO: Sending credit warning SMS to customer 76fairways [] []
[2020-02-12 08:00:05] Credit Warning SMS Yellow Zone log.INFO: Credit warning SMS sent to customer 76fairways [] []
[2020-02-12 08:00:05] Credit Warning SMS Yellow Zone log.INFO: Sending credit warning SMS to customer 137fairways [] []
[2020-02-12 08:00:05] Credit Warning SMS Yellow Zone log.INFO: Credit warning SMS sent to customer 137fairways [] []
[2020-02-12 08:00:05] Credit Warning SMS Yellow Zone log.INFO: Sending credit warning SMS to customer 74fairways [] []
[2020-02-12 08:00:05] Credit Warning SMS Yellow Zone log.INFO: Credit warning SMS sent to customer 74fairways [] []
[2020-02-12 08:00:05] Credit Warning SMS Yellow Zone log.INFO: Sending credit warning SMS to customer 6fairways [] []
[2020-02-12 08:00:05] Credit Warning SMS Yellow Zone log.INFO: Credit warning SMS sent to customer 6fairways [] []
[2020-02-12 08:00:05] Credit Warning SMS Yellow Zone log.INFO: Sending credit warning SMS to customer 28fairways [] []
[2020-02-12 08:00:05] Credit Warning SMS Yellow Zone log.INFO: Credit warning SMS sent to customer 28fairways [] []
[2020-02-12 08:00:05] Credit Warning SMS Yellow Zone log.INFO: Sending credit warning SMS to customer 33fairways [] []
[2020-02-12 08:00:05] Credit Warning SMS Yellow Zone log.INFO: Credit warning SMS sent to customer 33fairways [] []
[2020-02-12 08:00:05] Credit Warning SMS Yellow Zone log.INFO: Sending credit warning SMS to customer 54herberthill [] []
[2020-02-12 08:00:05] Credit Warning SMS Yellow Zone log.INFO: Credit warning SMS sent to customer 54herberthill [] []
[2020-02-12 08:00:05] Credit Warning SMS Yellow Zone log.INFO: Sent Credit warning SMS to 82 customers! [] []
