[2020-12-14 08:00:01] Credit Warning SMS Yellow Zone log.INFO: Sending credit warning SMS to customer 2brackenview [] []
[2020-12-14 08:00:02] Credit Warning SMS Yellow Zone log.INFO: Credit warning SMS sent to customer 2brackenview [] []
[2020-12-14 08:00:02] Credit Warning SMS Yellow Zone log.INFO: Sending credit warning SMS to customer 8Emerald [] []
[2020-12-14 08:00:02] Credit Warning SMS Yellow Zone log.INFO: Credit warning SMS sent to customer 8Emerald [] []
[2020-12-14 08:00:02] Credit Warning SMS Yellow Zone log.INFO: Sending credit warning SMS to customer 22Emerald [] []
[2020-12-14 08:00:02] Credit Warning SMS Yellow Zone log.INFO: Credit warning SMS sent to customer 22Emerald [] []
[2020-12-14 08:00:02] Credit Warning SMS Yellow Zone log.INFO: Sending credit warning SMS to customer 10Emerald [] []
[2020-12-14 08:00:02] Credit Warning SMS Yellow Zone log.INFO: Credit warning SMS sent to customer 10Emerald [] []
[2020-12-14 08:00:02] Credit Warning SMS Yellow Zone log.INFO: Sending credit warning SMS to customer 46Emerald [] []
[2020-12-14 08:00:02] Credit Warning SMS Yellow Zone log.INFO: Credit warning SMS sent to customer 46Emerald [] []
[2020-12-14 08:00:02] Credit Warning SMS Yellow Zone log.INFO: Sending credit warning SMS to customer 19Emerald [] []
[2020-12-14 08:00:02] Credit Warning SMS Yellow Zone log.INFO: Credit warning SMS sent to customer 19Emerald [] []
[2020-12-14 08:00:02] Credit Warning SMS Yellow Zone log.INFO: Sending credit warning SMS to customer 117Neptune [] []
[2020-12-14 08:00:02] Credit Warning SMS Yellow Zone log.INFO: Credit warning SMS sent to customer 117Neptune [] []
[2020-12-14 08:00:02] Credit Warning SMS Yellow Zone log.INFO: Sending credit warning SMS to customer 101Neptune [] []
[2020-12-14 08:00:02] Credit Warning SMS Yellow Zone log.INFO: Credit warning SMS sent to customer 101Neptune [] []
[2020-12-14 08:00:02] Credit Warning SMS Yellow Zone log.INFO: Sending credit warning SMS to customer 153Neptune [] []
[2020-12-14 08:00:02] Credit Warning SMS Yellow Zone log.INFO: Credit warning SMS sent to customer 153Neptune [] []
[2020-12-14 08:00:02] Credit Warning SMS Yellow Zone log.INFO: Sending credit warning SMS to customer 187neptune [] []
[2020-12-14 08:00:02] Credit Warning SMS Yellow Zone log.INFO: Credit warning SMS sent to customer 187neptune [] []
[2020-12-14 08:00:02] Credit Warning SMS Yellow Zone log.INFO: Sending credit warning SMS to customer 23neptune [] []
[2020-12-14 08:00:02] Credit Warning SMS Yellow Zone log.INFO: Credit warning SMS sent to customer 23neptune [] []
[2020-12-14 08:00:02] Credit Warning SMS Yellow Zone log.INFO: Sending credit warning SMS to customer 63Neptune [] []
[2020-12-14 08:00:02] Credit Warning SMS Yellow Zone log.INFO: Credit warning SMS sent to customer 63Neptune [] []
[2020-12-14 08:00:02] Credit Warning SMS Yellow Zone log.INFO: Sending credit warning SMS to customer 12Abbott [] []
[2020-12-14 08:00:02] Credit Warning SMS Yellow Zone log.INFO: Credit warning SMS sent to customer 12Abbott [] []
[2020-12-14 08:00:02] Credit Warning SMS Yellow Zone log.INFO: Sending credit warning SMS to customer 28Abbott [] []
[2020-12-14 08:00:02] Credit Warning SMS Yellow Zone log.INFO: Credit warning SMS sent to customer 28Abbott [] []
[2020-12-14 08:00:02] Credit Warning SMS Yellow Zone log.INFO: Sending credit warning SMS to customer 37Abbott [] []
[2020-12-14 08:00:02] Credit Warning SMS Yellow Zone log.INFO: Credit warning SMS sent to customer 37Abbott [] []
[2020-12-14 08:00:02] Credit Warning SMS Yellow Zone log.INFO: Sending credit warning SMS to customer 68Abbott [] []
[2020-12-14 08:00:02] Credit Warning SMS Yellow Zone log.INFO: Credit warning SMS sent to customer 68Abbott [] []
[2020-12-14 08:00:02] Credit Warning SMS Yellow Zone log.INFO: Sending credit warning SMS to customer 76Abbott [] []
[2020-12-14 08:00:02] Credit Warning SMS Yellow Zone log.INFO: Credit warning SMS sent to customer 76Abbott [] []
[2020-12-14 08:00:02] Credit Warning SMS Yellow Zone log.INFO: Sending credit warning SMS to customer 82Abbott [] []
[2020-12-14 08:00:02] Credit Warning SMS Yellow Zone log.INFO: Credit warning SMS sent to customer 82Abbott [] []
[2020-12-14 08:00:02] Credit Warning SMS Yellow Zone log.INFO: Sending credit warning SMS to customer 71Abbott [] []
[2020-12-14 08:00:02] Credit Warning SMS Yellow Zone log.INFO: Credit warning SMS sent to customer 71Abbott [] []
[2020-12-14 08:00:02] Credit Warning SMS Yellow Zone log.INFO: Sending credit warning SMS to customer 105Abbott [] []
[2020-12-14 08:00:02] Credit Warning SMS Yellow Zone log.INFO: Credit warning SMS sent to customer 105Abbott [] []
[2020-12-14 08:00:02] Credit Warning SMS Yellow Zone log.INFO: Sending credit warning SMS to customer 109Abbott [] []
[2020-12-14 08:00:02] Credit Warning SMS Yellow Zone log.INFO: Credit warning SMS sent to customer 109Abbott [] []
[2020-12-14 08:00:02] Credit Warning SMS Yellow Zone log.INFO: Sending credit warning SMS to customer 119Abbott [] []
[2020-12-14 08:00:02] Credit Warning SMS Yellow Zone log.INFO: Credit warning SMS sent to customer 119Abbott [] []
[2020-12-14 08:00:02] Credit Warning SMS Yellow Zone log.INFO: Sending credit warning SMS to customer 98Abbott [] []
[2020-12-14 08:00:02] Credit Warning SMS Yellow Zone log.INFO: Credit warning SMS sent to customer 98Abbott [] []
[2020-12-14 08:00:02] Credit Warning SMS Yellow Zone log.INFO: Sending credit warning SMS to customer 184abbott [] []
[2020-12-14 08:00:03] Credit Warning SMS Yellow Zone log.INFO: Credit warning SMS sent to customer 184abbott [] []
[2020-12-14 08:00:03] Credit Warning SMS Yellow Zone log.INFO: Sending credit warning SMS to customer 1GreenBank [] []
[2020-12-14 08:00:03] Credit Warning SMS Yellow Zone log.INFO: Credit warning SMS sent to customer 1GreenBank [] []
[2020-12-14 08:00:03] Credit Warning SMS Yellow Zone log.INFO: Sending credit warning SMS to customer 151abbott [] []
[2020-12-14 08:00:03] Credit Warning SMS Yellow Zone log.INFO: Credit warning SMS sent to customer 151abbott [] []
[2020-12-14 08:00:03] Credit Warning SMS Yellow Zone log.INFO: Sending credit warning SMS to customer 127abbott [] []
[2020-12-14 08:00:03] Credit Warning SMS Yellow Zone log.INFO: Credit warning SMS sent to customer 127abbott [] []
[2020-12-14 08:00:03] Credit Warning SMS Yellow Zone log.INFO: Sending credit warning SMS to customer 65eustace [] []
[2020-12-14 08:00:03] Credit Warning SMS Yellow Zone log.INFO: Credit warning SMS sent to customer 65eustace [] []
[2020-12-14 08:00:03] Credit Warning SMS Yellow Zone log.INFO: Sending credit warning SMS to customer 74eustace [] []
[2020-12-14 08:00:03] Credit Warning SMS Yellow Zone log.INFO: Credit warning SMS sent to customer 74eustace [] []
[2020-12-14 08:00:03] Credit Warning SMS Yellow Zone log.INFO: Sending credit warning SMS to customer 137leona [] []
[2020-12-14 08:00:03] Credit Warning SMS Yellow Zone log.INFO: Credit warning SMS sent to customer 137leona [] []
[2020-12-14 08:00:03] Credit Warning SMS Yellow Zone log.INFO: Sending credit warning SMS to customer 120leona [] []
[2020-12-14 08:00:03] Credit Warning SMS Yellow Zone log.INFO: Credit warning SMS sent to customer 120leona [] []
[2020-12-14 08:00:03] Credit Warning SMS Yellow Zone log.INFO: Sending credit warning SMS to customer 126leona [] []
[2020-12-14 08:00:03] Credit Warning SMS Yellow Zone log.INFO: Credit warning SMS sent to customer 126leona [] []
[2020-12-14 08:00:03] Credit Warning SMS Yellow Zone log.INFO: Sending credit warning SMS to customer 39leona [] []
[2020-12-14 08:00:03] Credit Warning SMS Yellow Zone log.INFO: Credit warning SMS sent to customer 39leona [] []
[2020-12-14 08:00:03] Credit Warning SMS Yellow Zone log.INFO: Sending credit warning SMS to customer 41leona [] []
[2020-12-14 08:00:03] Credit Warning SMS Yellow Zone log.INFO: Credit warning SMS sent to customer 41leona [] []
[2020-12-14 08:00:03] Credit Warning SMS Yellow Zone log.INFO: Sending credit warning SMS to customer 65leona [] []
[2020-12-14 08:00:03] Credit Warning SMS Yellow Zone log.INFO: Credit warning SMS sent to customer 65leona [] []
[2020-12-14 08:00:03] Credit Warning SMS Yellow Zone log.INFO: Sending credit warning SMS to customer 52leona [] []
[2020-12-14 08:00:03] Credit Warning SMS Yellow Zone log.INFO: Credit warning SMS sent to customer 52leona [] []
[2020-12-14 08:00:03] Credit Warning SMS Yellow Zone log.INFO: Sending credit warning SMS to customer 58leona [] []
[2020-12-14 08:00:03] Credit Warning SMS Yellow Zone log.INFO: Credit warning SMS sent to customer 58leona [] []
[2020-12-14 08:00:03] Credit Warning SMS Yellow Zone log.INFO: Sending credit warning SMS to customer 31leona [] []
[2020-12-14 08:00:03] Credit Warning SMS Yellow Zone log.INFO: Credit warning SMS sent to customer 31leona [] []
[2020-12-14 08:00:03] Credit Warning SMS Yellow Zone log.INFO: Sending credit warning SMS to customer 46leona [] []
[2020-12-14 08:00:03] Credit Warning SMS Yellow Zone log.INFO: Credit warning SMS sent to customer 46leona [] []
[2020-12-14 08:00:03] Credit Warning SMS Yellow Zone log.INFO: Sending credit warning SMS to customer 159charlotte [] []
[2020-12-14 08:00:03] Credit Warning SMS Yellow Zone log.INFO: Credit warning SMS sent to customer 159charlotte [] []
[2020-12-14 08:00:03] Credit Warning SMS Yellow Zone log.INFO: Sending credit warning SMS to customer 103charlotte [] []
[2020-12-14 08:00:03] Credit Warning SMS Yellow Zone log.INFO: Credit warning SMS sent to customer 103charlotte [] []
[2020-12-14 08:00:03] Credit Warning SMS Yellow Zone log.INFO: Sending credit warning SMS to customer 121charlotte [] []
[2020-12-14 08:00:03] Credit Warning SMS Yellow Zone log.INFO: Credit warning SMS sent to customer 121charlotte [] []
[2020-12-14 08:00:03] Credit Warning SMS Yellow Zone log.INFO: Sending credit warning SMS to customer 102charlotte [] []
[2020-12-14 08:00:03] Credit Warning SMS Yellow Zone log.INFO: Credit warning SMS sent to customer 102charlotte [] []
[2020-12-14 08:00:03] Credit Warning SMS Yellow Zone log.INFO: Sending credit warning SMS to customer 13charlotte [] []
[2020-12-14 08:00:03] Credit Warning SMS Yellow Zone log.INFO: Credit warning SMS sent to customer 13charlotte [] []
[2020-12-14 08:00:03] Credit Warning SMS Yellow Zone log.INFO: Sending credit warning SMS to customer 66charlotte [] []
[2020-12-14 08:00:03] Credit Warning SMS Yellow Zone log.INFO: Credit warning SMS sent to customer 66charlotte [] []
[2020-12-14 08:00:03] Credit Warning SMS Yellow Zone log.INFO: Sending credit warning SMS to customer 87charlotte [] []
[2020-12-14 08:00:04] Credit Warning SMS Yellow Zone log.INFO: Credit warning SMS sent to customer 87charlotte [] []
[2020-12-14 08:00:04] Credit Warning SMS Yellow Zone log.INFO: Sending credit warning SMS to customer 99charlotte [] []
[2020-12-14 08:00:04] Credit Warning SMS Yellow Zone log.INFO: Credit warning SMS sent to customer 99charlotte [] []
[2020-12-14 08:00:04] Credit Warning SMS Yellow Zone log.INFO: Sending credit warning SMS to customer 106charlotte [] []
[2020-12-14 08:00:04] Credit Warning SMS Yellow Zone log.INFO: Credit warning SMS sent to customer 106charlotte [] []
[2020-12-14 08:00:04] Credit Warning SMS Yellow Zone log.INFO: Sending credit warning SMS to customer 151charlotte [] []
[2020-12-14 08:00:04] Credit Warning SMS Yellow Zone log.INFO: Credit warning SMS sent to customer 151charlotte [] []
[2020-12-14 08:00:04] Credit Warning SMS Yellow Zone log.INFO: Sending credit warning SMS to customer 31charlotte [] []
[2020-12-14 08:00:04] Credit Warning SMS Yellow Zone log.INFO: Credit warning SMS sent to customer 31charlotte [] []
[2020-12-14 08:00:04] Credit Warning SMS Yellow Zone log.INFO: Sending credit warning SMS to customer 20bridgefield [] []
[2020-12-14 08:00:04] Credit Warning SMS Yellow Zone log.INFO: Credit warning SMS sent to customer 20bridgefield [] []
[2020-12-14 08:00:04] Credit Warning SMS Yellow Zone log.INFO: Sending credit warning SMS to customer 17bridgefield [] []
[2020-12-14 08:00:04] Credit Warning SMS Yellow Zone log.INFO: Credit warning SMS sent to customer 17bridgefield [] []
[2020-12-14 08:00:04] Credit Warning SMS Yellow Zone log.INFO: Sending credit warning SMS to customer 71bridgefield [] []
[2020-12-14 08:00:04] Credit Warning SMS Yellow Zone log.INFO: Credit warning SMS sent to customer 71bridgefield [] []
[2020-12-14 08:00:04] Credit Warning SMS Yellow Zone log.INFO: Sending credit warning SMS to customer 72bridgefield [] []
[2020-12-14 08:00:04] Credit Warning SMS Yellow Zone log.INFO: Credit warning SMS sent to customer 72bridgefield [] []
[2020-12-14 08:00:04] Credit Warning SMS Yellow Zone log.INFO: Sending credit warning SMS to customer 80bridgefield [] []
[2020-12-14 08:00:04] Credit Warning SMS Yellow Zone log.INFO: Credit warning SMS sent to customer 80bridgefield [] []
[2020-12-14 08:00:04] Credit Warning SMS Yellow Zone log.INFO: Sending credit warning SMS to customer 88bridgefield [] []
[2020-12-14 08:00:04] Credit Warning SMS Yellow Zone log.INFO: Credit warning SMS sent to customer 88bridgefield [] []
[2020-12-14 08:00:04] Credit Warning SMS Yellow Zone log.INFO: Sending credit warning SMS to customer 125bridgefield [] []
[2020-12-14 08:00:04] Credit Warning SMS Yellow Zone log.INFO: Credit warning SMS sent to customer 125bridgefield [] []
[2020-12-14 08:00:04] Credit Warning SMS Yellow Zone log.INFO: Sending credit warning SMS to customer 51bridgefield [] []
[2020-12-14 08:00:04] Credit Warning SMS Yellow Zone log.INFO: Credit warning SMS sent to customer 51bridgefield [] []
[2020-12-14 08:00:04] Credit Warning SMS Yellow Zone log.INFO: Sending credit warning SMS to customer 105bridgefield [] []
[2020-12-14 08:00:04] Credit Warning SMS Yellow Zone log.INFO: Credit warning SMS sent to customer 105bridgefield [] []
[2020-12-14 08:00:04] Credit Warning SMS Yellow Zone log.INFO: Sending credit warning SMS to customer 170bridgefield [] []
[2020-12-14 08:00:04] Credit Warning SMS Yellow Zone log.INFO: Credit warning SMS sent to customer 170bridgefield [] []
[2020-12-14 08:00:04] Credit Warning SMS Yellow Zone log.INFO: Sending credit warning SMS to customer 147bridgefield [] []
[2020-12-14 08:00:04] Credit Warning SMS Yellow Zone log.INFO: Credit warning SMS sent to customer 147bridgefield [] []
[2020-12-14 08:00:04] Credit Warning SMS Yellow Zone log.INFO: Sending credit warning SMS to customer 208bridgefield [] []
[2020-12-14 08:00:04] Credit Warning SMS Yellow Zone log.INFO: Credit warning SMS sent to customer 208bridgefield [] []
[2020-12-14 08:00:04] Credit Warning SMS Yellow Zone log.INFO: Sending credit warning SMS to customer 128bridgefield [] []
[2020-12-14 08:00:04] Credit Warning SMS Yellow Zone log.INFO: Credit warning SMS sent to customer 128bridgefield [] []
[2020-12-14 08:00:04] Credit Warning SMS Yellow Zone log.INFO: Sending credit warning SMS to customer 94bridgefield [] []
[2020-12-14 08:00:04] Credit Warning SMS Yellow Zone log.INFO: Credit warning SMS sent to customer 94bridgefield [] []
[2020-12-14 08:00:04] Credit Warning SMS Yellow Zone log.INFO: Sending credit warning SMS to customer 6bridgefield [] []
[2020-12-14 08:00:04] Credit Warning SMS Yellow Zone log.INFO: Credit warning SMS sent to customer 6bridgefield [] []
[2020-12-14 08:00:04] Credit Warning SMS Yellow Zone log.INFO: Sending credit warning SMS to customer 130bridgefield [] []
[2020-12-14 08:00:04] Credit Warning SMS Yellow Zone log.INFO: Credit warning SMS sent to customer 130bridgefield [] []
[2020-12-14 08:00:04] Credit Warning SMS Yellow Zone log.INFO: Sending credit warning SMS to customer 29pappan [] []
[2020-12-14 08:00:04] Credit Warning SMS Yellow Zone log.INFO: Credit warning SMS sent to customer 29pappan [] []
[2020-12-14 08:00:04] Credit Warning SMS Yellow Zone log.INFO: Sending credit warning SMS to customer 16pappan [] []
[2020-12-14 08:00:04] Credit Warning SMS Yellow Zone log.INFO: Credit warning SMS sent to customer 16pappan [] []
[2020-12-14 08:00:04] Credit Warning SMS Yellow Zone log.INFO: Sending credit warning SMS to customer 3pappan [] []
[2020-12-14 08:00:04] Credit Warning SMS Yellow Zone log.INFO: Credit warning SMS sent to customer 3pappan [] []
[2020-12-14 08:00:04] Credit Warning SMS Yellow Zone log.INFO: Sending credit warning SMS to customer 69fairways [] []
[2020-12-14 08:00:04] Credit Warning SMS Yellow Zone log.INFO: Credit warning SMS sent to customer 69fairways [] []
[2020-12-14 08:00:04] Credit Warning SMS Yellow Zone log.INFO: Sending credit warning SMS to customer 80fairways [] []
[2020-12-14 08:00:04] Credit Warning SMS Yellow Zone log.INFO: Credit warning SMS sent to customer 80fairways [] []
[2020-12-14 08:00:04] Credit Warning SMS Yellow Zone log.INFO: Sending credit warning SMS to customer 117fairways [] []
[2020-12-14 08:00:04] Credit Warning SMS Yellow Zone log.INFO: Credit warning SMS sent to customer 117fairways [] []
[2020-12-14 08:00:04] Credit Warning SMS Yellow Zone log.INFO: Sending credit warning SMS to customer 118fairways [] []
[2020-12-14 08:00:05] Credit Warning SMS Yellow Zone log.INFO: Credit warning SMS sent to customer 118fairways [] []
[2020-12-14 08:00:05] Credit Warning SMS Yellow Zone log.INFO: Sending credit warning SMS to customer 153fairways [] []
[2020-12-14 08:00:05] Credit Warning SMS Yellow Zone log.INFO: Credit warning SMS sent to customer 153fairways [] []
[2020-12-14 08:00:05] Credit Warning SMS Yellow Zone log.INFO: Sending credit warning SMS to customer 3fairways [] []
[2020-12-14 08:00:05] Credit Warning SMS Yellow Zone log.INFO: Credit warning SMS sent to customer 3fairways [] []
[2020-12-14 08:00:05] Credit Warning SMS Yellow Zone log.INFO: Sending credit warning SMS to customer h10fairways [] []
[2020-12-14 08:00:05] Credit Warning SMS Yellow Zone log.INFO: Credit warning SMS sent to customer h10fairways [] []
[2020-12-14 08:00:05] Credit Warning SMS Yellow Zone log.INFO: Sending credit warning SMS to customer h16fairways [] []
[2020-12-14 08:00:05] Credit Warning SMS Yellow Zone log.INFO: Credit warning SMS sent to customer h16fairways [] []
[2020-12-14 08:00:05] Credit Warning SMS Yellow Zone log.INFO: Sending credit warning SMS to customer 54herberthill [] []
[2020-12-14 08:00:05] Credit Warning SMS Yellow Zone log.INFO: Credit warning SMS sent to customer 54herberthill [] []
[2020-12-14 08:00:05] Credit Warning SMS Yellow Zone log.INFO: Sending credit warning SMS to customer 87herberthill [] []
[2020-12-14 08:00:05] Credit Warning SMS Yellow Zone log.INFO: Credit warning SMS sent to customer 87herberthill [] []
[2020-12-14 08:00:05] Credit Warning SMS Yellow Zone log.INFO: Sending credit warning SMS to customer 73herberthill [] []
[2020-12-14 08:00:05] Credit Warning SMS Yellow Zone log.INFO: Credit warning SMS sent to customer 73herberthill [] []
[2020-12-14 08:00:05] Credit Warning SMS Yellow Zone log.INFO: Sending credit warning SMS to customer 23herberthill [] []
[2020-12-14 08:00:05] Credit Warning SMS Yellow Zone log.INFO: Credit warning SMS sent to customer 23herberthill [] []
[2020-12-14 08:00:05] Credit Warning SMS Yellow Zone log.INFO: Sending credit warning SMS to customer 60herberthill [] []
[2020-12-14 08:00:05] Credit Warning SMS Yellow Zone log.INFO: Credit warning SMS sent to customer 60herberthill [] []
[2020-12-14 08:00:05] Credit Warning SMS Yellow Zone log.INFO: Sending credit warning SMS to customer 27herberthill [] []
[2020-12-14 08:00:05] Credit Warning SMS Yellow Zone log.INFO: Credit warning SMS sent to customer 27herberthill [] []
[2020-12-14 08:00:05] Credit Warning SMS Yellow Zone log.INFO: Sending credit warning SMS to customer 62herberthill [] []
[2020-12-14 08:00:05] Credit Warning SMS Yellow Zone log.INFO: Credit warning SMS sent to customer 62herberthill [] []
[2020-12-14 08:00:05] Credit Warning SMS Yellow Zone log.INFO: Sending credit warning SMS to customer 61herberthill [] []
[2020-12-14 08:00:05] Credit Warning SMS Yellow Zone log.INFO: Credit warning SMS sent to customer 61herberthill [] []
[2020-12-14 08:00:05] Credit Warning SMS Yellow Zone log.INFO: Sending credit warning SMS to customer 91bracken [] []
[2020-12-14 08:00:05] Credit Warning SMS Yellow Zone log.INFO: Credit warning SMS sent to customer 91bracken [] []
[2020-12-14 08:00:05] Credit Warning SMS Yellow Zone log.INFO: Sent Credit warning SMS to 86 customers! [] []
