[2020-07-28 08:00:02] Credit Warning SMS Yellow Zone log.INFO: Sending credit warning SMS to customer 15sundayswell [] []
[2020-07-28 08:00:02] Credit Warning SMS Yellow Zone log.INFO: Credit warning SMS sent to customer 15sundayswell [] []
[2020-07-28 08:00:02] Credit Warning SMS Yellow Zone log.INFO: Sending credit warning SMS to customer 2brackenview [] []
[2020-07-28 08:00:02] Credit Warning SMS Yellow Zone log.INFO: Credit warning SMS sent to customer 2brackenview [] []
[2020-07-28 08:00:02] Credit Warning SMS Yellow Zone log.INFO: Sending credit warning SMS to customer 22Emerald [] []
[2020-07-28 08:00:02] Credit Warning SMS Yellow Zone log.INFO: Credit warning SMS sent to customer 22Emerald [] []
[2020-07-28 08:00:02] Credit Warning SMS Yellow Zone log.INFO: Sending credit warning SMS to customer 40Emerald [] []
[2020-07-28 08:00:02] Credit Warning SMS Yellow Zone log.INFO: Credit warning SMS sent to customer 40Emerald [] []
[2020-07-28 08:00:02] Credit Warning SMS Yellow Zone log.INFO: Sending credit warning SMS to customer 51Emerald [] []
[2020-07-28 08:00:02] Credit Warning SMS Yellow Zone log.INFO: Credit warning SMS sent to customer 51Emerald [] []
[2020-07-28 08:00:02] Credit Warning SMS Yellow Zone log.INFO: Sending credit warning SMS to customer 46Emerald [] []
[2020-07-28 08:00:02] Credit Warning SMS Yellow Zone log.INFO: Credit warning SMS sent to customer 46Emerald [] []
[2020-07-28 08:00:02] Credit Warning SMS Yellow Zone log.INFO: Sending credit warning SMS to customer 45Emerald [] []
[2020-07-28 08:00:02] Credit Warning SMS Yellow Zone log.INFO: Credit warning SMS sent to customer 45Emerald [] []
[2020-07-28 08:00:02] Credit Warning SMS Yellow Zone log.INFO: Sending credit warning SMS to customer 28Emerald [] []
[2020-07-28 08:00:02] Credit Warning SMS Yellow Zone log.INFO: Credit warning SMS sent to customer 28Emerald [] []
[2020-07-28 08:00:02] Credit Warning SMS Yellow Zone log.INFO: Sending credit warning SMS to customer 163neptune [] []
[2020-07-28 08:00:02] Credit Warning SMS Yellow Zone log.INFO: Credit warning SMS sent to customer 163neptune [] []
[2020-07-28 08:00:02] Credit Warning SMS Yellow Zone log.INFO: Sending credit warning SMS to customer 17neptune [] []
[2020-07-28 08:00:02] Credit Warning SMS Yellow Zone log.INFO: Credit warning SMS sent to customer 17neptune [] []
[2020-07-28 08:00:02] Credit Warning SMS Yellow Zone log.INFO: Sending credit warning SMS to customer 81Neptune [] []
[2020-07-28 08:00:02] Credit Warning SMS Yellow Zone log.INFO: Credit warning SMS sent to customer 81Neptune [] []
[2020-07-28 08:00:02] Credit Warning SMS Yellow Zone log.INFO: Sending credit warning SMS to customer 33neptune [] []
[2020-07-28 08:00:02] Credit Warning SMS Yellow Zone log.INFO: Credit warning SMS sent to customer 33neptune [] []
[2020-07-28 08:00:02] Credit Warning SMS Yellow Zone log.INFO: Sending credit warning SMS to customer 112Neptune [] []
[2020-07-28 08:00:02] Credit Warning SMS Yellow Zone log.INFO: Credit warning SMS sent to customer 112Neptune [] []
[2020-07-28 08:00:02] Credit Warning SMS Yellow Zone log.INFO: Sending credit warning SMS to customer 71Neptune [] []
[2020-07-28 08:00:02] Credit Warning SMS Yellow Zone log.INFO: Credit warning SMS sent to customer 71Neptune [] []
[2020-07-28 08:00:02] Credit Warning SMS Yellow Zone log.INFO: Sending credit warning SMS to customer 63Neptune [] []
[2020-07-28 08:00:02] Credit Warning SMS Yellow Zone log.INFO: Credit warning SMS sent to customer 63Neptune [] []
[2020-07-28 08:00:02] Credit Warning SMS Yellow Zone log.INFO: Sending credit warning SMS to customer 1Abbott [] []
[2020-07-28 08:00:03] Credit Warning SMS Yellow Zone log.INFO: Credit warning SMS sent to customer 1Abbott [] []
[2020-07-28 08:00:03] Credit Warning SMS Yellow Zone log.INFO: Sending credit warning SMS to customer 7Abbott [] []
[2020-07-28 08:00:03] Credit Warning SMS Yellow Zone log.INFO: Credit warning SMS sent to customer 7Abbott [] []
[2020-07-28 08:00:03] Credit Warning SMS Yellow Zone log.INFO: Sending credit warning SMS to customer 10Abbott [] []
[2020-07-28 08:00:03] Credit Warning SMS Yellow Zone log.INFO: Credit warning SMS sent to customer 10Abbott [] []
[2020-07-28 08:00:03] Credit Warning SMS Yellow Zone log.INFO: Sending credit warning SMS to customer 25Abbott [] []
[2020-07-28 08:00:03] Credit Warning SMS Yellow Zone log.INFO: Credit warning SMS sent to customer 25Abbott [] []
[2020-07-28 08:00:03] Credit Warning SMS Yellow Zone log.INFO: Sending credit warning SMS to customer 37Abbott [] []
[2020-07-28 08:00:03] Credit Warning SMS Yellow Zone log.INFO: Credit warning SMS sent to customer 37Abbott [] []
[2020-07-28 08:00:03] Credit Warning SMS Yellow Zone log.INFO: Sending credit warning SMS to customer 46Abbott [] []
[2020-07-28 08:00:03] Credit Warning SMS Yellow Zone log.INFO: Credit warning SMS sent to customer 46Abbott [] []
[2020-07-28 08:00:03] Credit Warning SMS Yellow Zone log.INFO: Sending credit warning SMS to customer 13Abbott [] []
[2020-07-28 08:00:03] Credit Warning SMS Yellow Zone log.INFO: Credit warning SMS sent to customer 13Abbott [] []
[2020-07-28 08:00:03] Credit Warning SMS Yellow Zone log.INFO: Sending credit warning SMS to customer 59Abbott [] []
[2020-07-28 08:00:03] Credit Warning SMS Yellow Zone log.INFO: Credit warning SMS sent to customer 59Abbott [] []
[2020-07-28 08:00:03] Credit Warning SMS Yellow Zone log.INFO: Sending credit warning SMS to customer 85Abbott [] []
[2020-07-28 08:00:03] Credit Warning SMS Yellow Zone log.INFO: Credit warning SMS sent to customer 85Abbott [] []
[2020-07-28 08:00:03] Credit Warning SMS Yellow Zone log.INFO: Sending credit warning SMS to customer 76Abbott [] []
[2020-07-28 08:00:03] Credit Warning SMS Yellow Zone log.INFO: Credit warning SMS sent to customer 76Abbott [] []
[2020-07-28 08:00:03] Credit Warning SMS Yellow Zone log.INFO: Sending credit warning SMS to customer 70Abbott [] []
[2020-07-28 08:00:03] Credit Warning SMS Yellow Zone log.INFO: Credit warning SMS sent to customer 70Abbott [] []
[2020-07-28 08:00:03] Credit Warning SMS Yellow Zone log.INFO: Sending credit warning SMS to customer 71Abbott [] []
[2020-07-28 08:00:03] Credit Warning SMS Yellow Zone log.INFO: Credit warning SMS sent to customer 71Abbott [] []
[2020-07-28 08:00:03] Credit Warning SMS Yellow Zone log.INFO: Sending credit warning SMS to customer 117Abbott [] []
[2020-07-28 08:00:03] Credit Warning SMS Yellow Zone log.INFO: Credit warning SMS sent to customer 117Abbott [] []
[2020-07-28 08:00:03] Credit Warning SMS Yellow Zone log.INFO: Sending credit warning SMS to customer 119Abbott [] []
[2020-07-28 08:00:03] Credit Warning SMS Yellow Zone log.INFO: Credit warning SMS sent to customer 119Abbott [] []
[2020-07-28 08:00:03] Credit Warning SMS Yellow Zone log.INFO: Sending credit warning SMS to customer 98Abbott [] []
[2020-07-28 08:00:03] Credit Warning SMS Yellow Zone log.INFO: Credit warning SMS sent to customer 98Abbott [] []
[2020-07-28 08:00:03] Credit Warning SMS Yellow Zone log.INFO: Sending credit warning SMS to customer 29GreenBank [] []
[2020-07-28 08:00:03] Credit Warning SMS Yellow Zone log.INFO: Credit warning SMS sent to customer 29GreenBank [] []
[2020-07-28 08:00:03] Credit Warning SMS Yellow Zone log.INFO: Sending credit warning SMS to customer 124Abbott [] []
[2020-07-28 08:00:03] Credit Warning SMS Yellow Zone log.INFO: Credit warning SMS sent to customer 124Abbott [] []
[2020-07-28 08:00:03] Credit Warning SMS Yellow Zone log.INFO: Sending credit warning SMS to customer 12GreenBank [] []
[2020-07-28 08:00:03] Credit Warning SMS Yellow Zone log.INFO: Credit warning SMS sent to customer 12GreenBank [] []
[2020-07-28 08:00:03] Credit Warning SMS Yellow Zone log.INFO: Sending credit warning SMS to customer 191abbott [] []
[2020-07-28 08:00:03] Credit Warning SMS Yellow Zone log.INFO: Credit warning SMS sent to customer 191abbott [] []
[2020-07-28 08:00:03] Credit Warning SMS Yellow Zone log.INFO: Sending credit warning SMS to customer 184abbott [] []
[2020-07-28 08:00:03] Credit Warning SMS Yellow Zone log.INFO: Credit warning SMS sent to customer 184abbott [] []
[2020-07-28 08:00:03] Credit Warning SMS Yellow Zone log.INFO: Sending credit warning SMS to customer 175abbott [] []
[2020-07-28 08:00:03] Credit Warning SMS Yellow Zone log.INFO: Credit warning SMS sent to customer 175abbott [] []
[2020-07-28 08:00:03] Credit Warning SMS Yellow Zone log.INFO: Sending credit warning SMS to customer 155abbott [] []
[2020-07-28 08:00:03] Credit Warning SMS Yellow Zone log.INFO: Credit warning SMS sent to customer 155abbott [] []
[2020-07-28 08:00:03] Credit Warning SMS Yellow Zone log.INFO: Sending credit warning SMS to customer 35eustace [] []
[2020-07-28 08:00:03] Credit Warning SMS Yellow Zone log.INFO: Credit warning SMS sent to customer 35eustace [] []
[2020-07-28 08:00:03] Credit Warning SMS Yellow Zone log.INFO: Sending credit warning SMS to customer 136leona [] []
[2020-07-28 08:00:03] Credit Warning SMS Yellow Zone log.INFO: Credit warning SMS sent to customer 136leona [] []
[2020-07-28 08:00:03] Credit Warning SMS Yellow Zone log.INFO: Sending credit warning SMS to customer 19leona [] []
[2020-07-28 08:00:03] Credit Warning SMS Yellow Zone log.INFO: Credit warning SMS sent to customer 19leona [] []
[2020-07-28 08:00:03] Credit Warning SMS Yellow Zone log.INFO: Sending credit warning SMS to customer 39leona [] []
[2020-07-28 08:00:03] Credit Warning SMS Yellow Zone log.INFO: Credit warning SMS sent to customer 39leona [] []
[2020-07-28 08:00:03] Credit Warning SMS Yellow Zone log.INFO: Sending credit warning SMS to customer 73leona [] []
[2020-07-28 08:00:03] Credit Warning SMS Yellow Zone log.INFO: Credit warning SMS sent to customer 73leona [] []
[2020-07-28 08:00:03] Credit Warning SMS Yellow Zone log.INFO: Sending credit warning SMS to customer 118leona [] []
[2020-07-28 08:00:03] Credit Warning SMS Yellow Zone log.INFO: Credit warning SMS sent to customer 118leona [] []
[2020-07-28 08:00:03] Credit Warning SMS Yellow Zone log.INFO: Sending credit warning SMS to customer 128leona [] []
[2020-07-28 08:00:03] Credit Warning SMS Yellow Zone log.INFO: Credit warning SMS sent to customer 128leona [] []
[2020-07-28 08:00:03] Credit Warning SMS Yellow Zone log.INFO: Sending credit warning SMS to customer 96leona [] []
[2020-07-28 08:00:03] Credit Warning SMS Yellow Zone log.INFO: Credit warning SMS sent to customer 96leona [] []
[2020-07-28 08:00:03] Credit Warning SMS Yellow Zone log.INFO: Sending credit warning SMS to customer 70leona [] []
[2020-07-28 08:00:04] Credit Warning SMS Yellow Zone log.INFO: Credit warning SMS sent to customer 70leona [] []
[2020-07-28 08:00:04] Credit Warning SMS Yellow Zone log.INFO: Sending credit warning SMS to customer 37leona [] []
[2020-07-28 08:00:04] Credit Warning SMS Yellow Zone log.INFO: Credit warning SMS sent to customer 37leona [] []
[2020-07-28 08:00:04] Credit Warning SMS Yellow Zone log.INFO: Sending credit warning SMS to customer 97leona [] []
[2020-07-28 08:00:04] Credit Warning SMS Yellow Zone log.INFO: Credit warning SMS sent to customer 97leona [] []
[2020-07-28 08:00:04] Credit Warning SMS Yellow Zone log.INFO: Sending credit warning SMS to customer 127charlotte [] []
[2020-07-28 08:00:04] Credit Warning SMS Yellow Zone log.INFO: Credit warning SMS sent to customer 127charlotte [] []
[2020-07-28 08:00:04] Credit Warning SMS Yellow Zone log.INFO: Sending credit warning SMS to customer 117charlotte [] []
[2020-07-28 08:00:04] Credit Warning SMS Yellow Zone log.INFO: Credit warning SMS sent to customer 117charlotte [] []
[2020-07-28 08:00:04] Credit Warning SMS Yellow Zone log.INFO: Sending credit warning SMS to customer 27charlotte [] []
[2020-07-28 08:00:04] Credit Warning SMS Yellow Zone log.INFO: Credit warning SMS sent to customer 27charlotte [] []
[2020-07-28 08:00:04] Credit Warning SMS Yellow Zone log.INFO: Sending credit warning SMS to customer 18charlotte [] []
[2020-07-28 08:00:04] Credit Warning SMS Yellow Zone log.INFO: Credit warning SMS sent to customer 18charlotte [] []
[2020-07-28 08:00:04] Credit Warning SMS Yellow Zone log.INFO: Sending credit warning SMS to customer 124charlotte [] []
[2020-07-28 08:00:04] Credit Warning SMS Yellow Zone log.INFO: Credit warning SMS sent to customer 124charlotte [] []
[2020-07-28 08:00:04] Credit Warning SMS Yellow Zone log.INFO: Sending credit warning SMS to customer 26charlotte [] []
[2020-07-28 08:00:04] Credit Warning SMS Yellow Zone log.INFO: Credit warning SMS sent to customer 26charlotte [] []
[2020-07-28 08:00:04] Credit Warning SMS Yellow Zone log.INFO: Sending credit warning SMS to customer 4bridgefield [] []
[2020-07-28 08:00:04] Credit Warning SMS Yellow Zone log.INFO: Credit warning SMS sent to customer 4bridgefield [] []
[2020-07-28 08:00:04] Credit Warning SMS Yellow Zone log.INFO: Sending credit warning SMS to customer 18bridgefield [] []
[2020-07-28 08:00:04] Credit Warning SMS Yellow Zone log.INFO: Credit warning SMS sent to customer 18bridgefield [] []
[2020-07-28 08:00:04] Credit Warning SMS Yellow Zone log.INFO: Sending credit warning SMS to customer 26bridgefield [] []
[2020-07-28 08:00:04] Credit Warning SMS Yellow Zone log.INFO: Credit warning SMS sent to customer 26bridgefield [] []
[2020-07-28 08:00:04] Credit Warning SMS Yellow Zone log.INFO: Sending credit warning SMS to customer 33bridgefield [] []
[2020-07-28 08:00:04] Credit Warning SMS Yellow Zone log.INFO: Credit warning SMS sent to customer 33bridgefield [] []
[2020-07-28 08:00:04] Credit Warning SMS Yellow Zone log.INFO: Sending credit warning SMS to customer 78bridgefield [] []
[2020-07-28 08:00:04] Credit Warning SMS Yellow Zone log.INFO: Credit warning SMS sent to customer 78bridgefield [] []
[2020-07-28 08:00:04] Credit Warning SMS Yellow Zone log.INFO: Sending credit warning SMS to customer 73bridgefield [] []
[2020-07-28 08:00:04] Credit Warning SMS Yellow Zone log.INFO: Credit warning SMS sent to customer 73bridgefield [] []
[2020-07-28 08:00:04] Credit Warning SMS Yellow Zone log.INFO: Sending credit warning SMS to customer 35bridgefield [] []
[2020-07-28 08:00:04] Credit Warning SMS Yellow Zone log.INFO: Credit warning SMS sent to customer 35bridgefield [] []
[2020-07-28 08:00:04] Credit Warning SMS Yellow Zone log.INFO: Sending credit warning SMS to customer 69fairways [] []
[2020-07-28 08:00:04] Credit Warning SMS Yellow Zone log.INFO: Credit warning SMS sent to customer 69fairways [] []
[2020-07-28 08:00:04] Credit Warning SMS Yellow Zone log.INFO: Sending credit warning SMS to customer 79fairways [] []
[2020-07-28 08:00:04] Credit Warning SMS Yellow Zone log.INFO: Credit warning SMS sent to customer 79fairways [] []
[2020-07-28 08:00:04] Credit Warning SMS Yellow Zone log.INFO: Sending credit warning SMS to customer 138fairways [] []
[2020-07-28 08:00:04] Credit Warning SMS Yellow Zone log.INFO: Credit warning SMS sent to customer 138fairways [] []
[2020-07-28 08:00:04] Credit Warning SMS Yellow Zone log.INFO: Sending credit warning SMS to customer 139fairways [] []
[2020-07-28 08:00:04] Credit Warning SMS Yellow Zone log.INFO: Credit warning SMS sent to customer 139fairways [] []
[2020-07-28 08:00:04] Credit Warning SMS Yellow Zone log.INFO: Sending credit warning SMS to customer h25fairways [] []
[2020-07-28 08:00:04] Credit Warning SMS Yellow Zone log.INFO: Credit warning SMS sent to customer h25fairways [] []
[2020-07-28 08:00:04] Credit Warning SMS Yellow Zone log.INFO: Sending credit warning SMS to customer 6herberthill [] []
[2020-07-28 08:00:04] Credit Warning SMS Yellow Zone log.INFO: Credit warning SMS sent to customer 6herberthill [] []
[2020-07-28 08:00:04] Credit Warning SMS Yellow Zone log.INFO: Sending credit warning SMS to customer 23herberthill [] []
[2020-07-28 08:00:04] Credit Warning SMS Yellow Zone log.INFO: Credit warning SMS sent to customer 23herberthill [] []
[2020-07-28 08:00:04] Credit Warning SMS Yellow Zone log.INFO: Sending credit warning SMS to customer 36herberthill [] []
[2020-07-28 08:00:04] Credit Warning SMS Yellow Zone log.INFO: Credit warning SMS sent to customer 36herberthill [] []
[2020-07-28 08:00:04] Credit Warning SMS Yellow Zone log.INFO: Sending credit warning SMS to customer 38herberthill [] []
[2020-07-28 08:00:04] Credit Warning SMS Yellow Zone log.INFO: Credit warning SMS sent to customer 38herberthill [] []
[2020-07-28 08:00:04] Credit Warning SMS Yellow Zone log.INFO: Sending credit warning SMS to customer 20marina [] []
[2020-07-28 08:00:04] Credit Warning SMS Yellow Zone log.INFO: Credit warning SMS sent to customer 20marina [] []
[2020-07-28 08:00:04] Credit Warning SMS Yellow Zone log.INFO: Sending credit warning SMS to customer 31marina [] []
[2020-07-28 08:00:04] Credit Warning SMS Yellow Zone log.INFO: Credit warning SMS sent to customer 31marina [] []
[2020-07-28 08:00:04] Credit Warning SMS Yellow Zone log.INFO: Sending credit warning SMS to customer 37marina [] []
[2020-07-28 08:00:04] Credit Warning SMS Yellow Zone log.INFO: Credit warning SMS sent to customer 37marina [] []
[2020-07-28 08:00:04] Credit Warning SMS Yellow Zone log.INFO: Sent Credit warning SMS to 73 customers! [] []
