[2020-03-28 10:30:02] Credit Warning SMS Yellow Zone log.INFO: Sending credit warning SMS to customer 12sundayswell [] []
[2020-03-28 10:30:02] Credit Warning SMS Yellow Zone log.INFO: Credit warning SMS sent to customer 12sundayswell [] []
[2020-03-28 10:30:02] Credit Warning SMS Yellow Zone log.INFO: Sending credit warning SMS to customer 2garryknock [] []
[2020-03-28 10:30:02] Credit Warning SMS Yellow Zone log.INFO: Credit warning SMS sent to customer 2garryknock [] []
[2020-03-28 10:30:02] Credit Warning SMS Yellow Zone log.INFO: Sending credit warning SMS to customer 7garryknock [] []
[2020-03-28 10:30:02] Credit Warning SMS Yellow Zone log.INFO: Credit warning SMS sent to customer 7garryknock [] []
[2020-03-28 10:30:02] Credit Warning SMS Yellow Zone log.INFO: Sending credit warning SMS to customer 5garryknock [] []
[2020-03-28 10:30:02] Credit Warning SMS Yellow Zone log.INFO: Credit warning SMS sent to customer 5garryknock [] []
[2020-03-28 10:30:02] Credit Warning SMS Yellow Zone log.INFO: Sending credit warning SMS to customer 2brackenview [] []
[2020-03-28 10:30:02] Credit Warning SMS Yellow Zone log.INFO: Credit warning SMS sent to customer 2brackenview [] []
[2020-03-28 10:30:02] Credit Warning SMS Yellow Zone log.INFO: Sending credit warning SMS to customer 8Emerald [] []
[2020-03-28 10:30:02] Credit Warning SMS Yellow Zone log.INFO: Credit warning SMS sent to customer 8Emerald [] []
[2020-03-28 10:30:02] Credit Warning SMS Yellow Zone log.INFO: Sending credit warning SMS to customer 4Emerald [] []
[2020-03-28 10:30:02] Credit Warning SMS Yellow Zone log.INFO: Credit warning SMS sent to customer 4Emerald [] []
[2020-03-28 10:30:02] Credit Warning SMS Yellow Zone log.INFO: Sending credit warning SMS to customer 117Neptune [] []
[2020-03-28 10:30:02] Credit Warning SMS Yellow Zone log.INFO: Credit warning SMS sent to customer 117Neptune [] []
[2020-03-28 10:30:02] Credit Warning SMS Yellow Zone log.INFO: Sending credit warning SMS to customer 99Neptune [] []
[2020-03-28 10:30:02] Credit Warning SMS Yellow Zone log.INFO: Credit warning SMS sent to customer 99Neptune [] []
[2020-03-28 10:30:02] Credit Warning SMS Yellow Zone log.INFO: Sending credit warning SMS to customer 169neptune [] []
[2020-03-28 10:30:02] Credit Warning SMS Yellow Zone log.INFO: Credit warning SMS sent to customer 169neptune [] []
[2020-03-28 10:30:02] Credit Warning SMS Yellow Zone log.INFO: Sending credit warning SMS to customer 140Neptune [] []
[2020-03-28 10:30:02] Credit Warning SMS Yellow Zone log.INFO: Credit warning SMS sent to customer 140Neptune [] []
[2020-03-28 10:30:02] Credit Warning SMS Yellow Zone log.INFO: Sending credit warning SMS to customer 61Neptune [] []
[2020-03-28 10:30:02] Credit Warning SMS Yellow Zone log.INFO: Credit warning SMS sent to customer 61Neptune [] []
[2020-03-28 10:30:02] Credit Warning SMS Yellow Zone log.INFO: Sending credit warning SMS to customer 111Neptune [] []
[2020-03-28 10:30:02] Credit Warning SMS Yellow Zone log.INFO: Credit warning SMS sent to customer 111Neptune [] []
[2020-03-28 10:30:02] Credit Warning SMS Yellow Zone log.INFO: Sending credit warning SMS to customer 165neptune [] []
[2020-03-28 10:30:02] Credit Warning SMS Yellow Zone log.INFO: Credit warning SMS sent to customer 165neptune [] []
[2020-03-28 10:30:02] Credit Warning SMS Yellow Zone log.INFO: Sending credit warning SMS to customer 23neptune [] []
[2020-03-28 10:30:02] Credit Warning SMS Yellow Zone log.INFO: Credit warning SMS sent to customer 23neptune [] []
[2020-03-28 10:30:02] Credit Warning SMS Yellow Zone log.INFO: Sending credit warning SMS to customer 62Neptune [] []
[2020-03-28 10:30:02] Credit Warning SMS Yellow Zone log.INFO: Credit warning SMS sent to customer 62Neptune [] []
[2020-03-28 10:30:02] Credit Warning SMS Yellow Zone log.INFO: Sending credit warning SMS to customer 78Neptune [] []
[2020-03-28 10:30:02] Credit Warning SMS Yellow Zone log.INFO: Credit warning SMS sent to customer 78Neptune [] []
[2020-03-28 10:30:02] Credit Warning SMS Yellow Zone log.INFO: Sending credit warning SMS to customer 94Neptune [] []
[2020-03-28 10:30:02] Credit Warning SMS Yellow Zone log.INFO: Credit warning SMS sent to customer 94Neptune [] []
[2020-03-28 10:30:02] Credit Warning SMS Yellow Zone log.INFO: Sending credit warning SMS to customer 21Abbott [] []
[2020-03-28 10:30:03] Credit Warning SMS Yellow Zone log.INFO: Credit warning SMS sent to customer 21Abbott [] []
[2020-03-28 10:30:03] Credit Warning SMS Yellow Zone log.INFO: Sending credit warning SMS to customer 13Abbott [] []
[2020-03-28 10:30:03] Credit Warning SMS Yellow Zone log.INFO: Credit warning SMS sent to customer 13Abbott [] []
[2020-03-28 10:30:03] Credit Warning SMS Yellow Zone log.INFO: Sending credit warning SMS to customer 70Abbott [] []
[2020-03-28 10:30:03] Credit Warning SMS Yellow Zone log.INFO: Credit warning SMS sent to customer 70Abbott [] []
[2020-03-28 10:30:03] Credit Warning SMS Yellow Zone log.INFO: Sending credit warning SMS to customer 84Abbott [] []
[2020-03-28 10:30:03] Credit Warning SMS Yellow Zone log.INFO: Credit warning SMS sent to customer 84Abbott [] []
[2020-03-28 10:30:03] Credit Warning SMS Yellow Zone log.INFO: Sending credit warning SMS to customer 91Abbott [] []
[2020-03-28 10:30:03] Credit Warning SMS Yellow Zone log.INFO: Credit warning SMS sent to customer 91Abbott [] []
[2020-03-28 10:30:03] Credit Warning SMS Yellow Zone log.INFO: Sending credit warning SMS to customer 71Abbott [] []
[2020-03-28 10:30:03] Credit Warning SMS Yellow Zone log.INFO: Credit warning SMS sent to customer 71Abbott [] []
[2020-03-28 10:30:03] Credit Warning SMS Yellow Zone log.INFO: Sending credit warning SMS to customer 105Abbott [] []
[2020-03-28 10:30:03] Credit Warning SMS Yellow Zone log.INFO: Credit warning SMS sent to customer 105Abbott [] []
[2020-03-28 10:30:03] Credit Warning SMS Yellow Zone log.INFO: Sending credit warning SMS to customer 109Abbott [] []
[2020-03-28 10:30:03] Credit Warning SMS Yellow Zone log.INFO: Credit warning SMS sent to customer 109Abbott [] []
[2020-03-28 10:30:03] Credit Warning SMS Yellow Zone log.INFO: Sending credit warning SMS to customer 122Abbott [] []
[2020-03-28 10:30:03] Credit Warning SMS Yellow Zone log.INFO: Credit warning SMS sent to customer 122Abbott [] []
[2020-03-28 10:30:03] Credit Warning SMS Yellow Zone log.INFO: Sending credit warning SMS to customer 98Abbott [] []
[2020-03-28 10:30:03] Credit Warning SMS Yellow Zone log.INFO: Credit warning SMS sent to customer 98Abbott [] []
[2020-03-28 10:30:03] Credit Warning SMS Yellow Zone log.INFO: Sending credit warning SMS to customer 115Abbott [] []
[2020-03-28 10:30:03] Credit Warning SMS Yellow Zone log.INFO: Credit warning SMS sent to customer 115Abbott [] []
[2020-03-28 10:30:03] Credit Warning SMS Yellow Zone log.INFO: Sending credit warning SMS to customer 81Abbott [] []
[2020-03-28 10:30:03] Credit Warning SMS Yellow Zone log.INFO: Credit warning SMS sent to customer 81Abbott [] []
[2020-03-28 10:30:03] Credit Warning SMS Yellow Zone log.INFO: Sending credit warning SMS to customer 96Abbott [] []
[2020-03-28 10:30:03] Credit Warning SMS Yellow Zone log.INFO: Credit warning SMS sent to customer 96Abbott [] []
[2020-03-28 10:30:03] Credit Warning SMS Yellow Zone log.INFO: Sending credit warning SMS to customer 141abbott [] []
[2020-03-28 10:30:03] Credit Warning SMS Yellow Zone log.INFO: Credit warning SMS sent to customer 141abbott [] []
[2020-03-28 10:30:03] Credit Warning SMS Yellow Zone log.INFO: Sending credit warning SMS to customer 163abbott [] []
[2020-03-28 10:30:03] Credit Warning SMS Yellow Zone log.INFO: Credit warning SMS sent to customer 163abbott [] []
[2020-03-28 10:30:03] Credit Warning SMS Yellow Zone log.INFO: Sending credit warning SMS to customer 18GreenBank [] []
[2020-03-28 10:30:03] Credit Warning SMS Yellow Zone log.INFO: Credit warning SMS sent to customer 18GreenBank [] []
[2020-03-28 10:30:03] Credit Warning SMS Yellow Zone log.INFO: Sending credit warning SMS to customer 164abbott [] []
[2020-03-28 10:30:03] Credit Warning SMS Yellow Zone log.INFO: Credit warning SMS sent to customer 164abbott [] []
[2020-03-28 10:30:03] Credit Warning SMS Yellow Zone log.INFO: Sending credit warning SMS to customer 104Abbott [] []
[2020-03-28 10:30:03] Credit Warning SMS Yellow Zone log.INFO: Credit warning SMS sent to customer 104Abbott [] []
[2020-03-28 10:30:03] Credit Warning SMS Yellow Zone log.INFO: Sending credit warning SMS to customer 21GreenBank [] []
[2020-03-28 10:30:03] Credit Warning SMS Yellow Zone log.INFO: Credit warning SMS sent to customer 21GreenBank [] []
[2020-03-28 10:30:03] Credit Warning SMS Yellow Zone log.INFO: Sending credit warning SMS to customer 67eustace [] []
[2020-03-28 10:30:03] Credit Warning SMS Yellow Zone log.INFO: Credit warning SMS sent to customer 67eustace [] []
[2020-03-28 10:30:03] Credit Warning SMS Yellow Zone log.INFO: Sending credit warning SMS to customer 61eustace [] []
[2020-03-28 10:30:03] Credit Warning SMS Yellow Zone log.INFO: Credit warning SMS sent to customer 61eustace [] []
[2020-03-28 10:30:03] Credit Warning SMS Yellow Zone log.INFO: Sending credit warning SMS to customer 139leona [] []
[2020-03-28 10:30:03] Credit Warning SMS Yellow Zone log.INFO: Credit warning SMS sent to customer 139leona [] []
[2020-03-28 10:30:03] Credit Warning SMS Yellow Zone log.INFO: Sending credit warning SMS to customer 5leona [] []
[2020-03-28 10:30:03] Credit Warning SMS Yellow Zone log.INFO: Credit warning SMS sent to customer 5leona [] []
[2020-03-28 10:30:03] Credit Warning SMS Yellow Zone log.INFO: Sending credit warning SMS to customer 135leona [] []
[2020-03-28 10:30:03] Credit Warning SMS Yellow Zone log.INFO: Credit warning SMS sent to customer 135leona [] []
[2020-03-28 10:30:03] Credit Warning SMS Yellow Zone log.INFO: Sending credit warning SMS to customer 55leona [] []
[2020-03-28 10:30:03] Credit Warning SMS Yellow Zone log.INFO: Credit warning SMS sent to customer 55leona [] []
[2020-03-28 10:30:03] Credit Warning SMS Yellow Zone log.INFO: Sending credit warning SMS to customer 37leona [] []
[2020-03-28 10:30:03] Credit Warning SMS Yellow Zone log.INFO: Credit warning SMS sent to customer 37leona [] []
[2020-03-28 10:30:03] Credit Warning SMS Yellow Zone log.INFO: Sending credit warning SMS to customer 82leona [] []
[2020-03-28 10:30:03] Credit Warning SMS Yellow Zone log.INFO: Credit warning SMS sent to customer 82leona [] []
[2020-03-28 10:30:03] Credit Warning SMS Yellow Zone log.INFO: Sending credit warning SMS to customer 127charlotte [] []
[2020-03-28 10:30:03] Credit Warning SMS Yellow Zone log.INFO: Credit warning SMS sent to customer 127charlotte [] []
[2020-03-28 10:30:03] Credit Warning SMS Yellow Zone log.INFO: Sending credit warning SMS to customer 159charlotte [] []
[2020-03-28 10:30:03] Credit Warning SMS Yellow Zone log.INFO: Credit warning SMS sent to customer 159charlotte [] []
[2020-03-28 10:30:03] Credit Warning SMS Yellow Zone log.INFO: Sending credit warning SMS to customer 42charlotte [] []
[2020-03-28 10:30:03] Credit Warning SMS Yellow Zone log.INFO: Credit warning SMS sent to customer 42charlotte [] []
[2020-03-28 10:30:03] Credit Warning SMS Yellow Zone log.INFO: Sending credit warning SMS to customer 18charlotte [] []
[2020-03-28 10:30:04] Credit Warning SMS Yellow Zone log.INFO: Credit warning SMS sent to customer 18charlotte [] []
[2020-03-28 10:30:04] Credit Warning SMS Yellow Zone log.INFO: Sending credit warning SMS to customer 48charlotte [] []
[2020-03-28 10:30:04] Credit Warning SMS Yellow Zone log.INFO: Credit warning SMS sent to customer 48charlotte [] []
[2020-03-28 10:30:04] Credit Warning SMS Yellow Zone log.INFO: Sending credit warning SMS to customer 66charlotte [] []
[2020-03-28 10:30:04] Credit Warning SMS Yellow Zone log.INFO: Credit warning SMS sent to customer 66charlotte [] []
[2020-03-28 10:30:04] Credit Warning SMS Yellow Zone log.INFO: Sending credit warning SMS to customer 86charlotte [] []
[2020-03-28 10:30:04] Credit Warning SMS Yellow Zone log.INFO: Credit warning SMS sent to customer 86charlotte [] []
[2020-03-28 10:30:04] Credit Warning SMS Yellow Zone log.INFO: Sending credit warning SMS to customer 38charlotte [] []
[2020-03-28 10:30:04] Credit Warning SMS Yellow Zone log.INFO: Credit warning SMS sent to customer 38charlotte [] []
[2020-03-28 10:30:04] Credit Warning SMS Yellow Zone log.INFO: Sending credit warning SMS to customer 125charlotte [] []
[2020-03-28 10:30:04] Credit Warning SMS Yellow Zone log.INFO: Credit warning SMS sent to customer 125charlotte [] []
[2020-03-28 10:30:04] Credit Warning SMS Yellow Zone log.INFO: Sending credit warning SMS to customer 3charlotte [] []
[2020-03-28 10:30:04] Credit Warning SMS Yellow Zone log.INFO: Credit warning SMS sent to customer 3charlotte [] []
[2020-03-28 10:30:04] Credit Warning SMS Yellow Zone log.INFO: Sending credit warning SMS to customer 109charlotte [] []
[2020-03-28 10:30:04] Credit Warning SMS Yellow Zone log.INFO: Credit warning SMS sent to customer 109charlotte [] []
[2020-03-28 10:30:04] Credit Warning SMS Yellow Zone log.INFO: Sending credit warning SMS to customer 47bridgefield [] []
[2020-03-28 10:30:04] Credit Warning SMS Yellow Zone log.INFO: Credit warning SMS sent to customer 47bridgefield [] []
[2020-03-28 10:30:04] Credit Warning SMS Yellow Zone log.INFO: Sending credit warning SMS to customer 52bridgefield [] []
[2020-03-28 10:30:04] Credit Warning SMS Yellow Zone log.INFO: Credit warning SMS sent to customer 52bridgefield [] []
[2020-03-28 10:30:04] Credit Warning SMS Yellow Zone log.INFO: Sending credit warning SMS to customer 95bridgefield [] []
[2020-03-28 10:30:04] Credit Warning SMS Yellow Zone log.INFO: Credit warning SMS sent to customer 95bridgefield [] []
[2020-03-28 10:30:04] Credit Warning SMS Yellow Zone log.INFO: Sending credit warning SMS to customer 56bridgefield [] []
[2020-03-28 10:30:04] Credit Warning SMS Yellow Zone log.INFO: Credit warning SMS sent to customer 56bridgefield [] []
[2020-03-28 10:30:04] Credit Warning SMS Yellow Zone log.INFO: Sending credit warning SMS to customer 81bridgefield [] []
[2020-03-28 10:30:04] Credit Warning SMS Yellow Zone log.INFO: Credit warning SMS sent to customer 81bridgefield [] []
[2020-03-28 10:30:04] Credit Warning SMS Yellow Zone log.INFO: Sending credit warning SMS to customer 118bridgefield [] []
[2020-03-28 10:30:04] Credit Warning SMS Yellow Zone log.INFO: Credit warning SMS sent to customer 118bridgefield [] []
[2020-03-28 10:30:04] Credit Warning SMS Yellow Zone log.INFO: Sending credit warning SMS to customer 21pappan [] []
[2020-03-28 10:30:04] Credit Warning SMS Yellow Zone log.INFO: Credit warning SMS sent to customer 21pappan [] []
[2020-03-28 10:30:04] Credit Warning SMS Yellow Zone log.INFO: Sending credit warning SMS to customer 22pappan [] []
[2020-03-28 10:30:04] Credit Warning SMS Yellow Zone log.INFO: Credit warning SMS sent to customer 22pappan [] []
[2020-03-28 10:30:04] Credit Warning SMS Yellow Zone log.INFO: Sending credit warning SMS to customer 5pappan [] []
[2020-03-28 10:30:04] Credit Warning SMS Yellow Zone log.INFO: Credit warning SMS sent to customer 5pappan [] []
[2020-03-28 10:30:04] Credit Warning SMS Yellow Zone log.INFO: Sending credit warning SMS to customer 20pappan [] []
[2020-03-28 10:30:04] Credit Warning SMS Yellow Zone log.INFO: Credit warning SMS sent to customer 20pappan [] []
[2020-03-28 10:30:04] Credit Warning SMS Yellow Zone log.INFO: Sending credit warning SMS to customer 13pappan [] []
[2020-03-28 10:30:04] Credit Warning SMS Yellow Zone log.INFO: Credit warning SMS sent to customer 13pappan [] []
[2020-03-28 10:30:04] Credit Warning SMS Yellow Zone log.INFO: Sending credit warning SMS to customer 17pappan [] []
[2020-03-28 10:30:04] Credit Warning SMS Yellow Zone log.INFO: Credit warning SMS sent to customer 17pappan [] []
[2020-03-28 10:30:04] Credit Warning SMS Yellow Zone log.INFO: Sending credit warning SMS to customer 45fairways [] []
[2020-03-28 10:30:04] Credit Warning SMS Yellow Zone log.INFO: Credit warning SMS sent to customer 45fairways [] []
[2020-03-28 10:30:04] Credit Warning SMS Yellow Zone log.INFO: Sending credit warning SMS to customer 162fairways [] []
[2020-03-28 10:30:04] Credit Warning SMS Yellow Zone log.INFO: Credit warning SMS sent to customer 162fairways [] []
[2020-03-28 10:30:04] Credit Warning SMS Yellow Zone log.INFO: Sending credit warning SMS to customer 37fairways [] []
[2020-03-28 10:30:04] Credit Warning SMS Yellow Zone log.INFO: Credit warning SMS sent to customer 37fairways [] []
[2020-03-28 10:30:04] Credit Warning SMS Yellow Zone log.INFO: Sending credit warning SMS to customer 36herberthill [] []
[2020-03-28 10:30:04] Credit Warning SMS Yellow Zone log.INFO: Credit warning SMS sent to customer 36herberthill [] []
[2020-03-28 10:30:04] Credit Warning SMS Yellow Zone log.INFO: Sending credit warning SMS to customer 82herberthill [] []
[2020-03-28 10:30:04] Credit Warning SMS Yellow Zone log.INFO: Credit warning SMS sent to customer 82herberthill [] []
[2020-03-28 10:30:04] Credit Warning SMS Yellow Zone log.INFO: Sent Credit warning SMS to 73 customers! [] []
