[2020-12-24 08:00:01] Credit Warning SMS Yellow Zone log.INFO: Sending credit warning SMS to customer 15brackenview [] []
[2020-12-24 08:00:01] Credit Warning SMS Yellow Zone log.INFO: Credit warning SMS sent to customer 15brackenview [] []
[2020-12-24 08:00:01] Credit Warning SMS Yellow Zone log.INFO: Sending credit warning SMS to customer 15sundayswell [] []
[2020-12-24 08:00:02] Credit Warning SMS Yellow Zone log.INFO: Credit warning SMS sent to customer 15sundayswell [] []
[2020-12-24 08:00:02] Credit Warning SMS Yellow Zone log.INFO: Sending credit warning SMS to customer 3sundayswell [] []
[2020-12-24 08:00:02] Credit Warning SMS Yellow Zone log.INFO: Credit warning SMS sent to customer 3sundayswell [] []
[2020-12-24 08:00:02] Credit Warning SMS Yellow Zone log.INFO: Sending credit warning SMS to customer 6garryknock [] []
[2020-12-24 08:00:02] Credit Warning SMS Yellow Zone log.INFO: Credit warning SMS sent to customer 6garryknock [] []
[2020-12-24 08:00:02] Credit Warning SMS Yellow Zone log.INFO: Sending credit warning SMS to customer 3garryknock [] []
[2020-12-24 08:00:02] Credit Warning SMS Yellow Zone log.INFO: Credit warning SMS sent to customer 3garryknock [] []
[2020-12-24 08:00:02] Credit Warning SMS Yellow Zone log.INFO: Sending credit warning SMS to customer 18garryknock [] []
[2020-12-24 08:00:02] Credit Warning SMS Yellow Zone log.INFO: Credit warning SMS sent to customer 18garryknock [] []
[2020-12-24 08:00:02] Credit Warning SMS Yellow Zone log.INFO: Sending credit warning SMS to customer 16sundayswell [] []
[2020-12-24 08:00:02] Credit Warning SMS Yellow Zone log.INFO: Credit warning SMS sent to customer 16sundayswell [] []
[2020-12-24 08:00:02] Credit Warning SMS Yellow Zone log.INFO: Sending credit warning SMS to customer 8Emerald [] []
[2020-12-24 08:00:02] Credit Warning SMS Yellow Zone log.INFO: Credit warning SMS sent to customer 8Emerald [] []
[2020-12-24 08:00:02] Credit Warning SMS Yellow Zone log.INFO: Sending credit warning SMS to customer 50Emerald [] []
[2020-12-24 08:00:02] Credit Warning SMS Yellow Zone log.INFO: Credit warning SMS sent to customer 50Emerald [] []
[2020-12-24 08:00:02] Credit Warning SMS Yellow Zone log.INFO: Sending credit warning SMS to customer 41Emerald [] []
[2020-12-24 08:00:02] Credit Warning SMS Yellow Zone log.INFO: Credit warning SMS sent to customer 41Emerald [] []
[2020-12-24 08:00:02] Credit Warning SMS Yellow Zone log.INFO: Sending credit warning SMS to customer 6Emerald [] []
[2020-12-24 08:00:02] Credit Warning SMS Yellow Zone log.INFO: Credit warning SMS sent to customer 6Emerald [] []
[2020-12-24 08:00:02] Credit Warning SMS Yellow Zone log.INFO: Sending credit warning SMS to customer 46Emerald [] []
[2020-12-24 08:00:02] Credit Warning SMS Yellow Zone log.INFO: Credit warning SMS sent to customer 46Emerald [] []
[2020-12-24 08:00:02] Credit Warning SMS Yellow Zone log.INFO: Sending credit warning SMS to customer 16Emerald [] []
[2020-12-24 08:00:02] Credit Warning SMS Yellow Zone log.INFO: Credit warning SMS sent to customer 16Emerald [] []
[2020-12-24 08:00:02] Credit Warning SMS Yellow Zone log.INFO: Sending credit warning SMS to customer 19Emerald [] []
[2020-12-24 08:00:02] Credit Warning SMS Yellow Zone log.INFO: Credit warning SMS sent to customer 19Emerald [] []
[2020-12-24 08:00:02] Credit Warning SMS Yellow Zone log.INFO: Sending credit warning SMS to customer 27neptune [] []
[2020-12-24 08:00:02] Credit Warning SMS Yellow Zone log.INFO: Credit warning SMS sent to customer 27neptune [] []
[2020-12-24 08:00:02] Credit Warning SMS Yellow Zone log.INFO: Sending credit warning SMS to customer 153Neptune [] []
[2020-12-24 08:00:02] Credit Warning SMS Yellow Zone log.INFO: Credit warning SMS sent to customer 153Neptune [] []
[2020-12-24 08:00:02] Credit Warning SMS Yellow Zone log.INFO: Sending credit warning SMS to customer 115Neptune [] []
[2020-12-24 08:00:02] Credit Warning SMS Yellow Zone log.INFO: Credit warning SMS sent to customer 115Neptune [] []
[2020-12-24 08:00:02] Credit Warning SMS Yellow Zone log.INFO: Sending credit warning SMS to customer 117Neptune [] []
[2020-12-24 08:00:02] Credit Warning SMS Yellow Zone log.INFO: Credit warning SMS sent to customer 117Neptune [] []
[2020-12-24 08:00:02] Credit Warning SMS Yellow Zone log.INFO: Sending credit warning SMS to customer 119Neptune [] []
[2020-12-24 08:00:02] Credit Warning SMS Yellow Zone log.INFO: Credit warning SMS sent to customer 119Neptune [] []
[2020-12-24 08:00:02] Credit Warning SMS Yellow Zone log.INFO: Sending credit warning SMS to customer 108Neptune [] []
[2020-12-24 08:00:02] Credit Warning SMS Yellow Zone log.INFO: Credit warning SMS sent to customer 108Neptune [] []
[2020-12-24 08:00:02] Credit Warning SMS Yellow Zone log.INFO: Sending credit warning SMS to customer 106Neptune [] []
[2020-12-24 08:00:02] Credit Warning SMS Yellow Zone log.INFO: Credit warning SMS sent to customer 106Neptune [] []
[2020-12-24 08:00:02] Credit Warning SMS Yellow Zone log.INFO: Sending credit warning SMS to customer 159Neptune [] []
[2020-12-24 08:00:02] Credit Warning SMS Yellow Zone log.INFO: Credit warning SMS sent to customer 159Neptune [] []
[2020-12-24 08:00:02] Credit Warning SMS Yellow Zone log.INFO: Sending credit warning SMS to customer 99Neptune [] []
[2020-12-24 08:00:03] Credit Warning SMS Yellow Zone log.INFO: Credit warning SMS sent to customer 99Neptune [] []
[2020-12-24 08:00:03] Credit Warning SMS Yellow Zone log.INFO: Sending credit warning SMS to customer 56Neptune [] []
[2020-12-24 08:00:03] Credit Warning SMS Yellow Zone log.INFO: Credit warning SMS sent to customer 56Neptune [] []
[2020-12-24 08:00:03] Credit Warning SMS Yellow Zone log.INFO: Sending credit warning SMS to customer 91Neptune [] []
[2020-12-24 08:00:03] Credit Warning SMS Yellow Zone log.INFO: Credit warning SMS sent to customer 91Neptune [] []
[2020-12-24 08:00:03] Credit Warning SMS Yellow Zone log.INFO: Sending credit warning SMS to customer 25neptune [] []
[2020-12-24 08:00:03] Credit Warning SMS Yellow Zone log.INFO: Credit warning SMS sent to customer 25neptune [] []
[2020-12-24 08:00:03] Credit Warning SMS Yellow Zone log.INFO: Sending credit warning SMS to customer 53Neptune [] []
[2020-12-24 08:00:03] Credit Warning SMS Yellow Zone log.INFO: Credit warning SMS sent to customer 53Neptune [] []
[2020-12-24 08:00:03] Credit Warning SMS Yellow Zone log.INFO: Sending credit warning SMS to customer 63Neptune [] []
[2020-12-24 08:00:03] Credit Warning SMS Yellow Zone log.INFO: Credit warning SMS sent to customer 63Neptune [] []
[2020-12-24 08:00:03] Credit Warning SMS Yellow Zone log.INFO: Sending credit warning SMS to customer 154Neptune [] []
[2020-12-24 08:00:03] Credit Warning SMS Yellow Zone log.INFO: Credit warning SMS sent to customer 154Neptune [] []
[2020-12-24 08:00:03] Credit Warning SMS Yellow Zone log.INFO: Sending credit warning SMS to customer 73Neptune [] []
[2020-12-24 08:00:03] Credit Warning SMS Yellow Zone log.INFO: Credit warning SMS sent to customer 73Neptune [] []
[2020-12-24 08:00:03] Credit Warning SMS Yellow Zone log.INFO: Sending credit warning SMS to customer 195neptune [] []
[2020-12-24 08:00:03] Credit Warning SMS Yellow Zone log.INFO: Credit warning SMS sent to customer 195neptune [] []
[2020-12-24 08:00:03] Credit Warning SMS Yellow Zone log.INFO: Sending credit warning SMS to customer 69Neptune [] []
[2020-12-24 08:00:03] Credit Warning SMS Yellow Zone log.INFO: Credit warning SMS sent to customer 69Neptune [] []
[2020-12-24 08:00:03] Credit Warning SMS Yellow Zone log.INFO: Sending credit warning SMS to customer 179neptune [] []
[2020-12-24 08:00:03] Credit Warning SMS Yellow Zone log.INFO: Credit warning SMS sent to customer 179neptune [] []
[2020-12-24 08:00:03] Credit Warning SMS Yellow Zone log.INFO: Sending credit warning SMS to customer 10Abbott [] []
[2020-12-24 08:00:03] Credit Warning SMS Yellow Zone log.INFO: Credit warning SMS sent to customer 10Abbott [] []
[2020-12-24 08:00:03] Credit Warning SMS Yellow Zone log.INFO: Sending credit warning SMS to customer 28Abbott [] []
[2020-12-24 08:00:03] Credit Warning SMS Yellow Zone log.INFO: Credit warning SMS sent to customer 28Abbott [] []
[2020-12-24 08:00:03] Credit Warning SMS Yellow Zone log.INFO: Sending credit warning SMS to customer 37Abbott [] []
[2020-12-24 08:00:03] Credit Warning SMS Yellow Zone log.INFO: Credit warning SMS sent to customer 37Abbott [] []
[2020-12-24 08:00:03] Credit Warning SMS Yellow Zone log.INFO: Sending credit warning SMS to customer 13Abbott [] []
[2020-12-24 08:00:03] Credit Warning SMS Yellow Zone log.INFO: Credit warning SMS sent to customer 13Abbott [] []
[2020-12-24 08:00:03] Credit Warning SMS Yellow Zone log.INFO: Sending credit warning SMS to customer 6Abbott [] []
[2020-12-24 08:00:03] Credit Warning SMS Yellow Zone log.INFO: Credit warning SMS sent to customer 6Abbott [] []
[2020-12-24 08:00:03] Credit Warning SMS Yellow Zone log.INFO: Sending credit warning SMS to customer 88Abbott [] []
[2020-12-24 08:00:03] Credit Warning SMS Yellow Zone log.INFO: Credit warning SMS sent to customer 88Abbott [] []
[2020-12-24 08:00:03] Credit Warning SMS Yellow Zone log.INFO: Sending credit warning SMS to customer 84Abbott [] []
[2020-12-24 08:00:03] Credit Warning SMS Yellow Zone log.INFO: Credit warning SMS sent to customer 84Abbott [] []
[2020-12-24 08:00:03] Credit Warning SMS Yellow Zone log.INFO: Sending credit warning SMS to customer 65Abbott [] []
[2020-12-24 08:00:03] Credit Warning SMS Yellow Zone log.INFO: Credit warning SMS sent to customer 65Abbott [] []
[2020-12-24 08:00:03] Credit Warning SMS Yellow Zone log.INFO: Sending credit warning SMS to customer 71Abbott [] []
[2020-12-24 08:00:03] Credit Warning SMS Yellow Zone log.INFO: Credit warning SMS sent to customer 71Abbott [] []
[2020-12-24 08:00:03] Credit Warning SMS Yellow Zone log.INFO: Sending credit warning SMS to customer 111Abbott [] []
[2020-12-24 08:00:03] Credit Warning SMS Yellow Zone log.INFO: Credit warning SMS sent to customer 111Abbott [] []
[2020-12-24 08:00:03] Credit Warning SMS Yellow Zone log.INFO: Sending credit warning SMS to customer 98Abbott [] []
[2020-12-24 08:00:03] Credit Warning SMS Yellow Zone log.INFO: Credit warning SMS sent to customer 98Abbott [] []
[2020-12-24 08:00:03] Credit Warning SMS Yellow Zone log.INFO: Sending credit warning SMS to customer 115Abbott [] []
[2020-12-24 08:00:03] Credit Warning SMS Yellow Zone log.INFO: Credit warning SMS sent to customer 115Abbott [] []
[2020-12-24 08:00:03] Credit Warning SMS Yellow Zone log.INFO: Sending credit warning SMS to customer 9GreenBank [] []
[2020-12-24 08:00:04] Credit Warning SMS Yellow Zone log.INFO: Credit warning SMS sent to customer 9GreenBank [] []
[2020-12-24 08:00:04] Credit Warning SMS Yellow Zone log.INFO: Sending credit warning SMS to customer 126abbott [] []
[2020-12-24 08:00:04] Credit Warning SMS Yellow Zone log.INFO: Credit warning SMS sent to customer 126abbott [] []
[2020-12-24 08:00:04] Credit Warning SMS Yellow Zone log.INFO: Sending credit warning SMS to customer 150abbott [] []
[2020-12-24 08:00:04] Credit Warning SMS Yellow Zone log.INFO: Credit warning SMS sent to customer 150abbott [] []
[2020-12-24 08:00:04] Credit Warning SMS Yellow Zone log.INFO: Sending credit warning SMS to customer 164abbott [] []
[2020-12-24 08:00:04] Credit Warning SMS Yellow Zone log.INFO: Credit warning SMS sent to customer 164abbott [] []
[2020-12-24 08:00:04] Credit Warning SMS Yellow Zone log.INFO: Sending credit warning SMS to customer 184abbott [] []
[2020-12-24 08:00:04] Credit Warning SMS Yellow Zone log.INFO: Credit warning SMS sent to customer 184abbott [] []
[2020-12-24 08:00:04] Credit Warning SMS Yellow Zone log.INFO: Sending credit warning SMS to customer 44Abbott [] []
[2020-12-24 08:00:04] Credit Warning SMS Yellow Zone log.INFO: Credit warning SMS sent to customer 44Abbott [] []
[2020-12-24 08:00:04] Credit Warning SMS Yellow Zone log.INFO: Sending credit warning SMS to customer 17eustace [] []
[2020-12-24 08:00:04] Credit Warning SMS Yellow Zone log.INFO: Credit warning SMS sent to customer 17eustace [] []
[2020-12-24 08:00:04] Credit Warning SMS Yellow Zone log.INFO: Sending credit warning SMS to customer 33eustace [] []
[2020-12-24 08:00:04] Credit Warning SMS Yellow Zone log.INFO: Credit warning SMS sent to customer 33eustace [] []
[2020-12-24 08:00:04] Credit Warning SMS Yellow Zone log.INFO: Sending credit warning SMS to customer 67eustace [] []
[2020-12-24 08:00:04] Credit Warning SMS Yellow Zone log.INFO: Credit warning SMS sent to customer 67eustace [] []
[2020-12-24 08:00:04] Credit Warning SMS Yellow Zone log.INFO: Sending credit warning SMS to customer 135leona [] []
[2020-12-24 08:00:04] Credit Warning SMS Yellow Zone log.INFO: Credit warning SMS sent to customer 135leona [] []
[2020-12-24 08:00:04] Credit Warning SMS Yellow Zone log.INFO: Sending credit warning SMS to customer 60leona [] []
[2020-12-24 08:00:04] Credit Warning SMS Yellow Zone log.INFO: Credit warning SMS sent to customer 60leona [] []
[2020-12-24 08:00:04] Credit Warning SMS Yellow Zone log.INFO: Sending credit warning SMS to customer 37leona [] []
[2020-12-24 08:00:04] Credit Warning SMS Yellow Zone log.INFO: Credit warning SMS sent to customer 37leona [] []
[2020-12-24 08:00:04] Credit Warning SMS Yellow Zone log.INFO: Sending credit warning SMS to customer 49leona [] []
[2020-12-24 08:00:04] Credit Warning SMS Yellow Zone log.INFO: Credit warning SMS sent to customer 49leona [] []
[2020-12-24 08:00:04] Credit Warning SMS Yellow Zone log.INFO: Sending credit warning SMS to customer 1leona [] []
[2020-12-24 08:00:04] Credit Warning SMS Yellow Zone log.INFO: Credit warning SMS sent to customer 1leona [] []
[2020-12-24 08:00:04] Credit Warning SMS Yellow Zone log.INFO: Sending credit warning SMS to customer 45leona [] []
[2020-12-24 08:00:04] Credit Warning SMS Yellow Zone log.INFO: Credit warning SMS sent to customer 45leona [] []
[2020-12-24 08:00:04] Credit Warning SMS Yellow Zone log.INFO: Sending credit warning SMS to customer 153charlotte [] []
[2020-12-24 08:00:04] Credit Warning SMS Yellow Zone log.INFO: Credit warning SMS sent to customer 153charlotte [] []
[2020-12-24 08:00:04] Credit Warning SMS Yellow Zone log.INFO: Sending credit warning SMS to customer 124charlotte [] []
[2020-12-24 08:00:04] Credit Warning SMS Yellow Zone log.INFO: Credit warning SMS sent to customer 124charlotte [] []
[2020-12-24 08:00:04] Credit Warning SMS Yellow Zone log.INFO: Sending credit warning SMS to customer 5charlotte [] []
[2020-12-24 08:00:04] Credit Warning SMS Yellow Zone log.INFO: Credit warning SMS sent to customer 5charlotte [] []
[2020-12-24 08:00:04] Credit Warning SMS Yellow Zone log.INFO: Sending credit warning SMS to customer 112charlotte [] []
[2020-12-24 08:00:04] Credit Warning SMS Yellow Zone log.INFO: Credit warning SMS sent to customer 112charlotte [] []
[2020-12-24 08:00:04] Credit Warning SMS Yellow Zone log.INFO: Sending credit warning SMS to customer 3charlotte [] []
[2020-12-24 08:00:04] Credit Warning SMS Yellow Zone log.INFO: Credit warning SMS sent to customer 3charlotte [] []
[2020-12-24 08:00:04] Credit Warning SMS Yellow Zone log.INFO: Sending credit warning SMS to customer 8bridgefield [] []
[2020-12-24 08:00:04] Credit Warning SMS Yellow Zone log.INFO: Credit warning SMS sent to customer 8bridgefield [] []
[2020-12-24 08:00:04] Credit Warning SMS Yellow Zone log.INFO: Sending credit warning SMS to customer 21bridgefield [] []
[2020-12-24 08:00:05] Credit Warning SMS Yellow Zone log.INFO: Credit warning SMS sent to customer 21bridgefield [] []
[2020-12-24 08:00:05] Credit Warning SMS Yellow Zone log.INFO: Sending credit warning SMS to customer 71bridgefield [] []
[2020-12-24 08:00:05] Credit Warning SMS Yellow Zone log.INFO: Credit warning SMS sent to customer 71bridgefield [] []
[2020-12-24 08:00:05] Credit Warning SMS Yellow Zone log.INFO: Sending credit warning SMS to customer 78bridgefield [] []
[2020-12-24 08:00:05] Credit Warning SMS Yellow Zone log.INFO: Credit warning SMS sent to customer 78bridgefield [] []
[2020-12-24 08:00:05] Credit Warning SMS Yellow Zone log.INFO: Sending credit warning SMS to customer 82bridgefield [] []
[2020-12-24 08:00:05] Credit Warning SMS Yellow Zone log.INFO: Credit warning SMS sent to customer 82bridgefield [] []
[2020-12-24 08:00:05] Credit Warning SMS Yellow Zone log.INFO: Sending credit warning SMS to customer 183bridgefield [] []
[2020-12-24 08:00:05] Credit Warning SMS Yellow Zone log.INFO: Credit warning SMS sent to customer 183bridgefield [] []
[2020-12-24 08:00:05] Credit Warning SMS Yellow Zone log.INFO: Sending credit warning SMS to customer 150bridgefield [] []
[2020-12-24 08:00:05] Credit Warning SMS Yellow Zone log.INFO: Credit warning SMS sent to customer 150bridgefield [] []
[2020-12-24 08:00:05] Credit Warning SMS Yellow Zone log.INFO: Sending credit warning SMS to customer 105bridgefield [] []
[2020-12-24 08:00:05] Credit Warning SMS Yellow Zone log.INFO: Credit warning SMS sent to customer 105bridgefield [] []
[2020-12-24 08:00:05] Credit Warning SMS Yellow Zone log.INFO: Sending credit warning SMS to customer 152bridgefield [] []
[2020-12-24 08:00:05] Credit Warning SMS Yellow Zone log.INFO: Credit warning SMS sent to customer 152bridgefield [] []
[2020-12-24 08:00:05] Credit Warning SMS Yellow Zone log.INFO: Sending credit warning SMS to customer 211bridgefield [] []
[2020-12-24 08:00:05] Credit Warning SMS Yellow Zone log.INFO: Credit warning SMS sent to customer 211bridgefield [] []
[2020-12-24 08:00:05] Credit Warning SMS Yellow Zone log.INFO: Sending credit warning SMS to customer 147bridgefield [] []
[2020-12-24 08:00:05] Credit Warning SMS Yellow Zone log.INFO: Credit warning SMS sent to customer 147bridgefield [] []
[2020-12-24 08:00:05] Credit Warning SMS Yellow Zone log.INFO: Sending credit warning SMS to customer 129bridgefield [] []
[2020-12-24 08:00:05] Credit Warning SMS Yellow Zone log.INFO: Credit warning SMS sent to customer 129bridgefield [] []
[2020-12-24 08:00:05] Credit Warning SMS Yellow Zone log.INFO: Sending credit warning SMS to customer 137bridgefield [] []
[2020-12-24 08:00:05] Credit Warning SMS Yellow Zone log.INFO: Credit warning SMS sent to customer 137bridgefield [] []
[2020-12-24 08:00:05] Credit Warning SMS Yellow Zone log.INFO: Sending credit warning SMS to customer 207bridgefield [] []
[2020-12-24 08:00:05] Credit Warning SMS Yellow Zone log.INFO: Credit warning SMS sent to customer 207bridgefield [] []
[2020-12-24 08:00:05] Credit Warning SMS Yellow Zone log.INFO: Sending credit warning SMS to customer 100bridgefield [] []
[2020-12-24 08:00:05] Credit Warning SMS Yellow Zone log.INFO: Credit warning SMS sent to customer 100bridgefield [] []
[2020-12-24 08:00:05] Credit Warning SMS Yellow Zone log.INFO: Sending credit warning SMS to customer 175bridgefield [] []
[2020-12-24 08:00:05] Credit Warning SMS Yellow Zone log.INFO: Credit warning SMS sent to customer 175bridgefield [] []
[2020-12-24 08:00:05] Credit Warning SMS Yellow Zone log.INFO: Sending credit warning SMS to customer 33pappan [] []
[2020-12-24 08:00:05] Credit Warning SMS Yellow Zone log.INFO: Credit warning SMS sent to customer 33pappan [] []
[2020-12-24 08:00:05] Credit Warning SMS Yellow Zone log.INFO: Sending credit warning SMS to customer 21pappan [] []
[2020-12-24 08:00:05] Credit Warning SMS Yellow Zone log.INFO: Credit warning SMS sent to customer 21pappan [] []
[2020-12-24 08:00:05] Credit Warning SMS Yellow Zone log.INFO: Sending credit warning SMS to customer 16pappan [] []
[2020-12-24 08:00:05] Credit Warning SMS Yellow Zone log.INFO: Credit warning SMS sent to customer 16pappan [] []
[2020-12-24 08:00:05] Credit Warning SMS Yellow Zone log.INFO: Sending credit warning SMS to customer 3pappan [] []
[2020-12-24 08:00:05] Credit Warning SMS Yellow Zone log.INFO: Credit warning SMS sent to customer 3pappan [] []
[2020-12-24 08:00:05] Credit Warning SMS Yellow Zone log.INFO: Sending credit warning SMS to customer 81fairways [] []
[2020-12-24 08:00:05] Credit Warning SMS Yellow Zone log.INFO: Credit warning SMS sent to customer 81fairways [] []
[2020-12-24 08:00:05] Credit Warning SMS Yellow Zone log.INFO: Sending credit warning SMS to customer 111fairways [] []
[2020-12-24 08:00:05] Credit Warning SMS Yellow Zone log.INFO: Credit warning SMS sent to customer 111fairways [] []
[2020-12-24 08:00:05] Credit Warning SMS Yellow Zone log.INFO: Sending credit warning SMS to customer 68fairways [] []
[2020-12-24 08:00:05] Credit Warning SMS Yellow Zone log.INFO: Credit warning SMS sent to customer 68fairways [] []
[2020-12-24 08:00:05] Credit Warning SMS Yellow Zone log.INFO: Sending credit warning SMS to customer 143fairways [] []
[2020-12-24 08:00:05] Credit Warning SMS Yellow Zone log.INFO: Credit warning SMS sent to customer 143fairways [] []
[2020-12-24 08:00:05] Credit Warning SMS Yellow Zone log.INFO: Sending credit warning SMS to customer 55fairways [] []
[2020-12-24 08:00:06] Credit Warning SMS Yellow Zone log.INFO: Credit warning SMS sent to customer 55fairways [] []
[2020-12-24 08:00:06] Credit Warning SMS Yellow Zone log.INFO: Sending credit warning SMS to customer 47fairways [] []
[2020-12-24 08:00:06] Credit Warning SMS Yellow Zone log.INFO: Credit warning SMS sent to customer 47fairways [] []
[2020-12-24 08:00:06] Credit Warning SMS Yellow Zone log.INFO: Sending credit warning SMS to customer h22fairways [] []
[2020-12-24 08:00:06] Credit Warning SMS Yellow Zone log.INFO: Credit warning SMS sent to customer h22fairways [] []
[2020-12-24 08:00:06] Credit Warning SMS Yellow Zone log.INFO: Sending credit warning SMS to customer 38fairways [] []
[2020-12-24 08:00:06] Credit Warning SMS Yellow Zone log.INFO: Credit warning SMS sent to customer 38fairways [] []
[2020-12-24 08:00:06] Credit Warning SMS Yellow Zone log.INFO: Sending credit warning SMS to customer h42fairways [] []
[2020-12-24 08:00:06] Credit Warning SMS Yellow Zone log.INFO: Credit warning SMS sent to customer h42fairways [] []
[2020-12-24 08:00:06] Credit Warning SMS Yellow Zone log.INFO: Sending credit warning SMS to customer h33fairways [] []
[2020-12-24 08:00:06] Credit Warning SMS Yellow Zone log.INFO: Credit warning SMS sent to customer h33fairways [] []
[2020-12-24 08:00:06] Credit Warning SMS Yellow Zone log.INFO: Sending credit warning SMS to customer 63herberthill [] []
[2020-12-24 08:00:06] Credit Warning SMS Yellow Zone log.INFO: Credit warning SMS sent to customer 63herberthill [] []
[2020-12-24 08:00:06] Credit Warning SMS Yellow Zone log.INFO: Sending credit warning SMS to customer 23herberthill [] []
[2020-12-24 08:00:06] Credit Warning SMS Yellow Zone log.INFO: Credit warning SMS sent to customer 23herberthill [] []
[2020-12-24 08:00:06] Credit Warning SMS Yellow Zone log.INFO: Sending credit warning SMS to customer 29herberthill [] []
[2020-12-24 08:00:06] Credit Warning SMS Yellow Zone log.INFO: Credit warning SMS sent to customer 29herberthill [] []
[2020-12-24 08:00:06] Credit Warning SMS Yellow Zone log.INFO: Sending credit warning SMS to customer 24herberthill [] []
[2020-12-24 08:00:06] Credit Warning SMS Yellow Zone log.INFO: Credit warning SMS sent to customer 24herberthill [] []
[2020-12-24 08:00:06] Credit Warning SMS Yellow Zone log.INFO: Sending credit warning SMS to customer 58herberthill [] []
[2020-12-24 08:00:06] Credit Warning SMS Yellow Zone log.INFO: Credit warning SMS sent to customer 58herberthill [] []
[2020-12-24 08:00:06] Credit Warning SMS Yellow Zone log.INFO: Sending credit warning SMS to customer 81herberthill [] []
[2020-12-24 08:00:06] Credit Warning SMS Yellow Zone log.INFO: Credit warning SMS sent to customer 81herberthill [] []
[2020-12-24 08:00:06] Credit Warning SMS Yellow Zone log.INFO: Sending credit warning SMS to customer 61herberthill [] []
[2020-12-24 08:00:06] Credit Warning SMS Yellow Zone log.INFO: Credit warning SMS sent to customer 61herberthill [] []
[2020-12-24 08:00:06] Credit Warning SMS Yellow Zone log.INFO: Sending credit warning SMS to customer 45herberthill [] []
[2020-12-24 08:00:06] Credit Warning SMS Yellow Zone log.INFO: Credit warning SMS sent to customer 45herberthill [] []
[2020-12-24 08:00:06] Credit Warning SMS Yellow Zone log.INFO: Sending credit warning SMS to customer 6marina [] []
[2020-12-24 08:00:06] Credit Warning SMS Yellow Zone log.INFO: Credit warning SMS sent to customer 6marina [] []
[2020-12-24 08:00:06] Credit Warning SMS Yellow Zone log.INFO: Sending credit warning SMS to customer 91bracken [] []
[2020-12-24 08:00:06] Credit Warning SMS Yellow Zone log.INFO: Credit warning SMS sent to customer 91bracken [] []
[2020-12-24 08:00:06] Credit Warning SMS Yellow Zone log.INFO: Sending credit warning SMS to customer 92bracken [] []
[2020-12-24 08:00:06] Credit Warning SMS Yellow Zone log.INFO: Credit warning SMS sent to customer 92bracken [] []
[2020-12-24 08:00:06] Credit Warning SMS Yellow Zone log.INFO: Sending credit warning SMS to customer 71bracken [] []
[2020-12-24 08:00:06] Credit Warning SMS Yellow Zone log.INFO: Credit warning SMS sent to customer 71bracken [] []
[2020-12-24 08:00:06] Credit Warning SMS Yellow Zone log.INFO: Sending credit warning SMS to customer 76bracken [] []
[2020-12-24 08:00:06] Credit Warning SMS Yellow Zone log.INFO: Credit warning SMS sent to customer 76bracken [] []
[2020-12-24 08:00:06] Credit Warning SMS Yellow Zone log.INFO: Sending credit warning SMS to customer 48marina [] []
[2020-12-24 08:00:06] Credit Warning SMS Yellow Zone log.INFO: Credit warning SMS sent to customer 48marina [] []
[2020-12-24 08:00:06] Credit Warning SMS Yellow Zone log.INFO: Sent Credit warning SMS to 109 customers! [] []
