[2020-09-14 08:00:02] Credit Warning SMS Yellow Zone log.INFO: Sending credit warning SMS to customer 24garryknock [] []
[2020-09-14 08:00:02] Credit Warning SMS Yellow Zone log.INFO: Credit warning SMS sent to customer 24garryknock [] []
[2020-09-14 08:00:02] Credit Warning SMS Yellow Zone log.INFO: Sending credit warning SMS to customer 23garryknock [] []
[2020-09-14 08:00:02] Credit Warning SMS Yellow Zone log.INFO: Credit warning SMS sent to customer 23garryknock [] []
[2020-09-14 08:00:02] Credit Warning SMS Yellow Zone log.INFO: Sending credit warning SMS to customer 5brackenview [] []
[2020-09-14 08:00:02] Credit Warning SMS Yellow Zone log.INFO: Credit warning SMS sent to customer 5brackenview [] []
[2020-09-14 08:00:02] Credit Warning SMS Yellow Zone log.INFO: Sending credit warning SMS to customer 3Emerald [] []
[2020-09-14 08:00:02] Credit Warning SMS Yellow Zone log.INFO: Credit warning SMS sent to customer 3Emerald [] []
[2020-09-14 08:00:02] Credit Warning SMS Yellow Zone log.INFO: Sending credit warning SMS to customer 30Emerald [] []
[2020-09-14 08:00:03] Credit Warning SMS Yellow Zone log.INFO: Credit warning SMS sent to customer 30Emerald [] []
[2020-09-14 08:00:03] Credit Warning SMS Yellow Zone log.INFO: Sending credit warning SMS to customer 163neptune [] []
[2020-09-14 08:00:03] Credit Warning SMS Yellow Zone log.INFO: Credit warning SMS sent to customer 163neptune [] []
[2020-09-14 08:00:03] Credit Warning SMS Yellow Zone log.INFO: Sending credit warning SMS to customer 117Neptune [] []
[2020-09-14 08:00:03] Credit Warning SMS Yellow Zone log.INFO: Credit warning SMS sent to customer 117Neptune [] []
[2020-09-14 08:00:03] Credit Warning SMS Yellow Zone log.INFO: Sending credit warning SMS to customer 157Neptune [] []
[2020-09-14 08:00:03] Credit Warning SMS Yellow Zone log.INFO: Credit warning SMS sent to customer 157Neptune [] []
[2020-09-14 08:00:03] Credit Warning SMS Yellow Zone log.INFO: Sending credit warning SMS to customer 128Neptune [] []
[2020-09-14 08:00:03] Credit Warning SMS Yellow Zone log.INFO: Credit warning SMS sent to customer 128Neptune [] []
[2020-09-14 08:00:03] Credit Warning SMS Yellow Zone log.INFO: Sending credit warning SMS to customer 137Neptune [] []
[2020-09-14 08:00:03] Credit Warning SMS Yellow Zone log.INFO: Credit warning SMS sent to customer 137Neptune [] []
[2020-09-14 08:00:03] Credit Warning SMS Yellow Zone log.INFO: Sending credit warning SMS to customer 12neptune [] []
[2020-09-14 08:00:03] Credit Warning SMS Yellow Zone log.INFO: Credit warning SMS sent to customer 12neptune [] []
[2020-09-14 08:00:03] Credit Warning SMS Yellow Zone log.INFO: Sending credit warning SMS to customer 153Neptune [] []
[2020-09-14 08:00:03] Credit Warning SMS Yellow Zone log.INFO: Credit warning SMS sent to customer 153Neptune [] []
[2020-09-14 08:00:03] Credit Warning SMS Yellow Zone log.INFO: Sending credit warning SMS to customer 108Neptune [] []
[2020-09-14 08:00:03] Credit Warning SMS Yellow Zone log.INFO: Credit warning SMS sent to customer 108Neptune [] []
[2020-09-14 08:00:03] Credit Warning SMS Yellow Zone log.INFO: Sending credit warning SMS to customer 187neptune [] []
[2020-09-14 08:00:03] Credit Warning SMS Yellow Zone log.INFO: Credit warning SMS sent to customer 187neptune [] []
[2020-09-14 08:00:03] Credit Warning SMS Yellow Zone log.INFO: Sending credit warning SMS to customer 55Neptune [] []
[2020-09-14 08:00:03] Credit Warning SMS Yellow Zone log.INFO: Credit warning SMS sent to customer 55Neptune [] []
[2020-09-14 08:00:03] Credit Warning SMS Yellow Zone log.INFO: Sending credit warning SMS to customer 75Neptune [] []
[2020-09-14 08:00:03] Credit Warning SMS Yellow Zone log.INFO: Credit warning SMS sent to customer 75Neptune [] []
[2020-09-14 08:00:03] Credit Warning SMS Yellow Zone log.INFO: Sending credit warning SMS to customer 152Neptune [] []
[2020-09-14 08:00:03] Credit Warning SMS Yellow Zone log.INFO: Credit warning SMS sent to customer 152Neptune [] []
[2020-09-14 08:00:03] Credit Warning SMS Yellow Zone log.INFO: Sending credit warning SMS to customer 190neptune [] []
[2020-09-14 08:00:03] Credit Warning SMS Yellow Zone log.INFO: Credit warning SMS sent to customer 190neptune [] []
[2020-09-14 08:00:03] Credit Warning SMS Yellow Zone log.INFO: Sending credit warning SMS to customer 42neptune [] []
[2020-09-14 08:00:03] Credit Warning SMS Yellow Zone log.INFO: Credit warning SMS sent to customer 42neptune [] []
[2020-09-14 08:00:03] Credit Warning SMS Yellow Zone log.INFO: Sending credit warning SMS to customer 10Abbott [] []
[2020-09-14 08:00:03] Credit Warning SMS Yellow Zone log.INFO: Credit warning SMS sent to customer 10Abbott [] []
[2020-09-14 08:00:03] Credit Warning SMS Yellow Zone log.INFO: Sending credit warning SMS to customer 16Abbott [] []
[2020-09-14 08:00:03] Credit Warning SMS Yellow Zone log.INFO: Credit warning SMS sent to customer 16Abbott [] []
[2020-09-14 08:00:03] Credit Warning SMS Yellow Zone log.INFO: Sending credit warning SMS to customer 21Abbott [] []
[2020-09-14 08:00:03] Credit Warning SMS Yellow Zone log.INFO: Credit warning SMS sent to customer 21Abbott [] []
[2020-09-14 08:00:03] Credit Warning SMS Yellow Zone log.INFO: Sending credit warning SMS to customer 36Abbott [] []
[2020-09-14 08:00:03] Credit Warning SMS Yellow Zone log.INFO: Credit warning SMS sent to customer 36Abbott [] []
[2020-09-14 08:00:03] Credit Warning SMS Yellow Zone log.INFO: Sending credit warning SMS to customer 47Abbott [] []
[2020-09-14 08:00:03] Credit Warning SMS Yellow Zone log.INFO: Credit warning SMS sent to customer 47Abbott [] []
[2020-09-14 08:00:03] Credit Warning SMS Yellow Zone log.INFO: Sending credit warning SMS to customer 74Abbott [] []
[2020-09-14 08:00:03] Credit Warning SMS Yellow Zone log.INFO: Credit warning SMS sent to customer 74Abbott [] []
[2020-09-14 08:00:03] Credit Warning SMS Yellow Zone log.INFO: Sending credit warning SMS to customer 59Abbott [] []
[2020-09-14 08:00:03] Credit Warning SMS Yellow Zone log.INFO: Credit warning SMS sent to customer 59Abbott [] []
[2020-09-14 08:00:03] Credit Warning SMS Yellow Zone log.INFO: Sending credit warning SMS to customer 85Abbott [] []
[2020-09-14 08:00:03] Credit Warning SMS Yellow Zone log.INFO: Credit warning SMS sent to customer 85Abbott [] []
[2020-09-14 08:00:03] Credit Warning SMS Yellow Zone log.INFO: Sending credit warning SMS to customer 62Abbott [] []
[2020-09-14 08:00:03] Credit Warning SMS Yellow Zone log.INFO: Credit warning SMS sent to customer 62Abbott [] []
[2020-09-14 08:00:03] Credit Warning SMS Yellow Zone log.INFO: Sending credit warning SMS to customer 91Abbott [] []
[2020-09-14 08:00:03] Credit Warning SMS Yellow Zone log.INFO: Credit warning SMS sent to customer 91Abbott [] []
[2020-09-14 08:00:03] Credit Warning SMS Yellow Zone log.INFO: Sending credit warning SMS to customer 105Abbott [] []
[2020-09-14 08:00:03] Credit Warning SMS Yellow Zone log.INFO: Credit warning SMS sent to customer 105Abbott [] []
[2020-09-14 08:00:03] Credit Warning SMS Yellow Zone log.INFO: Sending credit warning SMS to customer 106Abbott [] []
[2020-09-14 08:00:03] Credit Warning SMS Yellow Zone log.INFO: Credit warning SMS sent to customer 106Abbott [] []
[2020-09-14 08:00:03] Credit Warning SMS Yellow Zone log.INFO: Sending credit warning SMS to customer 98Abbott [] []
[2020-09-14 08:00:03] Credit Warning SMS Yellow Zone log.INFO: Credit warning SMS sent to customer 98Abbott [] []
[2020-09-14 08:00:03] Credit Warning SMS Yellow Zone log.INFO: Sending credit warning SMS to customer 126abbott [] []
[2020-09-14 08:00:04] Credit Warning SMS Yellow Zone log.INFO: Credit warning SMS sent to customer 126abbott [] []
[2020-09-14 08:00:04] Credit Warning SMS Yellow Zone log.INFO: Sending credit warning SMS to customer 191abbott [] []
[2020-09-14 08:00:04] Credit Warning SMS Yellow Zone log.INFO: Credit warning SMS sent to customer 191abbott [] []
[2020-09-14 08:00:04] Credit Warning SMS Yellow Zone log.INFO: Sending credit warning SMS to customer 146abbott [] []
[2020-09-14 08:00:04] Credit Warning SMS Yellow Zone log.INFO: Credit warning SMS sent to customer 146abbott [] []
[2020-09-14 08:00:04] Credit Warning SMS Yellow Zone log.INFO: Sending credit warning SMS to customer 18GreenBank [] []
[2020-09-14 08:00:04] Credit Warning SMS Yellow Zone log.INFO: Credit warning SMS sent to customer 18GreenBank [] []
[2020-09-14 08:00:04] Credit Warning SMS Yellow Zone log.INFO: Sending credit warning SMS to customer 157abbott [] []
[2020-09-14 08:00:04] Credit Warning SMS Yellow Zone log.INFO: Credit warning SMS sent to customer 157abbott [] []
[2020-09-14 08:00:04] Credit Warning SMS Yellow Zone log.INFO: Sending credit warning SMS to customer 24GreenBank [] []
[2020-09-14 08:00:04] Credit Warning SMS Yellow Zone log.INFO: Credit warning SMS sent to customer 24GreenBank [] []
[2020-09-14 08:00:04] Credit Warning SMS Yellow Zone log.INFO: Sending credit warning SMS to customer 25GreenBank [] []
[2020-09-14 08:00:04] Credit Warning SMS Yellow Zone log.INFO: Credit warning SMS sent to customer 25GreenBank [] []
[2020-09-14 08:00:04] Credit Warning SMS Yellow Zone log.INFO: Sending credit warning SMS to customer 142abbott [] []
[2020-09-14 08:00:04] Credit Warning SMS Yellow Zone log.INFO: Credit warning SMS sent to customer 142abbott [] []
[2020-09-14 08:00:04] Credit Warning SMS Yellow Zone log.INFO: Sending credit warning SMS to customer 5leona [] []
[2020-09-14 08:00:04] Credit Warning SMS Yellow Zone log.INFO: Credit warning SMS sent to customer 5leona [] []
[2020-09-14 08:00:04] Credit Warning SMS Yellow Zone log.INFO: Sending credit warning SMS to customer 26leona [] []
[2020-09-14 08:00:04] Credit Warning SMS Yellow Zone log.INFO: Credit warning SMS sent to customer 26leona [] []
[2020-09-14 08:00:04] Credit Warning SMS Yellow Zone log.INFO: Sending credit warning SMS to customer 38leona [] []
[2020-09-14 08:00:04] Credit Warning SMS Yellow Zone log.INFO: Credit warning SMS sent to customer 38leona [] []
[2020-09-14 08:00:04] Credit Warning SMS Yellow Zone log.INFO: Sending credit warning SMS to customer 118leona [] []
[2020-09-14 08:00:04] Credit Warning SMS Yellow Zone log.INFO: Credit warning SMS sent to customer 118leona [] []
[2020-09-14 08:00:04] Credit Warning SMS Yellow Zone log.INFO: Sending credit warning SMS to customer 102leona [] []
[2020-09-14 08:00:04] Credit Warning SMS Yellow Zone log.INFO: Credit warning SMS sent to customer 102leona [] []
[2020-09-14 08:00:04] Credit Warning SMS Yellow Zone log.INFO: Sending credit warning SMS to customer 108charlotte [] []
[2020-09-14 08:00:04] Credit Warning SMS Yellow Zone log.INFO: Credit warning SMS sent to customer 108charlotte [] []
[2020-09-14 08:00:04] Credit Warning SMS Yellow Zone log.INFO: Sending credit warning SMS to customer 153charlotte [] []
[2020-09-14 08:00:04] Credit Warning SMS Yellow Zone log.INFO: Credit warning SMS sent to customer 153charlotte [] []
[2020-09-14 08:00:04] Credit Warning SMS Yellow Zone log.INFO: Sending credit warning SMS to customer 15charlotte [] []
[2020-09-14 08:00:04] Credit Warning SMS Yellow Zone log.INFO: Credit warning SMS sent to customer 15charlotte [] []
[2020-09-14 08:00:04] Credit Warning SMS Yellow Zone log.INFO: Sending credit warning SMS to customer 10charlotte [] []
[2020-09-14 08:00:04] Credit Warning SMS Yellow Zone log.INFO: Credit warning SMS sent to customer 10charlotte [] []
[2020-09-14 08:00:04] Credit Warning SMS Yellow Zone log.INFO: Sending credit warning SMS to customer 36charlotte [] []
[2020-09-14 08:00:04] Credit Warning SMS Yellow Zone log.INFO: Credit warning SMS sent to customer 36charlotte [] []
[2020-09-14 08:00:04] Credit Warning SMS Yellow Zone log.INFO: Sending credit warning SMS to customer 82charlotte [] []
[2020-09-14 08:00:04] Credit Warning SMS Yellow Zone log.INFO: Credit warning SMS sent to customer 82charlotte [] []
[2020-09-14 08:00:04] Credit Warning SMS Yellow Zone log.INFO: Sending credit warning SMS to customer 123charlotte [] []
[2020-09-14 08:00:04] Credit Warning SMS Yellow Zone log.INFO: Credit warning SMS sent to customer 123charlotte [] []
[2020-09-14 08:00:04] Credit Warning SMS Yellow Zone log.INFO: Sending credit warning SMS to customer 125charlotte [] []
[2020-09-14 08:00:04] Credit Warning SMS Yellow Zone log.INFO: Credit warning SMS sent to customer 125charlotte [] []
[2020-09-14 08:00:04] Credit Warning SMS Yellow Zone log.INFO: Sending credit warning SMS to customer 135charlotte [] []
[2020-09-14 08:00:04] Credit Warning SMS Yellow Zone log.INFO: Credit warning SMS sent to customer 135charlotte [] []
[2020-09-14 08:00:04] Credit Warning SMS Yellow Zone log.INFO: Sending credit warning SMS to customer 38charlotte [] []
[2020-09-14 08:00:04] Credit Warning SMS Yellow Zone log.INFO: Credit warning SMS sent to customer 38charlotte [] []
[2020-09-14 08:00:04] Credit Warning SMS Yellow Zone log.INFO: Sending credit warning SMS to customer 15bridgefield [] []
[2020-09-14 08:00:04] Credit Warning SMS Yellow Zone log.INFO: Credit warning SMS sent to customer 15bridgefield [] []
[2020-09-14 08:00:04] Credit Warning SMS Yellow Zone log.INFO: Sending credit warning SMS to customer 43bridgefield [] []
[2020-09-14 08:00:04] Credit Warning SMS Yellow Zone log.INFO: Credit warning SMS sent to customer 43bridgefield [] []
[2020-09-14 08:00:04] Credit Warning SMS Yellow Zone log.INFO: Sending credit warning SMS to customer 71bridgefield [] []
[2020-09-14 08:00:04] Credit Warning SMS Yellow Zone log.INFO: Credit warning SMS sent to customer 71bridgefield [] []
[2020-09-14 08:00:04] Credit Warning SMS Yellow Zone log.INFO: Sending credit warning SMS to customer 67bridgefield [] []
[2020-09-14 08:00:04] Credit Warning SMS Yellow Zone log.INFO: Credit warning SMS sent to customer 67bridgefield [] []
[2020-09-14 08:00:04] Credit Warning SMS Yellow Zone log.INFO: Sending credit warning SMS to customer 51bridgefield [] []
[2020-09-14 08:00:04] Credit Warning SMS Yellow Zone log.INFO: Credit warning SMS sent to customer 51bridgefield [] []
[2020-09-14 08:00:04] Credit Warning SMS Yellow Zone log.INFO: Sending credit warning SMS to customer 208bridgefield [] []
[2020-09-14 08:00:04] Credit Warning SMS Yellow Zone log.INFO: Credit warning SMS sent to customer 208bridgefield [] []
[2020-09-14 08:00:04] Credit Warning SMS Yellow Zone log.INFO: Sending credit warning SMS to customer 113bridgefield [] []
[2020-09-14 08:00:05] Credit Warning SMS Yellow Zone log.INFO: Credit warning SMS sent to customer 113bridgefield [] []
[2020-09-14 08:00:05] Credit Warning SMS Yellow Zone log.INFO: Sending credit warning SMS to customer 108bridgefield [] []
[2020-09-14 08:00:05] Credit Warning SMS Yellow Zone log.INFO: Credit warning SMS sent to customer 108bridgefield [] []
[2020-09-14 08:00:05] Credit Warning SMS Yellow Zone log.INFO: Sending credit warning SMS to customer 140bridgefield [] []
[2020-09-14 08:00:05] Credit Warning SMS Yellow Zone log.INFO: Credit warning SMS sent to customer 140bridgefield [] []
[2020-09-14 08:00:05] Credit Warning SMS Yellow Zone log.INFO: Sending credit warning SMS to customer 201bridgefield [] []
[2020-09-14 08:00:05] Credit Warning SMS Yellow Zone log.INFO: Credit warning SMS sent to customer 201bridgefield [] []
[2020-09-14 08:00:05] Credit Warning SMS Yellow Zone log.INFO: Sending credit warning SMS to customer 94bridgefield [] []
[2020-09-14 08:00:05] Credit Warning SMS Yellow Zone log.INFO: Credit warning SMS sent to customer 94bridgefield [] []
[2020-09-14 08:00:05] Credit Warning SMS Yellow Zone log.INFO: Sending credit warning SMS to customer 21pappan [] []
[2020-09-14 08:00:05] Credit Warning SMS Yellow Zone log.INFO: Credit warning SMS sent to customer 21pappan [] []
[2020-09-14 08:00:05] Credit Warning SMS Yellow Zone log.INFO: Sending credit warning SMS to customer 16pappan [] []
[2020-09-14 08:00:05] Credit Warning SMS Yellow Zone log.INFO: Credit warning SMS sent to customer 16pappan [] []
[2020-09-14 08:00:05] Credit Warning SMS Yellow Zone log.INFO: Sending credit warning SMS to customer 7pappan [] []
[2020-09-14 08:00:05] Credit Warning SMS Yellow Zone log.INFO: Credit warning SMS sent to customer 7pappan [] []
[2020-09-14 08:00:05] Credit Warning SMS Yellow Zone log.INFO: Sending credit warning SMS to customer 122fairways [] []
[2020-09-14 08:00:05] Credit Warning SMS Yellow Zone log.INFO: Credit warning SMS sent to customer 122fairways [] []
[2020-09-14 08:00:05] Credit Warning SMS Yellow Zone log.INFO: Sending credit warning SMS to customer 68fairways [] []
[2020-09-14 08:00:05] Credit Warning SMS Yellow Zone log.INFO: Credit warning SMS sent to customer 68fairways [] []
[2020-09-14 08:00:05] Credit Warning SMS Yellow Zone log.INFO: Sending credit warning SMS to customer 164fairways [] []
[2020-09-14 08:00:05] Credit Warning SMS Yellow Zone log.INFO: Credit warning SMS sent to customer 164fairways [] []
[2020-09-14 08:00:05] Credit Warning SMS Yellow Zone log.INFO: Sending credit warning SMS to customer 31fairways [] []
[2020-09-14 08:00:05] Credit Warning SMS Yellow Zone log.INFO: Credit warning SMS sent to customer 31fairways [] []
[2020-09-14 08:00:05] Credit Warning SMS Yellow Zone log.INFO: Sending credit warning SMS to customer 1herberthill [] []
[2020-09-14 08:00:05] Credit Warning SMS Yellow Zone log.INFO: Credit warning SMS sent to customer 1herberthill [] []
[2020-09-14 08:00:05] Credit Warning SMS Yellow Zone log.INFO: Sending credit warning SMS to customer 4herberthill [] []
[2020-09-14 08:00:05] Credit Warning SMS Yellow Zone log.INFO: Credit warning SMS sent to customer 4herberthill [] []
[2020-09-14 08:00:05] Credit Warning SMS Yellow Zone log.INFO: Sending credit warning SMS to customer 73herberthill [] []
[2020-09-14 08:00:05] Credit Warning SMS Yellow Zone log.INFO: Credit warning SMS sent to customer 73herberthill [] []
[2020-09-14 08:00:05] Credit Warning SMS Yellow Zone log.INFO: Sending credit warning SMS to customer 29herberthill [] []
[2020-09-14 08:00:05] Credit Warning SMS Yellow Zone log.INFO: Credit warning SMS sent to customer 29herberthill [] []
[2020-09-14 08:00:05] Credit Warning SMS Yellow Zone log.INFO: Sending credit warning SMS to customer 41herberthill [] []
[2020-09-14 08:00:05] Credit Warning SMS Yellow Zone log.INFO: Credit warning SMS sent to customer 41herberthill [] []
[2020-09-14 08:00:05] Credit Warning SMS Yellow Zone log.INFO: Sending credit warning SMS to customer 60herberthill [] []
[2020-09-14 08:00:05] Credit Warning SMS Yellow Zone log.INFO: Credit warning SMS sent to customer 60herberthill [] []
[2020-09-14 08:00:05] Credit Warning SMS Yellow Zone log.INFO: Sending credit warning SMS to customer 27herberthill [] []
[2020-09-14 08:00:05] Credit Warning SMS Yellow Zone log.INFO: Credit warning SMS sent to customer 27herberthill [] []
[2020-09-14 08:00:05] Credit Warning SMS Yellow Zone log.INFO: Sending credit warning SMS to customer 79herberthill [] []
[2020-09-14 08:00:05] Credit Warning SMS Yellow Zone log.INFO: Credit warning SMS sent to customer 79herberthill [] []
[2020-09-14 08:00:05] Credit Warning SMS Yellow Zone log.INFO: Sending credit warning SMS to customer 59herberthill [] []
[2020-09-14 08:00:05] Credit Warning SMS Yellow Zone log.INFO: Credit warning SMS sent to customer 59herberthill [] []
[2020-09-14 08:00:05] Credit Warning SMS Yellow Zone log.INFO: Sending credit warning SMS to customer 83herberthill [] []
[2020-09-14 08:00:05] Credit Warning SMS Yellow Zone log.INFO: Credit warning SMS sent to customer 83herberthill [] []
[2020-09-14 08:00:05] Credit Warning SMS Yellow Zone log.INFO: Sending credit warning SMS to customer 42herberthill [] []
[2020-09-14 08:00:05] Credit Warning SMS Yellow Zone log.INFO: Credit warning SMS sent to customer 42herberthill [] []
[2020-09-14 08:00:05] Credit Warning SMS Yellow Zone log.INFO: Sending credit warning SMS to customer 22marina [] []
[2020-09-14 08:00:05] Credit Warning SMS Yellow Zone log.INFO: Credit warning SMS sent to customer 22marina [] []
[2020-09-14 08:00:05] Credit Warning SMS Yellow Zone log.INFO: Sent Credit warning SMS to 85 customers! [] []
