[2020-01-14 08:00:02] Credit Warning SMS Yellow Zone log.INFO: Sending credit warning SMS to customer 4brackenview [] []
[2020-01-14 08:00:02] Credit Warning SMS Yellow Zone log.INFO: Credit warning SMS sent to customer 4brackenview [] []
[2020-01-14 08:00:02] Credit Warning SMS Yellow Zone log.INFO: Sending credit warning SMS to customer 10brackenview [] []
[2020-01-14 08:00:02] Credit Warning SMS Yellow Zone log.INFO: Credit warning SMS sent to customer 10brackenview [] []
[2020-01-14 08:00:02] Credit Warning SMS Yellow Zone log.INFO: Sending credit warning SMS to customer 23brackenview [] []
[2020-01-14 08:00:02] Credit Warning SMS Yellow Zone log.INFO: Credit warning SMS sent to customer 23brackenview [] []
[2020-01-14 08:00:02] Credit Warning SMS Yellow Zone log.INFO: Sending credit warning SMS to customer 12sundayswell [] []
[2020-01-14 08:00:02] Credit Warning SMS Yellow Zone log.INFO: Credit warning SMS sent to customer 12sundayswell [] []
[2020-01-14 08:00:02] Credit Warning SMS Yellow Zone log.INFO: Sending credit warning SMS to customer 6garryknock [] []
[2020-01-14 08:00:02] Credit Warning SMS Yellow Zone log.INFO: Credit warning SMS sent to customer 6garryknock [] []
[2020-01-14 08:00:02] Credit Warning SMS Yellow Zone log.INFO: Sending credit warning SMS to customer 27garryknock [] []
[2020-01-14 08:00:02] Credit Warning SMS Yellow Zone log.INFO: Credit warning SMS sent to customer 27garryknock [] []
[2020-01-14 08:00:02] Credit Warning SMS Yellow Zone log.INFO: Sending credit warning SMS to customer 16sundayswell [] []
[2020-01-14 08:00:02] Credit Warning SMS Yellow Zone log.INFO: Credit warning SMS sent to customer 16sundayswell [] []
[2020-01-14 08:00:02] Credit Warning SMS Yellow Zone log.INFO: Sending credit warning SMS to customer 32Emerald [] []
[2020-01-14 08:00:02] Credit Warning SMS Yellow Zone log.INFO: Credit warning SMS sent to customer 32Emerald [] []
[2020-01-14 08:00:02] Credit Warning SMS Yellow Zone log.INFO: Sending credit warning SMS to customer 163neptune [] []
[2020-01-14 08:00:02] Credit Warning SMS Yellow Zone log.INFO: Credit warning SMS sent to customer 163neptune [] []
[2020-01-14 08:00:02] Credit Warning SMS Yellow Zone log.INFO: Sending credit warning SMS to customer 154Neptune [] []
[2020-01-14 08:00:02] Credit Warning SMS Yellow Zone log.INFO: Credit warning SMS sent to customer 154Neptune [] []
[2020-01-14 08:00:02] Credit Warning SMS Yellow Zone log.INFO: Sending credit warning SMS to customer 97Neptune [] []
[2020-01-14 08:00:02] Credit Warning SMS Yellow Zone log.INFO: Credit warning SMS sent to customer 97Neptune [] []
[2020-01-14 08:00:02] Credit Warning SMS Yellow Zone log.INFO: Sending credit warning SMS to customer 153Neptune [] []
[2020-01-14 08:00:03] Credit Warning SMS Yellow Zone log.INFO: Credit warning SMS sent to customer 153Neptune [] []
[2020-01-14 08:00:03] Credit Warning SMS Yellow Zone log.INFO: Sending credit warning SMS to customer 145Neptune [] []
[2020-01-14 08:00:03] Credit Warning SMS Yellow Zone log.INFO: Credit warning SMS sent to customer 145Neptune [] []
[2020-01-14 08:00:03] Credit Warning SMS Yellow Zone log.INFO: Sending credit warning SMS to customer 122Neptune [] []
[2020-01-14 08:00:03] Credit Warning SMS Yellow Zone log.INFO: Credit warning SMS sent to customer 122Neptune [] []
[2020-01-14 08:00:03] Credit Warning SMS Yellow Zone log.INFO: Sending credit warning SMS to customer 140Neptune [] []
[2020-01-14 08:00:03] Credit Warning SMS Yellow Zone log.INFO: Credit warning SMS sent to customer 140Neptune [] []
[2020-01-14 08:00:03] Credit Warning SMS Yellow Zone log.INFO: Sending credit warning SMS to customer 104Neptune [] []
[2020-01-14 08:00:03] Credit Warning SMS Yellow Zone log.INFO: Credit warning SMS sent to customer 104Neptune [] []
[2020-01-14 08:00:03] Credit Warning SMS Yellow Zone log.INFO: Sending credit warning SMS to customer 23neptune [] []
[2020-01-14 08:00:03] Credit Warning SMS Yellow Zone log.INFO: Credit warning SMS sent to customer 23neptune [] []
[2020-01-14 08:00:03] Credit Warning SMS Yellow Zone log.INFO: Sending credit warning SMS to customer 62Neptune [] []
[2020-01-14 08:00:03] Credit Warning SMS Yellow Zone log.INFO: Credit warning SMS sent to customer 62Neptune [] []
[2020-01-14 08:00:03] Credit Warning SMS Yellow Zone log.INFO: Sending credit warning SMS to customer 78Neptune [] []
[2020-01-14 08:00:03] Credit Warning SMS Yellow Zone log.INFO: Credit warning SMS sent to customer 78Neptune [] []
[2020-01-14 08:00:03] Credit Warning SMS Yellow Zone log.INFO: Sending credit warning SMS to customer 9Abbott [] []
[2020-01-14 08:00:03] Credit Warning SMS Yellow Zone log.INFO: Credit warning SMS sent to customer 9Abbott [] []
[2020-01-14 08:00:03] Credit Warning SMS Yellow Zone log.INFO: Sending credit warning SMS to customer 10Abbott [] []
[2020-01-14 08:00:03] Credit Warning SMS Yellow Zone log.INFO: Credit warning SMS sent to customer 10Abbott [] []
[2020-01-14 08:00:03] Credit Warning SMS Yellow Zone log.INFO: Sending credit warning SMS to customer 15Abbott [] []
[2020-01-14 08:00:03] Credit Warning SMS Yellow Zone log.INFO: Credit warning SMS sent to customer 15Abbott [] []
[2020-01-14 08:00:03] Credit Warning SMS Yellow Zone log.INFO: Sending credit warning SMS to customer 19Abbott [] []
[2020-01-14 08:00:03] Credit Warning SMS Yellow Zone log.INFO: Credit warning SMS sent to customer 19Abbott [] []
[2020-01-14 08:00:03] Credit Warning SMS Yellow Zone log.INFO: Sending credit warning SMS to customer 21Abbott [] []
[2020-01-14 08:00:03] Credit Warning SMS Yellow Zone log.INFO: Credit warning SMS sent to customer 21Abbott [] []
[2020-01-14 08:00:03] Credit Warning SMS Yellow Zone log.INFO: Sending credit warning SMS to customer 35Abbott [] []
[2020-01-14 08:00:03] Credit Warning SMS Yellow Zone log.INFO: Credit warning SMS sent to customer 35Abbott [] []
[2020-01-14 08:00:03] Credit Warning SMS Yellow Zone log.INFO: Sending credit warning SMS to customer 36Abbott [] []
[2020-01-14 08:00:03] Credit Warning SMS Yellow Zone log.INFO: Credit warning SMS sent to customer 36Abbott [] []
[2020-01-14 08:00:03] Credit Warning SMS Yellow Zone log.INFO: Sending credit warning SMS to customer 45Abbott [] []
[2020-01-14 08:00:03] Credit Warning SMS Yellow Zone log.INFO: Credit warning SMS sent to customer 45Abbott [] []
[2020-01-14 08:00:03] Credit Warning SMS Yellow Zone log.INFO: Sending credit warning SMS to customer 30Abbott [] []
[2020-01-14 08:00:03] Credit Warning SMS Yellow Zone log.INFO: Credit warning SMS sent to customer 30Abbott [] []
[2020-01-14 08:00:03] Credit Warning SMS Yellow Zone log.INFO: Sending credit warning SMS to customer 6Abbott [] []
[2020-01-14 08:00:03] Credit Warning SMS Yellow Zone log.INFO: Credit warning SMS sent to customer 6Abbott [] []
[2020-01-14 08:00:03] Credit Warning SMS Yellow Zone log.INFO: Sending credit warning SMS to customer 64Abbott [] []
[2020-01-14 08:00:03] Credit Warning SMS Yellow Zone log.INFO: Credit warning SMS sent to customer 64Abbott [] []
[2020-01-14 08:00:03] Credit Warning SMS Yellow Zone log.INFO: Sending credit warning SMS to customer 62Abbott [] []
[2020-01-14 08:00:03] Credit Warning SMS Yellow Zone log.INFO: Credit warning SMS sent to customer 62Abbott [] []
[2020-01-14 08:00:03] Credit Warning SMS Yellow Zone log.INFO: Sending credit warning SMS to customer 89Abbott [] []
[2020-01-14 08:00:03] Credit Warning SMS Yellow Zone log.INFO: Credit warning SMS sent to customer 89Abbott [] []
[2020-01-14 08:00:03] Credit Warning SMS Yellow Zone log.INFO: Sending credit warning SMS to customer 82Abbott [] []
[2020-01-14 08:00:03] Credit Warning SMS Yellow Zone log.INFO: Credit warning SMS sent to customer 82Abbott [] []
[2020-01-14 08:00:03] Credit Warning SMS Yellow Zone log.INFO: Sending credit warning SMS to customer 84Abbott [] []
[2020-01-14 08:00:03] Credit Warning SMS Yellow Zone log.INFO: Credit warning SMS sent to customer 84Abbott [] []
[2020-01-14 08:00:03] Credit Warning SMS Yellow Zone log.INFO: Sending credit warning SMS to customer 44Abbott [] []
[2020-01-14 08:00:04] Credit Warning SMS Yellow Zone log.INFO: Credit warning SMS sent to customer 44Abbott [] []
[2020-01-14 08:00:04] Credit Warning SMS Yellow Zone log.INFO: Sending credit warning SMS to customer 91Abbott [] []
[2020-01-14 08:00:04] Credit Warning SMS Yellow Zone log.INFO: Credit warning SMS sent to customer 91Abbott [] []
[2020-01-14 08:00:04] Credit Warning SMS Yellow Zone log.INFO: Sending credit warning SMS to customer 71Abbott [] []
[2020-01-14 08:00:04] Credit Warning SMS Yellow Zone log.INFO: Credit warning SMS sent to customer 71Abbott [] []
[2020-01-14 08:00:04] Credit Warning SMS Yellow Zone log.INFO: Sending credit warning SMS to customer 105Abbott [] []
[2020-01-14 08:00:04] Credit Warning SMS Yellow Zone log.INFO: Credit warning SMS sent to customer 105Abbott [] []
[2020-01-14 08:00:04] Credit Warning SMS Yellow Zone log.INFO: Sending credit warning SMS to customer 108Abbott [] []
[2020-01-14 08:00:04] Credit Warning SMS Yellow Zone log.INFO: Credit warning SMS sent to customer 108Abbott [] []
[2020-01-14 08:00:04] Credit Warning SMS Yellow Zone log.INFO: Sending credit warning SMS to customer 112abbott [] []
[2020-01-14 08:00:04] Credit Warning SMS Yellow Zone log.INFO: Credit warning SMS sent to customer 112abbott [] []
[2020-01-14 08:00:04] Credit Warning SMS Yellow Zone log.INFO: Sending credit warning SMS to customer 119Abbott [] []
[2020-01-14 08:00:04] Credit Warning SMS Yellow Zone log.INFO: Credit warning SMS sent to customer 119Abbott [] []
[2020-01-14 08:00:04] Credit Warning SMS Yellow Zone log.INFO: Sending credit warning SMS to customer 98Abbott [] []
[2020-01-14 08:00:04] Credit Warning SMS Yellow Zone log.INFO: Credit warning SMS sent to customer 98Abbott [] []
[2020-01-14 08:00:04] Credit Warning SMS Yellow Zone log.INFO: Sending credit warning SMS to customer 55Abbott [] []
[2020-01-14 08:00:04] Credit Warning SMS Yellow Zone log.INFO: Credit warning SMS sent to customer 55Abbott [] []
[2020-01-14 08:00:04] Credit Warning SMS Yellow Zone log.INFO: Sending credit warning SMS to customer 94Abbott [] []
[2020-01-14 08:00:04] Credit Warning SMS Yellow Zone log.INFO: Credit warning SMS sent to customer 94Abbott [] []
[2020-01-14 08:00:04] Credit Warning SMS Yellow Zone log.INFO: Sending credit warning SMS to customer 145abbott [] []
[2020-01-14 08:00:04] Credit Warning SMS Yellow Zone log.INFO: Credit warning SMS sent to customer 145abbott [] []
[2020-01-14 08:00:04] Credit Warning SMS Yellow Zone log.INFO: Sending credit warning SMS to customer 177abbott [] []
[2020-01-14 08:00:04] Credit Warning SMS Yellow Zone log.INFO: Credit warning SMS sent to customer 177abbott [] []
[2020-01-14 08:00:04] Credit Warning SMS Yellow Zone log.INFO: Sending credit warning SMS to customer 180abbott [] []
[2020-01-14 08:00:04] Credit Warning SMS Yellow Zone log.INFO: Credit warning SMS sent to customer 180abbott [] []
[2020-01-14 08:00:04] Credit Warning SMS Yellow Zone log.INFO: Sending credit warning SMS to customer 163abbott [] []
[2020-01-14 08:00:04] Credit Warning SMS Yellow Zone log.INFO: Credit warning SMS sent to customer 163abbott [] []
[2020-01-14 08:00:04] Credit Warning SMS Yellow Zone log.INFO: Sending credit warning SMS to customer 176abbott [] []
[2020-01-14 08:00:04] Credit Warning SMS Yellow Zone log.INFO: Credit warning SMS sent to customer 176abbott [] []
[2020-01-14 08:00:04] Credit Warning SMS Yellow Zone log.INFO: Sending credit warning SMS to customer 18GreenBank [] []
[2020-01-14 08:00:04] Credit Warning SMS Yellow Zone log.INFO: Credit warning SMS sent to customer 18GreenBank [] []
[2020-01-14 08:00:04] Credit Warning SMS Yellow Zone log.INFO: Sending credit warning SMS to customer 149abbott [] []
[2020-01-14 08:00:04] Credit Warning SMS Yellow Zone log.INFO: Credit warning SMS sent to customer 149abbott [] []
[2020-01-14 08:00:04] Credit Warning SMS Yellow Zone log.INFO: Sending credit warning SMS to customer 173abbott [] []
[2020-01-14 08:00:04] Credit Warning SMS Yellow Zone log.INFO: Credit warning SMS sent to customer 173abbott [] []
[2020-01-14 08:00:04] Credit Warning SMS Yellow Zone log.INFO: Sending credit warning SMS to customer 184abbott [] []
[2020-01-14 08:00:04] Credit Warning SMS Yellow Zone log.INFO: Credit warning SMS sent to customer 184abbott [] []
[2020-01-14 08:00:04] Credit Warning SMS Yellow Zone log.INFO: Sending credit warning SMS to customer 132abbott [] []
[2020-01-14 08:00:04] Credit Warning SMS Yellow Zone log.INFO: Credit warning SMS sent to customer 132abbott [] []
[2020-01-14 08:00:04] Credit Warning SMS Yellow Zone log.INFO: Sending credit warning SMS to customer 54Abbott [] []
[2020-01-14 08:00:04] Credit Warning SMS Yellow Zone log.INFO: Credit warning SMS sent to customer 54Abbott [] []
[2020-01-14 08:00:04] Credit Warning SMS Yellow Zone log.INFO: Sending credit warning SMS to customer 187abbott [] []
[2020-01-14 08:00:04] Credit Warning SMS Yellow Zone log.INFO: Credit warning SMS sent to customer 187abbott [] []
[2020-01-14 08:00:04] Credit Warning SMS Yellow Zone log.INFO: Sending credit warning SMS to customer 189abbott [] []
[2020-01-14 08:00:04] Credit Warning SMS Yellow Zone log.INFO: Credit warning SMS sent to customer 189abbott [] []
[2020-01-14 08:00:04] Credit Warning SMS Yellow Zone log.INFO: Sending credit warning SMS to customer 138abbott [] []
[2020-01-14 08:00:04] Credit Warning SMS Yellow Zone log.INFO: Credit warning SMS sent to customer 138abbott [] []
[2020-01-14 08:00:04] Credit Warning SMS Yellow Zone log.INFO: Sending credit warning SMS to customer 170abbott [] []
[2020-01-14 08:00:04] Credit Warning SMS Yellow Zone log.INFO: Credit warning SMS sent to customer 170abbott [] []
[2020-01-14 08:00:04] Credit Warning SMS Yellow Zone log.INFO: Sending credit warning SMS to customer 19GreenBank [] []
[2020-01-14 08:00:04] Credit Warning SMS Yellow Zone log.INFO: Credit warning SMS sent to customer 19GreenBank [] []
[2020-01-14 08:00:05] Credit Warning SMS Yellow Zone log.INFO: Sending credit warning SMS to customer 90eustace [] []
[2020-01-14 08:00:05] Credit Warning SMS Yellow Zone log.INFO: Credit warning SMS sent to customer 90eustace [] []
[2020-01-14 08:00:05] Credit Warning SMS Yellow Zone log.INFO: Sending credit warning SMS to customer 144leona [] []
[2020-01-14 08:00:05] Credit Warning SMS Yellow Zone log.INFO: Credit warning SMS sent to customer 144leona [] []
[2020-01-14 08:00:05] Credit Warning SMS Yellow Zone log.INFO: Sending credit warning SMS to customer 60leona [] []
[2020-01-14 08:00:05] Credit Warning SMS Yellow Zone log.INFO: Credit warning SMS sent to customer 60leona [] []
[2020-01-14 08:00:05] Credit Warning SMS Yellow Zone log.INFO: Sending credit warning SMS to customer 56leona [] []
[2020-01-14 08:00:05] Credit Warning SMS Yellow Zone log.INFO: Credit warning SMS sent to customer 56leona [] []
[2020-01-14 08:00:05] Credit Warning SMS Yellow Zone log.INFO: Sending credit warning SMS to customer 107leona [] []
[2020-01-14 08:00:05] Credit Warning SMS Yellow Zone log.INFO: Credit warning SMS sent to customer 107leona [] []
[2020-01-14 08:00:05] Credit Warning SMS Yellow Zone log.INFO: Sending credit warning SMS to customer 16leona [] []
[2020-01-14 08:00:05] Credit Warning SMS Yellow Zone log.INFO: Credit warning SMS sent to customer 16leona [] []
[2020-01-14 08:00:05] Credit Warning SMS Yellow Zone log.INFO: Sending credit warning SMS to customer 119leona [] []
[2020-01-14 08:00:05] Credit Warning SMS Yellow Zone log.INFO: Credit warning SMS sent to customer 119leona [] []
[2020-01-14 08:00:05] Credit Warning SMS Yellow Zone log.INFO: Sending credit warning SMS to customer 88leona [] []
[2020-01-14 08:00:05] Credit Warning SMS Yellow Zone log.INFO: Credit warning SMS sent to customer 88leona [] []
[2020-01-14 08:00:05] Credit Warning SMS Yellow Zone log.INFO: Sending credit warning SMS to customer 113charlotte [] []
[2020-01-14 08:00:05] Credit Warning SMS Yellow Zone log.INFO: Credit warning SMS sent to customer 113charlotte [] []
[2020-01-14 08:00:05] Credit Warning SMS Yellow Zone log.INFO: Sending credit warning SMS to customer 114charlotte [] []
[2020-01-14 08:00:05] Credit Warning SMS Yellow Zone log.INFO: Credit warning SMS sent to customer 114charlotte [] []
[2020-01-14 08:00:05] Credit Warning SMS Yellow Zone log.INFO: Sending credit warning SMS to customer 144charlotte [] []
[2020-01-14 08:00:05] Credit Warning SMS Yellow Zone log.INFO: Credit warning SMS sent to customer 144charlotte [] []
[2020-01-14 08:00:05] Credit Warning SMS Yellow Zone log.INFO: Sending credit warning SMS to customer 25charlotte [] []
[2020-01-14 08:00:05] Credit Warning SMS Yellow Zone log.INFO: Credit warning SMS sent to customer 25charlotte [] []
[2020-01-14 08:00:05] Credit Warning SMS Yellow Zone log.INFO: Sending credit warning SMS to customer 30charlotte [] []
[2020-01-14 08:00:05] Credit Warning SMS Yellow Zone log.INFO: Credit warning SMS sent to customer 30charlotte [] []
[2020-01-14 08:00:05] Credit Warning SMS Yellow Zone log.INFO: Sending credit warning SMS to customer 29charlotte [] []
[2020-01-14 08:00:05] Credit Warning SMS Yellow Zone log.INFO: Credit warning SMS sent to customer 29charlotte [] []
[2020-01-14 08:00:05] Credit Warning SMS Yellow Zone log.INFO: Sending credit warning SMS to customer 33charlotte [] []
[2020-01-14 08:00:05] Credit Warning SMS Yellow Zone log.INFO: Credit warning SMS sent to customer 33charlotte [] []
[2020-01-14 08:00:05] Credit Warning SMS Yellow Zone log.INFO: Sending credit warning SMS to customer 37charlotte [] []
[2020-01-14 08:00:05] Credit Warning SMS Yellow Zone log.INFO: Credit warning SMS sent to customer 37charlotte [] []
[2020-01-14 08:00:05] Credit Warning SMS Yellow Zone log.INFO: Sending credit warning SMS to customer 54charlotte [] []
[2020-01-14 08:00:05] Credit Warning SMS Yellow Zone log.INFO: Credit warning SMS sent to customer 54charlotte [] []
[2020-01-14 08:00:05] Credit Warning SMS Yellow Zone log.INFO: Sending credit warning SMS to customer 66charlotte [] []
[2020-01-14 08:00:05] Credit Warning SMS Yellow Zone log.INFO: Credit warning SMS sent to customer 66charlotte [] []
[2020-01-14 08:00:05] Credit Warning SMS Yellow Zone log.INFO: Sending credit warning SMS to customer 82charlotte [] []
[2020-01-14 08:00:05] Credit Warning SMS Yellow Zone log.INFO: Credit warning SMS sent to customer 82charlotte [] []
[2020-01-14 08:00:05] Credit Warning SMS Yellow Zone log.INFO: Sending credit warning SMS to customer 84charlotte [] []
[2020-01-14 08:00:05] Credit Warning SMS Yellow Zone log.INFO: Credit warning SMS sent to customer 84charlotte [] []
[2020-01-14 08:00:05] Credit Warning SMS Yellow Zone log.INFO: Sending credit warning SMS to customer 6bridgefield [] []
[2020-01-14 08:00:05] Credit Warning SMS Yellow Zone log.INFO: Credit warning SMS sent to customer 6bridgefield [] []
[2020-01-14 08:00:05] Credit Warning SMS Yellow Zone log.INFO: Sending credit warning SMS to customer 42bridgefield [] []
[2020-01-14 08:00:05] Credit Warning SMS Yellow Zone log.INFO: Credit warning SMS sent to customer 42bridgefield [] []
[2020-01-14 08:00:05] Credit Warning SMS Yellow Zone log.INFO: Sending credit warning SMS to customer 66bridgefield [] []
[2020-01-14 08:00:05] Credit Warning SMS Yellow Zone log.INFO: Credit warning SMS sent to customer 66bridgefield [] []
[2020-01-14 08:00:05] Credit Warning SMS Yellow Zone log.INFO: Sending credit warning SMS to customer 106fairways [] []
[2020-01-14 08:00:05] Credit Warning SMS Yellow Zone log.INFO: Credit warning SMS sent to customer 106fairways [] []
[2020-01-14 08:00:05] Credit Warning SMS Yellow Zone log.INFO: Sending credit warning SMS to customer 115fairways [] []
[2020-01-14 08:00:05] Credit Warning SMS Yellow Zone log.INFO: Credit warning SMS sent to customer 115fairways [] []
[2020-01-14 08:00:05] Credit Warning SMS Yellow Zone log.INFO: Sending credit warning SMS to customer 145fairways [] []
[2020-01-14 08:00:05] Credit Warning SMS Yellow Zone log.INFO: Credit warning SMS sent to customer 145fairways [] []
[2020-01-14 08:00:05] Credit Warning SMS Yellow Zone log.INFO: Sending credit warning SMS to customer 64fairways [] []
[2020-01-14 08:00:06] Credit Warning SMS Yellow Zone log.INFO: Credit warning SMS sent to customer 64fairways [] []
[2020-01-14 08:00:06] Credit Warning SMS Yellow Zone log.INFO: Sending credit warning SMS to customer 23fairways [] []
[2020-01-14 08:00:06] Credit Warning SMS Yellow Zone log.INFO: Credit warning SMS sent to customer 23fairways [] []
[2020-01-14 08:00:06] Credit Warning SMS Yellow Zone log.INFO: Sending credit warning SMS to customer 54fairways [] []
[2020-01-14 08:00:06] Credit Warning SMS Yellow Zone log.INFO: Credit warning SMS sent to customer 54fairways [] []
[2020-01-14 08:00:06] Credit Warning SMS Yellow Zone log.INFO: Sending credit warning SMS to customer 26fairways [] []
[2020-01-14 08:00:06] Credit Warning SMS Yellow Zone log.INFO: Credit warning SMS sent to customer 26fairways [] []
[2020-01-14 08:00:06] Credit Warning SMS Yellow Zone log.INFO: Sending credit warning SMS to customer 1herberthill [] []
[2020-01-14 08:00:06] Credit Warning SMS Yellow Zone log.INFO: Credit warning SMS sent to customer 1herberthill [] []
[2020-01-14 08:00:06] Credit Warning SMS Yellow Zone log.INFO: Sent Credit warning SMS to 91 customers! [] []
