[2020-12-17 08:00:02] Credit Warning SMS Yellow Zone log.INFO: Sending credit warning SMS to customer 8brackenview [] []
[2020-12-17 08:00:02] Credit Warning SMS Yellow Zone log.INFO: Credit warning SMS sent to customer 8brackenview [] []
[2020-12-17 08:00:02] Credit Warning SMS Yellow Zone log.INFO: Sending credit warning SMS to customer 21garryknock [] []
[2020-12-17 08:00:02] Credit Warning SMS Yellow Zone log.INFO: Credit warning SMS sent to customer 21garryknock [] []
[2020-12-17 08:00:02] Credit Warning SMS Yellow Zone log.INFO: Sending credit warning SMS to customer 20garryknock [] []
[2020-12-17 08:00:02] Credit Warning SMS Yellow Zone log.INFO: Credit warning SMS sent to customer 20garryknock [] []
[2020-12-17 08:00:02] Credit Warning SMS Yellow Zone log.INFO: Sending credit warning SMS to customer 5brackenview [] []
[2020-12-17 08:00:02] Credit Warning SMS Yellow Zone log.INFO: Credit warning SMS sent to customer 5brackenview [] []
[2020-12-17 08:00:02] Credit Warning SMS Yellow Zone log.INFO: Sending credit warning SMS to customer 13sundayswell [] []
[2020-12-17 08:00:02] Credit Warning SMS Yellow Zone log.INFO: Credit warning SMS sent to customer 13sundayswell [] []
[2020-12-17 08:00:02] Credit Warning SMS Yellow Zone log.INFO: Sending credit warning SMS to customer 41Emerald [] []
[2020-12-17 08:00:02] Credit Warning SMS Yellow Zone log.INFO: Credit warning SMS sent to customer 41Emerald [] []
[2020-12-17 08:00:02] Credit Warning SMS Yellow Zone log.INFO: Sending credit warning SMS to customer 10Emerald [] []
[2020-12-17 08:00:02] Credit Warning SMS Yellow Zone log.INFO: Credit warning SMS sent to customer 10Emerald [] []
[2020-12-17 08:00:02] Credit Warning SMS Yellow Zone log.INFO: Sending credit warning SMS to customer 28Emerald [] []
[2020-12-17 08:00:02] Credit Warning SMS Yellow Zone log.INFO: Credit warning SMS sent to customer 28Emerald [] []
[2020-12-17 08:00:02] Credit Warning SMS Yellow Zone log.INFO: Sending credit warning SMS to customer 176neptune [] []
[2020-12-17 08:00:02] Credit Warning SMS Yellow Zone log.INFO: Credit warning SMS sent to customer 176neptune [] []
[2020-12-17 08:00:02] Credit Warning SMS Yellow Zone log.INFO: Sending credit warning SMS to customer 174neptune [] []
[2020-12-17 08:00:02] Credit Warning SMS Yellow Zone log.INFO: Credit warning SMS sent to customer 174neptune [] []
[2020-12-17 08:00:02] Credit Warning SMS Yellow Zone log.INFO: Sending credit warning SMS to customer 177neptune [] []
[2020-12-17 08:00:02] Credit Warning SMS Yellow Zone log.INFO: Credit warning SMS sent to customer 177neptune [] []
[2020-12-17 08:00:02] Credit Warning SMS Yellow Zone log.INFO: Sending credit warning SMS to customer 24neptune [] []
[2020-12-17 08:00:03] Credit Warning SMS Yellow Zone log.INFO: Credit warning SMS sent to customer 24neptune [] []
[2020-12-17 08:00:03] Credit Warning SMS Yellow Zone log.INFO: Sending credit warning SMS to customer 81Neptune [] []
[2020-12-17 08:00:03] Credit Warning SMS Yellow Zone log.INFO: Credit warning SMS sent to customer 81Neptune [] []
[2020-12-17 08:00:03] Credit Warning SMS Yellow Zone log.INFO: Sending credit warning SMS to customer 65Neptune [] []
[2020-12-17 08:00:03] Credit Warning SMS Yellow Zone log.INFO: Credit warning SMS sent to customer 65Neptune [] []
[2020-12-17 08:00:03] Credit Warning SMS Yellow Zone log.INFO: Sending credit warning SMS to customer 27neptune [] []
[2020-12-17 08:00:03] Credit Warning SMS Yellow Zone log.INFO: Credit warning SMS sent to customer 27neptune [] []
[2020-12-17 08:00:03] Credit Warning SMS Yellow Zone log.INFO: Sending credit warning SMS to customer 191neptune [] []
[2020-12-17 08:00:03] Credit Warning SMS Yellow Zone log.INFO: Credit warning SMS sent to customer 191neptune [] []
[2020-12-17 08:00:03] Credit Warning SMS Yellow Zone log.INFO: Sending credit warning SMS to customer 134Neptune [] []
[2020-12-17 08:00:03] Credit Warning SMS Yellow Zone log.INFO: Credit warning SMS sent to customer 134Neptune [] []
[2020-12-17 08:00:03] Credit Warning SMS Yellow Zone log.INFO: Sending credit warning SMS to customer 104Neptune [] []
[2020-12-17 08:00:03] Credit Warning SMS Yellow Zone log.INFO: Credit warning SMS sent to customer 104Neptune [] []
[2020-12-17 08:00:03] Credit Warning SMS Yellow Zone log.INFO: Sending credit warning SMS to customer 87Neptune [] []
[2020-12-17 08:00:03] Credit Warning SMS Yellow Zone log.INFO: Credit warning SMS sent to customer 87Neptune [] []
[2020-12-17 08:00:03] Credit Warning SMS Yellow Zone log.INFO: Sending credit warning SMS to customer 10Abbott [] []
[2020-12-17 08:00:03] Credit Warning SMS Yellow Zone log.INFO: Credit warning SMS sent to customer 10Abbott [] []
[2020-12-17 08:00:03] Credit Warning SMS Yellow Zone log.INFO: Sending credit warning SMS to customer 46Abbott [] []
[2020-12-17 08:00:03] Credit Warning SMS Yellow Zone log.INFO: Credit warning SMS sent to customer 46Abbott [] []
[2020-12-17 08:00:03] Credit Warning SMS Yellow Zone log.INFO: Sending credit warning SMS to customer 85Abbott [] []
[2020-12-17 08:00:03] Credit Warning SMS Yellow Zone log.INFO: Credit warning SMS sent to customer 85Abbott [] []
[2020-12-17 08:00:03] Credit Warning SMS Yellow Zone log.INFO: Sending credit warning SMS to customer 69Abbott [] []
[2020-12-17 08:00:03] Credit Warning SMS Yellow Zone log.INFO: Credit warning SMS sent to customer 69Abbott [] []
[2020-12-17 08:00:03] Credit Warning SMS Yellow Zone log.INFO: Sending credit warning SMS to customer 71Abbott [] []
[2020-12-17 08:00:03] Credit Warning SMS Yellow Zone log.INFO: Credit warning SMS sent to customer 71Abbott [] []
[2020-12-17 08:00:03] Credit Warning SMS Yellow Zone log.INFO: Sending credit warning SMS to customer 105Abbott [] []
[2020-12-17 08:00:03] Credit Warning SMS Yellow Zone log.INFO: Credit warning SMS sent to customer 105Abbott [] []
[2020-12-17 08:00:03] Credit Warning SMS Yellow Zone log.INFO: Sending credit warning SMS to customer 117Abbott [] []
[2020-12-17 08:00:03] Credit Warning SMS Yellow Zone log.INFO: Credit warning SMS sent to customer 117Abbott [] []
[2020-12-17 08:00:03] Credit Warning SMS Yellow Zone log.INFO: Sending credit warning SMS to customer 124Abbott [] []
[2020-12-17 08:00:03] Credit Warning SMS Yellow Zone log.INFO: Credit warning SMS sent to customer 124Abbott [] []
[2020-12-17 08:00:03] Credit Warning SMS Yellow Zone log.INFO: Sending credit warning SMS to customer 140abbott [] []
[2020-12-17 08:00:03] Credit Warning SMS Yellow Zone log.INFO: Credit warning SMS sent to customer 140abbott [] []
[2020-12-17 08:00:03] Credit Warning SMS Yellow Zone log.INFO: Sending credit warning SMS to customer 158abbott [] []
[2020-12-17 08:00:03] Credit Warning SMS Yellow Zone log.INFO: Credit warning SMS sent to customer 158abbott [] []
[2020-12-17 08:00:03] Credit Warning SMS Yellow Zone log.INFO: Sending credit warning SMS to customer 174abbott [] []
[2020-12-17 08:00:04] Credit Warning SMS Yellow Zone log.INFO: Credit warning SMS sent to customer 174abbott [] []
[2020-12-17 08:00:04] Credit Warning SMS Yellow Zone log.INFO: Sending credit warning SMS to customer 1GreenBank [] []
[2020-12-17 08:00:04] Credit Warning SMS Yellow Zone log.INFO: Credit warning SMS sent to customer 1GreenBank [] []
[2020-12-17 08:00:04] Credit Warning SMS Yellow Zone log.INFO: Sending credit warning SMS to customer 5leona [] []
[2020-12-17 08:00:04] Credit Warning SMS Yellow Zone log.INFO: Credit warning SMS sent to customer 5leona [] []
[2020-12-17 08:00:04] Credit Warning SMS Yellow Zone log.INFO: Sending credit warning SMS to customer 123leona [] []
[2020-12-17 08:00:04] Credit Warning SMS Yellow Zone log.INFO: Credit warning SMS sent to customer 123leona [] []
[2020-12-17 08:00:04] Credit Warning SMS Yellow Zone log.INFO: Sending credit warning SMS to customer 61leona [] []
[2020-12-17 08:00:04] Credit Warning SMS Yellow Zone log.INFO: Credit warning SMS sent to customer 61leona [] []
[2020-12-17 08:00:04] Credit Warning SMS Yellow Zone log.INFO: Sending credit warning SMS to customer 58leona [] []
[2020-12-17 08:00:04] Credit Warning SMS Yellow Zone log.INFO: Credit warning SMS sent to customer 58leona [] []
[2020-12-17 08:00:04] Credit Warning SMS Yellow Zone log.INFO: Sending credit warning SMS to customer 114charlotte [] []
[2020-12-17 08:00:04] Credit Warning SMS Yellow Zone log.INFO: Credit warning SMS sent to customer 114charlotte [] []
[2020-12-17 08:00:04] Credit Warning SMS Yellow Zone log.INFO: Sending credit warning SMS to customer 66charlotte [] []
[2020-12-17 08:00:04] Credit Warning SMS Yellow Zone log.INFO: Credit warning SMS sent to customer 66charlotte [] []
[2020-12-17 08:00:04] Credit Warning SMS Yellow Zone log.INFO: Sending credit warning SMS to customer 29charlotte [] []
[2020-12-17 08:00:04] Credit Warning SMS Yellow Zone log.INFO: Credit warning SMS sent to customer 29charlotte [] []
[2020-12-17 08:00:04] Credit Warning SMS Yellow Zone log.INFO: Sending credit warning SMS to customer 38charlotte [] []
[2020-12-17 08:00:04] Credit Warning SMS Yellow Zone log.INFO: Credit warning SMS sent to customer 38charlotte [] []
[2020-12-17 08:00:04] Credit Warning SMS Yellow Zone log.INFO: Sending credit warning SMS to customer 67charlotte [] []
[2020-12-17 08:00:04] Credit Warning SMS Yellow Zone log.INFO: Credit warning SMS sent to customer 67charlotte [] []
[2020-12-17 08:00:04] Credit Warning SMS Yellow Zone log.INFO: Sending credit warning SMS to customer 44charlotte [] []
[2020-12-17 08:00:04] Credit Warning SMS Yellow Zone log.INFO: Credit warning SMS sent to customer 44charlotte [] []
[2020-12-17 08:00:04] Credit Warning SMS Yellow Zone log.INFO: Sending credit warning SMS to customer 20charlotte [] []
[2020-12-17 08:00:04] Credit Warning SMS Yellow Zone log.INFO: Credit warning SMS sent to customer 20charlotte [] []
[2020-12-17 08:00:04] Credit Warning SMS Yellow Zone log.INFO: Sending credit warning SMS to customer 32bridgefield [] []
[2020-12-17 08:00:04] Credit Warning SMS Yellow Zone log.INFO: Credit warning SMS sent to customer 32bridgefield [] []
[2020-12-17 08:00:04] Credit Warning SMS Yellow Zone log.INFO: Sending credit warning SMS to customer 35bridgefield [] []
[2020-12-17 08:00:04] Credit Warning SMS Yellow Zone log.INFO: Credit warning SMS sent to customer 35bridgefield [] []
[2020-12-17 08:00:04] Credit Warning SMS Yellow Zone log.INFO: Sending credit warning SMS to customer 80bridgefield [] []
[2020-12-17 08:00:04] Credit Warning SMS Yellow Zone log.INFO: Credit warning SMS sent to customer 80bridgefield [] []
[2020-12-17 08:00:04] Credit Warning SMS Yellow Zone log.INFO: Sending credit warning SMS to customer 88bridgefield [] []
[2020-12-17 08:00:04] Credit Warning SMS Yellow Zone log.INFO: Credit warning SMS sent to customer 88bridgefield [] []
[2020-12-17 08:00:04] Credit Warning SMS Yellow Zone log.INFO: Sending credit warning SMS to customer 67bridgefield [] []
[2020-12-17 08:00:04] Credit Warning SMS Yellow Zone log.INFO: Credit warning SMS sent to customer 67bridgefield [] []
[2020-12-17 08:00:04] Credit Warning SMS Yellow Zone log.INFO: Sending credit warning SMS to customer 118bridgefield [] []
[2020-12-17 08:00:04] Credit Warning SMS Yellow Zone log.INFO: Credit warning SMS sent to customer 118bridgefield [] []
[2020-12-17 08:00:04] Credit Warning SMS Yellow Zone log.INFO: Sending credit warning SMS to customer 168bridgefield [] []
[2020-12-17 08:00:04] Credit Warning SMS Yellow Zone log.INFO: Credit warning SMS sent to customer 168bridgefield [] []
[2020-12-17 08:00:04] Credit Warning SMS Yellow Zone log.INFO: Sending credit warning SMS to customer 147bridgefield [] []
[2020-12-17 08:00:05] Credit Warning SMS Yellow Zone log.INFO: Credit warning SMS sent to customer 147bridgefield [] []
[2020-12-17 08:00:05] Credit Warning SMS Yellow Zone log.INFO: Sending credit warning SMS to customer 157bridgefield [] []
[2020-12-17 08:00:05] Credit Warning SMS Yellow Zone log.INFO: Credit warning SMS sent to customer 157bridgefield [] []
[2020-12-17 08:00:05] Credit Warning SMS Yellow Zone log.INFO: Sending credit warning SMS to customer 27bridgefield [] []
[2020-12-17 08:00:05] Credit Warning SMS Yellow Zone log.INFO: Credit warning SMS sent to customer 27bridgefield [] []
[2020-12-17 08:00:05] Credit Warning SMS Yellow Zone log.INFO: Sending credit warning SMS to customer 5bridgefield [] []
[2020-12-17 08:00:05] Credit Warning SMS Yellow Zone log.INFO: Credit warning SMS sent to customer 5bridgefield [] []
[2020-12-17 08:00:05] Credit Warning SMS Yellow Zone log.INFO: Sending credit warning SMS to customer 129bridgefield [] []
[2020-12-17 08:00:05] Credit Warning SMS Yellow Zone log.INFO: Credit warning SMS sent to customer 129bridgefield [] []
[2020-12-17 08:00:05] Credit Warning SMS Yellow Zone log.INFO: Sending credit warning SMS to customer 205bridgefield [] []
[2020-12-17 08:00:05] Credit Warning SMS Yellow Zone log.INFO: Credit warning SMS sent to customer 205bridgefield [] []
[2020-12-17 08:00:05] Credit Warning SMS Yellow Zone log.INFO: Sending credit warning SMS to customer 178bridgefield [] []
[2020-12-17 08:00:05] Credit Warning SMS Yellow Zone log.INFO: Credit warning SMS sent to customer 178bridgefield [] []
[2020-12-17 08:00:05] Credit Warning SMS Yellow Zone log.INFO: Sending credit warning SMS to customer 22pappan [] []
[2020-12-17 08:00:05] Credit Warning SMS Yellow Zone log.INFO: Credit warning SMS sent to customer 22pappan [] []
[2020-12-17 08:00:05] Credit Warning SMS Yellow Zone log.INFO: Sending credit warning SMS to customer 16pappan [] []
[2020-12-17 08:00:05] Credit Warning SMS Yellow Zone log.INFO: Credit warning SMS sent to customer 16pappan [] []
[2020-12-17 08:00:05] Credit Warning SMS Yellow Zone log.INFO: Sending credit warning SMS to customer 3pappan [] []
[2020-12-17 08:00:05] Credit Warning SMS Yellow Zone log.INFO: Credit warning SMS sent to customer 3pappan [] []
[2020-12-17 08:00:05] Credit Warning SMS Yellow Zone log.INFO: Sending credit warning SMS to customer 83fairways [] []
[2020-12-17 08:00:05] Credit Warning SMS Yellow Zone log.INFO: Credit warning SMS sent to customer 83fairways [] []
[2020-12-17 08:00:05] Credit Warning SMS Yellow Zone log.INFO: Sending credit warning SMS to customer 117fairways [] []
[2020-12-17 08:00:05] Credit Warning SMS Yellow Zone log.INFO: Credit warning SMS sent to customer 117fairways [] []
[2020-12-17 08:00:05] Credit Warning SMS Yellow Zone log.INFO: Sending credit warning SMS to customer 118fairways [] []
[2020-12-17 08:00:05] Credit Warning SMS Yellow Zone log.INFO: Credit warning SMS sent to customer 118fairways [] []
[2020-12-17 08:00:05] Credit Warning SMS Yellow Zone log.INFO: Sending credit warning SMS to customer 139fairways [] []
[2020-12-17 08:00:05] Credit Warning SMS Yellow Zone log.INFO: Credit warning SMS sent to customer 139fairways [] []
[2020-12-17 08:00:05] Credit Warning SMS Yellow Zone log.INFO: Sending credit warning SMS to customer 19fairways [] []
[2020-12-17 08:00:05] Credit Warning SMS Yellow Zone log.INFO: Credit warning SMS sent to customer 19fairways [] []
[2020-12-17 08:00:05] Credit Warning SMS Yellow Zone log.INFO: Sending credit warning SMS to customer 61fairways [] []
[2020-12-17 08:00:06] Credit Warning SMS Yellow Zone log.INFO: Credit warning SMS sent to customer 61fairways [] []
[2020-12-17 08:00:06] Credit Warning SMS Yellow Zone log.INFO: Sending credit warning SMS to customer h16fairways [] []
[2020-12-17 08:00:06] Credit Warning SMS Yellow Zone log.INFO: Credit warning SMS sent to customer h16fairways [] []
[2020-12-17 08:00:06] Credit Warning SMS Yellow Zone log.INFO: Sending credit warning SMS to customer h13fairways [] []
[2020-12-17 08:00:06] Credit Warning SMS Yellow Zone log.INFO: Credit warning SMS sent to customer h13fairways [] []
[2020-12-17 08:00:06] Credit Warning SMS Yellow Zone log.INFO: Sending credit warning SMS to customer 100fairways [] []
[2020-12-17 08:00:06] Credit Warning SMS Yellow Zone log.INFO: Credit warning SMS sent to customer 100fairways [] []
[2020-12-17 08:00:06] Credit Warning SMS Yellow Zone log.INFO: Sending credit warning SMS to customer 73herberthill [] []
[2020-12-17 08:00:06] Credit Warning SMS Yellow Zone log.INFO: Credit warning SMS sent to customer 73herberthill [] []
[2020-12-17 08:00:06] Credit Warning SMS Yellow Zone log.INFO: Sending credit warning SMS to customer 6herberthill [] []
[2020-12-17 08:00:06] Credit Warning SMS Yellow Zone log.INFO: Credit warning SMS sent to customer 6herberthill [] []
[2020-12-17 08:00:06] Credit Warning SMS Yellow Zone log.INFO: Sending credit warning SMS to customer 23herberthill [] []
[2020-12-17 08:00:06] Credit Warning SMS Yellow Zone log.INFO: Credit warning SMS sent to customer 23herberthill [] []
[2020-12-17 08:00:06] Credit Warning SMS Yellow Zone log.INFO: Sending credit warning SMS to customer 40herberthill [] []
[2020-12-17 08:00:06] Credit Warning SMS Yellow Zone log.INFO: Credit warning SMS sent to customer 40herberthill [] []
[2020-12-17 08:00:06] Credit Warning SMS Yellow Zone log.INFO: Sending credit warning SMS to customer 60herberthill [] []
[2020-12-17 08:00:06] Credit Warning SMS Yellow Zone log.INFO: Credit warning SMS sent to customer 60herberthill [] []
[2020-12-17 08:00:06] Credit Warning SMS Yellow Zone log.INFO: Sending credit warning SMS to customer 75herberthill [] []
[2020-12-17 08:00:06] Credit Warning SMS Yellow Zone log.INFO: Credit warning SMS sent to customer 75herberthill [] []
[2020-12-17 08:00:06] Credit Warning SMS Yellow Zone log.INFO: Sending credit warning SMS to customer 33herberthill [] []
[2020-12-17 08:00:06] Credit Warning SMS Yellow Zone log.INFO: Credit warning SMS sent to customer 33herberthill [] []
[2020-12-17 08:00:06] Credit Warning SMS Yellow Zone log.INFO: Sending credit warning SMS to customer 3herberthill [] []
[2020-12-17 08:00:06] Credit Warning SMS Yellow Zone log.INFO: Credit warning SMS sent to customer 3herberthill [] []
[2020-12-17 08:00:06] Credit Warning SMS Yellow Zone log.INFO: Sending credit warning SMS to customer 16herberthill [] []
[2020-12-17 08:00:06] Credit Warning SMS Yellow Zone log.INFO: Credit warning SMS sent to customer 16herberthill [] []
[2020-12-17 08:00:06] Credit Warning SMS Yellow Zone log.INFO: Sending credit warning SMS to customer 61herberthill [] []
[2020-12-17 08:00:06] Credit Warning SMS Yellow Zone log.INFO: Credit warning SMS sent to customer 61herberthill [] []
[2020-12-17 08:00:06] Credit Warning SMS Yellow Zone log.INFO: Sending credit warning SMS to customer 13marina [] []
[2020-12-17 08:00:07] Credit Warning SMS Yellow Zone log.INFO: Credit warning SMS sent to customer 13marina [] []
[2020-12-17 08:00:07] Credit Warning SMS Yellow Zone log.INFO: Sending credit warning SMS to customer 22marina [] []
[2020-12-17 08:00:07] Credit Warning SMS Yellow Zone log.INFO: Credit warning SMS sent to customer 22marina [] []
[2020-12-17 08:00:07] Credit Warning SMS Yellow Zone log.INFO: Sending credit warning SMS to customer 66bracken [] []
[2020-12-17 08:00:07] Credit Warning SMS Yellow Zone log.INFO: Credit warning SMS sent to customer 66bracken [] []
[2020-12-17 08:00:07] Credit Warning SMS Yellow Zone log.INFO: Sent Credit warning SMS to 81 customers! [] []
