[2020-04-04 10:30:01] Credit Warning SMS Yellow Zone log.INFO: Sending credit warning SMS to customer 1Emerald [] []
[2020-04-04 10:30:02] Credit Warning SMS Yellow Zone log.INFO: Credit warning SMS sent to customer 1Emerald [] []
[2020-04-04 10:30:02] Credit Warning SMS Yellow Zone log.INFO: Sending credit warning SMS to customer 47Emerald [] []
[2020-04-04 10:30:02] Credit Warning SMS Yellow Zone log.INFO: Credit warning SMS sent to customer 47Emerald [] []
[2020-04-04 10:30:02] Credit Warning SMS Yellow Zone log.INFO: Sending credit warning SMS to customer 19Emerald [] []
[2020-04-04 10:30:02] Credit Warning SMS Yellow Zone log.INFO: Credit warning SMS sent to customer 19Emerald [] []
[2020-04-04 10:30:02] Credit Warning SMS Yellow Zone log.INFO: Sending credit warning SMS to customer 176neptune [] []
[2020-04-04 10:30:02] Credit Warning SMS Yellow Zone log.INFO: Credit warning SMS sent to customer 176neptune [] []
[2020-04-04 10:30:02] Credit Warning SMS Yellow Zone log.INFO: Sending credit warning SMS to customer 174neptune [] []
[2020-04-04 10:30:02] Credit Warning SMS Yellow Zone log.INFO: Credit warning SMS sent to customer 174neptune [] []
[2020-04-04 10:30:02] Credit Warning SMS Yellow Zone log.INFO: Sending credit warning SMS to customer 154Neptune [] []
[2020-04-04 10:30:02] Credit Warning SMS Yellow Zone log.INFO: Credit warning SMS sent to customer 154Neptune [] []
[2020-04-04 10:30:02] Credit Warning SMS Yellow Zone log.INFO: Sending credit warning SMS to customer 153Neptune [] []
[2020-04-04 10:30:02] Credit Warning SMS Yellow Zone log.INFO: Credit warning SMS sent to customer 153Neptune [] []
[2020-04-04 10:30:02] Credit Warning SMS Yellow Zone log.INFO: Sending credit warning SMS to customer 27neptune [] []
[2020-04-04 10:30:02] Credit Warning SMS Yellow Zone log.INFO: Credit warning SMS sent to customer 27neptune [] []
[2020-04-04 10:30:02] Credit Warning SMS Yellow Zone log.INFO: Sending credit warning SMS to customer 7neptune [] []
[2020-04-04 10:30:02] Credit Warning SMS Yellow Zone log.INFO: Credit warning SMS sent to customer 7neptune [] []
[2020-04-04 10:30:02] Credit Warning SMS Yellow Zone log.INFO: Sending credit warning SMS to customer 140Neptune [] []
[2020-04-04 10:30:02] Credit Warning SMS Yellow Zone log.INFO: Credit warning SMS sent to customer 140Neptune [] []
[2020-04-04 10:30:02] Credit Warning SMS Yellow Zone log.INFO: Sending credit warning SMS to customer 104Neptune [] []
[2020-04-04 10:30:02] Credit Warning SMS Yellow Zone log.INFO: Credit warning SMS sent to customer 104Neptune [] []
[2020-04-04 10:30:02] Credit Warning SMS Yellow Zone log.INFO: Sending credit warning SMS to customer 66Neptune [] []
[2020-04-04 10:30:02] Credit Warning SMS Yellow Zone log.INFO: Credit warning SMS sent to customer 66Neptune [] []
[2020-04-04 10:30:02] Credit Warning SMS Yellow Zone log.INFO: Sending credit warning SMS to customer 37neptune [] []
[2020-04-04 10:30:02] Credit Warning SMS Yellow Zone log.INFO: Credit warning SMS sent to customer 37neptune [] []
[2020-04-04 10:30:02] Credit Warning SMS Yellow Zone log.INFO: Sending credit warning SMS to customer 21neptune [] []
[2020-04-04 10:30:02] Credit Warning SMS Yellow Zone log.INFO: Credit warning SMS sent to customer 21neptune [] []
[2020-04-04 10:30:02] Credit Warning SMS Yellow Zone log.INFO: Sending credit warning SMS to customer 32neptune [] []
[2020-04-04 10:30:02] Credit Warning SMS Yellow Zone log.INFO: Credit warning SMS sent to customer 32neptune [] []
[2020-04-04 10:30:02] Credit Warning SMS Yellow Zone log.INFO: Sending credit warning SMS to customer 23neptune [] []
[2020-04-04 10:30:02] Credit Warning SMS Yellow Zone log.INFO: Credit warning SMS sent to customer 23neptune [] []
[2020-04-04 10:30:02] Credit Warning SMS Yellow Zone log.INFO: Sending credit warning SMS to customer 8neptune [] []
[2020-04-04 10:30:02] Credit Warning SMS Yellow Zone log.INFO: Credit warning SMS sent to customer 8neptune [] []
[2020-04-04 10:30:02] Credit Warning SMS Yellow Zone log.INFO: Sending credit warning SMS to customer 53Neptune [] []
[2020-04-04 10:30:02] Credit Warning SMS Yellow Zone log.INFO: Credit warning SMS sent to customer 53Neptune [] []
[2020-04-04 10:30:02] Credit Warning SMS Yellow Zone log.INFO: Sending credit warning SMS to customer 11Abbott [] []
[2020-04-04 10:30:02] Credit Warning SMS Yellow Zone log.INFO: Credit warning SMS sent to customer 11Abbott [] []
[2020-04-04 10:30:02] Credit Warning SMS Yellow Zone log.INFO: Sending credit warning SMS to customer 13Abbott [] []
[2020-04-04 10:30:02] Credit Warning SMS Yellow Zone log.INFO: Credit warning SMS sent to customer 13Abbott [] []
[2020-04-04 10:30:02] Credit Warning SMS Yellow Zone log.INFO: Sending credit warning SMS to customer 59Abbott [] []
[2020-04-04 10:30:02] Credit Warning SMS Yellow Zone log.INFO: Credit warning SMS sent to customer 59Abbott [] []
[2020-04-04 10:30:02] Credit Warning SMS Yellow Zone log.INFO: Sending credit warning SMS to customer 87Abbott [] []
[2020-04-04 10:30:02] Credit Warning SMS Yellow Zone log.INFO: Credit warning SMS sent to customer 87Abbott [] []
[2020-04-04 10:30:02] Credit Warning SMS Yellow Zone log.INFO: Sending credit warning SMS to customer 84Abbott [] []
[2020-04-04 10:30:02] Credit Warning SMS Yellow Zone log.INFO: Credit warning SMS sent to customer 84Abbott [] []
[2020-04-04 10:30:02] Credit Warning SMS Yellow Zone log.INFO: Sending credit warning SMS to customer 91Abbott [] []
[2020-04-04 10:30:02] Credit Warning SMS Yellow Zone log.INFO: Credit warning SMS sent to customer 91Abbott [] []
[2020-04-04 10:30:02] Credit Warning SMS Yellow Zone log.INFO: Sending credit warning SMS to customer 71Abbott [] []
[2020-04-04 10:30:02] Credit Warning SMS Yellow Zone log.INFO: Credit warning SMS sent to customer 71Abbott [] []
[2020-04-04 10:30:02] Credit Warning SMS Yellow Zone log.INFO: Sending credit warning SMS to customer 103Abbott [] []
[2020-04-04 10:30:03] Credit Warning SMS Yellow Zone log.INFO: Credit warning SMS sent to customer 103Abbott [] []
[2020-04-04 10:30:03] Credit Warning SMS Yellow Zone log.INFO: Sending credit warning SMS to customer 81Abbott [] []
[2020-04-04 10:30:03] Credit Warning SMS Yellow Zone log.INFO: Credit warning SMS sent to customer 81Abbott [] []
[2020-04-04 10:30:03] Credit Warning SMS Yellow Zone log.INFO: Sending credit warning SMS to customer 129abbott [] []
[2020-04-04 10:30:03] Credit Warning SMS Yellow Zone log.INFO: Credit warning SMS sent to customer 129abbott [] []
[2020-04-04 10:30:03] Credit Warning SMS Yellow Zone log.INFO: Sending credit warning SMS to customer 54Abbott [] []
[2020-04-04 10:30:03] Credit Warning SMS Yellow Zone log.INFO: Credit warning SMS sent to customer 54Abbott [] []
[2020-04-04 10:30:03] Credit Warning SMS Yellow Zone log.INFO: Sending credit warning SMS to customer 187abbott [] []
[2020-04-04 10:30:03] Credit Warning SMS Yellow Zone log.INFO: Credit warning SMS sent to customer 187abbott [] []
[2020-04-04 10:30:03] Credit Warning SMS Yellow Zone log.INFO: Sending credit warning SMS to customer 155abbott [] []
[2020-04-04 10:30:03] Credit Warning SMS Yellow Zone log.INFO: Credit warning SMS sent to customer 155abbott [] []
[2020-04-04 10:30:03] Credit Warning SMS Yellow Zone log.INFO: Sending credit warning SMS to customer 26eustace [] []
[2020-04-04 10:30:03] Credit Warning SMS Yellow Zone log.INFO: Credit warning SMS sent to customer 26eustace [] []
[2020-04-04 10:30:03] Credit Warning SMS Yellow Zone log.INFO: Sending credit warning SMS to customer 5leona [] []
[2020-04-04 10:30:03] Credit Warning SMS Yellow Zone log.INFO: Credit warning SMS sent to customer 5leona [] []
[2020-04-04 10:30:03] Credit Warning SMS Yellow Zone log.INFO: Sending credit warning SMS to customer 123leona [] []
[2020-04-04 10:30:03] Credit Warning SMS Yellow Zone log.INFO: Credit warning SMS sent to customer 123leona [] []
[2020-04-04 10:30:03] Credit Warning SMS Yellow Zone log.INFO: Sending credit warning SMS to customer 105leona [] []
[2020-04-04 10:30:03] Credit Warning SMS Yellow Zone log.INFO: Credit warning SMS sent to customer 105leona [] []
[2020-04-04 10:30:03] Credit Warning SMS Yellow Zone log.INFO: Sending credit warning SMS to customer 76leona [] []
[2020-04-04 10:30:03] Credit Warning SMS Yellow Zone log.INFO: Credit warning SMS sent to customer 76leona [] []
[2020-04-04 10:30:03] Credit Warning SMS Yellow Zone log.INFO: Sending credit warning SMS to customer 98leona [] []
[2020-04-04 10:30:03] Credit Warning SMS Yellow Zone log.INFO: Credit warning SMS sent to customer 98leona [] []
[2020-04-04 10:30:03] Credit Warning SMS Yellow Zone log.INFO: Sending credit warning SMS to customer 149charlotte [] []
[2020-04-04 10:30:03] Credit Warning SMS Yellow Zone log.INFO: Credit warning SMS sent to customer 149charlotte [] []
[2020-04-04 10:30:03] Credit Warning SMS Yellow Zone log.INFO: Sending credit warning SMS to customer 144charlotte [] []
[2020-04-04 10:30:03] Credit Warning SMS Yellow Zone log.INFO: Credit warning SMS sent to customer 144charlotte [] []
[2020-04-04 10:30:03] Credit Warning SMS Yellow Zone log.INFO: Sending credit warning SMS to customer 140charlotte [] []
[2020-04-04 10:30:03] Credit Warning SMS Yellow Zone log.INFO: Credit warning SMS sent to customer 140charlotte [] []
[2020-04-04 10:30:03] Credit Warning SMS Yellow Zone log.INFO: Sending credit warning SMS to customer 125charlotte [] []
[2020-04-04 10:30:03] Credit Warning SMS Yellow Zone log.INFO: Credit warning SMS sent to customer 125charlotte [] []
[2020-04-04 10:30:03] Credit Warning SMS Yellow Zone log.INFO: Sending credit warning SMS to customer 61charlotte [] []
[2020-04-04 10:30:03] Credit Warning SMS Yellow Zone log.INFO: Credit warning SMS sent to customer 61charlotte [] []
[2020-04-04 10:30:03] Credit Warning SMS Yellow Zone log.INFO: Sending credit warning SMS to customer 6bridgefield [] []
[2020-04-04 10:30:03] Credit Warning SMS Yellow Zone log.INFO: Credit warning SMS sent to customer 6bridgefield [] []
[2020-04-04 10:30:03] Credit Warning SMS Yellow Zone log.INFO: Sending credit warning SMS to customer 21bridgefield [] []
[2020-04-04 10:30:03] Credit Warning SMS Yellow Zone log.INFO: Credit warning SMS sent to customer 21bridgefield [] []
[2020-04-04 10:30:03] Credit Warning SMS Yellow Zone log.INFO: Sending credit warning SMS to customer 13bridgefield [] []
[2020-04-04 10:30:03] Credit Warning SMS Yellow Zone log.INFO: Credit warning SMS sent to customer 13bridgefield [] []
[2020-04-04 10:30:03] Credit Warning SMS Yellow Zone log.INFO: Sending credit warning SMS to customer 42bridgefield [] []
[2020-04-04 10:30:03] Credit Warning SMS Yellow Zone log.INFO: Credit warning SMS sent to customer 42bridgefield [] []
[2020-04-04 10:30:03] Credit Warning SMS Yellow Zone log.INFO: Sending credit warning SMS to customer 53bridgefield [] []
[2020-04-04 10:30:03] Credit Warning SMS Yellow Zone log.INFO: Credit warning SMS sent to customer 53bridgefield [] []
[2020-04-04 10:30:03] Credit Warning SMS Yellow Zone log.INFO: Sending credit warning SMS to customer 95bridgefield [] []
[2020-04-04 10:30:03] Credit Warning SMS Yellow Zone log.INFO: Credit warning SMS sent to customer 95bridgefield [] []
[2020-04-04 10:30:03] Credit Warning SMS Yellow Zone log.INFO: Sending credit warning SMS to customer 191bridgefield [] []
[2020-04-04 10:30:03] Credit Warning SMS Yellow Zone log.INFO: Credit warning SMS sent to customer 191bridgefield [] []
[2020-04-04 10:30:03] Credit Warning SMS Yellow Zone log.INFO: Sending credit warning SMS to customer 193bridgefield [] []
[2020-04-04 10:30:03] Credit Warning SMS Yellow Zone log.INFO: Credit warning SMS sent to customer 193bridgefield [] []
[2020-04-04 10:30:03] Credit Warning SMS Yellow Zone log.INFO: Sending credit warning SMS to customer 150bridgefield [] []
[2020-04-04 10:30:03] Credit Warning SMS Yellow Zone log.INFO: Credit warning SMS sent to customer 150bridgefield [] []
[2020-04-04 10:30:03] Credit Warning SMS Yellow Zone log.INFO: Sending credit warning SMS to customer 23pappan [] []
[2020-04-04 10:30:03] Credit Warning SMS Yellow Zone log.INFO: Credit warning SMS sent to customer 23pappan [] []
[2020-04-04 10:30:03] Credit Warning SMS Yellow Zone log.INFO: Sending credit warning SMS to customer 18pappan [] []
[2020-04-04 10:30:03] Credit Warning SMS Yellow Zone log.INFO: Credit warning SMS sent to customer 18pappan [] []
[2020-04-04 10:30:03] Credit Warning SMS Yellow Zone log.INFO: Sending credit warning SMS to customer 26pappan [] []
[2020-04-04 10:30:03] Credit Warning SMS Yellow Zone log.INFO: Credit warning SMS sent to customer 26pappan [] []
[2020-04-04 10:30:03] Credit Warning SMS Yellow Zone log.INFO: Sending credit warning SMS to customer 90fairways [] []
[2020-04-04 10:30:04] Credit Warning SMS Yellow Zone log.INFO: Credit warning SMS sent to customer 90fairways [] []
[2020-04-04 10:30:04] Credit Warning SMS Yellow Zone log.INFO: Sending credit warning SMS to customer 133fairways [] []
[2020-04-04 10:30:04] Credit Warning SMS Yellow Zone log.INFO: Credit warning SMS sent to customer 133fairways [] []
[2020-04-04 10:30:04] Credit Warning SMS Yellow Zone log.INFO: Sending credit warning SMS to customer 153fairways [] []
[2020-04-04 10:30:04] Credit Warning SMS Yellow Zone log.INFO: Credit warning SMS sent to customer 153fairways [] []
[2020-04-04 10:30:04] Credit Warning SMS Yellow Zone log.INFO: Sending credit warning SMS to customer 12fairways [] []
[2020-04-04 10:30:04] Credit Warning SMS Yellow Zone log.INFO: Credit warning SMS sent to customer 12fairways [] []
[2020-04-04 10:30:04] Credit Warning SMS Yellow Zone log.INFO: Sending credit warning SMS to customer 26fairways [] []
[2020-04-04 10:30:04] Credit Warning SMS Yellow Zone log.INFO: Credit warning SMS sent to customer 26fairways [] []
[2020-04-04 10:30:04] Credit Warning SMS Yellow Zone log.INFO: Sending credit warning SMS to customer 61fairways [] []
[2020-04-04 10:30:04] Credit Warning SMS Yellow Zone log.INFO: Credit warning SMS sent to customer 61fairways [] []
[2020-04-04 10:30:04] Credit Warning SMS Yellow Zone log.INFO: Sending credit warning SMS to customer 37fairways [] []
[2020-04-04 10:30:04] Credit Warning SMS Yellow Zone log.INFO: Credit warning SMS sent to customer 37fairways [] []
[2020-04-04 10:30:04] Credit Warning SMS Yellow Zone log.INFO: Sending credit warning SMS to customer 73herberthill [] []
[2020-04-04 10:30:04] Credit Warning SMS Yellow Zone log.INFO: Credit warning SMS sent to customer 73herberthill [] []
[2020-04-04 10:30:04] Credit Warning SMS Yellow Zone log.INFO: Sending credit warning SMS to customer 6herberthill [] []
[2020-04-04 10:30:04] Credit Warning SMS Yellow Zone log.INFO: Credit warning SMS sent to customer 6herberthill [] []
[2020-04-04 10:30:04] Credit Warning SMS Yellow Zone log.INFO: Sending credit warning SMS to customer 24herberthill [] []
[2020-04-04 10:30:04] Credit Warning SMS Yellow Zone log.INFO: Credit warning SMS sent to customer 24herberthill [] []
[2020-04-04 10:30:04] Credit Warning SMS Yellow Zone log.INFO: Sent Credit warning SMS to 64 customers! [] []
