[2020-03-23 08:00:01] Credit Warning SMS Yellow Zone log.INFO: Sending credit warning SMS to customer 10sundayswell [] []
[2020-03-23 08:00:01] Credit Warning SMS Yellow Zone log.INFO: Credit warning SMS sent to customer 10sundayswell [] []
[2020-03-23 08:00:01] Credit Warning SMS Yellow Zone log.INFO: Sending credit warning SMS to customer 9garryknock [] []
[2020-03-23 08:00:02] Credit Warning SMS Yellow Zone log.INFO: Credit warning SMS sent to customer 9garryknock [] []
[2020-03-23 08:00:02] Credit Warning SMS Yellow Zone log.INFO: Sending credit warning SMS to customer 19garryknock [] []
[2020-03-23 08:00:02] Credit Warning SMS Yellow Zone log.INFO: Credit warning SMS sent to customer 19garryknock [] []
[2020-03-23 08:00:02] Credit Warning SMS Yellow Zone log.INFO: Sending credit warning SMS to customer 1garryknock [] []
[2020-03-23 08:00:02] Credit Warning SMS Yellow Zone log.INFO: Credit warning SMS sent to customer 1garryknock [] []
[2020-03-23 08:00:02] Credit Warning SMS Yellow Zone log.INFO: Sending credit warning SMS to customer 49Emerald [] []
[2020-03-23 08:00:02] Credit Warning SMS Yellow Zone log.INFO: Credit warning SMS sent to customer 49Emerald [] []
[2020-03-23 08:00:02] Credit Warning SMS Yellow Zone log.INFO: Sending credit warning SMS to customer 23Emerald [] []
[2020-03-23 08:00:02] Credit Warning SMS Yellow Zone log.INFO: Credit warning SMS sent to customer 23Emerald [] []
[2020-03-23 08:00:02] Credit Warning SMS Yellow Zone log.INFO: Sending credit warning SMS to customer 177neptune [] []
[2020-03-23 08:00:02] Credit Warning SMS Yellow Zone log.INFO: Credit warning SMS sent to customer 177neptune [] []
[2020-03-23 08:00:02] Credit Warning SMS Yellow Zone log.INFO: Sending credit warning SMS to customer 135Neptune [] []
[2020-03-23 08:00:02] Credit Warning SMS Yellow Zone log.INFO: Credit warning SMS sent to customer 135Neptune [] []
[2020-03-23 08:00:02] Credit Warning SMS Yellow Zone log.INFO: Sending credit warning SMS to customer 84Neptune [] []
[2020-03-23 08:00:02] Credit Warning SMS Yellow Zone log.INFO: Credit warning SMS sent to customer 84Neptune [] []
[2020-03-23 08:00:02] Credit Warning SMS Yellow Zone log.INFO: Sending credit warning SMS to customer 159Neptune [] []
[2020-03-23 08:00:02] Credit Warning SMS Yellow Zone log.INFO: Credit warning SMS sent to customer 159Neptune [] []
[2020-03-23 08:00:02] Credit Warning SMS Yellow Zone log.INFO: Sending credit warning SMS to customer 81Neptune [] []
[2020-03-23 08:00:02] Credit Warning SMS Yellow Zone log.INFO: Credit warning SMS sent to customer 81Neptune [] []
[2020-03-23 08:00:02] Credit Warning SMS Yellow Zone log.INFO: Sending credit warning SMS to customer 72neptune [] []
[2020-03-23 08:00:02] Credit Warning SMS Yellow Zone log.INFO: Credit warning SMS sent to customer 72neptune [] []
[2020-03-23 08:00:02] Credit Warning SMS Yellow Zone log.INFO: Sending credit warning SMS to customer 104Neptune [] []
[2020-03-23 08:00:02] Credit Warning SMS Yellow Zone log.INFO: Credit warning SMS sent to customer 104Neptune [] []
[2020-03-23 08:00:02] Credit Warning SMS Yellow Zone log.INFO: Sending credit warning SMS to customer 108Neptune [] []
[2020-03-23 08:00:02] Credit Warning SMS Yellow Zone log.INFO: Credit warning SMS sent to customer 108Neptune [] []
[2020-03-23 08:00:02] Credit Warning SMS Yellow Zone log.INFO: Sending credit warning SMS to customer 39neptune [] []
[2020-03-23 08:00:02] Credit Warning SMS Yellow Zone log.INFO: Credit warning SMS sent to customer 39neptune [] []
[2020-03-23 08:00:02] Credit Warning SMS Yellow Zone log.INFO: Sending credit warning SMS to customer 105Neptune [] []
[2020-03-23 08:00:02] Credit Warning SMS Yellow Zone log.INFO: Credit warning SMS sent to customer 105Neptune [] []
[2020-03-23 08:00:02] Credit Warning SMS Yellow Zone log.INFO: Sending credit warning SMS to customer 98Neptune [] []
[2020-03-23 08:00:02] Credit Warning SMS Yellow Zone log.INFO: Credit warning SMS sent to customer 98Neptune [] []
[2020-03-23 08:00:02] Credit Warning SMS Yellow Zone log.INFO: Sending credit warning SMS to customer 41neptune [] []
[2020-03-23 08:00:02] Credit Warning SMS Yellow Zone log.INFO: Credit warning SMS sent to customer 41neptune [] []
[2020-03-23 08:00:02] Credit Warning SMS Yellow Zone log.INFO: Sending credit warning SMS to customer 38neptune [] []
[2020-03-23 08:00:02] Credit Warning SMS Yellow Zone log.INFO: Credit warning SMS sent to customer 38neptune [] []
[2020-03-23 08:00:02] Credit Warning SMS Yellow Zone log.INFO: Sending credit warning SMS to customer 3Abbott [] []
[2020-03-23 08:00:02] Credit Warning SMS Yellow Zone log.INFO: Credit warning SMS sent to customer 3Abbott [] []
[2020-03-23 08:00:02] Credit Warning SMS Yellow Zone log.INFO: Sending credit warning SMS to customer 5Abbott [] []
[2020-03-23 08:00:02] Credit Warning SMS Yellow Zone log.INFO: Credit warning SMS sent to customer 5Abbott [] []
[2020-03-23 08:00:02] Credit Warning SMS Yellow Zone log.INFO: Sending credit warning SMS to customer 10Abbott [] []
[2020-03-23 08:00:02] Credit Warning SMS Yellow Zone log.INFO: Credit warning SMS sent to customer 10Abbott [] []
[2020-03-23 08:00:02] Credit Warning SMS Yellow Zone log.INFO: Sending credit warning SMS to customer 45Abbott [] []
[2020-03-23 08:00:02] Credit Warning SMS Yellow Zone log.INFO: Credit warning SMS sent to customer 45Abbott [] []
[2020-03-23 08:00:02] Credit Warning SMS Yellow Zone log.INFO: Sending credit warning SMS to customer 13Abbott [] []
[2020-03-23 08:00:02] Credit Warning SMS Yellow Zone log.INFO: Credit warning SMS sent to customer 13Abbott [] []
[2020-03-23 08:00:02] Credit Warning SMS Yellow Zone log.INFO: Sending credit warning SMS to customer 77Abbott [] []
[2020-03-23 08:00:02] Credit Warning SMS Yellow Zone log.INFO: Credit warning SMS sent to customer 77Abbott [] []
[2020-03-23 08:00:02] Credit Warning SMS Yellow Zone log.INFO: Sending credit warning SMS to customer 89Abbott [] []
[2020-03-23 08:00:02] Credit Warning SMS Yellow Zone log.INFO: Credit warning SMS sent to customer 89Abbott [] []
[2020-03-23 08:00:02] Credit Warning SMS Yellow Zone log.INFO: Sending credit warning SMS to customer 69Abbott [] []
[2020-03-23 08:00:02] Credit Warning SMS Yellow Zone log.INFO: Credit warning SMS sent to customer 69Abbott [] []
[2020-03-23 08:00:02] Credit Warning SMS Yellow Zone log.INFO: Sending credit warning SMS to customer 92Abbott [] []
[2020-03-23 08:00:02] Credit Warning SMS Yellow Zone log.INFO: Credit warning SMS sent to customer 92Abbott [] []
[2020-03-23 08:00:02] Credit Warning SMS Yellow Zone log.INFO: Sending credit warning SMS to customer 71Abbott [] []
[2020-03-23 08:00:02] Credit Warning SMS Yellow Zone log.INFO: Credit warning SMS sent to customer 71Abbott [] []
[2020-03-23 08:00:02] Credit Warning SMS Yellow Zone log.INFO: Sending credit warning SMS to customer 100Abbott [] []
[2020-03-23 08:00:03] Credit Warning SMS Yellow Zone log.INFO: Credit warning SMS sent to customer 100Abbott [] []
[2020-03-23 08:00:03] Credit Warning SMS Yellow Zone log.INFO: Sending credit warning SMS to customer 105Abbott [] []
[2020-03-23 08:00:03] Credit Warning SMS Yellow Zone log.INFO: Credit warning SMS sent to customer 105Abbott [] []
[2020-03-23 08:00:03] Credit Warning SMS Yellow Zone log.INFO: Sending credit warning SMS to customer 117Abbott [] []
[2020-03-23 08:00:03] Credit Warning SMS Yellow Zone log.INFO: Credit warning SMS sent to customer 117Abbott [] []
[2020-03-23 08:00:03] Credit Warning SMS Yellow Zone log.INFO: Sending credit warning SMS to customer 98Abbott [] []
[2020-03-23 08:00:03] Credit Warning SMS Yellow Zone log.INFO: Credit warning SMS sent to customer 98Abbott [] []
[2020-03-23 08:00:03] Credit Warning SMS Yellow Zone log.INFO: Sending credit warning SMS to customer 115Abbott [] []
[2020-03-23 08:00:03] Credit Warning SMS Yellow Zone log.INFO: Credit warning SMS sent to customer 115Abbott [] []
[2020-03-23 08:00:03] Credit Warning SMS Yellow Zone log.INFO: Sending credit warning SMS to customer 184abbott [] []
[2020-03-23 08:00:03] Credit Warning SMS Yellow Zone log.INFO: Credit warning SMS sent to customer 184abbott [] []
[2020-03-23 08:00:03] Credit Warning SMS Yellow Zone log.INFO: Sending credit warning SMS to customer 175abbott [] []
[2020-03-23 08:00:03] Credit Warning SMS Yellow Zone log.INFO: Credit warning SMS sent to customer 175abbott [] []
[2020-03-23 08:00:03] Credit Warning SMS Yellow Zone log.INFO: Sending credit warning SMS to customer 1GreenBank [] []
[2020-03-23 08:00:03] Credit Warning SMS Yellow Zone log.INFO: Credit warning SMS sent to customer 1GreenBank [] []
[2020-03-23 08:00:03] Credit Warning SMS Yellow Zone log.INFO: Sending credit warning SMS to customer 36eustace [] []
[2020-03-23 08:00:03] Credit Warning SMS Yellow Zone log.INFO: Credit warning SMS sent to customer 36eustace [] []
[2020-03-23 08:00:03] Credit Warning SMS Yellow Zone log.INFO: Sending credit warning SMS to customer 33eustace [] []
[2020-03-23 08:00:03] Credit Warning SMS Yellow Zone log.INFO: Credit warning SMS sent to customer 33eustace [] []
[2020-03-23 08:00:03] Credit Warning SMS Yellow Zone log.INFO: Sending credit warning SMS to customer 74eustace [] []
[2020-03-23 08:00:03] Credit Warning SMS Yellow Zone log.INFO: Credit warning SMS sent to customer 74eustace [] []
[2020-03-23 08:00:03] Credit Warning SMS Yellow Zone log.INFO: Sending credit warning SMS to customer 53eustace [] []
[2020-03-23 08:00:03] Credit Warning SMS Yellow Zone log.INFO: Credit warning SMS sent to customer 53eustace [] []
[2020-03-23 08:00:03] Credit Warning SMS Yellow Zone log.INFO: Sending credit warning SMS to customer 5leona [] []
[2020-03-23 08:00:03] Credit Warning SMS Yellow Zone log.INFO: Credit warning SMS sent to customer 5leona [] []
[2020-03-23 08:00:03] Credit Warning SMS Yellow Zone log.INFO: Sending credit warning SMS to customer 60leona [] []
[2020-03-23 08:00:03] Credit Warning SMS Yellow Zone log.INFO: Credit warning SMS sent to customer 60leona [] []
[2020-03-23 08:00:03] Credit Warning SMS Yellow Zone log.INFO: Sending credit warning SMS to customer 63leona [] []
[2020-03-23 08:00:03] Credit Warning SMS Yellow Zone log.INFO: Credit warning SMS sent to customer 63leona [] []
[2020-03-23 08:00:03] Credit Warning SMS Yellow Zone log.INFO: Sending credit warning SMS to customer 56leona [] []
[2020-03-23 08:00:03] Credit Warning SMS Yellow Zone log.INFO: Credit warning SMS sent to customer 56leona [] []
[2020-03-23 08:00:03] Credit Warning SMS Yellow Zone log.INFO: Sending credit warning SMS to customer 94leona [] []
[2020-03-23 08:00:03] Credit Warning SMS Yellow Zone log.INFO: Credit warning SMS sent to customer 94leona [] []
[2020-03-23 08:00:03] Credit Warning SMS Yellow Zone log.INFO: Sending credit warning SMS to customer 115leona [] []
[2020-03-23 08:00:03] Credit Warning SMS Yellow Zone log.INFO: Credit warning SMS sent to customer 115leona [] []
[2020-03-23 08:00:03] Credit Warning SMS Yellow Zone log.INFO: Sending credit warning SMS to customer 119leona [] []
[2020-03-23 08:00:03] Credit Warning SMS Yellow Zone log.INFO: Credit warning SMS sent to customer 119leona [] []
[2020-03-23 08:00:03] Credit Warning SMS Yellow Zone log.INFO: Sending credit warning SMS to customer 7leona [] []
[2020-03-23 08:00:03] Credit Warning SMS Yellow Zone log.INFO: Credit warning SMS sent to customer 7leona [] []
[2020-03-23 08:00:03] Credit Warning SMS Yellow Zone log.INFO: Sending credit warning SMS to customer 128leona [] []
[2020-03-23 08:00:03] Credit Warning SMS Yellow Zone log.INFO: Credit warning SMS sent to customer 128leona [] []
[2020-03-23 08:00:03] Credit Warning SMS Yellow Zone log.INFO: Sending credit warning SMS to customer 20leona [] []
[2020-03-23 08:00:03] Credit Warning SMS Yellow Zone log.INFO: Credit warning SMS sent to customer 20leona [] []
[2020-03-23 08:00:03] Credit Warning SMS Yellow Zone log.INFO: Sending credit warning SMS to customer 125leona [] []
[2020-03-23 08:00:03] Credit Warning SMS Yellow Zone log.INFO: Credit warning SMS sent to customer 125leona [] []
[2020-03-23 08:00:03] Credit Warning SMS Yellow Zone log.INFO: Sending credit warning SMS to customer 108charlotte [] []
[2020-03-23 08:00:03] Credit Warning SMS Yellow Zone log.INFO: Credit warning SMS sent to customer 108charlotte [] []
[2020-03-23 08:00:03] Credit Warning SMS Yellow Zone log.INFO: Sending credit warning SMS to customer 153charlotte [] []
[2020-03-23 08:00:03] Credit Warning SMS Yellow Zone log.INFO: Credit warning SMS sent to customer 153charlotte [] []
[2020-03-23 08:00:03] Credit Warning SMS Yellow Zone log.INFO: Sending credit warning SMS to customer 103charlotte [] []
[2020-03-23 08:00:03] Credit Warning SMS Yellow Zone log.INFO: Credit warning SMS sent to customer 103charlotte [] []
[2020-03-23 08:00:03] Credit Warning SMS Yellow Zone log.INFO: Sending credit warning SMS to customer 7charlotte [] []
[2020-03-23 08:00:03] Credit Warning SMS Yellow Zone log.INFO: Credit warning SMS sent to customer 7charlotte [] []
[2020-03-23 08:00:03] Credit Warning SMS Yellow Zone log.INFO: Sending credit warning SMS to customer 56charlotte [] []
[2020-03-23 08:00:03] Credit Warning SMS Yellow Zone log.INFO: Credit warning SMS sent to customer 56charlotte [] []
[2020-03-23 08:00:03] Credit Warning SMS Yellow Zone log.INFO: Sending credit warning SMS to customer 73charlotte [] []
[2020-03-23 08:00:04] Credit Warning SMS Yellow Zone log.INFO: Credit warning SMS sent to customer 73charlotte [] []
[2020-03-23 08:00:04] Credit Warning SMS Yellow Zone log.INFO: Sending credit warning SMS to customer 157charlotte [] []
[2020-03-23 08:00:04] Credit Warning SMS Yellow Zone log.INFO: Credit warning SMS sent to customer 157charlotte [] []
[2020-03-23 08:00:04] Credit Warning SMS Yellow Zone log.INFO: Sending credit warning SMS to customer 124charlotte [] []
[2020-03-23 08:00:04] Credit Warning SMS Yellow Zone log.INFO: Credit warning SMS sent to customer 124charlotte [] []
[2020-03-23 08:00:04] Credit Warning SMS Yellow Zone log.INFO: Sending credit warning SMS to customer 6bridgefield [] []
[2020-03-23 08:00:04] Credit Warning SMS Yellow Zone log.INFO: Credit warning SMS sent to customer 6bridgefield [] []
[2020-03-23 08:00:04] Credit Warning SMS Yellow Zone log.INFO: Sending credit warning SMS to customer 8bridgefield [] []
[2020-03-23 08:00:04] Credit Warning SMS Yellow Zone log.INFO: Credit warning SMS sent to customer 8bridgefield [] []
[2020-03-23 08:00:04] Credit Warning SMS Yellow Zone log.INFO: Sending credit warning SMS to customer 20bridgefield [] []
[2020-03-23 08:00:04] Credit Warning SMS Yellow Zone log.INFO: Credit warning SMS sent to customer 20bridgefield [] []
[2020-03-23 08:00:04] Credit Warning SMS Yellow Zone log.INFO: Sending credit warning SMS to customer 15bridgefield [] []
[2020-03-23 08:00:04] Credit Warning SMS Yellow Zone log.INFO: Credit warning SMS sent to customer 15bridgefield [] []
[2020-03-23 08:00:04] Credit Warning SMS Yellow Zone log.INFO: Sending credit warning SMS to customer 9bridgefield [] []
[2020-03-23 08:00:04] Credit Warning SMS Yellow Zone log.INFO: Credit warning SMS sent to customer 9bridgefield [] []
[2020-03-23 08:00:04] Credit Warning SMS Yellow Zone log.INFO: Sending credit warning SMS to customer 65bridgefield [] []
[2020-03-23 08:00:04] Credit Warning SMS Yellow Zone log.INFO: Credit warning SMS sent to customer 65bridgefield [] []
[2020-03-23 08:00:04] Credit Warning SMS Yellow Zone log.INFO: Sending credit warning SMS to customer 58bridgefield [] []
[2020-03-23 08:00:04] Credit Warning SMS Yellow Zone log.INFO: Credit warning SMS sent to customer 58bridgefield [] []
[2020-03-23 08:00:04] Credit Warning SMS Yellow Zone log.INFO: Sending credit warning SMS to customer 83bridgefield [] []
[2020-03-23 08:00:04] Credit Warning SMS Yellow Zone log.INFO: Credit warning SMS sent to customer 83bridgefield [] []
[2020-03-23 08:00:04] Credit Warning SMS Yellow Zone log.INFO: Sending credit warning SMS to customer 35bridgefield [] []
[2020-03-23 08:00:04] Credit Warning SMS Yellow Zone log.INFO: Credit warning SMS sent to customer 35bridgefield [] []
[2020-03-23 08:00:04] Credit Warning SMS Yellow Zone log.INFO: Sending credit warning SMS to customer 67bridgefield [] []
[2020-03-23 08:00:04] Credit Warning SMS Yellow Zone log.INFO: Credit warning SMS sent to customer 67bridgefield [] []
[2020-03-23 08:00:04] Credit Warning SMS Yellow Zone log.INFO: Sending credit warning SMS to customer 196bridgefield [] []
[2020-03-23 08:00:04] Credit Warning SMS Yellow Zone log.INFO: Credit warning SMS sent to customer 196bridgefield [] []
[2020-03-23 08:00:04] Credit Warning SMS Yellow Zone log.INFO: Sending credit warning SMS to customer 155bridgefield [] []
[2020-03-23 08:00:04] Credit Warning SMS Yellow Zone log.INFO: Credit warning SMS sent to customer 155bridgefield [] []
[2020-03-23 08:00:04] Credit Warning SMS Yellow Zone log.INFO: Sending credit warning SMS to customer 31pappan [] []
[2020-03-23 08:00:04] Credit Warning SMS Yellow Zone log.INFO: Credit warning SMS sent to customer 31pappan [] []
[2020-03-23 08:00:04] Credit Warning SMS Yellow Zone log.INFO: Sending credit warning SMS to customer 87fairways [] []
[2020-03-23 08:00:04] Credit Warning SMS Yellow Zone log.INFO: Credit warning SMS sent to customer 87fairways [] []
[2020-03-23 08:00:04] Credit Warning SMS Yellow Zone log.INFO: Sending credit warning SMS to customer 90fairways [] []
[2020-03-23 08:00:04] Credit Warning SMS Yellow Zone log.INFO: Credit warning SMS sent to customer 90fairways [] []
[2020-03-23 08:00:04] Credit Warning SMS Yellow Zone log.INFO: Sending credit warning SMS to customer 110fairways [] []
[2020-03-23 08:00:04] Credit Warning SMS Yellow Zone log.INFO: Credit warning SMS sent to customer 110fairways [] []
[2020-03-23 08:00:04] Credit Warning SMS Yellow Zone log.INFO: Sending credit warning SMS to customer 103fairways [] []
[2020-03-23 08:00:04] Credit Warning SMS Yellow Zone log.INFO: Credit warning SMS sent to customer 103fairways [] []
[2020-03-23 08:00:04] Credit Warning SMS Yellow Zone log.INFO: Sending credit warning SMS to customer 117fairways [] []
[2020-03-23 08:00:04] Credit Warning SMS Yellow Zone log.INFO: Credit warning SMS sent to customer 117fairways [] []
[2020-03-23 08:00:04] Credit Warning SMS Yellow Zone log.INFO: Sending credit warning SMS to customer 149fairways [] []
[2020-03-23 08:00:04] Credit Warning SMS Yellow Zone log.INFO: Credit warning SMS sent to customer 149fairways [] []
[2020-03-23 08:00:04] Credit Warning SMS Yellow Zone log.INFO: Sending credit warning SMS to customer 86fairways [] []
[2020-03-23 08:00:04] Credit Warning SMS Yellow Zone log.INFO: Credit warning SMS sent to customer 86fairways [] []
[2020-03-23 08:00:04] Credit Warning SMS Yellow Zone log.INFO: Sending credit warning SMS to customer 19fairways [] []
[2020-03-23 08:00:04] Credit Warning SMS Yellow Zone log.INFO: Credit warning SMS sent to customer 19fairways [] []
[2020-03-23 08:00:04] Credit Warning SMS Yellow Zone log.INFO: Sending credit warning SMS to customer 2fairways [] []
[2020-03-23 08:00:04] Credit Warning SMS Yellow Zone log.INFO: Credit warning SMS sent to customer 2fairways [] []
[2020-03-23 08:00:04] Credit Warning SMS Yellow Zone log.INFO: Sending credit warning SMS to customer 50fairways [] []
[2020-03-23 08:00:04] Credit Warning SMS Yellow Zone log.INFO: Credit warning SMS sent to customer 50fairways [] []
[2020-03-23 08:00:04] Credit Warning SMS Yellow Zone log.INFO: Sending credit warning SMS to customer 31fairways [] []
[2020-03-23 08:00:04] Credit Warning SMS Yellow Zone log.INFO: Credit warning SMS sent to customer 31fairways [] []
[2020-03-23 08:00:04] Credit Warning SMS Yellow Zone log.INFO: Sending credit warning SMS to customer h5fairways [] []
[2020-03-23 08:00:04] Credit Warning SMS Yellow Zone log.INFO: Credit warning SMS sent to customer h5fairways [] []
[2020-03-23 08:00:04] Credit Warning SMS Yellow Zone log.INFO: Sending credit warning SMS to customer 73herberthill [] []
[2020-03-23 08:00:04] Credit Warning SMS Yellow Zone log.INFO: Credit warning SMS sent to customer 73herberthill [] []
[2020-03-23 08:00:04] Credit Warning SMS Yellow Zone log.INFO: Sending credit warning SMS to customer 60herberthill [] []
[2020-03-23 08:00:05] Credit Warning SMS Yellow Zone log.INFO: Credit warning SMS sent to customer 60herberthill [] []
[2020-03-23 08:00:05] Credit Warning SMS Yellow Zone log.INFO: Sending credit warning SMS to customer 86herberthill [] []
[2020-03-23 08:00:05] Credit Warning SMS Yellow Zone log.INFO: Credit warning SMS sent to customer 86herberthill [] []
[2020-03-23 08:00:05] Credit Warning SMS Yellow Zone log.INFO: Sent Credit warning SMS to 88 customers! [] []
