[2020-02-01 10:30:02] Credit Warning SMS Yellow Zone log.INFO: Sending credit warning SMS to customer 12sundayswell [] []
[2020-02-01 10:30:02] Credit Warning SMS Yellow Zone log.INFO: Credit warning SMS sent to customer 12sundayswell [] []
[2020-02-01 10:30:02] Credit Warning SMS Yellow Zone log.INFO: Sending credit warning SMS to customer 9sundayswell [] []
[2020-02-01 10:30:02] Credit Warning SMS Yellow Zone log.INFO: Credit warning SMS sent to customer 9sundayswell [] []
[2020-02-01 10:30:02] Credit Warning SMS Yellow Zone log.INFO: Sending credit warning SMS to customer 16brackenview [] []
[2020-02-01 10:30:02] Credit Warning SMS Yellow Zone log.INFO: Credit warning SMS sent to customer 16brackenview [] []
[2020-02-01 10:30:02] Credit Warning SMS Yellow Zone log.INFO: Sending credit warning SMS to customer 4sundayswell [] []
[2020-02-01 10:30:02] Credit Warning SMS Yellow Zone log.INFO: Credit warning SMS sent to customer 4sundayswell [] []
[2020-02-01 10:30:02] Credit Warning SMS Yellow Zone log.INFO: Sending credit warning SMS to customer 28Emerald [] []
[2020-02-01 10:30:02] Credit Warning SMS Yellow Zone log.INFO: Credit warning SMS sent to customer 28Emerald [] []
[2020-02-01 10:30:02] Credit Warning SMS Yellow Zone log.INFO: Sending credit warning SMS to customer 1Emerald [] []
[2020-02-01 10:30:02] Credit Warning SMS Yellow Zone log.INFO: Credit warning SMS sent to customer 1Emerald [] []
[2020-02-01 10:30:02] Credit Warning SMS Yellow Zone log.INFO: Sending credit warning SMS to customer 2neptune [] []
[2020-02-01 10:30:02] Credit Warning SMS Yellow Zone log.INFO: Credit warning SMS sent to customer 2neptune [] []
[2020-02-01 10:30:02] Credit Warning SMS Yellow Zone log.INFO: Sending credit warning SMS to customer 117Neptune [] []
[2020-02-01 10:30:02] Credit Warning SMS Yellow Zone log.INFO: Credit warning SMS sent to customer 117Neptune [] []
[2020-02-01 10:30:02] Credit Warning SMS Yellow Zone log.INFO: Sending credit warning SMS to customer 169neptune [] []
[2020-02-01 10:30:02] Credit Warning SMS Yellow Zone log.INFO: Credit warning SMS sent to customer 169neptune [] []
[2020-02-01 10:30:02] Credit Warning SMS Yellow Zone log.INFO: Sending credit warning SMS to customer 186neptune [] []
[2020-02-01 10:30:02] Credit Warning SMS Yellow Zone log.INFO: Credit warning SMS sent to customer 186neptune [] []
[2020-02-01 10:30:02] Credit Warning SMS Yellow Zone log.INFO: Sending credit warning SMS to customer 178neptune [] []
[2020-02-01 10:30:02] Credit Warning SMS Yellow Zone log.INFO: Credit warning SMS sent to customer 178neptune [] []
[2020-02-01 10:30:02] Credit Warning SMS Yellow Zone log.INFO: Sending credit warning SMS to customer 37neptune [] []
[2020-02-01 10:30:02] Credit Warning SMS Yellow Zone log.INFO: Credit warning SMS sent to customer 37neptune [] []
[2020-02-01 10:30:02] Credit Warning SMS Yellow Zone log.INFO: Sending credit warning SMS to customer 23neptune [] []
[2020-02-01 10:30:02] Credit Warning SMS Yellow Zone log.INFO: Credit warning SMS sent to customer 23neptune [] []
[2020-02-01 10:30:02] Credit Warning SMS Yellow Zone log.INFO: Sending credit warning SMS to customer 13neptune [] []
[2020-02-01 10:30:02] Credit Warning SMS Yellow Zone log.INFO: Credit warning SMS sent to customer 13neptune [] []
[2020-02-01 10:30:02] Credit Warning SMS Yellow Zone log.INFO: Sending credit warning SMS to customer 62Neptune [] []
[2020-02-01 10:30:02] Credit Warning SMS Yellow Zone log.INFO: Credit warning SMS sent to customer 62Neptune [] []
[2020-02-01 10:30:02] Credit Warning SMS Yellow Zone log.INFO: Sending credit warning SMS to customer 40neptune [] []
[2020-02-01 10:30:02] Credit Warning SMS Yellow Zone log.INFO: Credit warning SMS sent to customer 40neptune [] []
[2020-02-01 10:30:02] Credit Warning SMS Yellow Zone log.INFO: Sending credit warning SMS to customer 94Neptune [] []
[2020-02-01 10:30:02] Credit Warning SMS Yellow Zone log.INFO: Credit warning SMS sent to customer 94Neptune [] []
[2020-02-01 10:30:02] Credit Warning SMS Yellow Zone log.INFO: Sending credit warning SMS to customer 20Abbott [] []
[2020-02-01 10:30:02] Credit Warning SMS Yellow Zone log.INFO: Credit warning SMS sent to customer 20Abbott [] []
[2020-02-01 10:30:02] Credit Warning SMS Yellow Zone log.INFO: Sending credit warning SMS to customer 10Abbott [] []
[2020-02-01 10:30:02] Credit Warning SMS Yellow Zone log.INFO: Credit warning SMS sent to customer 10Abbott [] []
[2020-02-01 10:30:02] Credit Warning SMS Yellow Zone log.INFO: Sending credit warning SMS to customer 12Abbott [] []
[2020-02-01 10:30:02] Credit Warning SMS Yellow Zone log.INFO: Credit warning SMS sent to customer 12Abbott [] []
[2020-02-01 10:30:02] Credit Warning SMS Yellow Zone log.INFO: Sending credit warning SMS to customer 19Abbott [] []
[2020-02-01 10:30:03] Credit Warning SMS Yellow Zone log.INFO: Credit warning SMS sent to customer 19Abbott [] []
[2020-02-01 10:30:03] Credit Warning SMS Yellow Zone log.INFO: Sending credit warning SMS to customer 21Abbott [] []
[2020-02-01 10:30:03] Credit Warning SMS Yellow Zone log.INFO: Credit warning SMS sent to customer 21Abbott [] []
[2020-02-01 10:30:03] Credit Warning SMS Yellow Zone log.INFO: Sending credit warning SMS to customer 28Abbott [] []
[2020-02-01 10:30:03] Credit Warning SMS Yellow Zone log.INFO: Credit warning SMS sent to customer 28Abbott [] []
[2020-02-01 10:30:03] Credit Warning SMS Yellow Zone log.INFO: Sending credit warning SMS to customer 13Abbott [] []
[2020-02-01 10:30:03] Credit Warning SMS Yellow Zone log.INFO: Credit warning SMS sent to customer 13Abbott [] []
[2020-02-01 10:30:03] Credit Warning SMS Yellow Zone log.INFO: Sending credit warning SMS to customer 89Abbott [] []
[2020-02-01 10:30:03] Credit Warning SMS Yellow Zone log.INFO: Credit warning SMS sent to customer 89Abbott [] []
[2020-02-01 10:30:03] Credit Warning SMS Yellow Zone log.INFO: Sending credit warning SMS to customer 44Abbott [] []
[2020-02-01 10:30:03] Credit Warning SMS Yellow Zone log.INFO: Credit warning SMS sent to customer 44Abbott [] []
[2020-02-01 10:30:03] Credit Warning SMS Yellow Zone log.INFO: Sending credit warning SMS to customer 71Abbott [] []
[2020-02-01 10:30:03] Credit Warning SMS Yellow Zone log.INFO: Credit warning SMS sent to customer 71Abbott [] []
[2020-02-01 10:30:03] Credit Warning SMS Yellow Zone log.INFO: Sending credit warning SMS to customer 100Abbott [] []
[2020-02-01 10:30:03] Credit Warning SMS Yellow Zone log.INFO: Credit warning SMS sent to customer 100Abbott [] []
[2020-02-01 10:30:03] Credit Warning SMS Yellow Zone log.INFO: Sending credit warning SMS to customer 105Abbott [] []
[2020-02-01 10:30:03] Credit Warning SMS Yellow Zone log.INFO: Credit warning SMS sent to customer 105Abbott [] []
[2020-02-01 10:30:03] Credit Warning SMS Yellow Zone log.INFO: Sending credit warning SMS to customer 119Abbott [] []
[2020-02-01 10:30:03] Credit Warning SMS Yellow Zone log.INFO: Credit warning SMS sent to customer 119Abbott [] []
[2020-02-01 10:30:03] Credit Warning SMS Yellow Zone log.INFO: Sending credit warning SMS to customer 98Abbott [] []
[2020-02-01 10:30:03] Credit Warning SMS Yellow Zone log.INFO: Credit warning SMS sent to customer 98Abbott [] []
[2020-02-01 10:30:03] Credit Warning SMS Yellow Zone log.INFO: Sending credit warning SMS to customer 115Abbott [] []
[2020-02-01 10:30:03] Credit Warning SMS Yellow Zone log.INFO: Credit warning SMS sent to customer 115Abbott [] []
[2020-02-01 10:30:03] Credit Warning SMS Yellow Zone log.INFO: Sending credit warning SMS to customer 124Abbott [] []
[2020-02-01 10:30:03] Credit Warning SMS Yellow Zone log.INFO: Credit warning SMS sent to customer 124Abbott [] []
[2020-02-01 10:30:03] Credit Warning SMS Yellow Zone log.INFO: Sending credit warning SMS to customer 144abbott [] []
[2020-02-01 10:30:03] Credit Warning SMS Yellow Zone log.INFO: Credit warning SMS sent to customer 144abbott [] []
[2020-02-01 10:30:03] Credit Warning SMS Yellow Zone log.INFO: Sending credit warning SMS to customer 136abbott [] []
[2020-02-01 10:30:03] Credit Warning SMS Yellow Zone log.INFO: Credit warning SMS sent to customer 136abbott [] []
[2020-02-01 10:30:03] Credit Warning SMS Yellow Zone log.INFO: Sending credit warning SMS to customer 143abbott [] []
[2020-02-01 10:30:03] Credit Warning SMS Yellow Zone log.INFO: Credit warning SMS sent to customer 143abbott [] []
[2020-02-01 10:30:03] Credit Warning SMS Yellow Zone log.INFO: Sending credit warning SMS to customer 18GreenBank [] []
[2020-02-01 10:30:03] Credit Warning SMS Yellow Zone log.INFO: Credit warning SMS sent to customer 18GreenBank [] []
[2020-02-01 10:30:03] Credit Warning SMS Yellow Zone log.INFO: Sending credit warning SMS to customer 184abbott [] []
[2020-02-01 10:30:03] Credit Warning SMS Yellow Zone log.INFO: Credit warning SMS sent to customer 184abbott [] []
[2020-02-01 10:30:03] Credit Warning SMS Yellow Zone log.INFO: Sending credit warning SMS to customer 54Abbott [] []
[2020-02-01 10:30:03] Credit Warning SMS Yellow Zone log.INFO: Credit warning SMS sent to customer 54Abbott [] []
[2020-02-01 10:30:03] Credit Warning SMS Yellow Zone log.INFO: Sending credit warning SMS to customer 187abbott [] []
[2020-02-01 10:30:03] Credit Warning SMS Yellow Zone log.INFO: Credit warning SMS sent to customer 187abbott [] []
[2020-02-01 10:30:03] Credit Warning SMS Yellow Zone log.INFO: Sending credit warning SMS to customer 33Abbott [] []
[2020-02-01 10:30:03] Credit Warning SMS Yellow Zone log.INFO: Credit warning SMS sent to customer 33Abbott [] []
[2020-02-01 10:30:03] Credit Warning SMS Yellow Zone log.INFO: Sending credit warning SMS to customer 165abbott [] []
[2020-02-01 10:30:03] Credit Warning SMS Yellow Zone log.INFO: Credit warning SMS sent to customer 165abbott [] []
[2020-02-01 10:30:03] Credit Warning SMS Yellow Zone log.INFO: Sending credit warning SMS to customer 70eustace [] []
[2020-02-01 10:30:03] Credit Warning SMS Yellow Zone log.INFO: Credit warning SMS sent to customer 70eustace [] []
[2020-02-01 10:30:03] Credit Warning SMS Yellow Zone log.INFO: Sending credit warning SMS to customer 93eustace [] []
[2020-02-01 10:30:03] Credit Warning SMS Yellow Zone log.INFO: Credit warning SMS sent to customer 93eustace [] []
[2020-02-01 10:30:03] Credit Warning SMS Yellow Zone log.INFO: Sending credit warning SMS to customer 6eustace [] []
[2020-02-01 10:30:03] Credit Warning SMS Yellow Zone log.INFO: Credit warning SMS sent to customer 6eustace [] []
[2020-02-01 10:30:03] Credit Warning SMS Yellow Zone log.INFO: Sending credit warning SMS to customer 159leona [] []
[2020-02-01 10:30:03] Credit Warning SMS Yellow Zone log.INFO: Credit warning SMS sent to customer 159leona [] []
[2020-02-01 10:30:03] Credit Warning SMS Yellow Zone log.INFO: Sending credit warning SMS to customer 139leona [] []
[2020-02-01 10:30:03] Credit Warning SMS Yellow Zone log.INFO: Credit warning SMS sent to customer 139leona [] []
[2020-02-01 10:30:03] Credit Warning SMS Yellow Zone log.INFO: Sending credit warning SMS to customer 144leona [] []
[2020-02-01 10:30:03] Credit Warning SMS Yellow Zone log.INFO: Credit warning SMS sent to customer 144leona [] []
[2020-02-01 10:30:03] Credit Warning SMS Yellow Zone log.INFO: Sending credit warning SMS to customer 19leona [] []
[2020-02-01 10:30:03] Credit Warning SMS Yellow Zone log.INFO: Credit warning SMS sent to customer 19leona [] []
[2020-02-01 10:30:03] Credit Warning SMS Yellow Zone log.INFO: Sending credit warning SMS to customer 131leona [] []
[2020-02-01 10:30:04] Credit Warning SMS Yellow Zone log.INFO: Credit warning SMS sent to customer 131leona [] []
[2020-02-01 10:30:04] Credit Warning SMS Yellow Zone log.INFO: Sending credit warning SMS to customer 5leona [] []
[2020-02-01 10:30:04] Credit Warning SMS Yellow Zone log.INFO: Credit warning SMS sent to customer 5leona [] []
[2020-02-01 10:30:04] Credit Warning SMS Yellow Zone log.INFO: Sending credit warning SMS to customer 14leona [] []
[2020-02-01 10:30:04] Credit Warning SMS Yellow Zone log.INFO: Credit warning SMS sent to customer 14leona [] []
[2020-02-01 10:30:04] Credit Warning SMS Yellow Zone log.INFO: Sending credit warning SMS to customer 60leona [] []
[2020-02-01 10:30:04] Credit Warning SMS Yellow Zone log.INFO: Credit warning SMS sent to customer 60leona [] []
[2020-02-01 10:30:04] Credit Warning SMS Yellow Zone log.INFO: Sending credit warning SMS to customer 120leona [] []
[2020-02-01 10:30:04] Credit Warning SMS Yellow Zone log.INFO: Credit warning SMS sent to customer 120leona [] []
[2020-02-01 10:30:04] Credit Warning SMS Yellow Zone log.INFO: Sending credit warning SMS to customer 56leona [] []
[2020-02-01 10:30:04] Credit Warning SMS Yellow Zone log.INFO: Credit warning SMS sent to customer 56leona [] []
[2020-02-01 10:30:04] Credit Warning SMS Yellow Zone log.INFO: Sending credit warning SMS to customer 107leona [] []
[2020-02-01 10:30:04] Credit Warning SMS Yellow Zone log.INFO: Credit warning SMS sent to customer 107leona [] []
[2020-02-01 10:30:04] Credit Warning SMS Yellow Zone log.INFO: Sending credit warning SMS to customer 81leona [] []
[2020-02-01 10:30:04] Credit Warning SMS Yellow Zone log.INFO: Credit warning SMS sent to customer 81leona [] []
[2020-02-01 10:30:04] Credit Warning SMS Yellow Zone log.INFO: Sending credit warning SMS to customer 39leona [] []
[2020-02-01 10:30:04] Credit Warning SMS Yellow Zone log.INFO: Credit warning SMS sent to customer 39leona [] []
[2020-02-01 10:30:04] Credit Warning SMS Yellow Zone log.INFO: Sending credit warning SMS to customer 68leona [] []
[2020-02-01 10:30:04] Credit Warning SMS Yellow Zone log.INFO: Credit warning SMS sent to customer 68leona [] []
[2020-02-01 10:30:04] Credit Warning SMS Yellow Zone log.INFO: Sending credit warning SMS to customer 157leona [] []
[2020-02-01 10:30:04] Credit Warning SMS Yellow Zone log.INFO: Credit warning SMS sent to customer 157leona [] []
[2020-02-01 10:30:04] Credit Warning SMS Yellow Zone log.INFO: Sending credit warning SMS to customer 108charlotte [] []
[2020-02-01 10:30:04] Credit Warning SMS Yellow Zone log.INFO: Credit warning SMS sent to customer 108charlotte [] []
[2020-02-01 10:30:04] Credit Warning SMS Yellow Zone log.INFO: Sending credit warning SMS to customer 127charlotte [] []
[2020-02-01 10:30:04] Credit Warning SMS Yellow Zone log.INFO: Credit warning SMS sent to customer 127charlotte [] []
[2020-02-01 10:30:04] Credit Warning SMS Yellow Zone log.INFO: Sending credit warning SMS to customer 153charlotte [] []
[2020-02-01 10:30:04] Credit Warning SMS Yellow Zone log.INFO: Credit warning SMS sent to customer 153charlotte [] []
[2020-02-01 10:30:04] Credit Warning SMS Yellow Zone log.INFO: Sending credit warning SMS to customer 114charlotte [] []
[2020-02-01 10:30:04] Credit Warning SMS Yellow Zone log.INFO: Credit warning SMS sent to customer 114charlotte [] []
[2020-02-01 10:30:04] Credit Warning SMS Yellow Zone log.INFO: Sending credit warning SMS to customer 70charlotte [] []
[2020-02-01 10:30:04] Credit Warning SMS Yellow Zone log.INFO: Credit warning SMS sent to customer 70charlotte [] []
[2020-02-01 10:30:04] Credit Warning SMS Yellow Zone log.INFO: Sending credit warning SMS to customer 73charlotte [] []
[2020-02-01 10:30:04] Credit Warning SMS Yellow Zone log.INFO: Credit warning SMS sent to customer 73charlotte [] []
[2020-02-01 10:30:04] Credit Warning SMS Yellow Zone log.INFO: Sending credit warning SMS to customer 38charlotte [] []
[2020-02-01 10:30:04] Credit Warning SMS Yellow Zone log.INFO: Credit warning SMS sent to customer 38charlotte [] []
[2020-02-01 10:30:04] Credit Warning SMS Yellow Zone log.INFO: Sending credit warning SMS to customer 115charlotte [] []
[2020-02-01 10:30:04] Credit Warning SMS Yellow Zone log.INFO: Credit warning SMS sent to customer 115charlotte [] []
[2020-02-01 10:30:04] Credit Warning SMS Yellow Zone log.INFO: Sending credit warning SMS to customer 3charlotte [] []
[2020-02-01 10:30:04] Credit Warning SMS Yellow Zone log.INFO: Credit warning SMS sent to customer 3charlotte [] []
[2020-02-01 10:30:04] Credit Warning SMS Yellow Zone log.INFO: Sending credit warning SMS to customer 6bridgefield [] []
[2020-02-01 10:30:04] Credit Warning SMS Yellow Zone log.INFO: Credit warning SMS sent to customer 6bridgefield [] []
[2020-02-01 10:30:04] Credit Warning SMS Yellow Zone log.INFO: Sending credit warning SMS to customer 17bridgefield [] []
[2020-02-01 10:30:04] Credit Warning SMS Yellow Zone log.INFO: Credit warning SMS sent to customer 17bridgefield [] []
[2020-02-01 10:30:04] Credit Warning SMS Yellow Zone log.INFO: Sending credit warning SMS to customer 9bridgefield [] []
[2020-02-01 10:30:04] Credit Warning SMS Yellow Zone log.INFO: Credit warning SMS sent to customer 9bridgefield [] []
[2020-02-01 10:30:04] Credit Warning SMS Yellow Zone log.INFO: Sending credit warning SMS to customer 66bridgefield [] []
[2020-02-01 10:30:04] Credit Warning SMS Yellow Zone log.INFO: Credit warning SMS sent to customer 66bridgefield [] []
[2020-02-01 10:30:04] Credit Warning SMS Yellow Zone log.INFO: Sending credit warning SMS to customer 43bridgefield [] []
[2020-02-01 10:30:04] Credit Warning SMS Yellow Zone log.INFO: Credit warning SMS sent to customer 43bridgefield [] []
[2020-02-01 10:30:04] Credit Warning SMS Yellow Zone log.INFO: Sending credit warning SMS to customer 52bridgefield [] []
[2020-02-01 10:30:04] Credit Warning SMS Yellow Zone log.INFO: Credit warning SMS sent to customer 52bridgefield [] []
[2020-02-01 10:30:04] Credit Warning SMS Yellow Zone log.INFO: Sending credit warning SMS to customer 58bridgefield [] []
[2020-02-01 10:30:04] Credit Warning SMS Yellow Zone log.INFO: Credit warning SMS sent to customer 58bridgefield [] []
[2020-02-01 10:30:04] Credit Warning SMS Yellow Zone log.INFO: Sending credit warning SMS to customer 31bridgefield [] []
[2020-02-01 10:30:04] Credit Warning SMS Yellow Zone log.INFO: Credit warning SMS sent to customer 31bridgefield [] []
[2020-02-01 10:30:04] Credit Warning SMS Yellow Zone log.INFO: Sending credit warning SMS to customer 72fairways [] []
[2020-02-01 10:30:04] Credit Warning SMS Yellow Zone log.INFO: Credit warning SMS sent to customer 72fairways [] []
[2020-02-01 10:30:04] Credit Warning SMS Yellow Zone log.INFO: Sending credit warning SMS to customer 90fairways [] []
[2020-02-01 10:30:05] Credit Warning SMS Yellow Zone log.INFO: Credit warning SMS sent to customer 90fairways [] []
[2020-02-01 10:30:05] Credit Warning SMS Yellow Zone log.INFO: Sending credit warning SMS to customer 115fairways [] []
[2020-02-01 10:30:05] Credit Warning SMS Yellow Zone log.INFO: Credit warning SMS sent to customer 115fairways [] []
[2020-02-01 10:30:05] Credit Warning SMS Yellow Zone log.INFO: Sending credit warning SMS to customer 153fairways [] []
[2020-02-01 10:30:05] Credit Warning SMS Yellow Zone log.INFO: Credit warning SMS sent to customer 153fairways [] []
[2020-02-01 10:30:05] Credit Warning SMS Yellow Zone log.INFO: Sending credit warning SMS to customer 23fairways [] []
[2020-02-01 10:30:05] Credit Warning SMS Yellow Zone log.INFO: Credit warning SMS sent to customer 23fairways [] []
[2020-02-01 10:30:05] Credit Warning SMS Yellow Zone log.INFO: Sending credit warning SMS to customer 73herberthill [] []
[2020-02-01 10:30:05] Credit Warning SMS Yellow Zone log.INFO: Credit warning SMS sent to customer 73herberthill [] []
[2020-02-01 10:30:05] Credit Warning SMS Yellow Zone log.INFO: Sending credit warning SMS to customer 15herberthill [] []
[2020-02-01 10:30:05] Credit Warning SMS Yellow Zone log.INFO: Credit warning SMS sent to customer 15herberthill [] []
[2020-02-01 10:30:05] Credit Warning SMS Yellow Zone log.INFO: Sending credit warning SMS to customer 20herberthill [] []
[2020-02-01 10:30:05] Credit Warning SMS Yellow Zone log.INFO: Credit warning SMS sent to customer 20herberthill [] []
[2020-02-01 10:30:05] Credit Warning SMS Yellow Zone log.INFO: Sending credit warning SMS to customer 36herberthill [] []
[2020-02-01 10:30:05] Credit Warning SMS Yellow Zone log.INFO: Credit warning SMS sent to customer 36herberthill [] []
[2020-02-01 10:30:05] Credit Warning SMS Yellow Zone log.INFO: Sending credit warning SMS to customer 56herberthill [] []
[2020-02-01 10:30:05] Credit Warning SMS Yellow Zone log.INFO: Credit warning SMS sent to customer 56herberthill [] []
[2020-02-01 10:30:05] Credit Warning SMS Yellow Zone log.INFO: Sending credit warning SMS to customer 60herberthill [] []
[2020-02-01 10:30:05] Credit Warning SMS Yellow Zone log.INFO: Credit warning SMS sent to customer 60herberthill [] []
[2020-02-01 10:30:05] Credit Warning SMS Yellow Zone log.INFO: Sending credit warning SMS to customer 75herberthill [] []
[2020-02-01 10:30:05] Credit Warning SMS Yellow Zone log.INFO: Credit warning SMS sent to customer 75herberthill [] []
[2020-02-01 10:30:05] Credit Warning SMS Yellow Zone log.INFO: Sending credit warning SMS to customer 65marina [] []
[2020-02-01 10:30:05] Credit Warning SMS Yellow Zone log.INFO: Credit warning SMS sent to customer 65marina [] []
[2020-02-01 10:30:05] Credit Warning SMS Yellow Zone log.INFO: Sent Credit warning SMS to 90 customers! [] []
