[2020-08-13 08:00:01] Credit Warning SMS Yellow Zone log.INFO: Sending credit warning SMS to customer 5sundayswell [] []
[2020-08-13 08:00:01] Credit Warning SMS Yellow Zone log.INFO: Credit warning SMS sent to customer 5sundayswell [] []
[2020-08-13 08:00:01] Credit Warning SMS Yellow Zone log.INFO: Sending credit warning SMS to customer 6garryknock [] []
[2020-08-13 08:00:02] Credit Warning SMS Yellow Zone log.INFO: Credit warning SMS sent to customer 6garryknock [] []
[2020-08-13 08:00:02] Credit Warning SMS Yellow Zone log.INFO: Sending credit warning SMS to customer 12Emerald [] []
[2020-08-13 08:00:02] Credit Warning SMS Yellow Zone log.INFO: Credit warning SMS sent to customer 12Emerald [] []
[2020-08-13 08:00:02] Credit Warning SMS Yellow Zone log.INFO: Sending credit warning SMS to customer 50Emerald [] []
[2020-08-13 08:00:02] Credit Warning SMS Yellow Zone log.INFO: Credit warning SMS sent to customer 50Emerald [] []
[2020-08-13 08:00:02] Credit Warning SMS Yellow Zone log.INFO: Sending credit warning SMS to customer 13Emerald [] []
[2020-08-13 08:00:02] Credit Warning SMS Yellow Zone log.INFO: Credit warning SMS sent to customer 13Emerald [] []
[2020-08-13 08:00:02] Credit Warning SMS Yellow Zone log.INFO: Sending credit warning SMS to customer 7Emerald [] []
[2020-08-13 08:00:02] Credit Warning SMS Yellow Zone log.INFO: Credit warning SMS sent to customer 7Emerald [] []
[2020-08-13 08:00:02] Credit Warning SMS Yellow Zone log.INFO: Sending credit warning SMS to customer 163neptune [] []
[2020-08-13 08:00:02] Credit Warning SMS Yellow Zone log.INFO: Credit warning SMS sent to customer 163neptune [] []
[2020-08-13 08:00:02] Credit Warning SMS Yellow Zone log.INFO: Sending credit warning SMS to customer 180neptune [] []
[2020-08-13 08:00:02] Credit Warning SMS Yellow Zone log.INFO: Credit warning SMS sent to customer 180neptune [] []
[2020-08-13 08:00:02] Credit Warning SMS Yellow Zone log.INFO: Sending credit warning SMS to customer 168neptune [] []
[2020-08-13 08:00:02] Credit Warning SMS Yellow Zone log.INFO: Credit warning SMS sent to customer 168neptune [] []
[2020-08-13 08:00:02] Credit Warning SMS Yellow Zone log.INFO: Sending credit warning SMS to customer 117Neptune [] []
[2020-08-13 08:00:02] Credit Warning SMS Yellow Zone log.INFO: Credit warning SMS sent to customer 117Neptune [] []
[2020-08-13 08:00:02] Credit Warning SMS Yellow Zone log.INFO: Sending credit warning SMS to customer 153Neptune [] []
[2020-08-13 08:00:02] Credit Warning SMS Yellow Zone log.INFO: Credit warning SMS sent to customer 153Neptune [] []
[2020-08-13 08:00:02] Credit Warning SMS Yellow Zone log.INFO: Sending credit warning SMS to customer 1Abbott [] []
[2020-08-13 08:00:02] Credit Warning SMS Yellow Zone log.INFO: Credit warning SMS sent to customer 1Abbott [] []
[2020-08-13 08:00:02] Credit Warning SMS Yellow Zone log.INFO: Sending credit warning SMS to customer 15Abbott [] []
[2020-08-13 08:00:02] Credit Warning SMS Yellow Zone log.INFO: Credit warning SMS sent to customer 15Abbott [] []
[2020-08-13 08:00:02] Credit Warning SMS Yellow Zone log.INFO: Sending credit warning SMS to customer 21Abbott [] []
[2020-08-13 08:00:02] Credit Warning SMS Yellow Zone log.INFO: Credit warning SMS sent to customer 21Abbott [] []
[2020-08-13 08:00:02] Credit Warning SMS Yellow Zone log.INFO: Sending credit warning SMS to customer 28Abbott [] []
[2020-08-13 08:00:02] Credit Warning SMS Yellow Zone log.INFO: Credit warning SMS sent to customer 28Abbott [] []
[2020-08-13 08:00:02] Credit Warning SMS Yellow Zone log.INFO: Sending credit warning SMS to customer 6Abbott [] []
[2020-08-13 08:00:02] Credit Warning SMS Yellow Zone log.INFO: Credit warning SMS sent to customer 6Abbott [] []
[2020-08-13 08:00:02] Credit Warning SMS Yellow Zone log.INFO: Sending credit warning SMS to customer 85Abbott [] []
[2020-08-13 08:00:02] Credit Warning SMS Yellow Zone log.INFO: Credit warning SMS sent to customer 85Abbott [] []
[2020-08-13 08:00:02] Credit Warning SMS Yellow Zone log.INFO: Sending credit warning SMS to customer 115Abbott [] []
[2020-08-13 08:00:02] Credit Warning SMS Yellow Zone log.INFO: Credit warning SMS sent to customer 115Abbott [] []
[2020-08-13 08:00:02] Credit Warning SMS Yellow Zone log.INFO: Sending credit warning SMS to customer 124Abbott [] []
[2020-08-13 08:00:02] Credit Warning SMS Yellow Zone log.INFO: Credit warning SMS sent to customer 124Abbott [] []
[2020-08-13 08:00:02] Credit Warning SMS Yellow Zone log.INFO: Sending credit warning SMS to customer 4GreenBank [] []
[2020-08-13 08:00:02] Credit Warning SMS Yellow Zone log.INFO: Credit warning SMS sent to customer 4GreenBank [] []
[2020-08-13 08:00:02] Credit Warning SMS Yellow Zone log.INFO: Sending credit warning SMS to customer 18GreenBank [] []
[2020-08-13 08:00:02] Credit Warning SMS Yellow Zone log.INFO: Credit warning SMS sent to customer 18GreenBank [] []
[2020-08-13 08:00:02] Credit Warning SMS Yellow Zone log.INFO: Sending credit warning SMS to customer 1GreenBank [] []
[2020-08-13 08:00:02] Credit Warning SMS Yellow Zone log.INFO: Credit warning SMS sent to customer 1GreenBank [] []
[2020-08-13 08:00:02] Credit Warning SMS Yellow Zone log.INFO: Sending credit warning SMS to customer 27leona [] []
[2020-08-13 08:00:02] Credit Warning SMS Yellow Zone log.INFO: Credit warning SMS sent to customer 27leona [] []
[2020-08-13 08:00:02] Credit Warning SMS Yellow Zone log.INFO: Sending credit warning SMS to customer 5leona [] []
[2020-08-13 08:00:02] Credit Warning SMS Yellow Zone log.INFO: Credit warning SMS sent to customer 5leona [] []
[2020-08-13 08:00:02] Credit Warning SMS Yellow Zone log.INFO: Sending credit warning SMS to customer 87leona [] []
[2020-08-13 08:00:02] Credit Warning SMS Yellow Zone log.INFO: Credit warning SMS sent to customer 87leona [] []
[2020-08-13 08:00:02] Credit Warning SMS Yellow Zone log.INFO: Sending credit warning SMS to customer 103charlotte [] []
[2020-08-13 08:00:02] Credit Warning SMS Yellow Zone log.INFO: Credit warning SMS sent to customer 103charlotte [] []
[2020-08-13 08:00:02] Credit Warning SMS Yellow Zone log.INFO: Sending credit warning SMS to customer 67charlotte [] []
[2020-08-13 08:00:03] Credit Warning SMS Yellow Zone log.INFO: Credit warning SMS sent to customer 67charlotte [] []
[2020-08-13 08:00:03] Credit Warning SMS Yellow Zone log.INFO: Sending credit warning SMS to customer 112charlotte [] []
[2020-08-13 08:00:03] Credit Warning SMS Yellow Zone log.INFO: Credit warning SMS sent to customer 112charlotte [] []
[2020-08-13 08:00:03] Credit Warning SMS Yellow Zone log.INFO: Sending credit warning SMS to customer 21bridgefield [] []
[2020-08-13 08:00:03] Credit Warning SMS Yellow Zone log.INFO: Credit warning SMS sent to customer 21bridgefield [] []
[2020-08-13 08:00:03] Credit Warning SMS Yellow Zone log.INFO: Sending credit warning SMS to customer 17bridgefield [] []
[2020-08-13 08:00:03] Credit Warning SMS Yellow Zone log.INFO: Credit warning SMS sent to customer 17bridgefield [] []
[2020-08-13 08:00:03] Credit Warning SMS Yellow Zone log.INFO: Sending credit warning SMS to customer 30bridgefield [] []
[2020-08-13 08:00:03] Credit Warning SMS Yellow Zone log.INFO: Credit warning SMS sent to customer 30bridgefield [] []
[2020-08-13 08:00:03] Credit Warning SMS Yellow Zone log.INFO: Sending credit warning SMS to customer 38bridgefield [] []
[2020-08-13 08:00:03] Credit Warning SMS Yellow Zone log.INFO: Credit warning SMS sent to customer 38bridgefield [] []
[2020-08-13 08:00:03] Credit Warning SMS Yellow Zone log.INFO: Sending credit warning SMS to customer 82bridgefield [] []
[2020-08-13 08:00:03] Credit Warning SMS Yellow Zone log.INFO: Credit warning SMS sent to customer 82bridgefield [] []
[2020-08-13 08:00:03] Credit Warning SMS Yellow Zone log.INFO: Sending credit warning SMS to customer 159bridgefield [] []
[2020-08-13 08:00:03] Credit Warning SMS Yellow Zone log.INFO: Credit warning SMS sent to customer 159bridgefield [] []
[2020-08-13 08:00:03] Credit Warning SMS Yellow Zone log.INFO: Sending credit warning SMS to customer 21pappan [] []
[2020-08-13 08:00:03] Credit Warning SMS Yellow Zone log.INFO: Credit warning SMS sent to customer 21pappan [] []
[2020-08-13 08:00:03] Credit Warning SMS Yellow Zone log.INFO: Sending credit warning SMS to customer 5pappan [] []
[2020-08-13 08:00:03] Credit Warning SMS Yellow Zone log.INFO: Credit warning SMS sent to customer 5pappan [] []
[2020-08-13 08:00:03] Credit Warning SMS Yellow Zone log.INFO: Sending credit warning SMS to customer 125fairways [] []
[2020-08-13 08:00:03] Credit Warning SMS Yellow Zone log.INFO: Credit warning SMS sent to customer 125fairways [] []
[2020-08-13 08:00:03] Credit Warning SMS Yellow Zone log.INFO: Sending credit warning SMS to customer 133fairways [] []
[2020-08-13 08:00:03] Credit Warning SMS Yellow Zone log.INFO: Credit warning SMS sent to customer 133fairways [] []
[2020-08-13 08:00:03] Credit Warning SMS Yellow Zone log.INFO: Sending credit warning SMS to customer 118fairways [] []
[2020-08-13 08:00:03] Credit Warning SMS Yellow Zone log.INFO: Credit warning SMS sent to customer 118fairways [] []
[2020-08-13 08:00:03] Credit Warning SMS Yellow Zone log.INFO: Sending credit warning SMS to customer 42fairways [] []
[2020-08-13 08:00:03] Credit Warning SMS Yellow Zone log.INFO: Credit warning SMS sent to customer 42fairways [] []
[2020-08-13 08:00:03] Credit Warning SMS Yellow Zone log.INFO: Sending credit warning SMS to customer h35fairways [] []
[2020-08-13 08:00:03] Credit Warning SMS Yellow Zone log.INFO: Credit warning SMS sent to customer h35fairways [] []
[2020-08-13 08:00:03] Credit Warning SMS Yellow Zone log.INFO: Sending credit warning SMS to customer 66fairways [] []
[2020-08-13 08:00:03] Credit Warning SMS Yellow Zone log.INFO: Credit warning SMS sent to customer 66fairways [] []
[2020-08-13 08:00:03] Credit Warning SMS Yellow Zone log.INFO: Sending credit warning SMS to customer 4herberthill [] []
[2020-08-13 08:00:03] Credit Warning SMS Yellow Zone log.INFO: Credit warning SMS sent to customer 4herberthill [] []
[2020-08-13 08:00:03] Credit Warning SMS Yellow Zone log.INFO: Sending credit warning SMS to customer 54herberthill [] []
[2020-08-13 08:00:03] Credit Warning SMS Yellow Zone log.INFO: Credit warning SMS sent to customer 54herberthill [] []
[2020-08-13 08:00:03] Credit Warning SMS Yellow Zone log.INFO: Sending credit warning SMS to customer 27herberthill [] []
[2020-08-13 08:00:03] Credit Warning SMS Yellow Zone log.INFO: Credit warning SMS sent to customer 27herberthill [] []
[2020-08-13 08:00:03] Credit Warning SMS Yellow Zone log.INFO: Sending credit warning SMS to customer 11herberthill [] []
[2020-08-13 08:00:03] Credit Warning SMS Yellow Zone log.INFO: Credit warning SMS sent to customer 11herberthill [] []
[2020-08-13 08:00:03] Credit Warning SMS Yellow Zone log.INFO: Sending credit warning SMS to customer 46marina [] []
[2020-08-13 08:00:03] Credit Warning SMS Yellow Zone log.INFO: Credit warning SMS sent to customer 46marina [] []
[2020-08-13 08:00:03] Credit Warning SMS Yellow Zone log.INFO: Sent Credit warning SMS to 47 customers! [] []
