[2020-01-02 08:00:02] Credit Warning SMS Yellow Zone log.INFO: Sending credit warning SMS to customer 6garryknock [] []
[2020-01-02 08:00:02] Credit Warning SMS Yellow Zone log.INFO: Credit warning SMS sent to customer 6garryknock [] []
[2020-01-02 08:00:02] Credit Warning SMS Yellow Zone log.INFO: Sending credit warning SMS to customer 3garryknock [] []
[2020-01-02 08:00:02] Credit Warning SMS Yellow Zone log.INFO: Credit warning SMS sent to customer 3garryknock [] []
[2020-01-02 08:00:02] Credit Warning SMS Yellow Zone log.INFO: Sending credit warning SMS to customer 24garryknock [] []
[2020-01-02 08:00:02] Credit Warning SMS Yellow Zone log.INFO: Credit warning SMS sent to customer 24garryknock [] []
[2020-01-02 08:00:02] Credit Warning SMS Yellow Zone log.INFO: Sending credit warning SMS to customer 13sundayswell [] []
[2020-01-02 08:00:02] Credit Warning SMS Yellow Zone log.INFO: Credit warning SMS sent to customer 13sundayswell [] []
[2020-01-02 08:00:02] Credit Warning SMS Yellow Zone log.INFO: Sending credit warning SMS to customer 15brackenview [] []
[2020-01-02 08:00:02] Credit Warning SMS Yellow Zone log.INFO: Credit warning SMS sent to customer 15brackenview [] []
[2020-01-02 08:00:02] Credit Warning SMS Yellow Zone log.INFO: Sending credit warning SMS to customer 26garryknock [] []
[2020-01-02 08:00:02] Credit Warning SMS Yellow Zone log.INFO: Credit warning SMS sent to customer 26garryknock [] []
[2020-01-02 08:00:02] Credit Warning SMS Yellow Zone log.INFO: Sending credit warning SMS to customer 13brackenview [] []
[2020-01-02 08:00:02] Credit Warning SMS Yellow Zone log.INFO: Credit warning SMS sent to customer 13brackenview [] []
[2020-01-02 08:00:02] Credit Warning SMS Yellow Zone log.INFO: Sending credit warning SMS to customer 50Emerald [] []
[2020-01-02 08:00:02] Credit Warning SMS Yellow Zone log.INFO: Credit warning SMS sent to customer 50Emerald [] []
[2020-01-02 08:00:02] Credit Warning SMS Yellow Zone log.INFO: Sending credit warning SMS to customer 19Emerald [] []
[2020-01-02 08:00:02] Credit Warning SMS Yellow Zone log.INFO: Credit warning SMS sent to customer 19Emerald [] []
[2020-01-02 08:00:02] Credit Warning SMS Yellow Zone log.INFO: Sending credit warning SMS to customer 16Emerald [] []
[2020-01-02 08:00:02] Credit Warning SMS Yellow Zone log.INFO: Credit warning SMS sent to customer 16Emerald [] []
[2020-01-02 08:00:02] Credit Warning SMS Yellow Zone log.INFO: Sending credit warning SMS to customer 7Emerald [] []
[2020-01-02 08:00:03] Credit Warning SMS Yellow Zone log.INFO: Credit warning SMS sent to customer 7Emerald [] []
[2020-01-02 08:00:03] Credit Warning SMS Yellow Zone log.INFO: Sending credit warning SMS to customer 190neptune [] []
[2020-01-02 08:00:03] Credit Warning SMS Yellow Zone log.INFO: Credit warning SMS sent to customer 190neptune [] []
[2020-01-02 08:00:03] Credit Warning SMS Yellow Zone log.INFO: Sending credit warning SMS to customer 174neptune [] []
[2020-01-02 08:00:03] Credit Warning SMS Yellow Zone log.INFO: Credit warning SMS sent to customer 174neptune [] []
[2020-01-02 08:00:03] Credit Warning SMS Yellow Zone log.INFO: Sending credit warning SMS to customer 151Neptune [] []
[2020-01-02 08:00:03] Credit Warning SMS Yellow Zone log.INFO: Credit warning SMS sent to customer 151Neptune [] []
[2020-01-02 08:00:03] Credit Warning SMS Yellow Zone log.INFO: Sending credit warning SMS to customer 124Neptune [] []
[2020-01-02 08:00:03] Credit Warning SMS Yellow Zone log.INFO: Credit warning SMS sent to customer 124Neptune [] []
[2020-01-02 08:00:03] Credit Warning SMS Yellow Zone log.INFO: Sending credit warning SMS to customer 148Neptune [] []
[2020-01-02 08:00:03] Credit Warning SMS Yellow Zone log.INFO: Credit warning SMS sent to customer 148Neptune [] []
[2020-01-02 08:00:03] Credit Warning SMS Yellow Zone log.INFO: Sending credit warning SMS to customer 99Neptune [] []
[2020-01-02 08:00:03] Credit Warning SMS Yellow Zone log.INFO: Credit warning SMS sent to customer 99Neptune [] []
[2020-01-02 08:00:03] Credit Warning SMS Yellow Zone log.INFO: Sending credit warning SMS to customer 73Neptune [] []
[2020-01-02 08:00:03] Credit Warning SMS Yellow Zone log.INFO: Credit warning SMS sent to customer 73Neptune [] []
[2020-01-02 08:00:03] Credit Warning SMS Yellow Zone log.INFO: Sending credit warning SMS to customer 74Neptune [] []
[2020-01-02 08:00:03] Credit Warning SMS Yellow Zone log.INFO: Credit warning SMS sent to customer 74Neptune [] []
[2020-01-02 08:00:03] Credit Warning SMS Yellow Zone log.INFO: Sending credit warning SMS to customer 196neptune [] []
[2020-01-02 08:00:03] Credit Warning SMS Yellow Zone log.INFO: Credit warning SMS sent to customer 196neptune [] []
[2020-01-02 08:00:03] Credit Warning SMS Yellow Zone log.INFO: Sending credit warning SMS to customer 134Neptune [] []
[2020-01-02 08:00:03] Credit Warning SMS Yellow Zone log.INFO: Credit warning SMS sent to customer 134Neptune [] []
[2020-01-02 08:00:03] Credit Warning SMS Yellow Zone log.INFO: Sending credit warning SMS to customer 39neptune [] []
[2020-01-02 08:00:03] Credit Warning SMS Yellow Zone log.INFO: Credit warning SMS sent to customer 39neptune [] []
[2020-01-02 08:00:03] Credit Warning SMS Yellow Zone log.INFO: Sending credit warning SMS to customer 23neptune [] []
[2020-01-02 08:00:03] Credit Warning SMS Yellow Zone log.INFO: Credit warning SMS sent to customer 23neptune [] []
[2020-01-02 08:00:03] Credit Warning SMS Yellow Zone log.INFO: Sending credit warning SMS to customer 170neptune [] []
[2020-01-02 08:00:03] Credit Warning SMS Yellow Zone log.INFO: Credit warning SMS sent to customer 170neptune [] []
[2020-01-02 08:00:03] Credit Warning SMS Yellow Zone log.INFO: Sending credit warning SMS to customer 53Neptune [] []
[2020-01-02 08:00:03] Credit Warning SMS Yellow Zone log.INFO: Credit warning SMS sent to customer 53Neptune [] []
[2020-01-02 08:00:03] Credit Warning SMS Yellow Zone log.INFO: Sending credit warning SMS to customer 71Neptune [] []
[2020-01-02 08:00:03] Credit Warning SMS Yellow Zone log.INFO: Credit warning SMS sent to customer 71Neptune [] []
[2020-01-02 08:00:03] Credit Warning SMS Yellow Zone log.INFO: Sending credit warning SMS to customer 38neptune [] []
[2020-01-02 08:00:03] Credit Warning SMS Yellow Zone log.INFO: Credit warning SMS sent to customer 38neptune [] []
[2020-01-02 08:00:03] Credit Warning SMS Yellow Zone log.INFO: Sending credit warning SMS to customer 136Neptune [] []
[2020-01-02 08:00:03] Credit Warning SMS Yellow Zone log.INFO: Credit warning SMS sent to customer 136Neptune [] []
[2020-01-02 08:00:03] Credit Warning SMS Yellow Zone log.INFO: Sending credit warning SMS to customer 3Abbott [] []
[2020-01-02 08:00:03] Credit Warning SMS Yellow Zone log.INFO: Credit warning SMS sent to customer 3Abbott [] []
[2020-01-02 08:00:03] Credit Warning SMS Yellow Zone log.INFO: Sending credit warning SMS to customer 10Abbott [] []
[2020-01-02 08:00:03] Credit Warning SMS Yellow Zone log.INFO: Credit warning SMS sent to customer 10Abbott [] []
[2020-01-02 08:00:03] Credit Warning SMS Yellow Zone log.INFO: Sending credit warning SMS to customer 36Abbott [] []
[2020-01-02 08:00:03] Credit Warning SMS Yellow Zone log.INFO: Credit warning SMS sent to customer 36Abbott [] []
[2020-01-02 08:00:03] Credit Warning SMS Yellow Zone log.INFO: Sending credit warning SMS to customer 40Abbott [] []
[2020-01-02 08:00:03] Credit Warning SMS Yellow Zone log.INFO: Credit warning SMS sent to customer 40Abbott [] []
[2020-01-02 08:00:03] Credit Warning SMS Yellow Zone log.INFO: Sending credit warning SMS to customer 45Abbott [] []
[2020-01-02 08:00:04] Credit Warning SMS Yellow Zone log.INFO: Credit warning SMS sent to customer 45Abbott [] []
[2020-01-02 08:00:04] Credit Warning SMS Yellow Zone log.INFO: Sending credit warning SMS to customer 13Abbott [] []
[2020-01-02 08:00:04] Credit Warning SMS Yellow Zone log.INFO: Credit warning SMS sent to customer 13Abbott [] []
[2020-01-02 08:00:04] Credit Warning SMS Yellow Zone log.INFO: Sending credit warning SMS to customer 6Abbott [] []
[2020-01-02 08:00:04] Credit Warning SMS Yellow Zone log.INFO: Credit warning SMS sent to customer 6Abbott [] []
[2020-01-02 08:00:04] Credit Warning SMS Yellow Zone log.INFO: Sending credit warning SMS to customer 73Abbott [] []
[2020-01-02 08:00:04] Credit Warning SMS Yellow Zone log.INFO: Credit warning SMS sent to customer 73Abbott [] []
[2020-01-02 08:00:04] Credit Warning SMS Yellow Zone log.INFO: Sending credit warning SMS to customer 59Abbott [] []
[2020-01-02 08:00:04] Credit Warning SMS Yellow Zone log.INFO: Credit warning SMS sent to customer 59Abbott [] []
[2020-01-02 08:00:04] Credit Warning SMS Yellow Zone log.INFO: Sending credit warning SMS to customer 76Abbott [] []
[2020-01-02 08:00:04] Credit Warning SMS Yellow Zone log.INFO: Credit warning SMS sent to customer 76Abbott [] []
[2020-01-02 08:00:04] Credit Warning SMS Yellow Zone log.INFO: Sending credit warning SMS to customer 70Abbott [] []
[2020-01-02 08:00:04] Credit Warning SMS Yellow Zone log.INFO: Credit warning SMS sent to customer 70Abbott [] []
[2020-01-02 08:00:04] Credit Warning SMS Yellow Zone log.INFO: Sending credit warning SMS to customer 84Abbott [] []
[2020-01-02 08:00:04] Credit Warning SMS Yellow Zone log.INFO: Credit warning SMS sent to customer 84Abbott [] []
[2020-01-02 08:00:04] Credit Warning SMS Yellow Zone log.INFO: Sending credit warning SMS to customer 44Abbott [] []
[2020-01-02 08:00:04] Credit Warning SMS Yellow Zone log.INFO: Credit warning SMS sent to customer 44Abbott [] []
[2020-01-02 08:00:04] Credit Warning SMS Yellow Zone log.INFO: Sending credit warning SMS to customer 91Abbott [] []
[2020-01-02 08:00:04] Credit Warning SMS Yellow Zone log.INFO: Credit warning SMS sent to customer 91Abbott [] []
[2020-01-02 08:00:04] Credit Warning SMS Yellow Zone log.INFO: Sending credit warning SMS to customer 92Abbott [] []
[2020-01-02 08:00:04] Credit Warning SMS Yellow Zone log.INFO: Credit warning SMS sent to customer 92Abbott [] []
[2020-01-02 08:00:04] Credit Warning SMS Yellow Zone log.INFO: Sending credit warning SMS to customer 71Abbott [] []
[2020-01-02 08:00:04] Credit Warning SMS Yellow Zone log.INFO: Credit warning SMS sent to customer 71Abbott [] []
[2020-01-02 08:00:04] Credit Warning SMS Yellow Zone log.INFO: Sending credit warning SMS to customer 105Abbott [] []
[2020-01-02 08:00:04] Credit Warning SMS Yellow Zone log.INFO: Credit warning SMS sent to customer 105Abbott [] []
[2020-01-02 08:00:04] Credit Warning SMS Yellow Zone log.INFO: Sending credit warning SMS to customer 111Abbott [] []
[2020-01-02 08:00:04] Credit Warning SMS Yellow Zone log.INFO: Credit warning SMS sent to customer 111Abbott [] []
[2020-01-02 08:00:04] Credit Warning SMS Yellow Zone log.INFO: Sending credit warning SMS to customer 119Abbott [] []
[2020-01-02 08:00:04] Credit Warning SMS Yellow Zone log.INFO: Credit warning SMS sent to customer 119Abbott [] []
[2020-01-02 08:00:04] Credit Warning SMS Yellow Zone log.INFO: Sending credit warning SMS to customer 98Abbott [] []
[2020-01-02 08:00:04] Credit Warning SMS Yellow Zone log.INFO: Credit warning SMS sent to customer 98Abbott [] []
[2020-01-02 08:00:04] Credit Warning SMS Yellow Zone log.INFO: Sending credit warning SMS to customer 115Abbott [] []
[2020-01-02 08:00:04] Credit Warning SMS Yellow Zone log.INFO: Credit warning SMS sent to customer 115Abbott [] []
[2020-01-02 08:00:04] Credit Warning SMS Yellow Zone log.INFO: Sending credit warning SMS to customer 4GreenBank [] []
[2020-01-02 08:00:04] Credit Warning SMS Yellow Zone log.INFO: Credit warning SMS sent to customer 4GreenBank [] []
[2020-01-02 08:00:04] Credit Warning SMS Yellow Zone log.INFO: Sending credit warning SMS to customer 150abbott [] []
[2020-01-02 08:00:04] Credit Warning SMS Yellow Zone log.INFO: Credit warning SMS sent to customer 150abbott [] []
[2020-01-02 08:00:04] Credit Warning SMS Yellow Zone log.INFO: Sending credit warning SMS to customer 143abbott [] []
[2020-01-02 08:00:04] Credit Warning SMS Yellow Zone log.INFO: Credit warning SMS sent to customer 143abbott [] []
[2020-01-02 08:00:04] Credit Warning SMS Yellow Zone log.INFO: Sending credit warning SMS to customer 179abbott [] []
[2020-01-02 08:00:04] Credit Warning SMS Yellow Zone log.INFO: Credit warning SMS sent to customer 179abbott [] []
[2020-01-02 08:00:04] Credit Warning SMS Yellow Zone log.INFO: Sending credit warning SMS to customer 184abbott [] []
[2020-01-02 08:00:04] Credit Warning SMS Yellow Zone log.INFO: Credit warning SMS sent to customer 184abbott [] []
[2020-01-02 08:00:04] Credit Warning SMS Yellow Zone log.INFO: Sending credit warning SMS to customer 174abbott [] []
[2020-01-02 08:00:04] Credit Warning SMS Yellow Zone log.INFO: Credit warning SMS sent to customer 174abbott [] []
[2020-01-02 08:00:04] Credit Warning SMS Yellow Zone log.INFO: Sending credit warning SMS to customer 175abbott [] []
[2020-01-02 08:00:04] Credit Warning SMS Yellow Zone log.INFO: Credit warning SMS sent to customer 175abbott [] []
[2020-01-02 08:00:04] Credit Warning SMS Yellow Zone log.INFO: Sending credit warning SMS to customer 14GreenBank [] []
[2020-01-02 08:00:04] Credit Warning SMS Yellow Zone log.INFO: Credit warning SMS sent to customer 14GreenBank [] []
[2020-01-02 08:00:04] Credit Warning SMS Yellow Zone log.INFO: Sending credit warning SMS to customer 15GreenBank [] []
[2020-01-02 08:00:04] Credit Warning SMS Yellow Zone log.INFO: Credit warning SMS sent to customer 15GreenBank [] []
[2020-01-02 08:00:04] Credit Warning SMS Yellow Zone log.INFO: Sending credit warning SMS to customer 185abbott [] []
[2020-01-02 08:00:05] Credit Warning SMS Yellow Zone log.INFO: Credit warning SMS sent to customer 185abbott [] []
[2020-01-02 08:00:05] Credit Warning SMS Yellow Zone log.INFO: Sending credit warning SMS to customer 65eustace [] []
[2020-01-02 08:00:05] Credit Warning SMS Yellow Zone log.INFO: Credit warning SMS sent to customer 65eustace [] []
[2020-01-02 08:00:05] Credit Warning SMS Yellow Zone log.INFO: Sending credit warning SMS to customer 17eustace [] []
[2020-01-02 08:00:05] Credit Warning SMS Yellow Zone log.INFO: Credit warning SMS sent to customer 17eustace [] []
[2020-01-02 08:00:05] Credit Warning SMS Yellow Zone log.INFO: Sending credit warning SMS to customer 33eustace [] []
[2020-01-02 08:00:05] Credit Warning SMS Yellow Zone log.INFO: Credit warning SMS sent to customer 33eustace [] []
[2020-01-02 08:00:05] Credit Warning SMS Yellow Zone log.INFO: Sending credit warning SMS to customer 3eustace [] []
[2020-01-02 08:00:05] Credit Warning SMS Yellow Zone log.INFO: Credit warning SMS sent to customer 3eustace [] []
[2020-01-02 08:00:05] Credit Warning SMS Yellow Zone log.INFO: Sending credit warning SMS to customer 40eustace [] []
[2020-01-02 08:00:05] Credit Warning SMS Yellow Zone log.INFO: Credit warning SMS sent to customer 40eustace [] []
[2020-01-02 08:00:05] Credit Warning SMS Yellow Zone log.INFO: Sending credit warning SMS to customer 45eustace [] []
[2020-01-02 08:00:05] Credit Warning SMS Yellow Zone log.INFO: Credit warning SMS sent to customer 45eustace [] []
[2020-01-02 08:00:05] Credit Warning SMS Yellow Zone log.INFO: Sending credit warning SMS to customer 52eustace [] []
[2020-01-02 08:00:05] Credit Warning SMS Yellow Zone log.INFO: Credit warning SMS sent to customer 52eustace [] []
[2020-01-02 08:00:05] Credit Warning SMS Yellow Zone log.INFO: Sending credit warning SMS to customer 5leona [] []
[2020-01-02 08:00:05] Credit Warning SMS Yellow Zone log.INFO: Credit warning SMS sent to customer 5leona [] []
[2020-01-02 08:00:05] Credit Warning SMS Yellow Zone log.INFO: Sending credit warning SMS to customer 141leona [] []
[2020-01-02 08:00:05] Credit Warning SMS Yellow Zone log.INFO: Credit warning SMS sent to customer 141leona [] []
[2020-01-02 08:00:05] Credit Warning SMS Yellow Zone log.INFO: Sending credit warning SMS to customer 14leona [] []
[2020-01-02 08:00:05] Credit Warning SMS Yellow Zone log.INFO: Credit warning SMS sent to customer 14leona [] []
[2020-01-02 08:00:05] Credit Warning SMS Yellow Zone log.INFO: Sending credit warning SMS to customer 58leona [] []
[2020-01-02 08:00:05] Credit Warning SMS Yellow Zone log.INFO: Credit warning SMS sent to customer 58leona [] []
[2020-01-02 08:00:05] Credit Warning SMS Yellow Zone log.INFO: Sending credit warning SMS to customer 35leona [] []
[2020-01-02 08:00:05] Credit Warning SMS Yellow Zone log.INFO: Credit warning SMS sent to customer 35leona [] []
[2020-01-02 08:00:05] Credit Warning SMS Yellow Zone log.INFO: Sending credit warning SMS to customer 102leona [] []
[2020-01-02 08:00:05] Credit Warning SMS Yellow Zone log.INFO: Credit warning SMS sent to customer 102leona [] []
[2020-01-02 08:00:05] Credit Warning SMS Yellow Zone log.INFO: Sending credit warning SMS to customer 104leona [] []
[2020-01-02 08:00:05] Credit Warning SMS Yellow Zone log.INFO: Credit warning SMS sent to customer 104leona [] []
[2020-01-02 08:00:05] Credit Warning SMS Yellow Zone log.INFO: Sending credit warning SMS to customer 108leona [] []
[2020-01-02 08:00:05] Credit Warning SMS Yellow Zone log.INFO: Credit warning SMS sent to customer 108leona [] []
[2020-01-02 08:00:05] Credit Warning SMS Yellow Zone log.INFO: Sending credit warning SMS to customer 10leona [] []
[2020-01-02 08:00:05] Credit Warning SMS Yellow Zone log.INFO: Credit warning SMS sent to customer 10leona [] []
[2020-01-02 08:00:05] Credit Warning SMS Yellow Zone log.INFO: Sending credit warning SMS to customer 4leona [] []
[2020-01-02 08:00:05] Credit Warning SMS Yellow Zone log.INFO: Credit warning SMS sent to customer 4leona [] []
[2020-01-02 08:00:05] Credit Warning SMS Yellow Zone log.INFO: Sending credit warning SMS to customer 45leona [] []
[2020-01-02 08:00:05] Credit Warning SMS Yellow Zone log.INFO: Credit warning SMS sent to customer 45leona [] []
[2020-01-02 08:00:05] Credit Warning SMS Yellow Zone log.INFO: Sending credit warning SMS to customer 73leona [] []
[2020-01-02 08:00:05] Credit Warning SMS Yellow Zone log.INFO: Credit warning SMS sent to customer 73leona [] []
[2020-01-02 08:00:05] Credit Warning SMS Yellow Zone log.INFO: Sending credit warning SMS to customer 59leona [] []
[2020-01-02 08:00:05] Credit Warning SMS Yellow Zone log.INFO: Credit warning SMS sent to customer 59leona [] []
[2020-01-02 08:00:05] Credit Warning SMS Yellow Zone log.INFO: Sending credit warning SMS to customer 103charlotte [] []
[2020-01-02 08:00:05] Credit Warning SMS Yellow Zone log.INFO: Credit warning SMS sent to customer 103charlotte [] []
[2020-01-02 08:00:05] Credit Warning SMS Yellow Zone log.INFO: Sending credit warning SMS to customer 15charlotte [] []
[2020-01-02 08:00:05] Credit Warning SMS Yellow Zone log.INFO: Credit warning SMS sent to customer 15charlotte [] []
[2020-01-02 08:00:05] Credit Warning SMS Yellow Zone log.INFO: Sending credit warning SMS to customer 28charlotte [] []
[2020-01-02 08:00:05] Credit Warning SMS Yellow Zone log.INFO: Credit warning SMS sent to customer 28charlotte [] []
[2020-01-02 08:00:05] Credit Warning SMS Yellow Zone log.INFO: Sending credit warning SMS to customer 7charlotte [] []
[2020-01-02 08:00:06] Credit Warning SMS Yellow Zone log.INFO: Credit warning SMS sent to customer 7charlotte [] []
[2020-01-02 08:00:06] Credit Warning SMS Yellow Zone log.INFO: Sending credit warning SMS to customer 53charlotte [] []
[2020-01-02 08:00:06] Credit Warning SMS Yellow Zone log.INFO: Credit warning SMS sent to customer 53charlotte [] []
[2020-01-02 08:00:06] Credit Warning SMS Yellow Zone log.INFO: Sending credit warning SMS to customer 54charlotte [] []
[2020-01-02 08:00:06] Credit Warning SMS Yellow Zone log.INFO: Credit warning SMS sent to customer 54charlotte [] []
[2020-01-02 08:00:06] Credit Warning SMS Yellow Zone log.INFO: Sending credit warning SMS to customer 71charlotte [] []
[2020-01-02 08:00:06] Credit Warning SMS Yellow Zone log.INFO: Credit warning SMS sent to customer 71charlotte [] []
[2020-01-02 08:00:06] Credit Warning SMS Yellow Zone log.INFO: Sending credit warning SMS to customer 82charlotte [] []
[2020-01-02 08:00:06] Credit Warning SMS Yellow Zone log.INFO: Credit warning SMS sent to customer 82charlotte [] []
[2020-01-02 08:00:06] Credit Warning SMS Yellow Zone log.INFO: Sending credit warning SMS to customer 75charlotte [] []
[2020-01-02 08:00:06] Credit Warning SMS Yellow Zone log.INFO: Credit warning SMS sent to customer 75charlotte [] []
[2020-01-02 08:00:06] Credit Warning SMS Yellow Zone log.INFO: Sending credit warning SMS to customer 72charlotte [] []
[2020-01-02 08:00:06] Credit Warning SMS Yellow Zone log.INFO: Credit warning SMS sent to customer 72charlotte [] []
[2020-01-02 08:00:06] Credit Warning SMS Yellow Zone log.INFO: Sending credit warning SMS to customer 115charlotte [] []
[2020-01-02 08:00:06] Credit Warning SMS Yellow Zone log.INFO: Credit warning SMS sent to customer 115charlotte [] []
[2020-01-02 08:00:06] Credit Warning SMS Yellow Zone log.INFO: Sending credit warning SMS to customer 6bridgefield [] []
[2020-01-02 08:00:06] Credit Warning SMS Yellow Zone log.INFO: Credit warning SMS sent to customer 6bridgefield [] []
[2020-01-02 08:00:06] Credit Warning SMS Yellow Zone log.INFO: Sending credit warning SMS to customer 24bridgefield [] []
[2020-01-02 08:00:06] Credit Warning SMS Yellow Zone log.INFO: Credit warning SMS sent to customer 24bridgefield [] []
[2020-01-02 08:00:06] Credit Warning SMS Yellow Zone log.INFO: Sending credit warning SMS to customer 17bridgefield [] []
[2020-01-02 08:00:06] Credit Warning SMS Yellow Zone log.INFO: Credit warning SMS sent to customer 17bridgefield [] []
[2020-01-02 08:00:06] Credit Warning SMS Yellow Zone log.INFO: Sending credit warning SMS to customer 30bridgefield [] []
[2020-01-02 08:00:06] Credit Warning SMS Yellow Zone log.INFO: Credit warning SMS sent to customer 30bridgefield [] []
[2020-01-02 08:00:06] Credit Warning SMS Yellow Zone log.INFO: Sending credit warning SMS to customer 66bridgefield [] []
[2020-01-02 08:00:06] Credit Warning SMS Yellow Zone log.INFO: Credit warning SMS sent to customer 66bridgefield [] []
[2020-01-02 08:00:06] Credit Warning SMS Yellow Zone log.INFO: Sending credit warning SMS to customer 70bridgefield [] []
[2020-01-02 08:00:06] Credit Warning SMS Yellow Zone log.INFO: Credit warning SMS sent to customer 70bridgefield [] []
[2020-01-02 08:00:06] Credit Warning SMS Yellow Zone log.INFO: Sending credit warning SMS to customer 1pappan [] []
[2020-01-02 08:00:06] Credit Warning SMS Yellow Zone log.INFO: Credit warning SMS sent to customer 1pappan [] []
[2020-01-02 08:00:06] Credit Warning SMS Yellow Zone log.INFO: Sending credit warning SMS to customer 28pappan [] []
[2020-01-02 08:00:06] Credit Warning SMS Yellow Zone log.INFO: Credit warning SMS sent to customer 28pappan [] []
[2020-01-02 08:00:06] Credit Warning SMS Yellow Zone log.INFO: Sending credit warning SMS to customer 19pappan [] []
[2020-01-02 08:00:06] Credit Warning SMS Yellow Zone log.INFO: Credit warning SMS sent to customer 19pappan [] []
[2020-01-02 08:00:06] Credit Warning SMS Yellow Zone log.INFO: Sending credit warning SMS to customer 73fairways [] []
[2020-01-02 08:00:06] Credit Warning SMS Yellow Zone log.INFO: Credit warning SMS sent to customer 73fairways [] []
[2020-01-02 08:00:06] Credit Warning SMS Yellow Zone log.INFO: Sending credit warning SMS to customer 80fairways [] []
[2020-01-02 08:00:06] Credit Warning SMS Yellow Zone log.INFO: Credit warning SMS sent to customer 80fairways [] []
[2020-01-02 08:00:06] Credit Warning SMS Yellow Zone log.INFO: Sending credit warning SMS to customer 98fairways [] []
[2020-01-02 08:00:06] Credit Warning SMS Yellow Zone log.INFO: Credit warning SMS sent to customer 98fairways [] []
[2020-01-02 08:00:06] Credit Warning SMS Yellow Zone log.INFO: Sending credit warning SMS to customer 125fairways [] []
[2020-01-02 08:00:06] Credit Warning SMS Yellow Zone log.INFO: Credit warning SMS sent to customer 125fairways [] []
[2020-01-02 08:00:06] Credit Warning SMS Yellow Zone log.INFO: Sending credit warning SMS to customer 133fairways [] []
[2020-01-02 08:00:06] Credit Warning SMS Yellow Zone log.INFO: Credit warning SMS sent to customer 133fairways [] []
[2020-01-02 08:00:06] Credit Warning SMS Yellow Zone log.INFO: Sending credit warning SMS to customer 143fairways [] []
[2020-01-02 08:00:06] Credit Warning SMS Yellow Zone log.INFO: Credit warning SMS sent to customer 143fairways [] []
[2020-01-02 08:00:06] Credit Warning SMS Yellow Zone log.INFO: Sending credit warning SMS to customer 158fairways [] []
[2020-01-02 08:00:07] Credit Warning SMS Yellow Zone log.INFO: Credit warning SMS sent to customer 158fairways [] []
[2020-01-02 08:00:07] Credit Warning SMS Yellow Zone log.INFO: Sending credit warning SMS to customer 33fairways [] []
[2020-01-02 08:00:07] Credit Warning SMS Yellow Zone log.INFO: Credit warning SMS sent to customer 33fairways [] []
[2020-01-02 08:00:07] Credit Warning SMS Yellow Zone log.INFO: Sending credit warning SMS to customer 54herberthill [] []
[2020-01-02 08:00:07] Credit Warning SMS Yellow Zone log.INFO: Credit warning SMS sent to customer 54herberthill [] []
[2020-01-02 08:00:07] Credit Warning SMS Yellow Zone log.INFO: Sending credit warning SMS to customer 87herberthill [] []
[2020-01-02 08:00:07] Credit Warning SMS Yellow Zone log.INFO: Credit warning SMS sent to customer 87herberthill [] []
[2020-01-02 08:00:07] Credit Warning SMS Yellow Zone log.INFO: Sent Credit warning SMS to 109 customers! [] []
