[2020-11-18 08:00:02] Credit Warning SMS Yellow Zone log.INFO: Sending credit warning SMS to customer 20sundayswell [] []
[2020-11-18 08:00:02] Credit Warning SMS Yellow Zone log.INFO: Credit warning SMS sent to customer 20sundayswell [] []
[2020-11-18 08:00:02] Credit Warning SMS Yellow Zone log.INFO: Sending credit warning SMS to customer 10sundayswell [] []
[2020-11-18 08:00:02] Credit Warning SMS Yellow Zone log.INFO: Credit warning SMS sent to customer 10sundayswell [] []
[2020-11-18 08:00:02] Credit Warning SMS Yellow Zone log.INFO: Sending credit warning SMS to customer 6garryknock [] []
[2020-11-18 08:00:02] Credit Warning SMS Yellow Zone log.INFO: Credit warning SMS sent to customer 6garryknock [] []
[2020-11-18 08:00:02] Credit Warning SMS Yellow Zone log.INFO: Sending credit warning SMS to customer 19garryknock [] []
[2020-11-18 08:00:02] Credit Warning SMS Yellow Zone log.INFO: Credit warning SMS sent to customer 19garryknock [] []
[2020-11-18 08:00:02] Credit Warning SMS Yellow Zone log.INFO: Sending credit warning SMS to customer 13sundayswell [] []
[2020-11-18 08:00:02] Credit Warning SMS Yellow Zone log.INFO: Credit warning SMS sent to customer 13sundayswell [] []
[2020-11-18 08:00:02] Credit Warning SMS Yellow Zone log.INFO: Sending credit warning SMS to customer 39Emerald [] []
[2020-11-18 08:00:02] Credit Warning SMS Yellow Zone log.INFO: Credit warning SMS sent to customer 39Emerald [] []
[2020-11-18 08:00:02] Credit Warning SMS Yellow Zone log.INFO: Sending credit warning SMS to customer 46Emerald [] []
[2020-11-18 08:00:02] Credit Warning SMS Yellow Zone log.INFO: Credit warning SMS sent to customer 46Emerald [] []
[2020-11-18 08:00:02] Credit Warning SMS Yellow Zone log.INFO: Sending credit warning SMS to customer 176neptune [] []
[2020-11-18 08:00:02] Credit Warning SMS Yellow Zone log.INFO: Credit warning SMS sent to customer 176neptune [] []
[2020-11-18 08:00:02] Credit Warning SMS Yellow Zone log.INFO: Sending credit warning SMS to customer 16neptune [] []
[2020-11-18 08:00:02] Credit Warning SMS Yellow Zone log.INFO: Credit warning SMS sent to customer 16neptune [] []
[2020-11-18 08:00:02] Credit Warning SMS Yellow Zone log.INFO: Sending credit warning SMS to customer 10neptune [] []
[2020-11-18 08:00:02] Credit Warning SMS Yellow Zone log.INFO: Credit warning SMS sent to customer 10neptune [] []
[2020-11-18 08:00:02] Credit Warning SMS Yellow Zone log.INFO: Sending credit warning SMS to customer 97Neptune [] []
[2020-11-18 08:00:02] Credit Warning SMS Yellow Zone log.INFO: Credit warning SMS sent to customer 97Neptune [] []
[2020-11-18 08:00:02] Credit Warning SMS Yellow Zone log.INFO: Sending credit warning SMS to customer 99Neptune [] []
[2020-11-18 08:00:02] Credit Warning SMS Yellow Zone log.INFO: Credit warning SMS sent to customer 99Neptune [] []
[2020-11-18 08:00:02] Credit Warning SMS Yellow Zone log.INFO: Sending credit warning SMS to customer 123Neptune [] []
[2020-11-18 08:00:02] Credit Warning SMS Yellow Zone log.INFO: Credit warning SMS sent to customer 123Neptune [] []
[2020-11-18 08:00:02] Credit Warning SMS Yellow Zone log.INFO: Sending credit warning SMS to customer 7neptune [] []
[2020-11-18 08:00:02] Credit Warning SMS Yellow Zone log.INFO: Credit warning SMS sent to customer 7neptune [] []
[2020-11-18 08:00:02] Credit Warning SMS Yellow Zone log.INFO: Sending credit warning SMS to customer 114Neptune [] []
[2020-11-18 08:00:02] Credit Warning SMS Yellow Zone log.INFO: Credit warning SMS sent to customer 114Neptune [] []
[2020-11-18 08:00:02] Credit Warning SMS Yellow Zone log.INFO: Sending credit warning SMS to customer 111Neptune [] []
[2020-11-18 08:00:02] Credit Warning SMS Yellow Zone log.INFO: Credit warning SMS sent to customer 111Neptune [] []
[2020-11-18 08:00:02] Credit Warning SMS Yellow Zone log.INFO: Sending credit warning SMS to customer 125Neptune [] []
[2020-11-18 08:00:03] Credit Warning SMS Yellow Zone log.INFO: Credit warning SMS sent to customer 125Neptune [] []
[2020-11-18 08:00:03] Credit Warning SMS Yellow Zone log.INFO: Sending credit warning SMS to customer 55Neptune [] []
[2020-11-18 08:00:03] Credit Warning SMS Yellow Zone log.INFO: Credit warning SMS sent to customer 55Neptune [] []
[2020-11-18 08:00:03] Credit Warning SMS Yellow Zone log.INFO: Sending credit warning SMS to customer 2neptune [] []
[2020-11-18 08:00:03] Credit Warning SMS Yellow Zone log.INFO: Credit warning SMS sent to customer 2neptune [] []
[2020-11-18 08:00:03] Credit Warning SMS Yellow Zone log.INFO: Sending credit warning SMS to customer 173neptune [] []
[2020-11-18 08:00:03] Credit Warning SMS Yellow Zone log.INFO: Credit warning SMS sent to customer 173neptune [] []
[2020-11-18 08:00:03] Credit Warning SMS Yellow Zone log.INFO: Sending credit warning SMS to customer 15neptune [] []
[2020-11-18 08:00:03] Credit Warning SMS Yellow Zone log.INFO: Credit warning SMS sent to customer 15neptune [] []
[2020-11-18 08:00:03] Credit Warning SMS Yellow Zone log.INFO: Sending credit warning SMS to customer 3Abbott [] []
[2020-11-18 08:00:03] Credit Warning SMS Yellow Zone log.INFO: Credit warning SMS sent to customer 3Abbott [] []
[2020-11-18 08:00:03] Credit Warning SMS Yellow Zone log.INFO: Sending credit warning SMS to customer 28Abbott [] []
[2020-11-18 08:00:03] Credit Warning SMS Yellow Zone log.INFO: Credit warning SMS sent to customer 28Abbott [] []
[2020-11-18 08:00:03] Credit Warning SMS Yellow Zone log.INFO: Sending credit warning SMS to customer 13Abbott [] []
[2020-11-18 08:00:03] Credit Warning SMS Yellow Zone log.INFO: Credit warning SMS sent to customer 13Abbott [] []
[2020-11-18 08:00:03] Credit Warning SMS Yellow Zone log.INFO: Sending credit warning SMS to customer 77Abbott [] []
[2020-11-18 08:00:03] Credit Warning SMS Yellow Zone log.INFO: Credit warning SMS sent to customer 77Abbott [] []
[2020-11-18 08:00:03] Credit Warning SMS Yellow Zone log.INFO: Sending credit warning SMS to customer 87Abbott [] []
[2020-11-18 08:00:03] Credit Warning SMS Yellow Zone log.INFO: Credit warning SMS sent to customer 87Abbott [] []
[2020-11-18 08:00:03] Credit Warning SMS Yellow Zone log.INFO: Sending credit warning SMS to customer 89Abbott [] []
[2020-11-18 08:00:03] Credit Warning SMS Yellow Zone log.INFO: Credit warning SMS sent to customer 89Abbott [] []
[2020-11-18 08:00:03] Credit Warning SMS Yellow Zone log.INFO: Sending credit warning SMS to customer 82Abbott [] []
[2020-11-18 08:00:03] Credit Warning SMS Yellow Zone log.INFO: Credit warning SMS sent to customer 82Abbott [] []
[2020-11-18 08:00:03] Credit Warning SMS Yellow Zone log.INFO: Sending credit warning SMS to customer 105Abbott [] []
[2020-11-18 08:00:03] Credit Warning SMS Yellow Zone log.INFO: Credit warning SMS sent to customer 105Abbott [] []
[2020-11-18 08:00:03] Credit Warning SMS Yellow Zone log.INFO: Sending credit warning SMS to customer 98Abbott [] []
[2020-11-18 08:00:03] Credit Warning SMS Yellow Zone log.INFO: Credit warning SMS sent to customer 98Abbott [] []
[2020-11-18 08:00:03] Credit Warning SMS Yellow Zone log.INFO: Sending credit warning SMS to customer 115Abbott [] []
[2020-11-18 08:00:03] Credit Warning SMS Yellow Zone log.INFO: Credit warning SMS sent to customer 115Abbott [] []
[2020-11-18 08:00:03] Credit Warning SMS Yellow Zone log.INFO: Sending credit warning SMS to customer 95Abbott [] []
[2020-11-18 08:00:03] Credit Warning SMS Yellow Zone log.INFO: Credit warning SMS sent to customer 95Abbott [] []
[2020-11-18 08:00:03] Credit Warning SMS Yellow Zone log.INFO: Sending credit warning SMS to customer 126abbott [] []
[2020-11-18 08:00:03] Credit Warning SMS Yellow Zone log.INFO: Credit warning SMS sent to customer 126abbott [] []
[2020-11-18 08:00:03] Credit Warning SMS Yellow Zone log.INFO: Sending credit warning SMS to customer 150abbott [] []
[2020-11-18 08:00:03] Credit Warning SMS Yellow Zone log.INFO: Credit warning SMS sent to customer 150abbott [] []
[2020-11-18 08:00:03] Credit Warning SMS Yellow Zone log.INFO: Sending credit warning SMS to customer 184abbott [] []
[2020-11-18 08:00:03] Credit Warning SMS Yellow Zone log.INFO: Credit warning SMS sent to customer 184abbott [] []
[2020-11-18 08:00:03] Credit Warning SMS Yellow Zone log.INFO: Sending credit warning SMS to customer 151abbott [] []
[2020-11-18 08:00:03] Credit Warning SMS Yellow Zone log.INFO: Credit warning SMS sent to customer 151abbott [] []
[2020-11-18 08:00:03] Credit Warning SMS Yellow Zone log.INFO: Sending credit warning SMS to customer 157abbott [] []
[2020-11-18 08:00:03] Credit Warning SMS Yellow Zone log.INFO: Credit warning SMS sent to customer 157abbott [] []
[2020-11-18 08:00:03] Credit Warning SMS Yellow Zone log.INFO: Sending credit warning SMS to customer 70eustace [] []
[2020-11-18 08:00:03] Credit Warning SMS Yellow Zone log.INFO: Credit warning SMS sent to customer 70eustace [] []
[2020-11-18 08:00:03] Credit Warning SMS Yellow Zone log.INFO: Sending credit warning SMS to customer 9eustace [] []
[2020-11-18 08:00:03] Credit Warning SMS Yellow Zone log.INFO: Credit warning SMS sent to customer 9eustace [] []
[2020-11-18 08:00:03] Credit Warning SMS Yellow Zone log.INFO: Sending credit warning SMS to customer 74eustace [] []
[2020-11-18 08:00:03] Credit Warning SMS Yellow Zone log.INFO: Credit warning SMS sent to customer 74eustace [] []
[2020-11-18 08:00:03] Credit Warning SMS Yellow Zone log.INFO: Sending credit warning SMS to customer 67eustace [] []
[2020-11-18 08:00:03] Credit Warning SMS Yellow Zone log.INFO: Credit warning SMS sent to customer 67eustace [] []
[2020-11-18 08:00:03] Credit Warning SMS Yellow Zone log.INFO: Sending credit warning SMS to customer 136leona [] []
[2020-11-18 08:00:03] Credit Warning SMS Yellow Zone log.INFO: Credit warning SMS sent to customer 136leona [] []
[2020-11-18 08:00:03] Credit Warning SMS Yellow Zone log.INFO: Sending credit warning SMS to customer 131leona [] []
[2020-11-18 08:00:03] Credit Warning SMS Yellow Zone log.INFO: Credit warning SMS sent to customer 131leona [] []
[2020-11-18 08:00:03] Credit Warning SMS Yellow Zone log.INFO: Sending credit warning SMS to customer 130leona [] []
[2020-11-18 08:00:03] Credit Warning SMS Yellow Zone log.INFO: Credit warning SMS sent to customer 130leona [] []
[2020-11-18 08:00:03] Credit Warning SMS Yellow Zone log.INFO: Sending credit warning SMS to customer 38leona [] []
[2020-11-18 08:00:04] Credit Warning SMS Yellow Zone log.INFO: Credit warning SMS sent to customer 38leona [] []
[2020-11-18 08:00:04] Credit Warning SMS Yellow Zone log.INFO: Sending credit warning SMS to customer 103leona [] []
[2020-11-18 08:00:04] Credit Warning SMS Yellow Zone log.INFO: Credit warning SMS sent to customer 103leona [] []
[2020-11-18 08:00:04] Credit Warning SMS Yellow Zone log.INFO: Sending credit warning SMS to customer 39leona [] []
[2020-11-18 08:00:04] Credit Warning SMS Yellow Zone log.INFO: Credit warning SMS sent to customer 39leona [] []
[2020-11-18 08:00:04] Credit Warning SMS Yellow Zone log.INFO: Sending credit warning SMS to customer 138charlotte [] []
[2020-11-18 08:00:04] Credit Warning SMS Yellow Zone log.INFO: Credit warning SMS sent to customer 138charlotte [] []
[2020-11-18 08:00:04] Credit Warning SMS Yellow Zone log.INFO: Sending credit warning SMS to customer 16charlotte [] []
[2020-11-18 08:00:04] Credit Warning SMS Yellow Zone log.INFO: Credit warning SMS sent to customer 16charlotte [] []
[2020-11-18 08:00:04] Credit Warning SMS Yellow Zone log.INFO: Sending credit warning SMS to customer 80charlotte [] []
[2020-11-18 08:00:04] Credit Warning SMS Yellow Zone log.INFO: Credit warning SMS sent to customer 80charlotte [] []
[2020-11-18 08:00:04] Credit Warning SMS Yellow Zone log.INFO: Sending credit warning SMS to customer 45charlotte [] []
[2020-11-18 08:00:04] Credit Warning SMS Yellow Zone log.INFO: Credit warning SMS sent to customer 45charlotte [] []
[2020-11-18 08:00:04] Credit Warning SMS Yellow Zone log.INFO: Sending credit warning SMS to customer 61charlotte [] []
[2020-11-18 08:00:04] Credit Warning SMS Yellow Zone log.INFO: Credit warning SMS sent to customer 61charlotte [] []
[2020-11-18 08:00:04] Credit Warning SMS Yellow Zone log.INFO: Sending credit warning SMS to customer 38charlotte [] []
[2020-11-18 08:00:04] Credit Warning SMS Yellow Zone log.INFO: Credit warning SMS sent to customer 38charlotte [] []
[2020-11-18 08:00:04] Credit Warning SMS Yellow Zone log.INFO: Sending credit warning SMS to customer 157charlotte [] []
[2020-11-18 08:00:04] Credit Warning SMS Yellow Zone log.INFO: Credit warning SMS sent to customer 157charlotte [] []
[2020-11-18 08:00:04] Credit Warning SMS Yellow Zone log.INFO: Sending credit warning SMS to customer 192bridgefield [] []
[2020-11-18 08:00:04] Credit Warning SMS Yellow Zone log.INFO: Credit warning SMS sent to customer 192bridgefield [] []
[2020-11-18 08:00:04] Credit Warning SMS Yellow Zone log.INFO: Sending credit warning SMS to customer 197bridgefield [] []
[2020-11-18 08:00:04] Credit Warning SMS Yellow Zone log.INFO: Credit warning SMS sent to customer 197bridgefield [] []
[2020-11-18 08:00:04] Credit Warning SMS Yellow Zone log.INFO: Sending credit warning SMS to customer 170bridgefield [] []
[2020-11-18 08:00:04] Credit Warning SMS Yellow Zone log.INFO: Credit warning SMS sent to customer 170bridgefield [] []
[2020-11-18 08:00:04] Credit Warning SMS Yellow Zone log.INFO: Sending credit warning SMS to customer 126bridgefield [] []
[2020-11-18 08:00:04] Credit Warning SMS Yellow Zone log.INFO: Credit warning SMS sent to customer 126bridgefield [] []
[2020-11-18 08:00:04] Credit Warning SMS Yellow Zone log.INFO: Sending credit warning SMS to customer 108bridgefield [] []
[2020-11-18 08:00:04] Credit Warning SMS Yellow Zone log.INFO: Credit warning SMS sent to customer 108bridgefield [] []
[2020-11-18 08:00:04] Credit Warning SMS Yellow Zone log.INFO: Sending credit warning SMS to customer 22pappan [] []
[2020-11-18 08:00:04] Credit Warning SMS Yellow Zone log.INFO: Credit warning SMS sent to customer 22pappan [] []
[2020-11-18 08:00:04] Credit Warning SMS Yellow Zone log.INFO: Sending credit warning SMS to customer 20pappan [] []
[2020-11-18 08:00:04] Credit Warning SMS Yellow Zone log.INFO: Credit warning SMS sent to customer 20pappan [] []
[2020-11-18 08:00:04] Credit Warning SMS Yellow Zone log.INFO: Sending credit warning SMS to customer 103fairways [] []
[2020-11-18 08:00:04] Credit Warning SMS Yellow Zone log.INFO: Credit warning SMS sent to customer 103fairways [] []
[2020-11-18 08:00:04] Credit Warning SMS Yellow Zone log.INFO: Sending credit warning SMS to customer 105fairways [] []
[2020-11-18 08:00:04] Credit Warning SMS Yellow Zone log.INFO: Credit warning SMS sent to customer 105fairways [] []
[2020-11-18 08:00:04] Credit Warning SMS Yellow Zone log.INFO: Sending credit warning SMS to customer 154fairways [] []
[2020-11-18 08:00:04] Credit Warning SMS Yellow Zone log.INFO: Credit warning SMS sent to customer 154fairways [] []
[2020-11-18 08:00:04] Credit Warning SMS Yellow Zone log.INFO: Sending credit warning SMS to customer 76fairways [] []
[2020-11-18 08:00:04] Credit Warning SMS Yellow Zone log.INFO: Credit warning SMS sent to customer 76fairways [] []
[2020-11-18 08:00:04] Credit Warning SMS Yellow Zone log.INFO: Sending credit warning SMS to customer 28fairways [] []
[2020-11-18 08:00:04] Credit Warning SMS Yellow Zone log.INFO: Credit warning SMS sent to customer 28fairways [] []
[2020-11-18 08:00:04] Credit Warning SMS Yellow Zone log.INFO: Sending credit warning SMS to customer h10fairways [] []
[2020-11-18 08:00:04] Credit Warning SMS Yellow Zone log.INFO: Credit warning SMS sent to customer h10fairways [] []
[2020-11-18 08:00:04] Credit Warning SMS Yellow Zone log.INFO: Sending credit warning SMS to customer h44fairways [] []
[2020-11-18 08:00:04] Credit Warning SMS Yellow Zone log.INFO: Credit warning SMS sent to customer h44fairways [] []
[2020-11-18 08:00:04] Credit Warning SMS Yellow Zone log.INFO: Sending credit warning SMS to customer 73herberthill [] []
[2020-11-18 08:00:05] Credit Warning SMS Yellow Zone log.INFO: Credit warning SMS sent to customer 73herberthill [] []
[2020-11-18 08:00:05] Credit Warning SMS Yellow Zone log.INFO: Sending credit warning SMS to customer 60herberthill [] []
[2020-11-18 08:00:05] Credit Warning SMS Yellow Zone log.INFO: Credit warning SMS sent to customer 60herberthill [] []
[2020-11-18 08:00:05] Credit Warning SMS Yellow Zone log.INFO: Sending credit warning SMS to customer 35marina [] []
[2020-11-18 08:00:05] Credit Warning SMS Yellow Zone log.INFO: Credit warning SMS sent to customer 35marina [] []
[2020-11-18 08:00:05] Credit Warning SMS Yellow Zone log.INFO: Sent Credit warning SMS to 71 customers! [] []
