[2020-07-21 08:00:01] Credit Warning SMS Yellow Zone log.INFO: Sending credit warning SMS to customer 7garryknock [] []
[2020-07-21 08:00:02] Credit Warning SMS Yellow Zone log.INFO: Credit warning SMS sent to customer 7garryknock [] []
[2020-07-21 08:00:02] Credit Warning SMS Yellow Zone log.INFO: Sending credit warning SMS to customer 16garryknock [] []
[2020-07-21 08:00:02] Credit Warning SMS Yellow Zone log.INFO: Credit warning SMS sent to customer 16garryknock [] []
[2020-07-21 08:00:02] Credit Warning SMS Yellow Zone log.INFO: Sending credit warning SMS to customer 15garryknock [] []
[2020-07-21 08:00:02] Credit Warning SMS Yellow Zone log.INFO: Credit warning SMS sent to customer 15garryknock [] []
[2020-07-21 08:00:02] Credit Warning SMS Yellow Zone log.INFO: Sending credit warning SMS to customer 1Emerald [] []
[2020-07-21 08:00:02] Credit Warning SMS Yellow Zone log.INFO: Credit warning SMS sent to customer 1Emerald [] []
[2020-07-21 08:00:02] Credit Warning SMS Yellow Zone log.INFO: Sending credit warning SMS to customer 7Emerald [] []
[2020-07-21 08:00:02] Credit Warning SMS Yellow Zone log.INFO: Credit warning SMS sent to customer 7Emerald [] []
[2020-07-21 08:00:02] Credit Warning SMS Yellow Zone log.INFO: Sending credit warning SMS to customer 16neptune [] []
[2020-07-21 08:00:02] Credit Warning SMS Yellow Zone log.INFO: Credit warning SMS sent to customer 16neptune [] []
[2020-07-21 08:00:02] Credit Warning SMS Yellow Zone log.INFO: Sending credit warning SMS to customer 10neptune [] []
[2020-07-21 08:00:02] Credit Warning SMS Yellow Zone log.INFO: Credit warning SMS sent to customer 10neptune [] []
[2020-07-21 08:00:02] Credit Warning SMS Yellow Zone log.INFO: Sending credit warning SMS to customer 168neptune [] []
[2020-07-21 08:00:02] Credit Warning SMS Yellow Zone log.INFO: Credit warning SMS sent to customer 168neptune [] []
[2020-07-21 08:00:02] Credit Warning SMS Yellow Zone log.INFO: Sending credit warning SMS to customer 177neptune [] []
[2020-07-21 08:00:02] Credit Warning SMS Yellow Zone log.INFO: Credit warning SMS sent to customer 177neptune [] []
[2020-07-21 08:00:02] Credit Warning SMS Yellow Zone log.INFO: Sending credit warning SMS to customer 175neptune [] []
[2020-07-21 08:00:02] Credit Warning SMS Yellow Zone log.INFO: Credit warning SMS sent to customer 175neptune [] []
[2020-07-21 08:00:02] Credit Warning SMS Yellow Zone log.INFO: Sending credit warning SMS to customer 128Neptune [] []
[2020-07-21 08:00:02] Credit Warning SMS Yellow Zone log.INFO: Credit warning SMS sent to customer 128Neptune [] []
[2020-07-21 08:00:02] Credit Warning SMS Yellow Zone log.INFO: Sending credit warning SMS to customer 153Neptune [] []
[2020-07-21 08:00:02] Credit Warning SMS Yellow Zone log.INFO: Credit warning SMS sent to customer 153Neptune [] []
[2020-07-21 08:00:02] Credit Warning SMS Yellow Zone log.INFO: Sending credit warning SMS to customer 27neptune [] []
[2020-07-21 08:00:02] Credit Warning SMS Yellow Zone log.INFO: Credit warning SMS sent to customer 27neptune [] []
[2020-07-21 08:00:02] Credit Warning SMS Yellow Zone log.INFO: Sending credit warning SMS to customer 140Neptune [] []
[2020-07-21 08:00:02] Credit Warning SMS Yellow Zone log.INFO: Credit warning SMS sent to customer 140Neptune [] []
[2020-07-21 08:00:02] Credit Warning SMS Yellow Zone log.INFO: Sending credit warning SMS to customer 134Neptune [] []
[2020-07-21 08:00:02] Credit Warning SMS Yellow Zone log.INFO: Credit warning SMS sent to customer 134Neptune [] []
[2020-07-21 08:00:02] Credit Warning SMS Yellow Zone log.INFO: Sending credit warning SMS to customer 104Neptune [] []
[2020-07-21 08:00:02] Credit Warning SMS Yellow Zone log.INFO: Credit warning SMS sent to customer 104Neptune [] []
[2020-07-21 08:00:02] Credit Warning SMS Yellow Zone log.INFO: Sending credit warning SMS to customer 75Neptune [] []
[2020-07-21 08:00:02] Credit Warning SMS Yellow Zone log.INFO: Credit warning SMS sent to customer 75Neptune [] []
[2020-07-21 08:00:02] Credit Warning SMS Yellow Zone log.INFO: Sending credit warning SMS to customer 184neptune [] []
[2020-07-21 08:00:02] Credit Warning SMS Yellow Zone log.INFO: Credit warning SMS sent to customer 184neptune [] []
[2020-07-21 08:00:02] Credit Warning SMS Yellow Zone log.INFO: Sending credit warning SMS to customer 10Abbott [] []
[2020-07-21 08:00:02] Credit Warning SMS Yellow Zone log.INFO: Credit warning SMS sent to customer 10Abbott [] []
[2020-07-21 08:00:02] Credit Warning SMS Yellow Zone log.INFO: Sending credit warning SMS to customer 12Abbott [] []
[2020-07-21 08:00:02] Credit Warning SMS Yellow Zone log.INFO: Credit warning SMS sent to customer 12Abbott [] []
[2020-07-21 08:00:02] Credit Warning SMS Yellow Zone log.INFO: Sending credit warning SMS to customer 16Abbott [] []
[2020-07-21 08:00:02] Credit Warning SMS Yellow Zone log.INFO: Credit warning SMS sent to customer 16Abbott [] []
[2020-07-21 08:00:02] Credit Warning SMS Yellow Zone log.INFO: Sending credit warning SMS to customer 28Abbott [] []
[2020-07-21 08:00:02] Credit Warning SMS Yellow Zone log.INFO: Credit warning SMS sent to customer 28Abbott [] []
[2020-07-21 08:00:02] Credit Warning SMS Yellow Zone log.INFO: Sending credit warning SMS to customer 13Abbott [] []
[2020-07-21 08:00:02] Credit Warning SMS Yellow Zone log.INFO: Credit warning SMS sent to customer 13Abbott [] []
[2020-07-21 08:00:02] Credit Warning SMS Yellow Zone log.INFO: Sending credit warning SMS to customer 74Abbott [] []
[2020-07-21 08:00:02] Credit Warning SMS Yellow Zone log.INFO: Credit warning SMS sent to customer 74Abbott [] []
[2020-07-21 08:00:02] Credit Warning SMS Yellow Zone log.INFO: Sending credit warning SMS to customer 59Abbott [] []
[2020-07-21 08:00:02] Credit Warning SMS Yellow Zone log.INFO: Credit warning SMS sent to customer 59Abbott [] []
[2020-07-21 08:00:02] Credit Warning SMS Yellow Zone log.INFO: Sending credit warning SMS to customer 70Abbott [] []
[2020-07-21 08:00:03] Credit Warning SMS Yellow Zone log.INFO: Credit warning SMS sent to customer 70Abbott [] []
[2020-07-21 08:00:03] Credit Warning SMS Yellow Zone log.INFO: Sending credit warning SMS to customer 84Abbott [] []
[2020-07-21 08:00:03] Credit Warning SMS Yellow Zone log.INFO: Credit warning SMS sent to customer 84Abbott [] []
[2020-07-21 08:00:03] Credit Warning SMS Yellow Zone log.INFO: Sending credit warning SMS to customer 71Abbott [] []
[2020-07-21 08:00:03] Credit Warning SMS Yellow Zone log.INFO: Credit warning SMS sent to customer 71Abbott [] []
[2020-07-21 08:00:03] Credit Warning SMS Yellow Zone log.INFO: Sending credit warning SMS to customer 110Abbott [] []
[2020-07-21 08:00:03] Credit Warning SMS Yellow Zone log.INFO: Credit warning SMS sent to customer 110Abbott [] []
[2020-07-21 08:00:03] Credit Warning SMS Yellow Zone log.INFO: Sending credit warning SMS to customer 98Abbott [] []
[2020-07-21 08:00:03] Credit Warning SMS Yellow Zone log.INFO: Credit warning SMS sent to customer 98Abbott [] []
[2020-07-21 08:00:03] Credit Warning SMS Yellow Zone log.INFO: Sending credit warning SMS to customer 115Abbott [] []
[2020-07-21 08:00:03] Credit Warning SMS Yellow Zone log.INFO: Credit warning SMS sent to customer 115Abbott [] []
[2020-07-21 08:00:03] Credit Warning SMS Yellow Zone log.INFO: Sending credit warning SMS to customer 145abbott [] []
[2020-07-21 08:00:03] Credit Warning SMS Yellow Zone log.INFO: Credit warning SMS sent to customer 145abbott [] []
[2020-07-21 08:00:03] Credit Warning SMS Yellow Zone log.INFO: Sending credit warning SMS to customer 163abbott [] []
[2020-07-21 08:00:03] Credit Warning SMS Yellow Zone log.INFO: Credit warning SMS sent to customer 163abbott [] []
[2020-07-21 08:00:03] Credit Warning SMS Yellow Zone log.INFO: Sending credit warning SMS to customer 7GreenBank [] []
[2020-07-21 08:00:03] Credit Warning SMS Yellow Zone log.INFO: Credit warning SMS sent to customer 7GreenBank [] []
[2020-07-21 08:00:03] Credit Warning SMS Yellow Zone log.INFO: Sending credit warning SMS to customer 10GreenBank [] []
[2020-07-21 08:00:03] Credit Warning SMS Yellow Zone log.INFO: Credit warning SMS sent to customer 10GreenBank [] []
[2020-07-21 08:00:03] Credit Warning SMS Yellow Zone log.INFO: Sending credit warning SMS to customer 3GreenBank [] []
[2020-07-21 08:00:03] Credit Warning SMS Yellow Zone log.INFO: Credit warning SMS sent to customer 3GreenBank [] []
[2020-07-21 08:00:03] Credit Warning SMS Yellow Zone log.INFO: Sending credit warning SMS to customer 151abbott [] []
[2020-07-21 08:00:03] Credit Warning SMS Yellow Zone log.INFO: Credit warning SMS sent to customer 151abbott [] []
[2020-07-21 08:00:03] Credit Warning SMS Yellow Zone log.INFO: Sending credit warning SMS to customer 92eustace [] []
[2020-07-21 08:00:03] Credit Warning SMS Yellow Zone log.INFO: Credit warning SMS sent to customer 92eustace [] []
[2020-07-21 08:00:03] Credit Warning SMS Yellow Zone log.INFO: Sending credit warning SMS to customer 131leona [] []
[2020-07-21 08:00:03] Credit Warning SMS Yellow Zone log.INFO: Credit warning SMS sent to customer 131leona [] []
[2020-07-21 08:00:03] Credit Warning SMS Yellow Zone log.INFO: Sending credit warning SMS to customer 9leona [] []
[2020-07-21 08:00:03] Credit Warning SMS Yellow Zone log.INFO: Credit warning SMS sent to customer 9leona [] []
[2020-07-21 08:00:03] Credit Warning SMS Yellow Zone log.INFO: Sending credit warning SMS to customer 135leona [] []
[2020-07-21 08:00:03] Credit Warning SMS Yellow Zone log.INFO: Credit warning SMS sent to customer 135leona [] []
[2020-07-21 08:00:03] Credit Warning SMS Yellow Zone log.INFO: Sending credit warning SMS to customer 58leona [] []
[2020-07-21 08:00:03] Credit Warning SMS Yellow Zone log.INFO: Credit warning SMS sent to customer 58leona [] []
[2020-07-21 08:00:03] Credit Warning SMS Yellow Zone log.INFO: Sending credit warning SMS to customer 124leona [] []
[2020-07-21 08:00:03] Credit Warning SMS Yellow Zone log.INFO: Credit warning SMS sent to customer 124leona [] []
[2020-07-21 08:00:03] Credit Warning SMS Yellow Zone log.INFO: Sending credit warning SMS to customer 31leona [] []
[2020-07-21 08:00:03] Credit Warning SMS Yellow Zone log.INFO: Credit warning SMS sent to customer 31leona [] []
[2020-07-21 08:00:03] Credit Warning SMS Yellow Zone log.INFO: Sending credit warning SMS to customer 119leona [] []
[2020-07-21 08:00:03] Credit Warning SMS Yellow Zone log.INFO: Credit warning SMS sent to customer 119leona [] []
[2020-07-21 08:00:03] Credit Warning SMS Yellow Zone log.INFO: Sending credit warning SMS to customer 20leona [] []
[2020-07-21 08:00:03] Credit Warning SMS Yellow Zone log.INFO: Credit warning SMS sent to customer 20leona [] []
[2020-07-21 08:00:03] Credit Warning SMS Yellow Zone log.INFO: Sending credit warning SMS to customer 159charlotte [] []
[2020-07-21 08:00:03] Credit Warning SMS Yellow Zone log.INFO: Credit warning SMS sent to customer 159charlotte [] []
[2020-07-21 08:00:03] Credit Warning SMS Yellow Zone log.INFO: Sending credit warning SMS to customer 10charlotte [] []
[2020-07-21 08:00:03] Credit Warning SMS Yellow Zone log.INFO: Credit warning SMS sent to customer 10charlotte [] []
[2020-07-21 08:00:03] Credit Warning SMS Yellow Zone log.INFO: Sending credit warning SMS to customer 28charlotte [] []
[2020-07-21 08:00:03] Credit Warning SMS Yellow Zone log.INFO: Credit warning SMS sent to customer 28charlotte [] []
[2020-07-21 08:00:03] Credit Warning SMS Yellow Zone log.INFO: Sending credit warning SMS to customer 47charlotte [] []
[2020-07-21 08:00:03] Credit Warning SMS Yellow Zone log.INFO: Credit warning SMS sent to customer 47charlotte [] []
[2020-07-21 08:00:03] Credit Warning SMS Yellow Zone log.INFO: Sending credit warning SMS to customer 7charlotte [] []
[2020-07-21 08:00:03] Credit Warning SMS Yellow Zone log.INFO: Credit warning SMS sent to customer 7charlotte [] []
[2020-07-21 08:00:03] Credit Warning SMS Yellow Zone log.INFO: Sending credit warning SMS to customer 13charlotte [] []
[2020-07-21 08:00:03] Credit Warning SMS Yellow Zone log.INFO: Credit warning SMS sent to customer 13charlotte [] []
[2020-07-21 08:00:03] Credit Warning SMS Yellow Zone log.INFO: Sending credit warning SMS to customer 82charlotte [] []
[2020-07-21 08:00:03] Credit Warning SMS Yellow Zone log.INFO: Credit warning SMS sent to customer 82charlotte [] []
[2020-07-21 08:00:03] Credit Warning SMS Yellow Zone log.INFO: Sending credit warning SMS to customer 70charlotte [] []
[2020-07-21 08:00:03] Credit Warning SMS Yellow Zone log.INFO: Credit warning SMS sent to customer 70charlotte [] []
[2020-07-21 08:00:03] Credit Warning SMS Yellow Zone log.INFO: Sending credit warning SMS to customer 75charlotte [] []
[2020-07-21 08:00:04] Credit Warning SMS Yellow Zone log.INFO: Credit warning SMS sent to customer 75charlotte [] []
[2020-07-21 08:00:04] Credit Warning SMS Yellow Zone log.INFO: Sending credit warning SMS to customer 112charlotte [] []
[2020-07-21 08:00:04] Credit Warning SMS Yellow Zone log.INFO: Credit warning SMS sent to customer 112charlotte [] []
[2020-07-21 08:00:04] Credit Warning SMS Yellow Zone log.INFO: Sending credit warning SMS to customer 135charlotte [] []
[2020-07-21 08:00:04] Credit Warning SMS Yellow Zone log.INFO: Credit warning SMS sent to customer 135charlotte [] []
[2020-07-21 08:00:04] Credit Warning SMS Yellow Zone log.INFO: Sending credit warning SMS to customer 6bridgefield [] []
[2020-07-21 08:00:04] Credit Warning SMS Yellow Zone log.INFO: Credit warning SMS sent to customer 6bridgefield [] []
[2020-07-21 08:00:04] Credit Warning SMS Yellow Zone log.INFO: Sending credit warning SMS to customer 8bridgefield [] []
[2020-07-21 08:00:04] Credit Warning SMS Yellow Zone log.INFO: Credit warning SMS sent to customer 8bridgefield [] []
[2020-07-21 08:00:04] Credit Warning SMS Yellow Zone log.INFO: Sending credit warning SMS to customer 32bridgefield [] []
[2020-07-21 08:00:04] Credit Warning SMS Yellow Zone log.INFO: Credit warning SMS sent to customer 32bridgefield [] []
[2020-07-21 08:00:04] Credit Warning SMS Yellow Zone log.INFO: Sending credit warning SMS to customer 59bridgefield [] []
[2020-07-21 08:00:04] Credit Warning SMS Yellow Zone log.INFO: Credit warning SMS sent to customer 59bridgefield [] []
[2020-07-21 08:00:04] Credit Warning SMS Yellow Zone log.INFO: Sending credit warning SMS to customer 69bridgefield [] []
[2020-07-21 08:00:04] Credit Warning SMS Yellow Zone log.INFO: Credit warning SMS sent to customer 69bridgefield [] []
[2020-07-21 08:00:04] Credit Warning SMS Yellow Zone log.INFO: Sending credit warning SMS to customer 52bridgefield [] []
[2020-07-21 08:00:04] Credit Warning SMS Yellow Zone log.INFO: Credit warning SMS sent to customer 52bridgefield [] []
[2020-07-21 08:00:04] Credit Warning SMS Yellow Zone log.INFO: Sending credit warning SMS to customer 82bridgefield [] []
[2020-07-21 08:00:04] Credit Warning SMS Yellow Zone log.INFO: Credit warning SMS sent to customer 82bridgefield [] []
[2020-07-21 08:00:04] Credit Warning SMS Yellow Zone log.INFO: Sending credit warning SMS to customer 56bridgefield [] []
[2020-07-21 08:00:04] Credit Warning SMS Yellow Zone log.INFO: Credit warning SMS sent to customer 56bridgefield [] []
[2020-07-21 08:00:04] Credit Warning SMS Yellow Zone log.INFO: Sending credit warning SMS to customer 185bridgefield [] []
[2020-07-21 08:00:04] Credit Warning SMS Yellow Zone log.INFO: Credit warning SMS sent to customer 185bridgefield [] []
[2020-07-21 08:00:04] Credit Warning SMS Yellow Zone log.INFO: Sending credit warning SMS to customer 188bridgefield [] []
[2020-07-21 08:00:04] Credit Warning SMS Yellow Zone log.INFO: Credit warning SMS sent to customer 188bridgefield [] []
[2020-07-21 08:00:04] Credit Warning SMS Yellow Zone log.INFO: Sending credit warning SMS to customer 196bridgefield [] []
[2020-07-21 08:00:04] Credit Warning SMS Yellow Zone log.INFO: Credit warning SMS sent to customer 196bridgefield [] []
[2020-07-21 08:00:04] Credit Warning SMS Yellow Zone log.INFO: Sending credit warning SMS to customer 139bridgefield [] []
[2020-07-21 08:00:04] Credit Warning SMS Yellow Zone log.INFO: Credit warning SMS sent to customer 139bridgefield [] []
[2020-07-21 08:00:04] Credit Warning SMS Yellow Zone log.INFO: Sending credit warning SMS to customer 128bridgefield [] []
[2020-07-21 08:00:04] Credit Warning SMS Yellow Zone log.INFO: Credit warning SMS sent to customer 128bridgefield [] []
[2020-07-21 08:00:04] Credit Warning SMS Yellow Zone log.INFO: Sending credit warning SMS to customer 126bridgefield [] []
[2020-07-21 08:00:04] Credit Warning SMS Yellow Zone log.INFO: Credit warning SMS sent to customer 126bridgefield [] []
[2020-07-21 08:00:04] Credit Warning SMS Yellow Zone log.INFO: Sending credit warning SMS to customer 8pappan [] []
[2020-07-21 08:00:04] Credit Warning SMS Yellow Zone log.INFO: Credit warning SMS sent to customer 8pappan [] []
[2020-07-21 08:00:04] Credit Warning SMS Yellow Zone log.INFO: Sending credit warning SMS to customer 121fairways [] []
[2020-07-21 08:00:04] Credit Warning SMS Yellow Zone log.INFO: Credit warning SMS sent to customer 121fairways [] []
[2020-07-21 08:00:04] Credit Warning SMS Yellow Zone log.INFO: Sending credit warning SMS to customer 107fairways [] []
[2020-07-21 08:00:04] Credit Warning SMS Yellow Zone log.INFO: Credit warning SMS sent to customer 107fairways [] []
[2020-07-21 08:00:04] Credit Warning SMS Yellow Zone log.INFO: Sending credit warning SMS to customer 119fairways [] []
[2020-07-21 08:00:04] Credit Warning SMS Yellow Zone log.INFO: Credit warning SMS sent to customer 119fairways [] []
[2020-07-21 08:00:04] Credit Warning SMS Yellow Zone log.INFO: Sending credit warning SMS to customer 118fairways [] []
[2020-07-21 08:00:04] Credit Warning SMS Yellow Zone log.INFO: Credit warning SMS sent to customer 118fairways [] []
[2020-07-21 08:00:04] Credit Warning SMS Yellow Zone log.INFO: Sending credit warning SMS to customer 2fairways [] []
[2020-07-21 08:00:04] Credit Warning SMS Yellow Zone log.INFO: Credit warning SMS sent to customer 2fairways [] []
[2020-07-21 08:00:04] Credit Warning SMS Yellow Zone log.INFO: Sending credit warning SMS to customer 51fairways [] []
[2020-07-21 08:00:04] Credit Warning SMS Yellow Zone log.INFO: Credit warning SMS sent to customer 51fairways [] []
[2020-07-21 08:00:04] Credit Warning SMS Yellow Zone log.INFO: Sending credit warning SMS to customer h19fairways [] []
[2020-07-21 08:00:04] Credit Warning SMS Yellow Zone log.INFO: Credit warning SMS sent to customer h19fairways [] []
[2020-07-21 08:00:04] Credit Warning SMS Yellow Zone log.INFO: Sending credit warning SMS to customer 54herberthill [] []
[2020-07-21 08:00:04] Credit Warning SMS Yellow Zone log.INFO: Credit warning SMS sent to customer 54herberthill [] []
[2020-07-21 08:00:04] Credit Warning SMS Yellow Zone log.INFO: Sending credit warning SMS to customer 27herberthill [] []
[2020-07-21 08:00:04] Credit Warning SMS Yellow Zone log.INFO: Credit warning SMS sent to customer 27herberthill [] []
[2020-07-21 08:00:04] Credit Warning SMS Yellow Zone log.INFO: Sending credit warning SMS to customer 3herberthill [] []
[2020-07-21 08:00:04] Credit Warning SMS Yellow Zone log.INFO: Credit warning SMS sent to customer 3herberthill [] []
[2020-07-21 08:00:04] Credit Warning SMS Yellow Zone log.INFO: Sending credit warning SMS to customer 79herberthill [] []
[2020-07-21 08:00:05] Credit Warning SMS Yellow Zone log.INFO: Credit warning SMS sent to customer 79herberthill [] []
[2020-07-21 08:00:05] Credit Warning SMS Yellow Zone log.INFO: Sending credit warning SMS to customer 83herberthill [] []
[2020-07-21 08:00:05] Credit Warning SMS Yellow Zone log.INFO: Credit warning SMS sent to customer 83herberthill [] []
[2020-07-21 08:00:05] Credit Warning SMS Yellow Zone log.INFO: Sending credit warning SMS to customer 21herberthill [] []
[2020-07-21 08:00:05] Credit Warning SMS Yellow Zone log.INFO: Credit warning SMS sent to customer 21herberthill [] []
[2020-07-21 08:00:05] Credit Warning SMS Yellow Zone log.INFO: Sending credit warning SMS to customer 2marina [] []
[2020-07-21 08:00:05] Credit Warning SMS Yellow Zone log.INFO: Credit warning SMS sent to customer 2marina [] []
[2020-07-21 08:00:05] Credit Warning SMS Yellow Zone log.INFO: Sending credit warning SMS to customer 11marina [] []
[2020-07-21 08:00:05] Credit Warning SMS Yellow Zone log.INFO: Credit warning SMS sent to customer 11marina [] []
[2020-07-21 08:00:05] Credit Warning SMS Yellow Zone log.INFO: Sending credit warning SMS to customer 1marina [] []
[2020-07-21 08:00:05] Credit Warning SMS Yellow Zone log.INFO: Credit warning SMS sent to customer 1marina [] []
[2020-07-21 08:00:05] Credit Warning SMS Yellow Zone log.INFO: Sent Credit warning SMS to 88 customers! [] []
