[2020-11-17 08:00:01] Credit Warning SMS Yellow Zone log.INFO: Sending credit warning SMS to customer 20sundayswell [] []
[2020-11-17 08:00:02] Credit Warning SMS Yellow Zone log.INFO: Credit warning SMS sent to customer 20sundayswell [] []
[2020-11-17 08:00:02] Credit Warning SMS Yellow Zone log.INFO: Sending credit warning SMS to customer 13sundayswell [] []
[2020-11-17 08:00:02] Credit Warning SMS Yellow Zone log.INFO: Credit warning SMS sent to customer 13sundayswell [] []
[2020-11-17 08:00:02] Credit Warning SMS Yellow Zone log.INFO: Sending credit warning SMS to customer 1Emerald [] []
[2020-11-17 08:00:02] Credit Warning SMS Yellow Zone log.INFO: Credit warning SMS sent to customer 1Emerald [] []
[2020-11-17 08:00:02] Credit Warning SMS Yellow Zone log.INFO: Sending credit warning SMS to customer 10Emerald [] []
[2020-11-17 08:00:02] Credit Warning SMS Yellow Zone log.INFO: Credit warning SMS sent to customer 10Emerald [] []
[2020-11-17 08:00:02] Credit Warning SMS Yellow Zone log.INFO: Sending credit warning SMS to customer 46Emerald [] []
[2020-11-17 08:00:02] Credit Warning SMS Yellow Zone log.INFO: Credit warning SMS sent to customer 46Emerald [] []
[2020-11-17 08:00:02] Credit Warning SMS Yellow Zone log.INFO: Sending credit warning SMS to customer 16neptune [] []
[2020-11-17 08:00:02] Credit Warning SMS Yellow Zone log.INFO: Credit warning SMS sent to customer 16neptune [] []
[2020-11-17 08:00:02] Credit Warning SMS Yellow Zone log.INFO: Sending credit warning SMS to customer 10neptune [] []
[2020-11-17 08:00:02] Credit Warning SMS Yellow Zone log.INFO: Credit warning SMS sent to customer 10neptune [] []
[2020-11-17 08:00:02] Credit Warning SMS Yellow Zone log.INFO: Sending credit warning SMS to customer 177neptune [] []
[2020-11-17 08:00:02] Credit Warning SMS Yellow Zone log.INFO: Credit warning SMS sent to customer 177neptune [] []
[2020-11-17 08:00:02] Credit Warning SMS Yellow Zone log.INFO: Sending credit warning SMS to customer 99Neptune [] []
[2020-11-17 08:00:02] Credit Warning SMS Yellow Zone log.INFO: Credit warning SMS sent to customer 99Neptune [] []
[2020-11-17 08:00:02] Credit Warning SMS Yellow Zone log.INFO: Sending credit warning SMS to customer 123Neptune [] []
[2020-11-17 08:00:02] Credit Warning SMS Yellow Zone log.INFO: Credit warning SMS sent to customer 123Neptune [] []
[2020-11-17 08:00:02] Credit Warning SMS Yellow Zone log.INFO: Sending credit warning SMS to customer 7neptune [] []
[2020-11-17 08:00:02] Credit Warning SMS Yellow Zone log.INFO: Credit warning SMS sent to customer 7neptune [] []
[2020-11-17 08:00:02] Credit Warning SMS Yellow Zone log.INFO: Sending credit warning SMS to customer 111Neptune [] []
[2020-11-17 08:00:02] Credit Warning SMS Yellow Zone log.INFO: Credit warning SMS sent to customer 111Neptune [] []
[2020-11-17 08:00:02] Credit Warning SMS Yellow Zone log.INFO: Sending credit warning SMS to customer 23neptune [] []
[2020-11-17 08:00:02] Credit Warning SMS Yellow Zone log.INFO: Credit warning SMS sent to customer 23neptune [] []
[2020-11-17 08:00:02] Credit Warning SMS Yellow Zone log.INFO: Sending credit warning SMS to customer 2neptune [] []
[2020-11-17 08:00:02] Credit Warning SMS Yellow Zone log.INFO: Credit warning SMS sent to customer 2neptune [] []
[2020-11-17 08:00:02] Credit Warning SMS Yellow Zone log.INFO: Sending credit warning SMS to customer 173neptune [] []
[2020-11-17 08:00:02] Credit Warning SMS Yellow Zone log.INFO: Credit warning SMS sent to customer 173neptune [] []
[2020-11-17 08:00:02] Credit Warning SMS Yellow Zone log.INFO: Sending credit warning SMS to customer 3Abbott [] []
[2020-11-17 08:00:02] Credit Warning SMS Yellow Zone log.INFO: Credit warning SMS sent to customer 3Abbott [] []
[2020-11-17 08:00:02] Credit Warning SMS Yellow Zone log.INFO: Sending credit warning SMS to customer 10Abbott [] []
[2020-11-17 08:00:02] Credit Warning SMS Yellow Zone log.INFO: Credit warning SMS sent to customer 10Abbott [] []
[2020-11-17 08:00:02] Credit Warning SMS Yellow Zone log.INFO: Sending credit warning SMS to customer 28Abbott [] []
[2020-11-17 08:00:02] Credit Warning SMS Yellow Zone log.INFO: Credit warning SMS sent to customer 28Abbott [] []
[2020-11-17 08:00:02] Credit Warning SMS Yellow Zone log.INFO: Sending credit warning SMS to customer 31Abbott [] []
[2020-11-17 08:00:02] Credit Warning SMS Yellow Zone log.INFO: Credit warning SMS sent to customer 31Abbott [] []
[2020-11-17 08:00:02] Credit Warning SMS Yellow Zone log.INFO: Sending credit warning SMS to customer 64Abbott [] []
[2020-11-17 08:00:02] Credit Warning SMS Yellow Zone log.INFO: Credit warning SMS sent to customer 64Abbott [] []
[2020-11-17 08:00:02] Credit Warning SMS Yellow Zone log.INFO: Sending credit warning SMS to customer 68Abbott [] []
[2020-11-17 08:00:02] Credit Warning SMS Yellow Zone log.INFO: Credit warning SMS sent to customer 68Abbott [] []
[2020-11-17 08:00:02] Credit Warning SMS Yellow Zone log.INFO: Sending credit warning SMS to customer 77Abbott [] []
[2020-11-17 08:00:03] Credit Warning SMS Yellow Zone log.INFO: Credit warning SMS sent to customer 77Abbott [] []
[2020-11-17 08:00:03] Credit Warning SMS Yellow Zone log.INFO: Sending credit warning SMS to customer 87Abbott [] []
[2020-11-17 08:00:03] Credit Warning SMS Yellow Zone log.INFO: Credit warning SMS sent to customer 87Abbott [] []
[2020-11-17 08:00:03] Credit Warning SMS Yellow Zone log.INFO: Sending credit warning SMS to customer 89Abbott [] []
[2020-11-17 08:00:03] Credit Warning SMS Yellow Zone log.INFO: Credit warning SMS sent to customer 89Abbott [] []
[2020-11-17 08:00:03] Credit Warning SMS Yellow Zone log.INFO: Sending credit warning SMS to customer 82Abbott [] []
[2020-11-17 08:00:03] Credit Warning SMS Yellow Zone log.INFO: Credit warning SMS sent to customer 82Abbott [] []
[2020-11-17 08:00:03] Credit Warning SMS Yellow Zone log.INFO: Sending credit warning SMS to customer 105Abbott [] []
[2020-11-17 08:00:03] Credit Warning SMS Yellow Zone log.INFO: Credit warning SMS sent to customer 105Abbott [] []
[2020-11-17 08:00:03] Credit Warning SMS Yellow Zone log.INFO: Sending credit warning SMS to customer 98Abbott [] []
[2020-11-17 08:00:03] Credit Warning SMS Yellow Zone log.INFO: Credit warning SMS sent to customer 98Abbott [] []
[2020-11-17 08:00:03] Credit Warning SMS Yellow Zone log.INFO: Sending credit warning SMS to customer 95Abbott [] []
[2020-11-17 08:00:03] Credit Warning SMS Yellow Zone log.INFO: Credit warning SMS sent to customer 95Abbott [] []
[2020-11-17 08:00:03] Credit Warning SMS Yellow Zone log.INFO: Sending credit warning SMS to customer 161abbott [] []
[2020-11-17 08:00:03] Credit Warning SMS Yellow Zone log.INFO: Credit warning SMS sent to customer 161abbott [] []
[2020-11-17 08:00:03] Credit Warning SMS Yellow Zone log.INFO: Sending credit warning SMS to customer 184abbott [] []
[2020-11-17 08:00:03] Credit Warning SMS Yellow Zone log.INFO: Credit warning SMS sent to customer 184abbott [] []
[2020-11-17 08:00:03] Credit Warning SMS Yellow Zone log.INFO: Sending credit warning SMS to customer 155abbott [] []
[2020-11-17 08:00:03] Credit Warning SMS Yellow Zone log.INFO: Credit warning SMS sent to customer 155abbott [] []
[2020-11-17 08:00:03] Credit Warning SMS Yellow Zone log.INFO: Sending credit warning SMS to customer 151abbott [] []
[2020-11-17 08:00:03] Credit Warning SMS Yellow Zone log.INFO: Credit warning SMS sent to customer 151abbott [] []
[2020-11-17 08:00:03] Credit Warning SMS Yellow Zone log.INFO: Sending credit warning SMS to customer 127abbott [] []
[2020-11-17 08:00:03] Credit Warning SMS Yellow Zone log.INFO: Credit warning SMS sent to customer 127abbott [] []
[2020-11-17 08:00:03] Credit Warning SMS Yellow Zone log.INFO: Sending credit warning SMS to customer 183abbott [] []
[2020-11-17 08:00:03] Credit Warning SMS Yellow Zone log.INFO: Credit warning SMS sent to customer 183abbott [] []
[2020-11-17 08:00:03] Credit Warning SMS Yellow Zone log.INFO: Sending credit warning SMS to customer 70eustace [] []
[2020-11-17 08:00:03] Credit Warning SMS Yellow Zone log.INFO: Credit warning SMS sent to customer 70eustace [] []
[2020-11-17 08:00:03] Credit Warning SMS Yellow Zone log.INFO: Sending credit warning SMS to customer 67eustace [] []
[2020-11-17 08:00:03] Credit Warning SMS Yellow Zone log.INFO: Credit warning SMS sent to customer 67eustace [] []
[2020-11-17 08:00:03] Credit Warning SMS Yellow Zone log.INFO: Sending credit warning SMS to customer 131leona [] []
[2020-11-17 08:00:03] Credit Warning SMS Yellow Zone log.INFO: Credit warning SMS sent to customer 131leona [] []
[2020-11-17 08:00:03] Credit Warning SMS Yellow Zone log.INFO: Sending credit warning SMS to customer 103leona [] []
[2020-11-17 08:00:03] Credit Warning SMS Yellow Zone log.INFO: Credit warning SMS sent to customer 103leona [] []
[2020-11-17 08:00:03] Credit Warning SMS Yellow Zone log.INFO: Sending credit warning SMS to customer 39leona [] []
[2020-11-17 08:00:03] Credit Warning SMS Yellow Zone log.INFO: Credit warning SMS sent to customer 39leona [] []
[2020-11-17 08:00:03] Credit Warning SMS Yellow Zone log.INFO: Sending credit warning SMS to customer 71leona [] []
[2020-11-17 08:00:03] Credit Warning SMS Yellow Zone log.INFO: Credit warning SMS sent to customer 71leona [] []
[2020-11-17 08:00:03] Credit Warning SMS Yellow Zone log.INFO: Sending credit warning SMS to customer 138charlotte [] []
[2020-11-17 08:00:03] Credit Warning SMS Yellow Zone log.INFO: Credit warning SMS sent to customer 138charlotte [] []
[2020-11-17 08:00:03] Credit Warning SMS Yellow Zone log.INFO: Sending credit warning SMS to customer 80charlotte [] []
[2020-11-17 08:00:03] Credit Warning SMS Yellow Zone log.INFO: Credit warning SMS sent to customer 80charlotte [] []
[2020-11-17 08:00:03] Credit Warning SMS Yellow Zone log.INFO: Sending credit warning SMS to customer 140charlotte [] []
[2020-11-17 08:00:03] Credit Warning SMS Yellow Zone log.INFO: Credit warning SMS sent to customer 140charlotte [] []
[2020-11-17 08:00:03] Credit Warning SMS Yellow Zone log.INFO: Sending credit warning SMS to customer 38charlotte [] []
[2020-11-17 08:00:03] Credit Warning SMS Yellow Zone log.INFO: Credit warning SMS sent to customer 38charlotte [] []
[2020-11-17 08:00:03] Credit Warning SMS Yellow Zone log.INFO: Sending credit warning SMS to customer 157charlotte [] []
[2020-11-17 08:00:03] Credit Warning SMS Yellow Zone log.INFO: Credit warning SMS sent to customer 157charlotte [] []
[2020-11-17 08:00:03] Credit Warning SMS Yellow Zone log.INFO: Sending credit warning SMS to customer 20bridgefield [] []
[2020-11-17 08:00:03] Credit Warning SMS Yellow Zone log.INFO: Credit warning SMS sent to customer 20bridgefield [] []
[2020-11-17 08:00:03] Credit Warning SMS Yellow Zone log.INFO: Sending credit warning SMS to customer 33bridgefield [] []
[2020-11-17 08:00:03] Credit Warning SMS Yellow Zone log.INFO: Credit warning SMS sent to customer 33bridgefield [] []
[2020-11-17 08:00:03] Credit Warning SMS Yellow Zone log.INFO: Sending credit warning SMS to customer 56bridgefield [] []
[2020-11-17 08:00:03] Credit Warning SMS Yellow Zone log.INFO: Credit warning SMS sent to customer 56bridgefield [] []
[2020-11-17 08:00:03] Credit Warning SMS Yellow Zone log.INFO: Sending credit warning SMS to customer 104bridgefield [] []
[2020-11-17 08:00:04] Credit Warning SMS Yellow Zone log.INFO: Credit warning SMS sent to customer 104bridgefield [] []
[2020-11-17 08:00:04] Credit Warning SMS Yellow Zone log.INFO: Sending credit warning SMS to customer 197bridgefield [] []
[2020-11-17 08:00:04] Credit Warning SMS Yellow Zone log.INFO: Credit warning SMS sent to customer 197bridgefield [] []
[2020-11-17 08:00:04] Credit Warning SMS Yellow Zone log.INFO: Sending credit warning SMS to customer 170bridgefield [] []
[2020-11-17 08:00:04] Credit Warning SMS Yellow Zone log.INFO: Credit warning SMS sent to customer 170bridgefield [] []
[2020-11-17 08:00:04] Credit Warning SMS Yellow Zone log.INFO: Sending credit warning SMS to customer 126bridgefield [] []
[2020-11-17 08:00:04] Credit Warning SMS Yellow Zone log.INFO: Credit warning SMS sent to customer 126bridgefield [] []
[2020-11-17 08:00:04] Credit Warning SMS Yellow Zone log.INFO: Sending credit warning SMS to customer 107bridgefield [] []
[2020-11-17 08:00:04] Credit Warning SMS Yellow Zone log.INFO: Credit warning SMS sent to customer 107bridgefield [] []
[2020-11-17 08:00:04] Credit Warning SMS Yellow Zone log.INFO: Sending credit warning SMS to customer 109bridgefield [] []
[2020-11-17 08:00:04] Credit Warning SMS Yellow Zone log.INFO: Credit warning SMS sent to customer 109bridgefield [] []
[2020-11-17 08:00:04] Credit Warning SMS Yellow Zone log.INFO: Sending credit warning SMS to customer 108bridgefield [] []
[2020-11-17 08:00:04] Credit Warning SMS Yellow Zone log.INFO: Credit warning SMS sent to customer 108bridgefield [] []
[2020-11-17 08:00:04] Credit Warning SMS Yellow Zone log.INFO: Sending credit warning SMS to customer 5bridgefield [] []
[2020-11-17 08:00:04] Credit Warning SMS Yellow Zone log.INFO: Credit warning SMS sent to customer 5bridgefield [] []
[2020-11-17 08:00:04] Credit Warning SMS Yellow Zone log.INFO: Sending credit warning SMS to customer 195bridgefield [] []
[2020-11-17 08:00:04] Credit Warning SMS Yellow Zone log.INFO: Credit warning SMS sent to customer 195bridgefield [] []
[2020-11-17 08:00:04] Credit Warning SMS Yellow Zone log.INFO: Sending credit warning SMS to customer 4pappan [] []
[2020-11-17 08:00:04] Credit Warning SMS Yellow Zone log.INFO: Credit warning SMS sent to customer 4pappan [] []
[2020-11-17 08:00:04] Credit Warning SMS Yellow Zone log.INFO: Sending credit warning SMS to customer 69fairways [] []
[2020-11-17 08:00:04] Credit Warning SMS Yellow Zone log.INFO: Credit warning SMS sent to customer 69fairways [] []
[2020-11-17 08:00:04] Credit Warning SMS Yellow Zone log.INFO: Sending credit warning SMS to customer 103fairways [] []
[2020-11-17 08:00:04] Credit Warning SMS Yellow Zone log.INFO: Credit warning SMS sent to customer 103fairways [] []
[2020-11-17 08:00:04] Credit Warning SMS Yellow Zone log.INFO: Sending credit warning SMS to customer 149fairways [] []
[2020-11-17 08:00:04] Credit Warning SMS Yellow Zone log.INFO: Credit warning SMS sent to customer 149fairways [] []
[2020-11-17 08:00:04] Credit Warning SMS Yellow Zone log.INFO: Sending credit warning SMS to customer 154fairways [] []
[2020-11-17 08:00:04] Credit Warning SMS Yellow Zone log.INFO: Credit warning SMS sent to customer 154fairways [] []
[2020-11-17 08:00:04] Credit Warning SMS Yellow Zone log.INFO: Sending credit warning SMS to customer 76fairways [] []
[2020-11-17 08:00:04] Credit Warning SMS Yellow Zone log.INFO: Credit warning SMS sent to customer 76fairways [] []
[2020-11-17 08:00:04] Credit Warning SMS Yellow Zone log.INFO: Sending credit warning SMS to customer 28fairways [] []
[2020-11-17 08:00:04] Credit Warning SMS Yellow Zone log.INFO: Credit warning SMS sent to customer 28fairways [] []
[2020-11-17 08:00:04] Credit Warning SMS Yellow Zone log.INFO: Sending credit warning SMS to customer 45fairways [] []
[2020-11-17 08:00:04] Credit Warning SMS Yellow Zone log.INFO: Credit warning SMS sent to customer 45fairways [] []
[2020-11-17 08:00:04] Credit Warning SMS Yellow Zone log.INFO: Sending credit warning SMS to customer 47fairways [] []
[2020-11-17 08:00:04] Credit Warning SMS Yellow Zone log.INFO: Credit warning SMS sent to customer 47fairways [] []
[2020-11-17 08:00:04] Credit Warning SMS Yellow Zone log.INFO: Sending credit warning SMS to customer h10fairways [] []
[2020-11-17 08:00:04] Credit Warning SMS Yellow Zone log.INFO: Credit warning SMS sent to customer h10fairways [] []
[2020-11-17 08:00:04] Credit Warning SMS Yellow Zone log.INFO: Sending credit warning SMS to customer h44fairways [] []
[2020-11-17 08:00:04] Credit Warning SMS Yellow Zone log.INFO: Credit warning SMS sent to customer h44fairways [] []
[2020-11-17 08:00:04] Credit Warning SMS Yellow Zone log.INFO: Sending credit warning SMS to customer 95fairways [] []
[2020-11-17 08:00:04] Credit Warning SMS Yellow Zone log.INFO: Credit warning SMS sent to customer 95fairways [] []
[2020-11-17 08:00:04] Credit Warning SMS Yellow Zone log.INFO: Sending credit warning SMS to customer 84fairways [] []
[2020-11-17 08:00:04] Credit Warning SMS Yellow Zone log.INFO: Credit warning SMS sent to customer 84fairways [] []
[2020-11-17 08:00:04] Credit Warning SMS Yellow Zone log.INFO: Sending credit warning SMS to customer 73herberthill [] []
[2020-11-17 08:00:04] Credit Warning SMS Yellow Zone log.INFO: Credit warning SMS sent to customer 73herberthill [] []
[2020-11-17 08:00:04] Credit Warning SMS Yellow Zone log.INFO: Sending credit warning SMS to customer 60herberthill [] []
[2020-11-17 08:00:05] Credit Warning SMS Yellow Zone log.INFO: Credit warning SMS sent to customer 60herberthill [] []
[2020-11-17 08:00:05] Credit Warning SMS Yellow Zone log.INFO: Sending credit warning SMS to customer 27herberthill [] []
[2020-11-17 08:00:05] Credit Warning SMS Yellow Zone log.INFO: Credit warning SMS sent to customer 27herberthill [] []
[2020-11-17 08:00:05] Credit Warning SMS Yellow Zone log.INFO: Sending credit warning SMS to customer 79herberthill [] []
[2020-11-17 08:00:05] Credit Warning SMS Yellow Zone log.INFO: Credit warning SMS sent to customer 79herberthill [] []
[2020-11-17 08:00:05] Credit Warning SMS Yellow Zone log.INFO: Sending credit warning SMS to customer 61herberthill [] []
[2020-11-17 08:00:05] Credit Warning SMS Yellow Zone log.INFO: Credit warning SMS sent to customer 61herberthill [] []
[2020-11-17 08:00:05] Credit Warning SMS Yellow Zone log.INFO: Sending credit warning SMS to customer 9marina [] []
[2020-11-17 08:00:05] Credit Warning SMS Yellow Zone log.INFO: Credit warning SMS sent to customer 9marina [] []
[2020-11-17 08:00:05] Credit Warning SMS Yellow Zone log.INFO: Sending credit warning SMS to customer 91bracken [] []
[2020-11-17 08:00:05] Credit Warning SMS Yellow Zone log.INFO: Credit warning SMS sent to customer 91bracken [] []
[2020-11-17 08:00:05] Credit Warning SMS Yellow Zone log.INFO: Sending credit warning SMS to customer 35marina [] []
[2020-11-17 08:00:05] Credit Warning SMS Yellow Zone log.INFO: Credit warning SMS sent to customer 35marina [] []
[2020-11-17 08:00:05] Credit Warning SMS Yellow Zone log.INFO: Sent Credit warning SMS to 78 customers! [] []
