[2020-08-17 08:00:02] Credit Warning SMS Yellow Zone log.INFO: Sending credit warning SMS to customer 22brackenview [] []
[2020-08-17 08:00:02] Credit Warning SMS Yellow Zone log.INFO: Credit warning SMS sent to customer 22brackenview [] []
[2020-08-17 08:00:02] Credit Warning SMS Yellow Zone log.INFO: Sending credit warning SMS to customer 4sundayswell [] []
[2020-08-17 08:00:02] Credit Warning SMS Yellow Zone log.INFO: Credit warning SMS sent to customer 4sundayswell [] []
[2020-08-17 08:00:02] Credit Warning SMS Yellow Zone log.INFO: Sending credit warning SMS to customer 51Emerald [] []
[2020-08-17 08:00:02] Credit Warning SMS Yellow Zone log.INFO: Credit warning SMS sent to customer 51Emerald [] []
[2020-08-17 08:00:02] Credit Warning SMS Yellow Zone log.INFO: Sending credit warning SMS to customer 13Emerald [] []
[2020-08-17 08:00:02] Credit Warning SMS Yellow Zone log.INFO: Credit warning SMS sent to customer 13Emerald [] []
[2020-08-17 08:00:02] Credit Warning SMS Yellow Zone log.INFO: Sending credit warning SMS to customer 7Emerald [] []
[2020-08-17 08:00:02] Credit Warning SMS Yellow Zone log.INFO: Credit warning SMS sent to customer 7Emerald [] []
[2020-08-17 08:00:02] Credit Warning SMS Yellow Zone log.INFO: Sending credit warning SMS to customer 157Neptune [] []
[2020-08-17 08:00:02] Credit Warning SMS Yellow Zone log.INFO: Credit warning SMS sent to customer 157Neptune [] []
[2020-08-17 08:00:02] Credit Warning SMS Yellow Zone log.INFO: Sending credit warning SMS to customer 69Neptune [] []
[2020-08-17 08:00:02] Credit Warning SMS Yellow Zone log.INFO: Credit warning SMS sent to customer 69Neptune [] []
[2020-08-17 08:00:02] Credit Warning SMS Yellow Zone log.INFO: Sending credit warning SMS to customer 108Neptune [] []
[2020-08-17 08:00:02] Credit Warning SMS Yellow Zone log.INFO: Credit warning SMS sent to customer 108Neptune [] []
[2020-08-17 08:00:02] Credit Warning SMS Yellow Zone log.INFO: Sending credit warning SMS to customer 39neptune [] []
[2020-08-17 08:00:02] Credit Warning SMS Yellow Zone log.INFO: Credit warning SMS sent to customer 39neptune [] []
[2020-08-17 08:00:02] Credit Warning SMS Yellow Zone log.INFO: Sending credit warning SMS to customer 131Neptune [] []
[2020-08-17 08:00:02] Credit Warning SMS Yellow Zone log.INFO: Credit warning SMS sent to customer 131Neptune [] []
[2020-08-17 08:00:02] Credit Warning SMS Yellow Zone log.INFO: Sending credit warning SMS to customer 165neptune [] []
[2020-08-17 08:00:02] Credit Warning SMS Yellow Zone log.INFO: Credit warning SMS sent to customer 165neptune [] []
[2020-08-17 08:00:02] Credit Warning SMS Yellow Zone log.INFO: Sending credit warning SMS to customer 9neptune [] []
[2020-08-17 08:00:02] Credit Warning SMS Yellow Zone log.INFO: Credit warning SMS sent to customer 9neptune [] []
[2020-08-17 08:00:02] Credit Warning SMS Yellow Zone log.INFO: Sending credit warning SMS to customer 13neptune [] []
[2020-08-17 08:00:02] Credit Warning SMS Yellow Zone log.INFO: Credit warning SMS sent to customer 13neptune [] []
[2020-08-17 08:00:02] Credit Warning SMS Yellow Zone log.INFO: Sending credit warning SMS to customer 38neptune [] []
[2020-08-17 08:00:02] Credit Warning SMS Yellow Zone log.INFO: Credit warning SMS sent to customer 38neptune [] []
[2020-08-17 08:00:02] Credit Warning SMS Yellow Zone log.INFO: Sending credit warning SMS to customer 1Abbott [] []
[2020-08-17 08:00:02] Credit Warning SMS Yellow Zone log.INFO: Credit warning SMS sent to customer 1Abbott [] []
[2020-08-17 08:00:02] Credit Warning SMS Yellow Zone log.INFO: Sending credit warning SMS to customer 3Abbott [] []
[2020-08-17 08:00:02] Credit Warning SMS Yellow Zone log.INFO: Credit warning SMS sent to customer 3Abbott [] []
[2020-08-17 08:00:02] Credit Warning SMS Yellow Zone log.INFO: Sending credit warning SMS to customer 10Abbott [] []
[2020-08-17 08:00:02] Credit Warning SMS Yellow Zone log.INFO: Credit warning SMS sent to customer 10Abbott [] []
[2020-08-17 08:00:02] Credit Warning SMS Yellow Zone log.INFO: Sending credit warning SMS to customer 15Abbott [] []
[2020-08-17 08:00:02] Credit Warning SMS Yellow Zone log.INFO: Credit warning SMS sent to customer 15Abbott [] []
[2020-08-17 08:00:02] Credit Warning SMS Yellow Zone log.INFO: Sending credit warning SMS to customer 21Abbott [] []
[2020-08-17 08:00:02] Credit Warning SMS Yellow Zone log.INFO: Credit warning SMS sent to customer 21Abbott [] []
[2020-08-17 08:00:02] Credit Warning SMS Yellow Zone log.INFO: Sending credit warning SMS to customer 37Abbott [] []
[2020-08-17 08:00:02] Credit Warning SMS Yellow Zone log.INFO: Credit warning SMS sent to customer 37Abbott [] []
[2020-08-17 08:00:02] Credit Warning SMS Yellow Zone log.INFO: Sending credit warning SMS to customer 45Abbott [] []
[2020-08-17 08:00:02] Credit Warning SMS Yellow Zone log.INFO: Credit warning SMS sent to customer 45Abbott [] []
[2020-08-17 08:00:02] Credit Warning SMS Yellow Zone log.INFO: Sending credit warning SMS to customer 74Abbott [] []
[2020-08-17 08:00:02] Credit Warning SMS Yellow Zone log.INFO: Credit warning SMS sent to customer 74Abbott [] []
[2020-08-17 08:00:02] Credit Warning SMS Yellow Zone log.INFO: Sending credit warning SMS to customer 59Abbott [] []
[2020-08-17 08:00:03] Credit Warning SMS Yellow Zone log.INFO: Credit warning SMS sent to customer 59Abbott [] []
[2020-08-17 08:00:03] Credit Warning SMS Yellow Zone log.INFO: Sending credit warning SMS to customer 90Abbott [] []
[2020-08-17 08:00:03] Credit Warning SMS Yellow Zone log.INFO: Credit warning SMS sent to customer 90Abbott [] []
[2020-08-17 08:00:03] Credit Warning SMS Yellow Zone log.INFO: Sending credit warning SMS to customer 61Abbott [] []
[2020-08-17 08:00:03] Credit Warning SMS Yellow Zone log.INFO: Credit warning SMS sent to customer 61Abbott [] []
[2020-08-17 08:00:03] Credit Warning SMS Yellow Zone log.INFO: Sending credit warning SMS to customer 111Abbott [] []
[2020-08-17 08:00:03] Credit Warning SMS Yellow Zone log.INFO: Credit warning SMS sent to customer 111Abbott [] []
[2020-08-17 08:00:03] Credit Warning SMS Yellow Zone log.INFO: Sending credit warning SMS to customer 119Abbott [] []
[2020-08-17 08:00:03] Credit Warning SMS Yellow Zone log.INFO: Credit warning SMS sent to customer 119Abbott [] []
[2020-08-17 08:00:03] Credit Warning SMS Yellow Zone log.INFO: Sending credit warning SMS to customer 98Abbott [] []
[2020-08-17 08:00:03] Credit Warning SMS Yellow Zone log.INFO: Credit warning SMS sent to customer 98Abbott [] []
[2020-08-17 08:00:03] Credit Warning SMS Yellow Zone log.INFO: Sending credit warning SMS to customer 96Abbott [] []
[2020-08-17 08:00:03] Credit Warning SMS Yellow Zone log.INFO: Credit warning SMS sent to customer 96Abbott [] []
[2020-08-17 08:00:03] Credit Warning SMS Yellow Zone log.INFO: Sending credit warning SMS to customer 4GreenBank [] []
[2020-08-17 08:00:03] Credit Warning SMS Yellow Zone log.INFO: Credit warning SMS sent to customer 4GreenBank [] []
[2020-08-17 08:00:03] Credit Warning SMS Yellow Zone log.INFO: Sending credit warning SMS to customer 129abbott [] []
[2020-08-17 08:00:03] Credit Warning SMS Yellow Zone log.INFO: Credit warning SMS sent to customer 129abbott [] []
[2020-08-17 08:00:03] Credit Warning SMS Yellow Zone log.INFO: Sending credit warning SMS to customer 187abbott [] []
[2020-08-17 08:00:03] Credit Warning SMS Yellow Zone log.INFO: Credit warning SMS sent to customer 187abbott [] []
[2020-08-17 08:00:03] Credit Warning SMS Yellow Zone log.INFO: Sending credit warning SMS to customer 131abbott [] []
[2020-08-17 08:00:03] Credit Warning SMS Yellow Zone log.INFO: Credit warning SMS sent to customer 131abbott [] []
[2020-08-17 08:00:03] Credit Warning SMS Yellow Zone log.INFO: Sending credit warning SMS to customer 36eustace [] []
[2020-08-17 08:00:03] Credit Warning SMS Yellow Zone log.INFO: Credit warning SMS sent to customer 36eustace [] []
[2020-08-17 08:00:03] Credit Warning SMS Yellow Zone log.INFO: Sending credit warning SMS to customer 17eustace [] []
[2020-08-17 08:00:03] Credit Warning SMS Yellow Zone log.INFO: Credit warning SMS sent to customer 17eustace [] []
[2020-08-17 08:00:03] Credit Warning SMS Yellow Zone log.INFO: Sending credit warning SMS to customer 61eustace [] []
[2020-08-17 08:00:03] Credit Warning SMS Yellow Zone log.INFO: Credit warning SMS sent to customer 61eustace [] []
[2020-08-17 08:00:03] Credit Warning SMS Yellow Zone log.INFO: Sending credit warning SMS to customer 137leona [] []
[2020-08-17 08:00:03] Credit Warning SMS Yellow Zone log.INFO: Credit warning SMS sent to customer 137leona [] []
[2020-08-17 08:00:03] Credit Warning SMS Yellow Zone log.INFO: Sending credit warning SMS to customer 27leona [] []
[2020-08-17 08:00:03] Credit Warning SMS Yellow Zone log.INFO: Credit warning SMS sent to customer 27leona [] []
[2020-08-17 08:00:03] Credit Warning SMS Yellow Zone log.INFO: Sending credit warning SMS to customer 135leona [] []
[2020-08-17 08:00:03] Credit Warning SMS Yellow Zone log.INFO: Credit warning SMS sent to customer 135leona [] []
[2020-08-17 08:00:03] Credit Warning SMS Yellow Zone log.INFO: Sending credit warning SMS to customer 35leona [] []
[2020-08-17 08:00:03] Credit Warning SMS Yellow Zone log.INFO: Credit warning SMS sent to customer 35leona [] []
[2020-08-17 08:00:03] Credit Warning SMS Yellow Zone log.INFO: Sending credit warning SMS to customer 74leona [] []
[2020-08-17 08:00:03] Credit Warning SMS Yellow Zone log.INFO: Credit warning SMS sent to customer 74leona [] []
[2020-08-17 08:00:03] Credit Warning SMS Yellow Zone log.INFO: Sending credit warning SMS to customer 99leona [] []
[2020-08-17 08:00:03] Credit Warning SMS Yellow Zone log.INFO: Credit warning SMS sent to customer 99leona [] []
[2020-08-17 08:00:03] Credit Warning SMS Yellow Zone log.INFO: Sending credit warning SMS to customer 144leona [] []
[2020-08-17 08:00:03] Credit Warning SMS Yellow Zone log.INFO: Credit warning SMS sent to customer 144leona [] []
[2020-08-17 08:00:03] Credit Warning SMS Yellow Zone log.INFO: Sending credit warning SMS to customer 103charlotte [] []
[2020-08-17 08:00:03] Credit Warning SMS Yellow Zone log.INFO: Credit warning SMS sent to customer 103charlotte [] []
[2020-08-17 08:00:03] Credit Warning SMS Yellow Zone log.INFO: Sending credit warning SMS to customer 42charlotte [] []
[2020-08-17 08:00:03] Credit Warning SMS Yellow Zone log.INFO: Credit warning SMS sent to customer 42charlotte [] []
[2020-08-17 08:00:03] Credit Warning SMS Yellow Zone log.INFO: Sending credit warning SMS to customer 82charlotte [] []
[2020-08-17 08:00:03] Credit Warning SMS Yellow Zone log.INFO: Credit warning SMS sent to customer 82charlotte [] []
[2020-08-17 08:00:03] Credit Warning SMS Yellow Zone log.INFO: Sending credit warning SMS to customer 92charlotte [] []
[2020-08-17 08:00:03] Credit Warning SMS Yellow Zone log.INFO: Credit warning SMS sent to customer 92charlotte [] []
[2020-08-17 08:00:03] Credit Warning SMS Yellow Zone log.INFO: Sending credit warning SMS to customer 38charlotte [] []
[2020-08-17 08:00:04] Credit Warning SMS Yellow Zone log.INFO: Credit warning SMS sent to customer 38charlotte [] []
[2020-08-17 08:00:04] Credit Warning SMS Yellow Zone log.INFO: Sending credit warning SMS to customer 6bridgefield [] []
[2020-08-17 08:00:04] Credit Warning SMS Yellow Zone log.INFO: Credit warning SMS sent to customer 6bridgefield [] []
[2020-08-17 08:00:04] Credit Warning SMS Yellow Zone log.INFO: Sending credit warning SMS to customer 18bridgefield [] []
[2020-08-17 08:00:04] Credit Warning SMS Yellow Zone log.INFO: Credit warning SMS sent to customer 18bridgefield [] []
[2020-08-17 08:00:04] Credit Warning SMS Yellow Zone log.INFO: Sending credit warning SMS to customer 17bridgefield [] []
[2020-08-17 08:00:04] Credit Warning SMS Yellow Zone log.INFO: Credit warning SMS sent to customer 17bridgefield [] []
[2020-08-17 08:00:04] Credit Warning SMS Yellow Zone log.INFO: Sending credit warning SMS to customer 41bridgefield [] []
[2020-08-17 08:00:04] Credit Warning SMS Yellow Zone log.INFO: Credit warning SMS sent to customer 41bridgefield [] []
[2020-08-17 08:00:04] Credit Warning SMS Yellow Zone log.INFO: Sending credit warning SMS to customer 185bridgefield [] []
[2020-08-17 08:00:04] Credit Warning SMS Yellow Zone log.INFO: Credit warning SMS sent to customer 185bridgefield [] []
[2020-08-17 08:00:04] Credit Warning SMS Yellow Zone log.INFO: Sending credit warning SMS to customer 196bridgefield [] []
[2020-08-17 08:00:04] Credit Warning SMS Yellow Zone log.INFO: Credit warning SMS sent to customer 196bridgefield [] []
[2020-08-17 08:00:04] Credit Warning SMS Yellow Zone log.INFO: Sending credit warning SMS to customer 28bridgefield [] []
[2020-08-17 08:00:04] Credit Warning SMS Yellow Zone log.INFO: Credit warning SMS sent to customer 28bridgefield [] []
[2020-08-17 08:00:04] Credit Warning SMS Yellow Zone log.INFO: Sending credit warning SMS to customer 23pappan [] []
[2020-08-17 08:00:04] Credit Warning SMS Yellow Zone log.INFO: Credit warning SMS sent to customer 23pappan [] []
[2020-08-17 08:00:04] Credit Warning SMS Yellow Zone log.INFO: Sending credit warning SMS to customer 20pappan [] []
[2020-08-17 08:00:04] Credit Warning SMS Yellow Zone log.INFO: Credit warning SMS sent to customer 20pappan [] []
[2020-08-17 08:00:04] Credit Warning SMS Yellow Zone log.INFO: Sending credit warning SMS to customer 17pappan [] []
[2020-08-17 08:00:04] Credit Warning SMS Yellow Zone log.INFO: Credit warning SMS sent to customer 17pappan [] []
[2020-08-17 08:00:04] Credit Warning SMS Yellow Zone log.INFO: Sending credit warning SMS to customer 16pappan [] []
[2020-08-17 08:00:04] Credit Warning SMS Yellow Zone log.INFO: Credit warning SMS sent to customer 16pappan [] []
[2020-08-17 08:00:04] Credit Warning SMS Yellow Zone log.INFO: Sending credit warning SMS to customer 133fairways [] []
[2020-08-17 08:00:04] Credit Warning SMS Yellow Zone log.INFO: Credit warning SMS sent to customer 133fairways [] []
[2020-08-17 08:00:04] Credit Warning SMS Yellow Zone log.INFO: Sending credit warning SMS to customer 160fairways [] []
[2020-08-17 08:00:04] Credit Warning SMS Yellow Zone log.INFO: Credit warning SMS sent to customer 160fairways [] []
[2020-08-17 08:00:04] Credit Warning SMS Yellow Zone log.INFO: Sending credit warning SMS to customer 86fairways [] []
[2020-08-17 08:00:04] Credit Warning SMS Yellow Zone log.INFO: Credit warning SMS sent to customer 86fairways [] []
[2020-08-17 08:00:04] Credit Warning SMS Yellow Zone log.INFO: Sending credit warning SMS to customer 57fairways [] []
[2020-08-17 08:00:04] Credit Warning SMS Yellow Zone log.INFO: Credit warning SMS sent to customer 57fairways [] []
[2020-08-17 08:00:04] Credit Warning SMS Yellow Zone log.INFO: Sending credit warning SMS to customer 9fairways [] []
[2020-08-17 08:00:04] Credit Warning SMS Yellow Zone log.INFO: Credit warning SMS sent to customer 9fairways [] []
[2020-08-17 08:00:04] Credit Warning SMS Yellow Zone log.INFO: Sending credit warning SMS to customer 23fairways [] []
[2020-08-17 08:00:04] Credit Warning SMS Yellow Zone log.INFO: Credit warning SMS sent to customer 23fairways [] []
[2020-08-17 08:00:04] Credit Warning SMS Yellow Zone log.INFO: Sending credit warning SMS to customer 51fairways [] []
[2020-08-17 08:00:04] Credit Warning SMS Yellow Zone log.INFO: Credit warning SMS sent to customer 51fairways [] []
[2020-08-17 08:00:04] Credit Warning SMS Yellow Zone log.INFO: Sending credit warning SMS to customer h19fairways [] []
[2020-08-17 08:00:04] Credit Warning SMS Yellow Zone log.INFO: Credit warning SMS sent to customer h19fairways [] []
[2020-08-17 08:00:04] Credit Warning SMS Yellow Zone log.INFO: Sending credit warning SMS to customer h18fairways [] []
[2020-08-17 08:00:04] Credit Warning SMS Yellow Zone log.INFO: Credit warning SMS sent to customer h18fairways [] []
[2020-08-17 08:00:04] Credit Warning SMS Yellow Zone log.INFO: Sending credit warning SMS to customer h28fairways [] []
[2020-08-17 08:00:04] Credit Warning SMS Yellow Zone log.INFO: Credit warning SMS sent to customer h28fairways [] []
[2020-08-17 08:00:04] Credit Warning SMS Yellow Zone log.INFO: Sending credit warning SMS to customer 66fairways [] []
[2020-08-17 08:00:05] Credit Warning SMS Yellow Zone log.INFO: Credit warning SMS sent to customer 66fairways [] []
[2020-08-17 08:00:05] Credit Warning SMS Yellow Zone log.INFO: Sending credit warning SMS to customer 4herberthill [] []
[2020-08-17 08:00:05] Credit Warning SMS Yellow Zone log.INFO: Credit warning SMS sent to customer 4herberthill [] []
[2020-08-17 08:00:05] Credit Warning SMS Yellow Zone log.INFO: Sending credit warning SMS to customer 54herberthill [] []
[2020-08-17 08:00:05] Credit Warning SMS Yellow Zone log.INFO: Credit warning SMS sent to customer 54herberthill [] []
[2020-08-17 08:00:05] Credit Warning SMS Yellow Zone log.INFO: Sending credit warning SMS to customer 63herberthill [] []
[2020-08-17 08:00:05] Credit Warning SMS Yellow Zone log.INFO: Credit warning SMS sent to customer 63herberthill [] []
[2020-08-17 08:00:05] Credit Warning SMS Yellow Zone log.INFO: Sending credit warning SMS to customer 87herberthill [] []
[2020-08-17 08:00:05] Credit Warning SMS Yellow Zone log.INFO: Credit warning SMS sent to customer 87herberthill [] []
[2020-08-17 08:00:05] Credit Warning SMS Yellow Zone log.INFO: Sending credit warning SMS to customer 6herberthill [] []
[2020-08-17 08:00:05] Credit Warning SMS Yellow Zone log.INFO: Credit warning SMS sent to customer 6herberthill [] []
[2020-08-17 08:00:05] Credit Warning SMS Yellow Zone log.INFO: Sending credit warning SMS to customer 23herberthill [] []
[2020-08-17 08:00:05] Credit Warning SMS Yellow Zone log.INFO: Credit warning SMS sent to customer 23herberthill [] []
[2020-08-17 08:00:05] Credit Warning SMS Yellow Zone log.INFO: Sending credit warning SMS to customer 36herberthill [] []
[2020-08-17 08:00:05] Credit Warning SMS Yellow Zone log.INFO: Credit warning SMS sent to customer 36herberthill [] []
[2020-08-17 08:00:05] Credit Warning SMS Yellow Zone log.INFO: Sending credit warning SMS to customer 40herberthill [] []
[2020-08-17 08:00:05] Credit Warning SMS Yellow Zone log.INFO: Credit warning SMS sent to customer 40herberthill [] []
[2020-08-17 08:00:05] Credit Warning SMS Yellow Zone log.INFO: Sending credit warning SMS to customer 33herberthill [] []
[2020-08-17 08:00:05] Credit Warning SMS Yellow Zone log.INFO: Credit warning SMS sent to customer 33herberthill [] []
[2020-08-17 08:00:05] Credit Warning SMS Yellow Zone log.INFO: Sending credit warning SMS to customer 59herberthill [] []
[2020-08-17 08:00:05] Credit Warning SMS Yellow Zone log.INFO: Credit warning SMS sent to customer 59herberthill [] []
[2020-08-17 08:00:05] Credit Warning SMS Yellow Zone log.INFO: Sending credit warning SMS to customer 46marina [] []
[2020-08-17 08:00:05] Credit Warning SMS Yellow Zone log.INFO: Credit warning SMS sent to customer 46marina [] []
[2020-08-17 08:00:05] Credit Warning SMS Yellow Zone log.INFO: Sending credit warning SMS to customer 6marina [] []
[2020-08-17 08:00:05] Credit Warning SMS Yellow Zone log.INFO: Credit warning SMS sent to customer 6marina [] []
[2020-08-17 08:00:05] Credit Warning SMS Yellow Zone log.INFO: Sending credit warning SMS to customer 22marina [] []
[2020-08-17 08:00:05] Credit Warning SMS Yellow Zone log.INFO: Credit warning SMS sent to customer 22marina [] []
[2020-08-17 08:00:05] Credit Warning SMS Yellow Zone log.INFO: Sent Credit warning SMS to 83 customers! [] []
