[2020-07-25 10:30:01] Credit Warning SMS Yellow Zone log.INFO: Sending credit warning SMS to customer 15sundayswell [] []
[2020-07-25 10:30:02] Credit Warning SMS Yellow Zone log.INFO: Credit warning SMS sent to customer 15sundayswell [] []
[2020-07-25 10:30:02] Credit Warning SMS Yellow Zone log.INFO: Sending credit warning SMS to customer 9garryknock [] []
[2020-07-25 10:30:02] Credit Warning SMS Yellow Zone log.INFO: Credit warning SMS sent to customer 9garryknock [] []
[2020-07-25 10:30:02] Credit Warning SMS Yellow Zone log.INFO: Sending credit warning SMS to customer 27garryknock [] []
[2020-07-25 10:30:02] Credit Warning SMS Yellow Zone log.INFO: Credit warning SMS sent to customer 27garryknock [] []
[2020-07-25 10:30:02] Credit Warning SMS Yellow Zone log.INFO: Sending credit warning SMS to customer 13sundayswell [] []
[2020-07-25 10:30:02] Credit Warning SMS Yellow Zone log.INFO: Credit warning SMS sent to customer 13sundayswell [] []
[2020-07-25 10:30:02] Credit Warning SMS Yellow Zone log.INFO: Sending credit warning SMS to customer 1garryknock [] []
[2020-07-25 10:30:02] Credit Warning SMS Yellow Zone log.INFO: Credit warning SMS sent to customer 1garryknock [] []
[2020-07-25 10:30:02] Credit Warning SMS Yellow Zone log.INFO: Sending credit warning SMS to customer 1Emerald [] []
[2020-07-25 10:30:02] Credit Warning SMS Yellow Zone log.INFO: Credit warning SMS sent to customer 1Emerald [] []
[2020-07-25 10:30:02] Credit Warning SMS Yellow Zone log.INFO: Sending credit warning SMS to customer 40Emerald [] []
[2020-07-25 10:30:02] Credit Warning SMS Yellow Zone log.INFO: Credit warning SMS sent to customer 40Emerald [] []
[2020-07-25 10:30:02] Credit Warning SMS Yellow Zone log.INFO: Sending credit warning SMS to customer 46Emerald [] []
[2020-07-25 10:30:02] Credit Warning SMS Yellow Zone log.INFO: Credit warning SMS sent to customer 46Emerald [] []
[2020-07-25 10:30:02] Credit Warning SMS Yellow Zone log.INFO: Sending credit warning SMS to customer 7Emerald [] []
[2020-07-25 10:30:02] Credit Warning SMS Yellow Zone log.INFO: Credit warning SMS sent to customer 7Emerald [] []
[2020-07-25 10:30:02] Credit Warning SMS Yellow Zone log.INFO: Sending credit warning SMS to customer 15neptune [] []
[2020-07-25 10:30:02] Credit Warning SMS Yellow Zone log.INFO: Credit warning SMS sent to customer 15neptune [] []
[2020-07-25 10:30:02] Credit Warning SMS Yellow Zone log.INFO: Sending credit warning SMS to customer 117Neptune [] []
[2020-07-25 10:30:02] Credit Warning SMS Yellow Zone log.INFO: Credit warning SMS sent to customer 117Neptune [] []
[2020-07-25 10:30:02] Credit Warning SMS Yellow Zone log.INFO: Sending credit warning SMS to customer 26neptune [] []
[2020-07-25 10:30:02] Credit Warning SMS Yellow Zone log.INFO: Credit warning SMS sent to customer 26neptune [] []
[2020-07-25 10:30:02] Credit Warning SMS Yellow Zone log.INFO: Sending credit warning SMS to customer 96Neptune [] []
[2020-07-25 10:30:02] Credit Warning SMS Yellow Zone log.INFO: Credit warning SMS sent to customer 96Neptune [] []
[2020-07-25 10:30:02] Credit Warning SMS Yellow Zone log.INFO: Sending credit warning SMS to customer 69Neptune [] []
[2020-07-25 10:30:02] Credit Warning SMS Yellow Zone log.INFO: Credit warning SMS sent to customer 69Neptune [] []
[2020-07-25 10:30:02] Credit Warning SMS Yellow Zone log.INFO: Sending credit warning SMS to customer 7neptune [] []
[2020-07-25 10:30:02] Credit Warning SMS Yellow Zone log.INFO: Credit warning SMS sent to customer 7neptune [] []
[2020-07-25 10:30:02] Credit Warning SMS Yellow Zone log.INFO: Sending credit warning SMS to customer 150Neptune [] []
[2020-07-25 10:30:02] Credit Warning SMS Yellow Zone log.INFO: Credit warning SMS sent to customer 150Neptune [] []
[2020-07-25 10:30:02] Credit Warning SMS Yellow Zone log.INFO: Sending credit warning SMS to customer 33neptune [] []
[2020-07-25 10:30:02] Credit Warning SMS Yellow Zone log.INFO: Credit warning SMS sent to customer 33neptune [] []
[2020-07-25 10:30:02] Credit Warning SMS Yellow Zone log.INFO: Sending credit warning SMS to customer 140Neptune [] []
[2020-07-25 10:30:02] Credit Warning SMS Yellow Zone log.INFO: Credit warning SMS sent to customer 140Neptune [] []
[2020-07-25 10:30:02] Credit Warning SMS Yellow Zone log.INFO: Sending credit warning SMS to customer 37neptune [] []
[2020-07-25 10:30:02] Credit Warning SMS Yellow Zone log.INFO: Credit warning SMS sent to customer 37neptune [] []
[2020-07-25 10:30:02] Credit Warning SMS Yellow Zone log.INFO: Sending credit warning SMS to customer 64Neptune [] []
[2020-07-25 10:30:02] Credit Warning SMS Yellow Zone log.INFO: Credit warning SMS sent to customer 64Neptune [] []
[2020-07-25 10:30:02] Credit Warning SMS Yellow Zone log.INFO: Sending credit warning SMS to customer 20neptune [] []
[2020-07-25 10:30:02] Credit Warning SMS Yellow Zone log.INFO: Credit warning SMS sent to customer 20neptune [] []
[2020-07-25 10:30:02] Credit Warning SMS Yellow Zone log.INFO: Sending credit warning SMS to customer 23neptune [] []
[2020-07-25 10:30:02] Credit Warning SMS Yellow Zone log.INFO: Credit warning SMS sent to customer 23neptune [] []
[2020-07-25 10:30:02] Credit Warning SMS Yellow Zone log.INFO: Sending credit warning SMS to customer 78Neptune [] []
[2020-07-25 10:30:03] Credit Warning SMS Yellow Zone log.INFO: Credit warning SMS sent to customer 78Neptune [] []
[2020-07-25 10:30:03] Credit Warning SMS Yellow Zone log.INFO: Sending credit warning SMS to customer 184neptune [] []
[2020-07-25 10:30:03] Credit Warning SMS Yellow Zone log.INFO: Credit warning SMS sent to customer 184neptune [] []
[2020-07-25 10:30:03] Credit Warning SMS Yellow Zone log.INFO: Sending credit warning SMS to customer 1Abbott [] []
[2020-07-25 10:30:03] Credit Warning SMS Yellow Zone log.INFO: Credit warning SMS sent to customer 1Abbott [] []
[2020-07-25 10:30:03] Credit Warning SMS Yellow Zone log.INFO: Sending credit warning SMS to customer 45Abbott [] []
[2020-07-25 10:30:03] Credit Warning SMS Yellow Zone log.INFO: Credit warning SMS sent to customer 45Abbott [] []
[2020-07-25 10:30:03] Credit Warning SMS Yellow Zone log.INFO: Sending credit warning SMS to customer 13Abbott [] []
[2020-07-25 10:30:03] Credit Warning SMS Yellow Zone log.INFO: Credit warning SMS sent to customer 13Abbott [] []
[2020-07-25 10:30:03] Credit Warning SMS Yellow Zone log.INFO: Sending credit warning SMS to customer 59Abbott [] []
[2020-07-25 10:30:03] Credit Warning SMS Yellow Zone log.INFO: Credit warning SMS sent to customer 59Abbott [] []
[2020-07-25 10:30:03] Credit Warning SMS Yellow Zone log.INFO: Sending credit warning SMS to customer 71Abbott [] []
[2020-07-25 10:30:03] Credit Warning SMS Yellow Zone log.INFO: Credit warning SMS sent to customer 71Abbott [] []
[2020-07-25 10:30:03] Credit Warning SMS Yellow Zone log.INFO: Sending credit warning SMS to customer 119Abbott [] []
[2020-07-25 10:30:03] Credit Warning SMS Yellow Zone log.INFO: Credit warning SMS sent to customer 119Abbott [] []
[2020-07-25 10:30:03] Credit Warning SMS Yellow Zone log.INFO: Sending credit warning SMS to customer 98Abbott [] []
[2020-07-25 10:30:03] Credit Warning SMS Yellow Zone log.INFO: Credit warning SMS sent to customer 98Abbott [] []
[2020-07-25 10:30:03] Credit Warning SMS Yellow Zone log.INFO: Sending credit warning SMS to customer 115Abbott [] []
[2020-07-25 10:30:03] Credit Warning SMS Yellow Zone log.INFO: Credit warning SMS sent to customer 115Abbott [] []
[2020-07-25 10:30:03] Credit Warning SMS Yellow Zone log.INFO: Sending credit warning SMS to customer 3GreenBank [] []
[2020-07-25 10:30:03] Credit Warning SMS Yellow Zone log.INFO: Credit warning SMS sent to customer 3GreenBank [] []
[2020-07-25 10:30:03] Credit Warning SMS Yellow Zone log.INFO: Sending credit warning SMS to customer 151abbott [] []
[2020-07-25 10:30:03] Credit Warning SMS Yellow Zone log.INFO: Credit warning SMS sent to customer 151abbott [] []
[2020-07-25 10:30:03] Credit Warning SMS Yellow Zone log.INFO: Sending credit warning SMS to customer 131abbott [] []
[2020-07-25 10:30:03] Credit Warning SMS Yellow Zone log.INFO: Credit warning SMS sent to customer 131abbott [] []
[2020-07-25 10:30:03] Credit Warning SMS Yellow Zone log.INFO: Sending credit warning SMS to customer 156leona [] []
[2020-07-25 10:30:03] Credit Warning SMS Yellow Zone log.INFO: Credit warning SMS sent to customer 156leona [] []
[2020-07-25 10:30:03] Credit Warning SMS Yellow Zone log.INFO: Sending credit warning SMS to customer 5leona [] []
[2020-07-25 10:30:03] Credit Warning SMS Yellow Zone log.INFO: Credit warning SMS sent to customer 5leona [] []
[2020-07-25 10:30:03] Credit Warning SMS Yellow Zone log.INFO: Sending credit warning SMS to customer 58leona [] []
[2020-07-25 10:30:03] Credit Warning SMS Yellow Zone log.INFO: Credit warning SMS sent to customer 58leona [] []
[2020-07-25 10:30:03] Credit Warning SMS Yellow Zone log.INFO: Sending credit warning SMS to customer 124leona [] []
[2020-07-25 10:30:03] Credit Warning SMS Yellow Zone log.INFO: Credit warning SMS sent to customer 124leona [] []
[2020-07-25 10:30:03] Credit Warning SMS Yellow Zone log.INFO: Sending credit warning SMS to customer 106leona [] []
[2020-07-25 10:30:03] Credit Warning SMS Yellow Zone log.INFO: Credit warning SMS sent to customer 106leona [] []
[2020-07-25 10:30:03] Credit Warning SMS Yellow Zone log.INFO: Sending credit warning SMS to customer 119leona [] []
[2020-07-25 10:30:03] Credit Warning SMS Yellow Zone log.INFO: Credit warning SMS sent to customer 119leona [] []
[2020-07-25 10:30:03] Credit Warning SMS Yellow Zone log.INFO: Sending credit warning SMS to customer 96leona [] []
[2020-07-25 10:30:03] Credit Warning SMS Yellow Zone log.INFO: Credit warning SMS sent to customer 96leona [] []
[2020-07-25 10:30:03] Credit Warning SMS Yellow Zone log.INFO: Sending credit warning SMS to customer 37leona [] []
[2020-07-25 10:30:03] Credit Warning SMS Yellow Zone log.INFO: Credit warning SMS sent to customer 37leona [] []
[2020-07-25 10:30:03] Credit Warning SMS Yellow Zone log.INFO: Sending credit warning SMS to customer 159charlotte [] []
[2020-07-25 10:30:03] Credit Warning SMS Yellow Zone log.INFO: Credit warning SMS sent to customer 159charlotte [] []
[2020-07-25 10:30:03] Credit Warning SMS Yellow Zone log.INFO: Sending credit warning SMS to customer 18charlotte [] []
[2020-07-25 10:30:03] Credit Warning SMS Yellow Zone log.INFO: Credit warning SMS sent to customer 18charlotte [] []
[2020-07-25 10:30:03] Credit Warning SMS Yellow Zone log.INFO: Sending credit warning SMS to customer 47charlotte [] []
[2020-07-25 10:30:03] Credit Warning SMS Yellow Zone log.INFO: Credit warning SMS sent to customer 47charlotte [] []
[2020-07-25 10:30:03] Credit Warning SMS Yellow Zone log.INFO: Sending credit warning SMS to customer 137charlotte [] []
[2020-07-25 10:30:04] Credit Warning SMS Yellow Zone log.INFO: Credit warning SMS sent to customer 137charlotte [] []
[2020-07-25 10:30:04] Credit Warning SMS Yellow Zone log.INFO: Sending credit warning SMS to customer 99charlotte [] []
[2020-07-25 10:30:04] Credit Warning SMS Yellow Zone log.INFO: Credit warning SMS sent to customer 99charlotte [] []
[2020-07-25 10:30:04] Credit Warning SMS Yellow Zone log.INFO: Sending credit warning SMS to customer 135charlotte [] []
[2020-07-25 10:30:04] Credit Warning SMS Yellow Zone log.INFO: Credit warning SMS sent to customer 135charlotte [] []
[2020-07-25 10:30:04] Credit Warning SMS Yellow Zone log.INFO: Sending credit warning SMS to customer 155charlotte [] []
[2020-07-25 10:30:04] Credit Warning SMS Yellow Zone log.INFO: Credit warning SMS sent to customer 155charlotte [] []
[2020-07-25 10:30:04] Credit Warning SMS Yellow Zone log.INFO: Sending credit warning SMS to customer 4bridgefield [] []
[2020-07-25 10:30:04] Credit Warning SMS Yellow Zone log.INFO: Credit warning SMS sent to customer 4bridgefield [] []
[2020-07-25 10:30:04] Credit Warning SMS Yellow Zone log.INFO: Sending credit warning SMS to customer 6bridgefield [] []
[2020-07-25 10:30:04] Credit Warning SMS Yellow Zone log.INFO: Credit warning SMS sent to customer 6bridgefield [] []
[2020-07-25 10:30:04] Credit Warning SMS Yellow Zone log.INFO: Sending credit warning SMS to customer 18bridgefield [] []
[2020-07-25 10:30:04] Credit Warning SMS Yellow Zone log.INFO: Credit warning SMS sent to customer 18bridgefield [] []
[2020-07-25 10:30:04] Credit Warning SMS Yellow Zone log.INFO: Sending credit warning SMS to customer 8bridgefield [] []
[2020-07-25 10:30:04] Credit Warning SMS Yellow Zone log.INFO: Credit warning SMS sent to customer 8bridgefield [] []
[2020-07-25 10:30:04] Credit Warning SMS Yellow Zone log.INFO: Sending credit warning SMS to customer 26bridgefield [] []
[2020-07-25 10:30:04] Credit Warning SMS Yellow Zone log.INFO: Credit warning SMS sent to customer 26bridgefield [] []
[2020-07-25 10:30:04] Credit Warning SMS Yellow Zone log.INFO: Sending credit warning SMS to customer 33bridgefield [] []
[2020-07-25 10:30:04] Credit Warning SMS Yellow Zone log.INFO: Credit warning SMS sent to customer 33bridgefield [] []
[2020-07-25 10:30:04] Credit Warning SMS Yellow Zone log.INFO: Sending credit warning SMS to customer 41bridgefield [] []
[2020-07-25 10:30:04] Credit Warning SMS Yellow Zone log.INFO: Credit warning SMS sent to customer 41bridgefield [] []
[2020-07-25 10:30:04] Credit Warning SMS Yellow Zone log.INFO: Sending credit warning SMS to customer 52bridgefield [] []
[2020-07-25 10:30:04] Credit Warning SMS Yellow Zone log.INFO: Credit warning SMS sent to customer 52bridgefield [] []
[2020-07-25 10:30:04] Credit Warning SMS Yellow Zone log.INFO: Sending credit warning SMS to customer 71bridgefield [] []
[2020-07-25 10:30:04] Credit Warning SMS Yellow Zone log.INFO: Credit warning SMS sent to customer 71bridgefield [] []
[2020-07-25 10:30:04] Credit Warning SMS Yellow Zone log.INFO: Sending credit warning SMS to customer 58bridgefield [] []
[2020-07-25 10:30:04] Credit Warning SMS Yellow Zone log.INFO: Credit warning SMS sent to customer 58bridgefield [] []
[2020-07-25 10:30:04] Credit Warning SMS Yellow Zone log.INFO: Sending credit warning SMS to customer 73bridgefield [] []
[2020-07-25 10:30:04] Credit Warning SMS Yellow Zone log.INFO: Credit warning SMS sent to customer 73bridgefield [] []
[2020-07-25 10:30:04] Credit Warning SMS Yellow Zone log.INFO: Sending credit warning SMS to customer 80bridgefield [] []
[2020-07-25 10:30:04] Credit Warning SMS Yellow Zone log.INFO: Credit warning SMS sent to customer 80bridgefield [] []
[2020-07-25 10:30:04] Credit Warning SMS Yellow Zone log.INFO: Sending credit warning SMS to customer 192bridgefield [] []
[2020-07-25 10:30:04] Credit Warning SMS Yellow Zone log.INFO: Credit warning SMS sent to customer 192bridgefield [] []
[2020-07-25 10:30:04] Credit Warning SMS Yellow Zone log.INFO: Sending credit warning SMS to customer 196bridgefield [] []
[2020-07-25 10:30:04] Credit Warning SMS Yellow Zone log.INFO: Credit warning SMS sent to customer 196bridgefield [] []
[2020-07-25 10:30:04] Credit Warning SMS Yellow Zone log.INFO: Sending credit warning SMS to customer 204bridgefield [] []
[2020-07-25 10:30:04] Credit Warning SMS Yellow Zone log.INFO: Credit warning SMS sent to customer 204bridgefield [] []
[2020-07-25 10:30:04] Credit Warning SMS Yellow Zone log.INFO: Sending credit warning SMS to customer 28bridgefield [] []
[2020-07-25 10:30:04] Credit Warning SMS Yellow Zone log.INFO: Credit warning SMS sent to customer 28bridgefield [] []
[2020-07-25 10:30:04] Credit Warning SMS Yellow Zone log.INFO: Sending credit warning SMS to customer 158bridgefield [] []
[2020-07-25 10:30:04] Credit Warning SMS Yellow Zone log.INFO: Credit warning SMS sent to customer 158bridgefield [] []
[2020-07-25 10:30:04] Credit Warning SMS Yellow Zone log.INFO: Sending credit warning SMS to customer 16pappan [] []
[2020-07-25 10:30:04] Credit Warning SMS Yellow Zone log.INFO: Credit warning SMS sent to customer 16pappan [] []
[2020-07-25 10:30:04] Credit Warning SMS Yellow Zone log.INFO: Sending credit warning SMS to customer 133fairways [] []
[2020-07-25 10:30:04] Credit Warning SMS Yellow Zone log.INFO: Credit warning SMS sent to customer 133fairways [] []
[2020-07-25 10:30:04] Credit Warning SMS Yellow Zone log.INFO: Sending credit warning SMS to customer 118fairways [] []
[2020-07-25 10:30:05] Credit Warning SMS Yellow Zone log.INFO: Credit warning SMS sent to customer 118fairways [] []
[2020-07-25 10:30:05] Credit Warning SMS Yellow Zone log.INFO: Sending credit warning SMS to customer 138fairways [] []
[2020-07-25 10:30:05] Credit Warning SMS Yellow Zone log.INFO: Credit warning SMS sent to customer 138fairways [] []
[2020-07-25 10:30:05] Credit Warning SMS Yellow Zone log.INFO: Sending credit warning SMS to customer 153fairways [] []
[2020-07-25 10:30:05] Credit Warning SMS Yellow Zone log.INFO: Credit warning SMS sent to customer 153fairways [] []
[2020-07-25 10:30:05] Credit Warning SMS Yellow Zone log.INFO: Sending credit warning SMS to customer 141fairways [] []
[2020-07-25 10:30:05] Credit Warning SMS Yellow Zone log.INFO: Credit warning SMS sent to customer 141fairways [] []
[2020-07-25 10:30:05] Credit Warning SMS Yellow Zone log.INFO: Sending credit warning SMS to customer 2fairways [] []
[2020-07-25 10:30:05] Credit Warning SMS Yellow Zone log.INFO: Credit warning SMS sent to customer 2fairways [] []
[2020-07-25 10:30:05] Credit Warning SMS Yellow Zone log.INFO: Sending credit warning SMS to customer 9fairways [] []
[2020-07-25 10:30:05] Credit Warning SMS Yellow Zone log.INFO: Credit warning SMS sent to customer 9fairways [] []
[2020-07-25 10:30:05] Credit Warning SMS Yellow Zone log.INFO: Sending credit warning SMS to customer 37fairways [] []
[2020-07-25 10:30:05] Credit Warning SMS Yellow Zone log.INFO: Credit warning SMS sent to customer 37fairways [] []
[2020-07-25 10:30:05] Credit Warning SMS Yellow Zone log.INFO: Sending credit warning SMS to customer 23herberthill [] []
[2020-07-25 10:30:05] Credit Warning SMS Yellow Zone log.INFO: Credit warning SMS sent to customer 23herberthill [] []
[2020-07-25 10:30:05] Credit Warning SMS Yellow Zone log.INFO: Sending credit warning SMS to customer 36herberthill [] []
[2020-07-25 10:30:05] Credit Warning SMS Yellow Zone log.INFO: Credit warning SMS sent to customer 36herberthill [] []
[2020-07-25 10:30:05] Credit Warning SMS Yellow Zone log.INFO: Sending credit warning SMS to customer 61herberthill [] []
[2020-07-25 10:30:05] Credit Warning SMS Yellow Zone log.INFO: Credit warning SMS sent to customer 61herberthill [] []
[2020-07-25 10:30:05] Credit Warning SMS Yellow Zone log.INFO: Sending credit warning SMS to customer 31marina [] []
[2020-07-25 10:30:05] Credit Warning SMS Yellow Zone log.INFO: Credit warning SMS sent to customer 31marina [] []
[2020-07-25 10:30:05] Credit Warning SMS Yellow Zone log.INFO: Sent Credit warning SMS to 80 customers! [] []
