[2020-11-10 08:00:02] Credit Warning SMS Yellow Zone log.INFO: Sending credit warning SMS to customer 6sundayswell [] []
[2020-11-10 08:00:02] Credit Warning SMS Yellow Zone log.INFO: Credit warning SMS sent to customer 6sundayswell [] []
[2020-11-10 08:00:02] Credit Warning SMS Yellow Zone log.INFO: Sending credit warning SMS to customer 6garryknock [] []
[2020-11-10 08:00:02] Credit Warning SMS Yellow Zone log.INFO: Credit warning SMS sent to customer 6garryknock [] []
[2020-11-10 08:00:02] Credit Warning SMS Yellow Zone log.INFO: Sending credit warning SMS to customer 12garryknock [] []
[2020-11-10 08:00:02] Credit Warning SMS Yellow Zone log.INFO: Credit warning SMS sent to customer 12garryknock [] []
[2020-11-10 08:00:02] Credit Warning SMS Yellow Zone log.INFO: Sending credit warning SMS to customer 12Emerald [] []
[2020-11-10 08:00:02] Credit Warning SMS Yellow Zone log.INFO: Credit warning SMS sent to customer 12Emerald [] []
[2020-11-10 08:00:02] Credit Warning SMS Yellow Zone log.INFO: Sending credit warning SMS to customer 17neptune [] []
[2020-11-10 08:00:02] Credit Warning SMS Yellow Zone log.INFO: Credit warning SMS sent to customer 17neptune [] []
[2020-11-10 08:00:02] Credit Warning SMS Yellow Zone log.INFO: Sending credit warning SMS to customer 46Neptune [] []
[2020-11-10 08:00:02] Credit Warning SMS Yellow Zone log.INFO: Credit warning SMS sent to customer 46Neptune [] []
[2020-11-10 08:00:02] Credit Warning SMS Yellow Zone log.INFO: Sending credit warning SMS to customer 43neptune [] []
[2020-11-10 08:00:02] Credit Warning SMS Yellow Zone log.INFO: Credit warning SMS sent to customer 43neptune [] []
[2020-11-10 08:00:02] Credit Warning SMS Yellow Zone log.INFO: Sending credit warning SMS to customer 134Neptune [] []
[2020-11-10 08:00:02] Credit Warning SMS Yellow Zone log.INFO: Credit warning SMS sent to customer 134Neptune [] []
[2020-11-10 08:00:02] Credit Warning SMS Yellow Zone log.INFO: Sending credit warning SMS to customer 29neptune [] []
[2020-11-10 08:00:02] Credit Warning SMS Yellow Zone log.INFO: Credit warning SMS sent to customer 29neptune [] []
[2020-11-10 08:00:02] Credit Warning SMS Yellow Zone log.INFO: Sending credit warning SMS to customer 165neptune [] []
[2020-11-10 08:00:02] Credit Warning SMS Yellow Zone log.INFO: Credit warning SMS sent to customer 165neptune [] []
[2020-11-10 08:00:02] Credit Warning SMS Yellow Zone log.INFO: Sending credit warning SMS to customer 23neptune [] []
[2020-11-10 08:00:03] Credit Warning SMS Yellow Zone log.INFO: Credit warning SMS sent to customer 23neptune [] []
[2020-11-10 08:00:03] Credit Warning SMS Yellow Zone log.INFO: Sending credit warning SMS to customer 38neptune [] []
[2020-11-10 08:00:03] Credit Warning SMS Yellow Zone log.INFO: Credit warning SMS sent to customer 38neptune [] []
[2020-11-10 08:00:03] Credit Warning SMS Yellow Zone log.INFO: Sending credit warning SMS to customer 136Neptune [] []
[2020-11-10 08:00:03] Credit Warning SMS Yellow Zone log.INFO: Credit warning SMS sent to customer 136Neptune [] []
[2020-11-10 08:00:03] Credit Warning SMS Yellow Zone log.INFO: Sending credit warning SMS to customer 10Abbott [] []
[2020-11-10 08:00:03] Credit Warning SMS Yellow Zone log.INFO: Credit warning SMS sent to customer 10Abbott [] []
[2020-11-10 08:00:03] Credit Warning SMS Yellow Zone log.INFO: Sending credit warning SMS to customer 15Abbott [] []
[2020-11-10 08:00:03] Credit Warning SMS Yellow Zone log.INFO: Credit warning SMS sent to customer 15Abbott [] []
[2020-11-10 08:00:03] Credit Warning SMS Yellow Zone log.INFO: Sending credit warning SMS to customer 21Abbott [] []
[2020-11-10 08:00:03] Credit Warning SMS Yellow Zone log.INFO: Credit warning SMS sent to customer 21Abbott [] []
[2020-11-10 08:00:03] Credit Warning SMS Yellow Zone log.INFO: Sending credit warning SMS to customer 37Abbott [] []
[2020-11-10 08:00:03] Credit Warning SMS Yellow Zone log.INFO: Credit warning SMS sent to customer 37Abbott [] []
[2020-11-10 08:00:03] Credit Warning SMS Yellow Zone log.INFO: Sending credit warning SMS to customer 30Abbott [] []
[2020-11-10 08:00:03] Credit Warning SMS Yellow Zone log.INFO: Credit warning SMS sent to customer 30Abbott [] []
[2020-11-10 08:00:03] Credit Warning SMS Yellow Zone log.INFO: Sending credit warning SMS to customer 90Abbott [] []
[2020-11-10 08:00:03] Credit Warning SMS Yellow Zone log.INFO: Credit warning SMS sent to customer 90Abbott [] []
[2020-11-10 08:00:03] Credit Warning SMS Yellow Zone log.INFO: Sending credit warning SMS to customer 91Abbott [] []
[2020-11-10 08:00:03] Credit Warning SMS Yellow Zone log.INFO: Credit warning SMS sent to customer 91Abbott [] []
[2020-11-10 08:00:03] Credit Warning SMS Yellow Zone log.INFO: Sending credit warning SMS to customer 105Abbott [] []
[2020-11-10 08:00:03] Credit Warning SMS Yellow Zone log.INFO: Credit warning SMS sent to customer 105Abbott [] []
[2020-11-10 08:00:03] Credit Warning SMS Yellow Zone log.INFO: Sending credit warning SMS to customer 111Abbott [] []
[2020-11-10 08:00:03] Credit Warning SMS Yellow Zone log.INFO: Credit warning SMS sent to customer 111Abbott [] []
[2020-11-10 08:00:03] Credit Warning SMS Yellow Zone log.INFO: Sending credit warning SMS to customer 97Abbott [] []
[2020-11-10 08:00:03] Credit Warning SMS Yellow Zone log.INFO: Credit warning SMS sent to customer 97Abbott [] []
[2020-11-10 08:00:03] Credit Warning SMS Yellow Zone log.INFO: Sending credit warning SMS to customer 95Abbott [] []
[2020-11-10 08:00:03] Credit Warning SMS Yellow Zone log.INFO: Credit warning SMS sent to customer 95Abbott [] []
[2020-11-10 08:00:03] Credit Warning SMS Yellow Zone log.INFO: Sending credit warning SMS to customer 177abbott [] []
[2020-11-10 08:00:03] Credit Warning SMS Yellow Zone log.INFO: Credit warning SMS sent to customer 177abbott [] []
[2020-11-10 08:00:03] Credit Warning SMS Yellow Zone log.INFO: Sending credit warning SMS to customer 125abbott [] []
[2020-11-10 08:00:03] Credit Warning SMS Yellow Zone log.INFO: Credit warning SMS sent to customer 125abbott [] []
[2020-11-10 08:00:03] Credit Warning SMS Yellow Zone log.INFO: Sending credit warning SMS to customer 181abbott [] []
[2020-11-10 08:00:03] Credit Warning SMS Yellow Zone log.INFO: Credit warning SMS sent to customer 181abbott [] []
[2020-11-10 08:00:03] Credit Warning SMS Yellow Zone log.INFO: Sending credit warning SMS to customer 189abbott [] []
[2020-11-10 08:00:03] Credit Warning SMS Yellow Zone log.INFO: Credit warning SMS sent to customer 189abbott [] []
[2020-11-10 08:00:03] Credit Warning SMS Yellow Zone log.INFO: Sending credit warning SMS to customer 46eustace [] []
[2020-11-10 08:00:03] Credit Warning SMS Yellow Zone log.INFO: Credit warning SMS sent to customer 46eustace [] []
[2020-11-10 08:00:03] Credit Warning SMS Yellow Zone log.INFO: Sending credit warning SMS to customer 139leona [] []
[2020-11-10 08:00:03] Credit Warning SMS Yellow Zone log.INFO: Credit warning SMS sent to customer 139leona [] []
[2020-11-10 08:00:03] Credit Warning SMS Yellow Zone log.INFO: Sending credit warning SMS to customer 76leona [] []
[2020-11-10 08:00:03] Credit Warning SMS Yellow Zone log.INFO: Credit warning SMS sent to customer 76leona [] []
[2020-11-10 08:00:03] Credit Warning SMS Yellow Zone log.INFO: Sending credit warning SMS to customer 41leona [] []
[2020-11-10 08:00:03] Credit Warning SMS Yellow Zone log.INFO: Credit warning SMS sent to customer 41leona [] []
[2020-11-10 08:00:03] Credit Warning SMS Yellow Zone log.INFO: Sending credit warning SMS to customer 58leona [] []
[2020-11-10 08:00:03] Credit Warning SMS Yellow Zone log.INFO: Credit warning SMS sent to customer 58leona [] []
[2020-11-10 08:00:03] Credit Warning SMS Yellow Zone log.INFO: Sending credit warning SMS to customer 153charlotte [] []
[2020-11-10 08:00:03] Credit Warning SMS Yellow Zone log.INFO: Credit warning SMS sent to customer 153charlotte [] []
[2020-11-10 08:00:03] Credit Warning SMS Yellow Zone log.INFO: Sending credit warning SMS to customer 104charlotte [] []
[2020-11-10 08:00:03] Credit Warning SMS Yellow Zone log.INFO: Credit warning SMS sent to customer 104charlotte [] []
[2020-11-10 08:00:03] Credit Warning SMS Yellow Zone log.INFO: Sending credit warning SMS to customer 52charlotte [] []
[2020-11-10 08:00:03] Credit Warning SMS Yellow Zone log.INFO: Credit warning SMS sent to customer 52charlotte [] []
[2020-11-10 08:00:03] Credit Warning SMS Yellow Zone log.INFO: Sending credit warning SMS to customer 75charlotte [] []
[2020-11-10 08:00:04] Credit Warning SMS Yellow Zone log.INFO: Credit warning SMS sent to customer 75charlotte [] []
[2020-11-10 08:00:04] Credit Warning SMS Yellow Zone log.INFO: Sending credit warning SMS to customer 137charlotte [] []
[2020-11-10 08:00:04] Credit Warning SMS Yellow Zone log.INFO: Credit warning SMS sent to customer 137charlotte [] []
[2020-11-10 08:00:04] Credit Warning SMS Yellow Zone log.INFO: Sending credit warning SMS to customer 100charlotte [] []
[2020-11-10 08:00:04] Credit Warning SMS Yellow Zone log.INFO: Credit warning SMS sent to customer 100charlotte [] []
[2020-11-10 08:00:04] Credit Warning SMS Yellow Zone log.INFO: Sending credit warning SMS to customer 125charlotte [] []
[2020-11-10 08:00:04] Credit Warning SMS Yellow Zone log.INFO: Credit warning SMS sent to customer 125charlotte [] []
[2020-11-10 08:00:04] Credit Warning SMS Yellow Zone log.INFO: Sending credit warning SMS to customer 149charlotte [] []
[2020-11-10 08:00:04] Credit Warning SMS Yellow Zone log.INFO: Credit warning SMS sent to customer 149charlotte [] []
[2020-11-10 08:00:04] Credit Warning SMS Yellow Zone log.INFO: Sending credit warning SMS to customer 48charlotte [] []
[2020-11-10 08:00:04] Credit Warning SMS Yellow Zone log.INFO: Credit warning SMS sent to customer 48charlotte [] []
[2020-11-10 08:00:04] Credit Warning SMS Yellow Zone log.INFO: Sending credit warning SMS to customer 18bridgefield [] []
[2020-11-10 08:00:04] Credit Warning SMS Yellow Zone log.INFO: Credit warning SMS sent to customer 18bridgefield [] []
[2020-11-10 08:00:04] Credit Warning SMS Yellow Zone log.INFO: Sending credit warning SMS to customer 19bridgefield [] []
[2020-11-10 08:00:04] Credit Warning SMS Yellow Zone log.INFO: Credit warning SMS sent to customer 19bridgefield [] []
[2020-11-10 08:00:04] Credit Warning SMS Yellow Zone log.INFO: Sending credit warning SMS to customer 16bridgefield [] []
[2020-11-10 08:00:04] Credit Warning SMS Yellow Zone log.INFO: Credit warning SMS sent to customer 16bridgefield [] []
[2020-11-10 08:00:04] Credit Warning SMS Yellow Zone log.INFO: Sending credit warning SMS to customer 17bridgefield [] []
[2020-11-10 08:00:04] Credit Warning SMS Yellow Zone log.INFO: Credit warning SMS sent to customer 17bridgefield [] []
[2020-11-10 08:00:04] Credit Warning SMS Yellow Zone log.INFO: Sending credit warning SMS to customer 71bridgefield [] []
[2020-11-10 08:00:04] Credit Warning SMS Yellow Zone log.INFO: Credit warning SMS sent to customer 71bridgefield [] []
[2020-11-10 08:00:04] Credit Warning SMS Yellow Zone log.INFO: Sending credit warning SMS to customer 72bridgefield [] []
[2020-11-10 08:00:04] Credit Warning SMS Yellow Zone log.INFO: Credit warning SMS sent to customer 72bridgefield [] []
[2020-11-10 08:00:04] Credit Warning SMS Yellow Zone log.INFO: Sending credit warning SMS to customer 67bridgefield [] []
[2020-11-10 08:00:04] Credit Warning SMS Yellow Zone log.INFO: Credit warning SMS sent to customer 67bridgefield [] []
[2020-11-10 08:00:04] Credit Warning SMS Yellow Zone log.INFO: Sending credit warning SMS to customer 118bridgefield [] []
[2020-11-10 08:00:04] Credit Warning SMS Yellow Zone log.INFO: Credit warning SMS sent to customer 118bridgefield [] []
[2020-11-10 08:00:04] Credit Warning SMS Yellow Zone log.INFO: Sending credit warning SMS to customer 185bridgefield [] []
[2020-11-10 08:00:04] Credit Warning SMS Yellow Zone log.INFO: Credit warning SMS sent to customer 185bridgefield [] []
[2020-11-10 08:00:04] Credit Warning SMS Yellow Zone log.INFO: Sending credit warning SMS to customer 188bridgefield [] []
[2020-11-10 08:00:04] Credit Warning SMS Yellow Zone log.INFO: Credit warning SMS sent to customer 188bridgefield [] []
[2020-11-10 08:00:04] Credit Warning SMS Yellow Zone log.INFO: Sending credit warning SMS to customer 147bridgefield [] []
[2020-11-10 08:00:04] Credit Warning SMS Yellow Zone log.INFO: Credit warning SMS sent to customer 147bridgefield [] []
[2020-11-10 08:00:04] Credit Warning SMS Yellow Zone log.INFO: Sending credit warning SMS to customer 181bridgefield [] []
[2020-11-10 08:00:04] Credit Warning SMS Yellow Zone log.INFO: Credit warning SMS sent to customer 181bridgefield [] []
[2020-11-10 08:00:04] Credit Warning SMS Yellow Zone log.INFO: Sending credit warning SMS to customer 120bridgefield [] []
[2020-11-10 08:00:04] Credit Warning SMS Yellow Zone log.INFO: Credit warning SMS sent to customer 120bridgefield [] []
[2020-11-10 08:00:04] Credit Warning SMS Yellow Zone log.INFO: Sending credit warning SMS to customer 110bridgefield [] []
[2020-11-10 08:00:04] Credit Warning SMS Yellow Zone log.INFO: Credit warning SMS sent to customer 110bridgefield [] []
[2020-11-10 08:00:04] Credit Warning SMS Yellow Zone log.INFO: Sending credit warning SMS to customer 5pappan [] []
[2020-11-10 08:00:04] Credit Warning SMS Yellow Zone log.INFO: Credit warning SMS sent to customer 5pappan [] []
[2020-11-10 08:00:04] Credit Warning SMS Yellow Zone log.INFO: Sending credit warning SMS to customer 16pappan [] []
[2020-11-10 08:00:04] Credit Warning SMS Yellow Zone log.INFO: Credit warning SMS sent to customer 16pappan [] []
[2020-11-10 08:00:04] Credit Warning SMS Yellow Zone log.INFO: Sending credit warning SMS to customer 118fairways [] []
[2020-11-10 08:00:04] Credit Warning SMS Yellow Zone log.INFO: Credit warning SMS sent to customer 118fairways [] []
[2020-11-10 08:00:04] Credit Warning SMS Yellow Zone log.INFO: Sending credit warning SMS to customer 143fairways [] []
[2020-11-10 08:00:04] Credit Warning SMS Yellow Zone log.INFO: Credit warning SMS sent to customer 143fairways [] []
[2020-11-10 08:00:04] Credit Warning SMS Yellow Zone log.INFO: Sending credit warning SMS to customer 158fairways [] []
[2020-11-10 08:00:04] Credit Warning SMS Yellow Zone log.INFO: Credit warning SMS sent to customer 158fairways [] []
[2020-11-10 08:00:04] Credit Warning SMS Yellow Zone log.INFO: Sending credit warning SMS to customer 42fairways [] []
[2020-11-10 08:00:04] Credit Warning SMS Yellow Zone log.INFO: Credit warning SMS sent to customer 42fairways [] []
[2020-11-10 08:00:04] Credit Warning SMS Yellow Zone log.INFO: Sending credit warning SMS to customer 14fairways [] []
[2020-11-10 08:00:04] Credit Warning SMS Yellow Zone log.INFO: Credit warning SMS sent to customer 14fairways [] []
[2020-11-10 08:00:04] Credit Warning SMS Yellow Zone log.INFO: Sending credit warning SMS to customer 40herberthill [] []
[2020-11-10 08:00:05] Credit Warning SMS Yellow Zone log.INFO: Credit warning SMS sent to customer 40herberthill [] []
[2020-11-10 08:00:05] Credit Warning SMS Yellow Zone log.INFO: Sent Credit warning SMS to 64 customers! [] []
