[2020-06-05 08:00:01] Credit Warning SMS Yellow Zone log.INFO: Sending credit warning SMS to customer 12sundayswell [] []
[2020-06-05 08:00:01] Credit Warning SMS Yellow Zone log.INFO: Credit warning SMS sent to customer 12sundayswell [] []
[2020-06-05 08:00:01] Credit Warning SMS Yellow Zone log.INFO: Sending credit warning SMS to customer 16garryknock [] []
[2020-06-05 08:00:01] Credit Warning SMS Yellow Zone log.INFO: Credit warning SMS sent to customer 16garryknock [] []
[2020-06-05 08:00:01] Credit Warning SMS Yellow Zone log.INFO: Sending credit warning SMS to customer 27garryknock [] []
[2020-06-05 08:00:01] Credit Warning SMS Yellow Zone log.INFO: Credit warning SMS sent to customer 27garryknock [] []
[2020-06-05 08:00:01] Credit Warning SMS Yellow Zone log.INFO: Sending credit warning SMS to customer 18garryknock [] []
[2020-06-05 08:00:02] Credit Warning SMS Yellow Zone log.INFO: Credit warning SMS sent to customer 18garryknock [] []
[2020-06-05 08:00:02] Credit Warning SMS Yellow Zone log.INFO: Sending credit warning SMS to customer 1garryknock [] []
[2020-06-05 08:00:02] Credit Warning SMS Yellow Zone log.INFO: Credit warning SMS sent to customer 1garryknock [] []
[2020-06-05 08:00:02] Credit Warning SMS Yellow Zone log.INFO: Sending credit warning SMS to customer 19Emerald [] []
[2020-06-05 08:00:02] Credit Warning SMS Yellow Zone log.INFO: Credit warning SMS sent to customer 19Emerald [] []
[2020-06-05 08:00:02] Credit Warning SMS Yellow Zone log.INFO: Sending credit warning SMS to customer 7Emerald [] []
[2020-06-05 08:00:02] Credit Warning SMS Yellow Zone log.INFO: Credit warning SMS sent to customer 7Emerald [] []
[2020-06-05 08:00:02] Credit Warning SMS Yellow Zone log.INFO: Sending credit warning SMS to customer 174neptune [] []
[2020-06-05 08:00:02] Credit Warning SMS Yellow Zone log.INFO: Credit warning SMS sent to customer 174neptune [] []
[2020-06-05 08:00:02] Credit Warning SMS Yellow Zone log.INFO: Sending credit warning SMS to customer 117Neptune [] []
[2020-06-05 08:00:02] Credit Warning SMS Yellow Zone log.INFO: Credit warning SMS sent to customer 117Neptune [] []
[2020-06-05 08:00:02] Credit Warning SMS Yellow Zone log.INFO: Sending credit warning SMS to customer 140Neptune [] []
[2020-06-05 08:00:02] Credit Warning SMS Yellow Zone log.INFO: Credit warning SMS sent to customer 140Neptune [] []
[2020-06-05 08:00:02] Credit Warning SMS Yellow Zone log.INFO: Sending credit warning SMS to customer 104Neptune [] []
[2020-06-05 08:00:02] Credit Warning SMS Yellow Zone log.INFO: Credit warning SMS sent to customer 104Neptune [] []
[2020-06-05 08:00:02] Credit Warning SMS Yellow Zone log.INFO: Sending credit warning SMS to customer 37neptune [] []
[2020-06-05 08:00:02] Credit Warning SMS Yellow Zone log.INFO: Credit warning SMS sent to customer 37neptune [] []
[2020-06-05 08:00:02] Credit Warning SMS Yellow Zone log.INFO: Sending credit warning SMS to customer 105Neptune [] []
[2020-06-05 08:00:02] Credit Warning SMS Yellow Zone log.INFO: Credit warning SMS sent to customer 105Neptune [] []
[2020-06-05 08:00:02] Credit Warning SMS Yellow Zone log.INFO: Sending credit warning SMS to customer 8neptune [] []
[2020-06-05 08:00:02] Credit Warning SMS Yellow Zone log.INFO: Credit warning SMS sent to customer 8neptune [] []
[2020-06-05 08:00:02] Credit Warning SMS Yellow Zone log.INFO: Sending credit warning SMS to customer 38neptune [] []
[2020-06-05 08:00:02] Credit Warning SMS Yellow Zone log.INFO: Credit warning SMS sent to customer 38neptune [] []
[2020-06-05 08:00:02] Credit Warning SMS Yellow Zone log.INFO: Sending credit warning SMS to customer 1Abbott [] []
[2020-06-05 08:00:02] Credit Warning SMS Yellow Zone log.INFO: Credit warning SMS sent to customer 1Abbott [] []
[2020-06-05 08:00:02] Credit Warning SMS Yellow Zone log.INFO: Sending credit warning SMS to customer 10Abbott [] []
[2020-06-05 08:00:02] Credit Warning SMS Yellow Zone log.INFO: Credit warning SMS sent to customer 10Abbott [] []
[2020-06-05 08:00:02] Credit Warning SMS Yellow Zone log.INFO: Sending credit warning SMS to customer 15Abbott [] []
[2020-06-05 08:00:02] Credit Warning SMS Yellow Zone log.INFO: Credit warning SMS sent to customer 15Abbott [] []
[2020-06-05 08:00:02] Credit Warning SMS Yellow Zone log.INFO: Sending credit warning SMS to customer 21Abbott [] []
[2020-06-05 08:00:02] Credit Warning SMS Yellow Zone log.INFO: Credit warning SMS sent to customer 21Abbott [] []
[2020-06-05 08:00:02] Credit Warning SMS Yellow Zone log.INFO: Sending credit warning SMS to customer 31Abbott [] []
[2020-06-05 08:00:02] Credit Warning SMS Yellow Zone log.INFO: Credit warning SMS sent to customer 31Abbott [] []
[2020-06-05 08:00:02] Credit Warning SMS Yellow Zone log.INFO: Sending credit warning SMS to customer 13Abbott [] []
[2020-06-05 08:00:02] Credit Warning SMS Yellow Zone log.INFO: Credit warning SMS sent to customer 13Abbott [] []
[2020-06-05 08:00:02] Credit Warning SMS Yellow Zone log.INFO: Sending credit warning SMS to customer 75Abbott [] []
[2020-06-05 08:00:02] Credit Warning SMS Yellow Zone log.INFO: Credit warning SMS sent to customer 75Abbott [] []
[2020-06-05 08:00:02] Credit Warning SMS Yellow Zone log.INFO: Sending credit warning SMS to customer 87Abbott [] []
[2020-06-05 08:00:02] Credit Warning SMS Yellow Zone log.INFO: Credit warning SMS sent to customer 87Abbott [] []
[2020-06-05 08:00:02] Credit Warning SMS Yellow Zone log.INFO: Sending credit warning SMS to customer 69Abbott [] []
[2020-06-05 08:00:02] Credit Warning SMS Yellow Zone log.INFO: Credit warning SMS sent to customer 69Abbott [] []
[2020-06-05 08:00:02] Credit Warning SMS Yellow Zone log.INFO: Sending credit warning SMS to customer 91Abbott [] []
[2020-06-05 08:00:02] Credit Warning SMS Yellow Zone log.INFO: Credit warning SMS sent to customer 91Abbott [] []
[2020-06-05 08:00:02] Credit Warning SMS Yellow Zone log.INFO: Sending credit warning SMS to customer 92Abbott [] []
[2020-06-05 08:00:02] Credit Warning SMS Yellow Zone log.INFO: Credit warning SMS sent to customer 92Abbott [] []
[2020-06-05 08:00:02] Credit Warning SMS Yellow Zone log.INFO: Sending credit warning SMS to customer 71Abbott [] []
[2020-06-05 08:00:02] Credit Warning SMS Yellow Zone log.INFO: Credit warning SMS sent to customer 71Abbott [] []
[2020-06-05 08:00:02] Credit Warning SMS Yellow Zone log.INFO: Sending credit warning SMS to customer 100Abbott [] []
[2020-06-05 08:00:02] Credit Warning SMS Yellow Zone log.INFO: Credit warning SMS sent to customer 100Abbott [] []
[2020-06-05 08:00:02] Credit Warning SMS Yellow Zone log.INFO: Sending credit warning SMS to customer 105Abbott [] []
[2020-06-05 08:00:02] Credit Warning SMS Yellow Zone log.INFO: Credit warning SMS sent to customer 105Abbott [] []
[2020-06-05 08:00:02] Credit Warning SMS Yellow Zone log.INFO: Sending credit warning SMS to customer 115Abbott [] []
[2020-06-05 08:00:03] Credit Warning SMS Yellow Zone log.INFO: Credit warning SMS sent to customer 115Abbott [] []
[2020-06-05 08:00:03] Credit Warning SMS Yellow Zone log.INFO: Sending credit warning SMS to customer 139abbott [] []
[2020-06-05 08:00:03] Credit Warning SMS Yellow Zone log.INFO: Credit warning SMS sent to customer 139abbott [] []
[2020-06-05 08:00:03] Credit Warning SMS Yellow Zone log.INFO: Sending credit warning SMS to customer 149abbott [] []
[2020-06-05 08:00:03] Credit Warning SMS Yellow Zone log.INFO: Credit warning SMS sent to customer 149abbott [] []
[2020-06-05 08:00:03] Credit Warning SMS Yellow Zone log.INFO: Sending credit warning SMS to customer 1GreenBank [] []
[2020-06-05 08:00:03] Credit Warning SMS Yellow Zone log.INFO: Credit warning SMS sent to customer 1GreenBank [] []
[2020-06-05 08:00:03] Credit Warning SMS Yellow Zone log.INFO: Sending credit warning SMS to customer 36eustace [] []
[2020-06-05 08:00:03] Credit Warning SMS Yellow Zone log.INFO: Credit warning SMS sent to customer 36eustace [] []
[2020-06-05 08:00:03] Credit Warning SMS Yellow Zone log.INFO: Sending credit warning SMS to customer 19leona [] []
[2020-06-05 08:00:03] Credit Warning SMS Yellow Zone log.INFO: Credit warning SMS sent to customer 19leona [] []
[2020-06-05 08:00:03] Credit Warning SMS Yellow Zone log.INFO: Sending credit warning SMS to customer 135leona [] []
[2020-06-05 08:00:03] Credit Warning SMS Yellow Zone log.INFO: Credit warning SMS sent to customer 135leona [] []
[2020-06-05 08:00:03] Credit Warning SMS Yellow Zone log.INFO: Sending credit warning SMS to customer 69leona [] []
[2020-06-05 08:00:03] Credit Warning SMS Yellow Zone log.INFO: Credit warning SMS sent to customer 69leona [] []
[2020-06-05 08:00:03] Credit Warning SMS Yellow Zone log.INFO: Sending credit warning SMS to customer 16leona [] []
[2020-06-05 08:00:03] Credit Warning SMS Yellow Zone log.INFO: Credit warning SMS sent to customer 16leona [] []
[2020-06-05 08:00:03] Credit Warning SMS Yellow Zone log.INFO: Sending credit warning SMS to customer 32leona [] []
[2020-06-05 08:00:03] Credit Warning SMS Yellow Zone log.INFO: Credit warning SMS sent to customer 32leona [] []
[2020-06-05 08:00:03] Credit Warning SMS Yellow Zone log.INFO: Sending credit warning SMS to customer 108charlotte [] []
[2020-06-05 08:00:03] Credit Warning SMS Yellow Zone log.INFO: Credit warning SMS sent to customer 108charlotte [] []
[2020-06-05 08:00:03] Credit Warning SMS Yellow Zone log.INFO: Sending credit warning SMS to customer 127charlotte [] []
[2020-06-05 08:00:03] Credit Warning SMS Yellow Zone log.INFO: Credit warning SMS sent to customer 127charlotte [] []
[2020-06-05 08:00:03] Credit Warning SMS Yellow Zone log.INFO: Sending credit warning SMS to customer 103charlotte [] []
[2020-06-05 08:00:03] Credit Warning SMS Yellow Zone log.INFO: Credit warning SMS sent to customer 103charlotte [] []
[2020-06-05 08:00:03] Credit Warning SMS Yellow Zone log.INFO: Sending credit warning SMS to customer 106charlotte [] []
[2020-06-05 08:00:03] Credit Warning SMS Yellow Zone log.INFO: Credit warning SMS sent to customer 106charlotte [] []
[2020-06-05 08:00:03] Credit Warning SMS Yellow Zone log.INFO: Sending credit warning SMS to customer 124charlotte [] []
[2020-06-05 08:00:03] Credit Warning SMS Yellow Zone log.INFO: Credit warning SMS sent to customer 124charlotte [] []
[2020-06-05 08:00:03] Credit Warning SMS Yellow Zone log.INFO: Sending credit warning SMS to customer 38charlotte [] []
[2020-06-05 08:00:03] Credit Warning SMS Yellow Zone log.INFO: Credit warning SMS sent to customer 38charlotte [] []
[2020-06-05 08:00:03] Credit Warning SMS Yellow Zone log.INFO: Sending credit warning SMS to customer 41bridgefield [] []
[2020-06-05 08:00:03] Credit Warning SMS Yellow Zone log.INFO: Credit warning SMS sent to customer 41bridgefield [] []
[2020-06-05 08:00:03] Credit Warning SMS Yellow Zone log.INFO: Sending credit warning SMS to customer 37bridgefield [] []
[2020-06-05 08:00:03] Credit Warning SMS Yellow Zone log.INFO: Credit warning SMS sent to customer 37bridgefield [] []
[2020-06-05 08:00:03] Credit Warning SMS Yellow Zone log.INFO: Sending credit warning SMS to customer 67bridgefield [] []
[2020-06-05 08:00:03] Credit Warning SMS Yellow Zone log.INFO: Credit warning SMS sent to customer 67bridgefield [] []
[2020-06-05 08:00:03] Credit Warning SMS Yellow Zone log.INFO: Sending credit warning SMS to customer 151bridgefield [] []
[2020-06-05 08:00:03] Credit Warning SMS Yellow Zone log.INFO: Credit warning SMS sent to customer 151bridgefield [] []
[2020-06-05 08:00:03] Credit Warning SMS Yellow Zone log.INFO: Sending credit warning SMS to customer 168bridgefield [] []
[2020-06-05 08:00:03] Credit Warning SMS Yellow Zone log.INFO: Credit warning SMS sent to customer 168bridgefield [] []
[2020-06-05 08:00:03] Credit Warning SMS Yellow Zone log.INFO: Sending credit warning SMS to customer 29pappan [] []
[2020-06-05 08:00:03] Credit Warning SMS Yellow Zone log.INFO: Credit warning SMS sent to customer 29pappan [] []
[2020-06-05 08:00:03] Credit Warning SMS Yellow Zone log.INFO: Sending credit warning SMS to customer 23pappan [] []
[2020-06-05 08:00:03] Credit Warning SMS Yellow Zone log.INFO: Credit warning SMS sent to customer 23pappan [] []
[2020-06-05 08:00:03] Credit Warning SMS Yellow Zone log.INFO: Sending credit warning SMS to customer 106fairways [] []
[2020-06-05 08:00:03] Credit Warning SMS Yellow Zone log.INFO: Credit warning SMS sent to customer 106fairways [] []
[2020-06-05 08:00:03] Credit Warning SMS Yellow Zone log.INFO: Sending credit warning SMS to customer 110fairways [] []
[2020-06-05 08:00:03] Credit Warning SMS Yellow Zone log.INFO: Credit warning SMS sent to customer 110fairways [] []
[2020-06-05 08:00:03] Credit Warning SMS Yellow Zone log.INFO: Sending credit warning SMS to customer 133fairways [] []
[2020-06-05 08:00:03] Credit Warning SMS Yellow Zone log.INFO: Credit warning SMS sent to customer 133fairways [] []
[2020-06-05 08:00:03] Credit Warning SMS Yellow Zone log.INFO: Sending credit warning SMS to customer 152fairways [] []
[2020-06-05 08:00:03] Credit Warning SMS Yellow Zone log.INFO: Credit warning SMS sent to customer 152fairways [] []
[2020-06-05 08:00:03] Credit Warning SMS Yellow Zone log.INFO: Sending credit warning SMS to customer 7fairways [] []
[2020-06-05 08:00:04] Credit Warning SMS Yellow Zone log.INFO: Credit warning SMS sent to customer 7fairways [] []
[2020-06-05 08:00:04] Credit Warning SMS Yellow Zone log.INFO: Sending credit warning SMS to customer 37fairways [] []
[2020-06-05 08:00:04] Credit Warning SMS Yellow Zone log.INFO: Credit warning SMS sent to customer 37fairways [] []
[2020-06-05 08:00:04] Credit Warning SMS Yellow Zone log.INFO: Sending credit warning SMS to customer 54herberthill [] []
[2020-06-05 08:00:04] Credit Warning SMS Yellow Zone log.INFO: Credit warning SMS sent to customer 54herberthill [] []
[2020-06-05 08:00:04] Credit Warning SMS Yellow Zone log.INFO: Sending credit warning SMS to customer 63herberthill [] []
[2020-06-05 08:00:04] Credit Warning SMS Yellow Zone log.INFO: Credit warning SMS sent to customer 63herberthill [] []
[2020-06-05 08:00:04] Credit Warning SMS Yellow Zone log.INFO: Sending credit warning SMS to customer 76herberthill [] []
[2020-06-05 08:00:04] Credit Warning SMS Yellow Zone log.INFO: Credit warning SMS sent to customer 76herberthill [] []
[2020-06-05 08:00:04] Credit Warning SMS Yellow Zone log.INFO: Sending credit warning SMS to customer 61herberthill [] []
[2020-06-05 08:00:04] Credit Warning SMS Yellow Zone log.INFO: Credit warning SMS sent to customer 61herberthill [] []
[2020-06-05 08:00:04] Credit Warning SMS Yellow Zone log.INFO: Sent Credit warning SMS to 62 customers! [] []
