[2020-08-19 08:00:02] Credit Warning SMS Yellow Zone log.INFO: Sending credit warning SMS to customer 8brackenview [] []
[2020-08-19 08:00:02] Credit Warning SMS Yellow Zone log.INFO: Credit warning SMS sent to customer 8brackenview [] []
[2020-08-19 08:00:02] Credit Warning SMS Yellow Zone log.INFO: Sending credit warning SMS to customer 20sundayswell [] []
[2020-08-19 08:00:02] Credit Warning SMS Yellow Zone log.INFO: Credit warning SMS sent to customer 20sundayswell [] []
[2020-08-19 08:00:02] Credit Warning SMS Yellow Zone log.INFO: Sending credit warning SMS to customer 3sundayswell [] []
[2020-08-19 08:00:02] Credit Warning SMS Yellow Zone log.INFO: Credit warning SMS sent to customer 3sundayswell [] []
[2020-08-19 08:00:02] Credit Warning SMS Yellow Zone log.INFO: Sending credit warning SMS to customer 8garryknock [] []
[2020-08-19 08:00:02] Credit Warning SMS Yellow Zone log.INFO: Credit warning SMS sent to customer 8garryknock [] []
[2020-08-19 08:00:02] Credit Warning SMS Yellow Zone log.INFO: Sending credit warning SMS to customer 7garryknock [] []
[2020-08-19 08:00:02] Credit Warning SMS Yellow Zone log.INFO: Credit warning SMS sent to customer 7garryknock [] []
[2020-08-19 08:00:02] Credit Warning SMS Yellow Zone log.INFO: Sending credit warning SMS to customer 3garryknock [] []
[2020-08-19 08:00:02] Credit Warning SMS Yellow Zone log.INFO: Credit warning SMS sent to customer 3garryknock [] []
[2020-08-19 08:00:02] Credit Warning SMS Yellow Zone log.INFO: Sending credit warning SMS to customer 5garryknock [] []
[2020-08-19 08:00:02] Credit Warning SMS Yellow Zone log.INFO: Credit warning SMS sent to customer 5garryknock [] []
[2020-08-19 08:00:02] Credit Warning SMS Yellow Zone log.INFO: Sending credit warning SMS to customer 20garryknock [] []
[2020-08-19 08:00:02] Credit Warning SMS Yellow Zone log.INFO: Credit warning SMS sent to customer 20garryknock [] []
[2020-08-19 08:00:02] Credit Warning SMS Yellow Zone log.INFO: Sending credit warning SMS to customer 22Emerald [] []
[2020-08-19 08:00:02] Credit Warning SMS Yellow Zone log.INFO: Credit warning SMS sent to customer 22Emerald [] []
[2020-08-19 08:00:02] Credit Warning SMS Yellow Zone log.INFO: Sending credit warning SMS to customer 22neptune [] []
[2020-08-19 08:00:02] Credit Warning SMS Yellow Zone log.INFO: Credit warning SMS sent to customer 22neptune [] []
[2020-08-19 08:00:02] Credit Warning SMS Yellow Zone log.INFO: Sending credit warning SMS to customer 135Neptune [] []
[2020-08-19 08:00:02] Credit Warning SMS Yellow Zone log.INFO: Credit warning SMS sent to customer 135Neptune [] []
[2020-08-19 08:00:02] Credit Warning SMS Yellow Zone log.INFO: Sending credit warning SMS to customer 69Neptune [] []
[2020-08-19 08:00:02] Credit Warning SMS Yellow Zone log.INFO: Credit warning SMS sent to customer 69Neptune [] []
[2020-08-19 08:00:02] Credit Warning SMS Yellow Zone log.INFO: Sending credit warning SMS to customer 75Neptune [] []
[2020-08-19 08:00:02] Credit Warning SMS Yellow Zone log.INFO: Credit warning SMS sent to customer 75Neptune [] []
[2020-08-19 08:00:02] Credit Warning SMS Yellow Zone log.INFO: Sending credit warning SMS to customer 13neptune [] []
[2020-08-19 08:00:02] Credit Warning SMS Yellow Zone log.INFO: Credit warning SMS sent to customer 13neptune [] []
[2020-08-19 08:00:02] Credit Warning SMS Yellow Zone log.INFO: Sending credit warning SMS to customer 73Neptune [] []
[2020-08-19 08:00:02] Credit Warning SMS Yellow Zone log.INFO: Credit warning SMS sent to customer 73Neptune [] []
[2020-08-19 08:00:02] Credit Warning SMS Yellow Zone log.INFO: Sending credit warning SMS to customer 1Abbott [] []
[2020-08-19 08:00:02] Credit Warning SMS Yellow Zone log.INFO: Credit warning SMS sent to customer 1Abbott [] []
[2020-08-19 08:00:02] Credit Warning SMS Yellow Zone log.INFO: Sending credit warning SMS to customer 3Abbott [] []
[2020-08-19 08:00:02] Credit Warning SMS Yellow Zone log.INFO: Credit warning SMS sent to customer 3Abbott [] []
[2020-08-19 08:00:02] Credit Warning SMS Yellow Zone log.INFO: Sending credit warning SMS to customer 10Abbott [] []
[2020-08-19 08:00:02] Credit Warning SMS Yellow Zone log.INFO: Credit warning SMS sent to customer 10Abbott [] []
[2020-08-19 08:00:02] Credit Warning SMS Yellow Zone log.INFO: Sending credit warning SMS to customer 31Abbott [] []
[2020-08-19 08:00:02] Credit Warning SMS Yellow Zone log.INFO: Credit warning SMS sent to customer 31Abbott [] []
[2020-08-19 08:00:02] Credit Warning SMS Yellow Zone log.INFO: Sending credit warning SMS to customer 37Abbott [] []
[2020-08-19 08:00:02] Credit Warning SMS Yellow Zone log.INFO: Credit warning SMS sent to customer 37Abbott [] []
[2020-08-19 08:00:02] Credit Warning SMS Yellow Zone log.INFO: Sending credit warning SMS to customer 45Abbott [] []
[2020-08-19 08:00:02] Credit Warning SMS Yellow Zone log.INFO: Credit warning SMS sent to customer 45Abbott [] []
[2020-08-19 08:00:02] Credit Warning SMS Yellow Zone log.INFO: Sending credit warning SMS to customer 13Abbott [] []
[2020-08-19 08:00:03] Credit Warning SMS Yellow Zone log.INFO: Credit warning SMS sent to customer 13Abbott [] []
[2020-08-19 08:00:03] Credit Warning SMS Yellow Zone log.INFO: Sending credit warning SMS to customer 59Abbott [] []
[2020-08-19 08:00:03] Credit Warning SMS Yellow Zone log.INFO: Credit warning SMS sent to customer 59Abbott [] []
[2020-08-19 08:00:03] Credit Warning SMS Yellow Zone log.INFO: Sending credit warning SMS to customer 85Abbott [] []
[2020-08-19 08:00:03] Credit Warning SMS Yellow Zone log.INFO: Credit warning SMS sent to customer 85Abbott [] []
[2020-08-19 08:00:03] Credit Warning SMS Yellow Zone log.INFO: Sending credit warning SMS to customer 70Abbott [] []
[2020-08-19 08:00:03] Credit Warning SMS Yellow Zone log.INFO: Credit warning SMS sent to customer 70Abbott [] []
[2020-08-19 08:00:03] Credit Warning SMS Yellow Zone log.INFO: Sending credit warning SMS to customer 90Abbott [] []
[2020-08-19 08:00:03] Credit Warning SMS Yellow Zone log.INFO: Credit warning SMS sent to customer 90Abbott [] []
[2020-08-19 08:00:03] Credit Warning SMS Yellow Zone log.INFO: Sending credit warning SMS to customer 61Abbott [] []
[2020-08-19 08:00:03] Credit Warning SMS Yellow Zone log.INFO: Credit warning SMS sent to customer 61Abbott [] []
[2020-08-19 08:00:03] Credit Warning SMS Yellow Zone log.INFO: Sending credit warning SMS to customer 111Abbott [] []
[2020-08-19 08:00:03] Credit Warning SMS Yellow Zone log.INFO: Credit warning SMS sent to customer 111Abbott [] []
[2020-08-19 08:00:03] Credit Warning SMS Yellow Zone log.INFO: Sending credit warning SMS to customer 119Abbott [] []
[2020-08-19 08:00:03] Credit Warning SMS Yellow Zone log.INFO: Credit warning SMS sent to customer 119Abbott [] []
[2020-08-19 08:00:03] Credit Warning SMS Yellow Zone log.INFO: Sending credit warning SMS to customer 98Abbott [] []
[2020-08-19 08:00:03] Credit Warning SMS Yellow Zone log.INFO: Credit warning SMS sent to customer 98Abbott [] []
[2020-08-19 08:00:03] Credit Warning SMS Yellow Zone log.INFO: Sending credit warning SMS to customer 96Abbott [] []
[2020-08-19 08:00:03] Credit Warning SMS Yellow Zone log.INFO: Credit warning SMS sent to customer 96Abbott [] []
[2020-08-19 08:00:03] Credit Warning SMS Yellow Zone log.INFO: Sending credit warning SMS to customer 177abbott [] []
[2020-08-19 08:00:03] Credit Warning SMS Yellow Zone log.INFO: Credit warning SMS sent to customer 177abbott [] []
[2020-08-19 08:00:03] Credit Warning SMS Yellow Zone log.INFO: Sending credit warning SMS to customer 150abbott [] []
[2020-08-19 08:00:03] Credit Warning SMS Yellow Zone log.INFO: Credit warning SMS sent to customer 150abbott [] []
[2020-08-19 08:00:03] Credit Warning SMS Yellow Zone log.INFO: Sending credit warning SMS to customer 168abbott [] []
[2020-08-19 08:00:03] Credit Warning SMS Yellow Zone log.INFO: Credit warning SMS sent to customer 168abbott [] []
[2020-08-19 08:00:03] Credit Warning SMS Yellow Zone log.INFO: Sending credit warning SMS to customer 129abbott [] []
[2020-08-19 08:00:03] Credit Warning SMS Yellow Zone log.INFO: Credit warning SMS sent to customer 129abbott [] []
[2020-08-19 08:00:03] Credit Warning SMS Yellow Zone log.INFO: Sending credit warning SMS to customer 35GreenBank [] []
[2020-08-19 08:00:03] Credit Warning SMS Yellow Zone log.INFO: Credit warning SMS sent to customer 35GreenBank [] []
[2020-08-19 08:00:03] Credit Warning SMS Yellow Zone log.INFO: Sending credit warning SMS to customer 187abbott [] []
[2020-08-19 08:00:03] Credit Warning SMS Yellow Zone log.INFO: Credit warning SMS sent to customer 187abbott [] []
[2020-08-19 08:00:03] Credit Warning SMS Yellow Zone log.INFO: Sending credit warning SMS to customer 36eustace [] []
[2020-08-19 08:00:03] Credit Warning SMS Yellow Zone log.INFO: Credit warning SMS sent to customer 36eustace [] []
[2020-08-19 08:00:03] Credit Warning SMS Yellow Zone log.INFO: Sending credit warning SMS to customer 17eustace [] []
[2020-08-19 08:00:03] Credit Warning SMS Yellow Zone log.INFO: Credit warning SMS sent to customer 17eustace [] []
[2020-08-19 08:00:03] Credit Warning SMS Yellow Zone log.INFO: Sending credit warning SMS to customer 29eustace [] []
[2020-08-19 08:00:03] Credit Warning SMS Yellow Zone log.INFO: Credit warning SMS sent to customer 29eustace [] []
[2020-08-19 08:00:03] Credit Warning SMS Yellow Zone log.INFO: Sending credit warning SMS to customer 137leona [] []
[2020-08-19 08:00:03] Credit Warning SMS Yellow Zone log.INFO: Credit warning SMS sent to customer 137leona [] []
[2020-08-19 08:00:03] Credit Warning SMS Yellow Zone log.INFO: Sending credit warning SMS to customer 135leona [] []
[2020-08-19 08:00:03] Credit Warning SMS Yellow Zone log.INFO: Credit warning SMS sent to customer 135leona [] []
[2020-08-19 08:00:03] Credit Warning SMS Yellow Zone log.INFO: Sending credit warning SMS to customer 124leona [] []
[2020-08-19 08:00:03] Credit Warning SMS Yellow Zone log.INFO: Credit warning SMS sent to customer 124leona [] []
[2020-08-19 08:00:03] Credit Warning SMS Yellow Zone log.INFO: Sending credit warning SMS to customer 74leona [] []
[2020-08-19 08:00:03] Credit Warning SMS Yellow Zone log.INFO: Credit warning SMS sent to customer 74leona [] []
[2020-08-19 08:00:03] Credit Warning SMS Yellow Zone log.INFO: Sending credit warning SMS to customer 36leona [] []
[2020-08-19 08:00:03] Credit Warning SMS Yellow Zone log.INFO: Credit warning SMS sent to customer 36leona [] []
[2020-08-19 08:00:03] Credit Warning SMS Yellow Zone log.INFO: Sending credit warning SMS to customer 99leona [] []
[2020-08-19 08:00:03] Credit Warning SMS Yellow Zone log.INFO: Credit warning SMS sent to customer 99leona [] []
[2020-08-19 08:00:03] Credit Warning SMS Yellow Zone log.INFO: Sending credit warning SMS to customer 144leona [] []
[2020-08-19 08:00:03] Credit Warning SMS Yellow Zone log.INFO: Credit warning SMS sent to customer 144leona [] []
[2020-08-19 08:00:03] Credit Warning SMS Yellow Zone log.INFO: Sending credit warning SMS to customer 147charlotte [] []
[2020-08-19 08:00:03] Credit Warning SMS Yellow Zone log.INFO: Credit warning SMS sent to customer 147charlotte [] []
[2020-08-19 08:00:03] Credit Warning SMS Yellow Zone log.INFO: Sending credit warning SMS to customer 153charlotte [] []
[2020-08-19 08:00:03] Credit Warning SMS Yellow Zone log.INFO: Credit warning SMS sent to customer 153charlotte [] []
[2020-08-19 08:00:03] Credit Warning SMS Yellow Zone log.INFO: Sending credit warning SMS to customer 117charlotte [] []
[2020-08-19 08:00:04] Credit Warning SMS Yellow Zone log.INFO: Credit warning SMS sent to customer 117charlotte [] []
[2020-08-19 08:00:04] Credit Warning SMS Yellow Zone log.INFO: Sending credit warning SMS to customer 42charlotte [] []
[2020-08-19 08:00:04] Credit Warning SMS Yellow Zone log.INFO: Credit warning SMS sent to customer 42charlotte [] []
[2020-08-19 08:00:04] Credit Warning SMS Yellow Zone log.INFO: Sending credit warning SMS to customer 82charlotte [] []
[2020-08-19 08:00:04] Credit Warning SMS Yellow Zone log.INFO: Credit warning SMS sent to customer 82charlotte [] []
[2020-08-19 08:00:04] Credit Warning SMS Yellow Zone log.INFO: Sending credit warning SMS to customer 75charlotte [] []
[2020-08-19 08:00:04] Credit Warning SMS Yellow Zone log.INFO: Credit warning SMS sent to customer 75charlotte [] []
[2020-08-19 08:00:04] Credit Warning SMS Yellow Zone log.INFO: Sending credit warning SMS to customer 154charlotte [] []
[2020-08-19 08:00:04] Credit Warning SMS Yellow Zone log.INFO: Credit warning SMS sent to customer 154charlotte [] []
[2020-08-19 08:00:04] Credit Warning SMS Yellow Zone log.INFO: Sending credit warning SMS to customer 38charlotte [] []
[2020-08-19 08:00:04] Credit Warning SMS Yellow Zone log.INFO: Credit warning SMS sent to customer 38charlotte [] []
[2020-08-19 08:00:04] Credit Warning SMS Yellow Zone log.INFO: Sending credit warning SMS to customer 157charlotte [] []
[2020-08-19 08:00:04] Credit Warning SMS Yellow Zone log.INFO: Credit warning SMS sent to customer 157charlotte [] []
[2020-08-19 08:00:04] Credit Warning SMS Yellow Zone log.INFO: Sending credit warning SMS to customer 6bridgefield [] []
[2020-08-19 08:00:04] Credit Warning SMS Yellow Zone log.INFO: Credit warning SMS sent to customer 6bridgefield [] []
[2020-08-19 08:00:04] Credit Warning SMS Yellow Zone log.INFO: Sending credit warning SMS to customer 18bridgefield [] []
[2020-08-19 08:00:04] Credit Warning SMS Yellow Zone log.INFO: Credit warning SMS sent to customer 18bridgefield [] []
[2020-08-19 08:00:04] Credit Warning SMS Yellow Zone log.INFO: Sending credit warning SMS to customer 8bridgefield [] []
[2020-08-19 08:00:04] Credit Warning SMS Yellow Zone log.INFO: Credit warning SMS sent to customer 8bridgefield [] []
[2020-08-19 08:00:04] Credit Warning SMS Yellow Zone log.INFO: Sending credit warning SMS to customer 17bridgefield [] []
[2020-08-19 08:00:04] Credit Warning SMS Yellow Zone log.INFO: Credit warning SMS sent to customer 17bridgefield [] []
[2020-08-19 08:00:04] Credit Warning SMS Yellow Zone log.INFO: Sending credit warning SMS to customer 9bridgefield [] []
[2020-08-19 08:00:04] Credit Warning SMS Yellow Zone log.INFO: Credit warning SMS sent to customer 9bridgefield [] []
[2020-08-19 08:00:04] Credit Warning SMS Yellow Zone log.INFO: Sending credit warning SMS to customer 41bridgefield [] []
[2020-08-19 08:00:04] Credit Warning SMS Yellow Zone log.INFO: Credit warning SMS sent to customer 41bridgefield [] []
[2020-08-19 08:00:04] Credit Warning SMS Yellow Zone log.INFO: Sending credit warning SMS to customer 58bridgefield [] []
[2020-08-19 08:00:04] Credit Warning SMS Yellow Zone log.INFO: Credit warning SMS sent to customer 58bridgefield [] []
[2020-08-19 08:00:04] Credit Warning SMS Yellow Zone log.INFO: Sending credit warning SMS to customer 101bridgefield [] []
[2020-08-19 08:00:04] Credit Warning SMS Yellow Zone log.INFO: Credit warning SMS sent to customer 101bridgefield [] []
[2020-08-19 08:00:04] Credit Warning SMS Yellow Zone log.INFO: Sending credit warning SMS to customer 185bridgefield [] []
[2020-08-19 08:00:04] Credit Warning SMS Yellow Zone log.INFO: Credit warning SMS sent to customer 185bridgefield [] []
[2020-08-19 08:00:04] Credit Warning SMS Yellow Zone log.INFO: Sending credit warning SMS to customer 196bridgefield [] []
[2020-08-19 08:00:04] Credit Warning SMS Yellow Zone log.INFO: Credit warning SMS sent to customer 196bridgefield [] []
[2020-08-19 08:00:04] Credit Warning SMS Yellow Zone log.INFO: Sending credit warning SMS to customer 28bridgefield [] []
[2020-08-19 08:00:04] Credit Warning SMS Yellow Zone log.INFO: Credit warning SMS sent to customer 28bridgefield [] []
[2020-08-19 08:00:04] Credit Warning SMS Yellow Zone log.INFO: Sending credit warning SMS to customer 23pappan [] []
[2020-08-19 08:00:04] Credit Warning SMS Yellow Zone log.INFO: Credit warning SMS sent to customer 23pappan [] []
[2020-08-19 08:00:04] Credit Warning SMS Yellow Zone log.INFO: Sending credit warning SMS to customer 20pappan [] []
[2020-08-19 08:00:04] Credit Warning SMS Yellow Zone log.INFO: Credit warning SMS sent to customer 20pappan [] []
[2020-08-19 08:00:04] Credit Warning SMS Yellow Zone log.INFO: Sending credit warning SMS to customer 17pappan [] []
[2020-08-19 08:00:04] Credit Warning SMS Yellow Zone log.INFO: Credit warning SMS sent to customer 17pappan [] []
[2020-08-19 08:00:04] Credit Warning SMS Yellow Zone log.INFO: Sending credit warning SMS to customer 16pappan [] []
[2020-08-19 08:00:04] Credit Warning SMS Yellow Zone log.INFO: Credit warning SMS sent to customer 16pappan [] []
[2020-08-19 08:00:04] Credit Warning SMS Yellow Zone log.INFO: Sending credit warning SMS to customer 82fairways [] []
[2020-08-19 08:00:04] Credit Warning SMS Yellow Zone log.INFO: Credit warning SMS sent to customer 82fairways [] []
[2020-08-19 08:00:04] Credit Warning SMS Yellow Zone log.INFO: Sending credit warning SMS to customer 133fairways [] []
[2020-08-19 08:00:04] Credit Warning SMS Yellow Zone log.INFO: Credit warning SMS sent to customer 133fairways [] []
[2020-08-19 08:00:04] Credit Warning SMS Yellow Zone log.INFO: Sending credit warning SMS to customer h45fairways [] []
[2020-08-19 08:00:04] Credit Warning SMS Yellow Zone log.INFO: Credit warning SMS sent to customer h45fairways [] []
[2020-08-19 08:00:04] Credit Warning SMS Yellow Zone log.INFO: Sending credit warning SMS to customer h18fairways [] []
[2020-08-19 08:00:04] Credit Warning SMS Yellow Zone log.INFO: Credit warning SMS sent to customer h18fairways [] []
[2020-08-19 08:00:04] Credit Warning SMS Yellow Zone log.INFO: Sending credit warning SMS to customer h33fairways [] []
[2020-08-19 08:00:04] Credit Warning SMS Yellow Zone log.INFO: Credit warning SMS sent to customer h33fairways [] []
[2020-08-19 08:00:04] Credit Warning SMS Yellow Zone log.INFO: Sending credit warning SMS to customer 63herberthill [] []
[2020-08-19 08:00:04] Credit Warning SMS Yellow Zone log.INFO: Credit warning SMS sent to customer 63herberthill [] []
[2020-08-19 08:00:04] Credit Warning SMS Yellow Zone log.INFO: Sending credit warning SMS to customer 87herberthill [] []
[2020-08-19 08:00:05] Credit Warning SMS Yellow Zone log.INFO: Credit warning SMS sent to customer 87herberthill [] []
[2020-08-19 08:00:05] Credit Warning SMS Yellow Zone log.INFO: Sending credit warning SMS to customer 6herberthill [] []
[2020-08-19 08:00:05] Credit Warning SMS Yellow Zone log.INFO: Credit warning SMS sent to customer 6herberthill [] []
[2020-08-19 08:00:05] Credit Warning SMS Yellow Zone log.INFO: Sending credit warning SMS to customer 23herberthill [] []
[2020-08-19 08:00:05] Credit Warning SMS Yellow Zone log.INFO: Credit warning SMS sent to customer 23herberthill [] []
[2020-08-19 08:00:05] Credit Warning SMS Yellow Zone log.INFO: Sending credit warning SMS to customer 33herberthill [] []
[2020-08-19 08:00:05] Credit Warning SMS Yellow Zone log.INFO: Credit warning SMS sent to customer 33herberthill [] []
[2020-08-19 08:00:05] Credit Warning SMS Yellow Zone log.INFO: Sending credit warning SMS to customer 59herberthill [] []
[2020-08-19 08:00:05] Credit Warning SMS Yellow Zone log.INFO: Credit warning SMS sent to customer 59herberthill [] []
[2020-08-19 08:00:05] Credit Warning SMS Yellow Zone log.INFO: Sending credit warning SMS to customer 6marina [] []
[2020-08-19 08:00:05] Credit Warning SMS Yellow Zone log.INFO: Credit warning SMS sent to customer 6marina [] []
[2020-08-19 08:00:05] Credit Warning SMS Yellow Zone log.INFO: Sending credit warning SMS to customer 22marina [] []
[2020-08-19 08:00:05] Credit Warning SMS Yellow Zone log.INFO: Credit warning SMS sent to customer 22marina [] []
[2020-08-19 08:00:05] Credit Warning SMS Yellow Zone log.INFO: Sent Credit warning SMS to 84 customers! [] []
